 fstr_setup: OK
  Initial condition of temperatures: OK

 STEP =     1 Time  =   120.000

 ISTEP =     1
 Time  =   120.000
 Maximum Temperature :   100.983
 Maximum Node No.    :       201
 Minimum Temperature :    99.992
 Minimum Node No.    :         3

 STEP =     2 Time  =   240.000

 ISTEP =     2
 Time  =   240.000
 Maximum Temperature :   101.912
 Maximum Node No.    :         1
 Minimum Temperature :    99.971
 Minimum Node No.    :       203

 STEP =     3 Time  =   360.000

 ISTEP =     3
 Time  =   360.000
 Maximum Temperature :   102.797
 Maximum Node No.    :         1
 Minimum Temperature :    99.942
 Minimum Node No.    :       203

 STEP =     4 Time  =   480.000

 ISTEP =     4
 Time  =   480.000
 Maximum Temperature :   103.645
 Maximum Node No.    :         1
 Minimum Temperature :    99.909
 Minimum Node No.    :       203

 STEP =     5 Time  =   600.000

 ISTEP =     5
 Time  =   600.000
 Maximum Temperature :   104.464
 Maximum Node No.    :         1
 Minimum Temperature :    99.872
 Minimum Node No.    :       203

 STEP =     6 Time  =   720.000

 ISTEP =     6
 Time  =   720.000
 Maximum Temperature :   105.258
 Maximum Node No.    :         1
 Minimum Temperature :    99.835
 Minimum Node No.    :       203

 STEP =     7 Time  =   840.000

 ISTEP =     7
 Time  =   840.000
 Maximum Temperature :   106.030
 Maximum Node No.    :         1
 Minimum Temperature :    99.797
 Minimum Node No.    :       203

 STEP =     8 Time  =   960.000

 ISTEP =     8
 Time  =   960.000
 Maximum Temperature :   106.784
 Maximum Node No.    :         1
 Minimum Temperature :    99.761
 Minimum Node No.    :       203

 STEP =     9 Time  =  1080.000

 ISTEP =     9
 Time  =  1080.000
 Maximum Temperature :   107.522
 Maximum Node No.    :         1
 Minimum Temperature :    99.726
 Minimum Node No.    :       203

 STEP =    10 Time  =  1200.000

 ISTEP =    10
 Time  =  1200.000
 Maximum Temperature :   108.246
 Maximum Node No.    :         1
 Minimum Temperature :    99.692
 Minimum Node No.    :       203

 STEP =    11 Time  =  1320.000

 ISTEP =    11
 Time  =  1320.000
 Maximum Temperature :   108.958
 Maximum Node No.    :         1
 Minimum Temperature :    99.660
 Minimum Node No.    :       203

 STEP =    12 Time  =  1440.000

 ISTEP =    12
 Time  =  1440.000
 Maximum Temperature :   109.658
 Maximum Node No.    :         1
 Minimum Temperature :    99.631
 Minimum Node No.    :       203

 STEP =    13 Time  =  1560.000

 ISTEP =    13
 Time  =  1560.000
 Maximum Temperature :   110.348
 Maximum Node No.    :         1
 Minimum Temperature :    99.603
 Minimum Node No.    :       203

 STEP =    14 Time  =  1680.000

 ISTEP =    14
 Time  =  1680.000
 Maximum Temperature :   111.029
 Maximum Node No.    :         1
 Minimum Temperature :    99.576
 Minimum Node No.    :       203

 STEP =    15 Time  =  1800.000

 ISTEP =    15
 Time  =  1800.000
 Maximum Temperature :   111.701
 Maximum Node No.    :         1
 Minimum Temperature :    99.552
 Minimum Node No.    :       203

 STEP =    16 Time  =  1920.000

 ISTEP =    16
 Time  =  1920.000
 Maximum Temperature :   112.364
 Maximum Node No.    :         1
 Minimum Temperature :    99.529
 Minimum Node No.    :       203

 STEP =    17 Time  =  2040.000

 ISTEP =    17
 Time  =  2040.000
 Maximum Temperature :   113.021
 Maximum Node No.    :         1
 Minimum Temperature :    99.508
 Minimum Node No.    :       203

 STEP =    18 Time  =  2160.000

 ISTEP =    18
 Time  =  2160.000
 Maximum Temperature :   113.669
 Maximum Node No.    :         1
 Minimum Temperature :    99.489
 Minimum Node No.    :       203

 STEP =    19 Time  =  2280.000

 ISTEP =    19
 Time  =  2280.000
 Maximum Temperature :   114.311
 Maximum Node No.    :         1
 Minimum Temperature :    99.471
 Minimum Node No.    :       203

 STEP =    20 Time  =  2400.000

 ISTEP =    20
 Time  =  2400.000
 Maximum Temperature :   114.947
 Maximum Node No.    :         1
 Minimum Temperature :    99.455
 Minimum Node No.    :       203

 STEP =    21 Time  =  2520.000

 ISTEP =    21
 Time  =  2520.000
 Maximum Temperature :   115.576
 Maximum Node No.    :         1
 Minimum Temperature :    99.440
 Minimum Node No.    :       203

 STEP =    22 Time  =  2640.000

 ISTEP =    22
 Time  =  2640.000
 Maximum Temperature :   116.200
 Maximum Node No.    :         1
 Minimum Temperature :    99.427
 Minimum Node No.    :       203

 STEP =    23 Time  =  2760.000

 ISTEP =    23
 Time  =  2760.000
 Maximum Temperature :   116.817
 Maximum Node No.    :         1
 Minimum Temperature :    99.414
 Minimum Node No.    :       203

 STEP =    24 Time  =  2880.000

 ISTEP =    24
 Time  =  2880.000
 Maximum Temperature :   117.431
 Maximum Node No.    :       151
 Minimum Temperature :    99.403
 Minimum Node No.    :       203

 STEP =    25 Time  =  3000.000

 ISTEP =    25
 Time  =  3000.000
 Maximum Temperature :   118.084
 Maximum Node No.    :       151
 Minimum Temperature :    99.394
 Minimum Node No.    :       203

 STEP =    26 Time  =  3120.000

 ISTEP =    26
 Time  =  3120.000
 Maximum Temperature :   118.731
 Maximum Node No.    :       151
 Minimum Temperature :    99.385
 Minimum Node No.    :       203

 STEP =    27 Time  =  3240.000

 ISTEP =    27
 Time  =  3240.000
 Maximum Temperature :   119.373
 Maximum Node No.    :       151
 Minimum Temperature :    99.378
 Minimum Node No.    :       203

 STEP =    28 Time  =  3360.000

 ISTEP =    28
 Time  =  3360.000
 Maximum Temperature :   120.009
 Maximum Node No.    :       151
 Minimum Temperature :    99.371
 Minimum Node No.    :       203

 STEP =    29 Time  =  3480.000

 ISTEP =    29
 Time  =  3480.000
 Maximum Temperature :   120.639
 Maximum Node No.    :       151
 Minimum Temperature :    99.366
 Minimum Node No.    :       203

 STEP =    30 Time  =  3600.000

 ISTEP =    30
 Time  =  3600.000
 Maximum Temperature :   121.264
 Maximum Node No.    :       151
 Minimum Temperature :    99.362
 Minimum Node No.    :       203

 STEP =    31 Time  =  3720.000

 ISTEP =    31
 Time  =  3720.000
 Maximum Temperature :   121.883
 Maximum Node No.    :       151
 Minimum Temperature :    99.359
 Minimum Node No.    :       203

 STEP =    32 Time  =  3840.000

 ISTEP =    32
 Time  =  3840.000
 Maximum Temperature :   122.497
 Maximum Node No.    :       151
 Minimum Temperature :    99.357
 Minimum Node No.    :       203

 STEP =    33 Time  =  3960.000

 ISTEP =    33
 Time  =  3960.000
 Maximum Temperature :   123.106
 Maximum Node No.    :        51
 Minimum Temperature :    99.355
 Minimum Node No.    :       203

 STEP =    34 Time  =  4080.000

 ISTEP =    34
 Time  =  4080.000
 Maximum Temperature :   123.709
 Maximum Node No.    :        51
 Minimum Temperature :    99.355
 Minimum Node No.    :       203

 STEP =    35 Time  =  4200.000

 ISTEP =    35
 Time  =  4200.000
 Maximum Temperature :   124.308
 Maximum Node No.    :        51
 Minimum Temperature :    99.356
 Minimum Node No.    :       203

 STEP =    36 Time  =  4320.000

 ISTEP =    36
 Time  =  4320.000
 Maximum Temperature :   124.901
 Maximum Node No.    :        51
 Minimum Temperature :    99.358
 Minimum Node No.    :       203

 STEP =    37 Time  =  4440.000

 ISTEP =    37
 Time  =  4440.000
 Maximum Temperature :   125.490
 Maximum Node No.    :        51
 Minimum Temperature :    99.360
 Minimum Node No.    :       203

 STEP =    38 Time  =  4560.000

 ISTEP =    38
 Time  =  4560.000
 Maximum Temperature :   126.074
 Maximum Node No.    :        51
 Minimum Temperature :    99.364
 Minimum Node No.    :       203

 STEP =    39 Time  =  4680.000

 ISTEP =    39
 Time  =  4680.000
 Maximum Temperature :   126.653
 Maximum Node No.    :        51
 Minimum Temperature :    99.369
 Minimum Node No.    :       203

 STEP =    40 Time  =  4800.000

 ISTEP =    40
 Time  =  4800.000
 Maximum Temperature :   127.227
 Maximum Node No.    :        51
 Minimum Temperature :    99.374
 Minimum Node No.    :       203

 STEP =    41 Time  =  4920.000

 ISTEP =    41
 Time  =  4920.000
 Maximum Temperature :   127.797
 Maximum Node No.    :        51
 Minimum Temperature :    99.380
 Minimum Node No.    :       203

 STEP =    42 Time  =  5040.000

 ISTEP =    42
 Time  =  5040.000
 Maximum Temperature :   128.362
 Maximum Node No.    :        51
 Minimum Temperature :    99.388
 Minimum Node No.    :       203

 STEP =    43 Time  =  5160.000

 ISTEP =    43
 Time  =  5160.000
 Maximum Temperature :   128.923
 Maximum Node No.    :        51
 Minimum Temperature :    99.396
 Minimum Node No.    :       203

 STEP =    44 Time  =  5280.000

 ISTEP =    44
 Time  =  5280.000
 Maximum Temperature :   129.480
 Maximum Node No.    :        51
 Minimum Temperature :    99.405
 Minimum Node No.    :       203

 STEP =    45 Time  =  5400.000

 ISTEP =    45
 Time  =  5400.000
 Maximum Temperature :   130.032
 Maximum Node No.    :        51
 Minimum Temperature :    99.415
 Minimum Node No.    :       203

 STEP =    46 Time  =  5520.000

 ISTEP =    46
 Time  =  5520.000
 Maximum Temperature :   130.580
 Maximum Node No.    :        51
 Minimum Temperature :    99.425
 Minimum Node No.    :       203

 STEP =    47 Time  =  5640.000

 ISTEP =    47
 Time  =  5640.000
 Maximum Temperature :   131.124
 Maximum Node No.    :        51
 Minimum Temperature :    99.437
 Minimum Node No.    :       203

 STEP =    48 Time  =  5760.000

 ISTEP =    48
 Time  =  5760.000
 Maximum Temperature :   131.664
 Maximum Node No.    :        51
 Minimum Temperature :    99.450
 Minimum Node No.    :       203

 STEP =    49 Time  =  5880.000

 ISTEP =    49
 Time  =  5880.000
 Maximum Temperature :   132.199
 Maximum Node No.    :        51
 Minimum Temperature :    99.463
 Minimum Node No.    :       203

 STEP =    50 Time  =  6000.000

 ISTEP =    50
 Time  =  6000.000
 Maximum Temperature :   132.731
 Maximum Node No.    :        51
 Minimum Temperature :    99.477
 Minimum Node No.    :       203

 STEP =    51 Time  =  6120.000

 ISTEP =    51
 Time  =  6120.000
 Maximum Temperature :   133.259
 Maximum Node No.    :        51
 Minimum Temperature :    99.492
 Minimum Node No.    :       203

 STEP =    52 Time  =  6240.000

 ISTEP =    52
 Time  =  6240.000
 Maximum Temperature :   133.783
 Maximum Node No.    :        51
 Minimum Temperature :    99.508
 Minimum Node No.    :       203

 STEP =    53 Time  =  6360.000

 ISTEP =    53
 Time  =  6360.000
 Maximum Temperature :   134.304
 Maximum Node No.    :        51
 Minimum Temperature :    99.525
 Minimum Node No.    :       203

 STEP =    54 Time  =  6480.000

 ISTEP =    54
 Time  =  6480.000
 Maximum Temperature :   134.820
 Maximum Node No.    :        51
 Minimum Temperature :    99.543
 Minimum Node No.    :       203

 STEP =    55 Time  =  6600.000

 ISTEP =    55
 Time  =  6600.000
 Maximum Temperature :   135.333
 Maximum Node No.    :        51
 Minimum Temperature :    99.561
 Minimum Node No.    :       203

 STEP =    56 Time  =  6720.000

 ISTEP =    56
 Time  =  6720.000
 Maximum Temperature :   135.843
 Maximum Node No.    :        51
 Minimum Temperature :    99.581
 Minimum Node No.    :       203

 STEP =    57 Time  =  6840.000

 ISTEP =    57
 Time  =  6840.000
 Maximum Temperature :   136.349
 Maximum Node No.    :        51
 Minimum Temperature :    99.601
 Minimum Node No.    :       203

 STEP =    58 Time  =  6960.000

 ISTEP =    58
 Time  =  6960.000
 Maximum Temperature :   136.851
 Maximum Node No.    :        51
 Minimum Temperature :    99.622
 Minimum Node No.    :       203

 STEP =    59 Time  =  7080.000

 ISTEP =    59
 Time  =  7080.000
 Maximum Temperature :   137.350
 Maximum Node No.    :        51
 Minimum Temperature :    99.644
 Minimum Node No.    :       203

 STEP =    60 Time  =  7200.000

 ISTEP =    60
 Time  =  7200.000
 Maximum Temperature :   137.846
 Maximum Node No.    :        51
 Minimum Temperature :    99.666
 Minimum Node No.    :       203

 STEP =    61 Time  =  7320.000

 ISTEP =    61
 Time  =  7320.000
 Maximum Temperature :   138.338
 Maximum Node No.    :        51
 Minimum Temperature :    99.690
 Minimum Node No.    :       203

 STEP =    62 Time  =  7440.000

 ISTEP =    62
 Time  =  7440.000
 Maximum Temperature :   138.827
 Maximum Node No.    :        51
 Minimum Temperature :    99.714
 Minimum Node No.    :       203

 STEP =    63 Time  =  7560.000

 ISTEP =    63
 Time  =  7560.000
 Maximum Temperature :   139.313
 Maximum Node No.    :        51
 Minimum Temperature :    99.739
 Minimum Node No.    :       203

 STEP =    64 Time  =  7680.000

 ISTEP =    64
 Time  =  7680.000
 Maximum Temperature :   139.796
 Maximum Node No.    :        51
 Minimum Temperature :    99.765
 Minimum Node No.    :       203

 STEP =    65 Time  =  7800.000

 ISTEP =    65
 Time  =  7800.000
 Maximum Temperature :   140.276
 Maximum Node No.    :        51
 Minimum Temperature :    99.792
 Minimum Node No.    :       203

 STEP =    66 Time  =  7920.000

 ISTEP =    66
 Time  =  7920.000
 Maximum Temperature :   140.752
 Maximum Node No.    :        51
 Minimum Temperature :    99.819
 Minimum Node No.    :       203

 STEP =    67 Time  =  8040.000

 ISTEP =    67
 Time  =  8040.000
 Maximum Temperature :   141.226
 Maximum Node No.    :        51
 Minimum Temperature :    99.848
 Minimum Node No.    :       203

 STEP =    68 Time  =  8160.000

 ISTEP =    68
 Time  =  8160.000
 Maximum Temperature :   141.696
 Maximum Node No.    :        51
 Minimum Temperature :    99.877
 Minimum Node No.    :       203

 STEP =    69 Time  =  8280.000

 ISTEP =    69
 Time  =  8280.000
 Maximum Temperature :   142.164
 Maximum Node No.    :        51
 Minimum Temperature :    99.900
 Minimum Node No.    :       104

 STEP =    70 Time  =  8400.000

 ISTEP =    70
 Time  =  8400.000
 Maximum Temperature :   142.629
 Maximum Node No.    :        51
 Minimum Temperature :    99.903
 Minimum Node No.    :       104

 STEP =    71 Time  =  8520.000

 ISTEP =    71
 Time  =  8520.000
 Maximum Temperature :   143.091
 Maximum Node No.    :        51
 Minimum Temperature :    99.906
 Minimum Node No.    :       104

 STEP =    72 Time  =  8640.000

 ISTEP =    72
 Time  =  8640.000
 Maximum Temperature :   143.550
 Maximum Node No.    :        51
 Minimum Temperature :    99.910
 Minimum Node No.    :       104

 STEP =    73 Time  =  8760.000

 ISTEP =    73
 Time  =  8760.000
 Maximum Temperature :   144.006
 Maximum Node No.    :        51
 Minimum Temperature :    99.914
 Minimum Node No.    :       104

 STEP =    74 Time  =  8880.000

 ISTEP =    74
 Time  =  8880.000
 Maximum Temperature :   144.460
 Maximum Node No.    :        51
 Minimum Temperature :    99.918
 Minimum Node No.    :       104

 STEP =    75 Time  =  9000.000

 ISTEP =    75
 Time  =  9000.000
 Maximum Temperature :   144.911
 Maximum Node No.    :        51
 Minimum Temperature :    99.922
 Minimum Node No.    :       104

 STEP =    76 Time  =  9120.000

 ISTEP =    76
 Time  =  9120.000
 Maximum Temperature :   145.359
 Maximum Node No.    :        51
 Minimum Temperature :    99.927
 Minimum Node No.    :       104

 STEP =    77 Time  =  9240.000

 ISTEP =    77
 Time  =  9240.000
 Maximum Temperature :   145.804
 Maximum Node No.    :        51
 Minimum Temperature :    99.931
 Minimum Node No.    :       104

 STEP =    78 Time  =  9360.000

 ISTEP =    78
 Time  =  9360.000
 Maximum Temperature :   146.248
 Maximum Node No.    :        51
 Minimum Temperature :    99.936
 Minimum Node No.    :       104

 STEP =    79 Time  =  9480.000

 ISTEP =    79
 Time  =  9480.000
 Maximum Temperature :   146.688
 Maximum Node No.    :        51
 Minimum Temperature :    99.942
 Minimum Node No.    :       104

 STEP =    80 Time  =  9600.000

 ISTEP =    80
 Time  =  9600.000
 Maximum Temperature :   147.126
 Maximum Node No.    :        51
 Minimum Temperature :    99.947
 Minimum Node No.    :       104

 STEP =    81 Time  =  9720.000

 ISTEP =    81
 Time  =  9720.000
 Maximum Temperature :   147.562
 Maximum Node No.    :        51
 Minimum Temperature :    99.949
 Minimum Node No.    :         7

 STEP =    82 Time  =  9840.000

 ISTEP =    82
 Time  =  9840.000
 Maximum Temperature :   147.995
 Maximum Node No.    :        51
 Minimum Temperature :    99.950
 Minimum Node No.    :         7

 STEP =    83 Time  =  9960.000

 ISTEP =    83
 Time  =  9960.000
 Maximum Temperature :   148.426
 Maximum Node No.    :        51
 Minimum Temperature :    99.950
 Minimum Node No.    :         7

 STEP =    84 Time  = 10080.000

 ISTEP =    84
 Time  = 10080.000
 Maximum Temperature :   148.854
 Maximum Node No.    :        51
 Minimum Temperature :    99.950
 Minimum Node No.    :         7

 STEP =    85 Time  = 10200.000

 ISTEP =    85
 Time  = 10200.000
 Maximum Temperature :   149.280
 Maximum Node No.    :        51
 Minimum Temperature :    99.951
 Minimum Node No.    :         7

 STEP =    86 Time  = 10320.000

 ISTEP =    86
 Time  = 10320.000
 Maximum Temperature :   149.704
 Maximum Node No.    :        51
 Minimum Temperature :    99.951
 Minimum Node No.    :         7

 STEP =    87 Time  = 10440.000

 ISTEP =    87
 Time  = 10440.000
 Maximum Temperature :   150.125
 Maximum Node No.    :        51
 Minimum Temperature :    99.951
 Minimum Node No.    :         7

 STEP =    88 Time  = 10560.000

 ISTEP =    88
 Time  = 10560.000
 Maximum Temperature :   150.544
 Maximum Node No.    :        51
 Minimum Temperature :    99.952
 Minimum Node No.    :         7

 STEP =    89 Time  = 10680.000

 ISTEP =    89
 Time  = 10680.000
 Maximum Temperature :   150.961
 Maximum Node No.    :        51
 Minimum Temperature :    99.952
 Minimum Node No.    :         7

 STEP =    90 Time  = 10800.000

 ISTEP =    90
 Time  = 10800.000
 Maximum Temperature :   151.376
 Maximum Node No.    :        51
 Minimum Temperature :    99.953
 Minimum Node No.    :         7

 STEP =    91 Time  = 10920.000

 ISTEP =    91
 Time  = 10920.000
 Maximum Temperature :   151.789
 Maximum Node No.    :        51
 Minimum Temperature :    99.953
 Minimum Node No.    :         7

 STEP =    92 Time  = 11040.000

 ISTEP =    92
 Time  = 11040.000
 Maximum Temperature :   152.199
 Maximum Node No.    :        51
 Minimum Temperature :    99.953
 Minimum Node No.    :         7

 STEP =    93 Time  = 11160.000

 ISTEP =    93
 Time  = 11160.000
 Maximum Temperature :   152.608
 Maximum Node No.    :        51
 Minimum Temperature :    99.954
 Minimum Node No.    :         7

 STEP =    94 Time  = 11280.000

 ISTEP =    94
 Time  = 11280.000
 Maximum Temperature :   153.014
 Maximum Node No.    :        51
 Minimum Temperature :    99.954
 Minimum Node No.    :         7

 STEP =    95 Time  = 11400.000

 ISTEP =    95
 Time  = 11400.000
 Maximum Temperature :   153.418
 Maximum Node No.    :        51
 Minimum Temperature :    99.954
 Minimum Node No.    :         7

 STEP =    96 Time  = 11520.000

 ISTEP =    96
 Time  = 11520.000
 Maximum Temperature :   153.821
 Maximum Node No.    :        51
 Minimum Temperature :    99.955
 Minimum Node No.    :         7

 STEP =    97 Time  = 11640.000

 ISTEP =    97
 Time  = 11640.000
 Maximum Temperature :   154.221
 Maximum Node No.    :        51
 Minimum Temperature :    99.955
 Minimum Node No.    :         7

 STEP =    98 Time  = 11760.000

 ISTEP =    98
 Time  = 11760.000
 Maximum Temperature :   154.619
 Maximum Node No.    :        51
 Minimum Temperature :    99.956
 Minimum Node No.    :         7

 STEP =    99 Time  = 11880.000

 ISTEP =    99
 Time  = 11880.000
 Maximum Temperature :   155.015
 Maximum Node No.    :        51
 Minimum Temperature :    99.956
 Minimum Node No.    :         7

 STEP =   100 Time  = 12000.000

 ISTEP =   100
 Time  = 12000.000
 Maximum Temperature :   155.410
 Maximum Node No.    :        51
 Minimum Temperature :    99.957
 Minimum Node No.    :         7

 STEP =   101 Time  = 12120.000

 ISTEP =   101
 Time  = 12120.000
 Maximum Temperature :   155.802
 Maximum Node No.    :        51
 Minimum Temperature :    99.957
 Minimum Node No.    :         7

 STEP =   102 Time  = 12240.000

 ISTEP =   102
 Time  = 12240.000
 Maximum Temperature :   156.193
 Maximum Node No.    :        51
 Minimum Temperature :    99.957
 Minimum Node No.    :         7

 STEP =   103 Time  = 12360.000

 ISTEP =   103
 Time  = 12360.000
 Maximum Temperature :   156.582
 Maximum Node No.    :        51
 Minimum Temperature :    99.958
 Minimum Node No.    :         7

 STEP =   104 Time  = 12480.000

 ISTEP =   104
 Time  = 12480.000
 Maximum Temperature :   156.969
 Maximum Node No.    :        51
 Minimum Temperature :    99.958
 Minimum Node No.    :         7

 STEP =   105 Time  = 12600.000

 ISTEP =   105
 Time  = 12600.000
 Maximum Temperature :   157.354
 Maximum Node No.    :        51
 Minimum Temperature :    99.959
 Minimum Node No.    :         7

 STEP =   106 Time  = 12720.000

 ISTEP =   106
 Time  = 12720.000
 Maximum Temperature :   157.737
 Maximum Node No.    :        51
 Minimum Temperature :    99.959
 Minimum Node No.    :         7

 STEP =   107 Time  = 12840.000

 ISTEP =   107
 Time  = 12840.000
 Maximum Temperature :   158.118
 Maximum Node No.    :        51
 Minimum Temperature :    99.960
 Minimum Node No.    :         7

 STEP =   108 Time  = 12960.000

 ISTEP =   108
 Time  = 12960.000
 Maximum Temperature :   158.498
 Maximum Node No.    :        51
 Minimum Temperature :    99.960
 Minimum Node No.    :         7

 STEP =   109 Time  = 13080.000

 ISTEP =   109
 Time  = 13080.000
 Maximum Temperature :   158.876
 Maximum Node No.    :        51
 Minimum Temperature :    99.961
 Minimum Node No.    :         7

 STEP =   110 Time  = 13200.000

 ISTEP =   110
 Time  = 13200.000
 Maximum Temperature :   159.252
 Maximum Node No.    :        51
 Minimum Temperature :    99.961
 Minimum Node No.    :         7

 STEP =   111 Time  = 13320.000

 ISTEP =   111
 Time  = 13320.000
 Maximum Temperature :   159.627
 Maximum Node No.    :        51
 Minimum Temperature :    99.962
 Minimum Node No.    :         7

 STEP =   112 Time  = 13440.000

 ISTEP =   112
 Time  = 13440.000
 Maximum Temperature :   160.000
 Maximum Node No.    :        51
 Minimum Temperature :    99.962
 Minimum Node No.    :         7

 STEP =   113 Time  = 13560.000

 ISTEP =   113
 Time  = 13560.000
 Maximum Temperature :   160.371
 Maximum Node No.    :        51
 Minimum Temperature :    99.963
 Minimum Node No.    :         7

 STEP =   114 Time  = 13680.000

 ISTEP =   114
 Time  = 13680.000
 Maximum Temperature :   160.741
 Maximum Node No.    :        51
 Minimum Temperature :    99.963
 Minimum Node No.    :         7

 STEP =   115 Time  = 13800.000

 ISTEP =   115
 Time  = 13800.000
 Maximum Temperature :   161.109
 Maximum Node No.    :        51
 Minimum Temperature :    99.963
 Minimum Node No.    :         7

 STEP =   116 Time  = 13920.000

 ISTEP =   116
 Time  = 13920.000
 Maximum Temperature :   161.475
 Maximum Node No.    :        51
 Minimum Temperature :    99.964
 Minimum Node No.    :         7

 STEP =   117 Time  = 14040.000

 ISTEP =   117
 Time  = 14040.000
 Maximum Temperature :   161.840
 Maximum Node No.    :        51
 Minimum Temperature :    99.964
 Minimum Node No.    :         7

 STEP =   118 Time  = 14160.000

 ISTEP =   118
 Time  = 14160.000
 Maximum Temperature :   162.203
 Maximum Node No.    :        51
 Minimum Temperature :    99.965
 Minimum Node No.    :         7

 STEP =   119 Time  = 14280.000

 ISTEP =   119
 Time  = 14280.000
 Maximum Temperature :   162.565
 Maximum Node No.    :        51
 Minimum Temperature :    99.965
 Minimum Node No.    :         7

 STEP =   120 Time  = 14400.000

 ISTEP =   120
 Time  = 14400.000
 Maximum Temperature :   162.925
 Maximum Node No.    :        51
 Minimum Temperature :    99.966
 Minimum Node No.    :         7

 STEP =   121 Time  = 14520.000

 ISTEP =   121
 Time  = 14520.000
 Maximum Temperature :   163.284
 Maximum Node No.    :        51
 Minimum Temperature :    99.966
 Minimum Node No.    :         7

 STEP =   122 Time  = 14640.000

 ISTEP =   122
 Time  = 14640.000
 Maximum Temperature :   163.641
 Maximum Node No.    :        51
 Minimum Temperature :    99.967
 Minimum Node No.    :         7

 STEP =   123 Time  = 14760.000

 ISTEP =   123
 Time  = 14760.000
 Maximum Temperature :   163.997
 Maximum Node No.    :        51
 Minimum Temperature :    99.967
 Minimum Node No.    :         7

 STEP =   124 Time  = 14880.000

 ISTEP =   124
 Time  = 14880.000
 Maximum Temperature :   164.351
 Maximum Node No.    :        51
 Minimum Temperature :    99.968
 Minimum Node No.    :         7

 STEP =   125 Time  = 15000.000

 ISTEP =   125
 Time  = 15000.000
 Maximum Temperature :   164.704
 Maximum Node No.    :        51
 Minimum Temperature :    99.968
 Minimum Node No.    :         7

 STEP =   126 Time  = 15120.000

 ISTEP =   126
 Time  = 15120.000
 Maximum Temperature :   165.055
 Maximum Node No.    :        51
 Minimum Temperature :    99.969
 Minimum Node No.    :         7

 STEP =   127 Time  = 15240.000

 ISTEP =   127
 Time  = 15240.000
 Maximum Temperature :   165.405
 Maximum Node No.    :        51
 Minimum Temperature :    99.969
 Minimum Node No.    :         7

 STEP =   128 Time  = 15360.000

 ISTEP =   128
 Time  = 15360.000
 Maximum Temperature :   165.753
 Maximum Node No.    :        51
 Minimum Temperature :    99.970
 Minimum Node No.    :         7

 STEP =   129 Time  = 15480.000

 ISTEP =   129
 Time  = 15480.000
 Maximum Temperature :   166.100
 Maximum Node No.    :        51
 Minimum Temperature :    99.970
 Minimum Node No.    :         7

 STEP =   130 Time  = 15600.000

 ISTEP =   130
 Time  = 15600.000
 Maximum Temperature :   166.446
 Maximum Node No.    :        51
 Minimum Temperature :    99.971
 Minimum Node No.    :         7

 STEP =   131 Time  = 15720.000

 ISTEP =   131
 Time  = 15720.000
 Maximum Temperature :   166.790
 Maximum Node No.    :        51
 Minimum Temperature :    99.971
 Minimum Node No.    :         7

 STEP =   132 Time  = 15840.000

 ISTEP =   132
 Time  = 15840.000
 Maximum Temperature :   167.133
 Maximum Node No.    :        51
 Minimum Temperature :    99.972
 Minimum Node No.    :         7

 STEP =   133 Time  = 15960.000

 ISTEP =   133
 Time  = 15960.000
 Maximum Temperature :   167.475
 Maximum Node No.    :        51
 Minimum Temperature :    99.972
 Minimum Node No.    :         7

 STEP =   134 Time  = 16080.000

 ISTEP =   134
 Time  = 16080.000
 Maximum Temperature :   167.815
 Maximum Node No.    :        51
 Minimum Temperature :    99.973
 Minimum Node No.    :         7

 STEP =   135 Time  = 16200.000

 ISTEP =   135
 Time  = 16200.000
 Maximum Temperature :   168.154
 Maximum Node No.    :        51
 Minimum Temperature :    99.973
 Minimum Node No.    :         7

 STEP =   136 Time  = 16320.000

 ISTEP =   136
 Time  = 16320.000
 Maximum Temperature :   168.492
 Maximum Node No.    :        51
 Minimum Temperature :    99.973
 Minimum Node No.    :         7

 STEP =   137 Time  = 16440.000

 ISTEP =   137
 Time  = 16440.000
 Maximum Temperature :   168.828
 Maximum Node No.    :        51
 Minimum Temperature :    99.974
 Minimum Node No.    :         7

 STEP =   138 Time  = 16560.000

 ISTEP =   138
 Time  = 16560.000
 Maximum Temperature :   169.163
 Maximum Node No.    :        51
 Minimum Temperature :    99.974
 Minimum Node No.    :         7

 STEP =   139 Time  = 16680.000

 ISTEP =   139
 Time  = 16680.000
 Maximum Temperature :   169.497
 Maximum Node No.    :        51
 Minimum Temperature :    99.975
 Minimum Node No.    :         7

 STEP =   140 Time  = 16800.000

 ISTEP =   140
 Time  = 16800.000
 Maximum Temperature :   169.830
 Maximum Node No.    :        51
 Minimum Temperature :    99.975
 Minimum Node No.    :         7

 STEP =   141 Time  = 16920.000

 ISTEP =   141
 Time  = 16920.000
 Maximum Temperature :   170.161
 Maximum Node No.    :        51
 Minimum Temperature :    99.976
 Minimum Node No.    :         7

 STEP =   142 Time  = 17040.000

 ISTEP =   142
 Time  = 17040.000
 Maximum Temperature :   170.491
 Maximum Node No.    :        51
 Minimum Temperature :    99.976
 Minimum Node No.    :         7

 STEP =   143 Time  = 17160.000

 ISTEP =   143
 Time  = 17160.000
 Maximum Temperature :   170.820
 Maximum Node No.    :        51
 Minimum Temperature :    99.977
 Minimum Node No.    :         7

 STEP =   144 Time  = 17280.000

 ISTEP =   144
 Time  = 17280.000
 Maximum Temperature :   171.148
 Maximum Node No.    :        51
 Minimum Temperature :    99.977
 Minimum Node No.    :         7

 STEP =   145 Time  = 17400.000

 ISTEP =   145
 Time  = 17400.000
 Maximum Temperature :   171.474
 Maximum Node No.    :        51
 Minimum Temperature :    99.978
 Minimum Node No.    :         7

 STEP =   146 Time  = 17520.000

 ISTEP =   146
 Time  = 17520.000
 Maximum Temperature :   171.800
 Maximum Node No.    :        51
 Minimum Temperature :    99.978
 Minimum Node No.    :         7

 STEP =   147 Time  = 17640.000

 ISTEP =   147
 Time  = 17640.000
 Maximum Temperature :   172.124
 Maximum Node No.    :        51
 Minimum Temperature :    99.979
 Minimum Node No.    :         7

 STEP =   148 Time  = 17760.000

 ISTEP =   148
 Time  = 17760.000
 Maximum Temperature :   172.447
 Maximum Node No.    :        51
 Minimum Temperature :    99.979
 Minimum Node No.    :         7

 STEP =   149 Time  = 17880.000

 ISTEP =   149
 Time  = 17880.000
 Maximum Temperature :   172.769
 Maximum Node No.    :        51
 Minimum Temperature :    99.980
 Minimum Node No.    :         7

 STEP =   150 Time  = 18000.000

 ISTEP =   150
 Time  = 18000.000
 Maximum Temperature :   173.089
 Maximum Node No.    :        51
 Minimum Temperature :    99.980
 Minimum Node No.    :         7

 STEP =   151 Time  = 18120.000

 ISTEP =   151
 Time  = 18120.000
 Maximum Temperature :   173.409
 Maximum Node No.    :        51
 Minimum Temperature :    99.981
 Minimum Node No.    :         7

 STEP =   152 Time  = 18240.000

 ISTEP =   152
 Time  = 18240.000
 Maximum Temperature :   173.727
 Maximum Node No.    :        51
 Minimum Temperature :    99.981
 Minimum Node No.    :         7

 STEP =   153 Time  = 18360.000

 ISTEP =   153
 Time  = 18360.000
 Maximum Temperature :   174.044
 Maximum Node No.    :        51
 Minimum Temperature :    99.981
 Minimum Node No.    :         7

 STEP =   154 Time  = 18480.000

 ISTEP =   154
 Time  = 18480.000
 Maximum Temperature :   174.361
 Maximum Node No.    :        51
 Minimum Temperature :    99.982
 Minimum Node No.    :         7

 STEP =   155 Time  = 18600.000

 ISTEP =   155
 Time  = 18600.000
 Maximum Temperature :   174.676
 Maximum Node No.    :        51
 Minimum Temperature :    99.982
 Minimum Node No.    :         7

 STEP =   156 Time  = 18720.000

 ISTEP =   156
 Time  = 18720.000
 Maximum Temperature :   174.990
 Maximum Node No.    :        51
 Minimum Temperature :    99.983
 Minimum Node No.    :         7

 STEP =   157 Time  = 18840.000

 ISTEP =   157
 Time  = 18840.000
 Maximum Temperature :   175.303
 Maximum Node No.    :        51
 Minimum Temperature :    99.983
 Minimum Node No.    :         7

 STEP =   158 Time  = 18960.000

 ISTEP =   158
 Time  = 18960.000
 Maximum Temperature :   175.615
 Maximum Node No.    :        51
 Minimum Temperature :    99.984
 Minimum Node No.    :         7

 STEP =   159 Time  = 19080.000

 ISTEP =   159
 Time  = 19080.000
 Maximum Temperature :   175.925
 Maximum Node No.    :        51
 Minimum Temperature :    99.984
 Minimum Node No.    :         7

 STEP =   160 Time  = 19200.000

 ISTEP =   160
 Time  = 19200.000
 Maximum Temperature :   176.235
 Maximum Node No.    :        51
 Minimum Temperature :    99.985
 Minimum Node No.    :         7

 STEP =   161 Time  = 19320.000

 ISTEP =   161
 Time  = 19320.000
 Maximum Temperature :   176.544
 Maximum Node No.    :        51
 Minimum Temperature :    99.985
 Minimum Node No.    :         7

 STEP =   162 Time  = 19440.000

 ISTEP =   162
 Time  = 19440.000
 Maximum Temperature :   176.852
 Maximum Node No.    :        51
 Minimum Temperature :    99.986
 Minimum Node No.    :         7

 STEP =   163 Time  = 19560.000

 ISTEP =   163
 Time  = 19560.000
 Maximum Temperature :   177.158
 Maximum Node No.    :        51
 Minimum Temperature :    99.986
 Minimum Node No.    :         7

 STEP =   164 Time  = 19680.000

 ISTEP =   164
 Time  = 19680.000
 Maximum Temperature :   177.464
 Maximum Node No.    :        51
 Minimum Temperature :    99.987
 Minimum Node No.    :         7

 STEP =   165 Time  = 19800.000

 ISTEP =   165
 Time  = 19800.000
 Maximum Temperature :   177.768
 Maximum Node No.    :        51
 Minimum Temperature :    99.987
 Minimum Node No.    :         7

 STEP =   166 Time  = 19920.000

 ISTEP =   166
 Time  = 19920.000
 Maximum Temperature :   178.072
 Maximum Node No.    :        51
 Minimum Temperature :    99.987
 Minimum Node No.    :         7

 STEP =   167 Time  = 20040.000

 ISTEP =   167
 Time  = 20040.000
 Maximum Temperature :   178.375
 Maximum Node No.    :        51
 Minimum Temperature :    99.988
 Minimum Node No.    :         7

 STEP =   168 Time  = 20160.000

 ISTEP =   168
 Time  = 20160.000
 Maximum Temperature :   178.677
 Maximum Node No.    :        51
 Minimum Temperature :    99.988
 Minimum Node No.    :         7

 STEP =   169 Time  = 20280.000

 ISTEP =   169
 Time  = 20280.000
 Maximum Temperature :   178.977
 Maximum Node No.    :        51
 Minimum Temperature :    99.989
 Minimum Node No.    :         7

 STEP =   170 Time  = 20400.000

 ISTEP =   170
 Time  = 20400.000
 Maximum Temperature :   179.277
 Maximum Node No.    :        51
 Minimum Temperature :    99.989
 Minimum Node No.    :         7

 STEP =   171 Time  = 20520.000

 ISTEP =   171
 Time  = 20520.000
 Maximum Temperature :   179.576
 Maximum Node No.    :        51
 Minimum Temperature :    99.990
 Minimum Node No.    :         7

 STEP =   172 Time  = 20640.000

 ISTEP =   172
 Time  = 20640.000
 Maximum Temperature :   179.874
 Maximum Node No.    :        51
 Minimum Temperature :    99.990
 Minimum Node No.    :         7

 STEP =   173 Time  = 20760.000

 ISTEP =   173
 Time  = 20760.000
 Maximum Temperature :   180.171
 Maximum Node No.    :        51
 Minimum Temperature :    99.990
 Minimum Node No.    :         8

 STEP =   174 Time  = 20880.000

 ISTEP =   174
 Time  = 20880.000
 Maximum Temperature :   180.467
 Maximum Node No.    :        51
 Minimum Temperature :    99.991
 Minimum Node No.    :         8

 STEP =   175 Time  = 21000.000

 ISTEP =   175
 Time  = 21000.000
 Maximum Temperature :   180.762
 Maximum Node No.    :        51
 Minimum Temperature :    99.991
 Minimum Node No.    :         8

 STEP =   176 Time  = 21120.000

 ISTEP =   176
 Time  = 21120.000
 Maximum Temperature :   181.056
 Maximum Node No.    :        51
 Minimum Temperature :    99.991
 Minimum Node No.    :         8

 STEP =   177 Time  = 21240.000

 ISTEP =   177
 Time  = 21240.000
 Maximum Temperature :   181.349
 Maximum Node No.    :        51
 Minimum Temperature :    99.991
 Minimum Node No.    :         8

 STEP =   178 Time  = 21360.000

 ISTEP =   178
 Time  = 21360.000
 Maximum Temperature :   181.641
 Maximum Node No.    :        51
 Minimum Temperature :    99.991
 Minimum Node No.    :         8

 STEP =   179 Time  = 21480.000

 ISTEP =   179
 Time  = 21480.000
 Maximum Temperature :   181.933
 Maximum Node No.    :        51
 Minimum Temperature :    99.991
 Minimum Node No.    :         8

 STEP =   180 Time  = 21600.000

 ISTEP =   180
 Time  = 21600.000
 Maximum Temperature :   182.223
 Maximum Node No.    :        51
 Minimum Temperature :    99.991
 Minimum Node No.    :         8

 STEP =   181 Time  = 21720.000

 ISTEP =   181
 Time  = 21720.000
 Maximum Temperature :   182.513
 Maximum Node No.    :        51
 Minimum Temperature :    99.991
 Minimum Node No.    :         8

 STEP =   182 Time  = 21840.000

 ISTEP =   182
 Time  = 21840.000
 Maximum Temperature :   182.802
 Maximum Node No.    :        51
 Minimum Temperature :    99.992
 Minimum Node No.    :         8

 STEP =   183 Time  = 21960.000

 ISTEP =   183
 Time  = 21960.000
 Maximum Temperature :   183.089
 Maximum Node No.    :        51
 Minimum Temperature :    99.992
 Minimum Node No.    :         8

 STEP =   184 Time  = 22080.000

 ISTEP =   184
 Time  = 22080.000
 Maximum Temperature :   183.376
 Maximum Node No.    :        51
 Minimum Temperature :    99.992
 Minimum Node No.    :         8

 STEP =   185 Time  = 22200.000

 ISTEP =   185
 Time  = 22200.000
 Maximum Temperature :   183.663
 Maximum Node No.    :        51
 Minimum Temperature :    99.992
 Minimum Node No.    :         8

 STEP =   186 Time  = 22320.000

 ISTEP =   186
 Time  = 22320.000
 Maximum Temperature :   183.948
 Maximum Node No.    :        51
 Minimum Temperature :    99.992
 Minimum Node No.    :         8

 STEP =   187 Time  = 22440.000

 ISTEP =   187
 Time  = 22440.000
 Maximum Temperature :   184.232
 Maximum Node No.    :        51
 Minimum Temperature :    99.992
 Minimum Node No.    :         8

 STEP =   188 Time  = 22560.000

 ISTEP =   188
 Time  = 22560.000
 Maximum Temperature :   184.516
 Maximum Node No.    :        51
 Minimum Temperature :    99.992
 Minimum Node No.    :         8

 STEP =   189 Time  = 22680.000

 ISTEP =   189
 Time  = 22680.000
 Maximum Temperature :   184.799
 Maximum Node No.    :        51
 Minimum Temperature :    99.993
 Minimum Node No.    :         8

 STEP =   190 Time  = 22800.000

 ISTEP =   190
 Time  = 22800.000
 Maximum Temperature :   185.081
 Maximum Node No.    :        51
 Minimum Temperature :    99.993
 Minimum Node No.    :         8

 STEP =   191 Time  = 22920.000

 ISTEP =   191
 Time  = 22920.000
 Maximum Temperature :   185.362
 Maximum Node No.    :        51
 Minimum Temperature :    99.993
 Minimum Node No.    :         8

 STEP =   192 Time  = 23040.000

 ISTEP =   192
 Time  = 23040.000
 Maximum Temperature :   185.642
 Maximum Node No.    :        51
 Minimum Temperature :    99.993
 Minimum Node No.    :         8

 STEP =   193 Time  = 23160.000

 ISTEP =   193
 Time  = 23160.000
 Maximum Temperature :   185.922
 Maximum Node No.    :        51
 Minimum Temperature :    99.993
 Minimum Node No.    :         8

 STEP =   194 Time  = 23280.000

 ISTEP =   194
 Time  = 23280.000
 Maximum Temperature :   186.201
 Maximum Node No.    :        51
 Minimum Temperature :    99.993
 Minimum Node No.    :         8

 STEP =   195 Time  = 23400.000

 ISTEP =   195
 Time  = 23400.000
 Maximum Temperature :   186.478
 Maximum Node No.    :        51
 Minimum Temperature :    99.993
 Minimum Node No.    :         8

 STEP =   196 Time  = 23520.000

 ISTEP =   196
 Time  = 23520.000
 Maximum Temperature :   186.756
 Maximum Node No.    :        51
 Minimum Temperature :    99.994
 Minimum Node No.    :         8

 STEP =   197 Time  = 23640.000

 ISTEP =   197
 Time  = 23640.000
 Maximum Temperature :   187.032
 Maximum Node No.    :        51
 Minimum Temperature :    99.994
 Minimum Node No.    :         8

 STEP =   198 Time  = 23760.000

 ISTEP =   198
 Time  = 23760.000
 Maximum Temperature :   187.308
 Maximum Node No.    :        51
 Minimum Temperature :    99.994
 Minimum Node No.    :         8

 STEP =   199 Time  = 23880.000

 ISTEP =   199
 Time  = 23880.000
 Maximum Temperature :   187.582
 Maximum Node No.    :        51
 Minimum Temperature :    99.994
 Minimum Node No.    :         8

 STEP =   200 Time  = 24000.000

 ISTEP =   200
 Time  = 24000.000
 Maximum Temperature :   187.856
 Maximum Node No.    :        51
 Minimum Temperature :    99.994
 Minimum Node No.    :         8

 STEP =   201 Time  = 24120.000

 ISTEP =   201
 Time  = 24120.000
 Maximum Temperature :   188.130
 Maximum Node No.    :        51
 Minimum Temperature :    99.994
 Minimum Node No.    :         8

 STEP =   202 Time  = 24240.000

 ISTEP =   202
 Time  = 24240.000
 Maximum Temperature :   188.402
 Maximum Node No.    :        51
 Minimum Temperature :    99.995
 Minimum Node No.    :         8

 STEP =   203 Time  = 24360.000

 ISTEP =   203
 Time  = 24360.000
 Maximum Temperature :   188.674
 Maximum Node No.    :        51
 Minimum Temperature :    99.995
 Minimum Node No.    :         8

 STEP =   204 Time  = 24480.000

 ISTEP =   204
 Time  = 24480.000
 Maximum Temperature :   188.945
 Maximum Node No.    :        51
 Minimum Temperature :    99.995
 Minimum Node No.    :         8

 STEP =   205 Time  = 24600.000

 ISTEP =   205
 Time  = 24600.000
 Maximum Temperature :   189.215
 Maximum Node No.    :        51
 Minimum Temperature :    99.995
 Minimum Node No.    :         8

 STEP =   206 Time  = 24720.000

 ISTEP =   206
 Time  = 24720.000
 Maximum Temperature :   189.485
 Maximum Node No.    :        51
 Minimum Temperature :    99.995
 Minimum Node No.    :         8

 STEP =   207 Time  = 24840.000

 ISTEP =   207
 Time  = 24840.000
 Maximum Temperature :   189.753
 Maximum Node No.    :        51
 Minimum Temperature :    99.995
 Minimum Node No.    :         8

 STEP =   208 Time  = 24960.000

 ISTEP =   208
 Time  = 24960.000
 Maximum Temperature :   190.022
 Maximum Node No.    :        51
 Minimum Temperature :    99.995
 Minimum Node No.    :         8

 STEP =   209 Time  = 25080.000

 ISTEP =   209
 Time  = 25080.000
 Maximum Temperature :   190.289
 Maximum Node No.    :        51
 Minimum Temperature :    99.996
 Minimum Node No.    :         8

 STEP =   210 Time  = 25200.000

 ISTEP =   210
 Time  = 25200.000
 Maximum Temperature :   190.556
 Maximum Node No.    :        51
 Minimum Temperature :    99.996
 Minimum Node No.    :         8

 STEP =   211 Time  = 25320.000

 ISTEP =   211
 Time  = 25320.000
 Maximum Temperature :   190.821
 Maximum Node No.    :        51
 Minimum Temperature :    99.996
 Minimum Node No.    :         8

 STEP =   212 Time  = 25440.000

 ISTEP =   212
 Time  = 25440.000
 Maximum Temperature :   191.087
 Maximum Node No.    :        51
 Minimum Temperature :    99.996
 Minimum Node No.    :         8

 STEP =   213 Time  = 25560.000

 ISTEP =   213
 Time  = 25560.000
 Maximum Temperature :   191.351
 Maximum Node No.    :        51
 Minimum Temperature :    99.996
 Minimum Node No.    :         8

 STEP =   214 Time  = 25680.000

 ISTEP =   214
 Time  = 25680.000
 Maximum Temperature :   191.615
 Maximum Node No.    :        51
 Minimum Temperature :    99.996
 Minimum Node No.    :         8

 STEP =   215 Time  = 25800.000

 ISTEP =   215
 Time  = 25800.000
 Maximum Temperature :   191.878
 Maximum Node No.    :        51
 Minimum Temperature :    99.997
 Minimum Node No.    :         8

 STEP =   216 Time  = 25920.000

 ISTEP =   216
 Time  = 25920.000
 Maximum Temperature :   192.140
 Maximum Node No.    :        51
 Minimum Temperature :    99.997
 Minimum Node No.    :         8

 STEP =   217 Time  = 26040.000

 ISTEP =   217
 Time  = 26040.000
 Maximum Temperature :   192.402
 Maximum Node No.    :        51
 Minimum Temperature :    99.997
 Minimum Node No.    :         8

 STEP =   218 Time  = 26160.000

 ISTEP =   218
 Time  = 26160.000
 Maximum Temperature :   192.663
 Maximum Node No.    :        51
 Minimum Temperature :    99.997
 Minimum Node No.    :         8

 STEP =   219 Time  = 26280.000

 ISTEP =   219
 Time  = 26280.000
 Maximum Temperature :   192.924
 Maximum Node No.    :        51
 Minimum Temperature :    99.997
 Minimum Node No.    :         8

 STEP =   220 Time  = 26400.000

 ISTEP =   220
 Time  = 26400.000
 Maximum Temperature :   193.183
 Maximum Node No.    :        51
 Minimum Temperature :    99.998
 Minimum Node No.    :         8

 STEP =   221 Time  = 26520.000

 ISTEP =   221
 Time  = 26520.000
 Maximum Temperature :   193.442
 Maximum Node No.    :        51
 Minimum Temperature :    99.998
 Minimum Node No.    :         8

 STEP =   222 Time  = 26640.000

 ISTEP =   222
 Time  = 26640.000
 Maximum Temperature :   193.701
 Maximum Node No.    :        51
 Minimum Temperature :    99.998
 Minimum Node No.    :         8

 STEP =   223 Time  = 26760.000

 ISTEP =   223
 Time  = 26760.000
 Maximum Temperature :   193.959
 Maximum Node No.    :        51
 Minimum Temperature :    99.998
 Minimum Node No.    :         8

 STEP =   224 Time  = 26880.000

 ISTEP =   224
 Time  = 26880.000
 Maximum Temperature :   194.216
 Maximum Node No.    :        51
 Minimum Temperature :    99.998
 Minimum Node No.    :         8

 STEP =   225 Time  = 27000.000

 ISTEP =   225
 Time  = 27000.000
 Maximum Temperature :   194.472
 Maximum Node No.    :        51
 Minimum Temperature :    99.998
 Minimum Node No.    :        59

 STEP =   226 Time  = 27120.000

 ISTEP =   226
 Time  = 27120.000
 Maximum Temperature :   194.728
 Maximum Node No.    :        51
 Minimum Temperature :    99.998
 Minimum Node No.    :        59

 STEP =   227 Time  = 27240.000

 ISTEP =   227
 Time  = 27240.000
 Maximum Temperature :   194.983
 Maximum Node No.    :        51
 Minimum Temperature :    99.998
 Minimum Node No.    :        59

 STEP =   228 Time  = 27360.000

 ISTEP =   228
 Time  = 27360.000
 Maximum Temperature :   195.237
 Maximum Node No.    :        51
 Minimum Temperature :    99.998
 Minimum Node No.    :        59

 STEP =   229 Time  = 27480.000

 ISTEP =   229
 Time  = 27480.000
 Maximum Temperature :   195.491
 Maximum Node No.    :        51
 Minimum Temperature :    99.998
 Minimum Node No.    :        59

 STEP =   230 Time  = 27600.000

 ISTEP =   230
 Time  = 27600.000
 Maximum Temperature :   195.745
 Maximum Node No.    :        51
 Minimum Temperature :    99.998
 Minimum Node No.    :        59

 STEP =   231 Time  = 27720.000

 ISTEP =   231
 Time  = 27720.000
 Maximum Temperature :   195.997
 Maximum Node No.    :        51
 Minimum Temperature :    99.999
 Minimum Node No.    :        59

 STEP =   232 Time  = 27840.000

 ISTEP =   232
 Time  = 27840.000
 Maximum Temperature :   196.249
 Maximum Node No.    :        51
 Minimum Temperature :    99.999
 Minimum Node No.    :        59

 STEP =   233 Time  = 27960.000

 ISTEP =   233
 Time  = 27960.000
 Maximum Temperature :   196.501
 Maximum Node No.    :        51
 Minimum Temperature :    99.999
 Minimum Node No.    :        59

 STEP =   234 Time  = 28080.000

 ISTEP =   234
 Time  = 28080.000
 Maximum Temperature :   196.751
 Maximum Node No.    :        51
 Minimum Temperature :    99.999
 Minimum Node No.    :        59

 STEP =   235 Time  = 28200.000

 ISTEP =   235
 Time  = 28200.000
 Maximum Temperature :   197.001
 Maximum Node No.    :        51
 Minimum Temperature :    99.999
 Minimum Node No.    :        59

 STEP =   236 Time  = 28320.000

 ISTEP =   236
 Time  = 28320.000
 Maximum Temperature :   197.251
 Maximum Node No.    :        51
 Minimum Temperature :    99.999
 Minimum Node No.    :        59

 STEP =   237 Time  = 28440.000

 ISTEP =   237
 Time  = 28440.000
 Maximum Temperature :   197.500
 Maximum Node No.    :        51
 Minimum Temperature :    99.999
 Minimum Node No.    :        59

 STEP =   238 Time  = 28560.000

 ISTEP =   238
 Time  = 28560.000
 Maximum Temperature :   197.748
 Maximum Node No.    :        51
 Minimum Temperature :    99.999
 Minimum Node No.    :        59

 STEP =   239 Time  = 28680.000

 ISTEP =   239
 Time  = 28680.000
 Maximum Temperature :   197.996
 Maximum Node No.    :        51
 Minimum Temperature :    99.999
 Minimum Node No.    :        59

 STEP =   240 Time  = 28800.000

 ISTEP =   240
 Time  = 28800.000
 Maximum Temperature :   198.243
 Maximum Node No.    :        51
 Minimum Temperature :    99.999
 Minimum Node No.    :        59

 STEP =   241 Time  = 28920.000

 ISTEP =   241
 Time  = 28920.000
 Maximum Temperature :   198.490
 Maximum Node No.    :        51
 Minimum Temperature :    99.999
 Minimum Node No.    :        59

 STEP =   242 Time  = 29040.000

 ISTEP =   242
 Time  = 29040.000
 Maximum Temperature :   198.736
 Maximum Node No.    :        51
 Minimum Temperature :    99.999
 Minimum Node No.    :        59

 STEP =   243 Time  = 29160.000

 ISTEP =   243
 Time  = 29160.000
 Maximum Temperature :   198.981
 Maximum Node No.    :        51
 Minimum Temperature :    99.999
 Minimum Node No.    :        59

 STEP =   244 Time  = 29280.000

 ISTEP =   244
 Time  = 29280.000
 Maximum Temperature :   199.226
 Maximum Node No.    :        51
 Minimum Temperature :    99.999
 Minimum Node No.    :        59

 STEP =   245 Time  = 29400.000

 ISTEP =   245
 Time  = 29400.000
 Maximum Temperature :   199.470
 Maximum Node No.    :        51
 Minimum Temperature :    99.999
 Minimum Node No.    :        59

 STEP =   246 Time  = 29520.000

 ISTEP =   246
 Time  = 29520.000
 Maximum Temperature :   199.714
 Maximum Node No.    :        51
 Minimum Temperature :    99.999
 Minimum Node No.    :        59

 STEP =   247 Time  = 29640.000

 ISTEP =   247
 Time  = 29640.000
 Maximum Temperature :   199.957
 Maximum Node No.    :        51
 Minimum Temperature :    99.999
 Minimum Node No.    :        59

 STEP =   248 Time  = 29760.000

 ISTEP =   248
 Time  = 29760.000
 Maximum Temperature :   200.200
 Maximum Node No.    :        51
 Minimum Temperature :    99.999
 Minimum Node No.    :        59

 STEP =   249 Time  = 29880.000

 ISTEP =   249
 Time  = 29880.000
 Maximum Temperature :   200.442
 Maximum Node No.    :        51
 Minimum Temperature :    99.999
 Minimum Node No.    :        59

 STEP =   250 Time  = 30000.000

 ISTEP =   250
 Time  = 30000.000
 Maximum Temperature :   200.683
 Maximum Node No.    :        51
 Minimum Temperature :    99.999
 Minimum Node No.    :        59

 STEP =   251 Time  = 30120.000

 ISTEP =   251
 Time  = 30120.000
 Maximum Temperature :   200.924
 Maximum Node No.    :        51
 Minimum Temperature :    99.999
 Minimum Node No.    :        59

 STEP =   252 Time  = 30240.000

 ISTEP =   252
 Time  = 30240.000
 Maximum Temperature :   201.164
 Maximum Node No.    :        51
 Minimum Temperature :    99.999
 Minimum Node No.    :        59

 STEP =   253 Time  = 30360.000

 ISTEP =   253
 Time  = 30360.000
 Maximum Temperature :   201.404
 Maximum Node No.    :        51
 Minimum Temperature :    99.999
 Minimum Node No.    :        59

 STEP =   254 Time  = 30480.000

 ISTEP =   254
 Time  = 30480.000
 Maximum Temperature :   201.643
 Maximum Node No.    :        51
 Minimum Temperature :    99.999
 Minimum Node No.    :        59

 STEP =   255 Time  = 30600.000

 ISTEP =   255
 Time  = 30600.000
 Maximum Temperature :   201.882
 Maximum Node No.    :        51
 Minimum Temperature :    99.999
 Minimum Node No.    :        59

 STEP =   256 Time  = 30720.000

 ISTEP =   256
 Time  = 30720.000
 Maximum Temperature :   202.120
 Maximum Node No.    :        51
 Minimum Temperature :    99.999
 Minimum Node No.    :        59

 STEP =   257 Time  = 30840.000

 ISTEP =   257
 Time  = 30840.000
 Maximum Temperature :   202.358
 Maximum Node No.    :        51
 Minimum Temperature :    99.999
 Minimum Node No.    :        59

 STEP =   258 Time  = 30960.000

 ISTEP =   258
 Time  = 30960.000
 Maximum Temperature :   202.595
 Maximum Node No.    :        51
 Minimum Temperature :    99.999
 Minimum Node No.    :        59

 STEP =   259 Time  = 31080.000

 ISTEP =   259
 Time  = 31080.000
 Maximum Temperature :   202.832
 Maximum Node No.    :        51
 Minimum Temperature :    99.999
 Minimum Node No.    :        59

 STEP =   260 Time  = 31200.000

 ISTEP =   260
 Time  = 31200.000
 Maximum Temperature :   203.068
 Maximum Node No.    :        51
 Minimum Temperature :    99.999
 Minimum Node No.    :        59

 STEP =   261 Time  = 31320.000

 ISTEP =   261
 Time  = 31320.000
 Maximum Temperature :   203.303
 Maximum Node No.    :        51
 Minimum Temperature :    99.999
 Minimum Node No.    :        59

 STEP =   262 Time  = 31440.000

 ISTEP =   262
 Time  = 31440.000
 Maximum Temperature :   203.538
 Maximum Node No.    :        51
 Minimum Temperature :    99.999
 Minimum Node No.    :        59

 STEP =   263 Time  = 31560.000

 ISTEP =   263
 Time  = 31560.000
 Maximum Temperature :   203.773
 Maximum Node No.    :        51
 Minimum Temperature :   100.000
 Minimum Node No.    :        59

 STEP =   264 Time  = 31680.000

 ISTEP =   264
 Time  = 31680.000
 Maximum Temperature :   204.007
 Maximum Node No.    :        51
 Minimum Temperature :   100.000
 Minimum Node No.    :        59

 STEP =   265 Time  = 31800.000

 ISTEP =   265
 Time  = 31800.000
 Maximum Temperature :   204.240
 Maximum Node No.    :        51
 Minimum Temperature :   100.000
 Minimum Node No.    :        59

 STEP =   266 Time  = 31920.000

 ISTEP =   266
 Time  = 31920.000
 Maximum Temperature :   204.473
 Maximum Node No.    :        51
 Minimum Temperature :   100.000
 Minimum Node No.    :        59

 STEP =   267 Time  = 32040.000

 ISTEP =   267
 Time  = 32040.000
 Maximum Temperature :   204.706
 Maximum Node No.    :        51
 Minimum Temperature :   100.000
 Minimum Node No.    :        59

 STEP =   268 Time  = 32160.000

 ISTEP =   268
 Time  = 32160.000
 Maximum Temperature :   204.937
 Maximum Node No.    :        51
 Minimum Temperature :   100.000
 Minimum Node No.    :         9

 STEP =   269 Time  = 32280.000

 ISTEP =   269
 Time  = 32280.000
 Maximum Temperature :   205.169
 Maximum Node No.    :        51
 Minimum Temperature :   100.000
 Minimum Node No.    :         9

 STEP =   270 Time  = 32400.000

 ISTEP =   270
 Time  = 32400.000
 Maximum Temperature :   205.400
 Maximum Node No.    :        51
 Minimum Temperature :   100.000
 Minimum Node No.    :         9

 STEP =   271 Time  = 32520.000

 ISTEP =   271
 Time  = 32520.000
 Maximum Temperature :   205.630
 Maximum Node No.    :        51
 Minimum Temperature :   100.000
 Minimum Node No.    :         9

 STEP =   272 Time  = 32640.000

 ISTEP =   272
 Time  = 32640.000
 Maximum Temperature :   205.860
 Maximum Node No.    :        51
 Minimum Temperature :   100.000
 Minimum Node No.    :         9

 STEP =   273 Time  = 32760.000

 ISTEP =   273
 Time  = 32760.000
 Maximum Temperature :   206.090
 Maximum Node No.    :        51
 Minimum Temperature :   100.000
 Minimum Node No.    :         9

 STEP =   274 Time  = 32880.000

 ISTEP =   274
 Time  = 32880.000
 Maximum Temperature :   206.319
 Maximum Node No.    :        51
 Minimum Temperature :   100.000
 Minimum Node No.    :         9

 STEP =   275 Time  = 33000.000

 ISTEP =   275
 Time  = 33000.000
 Maximum Temperature :   206.547
 Maximum Node No.    :        51
 Minimum Temperature :   100.000
 Minimum Node No.    :         9

 STEP =   276 Time  = 33120.000

 ISTEP =   276
 Time  = 33120.000
 Maximum Temperature :   206.775
 Maximum Node No.    :        51
 Minimum Temperature :   100.000
 Minimum Node No.    :        13

 STEP =   277 Time  = 33240.000

 ISTEP =   277
 Time  = 33240.000
 Maximum Temperature :   207.003
 Maximum Node No.    :        51
 Minimum Temperature :   100.000
 Minimum Node No.    :        13

 STEP =   278 Time  = 33360.000

 ISTEP =   278
 Time  = 33360.000
 Maximum Temperature :   207.230
 Maximum Node No.    :        51
 Minimum Temperature :   100.000
 Minimum Node No.    :        13

 STEP =   279 Time  = 33480.000

 ISTEP =   279
 Time  = 33480.000
 Maximum Temperature :   207.457
 Maximum Node No.    :        51
 Minimum Temperature :   100.000
 Minimum Node No.    :        13

 STEP =   280 Time  = 33600.000

 ISTEP =   280
 Time  = 33600.000
 Maximum Temperature :   207.683
 Maximum Node No.    :        51
 Minimum Temperature :   100.000
 Minimum Node No.    :        13

 STEP =   281 Time  = 33720.000

 ISTEP =   281
 Time  = 33720.000
 Maximum Temperature :   207.909
 Maximum Node No.    :        51
 Minimum Temperature :   100.000
 Minimum Node No.    :        13

 STEP =   282 Time  = 33840.000

 ISTEP =   282
 Time  = 33840.000
 Maximum Temperature :   208.134
 Maximum Node No.    :        51
 Minimum Temperature :   100.000
 Minimum Node No.    :        13

 STEP =   283 Time  = 33960.000

 ISTEP =   283
 Time  = 33960.000
 Maximum Temperature :   208.359
 Maximum Node No.    :        51
 Minimum Temperature :   100.000
 Minimum Node No.    :        13

 STEP =   284 Time  = 34080.000

 ISTEP =   284
 Time  = 34080.000
 Maximum Temperature :   208.583
 Maximum Node No.    :        51
 Minimum Temperature :   100.000
 Minimum Node No.    :        13

 STEP =   285 Time  = 34200.000

 ISTEP =   285
 Time  = 34200.000
 Maximum Temperature :   208.807
 Maximum Node No.    :        51
 Minimum Temperature :   100.000
 Minimum Node No.    :        13

 STEP =   286 Time  = 34320.000

 ISTEP =   286
 Time  = 34320.000
 Maximum Temperature :   209.030
 Maximum Node No.    :        51
 Minimum Temperature :   100.000
 Minimum Node No.    :        13

 STEP =   287 Time  = 34440.000

 ISTEP =   287
 Time  = 34440.000
 Maximum Temperature :   209.253
 Maximum Node No.    :        51
 Minimum Temperature :   100.000
 Minimum Node No.    :        13

 STEP =   288 Time  = 34560.000

 ISTEP =   288
 Time  = 34560.000
 Maximum Temperature :   209.476
 Maximum Node No.    :        51
 Minimum Temperature :   100.000
 Minimum Node No.    :        13
