 fstr_setup: OK
  Initial condition of temperatures: OK

 ISTEP =     1
 Time  =   120.000
 Maximum Temperature :   101.537
 Maximum Node No.    :      1151
 Minimum Temperature :    99.988
 Minimum Node No.    :      1202

 ISTEP =     2
 Time  =   240.000
 Maximum Temperature :   102.945
 Maximum Node No.    :      1151
 Minimum Temperature :    99.963
 Minimum Node No.    :      1202

 ISTEP =     3
 Time  =   360.000
 Maximum Temperature :   104.260
 Maximum Node No.    :      1151
 Minimum Temperature :    99.939
 Minimum Node No.    :      1202

 ISTEP =     4
 Time  =   480.000
 Maximum Temperature :   105.509
 Maximum Node No.    :      1151
 Minimum Temperature :    99.924
 Minimum Node No.    :      1202

 ISTEP =     5
 Time  =   600.000
 Maximum Temperature :   106.707
 Maximum Node No.    :      1151
 Minimum Temperature :    99.909
 Minimum Node No.    :      1002

 ISTEP =     6
 Time  =   720.000
 Maximum Temperature :   107.863
 Maximum Node No.    :      1151
 Minimum Temperature :    99.889
 Minimum Node No.    :      1103

 ISTEP =     7
 Time  =   840.000
 Maximum Temperature :   108.985
 Maximum Node No.    :      1151
 Minimum Temperature :    99.855
 Minimum Node No.    :      1103

 ISTEP =     8
 Time  =   960.000
 Maximum Temperature :   110.077
 Maximum Node No.    :      1151
 Minimum Temperature :    99.819
 Minimum Node No.    :      1103

 ISTEP =     9
 Time  =  1080.000
 Maximum Temperature :   111.142
 Maximum Node No.    :      1151
 Minimum Temperature :    99.782
 Minimum Node No.    :      1103

 ISTEP =    10
 Time  =  1200.000
 Maximum Temperature :   112.183
 Maximum Node No.    :      1151
 Minimum Temperature :    99.745
 Minimum Node No.    :      1103

 ISTEP =    11
 Time  =  1320.000
 Maximum Temperature :   113.201
 Maximum Node No.    :      1151
 Minimum Temperature :    99.707
 Minimum Node No.    :      1103

 ISTEP =    12
 Time  =  1440.000
 Maximum Temperature :   114.198
 Maximum Node No.    :      1151
 Minimum Temperature :    99.670
 Minimum Node No.    :      1103

 ISTEP =    13
 Time  =  1560.000
 Maximum Temperature :   115.174
 Maximum Node No.    :      1151
 Minimum Temperature :    99.633
 Minimum Node No.    :      1103

 ISTEP =    14
 Time  =  1680.000
 Maximum Temperature :   116.130
 Maximum Node No.    :      1151
 Minimum Temperature :    99.596
 Minimum Node No.    :      1103

 ISTEP =    15
 Time  =  1800.000
 Maximum Temperature :   117.068
 Maximum Node No.    :      1151
 Minimum Temperature :    99.557
 Minimum Node No.    :      1003

 ISTEP =    16
 Time  =  1920.000
 Maximum Temperature :   117.987
 Maximum Node No.    :      1151
 Minimum Temperature :    99.518
 Minimum Node No.    :      1003

 ISTEP =    17
 Time  =  2040.000
 Maximum Temperature :   118.888
 Maximum Node No.    :      1151
 Minimum Temperature :    99.479
 Minimum Node No.    :      1003

 ISTEP =    18
 Time  =  2160.000
 Maximum Temperature :   119.773
 Maximum Node No.    :      1151
 Minimum Temperature :    99.441
 Minimum Node No.    :      1003

 ISTEP =    19
 Time  =  2280.000
 Maximum Temperature :   120.641
 Maximum Node No.    :      1151
 Minimum Temperature :    99.403
 Minimum Node No.    :      1003

 ISTEP =    20
 Time  =  2400.000
 Maximum Temperature :   121.494
 Maximum Node No.    :      1151
 Minimum Temperature :    99.367
 Minimum Node No.    :      1003

 ISTEP =    21
 Time  =  2520.000
 Maximum Temperature :   122.331
 Maximum Node No.    :      1151
 Minimum Temperature :    99.332
 Minimum Node No.    :      1003

 ISTEP =    22
 Time  =  2640.000
 Maximum Temperature :   123.153
 Maximum Node No.    :      1151
 Minimum Temperature :    99.297
 Minimum Node No.    :      1003

 ISTEP =    23
 Time  =  2760.000
 Maximum Temperature :   123.961
 Maximum Node No.    :      1151
 Minimum Temperature :    99.263
 Minimum Node No.    :      1003

 ISTEP =    24
 Time  =  2880.000
 Maximum Temperature :   124.756
 Maximum Node No.    :      1151
 Minimum Temperature :    99.231
 Minimum Node No.    :      1003

 ISTEP =    25
 Time  =  3000.000
 Maximum Temperature :   125.537
 Maximum Node No.    :      1151
 Minimum Temperature :    99.199
 Minimum Node No.    :      1003

 ISTEP =    26
 Time  =  3120.000
 Maximum Temperature :   126.305
 Maximum Node No.    :      1151
 Minimum Temperature :    99.169
 Minimum Node No.    :      1003

 ISTEP =    27
 Time  =  3240.000
 Maximum Temperature :   127.060
 Maximum Node No.    :      1151
 Minimum Temperature :    99.140
 Minimum Node No.    :      1003

 ISTEP =    28
 Time  =  3360.000
 Maximum Temperature :   127.804
 Maximum Node No.    :      1151
 Minimum Temperature :    99.111
 Minimum Node No.    :      1003

 ISTEP =    29
 Time  =  3480.000
 Maximum Temperature :   128.536
 Maximum Node No.    :      1151
 Minimum Temperature :    99.084
 Minimum Node No.    :      1003

 ISTEP =    30
 Time  =  3600.000
 Maximum Temperature :   129.256
 Maximum Node No.    :      1151
 Minimum Temperature :    99.058
 Minimum Node No.    :      1003

 ISTEP =    31
 Time  =  3720.000
 Maximum Temperature :   129.966
 Maximum Node No.    :      1151
 Minimum Temperature :    99.033
 Minimum Node No.    :      1003

 ISTEP =    32
 Time  =  3840.000
 Maximum Temperature :   130.665
 Maximum Node No.    :      1151
 Minimum Temperature :    99.009
 Minimum Node No.    :      1003

 ISTEP =    33
 Time  =  3960.000
 Maximum Temperature :   131.354
 Maximum Node No.    :      1151
 Minimum Temperature :    98.987
 Minimum Node No.    :      1003

 ISTEP =    34
 Time  =  4080.000
 Maximum Temperature :   132.033
 Maximum Node No.    :      1151
 Minimum Temperature :    98.965
 Minimum Node No.    :      1003

 ISTEP =    35
 Time  =  4200.000
 Maximum Temperature :   132.702
 Maximum Node No.    :      1151
 Minimum Temperature :    98.945
 Minimum Node No.    :      1003

 ISTEP =    36
 Time  =  4320.000
 Maximum Temperature :   133.362
 Maximum Node No.    :      1151
 Minimum Temperature :    98.926
 Minimum Node No.    :      1003

 ISTEP =    37
 Time  =  4440.000
 Maximum Temperature :   134.013
 Maximum Node No.    :      1151
 Minimum Temperature :    98.908
 Minimum Node No.    :      1003

 ISTEP =    38
 Time  =  4560.000
 Maximum Temperature :   134.655
 Maximum Node No.    :      1151
 Minimum Temperature :    98.891
 Minimum Node No.    :      1003

 ISTEP =    39
 Time  =  4680.000
 Maximum Temperature :   135.289
 Maximum Node No.    :      1151
 Minimum Temperature :    98.875
 Minimum Node No.    :      1003

 ISTEP =    40
 Time  =  4800.000
 Maximum Temperature :   135.914
 Maximum Node No.    :      1151
 Minimum Temperature :    98.860
 Minimum Node No.    :      1003

 ISTEP =    41
 Time  =  4920.000
 Maximum Temperature :   136.531
 Maximum Node No.    :      1151
 Minimum Temperature :    98.847
 Minimum Node No.    :      1003

 ISTEP =    42
 Time  =  5040.000
 Maximum Temperature :   137.141
 Maximum Node No.    :      1151
 Minimum Temperature :    98.835
 Minimum Node No.    :      1003

 ISTEP =    43
 Time  =  5160.000
 Maximum Temperature :   137.743
 Maximum Node No.    :      1151
 Minimum Temperature :    98.824
 Minimum Node No.    :      1003

 ISTEP =    44
 Time  =  5280.000
 Maximum Temperature :   138.338
 Maximum Node No.    :      1151
 Minimum Temperature :    98.814
 Minimum Node No.    :      1003

 ISTEP =    45
 Time  =  5400.000
 Maximum Temperature :   138.926
 Maximum Node No.    :      1151
 Minimum Temperature :    98.805
 Minimum Node No.    :      1003

 ISTEP =    46
 Time  =  5520.000
 Maximum Temperature :   139.506
 Maximum Node No.    :      1151
 Minimum Temperature :    98.798
 Minimum Node No.    :      1003

 ISTEP =    47
 Time  =  5640.000
 Maximum Temperature :   140.080
 Maximum Node No.    :      1151
 Minimum Temperature :    98.791
 Minimum Node No.    :      1003

 ISTEP =    48
 Time  =  5760.000
 Maximum Temperature :   140.648
 Maximum Node No.    :      1151
 Minimum Temperature :    98.786
 Minimum Node No.    :      1003

 ISTEP =    49
 Time  =  5880.000
 Maximum Temperature :   141.209
 Maximum Node No.    :      1151
 Minimum Temperature :    98.782
 Minimum Node No.    :      1003

 ISTEP =    50
 Time  =  6000.000
 Maximum Temperature :   141.764
 Maximum Node No.    :      1151
 Minimum Temperature :    98.779
 Minimum Node No.    :      1003

 ISTEP =    51
 Time  =  6120.000
 Maximum Temperature :   142.312
 Maximum Node No.    :      1151
 Minimum Temperature :    98.778
 Minimum Node No.    :      1003

 ISTEP =    52
 Time  =  6240.000
 Maximum Temperature :   142.855
 Maximum Node No.    :      1151
 Minimum Temperature :    98.777
 Minimum Node No.    :      1003

 ISTEP =    53
 Time  =  6360.000
 Maximum Temperature :   143.393
 Maximum Node No.    :      1151
 Minimum Temperature :    98.778
 Minimum Node No.    :      1003

 ISTEP =    54
 Time  =  6480.000
 Maximum Temperature :   143.924
 Maximum Node No.    :      1151
 Minimum Temperature :    98.780
 Minimum Node No.    :      1003

 ISTEP =    55
 Time  =  6600.000
 Maximum Temperature :   144.450
 Maximum Node No.    :      1151
 Minimum Temperature :    98.782
 Minimum Node No.    :      1003

 ISTEP =    56
 Time  =  6720.000
 Maximum Temperature :   144.971
 Maximum Node No.    :      1151
 Minimum Temperature :    98.787
 Minimum Node No.    :      1003

 ISTEP =    57
 Time  =  6840.000
 Maximum Temperature :   145.487
 Maximum Node No.    :      1151
 Minimum Temperature :    98.792
 Minimum Node No.    :      1003

 ISTEP =    58
 Time  =  6960.000
 Maximum Temperature :   145.998
 Maximum Node No.    :      1151
 Minimum Temperature :    98.798
 Minimum Node No.    :      1003

 ISTEP =    59
 Time  =  7080.000
 Maximum Temperature :   146.504
 Maximum Node No.    :      1151
 Minimum Temperature :    98.806
 Minimum Node No.    :      1003

 ISTEP =    60
 Time  =  7200.000
 Maximum Temperature :   147.005
 Maximum Node No.    :      1151
 Minimum Temperature :    98.815
 Minimum Node No.    :      1003

 ISTEP =    61
 Time  =  7320.000
 Maximum Temperature :   147.501
 Maximum Node No.    :      1151
 Minimum Temperature :    98.824
 Minimum Node No.    :      1003

 ISTEP =    62
 Time  =  7440.000
 Maximum Temperature :   147.993
 Maximum Node No.    :      1151
 Minimum Temperature :    98.835
 Minimum Node No.    :      1003

 ISTEP =    63
 Time  =  7560.000
 Maximum Temperature :   148.480
 Maximum Node No.    :      1151
 Minimum Temperature :    98.847
 Minimum Node No.    :      1003

 ISTEP =    64
 Time  =  7680.000
 Maximum Temperature :   148.963
 Maximum Node No.    :      1151
 Minimum Temperature :    98.861
 Minimum Node No.    :      1003

 ISTEP =    65
 Time  =  7800.000
 Maximum Temperature :   149.442
 Maximum Node No.    :      1151
 Minimum Temperature :    98.875
 Minimum Node No.    :      1003

 ISTEP =    66
 Time  =  7920.000
 Maximum Temperature :   149.916
 Maximum Node No.    :      1151
 Minimum Temperature :    98.890
 Minimum Node No.    :      1003

 ISTEP =    67
 Time  =  8040.000
 Maximum Temperature :   150.387
 Maximum Node No.    :      1151
 Minimum Temperature :    98.907
 Minimum Node No.    :      1003

 ISTEP =    68
 Time  =  8160.000
 Maximum Temperature :   150.853
 Maximum Node No.    :      1151
 Minimum Temperature :    98.924
 Minimum Node No.    :      1003

 ISTEP =    69
 Time  =  8280.000
 Maximum Temperature :   151.315
 Maximum Node No.    :      1151
 Minimum Temperature :    98.943
 Minimum Node No.    :      1003

 ISTEP =    70
 Time  =  8400.000
 Maximum Temperature :   151.774
 Maximum Node No.    :      1151
 Minimum Temperature :    98.963
 Minimum Node No.    :      1003

 ISTEP =    71
 Time  =  8520.000
 Maximum Temperature :   152.229
 Maximum Node No.    :      1151
 Minimum Temperature :    98.983
 Minimum Node No.    :      1003

 ISTEP =    72
 Time  =  8640.000
 Maximum Temperature :   152.681
 Maximum Node No.    :      1151
 Minimum Temperature :    99.005
 Minimum Node No.    :      1003

 ISTEP =    73
 Time  =  8760.000
 Maximum Temperature :   153.128
 Maximum Node No.    :      1151
 Minimum Temperature :    99.028
 Minimum Node No.    :      1003

 ISTEP =    74
 Time  =  8880.000
 Maximum Temperature :   153.573
 Maximum Node No.    :      1151
 Minimum Temperature :    99.052
 Minimum Node No.    :      1003

 ISTEP =    75
 Time  =  9000.000
 Maximum Temperature :   154.014
 Maximum Node No.    :      1151
 Minimum Temperature :    99.077
 Minimum Node No.    :      1003

 ISTEP =    76
 Time  =  9120.000
 Maximum Temperature :   154.451
 Maximum Node No.    :      1151
 Minimum Temperature :    99.103
 Minimum Node No.    :      1003

 ISTEP =    77
 Time  =  9240.000
 Maximum Temperature :   154.885
 Maximum Node No.    :      1151
 Minimum Temperature :    99.130
 Minimum Node No.    :      1003

 ISTEP =    78
 Time  =  9360.000
 Maximum Temperature :   155.316
 Maximum Node No.    :      1151
 Minimum Temperature :    99.158
 Minimum Node No.    :      1003

 ISTEP =    79
 Time  =  9480.000
 Maximum Temperature :   155.744
 Maximum Node No.    :      1151
 Minimum Temperature :    99.187
 Minimum Node No.    :      1003

 ISTEP =    80
 Time  =  9600.000
 Maximum Temperature :   156.169
 Maximum Node No.    :      1151
 Minimum Temperature :    99.217
 Minimum Node No.    :      1003

 ISTEP =    81
 Time  =  9720.000
 Maximum Temperature :   156.591
 Maximum Node No.    :      1151
 Minimum Temperature :    99.248
 Minimum Node No.    :      1003

 ISTEP =    82
 Time  =  9840.000
 Maximum Temperature :   157.009
 Maximum Node No.    :      1151
 Minimum Temperature :    99.280
 Minimum Node No.    :      1003

 ISTEP =    83
 Time  =  9960.000
 Maximum Temperature :   157.425
 Maximum Node No.    :      1151
 Minimum Temperature :    99.313
 Minimum Node No.    :      1003

 ISTEP =    84
 Time  = 10080.000
 Maximum Temperature :   157.838
 Maximum Node No.    :      1151
 Minimum Temperature :    99.347
 Minimum Node No.    :      1003

 ISTEP =    85
 Time  = 10200.000
 Maximum Temperature :   158.248
 Maximum Node No.    :      1151
 Minimum Temperature :    99.382
 Minimum Node No.    :      1003

 ISTEP =    86
 Time  = 10320.000
 Maximum Temperature :   158.656
 Maximum Node No.    :      1151
 Minimum Temperature :    99.418
 Minimum Node No.    :      1003

 ISTEP =    87
 Time  = 10440.000
 Maximum Temperature :   159.061
 Maximum Node No.    :      1151
 Minimum Temperature :    99.455
 Minimum Node No.    :      1003

 ISTEP =    88
 Time  = 10560.000
 Maximum Temperature :   159.463
 Maximum Node No.    :      1151
 Minimum Temperature :    99.492
 Minimum Node No.    :      1003

 ISTEP =    89
 Time  = 10680.000
 Maximum Temperature :   159.862
 Maximum Node No.    :      1151
 Minimum Temperature :    99.531
 Minimum Node No.    :      1003

 ISTEP =    90
 Time  = 10800.000
 Maximum Temperature :   160.259
 Maximum Node No.    :      1151
 Minimum Temperature :    99.571
 Minimum Node No.    :      1003

 ISTEP =    91
 Time  = 10920.000
 Maximum Temperature :   160.654
 Maximum Node No.    :      1151
 Minimum Temperature :    99.611
 Minimum Node No.    :      1003

 ISTEP =    92
 Time  = 11040.000
 Maximum Temperature :   161.045
 Maximum Node No.    :      1151
 Minimum Temperature :    99.645
 Minimum Node No.    :      1004

 ISTEP =    93
 Time  = 11160.000
 Maximum Temperature :   161.435
 Maximum Node No.    :      1151
 Minimum Temperature :    99.651
 Minimum Node No.    :      1004

 ISTEP =    94
 Time  = 11280.000
 Maximum Temperature :   161.822
 Maximum Node No.    :      1151
 Minimum Temperature :    99.657
 Minimum Node No.    :      1004

 ISTEP =    95
 Time  = 11400.000
 Maximum Temperature :   162.207
 Maximum Node No.    :      1151
 Minimum Temperature :    99.663
 Minimum Node No.    :      1004

 ISTEP =    96
 Time  = 11520.000
 Maximum Temperature :   162.589
 Maximum Node No.    :      1151
 Minimum Temperature :    99.670
 Minimum Node No.    :      1004

 ISTEP =    97
 Time  = 11640.000
 Maximum Temperature :   162.970
 Maximum Node No.    :      1151
 Minimum Temperature :    99.677
 Minimum Node No.    :      1004

 ISTEP =    98
 Time  = 11760.000
 Maximum Temperature :   163.348
 Maximum Node No.    :      1151
 Minimum Temperature :    99.684
 Minimum Node No.    :      1004

 ISTEP =    99
 Time  = 11880.000
 Maximum Temperature :   163.723
 Maximum Node No.    :      1151
 Minimum Temperature :    99.691
 Minimum Node No.    :      1004

 ISTEP =   100
 Time  = 12000.000
 Maximum Temperature :   164.097
 Maximum Node No.    :      1151
 Minimum Temperature :    99.699
 Minimum Node No.    :      1004

 ISTEP =   101
 Time  = 12120.000
 Maximum Temperature :   164.469
 Maximum Node No.    :      1151
 Minimum Temperature :    99.707
 Minimum Node No.    :      1004

 ISTEP =   102
 Time  = 12240.000
 Maximum Temperature :   164.838
 Maximum Node No.    :      1151
 Minimum Temperature :    99.716
 Minimum Node No.    :      1004

 ISTEP =   103
 Time  = 12360.000
 Maximum Temperature :   165.206
 Maximum Node No.    :      1151
 Minimum Temperature :    99.725
 Minimum Node No.    :      1004

 ISTEP =   104
 Time  = 12480.000
 Maximum Temperature :   165.571
 Maximum Node No.    :      1151
 Minimum Temperature :    99.734
 Minimum Node No.    :      1004

 ISTEP =   105
 Time  = 12600.000
 Maximum Temperature :   165.934
 Maximum Node No.    :      1151
 Minimum Temperature :    99.743
 Minimum Node No.    :      1004

 ISTEP =   106
 Time  = 12720.000
 Maximum Temperature :   166.296
 Maximum Node No.    :      1151
 Minimum Temperature :    99.753
 Minimum Node No.    :      1004

 ISTEP =   107
 Time  = 12840.000
 Maximum Temperature :   166.655
 Maximum Node No.    :      1151
 Minimum Temperature :    99.763
 Minimum Node No.    :      1004

 ISTEP =   108
 Time  = 12960.000
 Maximum Temperature :   167.013
 Maximum Node No.    :      1151
 Minimum Temperature :    99.774
 Minimum Node No.    :      1004

 ISTEP =   109
 Time  = 13080.000
 Maximum Temperature :   167.369
 Maximum Node No.    :      1151
 Minimum Temperature :    99.784
 Minimum Node No.    :      1004

 ISTEP =   110
 Time  = 13200.000
 Maximum Temperature :   167.723
 Maximum Node No.    :      1151
 Minimum Temperature :    99.795
 Minimum Node No.    :      1004

 ISTEP =   111
 Time  = 13320.000
 Maximum Temperature :   168.075
 Maximum Node No.    :      1151
 Minimum Temperature :    99.807
 Minimum Node No.    :      1004

 ISTEP =   112
 Time  = 13440.000
 Maximum Temperature :   168.425
 Maximum Node No.    :      1151
 Minimum Temperature :    99.818
 Minimum Node No.    :      1004

 ISTEP =   113
 Time  = 13560.000
 Maximum Temperature :   168.774
 Maximum Node No.    :      1151
 Minimum Temperature :    99.830
 Minimum Node No.    :      1004

 ISTEP =   114
 Time  = 13680.000
 Maximum Temperature :   169.121
 Maximum Node No.    :      1151
 Minimum Temperature :    99.843
 Minimum Node No.    :      1004

 ISTEP =   115
 Time  = 13800.000
 Maximum Temperature :   169.466
 Maximum Node No.    :      1151
 Minimum Temperature :    99.856
 Minimum Node No.    :      1004

 ISTEP =   116
 Time  = 13920.000
 Maximum Temperature :   169.810
 Maximum Node No.    :      1151
 Minimum Temperature :    99.869
 Minimum Node No.    :      1004

 ISTEP =   117
 Time  = 14040.000
 Maximum Temperature :   170.151
 Maximum Node No.    :      1151
 Minimum Temperature :    99.882
 Minimum Node No.    :      1004

 ISTEP =   118
 Time  = 14160.000
 Maximum Temperature :   170.492
 Maximum Node No.    :      1151
 Minimum Temperature :    99.895
 Minimum Node No.    :      1004

 ISTEP =   119
 Time  = 14280.000
 Maximum Temperature :   170.830
 Maximum Node No.    :      1151
 Minimum Temperature :    99.897
 Minimum Node No.    :      1005

 ISTEP =   120
 Time  = 14400.000
 Maximum Temperature :   171.167
 Maximum Node No.    :      1151
 Minimum Temperature :    99.896
 Minimum Node No.    :      1005

 ISTEP =   121
 Time  = 14520.000
 Maximum Temperature :   171.503
 Maximum Node No.    :      1151
 Minimum Temperature :    99.895
 Minimum Node No.    :      1005

 ISTEP =   122
 Time  = 14640.000
 Maximum Temperature :   171.837
 Maximum Node No.    :      1151
 Minimum Temperature :    99.894
 Minimum Node No.    :      1005

 ISTEP =   123
 Time  = 14760.000
 Maximum Temperature :   172.169
 Maximum Node No.    :      1151
 Minimum Temperature :    99.893
 Minimum Node No.    :      1005

 ISTEP =   124
 Time  = 14880.000
 Maximum Temperature :   172.500
 Maximum Node No.    :      1151
 Minimum Temperature :    99.893
 Minimum Node No.    :      1005

 ISTEP =   125
 Time  = 15000.000
 Maximum Temperature :   172.829
 Maximum Node No.    :      1151
 Minimum Temperature :    99.892
 Minimum Node No.    :      1005

 ISTEP =   126
 Time  = 15120.000
 Maximum Temperature :   173.157
 Maximum Node No.    :      1151
 Minimum Temperature :    99.891
 Minimum Node No.    :      1005

 ISTEP =   127
 Time  = 15240.000
 Maximum Temperature :   173.484
 Maximum Node No.    :      1151
 Minimum Temperature :    99.891
 Minimum Node No.    :      1005

 ISTEP =   128
 Time  = 15360.000
 Maximum Temperature :   173.809
 Maximum Node No.    :      1151
 Minimum Temperature :    99.890
 Minimum Node No.    :      1005

 ISTEP =   129
 Time  = 15480.000
 Maximum Temperature :   174.133
 Maximum Node No.    :      1151
 Minimum Temperature :    99.890
 Minimum Node No.    :      1005

 ISTEP =   130
 Time  = 15600.000
 Maximum Temperature :   174.455
 Maximum Node No.    :      1151
 Minimum Temperature :    99.889
 Minimum Node No.    :      1005

 ISTEP =   131
 Time  = 15720.000
 Maximum Temperature :   174.776
 Maximum Node No.    :      1151
 Minimum Temperature :    99.889
 Minimum Node No.    :      1005

 ISTEP =   132
 Time  = 15840.000
 Maximum Temperature :   175.095
 Maximum Node No.    :      1151
 Minimum Temperature :    99.889
 Minimum Node No.    :      1005

 ISTEP =   133
 Time  = 15960.000
 Maximum Temperature :   175.414
 Maximum Node No.    :      1151
 Minimum Temperature :    99.888
 Minimum Node No.    :      1005

 ISTEP =   134
 Time  = 16080.000
 Maximum Temperature :   175.731
 Maximum Node No.    :      1151
 Minimum Temperature :    99.888
 Minimum Node No.    :      1005

 ISTEP =   135
 Time  = 16200.000
 Maximum Temperature :   176.046
 Maximum Node No.    :      1151
 Minimum Temperature :    99.888
 Minimum Node No.    :      1005

 ISTEP =   136
 Time  = 16320.000
 Maximum Temperature :   176.361
 Maximum Node No.    :      1151
 Minimum Temperature :    99.888
 Minimum Node No.    :      1005

 ISTEP =   137
 Time  = 16440.000
 Maximum Temperature :   176.674
 Maximum Node No.    :      1151
 Minimum Temperature :    99.888
 Minimum Node No.    :      1005

 ISTEP =   138
 Time  = 16560.000
 Maximum Temperature :   176.985
 Maximum Node No.    :      1151
 Minimum Temperature :    99.888
 Minimum Node No.    :      1005

 ISTEP =   139
 Time  = 16680.000
 Maximum Temperature :   177.296
 Maximum Node No.    :      1151
 Minimum Temperature :    99.888
 Minimum Node No.    :      1005

 ISTEP =   140
 Time  = 16800.000
 Maximum Temperature :   177.605
 Maximum Node No.    :      1151
 Minimum Temperature :    99.888
 Minimum Node No.    :      1005

 ISTEP =   141
 Time  = 16920.000
 Maximum Temperature :   177.913
 Maximum Node No.    :      1151
 Minimum Temperature :    99.889
 Minimum Node No.    :      1005

 ISTEP =   142
 Time  = 17040.000
 Maximum Temperature :   178.220
 Maximum Node No.    :      1151
 Minimum Temperature :    99.889
 Minimum Node No.    :      1005

 ISTEP =   143
 Time  = 17160.000
 Maximum Temperature :   178.526
 Maximum Node No.    :      1151
 Minimum Temperature :    99.889
 Minimum Node No.    :      1005

 ISTEP =   144
 Time  = 17280.000
 Maximum Temperature :   178.831
 Maximum Node No.    :      1151
 Minimum Temperature :    99.890
 Minimum Node No.    :      1005

 ISTEP =   145
 Time  = 17400.000
 Maximum Temperature :   179.134
 Maximum Node No.    :      1151
 Minimum Temperature :    99.890
 Minimum Node No.    :      1005

 ISTEP =   146
 Time  = 17520.000
 Maximum Temperature :   179.436
 Maximum Node No.    :      1151
 Minimum Temperature :    99.891
 Minimum Node No.    :      1005

 ISTEP =   147
 Time  = 17640.000
 Maximum Temperature :   179.738
 Maximum Node No.    :      1151
 Minimum Temperature :    99.892
 Minimum Node No.    :      1005

 ISTEP =   148
 Time  = 17760.000
 Maximum Temperature :   180.038
 Maximum Node No.    :      1151
 Minimum Temperature :    99.892
 Minimum Node No.    :      1005

 ISTEP =   149
 Time  = 17880.000
 Maximum Temperature :   180.337
 Maximum Node No.    :      1151
 Minimum Temperature :    99.893
 Minimum Node No.    :      1005

 ISTEP =   150
 Time  = 18000.000
 Maximum Temperature :   180.634
 Maximum Node No.    :      1151
 Minimum Temperature :    99.894
 Minimum Node No.    :      1005

 ISTEP =   151
 Time  = 18120.000
 Maximum Temperature :   180.931
 Maximum Node No.    :      1151
 Minimum Temperature :    99.895
 Minimum Node No.    :      1005

 ISTEP =   152
 Time  = 18240.000
 Maximum Temperature :   181.227
 Maximum Node No.    :      1151
 Minimum Temperature :    99.896
 Minimum Node No.    :      1005

 ISTEP =   153
 Time  = 18360.000
 Maximum Temperature :   181.521
 Maximum Node No.    :      1151
 Minimum Temperature :    99.897
 Minimum Node No.    :      1005

 ISTEP =   154
 Time  = 18480.000
 Maximum Temperature :   181.815
 Maximum Node No.    :      1151
 Minimum Temperature :    99.899
 Minimum Node No.    :      1005

 ISTEP =   155
 Time  = 18600.000
 Maximum Temperature :   182.108
 Maximum Node No.    :      1151
 Minimum Temperature :    99.900
 Minimum Node No.    :      1005

 ISTEP =   156
 Time  = 18720.000
 Maximum Temperature :   182.399
 Maximum Node No.    :      1151
 Minimum Temperature :    99.902
 Minimum Node No.    :      1005

 ISTEP =   157
 Time  = 18840.000
 Maximum Temperature :   182.690
 Maximum Node No.    :      1151
 Minimum Temperature :    99.903
 Minimum Node No.    :      1005

 ISTEP =   158
 Time  = 18960.000
 Maximum Temperature :   182.979
 Maximum Node No.    :      1151
 Minimum Temperature :    99.905
 Minimum Node No.    :      1005

 ISTEP =   159
 Time  = 19080.000
 Maximum Temperature :   183.268
 Maximum Node No.    :      1151
 Minimum Temperature :    99.906
 Minimum Node No.    :      1005

 ISTEP =   160
 Time  = 19200.000
 Maximum Temperature :   183.555
 Maximum Node No.    :      1151
 Minimum Temperature :    99.908
 Minimum Node No.    :      1005

 ISTEP =   161
 Time  = 19320.000
 Maximum Temperature :   183.842
 Maximum Node No.    :      1151
 Minimum Temperature :    99.910
 Minimum Node No.    :      1005

 ISTEP =   162
 Time  = 19440.000
 Maximum Temperature :   184.127
 Maximum Node No.    :      1151
 Minimum Temperature :    99.912
 Minimum Node No.    :      1005

 ISTEP =   163
 Time  = 19560.000
 Maximum Temperature :   184.412
 Maximum Node No.    :      1151
 Minimum Temperature :    99.914
 Minimum Node No.    :      1005

 ISTEP =   164
 Time  = 19680.000
 Maximum Temperature :   184.696
 Maximum Node No.    :      1151
 Minimum Temperature :    99.916
 Minimum Node No.    :      1005

 ISTEP =   165
 Time  = 19800.000
 Maximum Temperature :   184.978
 Maximum Node No.    :      1151
 Minimum Temperature :    99.918
 Minimum Node No.    :      1005

 ISTEP =   166
 Time  = 19920.000
 Maximum Temperature :   185.260
 Maximum Node No.    :      1151
 Minimum Temperature :    99.921
 Minimum Node No.    :      1005

 ISTEP =   167
 Time  = 20040.000
 Maximum Temperature :   185.541
 Maximum Node No.    :      1151
 Minimum Temperature :    99.923
 Minimum Node No.    :      1005

 ISTEP =   168
 Time  = 20160.000
 Maximum Temperature :   185.821
 Maximum Node No.    :      1151
 Minimum Temperature :    99.926
 Minimum Node No.    :      1005

 ISTEP =   169
 Time  = 20280.000
 Maximum Temperature :   186.100
 Maximum Node No.    :      1151
 Minimum Temperature :    99.928
 Minimum Node No.    :      1005

 ISTEP =   170
 Time  = 20400.000
 Maximum Temperature :   186.379
 Maximum Node No.    :      1151
 Minimum Temperature :    99.931
 Minimum Node No.    :      1005

 ISTEP =   171
 Time  = 20520.000
 Maximum Temperature :   186.656
 Maximum Node No.    :      1151
 Minimum Temperature :    99.934
 Minimum Node No.    :      1005

 ISTEP =   172
 Time  = 20640.000
 Maximum Temperature :   186.932
 Maximum Node No.    :      1151
 Minimum Temperature :    99.937
 Minimum Node No.    :      1005

 ISTEP =   173
 Time  = 20760.000
 Maximum Temperature :   187.208
 Maximum Node No.    :      1151
 Minimum Temperature :    99.940
 Minimum Node No.    :      1005

 ISTEP =   174
 Time  = 20880.000
 Maximum Temperature :   187.483
 Maximum Node No.    :      1151
 Minimum Temperature :    99.943
 Minimum Node No.    :      1005

 ISTEP =   175
 Time  = 21000.000
 Maximum Temperature :   187.757
 Maximum Node No.    :      1151
 Minimum Temperature :    99.946
 Minimum Node No.    :      1005

 ISTEP =   176
 Time  = 21120.000
 Maximum Temperature :   188.030
 Maximum Node No.    :      1151
 Minimum Temperature :    99.949
 Minimum Node No.    :      1005

 ISTEP =   177
 Time  = 21240.000
 Maximum Temperature :   188.302
 Maximum Node No.    :      1151
 Minimum Temperature :    99.953
 Minimum Node No.    :      1005

 ISTEP =   178
 Time  = 21360.000
 Maximum Temperature :   188.574
 Maximum Node No.    :      1151
 Minimum Temperature :    99.956
 Minimum Node No.    :      1005

 ISTEP =   179
 Time  = 21480.000
 Maximum Temperature :   188.844
 Maximum Node No.    :      1151
 Minimum Temperature :    99.960
 Minimum Node No.    :      1005

 ISTEP =   180
 Time  = 21600.000
 Maximum Temperature :   189.114
 Maximum Node No.    :      1151
 Minimum Temperature :    99.963
 Minimum Node No.    :      1005

 ISTEP =   181
 Time  = 21720.000
 Maximum Temperature :   189.383
 Maximum Node No.    :      1151
 Minimum Temperature :    99.967
 Minimum Node No.    :      1005

 ISTEP =   182
 Time  = 21840.000
 Maximum Temperature :   189.651
 Maximum Node No.    :      1151
 Minimum Temperature :    99.971
 Minimum Node No.    :      1005

 ISTEP =   183
 Time  = 21960.000
 Maximum Temperature :   189.919
 Maximum Node No.    :      1151
 Minimum Temperature :    99.974
 Minimum Node No.    :      1006

 ISTEP =   184
 Time  = 22080.000
 Maximum Temperature :   190.185
 Maximum Node No.    :      1151
 Minimum Temperature :    99.975
 Minimum Node No.    :      1006

 ISTEP =   185
 Time  = 22200.000
 Maximum Temperature :   190.451
 Maximum Node No.    :      1151
 Minimum Temperature :    99.976
 Minimum Node No.    :      1006

 ISTEP =   186
 Time  = 22320.000
 Maximum Temperature :   190.716
 Maximum Node No.    :      1151
 Minimum Temperature :    99.976
 Minimum Node No.    :      1006

 ISTEP =   187
 Time  = 22440.000
 Maximum Temperature :   190.980
 Maximum Node No.    :      1151
 Minimum Temperature :    99.977
 Minimum Node No.    :      1006

 ISTEP =   188
 Time  = 22560.000
 Maximum Temperature :   191.244
 Maximum Node No.    :      1151
 Minimum Temperature :    99.978
 Minimum Node No.    :      1006

 ISTEP =   189
 Time  = 22680.000
 Maximum Temperature :   191.507
 Maximum Node No.    :      1151
 Minimum Temperature :    99.979
 Minimum Node No.    :      1006

 ISTEP =   190
 Time  = 22800.000
 Maximum Temperature :   191.769
 Maximum Node No.    :      1151
 Minimum Temperature :    99.980
 Minimum Node No.    :      1006

 ISTEP =   191
 Time  = 22920.000
 Maximum Temperature :   192.030
 Maximum Node No.    :      1151
 Minimum Temperature :    99.980
 Minimum Node No.    :      1006

 ISTEP =   192
 Time  = 23040.000
 Maximum Temperature :   192.291
 Maximum Node No.    :      1151
 Minimum Temperature :    99.981
 Minimum Node No.    :      1006

 ISTEP =   193
 Time  = 23160.000
 Maximum Temperature :   192.551
 Maximum Node No.    :      1151
 Minimum Temperature :    99.982
 Minimum Node No.    :      1006

 ISTEP =   194
 Time  = 23280.000
 Maximum Temperature :   192.810
 Maximum Node No.    :      1151
 Minimum Temperature :    99.983
 Minimum Node No.    :      1006

 ISTEP =   195
 Time  = 23400.000
 Maximum Temperature :   193.068
 Maximum Node No.    :      1151
 Minimum Temperature :    99.984
 Minimum Node No.    :      1006

 ISTEP =   196
 Time  = 23520.000
 Maximum Temperature :   193.326
 Maximum Node No.    :      1151
 Minimum Temperature :    99.985
 Minimum Node No.    :      1006

 ISTEP =   197
 Time  = 23640.000
 Maximum Temperature :   193.583
 Maximum Node No.    :      1151
 Minimum Temperature :    99.986
 Minimum Node No.    :      1006

 ISTEP =   198
 Time  = 23760.000
 Maximum Temperature :   193.839
 Maximum Node No.    :      1151
 Minimum Temperature :    99.988
 Minimum Node No.    :      1006

 ISTEP =   199
 Time  = 23880.000
 Maximum Temperature :   194.095
 Maximum Node No.    :      1151
 Minimum Temperature :    99.989
 Minimum Node No.    :      1006

 ISTEP =   200
 Time  = 24000.000
 Maximum Temperature :   194.350
 Maximum Node No.    :      1151
 Minimum Temperature :    99.990
 Minimum Node No.    :      1006

 ISTEP =   201
 Time  = 24120.000
 Maximum Temperature :   194.604
 Maximum Node No.    :      1151
 Minimum Temperature :    99.991
 Minimum Node No.    :      1006

 ISTEP =   202
 Time  = 24240.000
 Maximum Temperature :   194.858
 Maximum Node No.    :      1151
 Minimum Temperature :    99.992
 Minimum Node No.    :      1007

 ISTEP =   203
 Time  = 24360.000
 Maximum Temperature :   195.111
 Maximum Node No.    :      1151
 Minimum Temperature :    99.992
 Minimum Node No.    :      1007

 ISTEP =   204
 Time  = 24480.000
 Maximum Temperature :   195.363
 Maximum Node No.    :      1151
 Minimum Temperature :    99.992
 Minimum Node No.    :      1007

 ISTEP =   205
 Time  = 24600.000
 Maximum Temperature :   195.615
 Maximum Node No.    :      1151
 Minimum Temperature :    99.992
 Minimum Node No.    :      1007

 ISTEP =   206
 Time  = 24720.000
 Maximum Temperature :   195.866
 Maximum Node No.    :      1151
 Minimum Temperature :    99.992
 Minimum Node No.    :      1007

 ISTEP =   207
 Time  = 24840.000
 Maximum Temperature :   196.116
 Maximum Node No.    :      1151
 Minimum Temperature :    99.992
 Minimum Node No.    :      1007

 ISTEP =   208
 Time  = 24960.000
 Maximum Temperature :   196.366
 Maximum Node No.    :      1151
 Minimum Temperature :    99.992
 Minimum Node No.    :      1007

 ISTEP =   209
 Time  = 25080.000
 Maximum Temperature :   196.615
 Maximum Node No.    :      1151
 Minimum Temperature :    99.992
 Minimum Node No.    :      1007

 ISTEP =   210
 Time  = 25200.000
 Maximum Temperature :   196.863
 Maximum Node No.    :      1151
 Minimum Temperature :    99.992
 Minimum Node No.    :      1007

 ISTEP =   211
 Time  = 25320.000
 Maximum Temperature :   197.111
 Maximum Node No.    :      1151
 Minimum Temperature :    99.992
 Minimum Node No.    :      1007

 ISTEP =   212
 Time  = 25440.000
 Maximum Temperature :   197.358
 Maximum Node No.    :      1151
 Minimum Temperature :    99.992
 Minimum Node No.    :      1007

 ISTEP =   213
 Time  = 25560.000
 Maximum Temperature :   197.605
 Maximum Node No.    :      1151
 Minimum Temperature :    99.992
 Minimum Node No.    :      1007

 ISTEP =   214
 Time  = 25680.000
 Maximum Temperature :   197.851
 Maximum Node No.    :      1151
 Minimum Temperature :    99.992
 Minimum Node No.    :      1007

 ISTEP =   215
 Time  = 25800.000
 Maximum Temperature :   198.096
 Maximum Node No.    :      1151
 Minimum Temperature :    99.992
 Minimum Node No.    :      1007

 ISTEP =   216
 Time  = 25920.000
 Maximum Temperature :   198.341
 Maximum Node No.    :      1151
 Minimum Temperature :    99.992
 Minimum Node No.    :      1007

 ISTEP =   217
 Time  = 26040.000
 Maximum Temperature :   198.585
 Maximum Node No.    :      1151
 Minimum Temperature :    99.992
 Minimum Node No.    :      1007

 ISTEP =   218
 Time  = 26160.000
 Maximum Temperature :   198.829
 Maximum Node No.    :      1151
 Minimum Temperature :    99.992
 Minimum Node No.    :      1007

 ISTEP =   219
 Time  = 26280.000
 Maximum Temperature :   199.071
 Maximum Node No.    :      1151
 Minimum Temperature :    99.992
 Minimum Node No.    :      1007

 ISTEP =   220
 Time  = 26400.000
 Maximum Temperature :   199.314
 Maximum Node No.    :      1151
 Minimum Temperature :    99.992
 Minimum Node No.    :      1007

 ISTEP =   221
 Time  = 26520.000
 Maximum Temperature :   199.556
 Maximum Node No.    :      1151
 Minimum Temperature :    99.992
 Minimum Node No.    :      1007

 ISTEP =   222
 Time  = 26640.000
 Maximum Temperature :   199.797
 Maximum Node No.    :      1151
 Minimum Temperature :    99.992
 Minimum Node No.    :      1007

 ISTEP =   223
 Time  = 26760.000
 Maximum Temperature :   200.037
 Maximum Node No.    :      1151
 Minimum Temperature :    99.992
 Minimum Node No.    :      1007

 ISTEP =   224
 Time  = 26880.000
 Maximum Temperature :   200.277
 Maximum Node No.    :      1151
 Minimum Temperature :    99.992
 Minimum Node No.    :      1007

 ISTEP =   225
 Time  = 27000.000
 Maximum Temperature :   200.517
 Maximum Node No.    :      1151
 Minimum Temperature :    99.992
 Minimum Node No.    :      1007

 ISTEP =   226
 Time  = 27120.000
 Maximum Temperature :   200.756
 Maximum Node No.    :      1151
 Minimum Temperature :    99.992
 Minimum Node No.    :      1007

 ISTEP =   227
 Time  = 27240.000
 Maximum Temperature :   200.994
 Maximum Node No.    :      1151
 Minimum Temperature :    99.992
 Minimum Node No.    :      1007

 ISTEP =   228
 Time  = 27360.000
 Maximum Temperature :   201.232
 Maximum Node No.    :      1151
 Minimum Temperature :    99.992
 Minimum Node No.    :      1007

 ISTEP =   229
 Time  = 27480.000
 Maximum Temperature :   201.469
 Maximum Node No.    :      1151
 Minimum Temperature :    99.992
 Minimum Node No.    :      1007

 ISTEP =   230
 Time  = 27600.000
 Maximum Temperature :   201.706
 Maximum Node No.    :      1151
 Minimum Temperature :    99.993
 Minimum Node No.    :      1007

 ISTEP =   231
 Time  = 27720.000
 Maximum Temperature :   201.942
 Maximum Node No.    :      1151
 Minimum Temperature :    99.993
 Minimum Node No.    :      1007

 ISTEP =   232
 Time  = 27840.000
 Maximum Temperature :   202.178
 Maximum Node No.    :      1151
 Minimum Temperature :    99.993
 Minimum Node No.    :      1007

 ISTEP =   233
 Time  = 27960.000
 Maximum Temperature :   202.413
 Maximum Node No.    :      1151
 Minimum Temperature :    99.993
 Minimum Node No.    :      1007

 ISTEP =   234
 Time  = 28080.000
 Maximum Temperature :   202.647
 Maximum Node No.    :      1151
 Minimum Temperature :    99.993
 Minimum Node No.    :      1007

 ISTEP =   235
 Time  = 28200.000
 Maximum Temperature :   202.881
 Maximum Node No.    :      1151
 Minimum Temperature :    99.993
 Minimum Node No.    :      1007

 ISTEP =   236
 Time  = 28320.000
 Maximum Temperature :   203.115
 Maximum Node No.    :      1151
 Minimum Temperature :    99.993
 Minimum Node No.    :      1007

 ISTEP =   237
 Time  = 28440.000
 Maximum Temperature :   203.348
 Maximum Node No.    :      1151
 Minimum Temperature :    99.993
 Minimum Node No.    :      1007

 ISTEP =   238
 Time  = 28560.000
 Maximum Temperature :   203.580
 Maximum Node No.    :      1151
 Minimum Temperature :    99.993
 Minimum Node No.    :      1007

 ISTEP =   239
 Time  = 28680.000
 Maximum Temperature :   203.812
 Maximum Node No.    :      1151
 Minimum Temperature :    99.994
 Minimum Node No.    :      1007

 ISTEP =   240
 Time  = 28800.000
 Maximum Temperature :   204.044
 Maximum Node No.    :      1151
 Minimum Temperature :    99.994
 Minimum Node No.    :      1007

 ISTEP =   241
 Time  = 28920.000
 Maximum Temperature :   204.274
 Maximum Node No.    :      1151
 Minimum Temperature :    99.994
 Minimum Node No.    :      1007

 ISTEP =   242
 Time  = 29040.000
 Maximum Temperature :   204.505
 Maximum Node No.    :      1151
 Minimum Temperature :    99.994
 Minimum Node No.    :      1007

 ISTEP =   243
 Time  = 29160.000
 Maximum Temperature :   204.735
 Maximum Node No.    :      1151
 Minimum Temperature :    99.994
 Minimum Node No.    :      1007

 ISTEP =   244
 Time  = 29280.000
 Maximum Temperature :   204.964
 Maximum Node No.    :      1151
 Minimum Temperature :    99.994
 Minimum Node No.    :      1007

 ISTEP =   245
 Time  = 29400.000
 Maximum Temperature :   205.193
 Maximum Node No.    :      1151
 Minimum Temperature :    99.995
 Minimum Node No.    :      1007

 ISTEP =   246
 Time  = 29520.000
 Maximum Temperature :   205.421
 Maximum Node No.    :      1151
 Minimum Temperature :    99.995
 Minimum Node No.    :      1007

 ISTEP =   247
 Time  = 29640.000
 Maximum Temperature :   205.649
 Maximum Node No.    :      1151
 Minimum Temperature :    99.995
 Minimum Node No.    :      1007

 ISTEP =   248
 Time  = 29760.000
 Maximum Temperature :   205.877
 Maximum Node No.    :      1151
 Minimum Temperature :    99.995
 Minimum Node No.    :      1007

 ISTEP =   249
 Time  = 29880.000
 Maximum Temperature :   206.104
 Maximum Node No.    :      1151
 Minimum Temperature :    99.996
 Minimum Node No.    :      1007

 ISTEP =   250
 Time  = 30000.000
 Maximum Temperature :   206.330
 Maximum Node No.    :      1151
 Minimum Temperature :    99.996
 Minimum Node No.    :      1007

 ISTEP =   251
 Time  = 30120.000
 Maximum Temperature :   206.556
 Maximum Node No.    :      1151
 Minimum Temperature :    99.996
 Minimum Node No.    :      1007

 ISTEP =   252
 Time  = 30240.000
 Maximum Temperature :   206.782
 Maximum Node No.    :      1151
 Minimum Temperature :    99.996
 Minimum Node No.    :      1007

 ISTEP =   253
 Time  = 30360.000
 Maximum Temperature :   207.007
 Maximum Node No.    :      1151
 Minimum Temperature :    99.997
 Minimum Node No.    :      1007

 ISTEP =   254
 Time  = 30480.000
 Maximum Temperature :   207.231
 Maximum Node No.    :      1151
 Minimum Temperature :    99.997
 Minimum Node No.    :      1007

 ISTEP =   255
 Time  = 30600.000
 Maximum Temperature :   207.455
 Maximum Node No.    :      1151
 Minimum Temperature :    99.997
 Minimum Node No.    :      1007

 ISTEP =   256
 Time  = 30720.000
 Maximum Temperature :   207.679
 Maximum Node No.    :      1151
 Minimum Temperature :    99.997
 Minimum Node No.    :      1007

 ISTEP =   257
 Time  = 30840.000
 Maximum Temperature :   207.902
 Maximum Node No.    :      1151
 Minimum Temperature :    99.998
 Minimum Node No.    :      1007

 ISTEP =   258
 Time  = 30960.000
 Maximum Temperature :   208.125
 Maximum Node No.    :      1151
 Minimum Temperature :    99.998
 Minimum Node No.    :      1007

 ISTEP =   259
 Time  = 31080.000
 Maximum Temperature :   208.347
 Maximum Node No.    :      1151
 Minimum Temperature :    99.998
 Minimum Node No.    :      1007

 ISTEP =   260
 Time  = 31200.000
 Maximum Temperature :   208.569
 Maximum Node No.    :      1151
 Minimum Temperature :    99.999
 Minimum Node No.    :      1007

 ISTEP =   261
 Time  = 31320.000
 Maximum Temperature :   208.790
 Maximum Node No.    :      1151
 Minimum Temperature :    99.999
 Minimum Node No.    :      1008

 ISTEP =   262
 Time  = 31440.000
 Maximum Temperature :   209.011
 Maximum Node No.    :      1151
 Minimum Temperature :    99.999
 Minimum Node No.    :      1008

 ISTEP =   263
 Time  = 31560.000
 Maximum Temperature :   209.232
 Maximum Node No.    :      1151
 Minimum Temperature :    99.999
 Minimum Node No.    :      1008

 ISTEP =   264
 Time  = 31680.000
 Maximum Temperature :   209.452
 Maximum Node No.    :      1151
 Minimum Temperature :    99.999
 Minimum Node No.    :      1008

 ISTEP =   265
 Time  = 31800.000
 Maximum Temperature :   209.671
 Maximum Node No.    :      1151
 Minimum Temperature :    99.999
 Minimum Node No.    :      1008

 ISTEP =   266
 Time  = 31920.000
 Maximum Temperature :   209.890
 Maximum Node No.    :      1151
 Minimum Temperature :    99.999
 Minimum Node No.    :      1008

 ISTEP =   267
 Time  = 32040.000
 Maximum Temperature :   210.109
 Maximum Node No.    :      1151
 Minimum Temperature :    99.999
 Minimum Node No.    :      1008

 ISTEP =   268
 Time  = 32160.000
 Maximum Temperature :   210.327
 Maximum Node No.    :      1151
 Minimum Temperature :    99.999
 Minimum Node No.    :      1008

 ISTEP =   269
 Time  = 32280.000
 Maximum Temperature :   210.545
 Maximum Node No.    :      1151
 Minimum Temperature :   100.000
 Minimum Node No.    :      1008

 ISTEP =   270
 Time  = 32400.000
 Maximum Temperature :   210.763
 Maximum Node No.    :      1151
 Minimum Temperature :   100.000
 Minimum Node No.    :      1008

 ISTEP =   271
 Time  = 32520.000
 Maximum Temperature :   210.980
 Maximum Node No.    :      1151
 Minimum Temperature :   100.000
 Minimum Node No.    :      1009

 ISTEP =   272
 Time  = 32640.000
 Maximum Temperature :   211.196
 Maximum Node No.    :      1151
 Minimum Temperature :   100.000
 Minimum Node No.    :      1009

 ISTEP =   273
 Time  = 32760.000
 Maximum Temperature :   211.412
 Maximum Node No.    :      1151
 Minimum Temperature :   100.000
 Minimum Node No.    :      1009

 ISTEP =   274
 Time  = 32880.000
 Maximum Temperature :   211.628
 Maximum Node No.    :      1151
 Minimum Temperature :   100.000
 Minimum Node No.    :      1009

 ISTEP =   275
 Time  = 33000.000
 Maximum Temperature :   211.844
 Maximum Node No.    :      1151
 Minimum Temperature :   100.000
 Minimum Node No.    :      1009

 ISTEP =   276
 Time  = 33120.000
 Maximum Temperature :   212.058
 Maximum Node No.    :      1151
 Minimum Temperature :   100.000
 Minimum Node No.    :      1009

 ISTEP =   277
 Time  = 33240.000
 Maximum Temperature :   212.273
 Maximum Node No.    :      1151
 Minimum Temperature :   100.000
 Minimum Node No.    :      1009

 ISTEP =   278
 Time  = 33360.000
 Maximum Temperature :   212.487
 Maximum Node No.    :      1151
 Minimum Temperature :   100.000
 Minimum Node No.    :      1009

 ISTEP =   279
 Time  = 33480.000
 Maximum Temperature :   212.701
 Maximum Node No.    :      1151
 Minimum Temperature :   100.000
 Minimum Node No.    :      1009

 ISTEP =   280
 Time  = 33600.000
 Maximum Temperature :   212.914
 Maximum Node No.    :      1151
 Minimum Temperature :   100.000
 Minimum Node No.    :      1009

 ISTEP =   281
 Time  = 33720.000
 Maximum Temperature :   213.127
 Maximum Node No.    :      1151
 Minimum Temperature :   100.000
 Minimum Node No.    :      1009

 ISTEP =   282
 Time  = 33840.000
 Maximum Temperature :   213.339
 Maximum Node No.    :      1151
 Minimum Temperature :   100.000
 Minimum Node No.    :      1009

 ISTEP =   283
 Time  = 33960.000
 Maximum Temperature :   213.552
 Maximum Node No.    :      1151
 Minimum Temperature :   100.000
 Minimum Node No.    :      1009

 ISTEP =   284
 Time  = 34080.000
 Maximum Temperature :   213.763
 Maximum Node No.    :      1151
 Minimum Temperature :   100.000
 Minimum Node No.    :      1009

 ISTEP =   285
 Time  = 34200.000
 Maximum Temperature :   213.975
 Maximum Node No.    :      1151
 Minimum Temperature :   100.000
 Minimum Node No.    :      1009

 ISTEP =   286
 Time  = 34320.000
 Maximum Temperature :   214.185
 Maximum Node No.    :      1151
 Minimum Temperature :   100.000
 Minimum Node No.    :      1009

 ISTEP =   287
 Time  = 34440.000
 Maximum Temperature :   214.396
 Maximum Node No.    :      1151
 Minimum Temperature :   100.000
 Minimum Node No.    :      1009

 ISTEP =   288
 Time  = 34560.000
 Maximum Temperature :   214.606
 Maximum Node No.    :      1151
 Minimum Temperature :   100.000
 Minimum Node No.    :      1009
