 fstr_setup: OK
  Initial condition of temperatures: OK

 ISTEP =     1
 Time  =   120.000
 Maximum Temperature :   102.091
 Maximum Node No.    :      4201
 Minimum Temperature :    98.977
 Minimum Node No.    :      1101

 ISTEP =     2
 Time  =   240.000
 Maximum Temperature :   103.840
 Maximum Node No.    :      4201
 Minimum Temperature :    98.624
 Minimum Node No.    :      1101

 ISTEP =     3
 Time  =   360.000
 Maximum Temperature :   105.329
 Maximum Node No.    :      4201
 Minimum Temperature :    98.705
 Minimum Node No.    :      1101

 ISTEP =     4
 Time  =   480.000
 Maximum Temperature :   106.621
 Maximum Node No.    :      4201
 Minimum Temperature :    99.065
 Minimum Node No.    :      1101

 ISTEP =     5
 Time  =   600.000
 Maximum Temperature :   107.760
 Maximum Node No.    :      4201
 Minimum Temperature :    99.507
 Minimum Node No.    :      5101

 ISTEP =     6
 Time  =   720.000
 Maximum Temperature :   108.779
 Maximum Node No.    :      4201
 Minimum Temperature :    99.807
 Minimum Node No.    :      5101

 ISTEP =     7
 Time  =   840.000
 Maximum Temperature :   109.703
 Maximum Node No.    :      4201
 Minimum Temperature :    99.824
 Minimum Node No.    :      1153

 ISTEP =     8
 Time  =   960.000
 Maximum Temperature :   110.552
 Maximum Node No.    :      4201
 Minimum Temperature :    99.807
 Minimum Node No.    :      1153

 ISTEP =     9
 Time  =  1080.000
 Maximum Temperature :   111.392
 Maximum Node No.    :      2201
 Minimum Temperature :    99.795
 Minimum Node No.    :      1153

 ISTEP =    10
 Time  =  1200.000
 Maximum Temperature :   112.202
 Maximum Node No.    :      2201
 Minimum Temperature :    99.787
 Minimum Node No.    :      1153

 ISTEP =    11
 Time  =  1320.000
 Maximum Temperature :   112.980
 Maximum Node No.    :      2201
 Minimum Temperature :    99.782
 Minimum Node No.    :      1153

 ISTEP =    12
 Time  =  1440.000
 Maximum Temperature :   113.731
 Maximum Node No.    :      2201
 Minimum Temperature :    99.781
 Minimum Node No.    :      1153

 ISTEP =    13
 Time  =  1560.000
 Maximum Temperature :   114.459
 Maximum Node No.    :      2201
 Minimum Temperature :    99.783
 Minimum Node No.    :      1153

 ISTEP =    14
 Time  =  1680.000
 Maximum Temperature :   115.167
 Maximum Node No.    :      2201
 Minimum Temperature :    99.786
 Minimum Node No.    :      1153

 ISTEP =    15
 Time  =  1800.000
 Maximum Temperature :   115.857
 Maximum Node No.    :      2201
 Minimum Temperature :    99.792
 Minimum Node No.    :      1153

 ISTEP =    16
 Time  =  1920.000
 Maximum Temperature :   116.532
 Maximum Node No.    :      2201
 Minimum Temperature :    99.800
 Minimum Node No.    :      1153

 ISTEP =    17
 Time  =  2040.000
 Maximum Temperature :   117.193
 Maximum Node No.    :      2201
 Minimum Temperature :    99.809
 Minimum Node No.    :      1153

 ISTEP =    18
 Time  =  2160.000
 Maximum Temperature :   117.841
 Maximum Node No.    :      2201
 Minimum Temperature :    99.820
 Minimum Node No.    :      1153

 ISTEP =    19
 Time  =  2280.000
 Maximum Temperature :   118.477
 Maximum Node No.    :      2201
 Minimum Temperature :    99.832
 Minimum Node No.    :      1153

 ISTEP =    20
 Time  =  2400.000
 Maximum Temperature :   119.103
 Maximum Node No.    :      2201
 Minimum Temperature :    99.845
 Minimum Node No.    :      1153

 ISTEP =    21
 Time  =  2520.000
 Maximum Temperature :   119.719
 Maximum Node No.    :      2201
 Minimum Temperature :    99.859
 Minimum Node No.    :      1153

 ISTEP =    22
 Time  =  2640.000
 Maximum Temperature :   120.326
 Maximum Node No.    :      2201
 Minimum Temperature :    99.873
 Minimum Node No.    :      1153

 ISTEP =    23
 Time  =  2760.000
 Maximum Temperature :   120.925
 Maximum Node No.    :      2201
 Minimum Temperature :    99.888
 Minimum Node No.    :      1153

 ISTEP =    24
 Time  =  2880.000
 Maximum Temperature :   121.515
 Maximum Node No.    :      2201
 Minimum Temperature :    99.904
 Minimum Node No.    :      1153

 ISTEP =    25
 Time  =  3000.000
 Maximum Temperature :   122.099
 Maximum Node No.    :      2201
 Minimum Temperature :    99.911
 Minimum Node No.    :      1105

 ISTEP =    26
 Time  =  3120.000
 Maximum Temperature :   122.675
 Maximum Node No.    :      2201
 Minimum Temperature :    99.915
 Minimum Node No.    :      1105

 ISTEP =    27
 Time  =  3240.000
 Maximum Temperature :   123.246
 Maximum Node No.    :      2201
 Minimum Temperature :    99.919
 Minimum Node No.    :      1105

 ISTEP =    28
 Time  =  3360.000
 Maximum Temperature :   123.809
 Maximum Node No.    :      2201
 Minimum Temperature :    99.923
 Minimum Node No.    :      1105

 ISTEP =    29
 Time  =  3480.000
 Maximum Temperature :   124.368
 Maximum Node No.    :      2201
 Minimum Temperature :    99.928
 Minimum Node No.    :      1105

 ISTEP =    30
 Time  =  3600.000
 Maximum Temperature :   124.920
 Maximum Node No.    :      2201
 Minimum Temperature :    99.932
 Minimum Node No.    :      1105

 ISTEP =    31
 Time  =  3720.000
 Maximum Temperature :   125.467
 Maximum Node No.    :      2201
 Minimum Temperature :    99.937
 Minimum Node No.    :      1105

 ISTEP =    32
 Time  =  3840.000
 Maximum Temperature :   126.010
 Maximum Node No.    :      2201
 Minimum Temperature :    99.941
 Minimum Node No.    :      1105

 ISTEP =    33
 Time  =  3960.000
 Maximum Temperature :   126.547
 Maximum Node No.    :      2201
 Minimum Temperature :    99.946
 Minimum Node No.    :      1105

 ISTEP =    34
 Time  =  4080.000
 Maximum Temperature :   127.080
 Maximum Node No.    :      2201
 Minimum Temperature :    99.951
 Minimum Node No.    :      1105

 ISTEP =    35
 Time  =  4200.000
 Maximum Temperature :   127.608
 Maximum Node No.    :      2201
 Minimum Temperature :    99.955
 Minimum Node No.    :      1105

 ISTEP =    36
 Time  =  4320.000
 Maximum Temperature :   128.132
 Maximum Node No.    :      2201
 Minimum Temperature :    99.960
 Minimum Node No.    :      1105

 ISTEP =    37
 Time  =  4440.000
 Maximum Temperature :   128.652
 Maximum Node No.    :      2201
 Minimum Temperature :    99.965
 Minimum Node No.    :      1105

 ISTEP =    38
 Time  =  4560.000
 Maximum Temperature :   129.168
 Maximum Node No.    :      2201
 Minimum Temperature :    99.969
 Minimum Node No.    :      1105

 ISTEP =    39
 Time  =  4680.000
 Maximum Temperature :   129.680
 Maximum Node No.    :      2201
 Minimum Temperature :    99.974
 Minimum Node No.    :      1105

 ISTEP =    40
 Time  =  4800.000
 Maximum Temperature :   130.188
 Maximum Node No.    :      2201
 Minimum Temperature :    99.978
 Minimum Node No.    :      1105

 ISTEP =    41
 Time  =  4920.000
 Maximum Temperature :   130.693
 Maximum Node No.    :      2201
 Minimum Temperature :    99.981
 Minimum Node No.    :      1206

 ISTEP =    42
 Time  =  5040.000
 Maximum Temperature :   131.194
 Maximum Node No.    :      2201
 Minimum Temperature :    99.983
 Minimum Node No.    :      1206

 ISTEP =    43
 Time  =  5160.000
 Maximum Temperature :   131.691
 Maximum Node No.    :      2201
 Minimum Temperature :    99.984
 Minimum Node No.    :      1206

 ISTEP =    44
 Time  =  5280.000
 Maximum Temperature :   132.186
 Maximum Node No.    :      2201
 Minimum Temperature :    99.985
 Minimum Node No.    :      1206

 ISTEP =    45
 Time  =  5400.000
 Maximum Temperature :   132.677
 Maximum Node No.    :      2201
 Minimum Temperature :    99.986
 Minimum Node No.    :      1206

 ISTEP =    46
 Time  =  5520.000
 Maximum Temperature :   133.165
 Maximum Node No.    :      2201
 Minimum Temperature :    99.988
 Minimum Node No.    :      1206

 ISTEP =    47
 Time  =  5640.000
 Maximum Temperature :   133.649
 Maximum Node No.    :      2201
 Minimum Temperature :    99.989
 Minimum Node No.    :      1206

 ISTEP =    48
 Time  =  5760.000
 Maximum Temperature :   134.131
 Maximum Node No.    :      2201
 Minimum Temperature :    99.990
 Minimum Node No.    :      1206

 ISTEP =    49
 Time  =  5880.000
 Maximum Temperature :   134.610
 Maximum Node No.    :      2201
 Minimum Temperature :    99.992
 Minimum Node No.    :      1206

 ISTEP =    50
 Time  =  6000.000
 Maximum Temperature :   135.085
 Maximum Node No.    :      2201
 Minimum Temperature :    99.993
 Minimum Node No.    :      1206

 ISTEP =    51
 Time  =  6120.000
 Maximum Temperature :   135.558
 Maximum Node No.    :      2201
 Minimum Temperature :    99.994
 Minimum Node No.    :      1206

 ISTEP =    52
 Time  =  6240.000
 Maximum Temperature :   136.028
 Maximum Node No.    :      2201
 Minimum Temperature :    99.996
 Minimum Node No.    :      1206

 ISTEP =    53
 Time  =  6360.000
 Maximum Temperature :   136.496
 Maximum Node No.    :      2201
 Minimum Temperature :    99.997
 Minimum Node No.    :      1206

 ISTEP =    54
 Time  =  6480.000
 Maximum Temperature :   136.960
 Maximum Node No.    :      2201
 Minimum Temperature :    99.997
 Minimum Node No.    :      1155

 ISTEP =    55
 Time  =  6600.000
 Maximum Temperature :   137.422
 Maximum Node No.    :      2201
 Minimum Temperature :    99.996
 Minimum Node No.    :      1155

 ISTEP =    56
 Time  =  6720.000
 Maximum Temperature :   137.882
 Maximum Node No.    :      2201
 Minimum Temperature :    99.995
 Minimum Node No.    :      1155

 ISTEP =    57
 Time  =  6840.000
 Maximum Temperature :   138.339
 Maximum Node No.    :      2201
 Minimum Temperature :    99.995
 Minimum Node No.    :      1155

 ISTEP =    58
 Time  =  6960.000
 Maximum Temperature :   138.793
 Maximum Node No.    :      2201
 Minimum Temperature :    99.994
 Minimum Node No.    :      1155

 ISTEP =    59
 Time  =  7080.000
 Maximum Temperature :   139.245
 Maximum Node No.    :      2201
 Minimum Temperature :    99.994
 Minimum Node No.    :      1155

 ISTEP =    60
 Time  =  7200.000
 Maximum Temperature :   139.694
 Maximum Node No.    :      2201
 Minimum Temperature :    99.993
 Minimum Node No.    :      1107

 ISTEP =    61
 Time  =  7320.000
 Maximum Temperature :   140.141
 Maximum Node No.    :      2201
 Minimum Temperature :    99.992
 Minimum Node No.    :      1107

 ISTEP =    62
 Time  =  7440.000
 Maximum Temperature :   140.586
 Maximum Node No.    :      2201
 Minimum Temperature :    99.992
 Minimum Node No.    :      1107

 ISTEP =    63
 Time  =  7560.000
 Maximum Temperature :   141.028
 Maximum Node No.    :      2201
 Minimum Temperature :    99.991
 Minimum Node No.    :      1107

 ISTEP =    64
 Time  =  7680.000
 Maximum Temperature :   141.468
 Maximum Node No.    :      2201
 Minimum Temperature :    99.990
 Minimum Node No.    :      1107

 ISTEP =    65
 Time  =  7800.000
 Maximum Temperature :   141.905
 Maximum Node No.    :      2201
 Minimum Temperature :    99.990
 Minimum Node No.    :      1107

 ISTEP =    66
 Time  =  7920.000
 Maximum Temperature :   142.341
 Maximum Node No.    :      2201
 Minimum Temperature :    99.989
 Minimum Node No.    :      1107

 ISTEP =    67
 Time  =  8040.000
 Maximum Temperature :   142.774
 Maximum Node No.    :      2201
 Minimum Temperature :    99.989
 Minimum Node No.    :      1107

 ISTEP =    68
 Time  =  8160.000
 Maximum Temperature :   143.205
 Maximum Node No.    :      2201
 Minimum Temperature :    99.988
 Minimum Node No.    :      1107

 ISTEP =    69
 Time  =  8280.000
 Maximum Temperature :   143.634
 Maximum Node No.    :      2201
 Minimum Temperature :    99.988
 Minimum Node No.    :      1107

 ISTEP =    70
 Time  =  8400.000
 Maximum Temperature :   144.061
 Maximum Node No.    :      2201
 Minimum Temperature :    99.987
 Minimum Node No.    :      1107

 ISTEP =    71
 Time  =  8520.000
 Maximum Temperature :   144.485
 Maximum Node No.    :      2201
 Minimum Temperature :    99.987
 Minimum Node No.    :      1107

 ISTEP =    72
 Time  =  8640.000
 Maximum Temperature :   144.908
 Maximum Node No.    :      2201
 Minimum Temperature :    99.987
 Minimum Node No.    :      1107

 ISTEP =    73
 Time  =  8760.000
 Maximum Temperature :   145.328
 Maximum Node No.    :      2201
 Minimum Temperature :    99.986
 Minimum Node No.    :      1107

 ISTEP =    74
 Time  =  8880.000
 Maximum Temperature :   145.747
 Maximum Node No.    :      2201
 Minimum Temperature :    99.986
 Minimum Node No.    :      1107

 ISTEP =    75
 Time  =  9000.000
 Maximum Temperature :   146.163
 Maximum Node No.    :      2201
 Minimum Temperature :    99.985
 Minimum Node No.    :      1107

 ISTEP =    76
 Time  =  9120.000
 Maximum Temperature :   146.578
 Maximum Node No.    :      2201
 Minimum Temperature :    99.985
 Minimum Node No.    :      1107

 ISTEP =    77
 Time  =  9240.000
 Maximum Temperature :   146.991
 Maximum Node No.    :      2201
 Minimum Temperature :    99.985
 Minimum Node No.    :      1107

 ISTEP =    78
 Time  =  9360.000
 Maximum Temperature :   147.401
 Maximum Node No.    :      2201
 Minimum Temperature :    99.984
 Minimum Node No.    :      1107

 ISTEP =    79
 Time  =  9480.000
 Maximum Temperature :   147.810
 Maximum Node No.    :      2201
 Minimum Temperature :    99.984
 Minimum Node No.    :      1107

 ISTEP =    80
 Time  =  9600.000
 Maximum Temperature :   148.217
 Maximum Node No.    :      2201
 Minimum Temperature :    99.984
 Minimum Node No.    :      1107

 ISTEP =    81
 Time  =  9720.000
 Maximum Temperature :   148.622
 Maximum Node No.    :      2201
 Minimum Temperature :    99.984
 Minimum Node No.    :      1107

 ISTEP =    82
 Time  =  9840.000
 Maximum Temperature :   149.025
 Maximum Node No.    :      2201
 Minimum Temperature :    99.983
 Minimum Node No.    :      1107

 ISTEP =    83
 Time  =  9960.000
 Maximum Temperature :   149.426
 Maximum Node No.    :      2201
 Minimum Temperature :    99.983
 Minimum Node No.    :      1107

 ISTEP =    84
 Time  = 10080.000
 Maximum Temperature :   149.826
 Maximum Node No.    :      2201
 Minimum Temperature :    99.983
 Minimum Node No.    :      1107

 ISTEP =    85
 Time  = 10200.000
 Maximum Temperature :   150.224
 Maximum Node No.    :      2201
 Minimum Temperature :    99.983
 Minimum Node No.    :      1107

 ISTEP =    86
 Time  = 10320.000
 Maximum Temperature :   150.620
 Maximum Node No.    :      2201
 Minimum Temperature :    99.983
 Minimum Node No.    :      1107

 ISTEP =    87
 Time  = 10440.000
 Maximum Temperature :   151.014
 Maximum Node No.    :      2201
 Minimum Temperature :    99.983
 Minimum Node No.    :      1107

 ISTEP =    88
 Time  = 10560.000
 Maximum Temperature :   151.407
 Maximum Node No.    :      2201
 Minimum Temperature :    99.982
 Minimum Node No.    :      1107

 ISTEP =    89
 Time  = 10680.000
 Maximum Temperature :   151.797
 Maximum Node No.    :      2201
 Minimum Temperature :    99.982
 Minimum Node No.    :      1107

 ISTEP =    90
 Time  = 10800.000
 Maximum Temperature :   152.186
 Maximum Node No.    :      2201
 Minimum Temperature :    99.982
 Minimum Node No.    :      1107

 ISTEP =    91
 Time  = 10920.000
 Maximum Temperature :   152.574
 Maximum Node No.    :      2201
 Minimum Temperature :    99.982
 Minimum Node No.    :      1107

 ISTEP =    92
 Time  = 11040.000
 Maximum Temperature :   152.960
 Maximum Node No.    :      2201
 Minimum Temperature :    99.982
 Minimum Node No.    :      1107

 ISTEP =    93
 Time  = 11160.000
 Maximum Temperature :   153.346
 Maximum Node No.    :      1151
 Minimum Temperature :    99.982
 Minimum Node No.    :      1107

 ISTEP =    94
 Time  = 11280.000
 Maximum Temperature :   153.749
 Maximum Node No.    :      1151
 Minimum Temperature :    99.982
 Minimum Node No.    :      1107

 ISTEP =    95
 Time  = 11400.000
 Maximum Temperature :   154.150
 Maximum Node No.    :      1151
 Minimum Temperature :    99.982
 Minimum Node No.    :      1107

 ISTEP =    96
 Time  = 11520.000
 Maximum Temperature :   154.549
 Maximum Node No.    :      1151
 Minimum Temperature :    99.982
 Minimum Node No.    :      1107

 ISTEP =    97
 Time  = 11640.000
 Maximum Temperature :   154.946
 Maximum Node No.    :      1151
 Minimum Temperature :    99.982
 Minimum Node No.    :      1107

 ISTEP =    98
 Time  = 11760.000
 Maximum Temperature :   155.341
 Maximum Node No.    :      1151
 Minimum Temperature :    99.982
 Minimum Node No.    :      1107

 ISTEP =    99
 Time  = 11880.000
 Maximum Temperature :   155.734
 Maximum Node No.    :      1151
 Minimum Temperature :    99.982
 Minimum Node No.    :      1107

 ISTEP =   100
 Time  = 12000.000
 Maximum Temperature :   156.125
 Maximum Node No.    :      1151
 Minimum Temperature :    99.982
 Minimum Node No.    :      1107

 ISTEP =   101
 Time  = 12120.000
 Maximum Temperature :   156.513
 Maximum Node No.    :      1151
 Minimum Temperature :    99.982
 Minimum Node No.    :      1107

 ISTEP =   102
 Time  = 12240.000
 Maximum Temperature :   156.901
 Maximum Node No.    :      1151
 Minimum Temperature :    99.982
 Minimum Node No.    :      1107

 ISTEP =   103
 Time  = 12360.000
 Maximum Temperature :   157.286
 Maximum Node No.    :      1151
 Minimum Temperature :    99.982
 Minimum Node No.    :      1107

 ISTEP =   104
 Time  = 12480.000
 Maximum Temperature :   157.669
 Maximum Node No.    :      1151
 Minimum Temperature :    99.982
 Minimum Node No.    :      1107

 ISTEP =   105
 Time  = 12600.000
 Maximum Temperature :   158.051
 Maximum Node No.    :      1151
 Minimum Temperature :    99.982
 Minimum Node No.    :      1107

 ISTEP =   106
 Time  = 12720.000
 Maximum Temperature :   158.430
 Maximum Node No.    :      1151
 Minimum Temperature :    99.982
 Minimum Node No.    :      1107

 ISTEP =   107
 Time  = 12840.000
 Maximum Temperature :   158.808
 Maximum Node No.    :      1151
 Minimum Temperature :    99.982
 Minimum Node No.    :      1107

 ISTEP =   108
 Time  = 12960.000
 Maximum Temperature :   159.184
 Maximum Node No.    :      1151
 Minimum Temperature :    99.982
 Minimum Node No.    :      1107

 ISTEP =   109
 Time  = 13080.000
 Maximum Temperature :   159.559
 Maximum Node No.    :      1151
 Minimum Temperature :    99.982
 Minimum Node No.    :      1107

 ISTEP =   110
 Time  = 13200.000
 Maximum Temperature :   159.931
 Maximum Node No.    :      1151
 Minimum Temperature :    99.982
 Minimum Node No.    :      1107

 ISTEP =   111
 Time  = 13320.000
 Maximum Temperature :   160.302
 Maximum Node No.    :      1151
 Minimum Temperature :    99.983
 Minimum Node No.    :      1107

 ISTEP =   112
 Time  = 13440.000
 Maximum Temperature :   160.671
 Maximum Node No.    :      1151
 Minimum Temperature :    99.983
 Minimum Node No.    :      1107

 ISTEP =   113
 Time  = 13560.000
 Maximum Temperature :   161.039
 Maximum Node No.    :      1151
 Minimum Temperature :    99.983
 Minimum Node No.    :      1107

 ISTEP =   114
 Time  = 13680.000
 Maximum Temperature :   161.405
 Maximum Node No.    :      1151
 Minimum Temperature :    99.983
 Minimum Node No.    :      1107

 ISTEP =   115
 Time  = 13800.000
 Maximum Temperature :   161.769
 Maximum Node No.    :      1151
 Minimum Temperature :    99.983
 Minimum Node No.    :      1107

 ISTEP =   116
 Time  = 13920.000
 Maximum Temperature :   162.132
 Maximum Node No.    :      1151
 Minimum Temperature :    99.983
 Minimum Node No.    :      1107

 ISTEP =   117
 Time  = 14040.000
 Maximum Temperature :   162.493
 Maximum Node No.    :      1151
 Minimum Temperature :    99.983
 Minimum Node No.    :      1107

 ISTEP =   118
 Time  = 14160.000
 Maximum Temperature :   162.852
 Maximum Node No.    :      1151
 Minimum Temperature :    99.984
 Minimum Node No.    :      1107

 ISTEP =   119
 Time  = 14280.000
 Maximum Temperature :   163.210
 Maximum Node No.    :      1151
 Minimum Temperature :    99.984
 Minimum Node No.    :      1107

 ISTEP =   120
 Time  = 14400.000
 Maximum Temperature :   163.566
 Maximum Node No.    :      1151
 Minimum Temperature :    99.984
 Minimum Node No.    :      1107

 ISTEP =   121
 Time  = 14520.000
 Maximum Temperature :   163.921
 Maximum Node No.    :      1151
 Minimum Temperature :    99.984
 Minimum Node No.    :      1107

 ISTEP =   122
 Time  = 14640.000
 Maximum Temperature :   164.275
 Maximum Node No.    :      1151
 Minimum Temperature :    99.984
 Minimum Node No.    :      1107

 ISTEP =   123
 Time  = 14760.000
 Maximum Temperature :   164.626
 Maximum Node No.    :      1151
 Minimum Temperature :    99.985
 Minimum Node No.    :      1107

 ISTEP =   124
 Time  = 14880.000
 Maximum Temperature :   164.977
 Maximum Node No.    :      1151
 Minimum Temperature :    99.985
 Minimum Node No.    :      1107

 ISTEP =   125
 Time  = 15000.000
 Maximum Temperature :   165.326
 Maximum Node No.    :      1151
 Minimum Temperature :    99.985
 Minimum Node No.    :      1107

 ISTEP =   126
 Time  = 15120.000
 Maximum Temperature :   165.673
 Maximum Node No.    :      1151
 Minimum Temperature :    99.985
 Minimum Node No.    :      1107

 ISTEP =   127
 Time  = 15240.000
 Maximum Temperature :   166.019
 Maximum Node No.    :      1151
 Minimum Temperature :    99.985
 Minimum Node No.    :      1107

 ISTEP =   128
 Time  = 15360.000
 Maximum Temperature :   166.364
 Maximum Node No.    :      1151
 Minimum Temperature :    99.986
 Minimum Node No.    :      1107

 ISTEP =   129
 Time  = 15480.000
 Maximum Temperature :   166.707
 Maximum Node No.    :      1151
 Minimum Temperature :    99.986
 Minimum Node No.    :      1107

 ISTEP =   130
 Time  = 15600.000
 Maximum Temperature :   167.049
 Maximum Node No.    :      1151
 Minimum Temperature :    99.986
 Minimum Node No.    :      1107

 ISTEP =   131
 Time  = 15720.000
 Maximum Temperature :   167.389
 Maximum Node No.    :      1151
 Minimum Temperature :    99.986
 Minimum Node No.    :      1107

 ISTEP =   132
 Time  = 15840.000
 Maximum Temperature :   167.728
 Maximum Node No.    :      1151
 Minimum Temperature :    99.987
 Minimum Node No.    :      1107

 ISTEP =   133
 Time  = 15960.000
 Maximum Temperature :   168.066
 Maximum Node No.    :      1151
 Minimum Temperature :    99.987
 Minimum Node No.    :      1107

 ISTEP =   134
 Time  = 16080.000
 Maximum Temperature :   168.402
 Maximum Node No.    :      1151
 Minimum Temperature :    99.987
 Minimum Node No.    :      1107

 ISTEP =   135
 Time  = 16200.000
 Maximum Temperature :   168.737
 Maximum Node No.    :      1151
 Minimum Temperature :    99.987
 Minimum Node No.    :      1107

 ISTEP =   136
 Time  = 16320.000
 Maximum Temperature :   169.071
 Maximum Node No.    :      1151
 Minimum Temperature :    99.988
 Minimum Node No.    :      1107

 ISTEP =   137
 Time  = 16440.000
 Maximum Temperature :   169.403
 Maximum Node No.    :      1151
 Minimum Temperature :    99.988
 Minimum Node No.    :      1107

 ISTEP =   138
 Time  = 16560.000
 Maximum Temperature :   169.734
 Maximum Node No.    :      1151
 Minimum Temperature :    99.988
 Minimum Node No.    :      1107

 ISTEP =   139
 Time  = 16680.000
 Maximum Temperature :   170.064
 Maximum Node No.    :      1151
 Minimum Temperature :    99.988
 Minimum Node No.    :      1107

 ISTEP =   140
 Time  = 16800.000
 Maximum Temperature :   170.393
 Maximum Node No.    :      1151
 Minimum Temperature :    99.989
 Minimum Node No.    :      1107

 ISTEP =   141
 Time  = 16920.000
 Maximum Temperature :   170.720
 Maximum Node No.    :      1151
 Minimum Temperature :    99.989
 Minimum Node No.    :      1107

 ISTEP =   142
 Time  = 17040.000
 Maximum Temperature :   171.047
 Maximum Node No.    :      1151
 Minimum Temperature :    99.989
 Minimum Node No.    :      1107

 ISTEP =   143
 Time  = 17160.000
 Maximum Temperature :   171.371
 Maximum Node No.    :      1151
 Minimum Temperature :    99.990
 Minimum Node No.    :      1107

 ISTEP =   144
 Time  = 17280.000
 Maximum Temperature :   171.695
 Maximum Node No.    :      1151
 Minimum Temperature :    99.990
 Minimum Node No.    :      1107

 ISTEP =   145
 Time  = 17400.000
 Maximum Temperature :   172.018
 Maximum Node No.    :      1151
 Minimum Temperature :    99.990
 Minimum Node No.    :      1107

 ISTEP =   146
 Time  = 17520.000
 Maximum Temperature :   172.339
 Maximum Node No.    :      1151
 Minimum Temperature :    99.991
 Minimum Node No.    :      1107

 ISTEP =   147
 Time  = 17640.000
 Maximum Temperature :   172.659
 Maximum Node No.    :      1151
 Minimum Temperature :    99.991
 Minimum Node No.    :      1107

 ISTEP =   148
 Time  = 17760.000
 Maximum Temperature :   172.978
 Maximum Node No.    :      1151
 Minimum Temperature :    99.991
 Minimum Node No.    :      1107

 ISTEP =   149
 Time  = 17880.000
 Maximum Temperature :   173.296
 Maximum Node No.    :      1151
 Minimum Temperature :    99.992
 Minimum Node No.    :      1107

 ISTEP =   150
 Time  = 18000.000
 Maximum Temperature :   173.613
 Maximum Node No.    :      1151
 Minimum Temperature :    99.992
 Minimum Node No.    :      1107

 ISTEP =   151
 Time  = 18120.000
 Maximum Temperature :   173.928
 Maximum Node No.    :      1151
 Minimum Temperature :    99.992
 Minimum Node No.    :      1107

 ISTEP =   152
 Time  = 18240.000
 Maximum Temperature :   174.243
 Maximum Node No.    :      1151
 Minimum Temperature :    99.993
 Minimum Node No.    :      1107

 ISTEP =   153
 Time  = 18360.000
 Maximum Temperature :   174.556
 Maximum Node No.    :      1151
 Minimum Temperature :    99.993
 Minimum Node No.    :      1107

 ISTEP =   154
 Time  = 18480.000
 Maximum Temperature :   174.868
 Maximum Node No.    :      1151
 Minimum Temperature :    99.994
 Minimum Node No.    :      1107

 ISTEP =   155
 Time  = 18600.000
 Maximum Temperature :   175.180
 Maximum Node No.    :      1151
 Minimum Temperature :    99.994
 Minimum Node No.    :      1107

 ISTEP =   156
 Time  = 18720.000
 Maximum Temperature :   175.490
 Maximum Node No.    :      1151
 Minimum Temperature :    99.994
 Minimum Node No.    :      1107

 ISTEP =   157
 Time  = 18840.000
 Maximum Temperature :   175.799
 Maximum Node No.    :      1151
 Minimum Temperature :    99.995
 Minimum Node No.    :      1107

 ISTEP =   158
 Time  = 18960.000
 Maximum Temperature :   176.107
 Maximum Node No.    :      1151
 Minimum Temperature :    99.995
 Minimum Node No.    :      1107

 ISTEP =   159
 Time  = 19080.000
 Maximum Temperature :   176.413
 Maximum Node No.    :      1151
 Minimum Temperature :    99.995
 Minimum Node No.    :      1107

 ISTEP =   160
 Time  = 19200.000
 Maximum Temperature :   176.719
 Maximum Node No.    :      1151
 Minimum Temperature :    99.996
 Minimum Node No.    :      1107

 ISTEP =   161
 Time  = 19320.000
 Maximum Temperature :   177.024
 Maximum Node No.    :      1151
 Minimum Temperature :    99.996
 Minimum Node No.    :      1107

 ISTEP =   162
 Time  = 19440.000
 Maximum Temperature :   177.328
 Maximum Node No.    :      1151
 Minimum Temperature :    99.997
 Minimum Node No.    :      1107

 ISTEP =   163
 Time  = 19560.000
 Maximum Temperature :   177.631
 Maximum Node No.    :      1151
 Minimum Temperature :    99.997
 Minimum Node No.    :      1107

 ISTEP =   164
 Time  = 19680.000
 Maximum Temperature :   177.932
 Maximum Node No.    :      1151
 Minimum Temperature :    99.998
 Minimum Node No.    :      1107

 ISTEP =   165
 Time  = 19800.000
 Maximum Temperature :   178.233
 Maximum Node No.    :      1151
 Minimum Temperature :    99.998
 Minimum Node No.    :      1208

 ISTEP =   166
 Time  = 19920.000
 Maximum Temperature :   178.533
 Maximum Node No.    :      1151
 Minimum Temperature :    99.998
 Minimum Node No.    :      1208

 ISTEP =   167
 Time  = 20040.000
 Maximum Temperature :   178.831
 Maximum Node No.    :      1151
 Minimum Temperature :    99.998
 Minimum Node No.    :      1208

 ISTEP =   168
 Time  = 20160.000
 Maximum Temperature :   179.129
 Maximum Node No.    :      1151
 Minimum Temperature :    99.998
 Minimum Node No.    :      1208

 ISTEP =   169
 Time  = 20280.000
 Maximum Temperature :   179.426
 Maximum Node No.    :      1151
 Minimum Temperature :    99.998
 Minimum Node No.    :      1208

 ISTEP =   170
 Time  = 20400.000
 Maximum Temperature :   179.722
 Maximum Node No.    :      1151
 Minimum Temperature :    99.999
 Minimum Node No.    :      1208

 ISTEP =   171
 Time  = 20520.000
 Maximum Temperature :   180.017
 Maximum Node No.    :      1151
 Minimum Temperature :    99.999
 Minimum Node No.    :      1208

 ISTEP =   172
 Time  = 20640.000
 Maximum Temperature :   180.311
 Maximum Node No.    :      1151
 Minimum Temperature :    99.999
 Minimum Node No.    :      1208

 ISTEP =   173
 Time  = 20760.000
 Maximum Temperature :   180.604
 Maximum Node No.    :      1151
 Minimum Temperature :    99.999
 Minimum Node No.    :      1208

 ISTEP =   174
 Time  = 20880.000
 Maximum Temperature :   180.896
 Maximum Node No.    :      1151
 Minimum Temperature :    99.999
 Minimum Node No.    :      1208

 ISTEP =   175
 Time  = 21000.000
 Maximum Temperature :   181.187
 Maximum Node No.    :      1151
 Minimum Temperature :   100.000
 Minimum Node No.    :      1208

 ISTEP =   176
 Time  = 21120.000
 Maximum Temperature :   181.477
 Maximum Node No.    :      1151
 Minimum Temperature :   100.000
 Minimum Node No.    :      1159

 ISTEP =   177
 Time  = 21240.000
 Maximum Temperature :   181.767
 Maximum Node No.    :      1151
 Minimum Temperature :   100.000
 Minimum Node No.    :      1159

 ISTEP =   178
 Time  = 21360.000
 Maximum Temperature :   182.055
 Maximum Node No.    :      1151
 Minimum Temperature :   100.000
 Minimum Node No.    :      1159

 ISTEP =   179
 Time  = 21480.000
 Maximum Temperature :   182.343
 Maximum Node No.    :      1151
 Minimum Temperature :   100.000
 Minimum Node No.    :      1159

 ISTEP =   180
 Time  = 21600.000
 Maximum Temperature :   182.629
 Maximum Node No.    :      1151
 Minimum Temperature :   100.000
 Minimum Node No.    :      1159

 ISTEP =   181
 Time  = 21720.000
 Maximum Temperature :   182.915
 Maximum Node No.    :      1151
 Minimum Temperature :   100.000
 Minimum Node No.    :      1159

 ISTEP =   182
 Time  = 21840.000
 Maximum Temperature :   183.200
 Maximum Node No.    :      1151
 Minimum Temperature :   100.000
 Minimum Node No.    :      1159

 ISTEP =   183
 Time  = 21960.000
 Maximum Temperature :   183.484
 Maximum Node No.    :      1151
 Minimum Temperature :   100.000
 Minimum Node No.    :      1111

 ISTEP =   184
 Time  = 22080.000
 Maximum Temperature :   183.767
 Maximum Node No.    :      1151
 Minimum Temperature :   100.000
 Minimum Node No.    :      1111

 ISTEP =   185
 Time  = 22200.000
 Maximum Temperature :   184.050
 Maximum Node No.    :      1151
 Minimum Temperature :   100.000
 Minimum Node No.    :      1111

 ISTEP =   186
 Time  = 22320.000
 Maximum Temperature :   184.331
 Maximum Node No.    :      1151
 Minimum Temperature :   100.000
 Minimum Node No.    :      1111

 ISTEP =   187
 Time  = 22440.000
 Maximum Temperature :   184.612
 Maximum Node No.    :      1151
 Minimum Temperature :   100.000
 Minimum Node No.    :      1111

 ISTEP =   188
 Time  = 22560.000
 Maximum Temperature :   184.892
 Maximum Node No.    :      1151
 Minimum Temperature :   100.000
 Minimum Node No.    :      1111

 ISTEP =   189
 Time  = 22680.000
 Maximum Temperature :   185.171
 Maximum Node No.    :      1151
 Minimum Temperature :   100.000
 Minimum Node No.    :      1111

 ISTEP =   190
 Time  = 22800.000
 Maximum Temperature :   185.449
 Maximum Node No.    :      1151
 Minimum Temperature :   100.000
 Minimum Node No.    :      1111

 ISTEP =   191
 Time  = 22920.000
 Maximum Temperature :   185.726
 Maximum Node No.    :      1151
 Minimum Temperature :   100.000
 Minimum Node No.    :      1111

 ISTEP =   192
 Time  = 23040.000
 Maximum Temperature :   186.003
 Maximum Node No.    :      1151
 Minimum Temperature :   100.000
 Minimum Node No.    :      1111

 ISTEP =   193
 Time  = 23160.000
 Maximum Temperature :   186.279
 Maximum Node No.    :      1151
 Minimum Temperature :   100.000
 Minimum Node No.    :      1111

 ISTEP =   194
 Time  = 23280.000
 Maximum Temperature :   186.554
 Maximum Node No.    :      1151
 Minimum Temperature :   100.000
 Minimum Node No.    :      1111

 ISTEP =   195
 Time  = 23400.000
 Maximum Temperature :   186.828
 Maximum Node No.    :      1151
 Minimum Temperature :   100.000
 Minimum Node No.    :      1111

 ISTEP =   196
 Time  = 23520.000
 Maximum Temperature :   187.102
 Maximum Node No.    :      1151
 Minimum Temperature :   100.000
 Minimum Node No.    :      1111

 ISTEP =   197
 Time  = 23640.000
 Maximum Temperature :   187.374
 Maximum Node No.    :      1151
 Minimum Temperature :   100.000
 Minimum Node No.    :      1111

 ISTEP =   198
 Time  = 23760.000
 Maximum Temperature :   187.646
 Maximum Node No.    :      1151
 Minimum Temperature :   100.000
 Minimum Node No.    :      1111

 ISTEP =   199
 Time  = 23880.000
 Maximum Temperature :   187.917
 Maximum Node No.    :      1151
 Minimum Temperature :   100.000
 Minimum Node No.    :      1111

 ISTEP =   200
 Time  = 24000.000
 Maximum Temperature :   188.188
 Maximum Node No.    :      1151
 Minimum Temperature :   100.000
 Minimum Node No.    :      1111

 ISTEP =   201
 Time  = 24120.000
 Maximum Temperature :   188.457
 Maximum Node No.    :      1151
 Minimum Temperature :   100.000
 Minimum Node No.    :      1111

 ISTEP =   202
 Time  = 24240.000
 Maximum Temperature :   188.726
 Maximum Node No.    :      1151
 Minimum Temperature :   100.000
 Minimum Node No.    :      1111

 ISTEP =   203
 Time  = 24360.000
 Maximum Temperature :   188.994
 Maximum Node No.    :      1151
 Minimum Temperature :   100.000
 Minimum Node No.    :      1111

 ISTEP =   204
 Time  = 24480.000
 Maximum Temperature :   189.262
 Maximum Node No.    :      1151
 Minimum Temperature :   100.000
 Minimum Node No.    :      1111

 ISTEP =   205
 Time  = 24600.000
 Maximum Temperature :   189.528
 Maximum Node No.    :      1151
 Minimum Temperature :   100.000
 Minimum Node No.    :      1111

 ISTEP =   206
 Time  = 24720.000
 Maximum Temperature :   189.794
 Maximum Node No.    :      1151
 Minimum Temperature :   100.000
 Minimum Node No.    :      1111

 ISTEP =   207
 Time  = 24840.000
 Maximum Temperature :   190.059
 Maximum Node No.    :      1151
 Minimum Temperature :   100.000
 Minimum Node No.    :      1111

 ISTEP =   208
 Time  = 24960.000
 Maximum Temperature :   190.324
 Maximum Node No.    :      1151
 Minimum Temperature :   100.000
 Minimum Node No.    :      1111

 ISTEP =   209
 Time  = 25080.000
 Maximum Temperature :   190.588
 Maximum Node No.    :      1151
 Minimum Temperature :   100.000
 Minimum Node No.    :      1111

 ISTEP =   210
 Time  = 25200.000
 Maximum Temperature :   190.851
 Maximum Node No.    :      1151
 Minimum Temperature :   100.000
 Minimum Node No.    :      1111

 ISTEP =   211
 Time  = 25320.000
 Maximum Temperature :   191.113
 Maximum Node No.    :      1151
 Minimum Temperature :   100.000
 Minimum Node No.    :      1111

 ISTEP =   212
 Time  = 25440.000
 Maximum Temperature :   191.375
 Maximum Node No.    :      1151
 Minimum Temperature :   100.000
 Minimum Node No.    :      1111

 ISTEP =   213
 Time  = 25560.000
 Maximum Temperature :   191.636
 Maximum Node No.    :      1151
 Minimum Temperature :   100.000
 Minimum Node No.    :      1111

 ISTEP =   214
 Time  = 25680.000
 Maximum Temperature :   191.896
 Maximum Node No.    :      1151
 Minimum Temperature :   100.000
 Minimum Node No.    :      1111

 ISTEP =   215
 Time  = 25800.000
 Maximum Temperature :   192.156
 Maximum Node No.    :      1151
 Minimum Temperature :   100.000
 Minimum Node No.    :      1111

 ISTEP =   216
 Time  = 25920.000
 Maximum Temperature :   192.415
 Maximum Node No.    :      1151
 Minimum Temperature :   100.000
 Minimum Node No.    :      1111

 ISTEP =   217
 Time  = 26040.000
 Maximum Temperature :   192.673
 Maximum Node No.    :      1151
 Minimum Temperature :   100.000
 Minimum Node No.    :      1111

 ISTEP =   218
 Time  = 26160.000
 Maximum Temperature :   192.930
 Maximum Node No.    :      1151
 Minimum Temperature :   100.000
 Minimum Node No.    :      1111

 ISTEP =   219
 Time  = 26280.000
 Maximum Temperature :   193.187
 Maximum Node No.    :      1151
 Minimum Temperature :   100.000
 Minimum Node No.    :      1212

 ISTEP =   220
 Time  = 26400.000
 Maximum Temperature :   193.444
 Maximum Node No.    :      1151
 Minimum Temperature :   100.000
 Minimum Node No.    :      1212

 ISTEP =   221
 Time  = 26520.000
 Maximum Temperature :   193.699
 Maximum Node No.    :      1151
 Minimum Temperature :   100.000
 Minimum Node No.    :      1212

 ISTEP =   222
 Time  = 26640.000
 Maximum Temperature :   193.954
 Maximum Node No.    :      1151
 Minimum Temperature :   100.000
 Minimum Node No.    :      1212

 ISTEP =   223
 Time  = 26760.000
 Maximum Temperature :   194.209
 Maximum Node No.    :      1151
 Minimum Temperature :   100.000
 Minimum Node No.    :      1212

 ISTEP =   224
 Time  = 26880.000
 Maximum Temperature :   194.462
 Maximum Node No.    :      1151
 Minimum Temperature :   100.000
 Minimum Node No.    :      1212

 ISTEP =   225
 Time  = 27000.000
 Maximum Temperature :   194.715
 Maximum Node No.    :      1151
 Minimum Temperature :   100.000
 Minimum Node No.    :      1212

 ISTEP =   226
 Time  = 27120.000
 Maximum Temperature :   194.968
 Maximum Node No.    :      1151
 Minimum Temperature :   100.000
 Minimum Node No.    :      1212

 ISTEP =   227
 Time  = 27240.000
 Maximum Temperature :   195.219
 Maximum Node No.    :      1151
 Minimum Temperature :   100.000
 Minimum Node No.    :      1212

 ISTEP =   228
 Time  = 27360.000
 Maximum Temperature :   195.471
 Maximum Node No.    :      1151
 Minimum Temperature :   100.000
 Minimum Node No.    :      1212

 ISTEP =   229
 Time  = 27480.000
 Maximum Temperature :   195.721
 Maximum Node No.    :      1151
 Minimum Temperature :   100.000
 Minimum Node No.    :      1212

 ISTEP =   230
 Time  = 27600.000
 Maximum Temperature :   195.971
 Maximum Node No.    :      1151
 Minimum Temperature :   100.000
 Minimum Node No.    :      1212

 ISTEP =   231
 Time  = 27720.000
 Maximum Temperature :   196.220
 Maximum Node No.    :      1151
 Minimum Temperature :   100.000
 Minimum Node No.    :      1212

 ISTEP =   232
 Time  = 27840.000
 Maximum Temperature :   196.469
 Maximum Node No.    :      1151
 Minimum Temperature :   100.000
 Minimum Node No.    :      1212

 ISTEP =   233
 Time  = 27960.000
 Maximum Temperature :   196.717
 Maximum Node No.    :      1151
 Minimum Temperature :   100.000
 Minimum Node No.    :      1212

 ISTEP =   234
 Time  = 28080.000
 Maximum Temperature :   196.965
 Maximum Node No.    :      1151
 Minimum Temperature :   100.000
 Minimum Node No.    :      3113

 ISTEP =   235
 Time  = 28200.000
 Maximum Temperature :   197.212
 Maximum Node No.    :      1151
 Minimum Temperature :   100.000
 Minimum Node No.    :      3113

 ISTEP =   236
 Time  = 28320.000
 Maximum Temperature :   197.458
 Maximum Node No.    :      1151
 Minimum Temperature :   100.000
 Minimum Node No.    :      3113

 ISTEP =   237
 Time  = 28440.000
 Maximum Temperature :   197.704
 Maximum Node No.    :      1151
 Minimum Temperature :   100.000
 Minimum Node No.    :      3113

 ISTEP =   238
 Time  = 28560.000
 Maximum Temperature :   197.949
 Maximum Node No.    :      1151
 Minimum Temperature :   100.000
 Minimum Node No.    :      3113

 ISTEP =   239
 Time  = 28680.000
 Maximum Temperature :   198.193
 Maximum Node No.    :      1151
 Minimum Temperature :   100.000
 Minimum Node No.    :      3113

 ISTEP =   240
 Time  = 28800.000
 Maximum Temperature :   198.437
 Maximum Node No.    :      1151
 Minimum Temperature :   100.000
 Minimum Node No.    :      3113

 ISTEP =   241
 Time  = 28920.000
 Maximum Temperature :   198.681
 Maximum Node No.    :      1151
 Minimum Temperature :   100.000
 Minimum Node No.    :      3113

 ISTEP =   242
 Time  = 29040.000
 Maximum Temperature :   198.924
 Maximum Node No.    :      1151
 Minimum Temperature :   100.000
 Minimum Node No.    :      3113

 ISTEP =   243
 Time  = 29160.000
 Maximum Temperature :   199.166
 Maximum Node No.    :      1151
 Minimum Temperature :   100.000
 Minimum Node No.    :      3113

 ISTEP =   244
 Time  = 29280.000
 Maximum Temperature :   199.408
 Maximum Node No.    :      1151
 Minimum Temperature :   100.000
 Minimum Node No.    :      3113

 ISTEP =   245
 Time  = 29400.000
 Maximum Temperature :   199.649
 Maximum Node No.    :      1151
 Minimum Temperature :   100.000
 Minimum Node No.    :      3113

 ISTEP =   246
 Time  = 29520.000
 Maximum Temperature :   199.889
 Maximum Node No.    :      1151
 Minimum Temperature :   100.000
 Minimum Node No.    :      3113

 ISTEP =   247
 Time  = 29640.000
 Maximum Temperature :   200.129
 Maximum Node No.    :      1151
 Minimum Temperature :   100.000
 Minimum Node No.    :      3113

 ISTEP =   248
 Time  = 29760.000
 Maximum Temperature :   200.369
 Maximum Node No.    :      1151
 Minimum Temperature :   100.000
 Minimum Node No.    :      3113

 ISTEP =   249
 Time  = 29880.000
 Maximum Temperature :   200.608
 Maximum Node No.    :      1151
 Minimum Temperature :   100.000
 Minimum Node No.    :      3113

 ISTEP =   250
 Time  = 30000.000
 Maximum Temperature :   200.846
 Maximum Node No.    :      1151
 Minimum Temperature :   100.000
 Minimum Node No.    :      3113

 ISTEP =   251
 Time  = 30120.000
 Maximum Temperature :   201.084
 Maximum Node No.    :      1151
 Minimum Temperature :   100.000
 Minimum Node No.    :      3113

 ISTEP =   252
 Time  = 30240.000
 Maximum Temperature :   201.322
 Maximum Node No.    :      1151
 Minimum Temperature :   100.000
 Minimum Node No.    :      3113

 ISTEP =   253
 Time  = 30360.000
 Maximum Temperature :   201.558
 Maximum Node No.    :      1151
 Minimum Temperature :   100.000
 Minimum Node No.    :      3113

 ISTEP =   254
 Time  = 30480.000
 Maximum Temperature :   201.795
 Maximum Node No.    :      1151
 Minimum Temperature :   100.000
 Minimum Node No.    :      3113

 ISTEP =   255
 Time  = 30600.000
 Maximum Temperature :   202.030
 Maximum Node No.    :      1151
 Minimum Temperature :   100.000
 Minimum Node No.    :      3113

 ISTEP =   256
 Time  = 30720.000
 Maximum Temperature :   202.266
 Maximum Node No.    :      1151
 Minimum Temperature :   100.000
 Minimum Node No.    :      3115

 ISTEP =   257
 Time  = 30840.000
 Maximum Temperature :   202.500
 Maximum Node No.    :      1151
 Minimum Temperature :   100.000
 Minimum Node No.    :      3115

 ISTEP =   258
 Time  = 30960.000
 Maximum Temperature :   202.735
 Maximum Node No.    :      1151
 Minimum Temperature :   100.000
 Minimum Node No.    :      3115

 ISTEP =   259
 Time  = 31080.000
 Maximum Temperature :   202.968
 Maximum Node No.    :      1151
 Minimum Temperature :   100.000
 Minimum Node No.    :      3115

 ISTEP =   260
 Time  = 31200.000
 Maximum Temperature :   203.201
 Maximum Node No.    :      1151
 Minimum Temperature :   100.000
 Minimum Node No.    :      3115

 ISTEP =   261
 Time  = 31320.000
 Maximum Temperature :   203.434
 Maximum Node No.    :      1151
 Minimum Temperature :   100.000
 Minimum Node No.    :      3115

 ISTEP =   262
 Time  = 31440.000
 Maximum Temperature :   203.666
 Maximum Node No.    :      1151
 Minimum Temperature :   100.000
 Minimum Node No.    :      3115

 ISTEP =   263
 Time  = 31560.000
 Maximum Temperature :   203.898
 Maximum Node No.    :      1151
 Minimum Temperature :   100.000
 Minimum Node No.    :      3115

 ISTEP =   264
 Time  = 31680.000
 Maximum Temperature :   204.129
 Maximum Node No.    :      1151
 Minimum Temperature :   100.000
 Minimum Node No.    :      3115

 ISTEP =   265
 Time  = 31800.000
 Maximum Temperature :   204.360
 Maximum Node No.    :      1151
 Minimum Temperature :   100.000
 Minimum Node No.    :      3115

 ISTEP =   266
 Time  = 31920.000
 Maximum Temperature :   204.590
 Maximum Node No.    :      1151
 Minimum Temperature :   100.000
 Minimum Node No.    :      3115

 ISTEP =   267
 Time  = 32040.000
 Maximum Temperature :   204.820
 Maximum Node No.    :      1151
 Minimum Temperature :   100.000
 Minimum Node No.    :      3115

 ISTEP =   268
 Time  = 32160.000
 Maximum Temperature :   205.049
 Maximum Node No.    :      1151
 Minimum Temperature :   100.000
 Minimum Node No.    :      3115

 ISTEP =   269
 Time  = 32280.000
 Maximum Temperature :   205.277
 Maximum Node No.    :      1151
 Minimum Temperature :   100.000
 Minimum Node No.    :      3115

 ISTEP =   270
 Time  = 32400.000
 Maximum Temperature :   205.506
 Maximum Node No.    :      1151
 Minimum Temperature :   100.000
 Minimum Node No.    :      3115

 ISTEP =   271
 Time  = 32520.000
 Maximum Temperature :   205.733
 Maximum Node No.    :      1151
 Minimum Temperature :   100.000
 Minimum Node No.    :      3115

 ISTEP =   272
 Time  = 32640.000
 Maximum Temperature :   205.961
 Maximum Node No.    :      1151
 Minimum Temperature :   100.000
 Minimum Node No.    :      3115

 ISTEP =   273
 Time  = 32760.000
 Maximum Temperature :   206.187
 Maximum Node No.    :      1151
 Minimum Temperature :   100.000
 Minimum Node No.    :      3115

 ISTEP =   274
 Time  = 32880.000
 Maximum Temperature :   206.414
 Maximum Node No.    :      1151
 Minimum Temperature :   100.000
 Minimum Node No.    :      3115

 ISTEP =   275
 Time  = 33000.000
 Maximum Temperature :   206.640
 Maximum Node No.    :      1151
 Minimum Temperature :   100.000
 Minimum Node No.    :      3115

 ISTEP =   276
 Time  = 33120.000
 Maximum Temperature :   206.865
 Maximum Node No.    :      1151
 Minimum Temperature :   100.000
 Minimum Node No.    :      3115

 ISTEP =   277
 Time  = 33240.000
 Maximum Temperature :   207.090
 Maximum Node No.    :      1151
 Minimum Temperature :   100.000
 Minimum Node No.    :      3115

 ISTEP =   278
 Time  = 33360.000
 Maximum Temperature :   207.315
 Maximum Node No.    :      1151
 Minimum Temperature :   100.000
 Minimum Node No.    :      3115

 ISTEP =   279
 Time  = 33480.000
 Maximum Temperature :   207.539
 Maximum Node No.    :      1151
 Minimum Temperature :   100.000
 Minimum Node No.    :      3115

 ISTEP =   280
 Time  = 33600.000
 Maximum Temperature :   207.762
 Maximum Node No.    :      1151
 Minimum Temperature :   100.000
 Minimum Node No.    :      3115

 ISTEP =   281
 Time  = 33720.000
 Maximum Temperature :   207.985
 Maximum Node No.    :      1151
 Minimum Temperature :   100.000
 Minimum Node No.    :      3115

 ISTEP =   282
 Time  = 33840.000
 Maximum Temperature :   208.208
 Maximum Node No.    :      1151
 Minimum Temperature :   100.000
 Minimum Node No.    :      3115

 ISTEP =   283
 Time  = 33960.000
 Maximum Temperature :   208.430
 Maximum Node No.    :      1151
 Minimum Temperature :   100.000
 Minimum Node No.    :      3115

 ISTEP =   284
 Time  = 34080.000
 Maximum Temperature :   208.652
 Maximum Node No.    :      1151
 Minimum Temperature :   100.000
 Minimum Node No.    :      3115

 ISTEP =   285
 Time  = 34200.000
 Maximum Temperature :   208.873
 Maximum Node No.    :      1151
 Minimum Temperature :   100.000
 Minimum Node No.    :      3115

 ISTEP =   286
 Time  = 34320.000
 Maximum Temperature :   209.094
 Maximum Node No.    :      1151
 Minimum Temperature :   100.000
 Minimum Node No.    :      3115

 ISTEP =   287
 Time  = 34440.000
 Maximum Temperature :   209.315
 Maximum Node No.    :      1151
 Minimum Temperature :   100.000
 Minimum Node No.    :      3115

 ISTEP =   288
 Time  = 34560.000
 Maximum Temperature :   209.535
 Maximum Node No.    :      1151
 Minimum Temperature :   100.000
 Minimum Node No.    :      3115
