 fstr_setup: OK
  Initial condition of temperatures: OK

 STEP =     1 Time  =   120.000

 ISTEP =     1
 Time  =   120.000
 Maximum Temperature :   101.162
 Maximum Node No.    :      1051
 Minimum Temperature :    99.463
 Minimum Node No.    :      1101

 STEP =     2 Time  =   240.000

 ISTEP =     2
 Time  =   240.000
 Maximum Temperature :   102.187
 Maximum Node No.    :      2001
 Minimum Temperature :    99.221
 Minimum Node No.    :      3001

 STEP =     3 Time  =   360.000

 ISTEP =     3
 Time  =   360.000
 Maximum Temperature :   103.112
 Maximum Node No.    :      2001
 Minimum Temperature :    99.190
 Minimum Node No.    :      3001

 STEP =     4 Time  =   480.000

 ISTEP =     4
 Time  =   480.000
 Maximum Temperature :   103.961
 Maximum Node No.    :      2001
 Minimum Temperature :    99.312
 Minimum Node No.    :      3001

 STEP =     5 Time  =   600.000

 ISTEP =     5
 Time  =   600.000
 Maximum Temperature :   104.753
 Maximum Node No.    :      2001
 Minimum Temperature :    99.544
 Minimum Node No.    :      3001

 STEP =     6 Time  =   720.000

 ISTEP =     6
 Time  =   720.000
 Maximum Temperature :   105.500
 Maximum Node No.    :      2001
 Minimum Temperature :    99.834
 Minimum Node No.    :      2003

 STEP =     7 Time  =   840.000

 ISTEP =     7
 Time  =   840.000
 Maximum Temperature :   106.212
 Maximum Node No.    :      2001
 Minimum Temperature :    99.815
 Minimum Node No.    :      2003

 STEP =     8 Time  =   960.000

 ISTEP =     8
 Time  =   960.000
 Maximum Temperature :   106.895
 Maximum Node No.    :      2001
 Minimum Temperature :    99.801
 Minimum Node No.    :      2003

 STEP =     9 Time  =  1080.000

 ISTEP =     9
 Time  =  1080.000
 Maximum Temperature :   107.556
 Maximum Node No.    :      2101
 Minimum Temperature :    99.792
 Minimum Node No.    :      2003

 STEP =    10 Time  =  1200.000

 ISTEP =    10
 Time  =  1200.000
 Maximum Temperature :   108.198
 Maximum Node No.    :      2101
 Minimum Temperature :    99.789
 Minimum Node No.    :      2003

 STEP =    11 Time  =  1320.000

 ISTEP =    11
 Time  =  1320.000
 Maximum Temperature :   108.824
 Maximum Node No.    :      2101
 Minimum Temperature :    99.790
 Minimum Node No.    :      2003

 STEP =    12 Time  =  1440.000

 ISTEP =    12
 Time  =  1440.000
 Maximum Temperature :   109.437
 Maximum Node No.    :      2101
 Minimum Temperature :    99.794
 Minimum Node No.    :      2003

 STEP =    13 Time  =  1560.000

 ISTEP =    13
 Time  =  1560.000
 Maximum Temperature :   110.038
 Maximum Node No.    :      2101
 Minimum Temperature :    99.801
 Minimum Node No.    :      2003

 STEP =    14 Time  =  1680.000

 ISTEP =    14
 Time  =  1680.000
 Maximum Temperature :   110.629
 Maximum Node No.    :      2101
 Minimum Temperature :    99.792
 Minimum Node No.    :      3005

 STEP =    15 Time  =  1800.000

 ISTEP =    15
 Time  =  1800.000
 Maximum Temperature :   111.210
 Maximum Node No.    :      2101
 Minimum Temperature :    99.781
 Minimum Node No.    :      3005

 STEP =    16 Time  =  1920.000

 ISTEP =    16
 Time  =  1920.000
 Maximum Temperature :   111.784
 Maximum Node No.    :      2101
 Minimum Temperature :    99.772
 Minimum Node No.    :      3005

 STEP =    17 Time  =  2040.000

 ISTEP =    17
 Time  =  2040.000
 Maximum Temperature :   112.350
 Maximum Node No.    :      2101
 Minimum Temperature :    99.763
 Minimum Node No.    :      3005

 STEP =    18 Time  =  2160.000

 ISTEP =    18
 Time  =  2160.000
 Maximum Temperature :   112.910
 Maximum Node No.    :      3151
 Minimum Temperature :    99.756
 Minimum Node No.    :      3005

 STEP =    19 Time  =  2280.000

 ISTEP =    19
 Time  =  2280.000
 Maximum Temperature :   113.463
 Maximum Node No.    :      3151
 Minimum Temperature :    99.750
 Minimum Node No.    :      3005

 STEP =    20 Time  =  2400.000

 ISTEP =    20
 Time  =  2400.000
 Maximum Temperature :   114.011
 Maximum Node No.    :      3151
 Minimum Temperature :    99.745
 Minimum Node No.    :      3005

 STEP =    21 Time  =  2520.000

 ISTEP =    21
 Time  =  2520.000
 Maximum Temperature :   114.553
 Maximum Node No.    :      3151
 Minimum Temperature :    99.741
 Minimum Node No.    :      3005

 STEP =    22 Time  =  2640.000

 ISTEP =    22
 Time  =  2640.000
 Maximum Temperature :   115.090
 Maximum Node No.    :      3151
 Minimum Temperature :    99.738
 Minimum Node No.    :      3005

 STEP =    23 Time  =  2760.000

 ISTEP =    23
 Time  =  2760.000
 Maximum Temperature :   115.622
 Maximum Node No.    :      3151
 Minimum Temperature :    99.735
 Minimum Node No.    :      3005

 STEP =    24 Time  =  2880.000

 ISTEP =    24
 Time  =  2880.000
 Maximum Temperature :   116.150
 Maximum Node No.    :      3151
 Minimum Temperature :    99.733
 Minimum Node No.    :      3005

 STEP =    25 Time  =  3000.000

 ISTEP =    25
 Time  =  3000.000
 Maximum Temperature :   116.674
 Maximum Node No.    :      3151
 Minimum Temperature :    99.732
 Minimum Node No.    :      3005

 STEP =    26 Time  =  3120.000

 ISTEP =    26
 Time  =  3120.000
 Maximum Temperature :   117.193
 Maximum Node No.    :      3151
 Minimum Temperature :    99.731
 Minimum Node No.    :      3005

 STEP =    27 Time  =  3240.000

 ISTEP =    27
 Time  =  3240.000
 Maximum Temperature :   117.709
 Maximum Node No.    :      3151
 Minimum Temperature :    99.730
 Minimum Node No.    :      3005

 STEP =    28 Time  =  3360.000

 ISTEP =    28
 Time  =  3360.000
 Maximum Temperature :   118.220
 Maximum Node No.    :      3151
 Minimum Temperature :    99.730
 Minimum Node No.    :      3005

 STEP =    29 Time  =  3480.000

 ISTEP =    29
 Time  =  3480.000
 Maximum Temperature :   118.728
 Maximum Node No.    :      3151
 Minimum Temperature :    99.730
 Minimum Node No.    :      3005

 STEP =    30 Time  =  3600.000

 ISTEP =    30
 Time  =  3600.000
 Maximum Temperature :   119.232
 Maximum Node No.    :      3151
 Minimum Temperature :    99.731
 Minimum Node No.    :      3005

 STEP =    31 Time  =  3720.000

 ISTEP =    31
 Time  =  3720.000
 Maximum Temperature :   119.733
 Maximum Node No.    :      3151
 Minimum Temperature :    99.731
 Minimum Node No.    :      3005

 STEP =    32 Time  =  3840.000

 ISTEP =    32
 Time  =  3840.000
 Maximum Temperature :   120.231
 Maximum Node No.    :      3151
 Minimum Temperature :    99.732
 Minimum Node No.    :      3005

 STEP =    33 Time  =  3960.000

 ISTEP =    33
 Time  =  3960.000
 Maximum Temperature :   120.725
 Maximum Node No.    :      3151
 Minimum Temperature :    99.733
 Minimum Node No.    :      3005

 STEP =    34 Time  =  4080.000

 ISTEP =    34
 Time  =  4080.000
 Maximum Temperature :   121.216
 Maximum Node No.    :      3151
 Minimum Temperature :    99.734
 Minimum Node No.    :      3005

 STEP =    35 Time  =  4200.000

 ISTEP =    35
 Time  =  4200.000
 Maximum Temperature :   121.704
 Maximum Node No.    :      3151
 Minimum Temperature :    99.735
 Minimum Node No.    :      3005

 STEP =    36 Time  =  4320.000

 ISTEP =    36
 Time  =  4320.000
 Maximum Temperature :   122.189
 Maximum Node No.    :      3151
 Minimum Temperature :    99.737
 Minimum Node No.    :      3005

 STEP =    37 Time  =  4440.000

 ISTEP =    37
 Time  =  4440.000
 Maximum Temperature :   122.671
 Maximum Node No.    :      3151
 Minimum Temperature :    99.738
 Minimum Node No.    :      1105

 STEP =    38 Time  =  4560.000

 ISTEP =    38
 Time  =  4560.000
 Maximum Temperature :   123.150
 Maximum Node No.    :      3151
 Minimum Temperature :    99.740
 Minimum Node No.    :      1105

 STEP =    39 Time  =  4680.000

 ISTEP =    39
 Time  =  4680.000
 Maximum Temperature :   123.626
 Maximum Node No.    :      3151
 Minimum Temperature :    99.741
 Minimum Node No.    :      1105

 STEP =    40 Time  =  4800.000

 ISTEP =    40
 Time  =  4800.000
 Maximum Temperature :   124.100
 Maximum Node No.    :      3151
 Minimum Temperature :    99.743
 Minimum Node No.    :      1105

 STEP =    41 Time  =  4920.000

 ISTEP =    41
 Time  =  4920.000
 Maximum Temperature :   124.570
 Maximum Node No.    :      4101
 Minimum Temperature :    99.745
 Minimum Node No.    :      1105

 STEP =    42 Time  =  5040.000

 ISTEP =    42
 Time  =  5040.000
 Maximum Temperature :   125.039
 Maximum Node No.    :      4101
 Minimum Temperature :    99.747
 Minimum Node No.    :      1105

 STEP =    43 Time  =  5160.000

 ISTEP =    43
 Time  =  5160.000
 Maximum Temperature :   125.504
 Maximum Node No.    :      4101
 Minimum Temperature :    99.748
 Minimum Node No.    :      1105

 STEP =    44 Time  =  5280.000

 ISTEP =    44
 Time  =  5280.000
 Maximum Temperature :   125.967
 Maximum Node No.    :      4101
 Minimum Temperature :    99.750
 Minimum Node No.    :      1105

 STEP =    45 Time  =  5400.000

 ISTEP =    45
 Time  =  5400.000
 Maximum Temperature :   126.428
 Maximum Node No.    :      4101
 Minimum Temperature :    99.752
 Minimum Node No.    :      1005

 STEP =    46 Time  =  5520.000

 ISTEP =    46
 Time  =  5520.000
 Maximum Temperature :   126.886
 Maximum Node No.    :      4101
 Minimum Temperature :    99.754
 Minimum Node No.    :      1005

 STEP =    47 Time  =  5640.000

 ISTEP =    47
 Time  =  5640.000
 Maximum Temperature :   127.342
 Maximum Node No.    :      4101
 Minimum Temperature :    99.756
 Minimum Node No.    :      1005

 STEP =    48 Time  =  5760.000

 ISTEP =    48
 Time  =  5760.000
 Maximum Temperature :   127.795
 Maximum Node No.    :      4101
 Minimum Temperature :    99.758
 Minimum Node No.    :      1005

 STEP =    49 Time  =  5880.000

 ISTEP =    49
 Time  =  5880.000
 Maximum Temperature :   128.247
 Maximum Node No.    :      4101
 Minimum Temperature :    99.761
 Minimum Node No.    :      1005

 STEP =    50 Time  =  6000.000

 ISTEP =    50
 Time  =  6000.000
 Maximum Temperature :   128.696
 Maximum Node No.    :      4101
 Minimum Temperature :    99.763
 Minimum Node No.    :      1005

 STEP =    51 Time  =  6120.000

 ISTEP =    51
 Time  =  6120.000
 Maximum Temperature :   129.142
 Maximum Node No.    :      4101
 Minimum Temperature :    99.765
 Minimum Node No.    :      1005

 STEP =    52 Time  =  6240.000

 ISTEP =    52
 Time  =  6240.000
 Maximum Temperature :   129.587
 Maximum Node No.    :      4101
 Minimum Temperature :    99.767
 Minimum Node No.    :      1005

 STEP =    53 Time  =  6360.000

 ISTEP =    53
 Time  =  6360.000
 Maximum Temperature :   130.029
 Maximum Node No.    :      4101
 Minimum Temperature :    99.769
 Minimum Node No.    :      1005

 STEP =    54 Time  =  6480.000

 ISTEP =    54
 Time  =  6480.000
 Maximum Temperature :   130.470
 Maximum Node No.    :      4101
 Minimum Temperature :    99.772
 Minimum Node No.    :      1005

 STEP =    55 Time  =  6600.000

 ISTEP =    55
 Time  =  6600.000
 Maximum Temperature :   130.908
 Maximum Node No.    :      4101
 Minimum Temperature :    99.774
 Minimum Node No.    :      1005

 STEP =    56 Time  =  6720.000

 ISTEP =    56
 Time  =  6720.000
 Maximum Temperature :   131.344
 Maximum Node No.    :      4101
 Minimum Temperature :    99.776
 Minimum Node No.    :      1005

 STEP =    57 Time  =  6840.000

 ISTEP =    57
 Time  =  6840.000
 Maximum Temperature :   131.778
 Maximum Node No.    :      4101
 Minimum Temperature :    99.778
 Minimum Node No.    :      1005

 STEP =    58 Time  =  6960.000

 ISTEP =    58
 Time  =  6960.000
 Maximum Temperature :   132.210
 Maximum Node No.    :      4101
 Minimum Temperature :    99.781
 Minimum Node No.    :      1005

 STEP =    59 Time  =  7080.000

 ISTEP =    59
 Time  =  7080.000
 Maximum Temperature :   132.641
 Maximum Node No.    :      4101
 Minimum Temperature :    99.783
 Minimum Node No.    :      1005

 STEP =    60 Time  =  7200.000

 ISTEP =    60
 Time  =  7200.000
 Maximum Temperature :   133.069
 Maximum Node No.    :      4101
 Minimum Temperature :    99.786
 Minimum Node No.    :      1005

 STEP =    61 Time  =  7320.000

 ISTEP =    61
 Time  =  7320.000
 Maximum Temperature :   133.495
 Maximum Node No.    :      4101
 Minimum Temperature :    99.788
 Minimum Node No.    :      1005

 STEP =    62 Time  =  7440.000

 ISTEP =    62
 Time  =  7440.000
 Maximum Temperature :   133.920
 Maximum Node No.    :      4101
 Minimum Temperature :    99.790
 Minimum Node No.    :      1005

 STEP =    63 Time  =  7560.000

 ISTEP =    63
 Time  =  7560.000
 Maximum Temperature :   134.343
 Maximum Node No.    :      4101
 Minimum Temperature :    99.793
 Minimum Node No.    :      1005

 STEP =    64 Time  =  7680.000

 ISTEP =    64
 Time  =  7680.000
 Maximum Temperature :   134.764
 Maximum Node No.    :      4101
 Minimum Temperature :    99.795
 Minimum Node No.    :      1005

 STEP =    65 Time  =  7800.000

 ISTEP =    65
 Time  =  7800.000
 Maximum Temperature :   135.183
 Maximum Node No.    :      4101
 Minimum Temperature :    99.798
 Minimum Node No.    :      1005

 STEP =    66 Time  =  7920.000

 ISTEP =    66
 Time  =  7920.000
 Maximum Temperature :   135.600
 Maximum Node No.    :      4101
 Minimum Temperature :    99.800
 Minimum Node No.    :      1005

 STEP =    67 Time  =  8040.000

 ISTEP =    67
 Time  =  8040.000
 Maximum Temperature :   136.016
 Maximum Node No.    :      4101
 Minimum Temperature :    99.803
 Minimum Node No.    :      1005

 STEP =    68 Time  =  8160.000

 ISTEP =    68
 Time  =  8160.000
 Maximum Temperature :   136.430
 Maximum Node No.    :      4101
 Minimum Temperature :    99.806
 Minimum Node No.    :      1005

 STEP =    69 Time  =  8280.000

 ISTEP =    69
 Time  =  8280.000
 Maximum Temperature :   136.842
 Maximum Node No.    :      4101
 Minimum Temperature :    99.808
 Minimum Node No.    :      1005

 STEP =    70 Time  =  8400.000

 ISTEP =    70
 Time  =  8400.000
 Maximum Temperature :   137.253
 Maximum Node No.    :      4101
 Minimum Temperature :    99.811
 Minimum Node No.    :      1005

 STEP =    71 Time  =  8520.000

 ISTEP =    71
 Time  =  8520.000
 Maximum Temperature :   137.662
 Maximum Node No.    :      4101
 Minimum Temperature :    99.813
 Minimum Node No.    :      1005

 STEP =    72 Time  =  8640.000

 ISTEP =    72
 Time  =  8640.000
 Maximum Temperature :   138.070
 Maximum Node No.    :      4101
 Minimum Temperature :    99.816
 Minimum Node No.    :      1005

 STEP =    73 Time  =  8760.000

 ISTEP =    73
 Time  =  8760.000
 Maximum Temperature :   138.475
 Maximum Node No.    :      4101
 Minimum Temperature :    99.819
 Minimum Node No.    :      1005

 STEP =    74 Time  =  8880.000

 ISTEP =    74
 Time  =  8880.000
 Maximum Temperature :   138.879
 Maximum Node No.    :      4101
 Minimum Temperature :    99.822
 Minimum Node No.    :      1005

 STEP =    75 Time  =  9000.000

 ISTEP =    75
 Time  =  9000.000
 Maximum Temperature :   139.282
 Maximum Node No.    :      4101
 Minimum Temperature :    99.824
 Minimum Node No.    :      1005

 STEP =    76 Time  =  9120.000

 ISTEP =    76
 Time  =  9120.000
 Maximum Temperature :   139.683
 Maximum Node No.    :      4101
 Minimum Temperature :    99.827
 Minimum Node No.    :      1005

 STEP =    77 Time  =  9240.000

 ISTEP =    77
 Time  =  9240.000
 Maximum Temperature :   140.083
 Maximum Node No.    :      4101
 Minimum Temperature :    99.830
 Minimum Node No.    :      1005

 STEP =    78 Time  =  9360.000

 ISTEP =    78
 Time  =  9360.000
 Maximum Temperature :   140.481
 Maximum Node No.    :      4101
 Minimum Temperature :    99.833
 Minimum Node No.    :      1005

 STEP =    79 Time  =  9480.000

 ISTEP =    79
 Time  =  9480.000
 Maximum Temperature :   140.877
 Maximum Node No.    :      4101
 Minimum Temperature :    99.836
 Minimum Node No.    :      1005

 STEP =    80 Time  =  9600.000

 ISTEP =    80
 Time  =  9600.000
 Maximum Temperature :   141.272
 Maximum Node No.    :      4101
 Minimum Temperature :    99.839
 Minimum Node No.    :      1005

 STEP =    81 Time  =  9720.000

 ISTEP =    81
 Time  =  9720.000
 Maximum Temperature :   141.666
 Maximum Node No.    :      4101
 Minimum Temperature :    99.842
 Minimum Node No.    :      1005

 STEP =    82 Time  =  9840.000

 ISTEP =    82
 Time  =  9840.000
 Maximum Temperature :   142.058
 Maximum Node No.    :      4101
 Minimum Temperature :    99.845
 Minimum Node No.    :      1005

 STEP =    83 Time  =  9960.000

 ISTEP =    83
 Time  =  9960.000
 Maximum Temperature :   142.449
 Maximum Node No.    :      4101
 Minimum Temperature :    99.848
 Minimum Node No.    :      1005

 STEP =    84 Time  = 10080.000

 ISTEP =    84
 Time  = 10080.000
 Maximum Temperature :   142.838
 Maximum Node No.    :      4101
 Minimum Temperature :    99.851
 Minimum Node No.    :      1005

 STEP =    85 Time  = 10200.000

 ISTEP =    85
 Time  = 10200.000
 Maximum Temperature :   143.226
 Maximum Node No.    :      4101
 Minimum Temperature :    99.854
 Minimum Node No.    :      1005

 STEP =    86 Time  = 10320.000

 ISTEP =    86
 Time  = 10320.000
 Maximum Temperature :   143.613
 Maximum Node No.    :      4101
 Minimum Temperature :    99.857
 Minimum Node No.    :      1005

 STEP =    87 Time  = 10440.000

 ISTEP =    87
 Time  = 10440.000
 Maximum Temperature :   143.998
 Maximum Node No.    :      4101
 Minimum Temperature :    99.860
 Minimum Node No.    :      1005

 STEP =    88 Time  = 10560.000

 ISTEP =    88
 Time  = 10560.000
 Maximum Temperature :   144.382
 Maximum Node No.    :      4101
 Minimum Temperature :    99.863
 Minimum Node No.    :      1005

 STEP =    89 Time  = 10680.000

 ISTEP =    89
 Time  = 10680.000
 Maximum Temperature :   144.764
 Maximum Node No.    :      4101
 Minimum Temperature :    99.866
 Minimum Node No.    :      1005

 STEP =    90 Time  = 10800.000

 ISTEP =    90
 Time  = 10800.000
 Maximum Temperature :   145.146
 Maximum Node No.    :      4101
 Minimum Temperature :    99.870
 Minimum Node No.    :      1005

 STEP =    91 Time  = 10920.000

 ISTEP =    91
 Time  = 10920.000
 Maximum Temperature :   145.526
 Maximum Node No.    :      4101
 Minimum Temperature :    99.873
 Minimum Node No.    :      1005

 STEP =    92 Time  = 11040.000

 ISTEP =    92
 Time  = 11040.000
 Maximum Temperature :   145.904
 Maximum Node No.    :      4101
 Minimum Temperature :    99.876
 Minimum Node No.    :      1005

 STEP =    93 Time  = 11160.000

 ISTEP =    93
 Time  = 11160.000
 Maximum Temperature :   146.281
 Maximum Node No.    :      4101
 Minimum Temperature :    99.879
 Minimum Node No.    :      1005

 STEP =    94 Time  = 11280.000

 ISTEP =    94
 Time  = 11280.000
 Maximum Temperature :   146.657
 Maximum Node No.    :      4101
 Minimum Temperature :    99.883
 Minimum Node No.    :      1005

 STEP =    95 Time  = 11400.000

 ISTEP =    95
 Time  = 11400.000
 Maximum Temperature :   147.032
 Maximum Node No.    :      4101
 Minimum Temperature :    99.886
 Minimum Node No.    :      1005

 STEP =    96 Time  = 11520.000

 ISTEP =    96
 Time  = 11520.000
 Maximum Temperature :   147.405
 Maximum Node No.    :      4101
 Minimum Temperature :    99.890
 Minimum Node No.    :      1005

 STEP =    97 Time  = 11640.000

 ISTEP =    97
 Time  = 11640.000
 Maximum Temperature :   147.778
 Maximum Node No.    :      4101
 Minimum Temperature :    99.893
 Minimum Node No.    :      1005

 STEP =    98 Time  = 11760.000

 ISTEP =    98
 Time  = 11760.000
 Maximum Temperature :   148.149
 Maximum Node No.    :      4101
 Minimum Temperature :    99.897
 Minimum Node No.    :      1005

 STEP =    99 Time  = 11880.000

 ISTEP =    99
 Time  = 11880.000
 Maximum Temperature :   148.518
 Maximum Node No.    :      4101
 Minimum Temperature :    99.900
 Minimum Node No.    :      1005

 STEP =   100 Time  = 12000.000

 ISTEP =   100
 Time  = 12000.000
 Maximum Temperature :   148.887
 Maximum Node No.    :      4101
 Minimum Temperature :    99.904
 Minimum Node No.    :      1005

 STEP =   101 Time  = 12120.000

 ISTEP =   101
 Time  = 12120.000
 Maximum Temperature :   149.254
 Maximum Node No.    :      4101
 Minimum Temperature :    99.908
 Minimum Node No.    :      1005

 STEP =   102 Time  = 12240.000

 ISTEP =   102
 Time  = 12240.000
 Maximum Temperature :   149.620
 Maximum Node No.    :      4101
 Minimum Temperature :    99.911
 Minimum Node No.    :      1005

 STEP =   103 Time  = 12360.000

 ISTEP =   103
 Time  = 12360.000
 Maximum Temperature :   149.985
 Maximum Node No.    :      4101
 Minimum Temperature :    99.915
 Minimum Node No.    :      1005

 STEP =   104 Time  = 12480.000

 ISTEP =   104
 Time  = 12480.000
 Maximum Temperature :   150.349
 Maximum Node No.    :      5051
 Minimum Temperature :    99.919
 Minimum Node No.    :      1005

 STEP =   105 Time  = 12600.000

 ISTEP =   105
 Time  = 12600.000
 Maximum Temperature :   150.712
 Maximum Node No.    :      5051
 Minimum Temperature :    99.923
 Minimum Node No.    :      1005

 STEP =   106 Time  = 12720.000

 ISTEP =   106
 Time  = 12720.000
 Maximum Temperature :   151.073
 Maximum Node No.    :      5051
 Minimum Temperature :    99.927
 Minimum Node No.    :      1005

 STEP =   107 Time  = 12840.000

 ISTEP =   107
 Time  = 12840.000
 Maximum Temperature :   151.434
 Maximum Node No.    :      5051
 Minimum Temperature :    99.931
 Minimum Node No.    :      1005

 STEP =   108 Time  = 12960.000

 ISTEP =   108
 Time  = 12960.000
 Maximum Temperature :   151.793
 Maximum Node No.    :      5051
 Minimum Temperature :    99.935
 Minimum Node No.    :      1005

 STEP =   109 Time  = 13080.000

 ISTEP =   109
 Time  = 13080.000
 Maximum Temperature :   152.151
 Maximum Node No.    :      5051
 Minimum Temperature :    99.939
 Minimum Node No.    :      1005

 STEP =   110 Time  = 13200.000

 ISTEP =   110
 Time  = 13200.000
 Maximum Temperature :   152.508
 Maximum Node No.    :      5051
 Minimum Temperature :    99.943
 Minimum Node No.    :      1005

 STEP =   111 Time  = 13320.000

 ISTEP =   111
 Time  = 13320.000
 Maximum Temperature :   152.864
 Maximum Node No.    :      5051
 Minimum Temperature :    99.947
 Minimum Node No.    :      1005

 STEP =   112 Time  = 13440.000

 ISTEP =   112
 Time  = 13440.000
 Maximum Temperature :   153.218
 Maximum Node No.    :      5051
 Minimum Temperature :    99.951
 Minimum Node No.    :      1005

 STEP =   113 Time  = 13560.000

 ISTEP =   113
 Time  = 13560.000
 Maximum Temperature :   153.572
 Maximum Node No.    :      5051
 Minimum Temperature :    99.955
 Minimum Node No.    :      1005

 STEP =   114 Time  = 13680.000

 ISTEP =   114
 Time  = 13680.000
 Maximum Temperature :   153.925
 Maximum Node No.    :      5051
 Minimum Temperature :    99.959
 Minimum Node No.    :      1006

 STEP =   115 Time  = 13800.000

 ISTEP =   115
 Time  = 13800.000
 Maximum Temperature :   154.276
 Maximum Node No.    :      5051
 Minimum Temperature :    99.960
 Minimum Node No.    :      1006

 STEP =   116 Time  = 13920.000

 ISTEP =   116
 Time  = 13920.000
 Maximum Temperature :   154.627
 Maximum Node No.    :      5051
 Minimum Temperature :    99.961
 Minimum Node No.    :      1006

 STEP =   117 Time  = 14040.000

 ISTEP =   117
 Time  = 14040.000
 Maximum Temperature :   154.976
 Maximum Node No.    :      5051
 Minimum Temperature :    99.962
 Minimum Node No.    :      1006

 STEP =   118 Time  = 14160.000

 ISTEP =   118
 Time  = 14160.000
 Maximum Temperature :   155.324
 Maximum Node No.    :      5051
 Minimum Temperature :    99.964
 Minimum Node No.    :      1006

 STEP =   119 Time  = 14280.000

 ISTEP =   119
 Time  = 14280.000
 Maximum Temperature :   155.672
 Maximum Node No.    :      5051
 Minimum Temperature :    99.965
 Minimum Node No.    :      1006

 STEP =   120 Time  = 14400.000

 ISTEP =   120
 Time  = 14400.000
 Maximum Temperature :   156.018
 Maximum Node No.    :      5051
 Minimum Temperature :    99.966
 Minimum Node No.    :      1006

 STEP =   121 Time  = 14520.000

 ISTEP =   121
 Time  = 14520.000
 Maximum Temperature :   156.363
 Maximum Node No.    :      5051
 Minimum Temperature :    99.968
 Minimum Node No.    :      1006

 STEP =   122 Time  = 14640.000

 ISTEP =   122
 Time  = 14640.000
 Maximum Temperature :   156.707
 Maximum Node No.    :      5051
 Minimum Temperature :    99.969
 Minimum Node No.    :      1006

 STEP =   123 Time  = 14760.000

 ISTEP =   123
 Time  = 14760.000
 Maximum Temperature :   157.050
 Maximum Node No.    :      5051
 Minimum Temperature :    99.971
 Minimum Node No.    :      1006

 STEP =   124 Time  = 14880.000

 ISTEP =   124
 Time  = 14880.000
 Maximum Temperature :   157.392
 Maximum Node No.    :      5051
 Minimum Temperature :    99.972
 Minimum Node No.    :      1006

 STEP =   125 Time  = 15000.000

 ISTEP =   125
 Time  = 15000.000
 Maximum Temperature :   157.733
 Maximum Node No.    :      5051
 Minimum Temperature :    99.974
 Minimum Node No.    :      1006

 STEP =   126 Time  = 15120.000

 ISTEP =   126
 Time  = 15120.000
 Maximum Temperature :   158.074
 Maximum Node No.    :      5051
 Minimum Temperature :    99.975
 Minimum Node No.    :      1006

 STEP =   127 Time  = 15240.000

 ISTEP =   127
 Time  = 15240.000
 Maximum Temperature :   158.413
 Maximum Node No.    :      5051
 Minimum Temperature :    99.977
 Minimum Node No.    :      1006

 STEP =   128 Time  = 15360.000

 ISTEP =   128
 Time  = 15360.000
 Maximum Temperature :   158.751
 Maximum Node No.    :      5051
 Minimum Temperature :    99.978
 Minimum Node No.    :      1006

 STEP =   129 Time  = 15480.000

 ISTEP =   129
 Time  = 15480.000
 Maximum Temperature :   159.088
 Maximum Node No.    :      5051
 Minimum Temperature :    99.980
 Minimum Node No.    :      1006

 STEP =   130 Time  = 15600.000

 ISTEP =   130
 Time  = 15600.000
 Maximum Temperature :   159.424
 Maximum Node No.    :      5051
 Minimum Temperature :    99.982
 Minimum Node No.    :      1006

 STEP =   131 Time  = 15720.000

 ISTEP =   131
 Time  = 15720.000
 Maximum Temperature :   159.759
 Maximum Node No.    :      5051
 Minimum Temperature :    99.983
 Minimum Node No.    :      1006

 STEP =   132 Time  = 15840.000

 ISTEP =   132
 Time  = 15840.000
 Maximum Temperature :   160.094
 Maximum Node No.    :      5051
 Minimum Temperature :    99.985
 Minimum Node No.    :      1006

 STEP =   133 Time  = 15960.000

 ISTEP =   133
 Time  = 15960.000
 Maximum Temperature :   160.427
 Maximum Node No.    :      5051
 Minimum Temperature :    99.987
 Minimum Node No.    :      1006

 STEP =   134 Time  = 16080.000

 ISTEP =   134
 Time  = 16080.000
 Maximum Temperature :   160.759
 Maximum Node No.    :      5051
 Minimum Temperature :    99.988
 Minimum Node No.    :      1006

 STEP =   135 Time  = 16200.000

 ISTEP =   135
 Time  = 16200.000
 Maximum Temperature :   161.091
 Maximum Node No.    :      5051
 Minimum Temperature :    99.990
 Minimum Node No.    :      1006

 STEP =   136 Time  = 16320.000

 ISTEP =   136
 Time  = 16320.000
 Maximum Temperature :   161.421
 Maximum Node No.    :      5051
 Minimum Temperature :    99.992
 Minimum Node No.    :      1006

 STEP =   137 Time  = 16440.000

 ISTEP =   137
 Time  = 16440.000
 Maximum Temperature :   161.751
 Maximum Node No.    :      5051
 Minimum Temperature :    99.993
 Minimum Node No.    :      1009

 STEP =   138 Time  = 16560.000

 ISTEP =   138
 Time  = 16560.000
 Maximum Temperature :   162.079
 Maximum Node No.    :      5051
 Minimum Temperature :    99.993
 Minimum Node No.    :      1009

 STEP =   139 Time  = 16680.000

 ISTEP =   139
 Time  = 16680.000
 Maximum Temperature :   162.407
 Maximum Node No.    :      5051
 Minimum Temperature :    99.993
 Minimum Node No.    :      1009

 STEP =   140 Time  = 16800.000

 ISTEP =   140
 Time  = 16800.000
 Maximum Temperature :   162.734
 Maximum Node No.    :      5051
 Minimum Temperature :    99.993
 Minimum Node No.    :      1009

 STEP =   141 Time  = 16920.000

 ISTEP =   141
 Time  = 16920.000
 Maximum Temperature :   163.060
 Maximum Node No.    :      5051
 Minimum Temperature :    99.993
 Minimum Node No.    :      1009

 STEP =   142 Time  = 17040.000

 ISTEP =   142
 Time  = 17040.000
 Maximum Temperature :   163.385
 Maximum Node No.    :      5051
 Minimum Temperature :    99.993
 Minimum Node No.    :      1009

 STEP =   143 Time  = 17160.000

 ISTEP =   143
 Time  = 17160.000
 Maximum Temperature :   163.709
 Maximum Node No.    :      5051
 Minimum Temperature :    99.993
 Minimum Node No.    :      1009

 STEP =   144 Time  = 17280.000

 ISTEP =   144
 Time  = 17280.000
 Maximum Temperature :   164.032
 Maximum Node No.    :      5051
 Minimum Temperature :    99.993
 Minimum Node No.    :      1009

 STEP =   145 Time  = 17400.000

 ISTEP =   145
 Time  = 17400.000
 Maximum Temperature :   164.354
 Maximum Node No.    :      5051
 Minimum Temperature :    99.993
 Minimum Node No.    :      1009

 STEP =   146 Time  = 17520.000

 ISTEP =   146
 Time  = 17520.000
 Maximum Temperature :   164.676
 Maximum Node No.    :      5051
 Minimum Temperature :    99.993
 Minimum Node No.    :      1009

 STEP =   147 Time  = 17640.000

 ISTEP =   147
 Time  = 17640.000
 Maximum Temperature :   164.996
 Maximum Node No.    :      5051
 Minimum Temperature :    99.993
 Minimum Node No.    :      1009

 STEP =   148 Time  = 17760.000

 ISTEP =   148
 Time  = 17760.000
 Maximum Temperature :   165.316
 Maximum Node No.    :      5051
 Minimum Temperature :    99.994
 Minimum Node No.    :      1009

 STEP =   149 Time  = 17880.000

 ISTEP =   149
 Time  = 17880.000
 Maximum Temperature :   165.635
 Maximum Node No.    :      5051
 Minimum Temperature :    99.994
 Minimum Node No.    :      1009

 STEP =   150 Time  = 18000.000

 ISTEP =   150
 Time  = 18000.000
 Maximum Temperature :   165.953
 Maximum Node No.    :      5051
 Minimum Temperature :    99.994
 Minimum Node No.    :      1009

 STEP =   151 Time  = 18120.000

 ISTEP =   151
 Time  = 18120.000
 Maximum Temperature :   166.270
 Maximum Node No.    :      5051
 Minimum Temperature :    99.994
 Minimum Node No.    :      1009

 STEP =   152 Time  = 18240.000

 ISTEP =   152
 Time  = 18240.000
 Maximum Temperature :   166.586
 Maximum Node No.    :      5051
 Minimum Temperature :    99.994
 Minimum Node No.    :      1009

 STEP =   153 Time  = 18360.000

 ISTEP =   153
 Time  = 18360.000
 Maximum Temperature :   166.901
 Maximum Node No.    :      5051
 Minimum Temperature :    99.994
 Minimum Node No.    :      1009

 STEP =   154 Time  = 18480.000

 ISTEP =   154
 Time  = 18480.000
 Maximum Temperature :   167.216
 Maximum Node No.    :      5051
 Minimum Temperature :    99.994
 Minimum Node No.    :      1009

 STEP =   155 Time  = 18600.000

 ISTEP =   155
 Time  = 18600.000
 Maximum Temperature :   167.530
 Maximum Node No.    :      5051
 Minimum Temperature :    99.994
 Minimum Node No.    :      1009

 STEP =   156 Time  = 18720.000

 ISTEP =   156
 Time  = 18720.000
 Maximum Temperature :   167.843
 Maximum Node No.    :      5051
 Minimum Temperature :    99.994
 Minimum Node No.    :      1009

 STEP =   157 Time  = 18840.000

 ISTEP =   157
 Time  = 18840.000
 Maximum Temperature :   168.155
 Maximum Node No.    :      5051
 Minimum Temperature :    99.994
 Minimum Node No.    :      1009

 STEP =   158 Time  = 18960.000

 ISTEP =   158
 Time  = 18960.000
 Maximum Temperature :   168.466
 Maximum Node No.    :      5051
 Minimum Temperature :    99.994
 Minimum Node No.    :      1009

 STEP =   159 Time  = 19080.000

 ISTEP =   159
 Time  = 19080.000
 Maximum Temperature :   168.776
 Maximum Node No.    :      5051
 Minimum Temperature :    99.994
 Minimum Node No.    :      1009

 STEP =   160 Time  = 19200.000

 ISTEP =   160
 Time  = 19200.000
 Maximum Temperature :   169.086
 Maximum Node No.    :      5051
 Minimum Temperature :    99.994
 Minimum Node No.    :      1009

 STEP =   161 Time  = 19320.000

 ISTEP =   161
 Time  = 19320.000
 Maximum Temperature :   169.395
 Maximum Node No.    :      5051
 Minimum Temperature :    99.994
 Minimum Node No.    :      1009

 STEP =   162 Time  = 19440.000

 ISTEP =   162
 Time  = 19440.000
 Maximum Temperature :   169.702
 Maximum Node No.    :      5051
 Minimum Temperature :    99.995
 Minimum Node No.    :      1009

 STEP =   163 Time  = 19560.000

 ISTEP =   163
 Time  = 19560.000
 Maximum Temperature :   170.010
 Maximum Node No.    :      5051
 Minimum Temperature :    99.995
 Minimum Node No.    :      1009

 STEP =   164 Time  = 19680.000

 ISTEP =   164
 Time  = 19680.000
 Maximum Temperature :   170.316
 Maximum Node No.    :      5051
 Minimum Temperature :    99.995
 Minimum Node No.    :      1009

 STEP =   165 Time  = 19800.000

 ISTEP =   165
 Time  = 19800.000
 Maximum Temperature :   170.622
 Maximum Node No.    :      5051
 Minimum Temperature :    99.995
 Minimum Node No.    :      1009

 STEP =   166 Time  = 19920.000

 ISTEP =   166
 Time  = 19920.000
 Maximum Temperature :   170.926
 Maximum Node No.    :      5051
 Minimum Temperature :    99.995
 Minimum Node No.    :      1009

 STEP =   167 Time  = 20040.000

 ISTEP =   167
 Time  = 20040.000
 Maximum Temperature :   171.230
 Maximum Node No.    :      5051
 Minimum Temperature :    99.995
 Minimum Node No.    :      1009

 STEP =   168 Time  = 20160.000

 ISTEP =   168
 Time  = 20160.000
 Maximum Temperature :   171.534
 Maximum Node No.    :      5051
 Minimum Temperature :    99.995
 Minimum Node No.    :      1009

 STEP =   169 Time  = 20280.000

 ISTEP =   169
 Time  = 20280.000
 Maximum Temperature :   171.836
 Maximum Node No.    :      5051
 Minimum Temperature :    99.995
 Minimum Node No.    :      1009

 STEP =   170 Time  = 20400.000

 ISTEP =   170
 Time  = 20400.000
 Maximum Temperature :   172.138
 Maximum Node No.    :      5051
 Minimum Temperature :    99.995
 Minimum Node No.    :      1009

 STEP =   171 Time  = 20520.000

 ISTEP =   171
 Time  = 20520.000
 Maximum Temperature :   172.439
 Maximum Node No.    :      5051
 Minimum Temperature :    99.995
 Minimum Node No.    :      1009

 STEP =   172 Time  = 20640.000

 ISTEP =   172
 Time  = 20640.000
 Maximum Temperature :   172.739
 Maximum Node No.    :      5051
 Minimum Temperature :    99.995
 Minimum Node No.    :      1009

 STEP =   173 Time  = 20760.000

 ISTEP =   173
 Time  = 20760.000
 Maximum Temperature :   173.038
 Maximum Node No.    :      5051
 Minimum Temperature :    99.995
 Minimum Node No.    :      1009

 STEP =   174 Time  = 20880.000

 ISTEP =   174
 Time  = 20880.000
 Maximum Temperature :   173.337
 Maximum Node No.    :      5051
 Minimum Temperature :    99.995
 Minimum Node No.    :      1009

 STEP =   175 Time  = 21000.000

 ISTEP =   175
 Time  = 21000.000
 Maximum Temperature :   173.634
 Maximum Node No.    :      5051
 Minimum Temperature :    99.995
 Minimum Node No.    :      1009

 STEP =   176 Time  = 21120.000

 ISTEP =   176
 Time  = 21120.000
 Maximum Temperature :   173.932
 Maximum Node No.    :      5051
 Minimum Temperature :    99.995
 Minimum Node No.    :      1009

 STEP =   177 Time  = 21240.000

 ISTEP =   177
 Time  = 21240.000
 Maximum Temperature :   174.228
 Maximum Node No.    :      5051
 Minimum Temperature :    99.996
 Minimum Node No.    :      1009

 STEP =   178 Time  = 21360.000

 ISTEP =   178
 Time  = 21360.000
 Maximum Temperature :   174.524
 Maximum Node No.    :      5051
 Minimum Temperature :    99.996
 Minimum Node No.    :      1009

 STEP =   179 Time  = 21480.000

 ISTEP =   179
 Time  = 21480.000
 Maximum Temperature :   174.818
 Maximum Node No.    :      5051
 Minimum Temperature :    99.996
 Minimum Node No.    :      1009

 STEP =   180 Time  = 21600.000

 ISTEP =   180
 Time  = 21600.000
 Maximum Temperature :   175.113
 Maximum Node No.    :      5051
 Minimum Temperature :    99.996
 Minimum Node No.    :      1009

 STEP =   181 Time  = 21720.000

 ISTEP =   181
 Time  = 21720.000
 Maximum Temperature :   175.406
 Maximum Node No.    :      5051
 Minimum Temperature :    99.996
 Minimum Node No.    :      1009

 STEP =   182 Time  = 21840.000

 ISTEP =   182
 Time  = 21840.000
 Maximum Temperature :   175.699
 Maximum Node No.    :      5051
 Minimum Temperature :    99.996
 Minimum Node No.    :      1009

 STEP =   183 Time  = 21960.000

 ISTEP =   183
 Time  = 21960.000
 Maximum Temperature :   175.991
 Maximum Node No.    :      5051
 Minimum Temperature :    99.996
 Minimum Node No.    :      1009

 STEP =   184 Time  = 22080.000

 ISTEP =   184
 Time  = 22080.000
 Maximum Temperature :   176.282
 Maximum Node No.    :      5051
 Minimum Temperature :    99.996
 Minimum Node No.    :      1009

 STEP =   185 Time  = 22200.000

 ISTEP =   185
 Time  = 22200.000
 Maximum Temperature :   176.572
 Maximum Node No.    :      5051
 Minimum Temperature :    99.996
 Minimum Node No.    :      1009

 STEP =   186 Time  = 22320.000

 ISTEP =   186
 Time  = 22320.000
 Maximum Temperature :   176.862
 Maximum Node No.    :      5051
 Minimum Temperature :    99.996
 Minimum Node No.    :      1009

 STEP =   187 Time  = 22440.000

 ISTEP =   187
 Time  = 22440.000
 Maximum Temperature :   177.151
 Maximum Node No.    :      5051
 Minimum Temperature :    99.996
 Minimum Node No.    :      1009

 STEP =   188 Time  = 22560.000

 ISTEP =   188
 Time  = 22560.000
 Maximum Temperature :   177.440
 Maximum Node No.    :      5051
 Minimum Temperature :    99.996
 Minimum Node No.    :      1009

 STEP =   189 Time  = 22680.000

 ISTEP =   189
 Time  = 22680.000
 Maximum Temperature :   177.727
 Maximum Node No.    :      5051
 Minimum Temperature :    99.996
 Minimum Node No.    :      1009

 STEP =   190 Time  = 22800.000

 ISTEP =   190
 Time  = 22800.000
 Maximum Temperature :   178.014
 Maximum Node No.    :      5051
 Minimum Temperature :    99.996
 Minimum Node No.    :      1009

 STEP =   191 Time  = 22920.000

 ISTEP =   191
 Time  = 22920.000
 Maximum Temperature :   178.301
 Maximum Node No.    :      5051
 Minimum Temperature :    99.996
 Minimum Node No.    :      1009

 STEP =   192 Time  = 23040.000

 ISTEP =   192
 Time  = 23040.000
 Maximum Temperature :   178.586
 Maximum Node No.    :      5051
 Minimum Temperature :    99.997
 Minimum Node No.    :      1009

 STEP =   193 Time  = 23160.000

 ISTEP =   193
 Time  = 23160.000
 Maximum Temperature :   178.871
 Maximum Node No.    :      5051
 Minimum Temperature :    99.997
 Minimum Node No.    :      1009

 STEP =   194 Time  = 23280.000

 ISTEP =   194
 Time  = 23280.000
 Maximum Temperature :   179.155
 Maximum Node No.    :      5051
 Minimum Temperature :    99.997
 Minimum Node No.    :      1009

 STEP =   195 Time  = 23400.000

 ISTEP =   195
 Time  = 23400.000
 Maximum Temperature :   179.439
 Maximum Node No.    :      5051
 Minimum Temperature :    99.997
 Minimum Node No.    :      1009

 STEP =   196 Time  = 23520.000

 ISTEP =   196
 Time  = 23520.000
 Maximum Temperature :   179.722
 Maximum Node No.    :      5051
 Minimum Temperature :    99.997
 Minimum Node No.    :      1009

 STEP =   197 Time  = 23640.000

 ISTEP =   197
 Time  = 23640.000
 Maximum Temperature :   180.004
 Maximum Node No.    :      5051
 Minimum Temperature :    99.997
 Minimum Node No.    :      1009

 STEP =   198 Time  = 23760.000

 ISTEP =   198
 Time  = 23760.000
 Maximum Temperature :   180.286
 Maximum Node No.    :      5051
 Minimum Temperature :    99.997
 Minimum Node No.    :      1009

 STEP =   199 Time  = 23880.000

 ISTEP =   199
 Time  = 23880.000
 Maximum Temperature :   180.566
 Maximum Node No.    :      5051
 Minimum Temperature :    99.997
 Minimum Node No.    :      1009

 STEP =   200 Time  = 24000.000

 ISTEP =   200
 Time  = 24000.000
 Maximum Temperature :   180.847
 Maximum Node No.    :      5051
 Minimum Temperature :    99.997
 Minimum Node No.    :      1009

 STEP =   201 Time  = 24120.000

 ISTEP =   201
 Time  = 24120.000
 Maximum Temperature :   181.126
 Maximum Node No.    :      5051
 Minimum Temperature :    99.997
 Minimum Node No.    :      1009

 STEP =   202 Time  = 24240.000

 ISTEP =   202
 Time  = 24240.000
 Maximum Temperature :   181.405
 Maximum Node No.    :      5051
 Minimum Temperature :    99.997
 Minimum Node No.    :      1009

 STEP =   203 Time  = 24360.000

 ISTEP =   203
 Time  = 24360.000
 Maximum Temperature :   181.683
 Maximum Node No.    :      5051
 Minimum Temperature :    99.997
 Minimum Node No.    :      1009

 STEP =   204 Time  = 24480.000

 ISTEP =   204
 Time  = 24480.000
 Maximum Temperature :   181.961
 Maximum Node No.    :      5051
 Minimum Temperature :    99.997
 Minimum Node No.    :      1009

 STEP =   205 Time  = 24600.000

 ISTEP =   205
 Time  = 24600.000
 Maximum Temperature :   182.238
 Maximum Node No.    :      5051
 Minimum Temperature :    99.997
 Minimum Node No.    :      1009

 STEP =   206 Time  = 24720.000

 ISTEP =   206
 Time  = 24720.000
 Maximum Temperature :   182.514
 Maximum Node No.    :      5051
 Minimum Temperature :    99.997
 Minimum Node No.    :      1009

 STEP =   207 Time  = 24840.000

 ISTEP =   207
 Time  = 24840.000
 Maximum Temperature :   182.790
 Maximum Node No.    :      5051
 Minimum Temperature :    99.997
 Minimum Node No.    :      1009

 STEP =   208 Time  = 24960.000

 ISTEP =   208
 Time  = 24960.000
 Maximum Temperature :   183.065
 Maximum Node No.    :      5051
 Minimum Temperature :    99.998
 Minimum Node No.    :      1009

 STEP =   209 Time  = 25080.000

 ISTEP =   209
 Time  = 25080.000
 Maximum Temperature :   183.339
 Maximum Node No.    :      5051
 Minimum Temperature :    99.998
 Minimum Node No.    :      1009

 STEP =   210 Time  = 25200.000

 ISTEP =   210
 Time  = 25200.000
 Maximum Temperature :   183.613
 Maximum Node No.    :      5051
 Minimum Temperature :    99.998
 Minimum Node No.    :      1009

 STEP =   211 Time  = 25320.000

 ISTEP =   211
 Time  = 25320.000
 Maximum Temperature :   183.886
 Maximum Node No.    :      5051
 Minimum Temperature :    99.998
 Minimum Node No.    :      1009

 STEP =   212 Time  = 25440.000

 ISTEP =   212
 Time  = 25440.000
 Maximum Temperature :   184.158
 Maximum Node No.    :      5051
 Minimum Temperature :    99.998
 Minimum Node No.    :      1009

 STEP =   213 Time  = 25560.000

 ISTEP =   213
 Time  = 25560.000
 Maximum Temperature :   184.430
 Maximum Node No.    :      5051
 Minimum Temperature :    99.998
 Minimum Node No.    :      1009

 STEP =   214 Time  = 25680.000

 ISTEP =   214
 Time  = 25680.000
 Maximum Temperature :   184.701
 Maximum Node No.    :      5051
 Minimum Temperature :    99.998
 Minimum Node No.    :      1009

 STEP =   215 Time  = 25800.000

 ISTEP =   215
 Time  = 25800.000
 Maximum Temperature :   184.972
 Maximum Node No.    :      5051
 Minimum Temperature :    99.998
 Minimum Node No.    :      1009

 STEP =   216 Time  = 25920.000

 ISTEP =   216
 Time  = 25920.000
 Maximum Temperature :   185.242
 Maximum Node No.    :      5051
 Minimum Temperature :    99.998
 Minimum Node No.    :      1009

 STEP =   217 Time  = 26040.000

 ISTEP =   217
 Time  = 26040.000
 Maximum Temperature :   185.511
 Maximum Node No.    :      5051
 Minimum Temperature :    99.998
 Minimum Node No.    :      1009

 STEP =   218 Time  = 26160.000

 ISTEP =   218
 Time  = 26160.000
 Maximum Temperature :   185.780
 Maximum Node No.    :      5051
 Minimum Temperature :    99.998
 Minimum Node No.    :      1009

 STEP =   219 Time  = 26280.000

 ISTEP =   219
 Time  = 26280.000
 Maximum Temperature :   186.048
 Maximum Node No.    :      5051
 Minimum Temperature :    99.998
 Minimum Node No.    :      1009

 STEP =   220 Time  = 26400.000

 ISTEP =   220
 Time  = 26400.000
 Maximum Temperature :   186.316
 Maximum Node No.    :      5051
 Minimum Temperature :    99.998
 Minimum Node No.    :      1009

 STEP =   221 Time  = 26520.000

 ISTEP =   221
 Time  = 26520.000
 Maximum Temperature :   186.583
 Maximum Node No.    :      5051
 Minimum Temperature :    99.998
 Minimum Node No.    :      1009

 STEP =   222 Time  = 26640.000

 ISTEP =   222
 Time  = 26640.000
 Maximum Temperature :   186.849
 Maximum Node No.    :      5051
 Minimum Temperature :    99.999
 Minimum Node No.    :      1009

 STEP =   223 Time  = 26760.000

 ISTEP =   223
 Time  = 26760.000
 Maximum Temperature :   187.115
 Maximum Node No.    :      5051
 Minimum Temperature :    99.999
 Minimum Node No.    :      1009

 STEP =   224 Time  = 26880.000

 ISTEP =   224
 Time  = 26880.000
 Maximum Temperature :   187.380
 Maximum Node No.    :      5051
 Minimum Temperature :    99.999
 Minimum Node No.    :      1009

 STEP =   225 Time  = 27000.000

 ISTEP =   225
 Time  = 27000.000
 Maximum Temperature :   187.644
 Maximum Node No.    :      5051
 Minimum Temperature :    99.999
 Minimum Node No.    :      1009

 STEP =   226 Time  = 27120.000

 ISTEP =   226
 Time  = 27120.000
 Maximum Temperature :   187.908
 Maximum Node No.    :      5051
 Minimum Temperature :    99.999
 Minimum Node No.    :      1009

 STEP =   227 Time  = 27240.000

 ISTEP =   227
 Time  = 27240.000
 Maximum Temperature :   188.172
 Maximum Node No.    :      5051
 Minimum Temperature :    99.999
 Minimum Node No.    :      1009

 STEP =   228 Time  = 27360.000

 ISTEP =   228
 Time  = 27360.000
 Maximum Temperature :   188.434
 Maximum Node No.    :      5051
 Minimum Temperature :    99.999
 Minimum Node No.    :      1010

 STEP =   229 Time  = 27480.000

 ISTEP =   229
 Time  = 27480.000
 Maximum Temperature :   188.697
 Maximum Node No.    :      5051
 Minimum Temperature :    99.999
 Minimum Node No.    :      1010

 STEP =   230 Time  = 27600.000

 ISTEP =   230
 Time  = 27600.000
 Maximum Temperature :   188.958
 Maximum Node No.    :      5051
 Minimum Temperature :    99.999
 Minimum Node No.    :      1010

 STEP =   231 Time  = 27720.000

 ISTEP =   231
 Time  = 27720.000
 Maximum Temperature :   189.219
 Maximum Node No.    :      5051
 Minimum Temperature :    99.999
 Minimum Node No.    :      1010

 STEP =   232 Time  = 27840.000

 ISTEP =   232
 Time  = 27840.000
 Maximum Temperature :   189.480
 Maximum Node No.    :      5051
 Minimum Temperature :    99.999
 Minimum Node No.    :      1010

 STEP =   233 Time  = 27960.000

 ISTEP =   233
 Time  = 27960.000
 Maximum Temperature :   189.740
 Maximum Node No.    :      5051
 Minimum Temperature :    99.999
 Minimum Node No.    :      1010

 STEP =   234 Time  = 28080.000

 ISTEP =   234
 Time  = 28080.000
 Maximum Temperature :   189.999
 Maximum Node No.    :      5051
 Minimum Temperature :    99.999
 Minimum Node No.    :      1010

 STEP =   235 Time  = 28200.000

 ISTEP =   235
 Time  = 28200.000
 Maximum Temperature :   190.258
 Maximum Node No.    :      5051
 Minimum Temperature :    99.999
 Minimum Node No.    :      1010

 STEP =   236 Time  = 28320.000

 ISTEP =   236
 Time  = 28320.000
 Maximum Temperature :   190.516
 Maximum Node No.    :      5051
 Minimum Temperature :    99.999
 Minimum Node No.    :      1010

 STEP =   237 Time  = 28440.000

 ISTEP =   237
 Time  = 28440.000
 Maximum Temperature :   190.774
 Maximum Node No.    :      5051
 Minimum Temperature :    99.999
 Minimum Node No.    :      1010

 STEP =   238 Time  = 28560.000

 ISTEP =   238
 Time  = 28560.000
 Maximum Temperature :   191.031
 Maximum Node No.    :      5051
 Minimum Temperature :    99.999
 Minimum Node No.    :      1010

 STEP =   239 Time  = 28680.000

 ISTEP =   239
 Time  = 28680.000
 Maximum Temperature :   191.288
 Maximum Node No.    :      5051
 Minimum Temperature :    99.999
 Minimum Node No.    :      1010

 STEP =   240 Time  = 28800.000

 ISTEP =   240
 Time  = 28800.000
 Maximum Temperature :   191.544
 Maximum Node No.    :      5051
 Minimum Temperature :    99.999
 Minimum Node No.    :      1010

 STEP =   241 Time  = 28920.000

 ISTEP =   241
 Time  = 28920.000
 Maximum Temperature :   191.799
 Maximum Node No.    :      5051
 Minimum Temperature :    99.999
 Minimum Node No.    :      1010

 STEP =   242 Time  = 29040.000

 ISTEP =   242
 Time  = 29040.000
 Maximum Temperature :   192.054
 Maximum Node No.    :      5051
 Minimum Temperature :    99.999
 Minimum Node No.    :      1010

 STEP =   243 Time  = 29160.000

 ISTEP =   243
 Time  = 29160.000
 Maximum Temperature :   192.308
 Maximum Node No.    :      5051
 Minimum Temperature :    99.999
 Minimum Node No.    :      1010

 STEP =   244 Time  = 29280.000

 ISTEP =   244
 Time  = 29280.000
 Maximum Temperature :   192.562
 Maximum Node No.    :      5051
 Minimum Temperature :    99.999
 Minimum Node No.    :      1010

 STEP =   245 Time  = 29400.000

 ISTEP =   245
 Time  = 29400.000
 Maximum Temperature :   192.816
 Maximum Node No.    :      5051
 Minimum Temperature :    99.999
 Minimum Node No.    :      1010

 STEP =   246 Time  = 29520.000

 ISTEP =   246
 Time  = 29520.000
 Maximum Temperature :   193.068
 Maximum Node No.    :      5051
 Minimum Temperature :   100.000
 Minimum Node No.    :      1010

 STEP =   247 Time  = 29640.000

 ISTEP =   247
 Time  = 29640.000
 Maximum Temperature :   193.321
 Maximum Node No.    :      5051
 Minimum Temperature :   100.000
 Minimum Node No.    :      1010

 STEP =   248 Time  = 29760.000

 ISTEP =   248
 Time  = 29760.000
 Maximum Temperature :   193.572
 Maximum Node No.    :      5051
 Minimum Temperature :   100.000
 Minimum Node No.    :      1010

 STEP =   249 Time  = 29880.000

 ISTEP =   249
 Time  = 29880.000
 Maximum Temperature :   193.823
 Maximum Node No.    :      5051
 Minimum Temperature :   100.000
 Minimum Node No.    :      1010

 STEP =   250 Time  = 30000.000

 ISTEP =   250
 Time  = 30000.000
 Maximum Temperature :   194.074
 Maximum Node No.    :      5051
 Minimum Temperature :   100.000
 Minimum Node No.    :      1010

 STEP =   251 Time  = 30120.000

 ISTEP =   251
 Time  = 30120.000
 Maximum Temperature :   194.324
 Maximum Node No.    :      5051
 Minimum Temperature :   100.000
 Minimum Node No.    :      1010

 STEP =   252 Time  = 30240.000

 ISTEP =   252
 Time  = 30240.000
 Maximum Temperature :   194.574
 Maximum Node No.    :      5051
 Minimum Temperature :   100.000
 Minimum Node No.    :      1010

 STEP =   253 Time  = 30360.000

 ISTEP =   253
 Time  = 30360.000
 Maximum Temperature :   194.823
 Maximum Node No.    :      5051
 Minimum Temperature :   100.000
 Minimum Node No.    :      1010

 STEP =   254 Time  = 30480.000

 ISTEP =   254
 Time  = 30480.000
 Maximum Temperature :   195.071
 Maximum Node No.    :      5051
 Minimum Temperature :   100.000
 Minimum Node No.    :      1010

 STEP =   255 Time  = 30600.000

 ISTEP =   255
 Time  = 30600.000
 Maximum Temperature :   195.319
 Maximum Node No.    :      5051
 Minimum Temperature :   100.000
 Minimum Node No.    :      1010

 STEP =   256 Time  = 30720.000

 ISTEP =   256
 Time  = 30720.000
 Maximum Temperature :   195.567
 Maximum Node No.    :      5051
 Minimum Temperature :   100.000
 Minimum Node No.    :      1013

 STEP =   257 Time  = 30840.000

 ISTEP =   257
 Time  = 30840.000
 Maximum Temperature :   195.814
 Maximum Node No.    :      5051
 Minimum Temperature :   100.000
 Minimum Node No.    :      1013

 STEP =   258 Time  = 30960.000

 ISTEP =   258
 Time  = 30960.000
 Maximum Temperature :   196.060
 Maximum Node No.    :      5051
 Minimum Temperature :   100.000
 Minimum Node No.    :      1013

 STEP =   259 Time  = 31080.000

 ISTEP =   259
 Time  = 31080.000
 Maximum Temperature :   196.306
 Maximum Node No.    :      5051
 Minimum Temperature :   100.000
 Minimum Node No.    :      1013

 STEP =   260 Time  = 31200.000

 ISTEP =   260
 Time  = 31200.000
 Maximum Temperature :   196.552
 Maximum Node No.    :      5051
 Minimum Temperature :   100.000
 Minimum Node No.    :      1013

 STEP =   261 Time  = 31320.000

 ISTEP =   261
 Time  = 31320.000
 Maximum Temperature :   196.797
 Maximum Node No.    :      5051
 Minimum Temperature :   100.000
 Minimum Node No.    :      1013

 STEP =   262 Time  = 31440.000

 ISTEP =   262
 Time  = 31440.000
 Maximum Temperature :   197.041
 Maximum Node No.    :      5051
 Minimum Temperature :   100.000
 Minimum Node No.    :      1013

 STEP =   263 Time  = 31560.000

 ISTEP =   263
 Time  = 31560.000
 Maximum Temperature :   197.285
 Maximum Node No.    :      5051
 Minimum Temperature :   100.000
 Minimum Node No.    :      1013

 STEP =   264 Time  = 31680.000

 ISTEP =   264
 Time  = 31680.000
 Maximum Temperature :   197.529
 Maximum Node No.    :      5051
 Minimum Temperature :   100.000
 Minimum Node No.    :      1013

 STEP =   265 Time  = 31800.000

 ISTEP =   265
 Time  = 31800.000
 Maximum Temperature :   197.772
 Maximum Node No.    :      5051
 Minimum Temperature :   100.000
 Minimum Node No.    :      1013

 STEP =   266 Time  = 31920.000

 ISTEP =   266
 Time  = 31920.000
 Maximum Temperature :   198.015
 Maximum Node No.    :      5051
 Minimum Temperature :   100.000
 Minimum Node No.    :      1013

 STEP =   267 Time  = 32040.000

 ISTEP =   267
 Time  = 32040.000
 Maximum Temperature :   198.257
 Maximum Node No.    :      5051
 Minimum Temperature :   100.000
 Minimum Node No.    :      1013

 STEP =   268 Time  = 32160.000

 ISTEP =   268
 Time  = 32160.000
 Maximum Temperature :   198.498
 Maximum Node No.    :      5051
 Minimum Temperature :   100.000
 Minimum Node No.    :      1013

 STEP =   269 Time  = 32280.000

 ISTEP =   269
 Time  = 32280.000
 Maximum Temperature :   198.739
 Maximum Node No.    :      5051
 Minimum Temperature :   100.000
 Minimum Node No.    :      1013

 STEP =   270 Time  = 32400.000

 ISTEP =   270
 Time  = 32400.000
 Maximum Temperature :   198.980
 Maximum Node No.    :      5051
 Minimum Temperature :   100.000
 Minimum Node No.    :      1013

 STEP =   271 Time  = 32520.000

 ISTEP =   271
 Time  = 32520.000
 Maximum Temperature :   199.220
 Maximum Node No.    :      5051
 Minimum Temperature :   100.000
 Minimum Node No.    :      1013

 STEP =   272 Time  = 32640.000

 ISTEP =   272
 Time  = 32640.000
 Maximum Temperature :   199.459
 Maximum Node No.    :      5051
 Minimum Temperature :   100.000
 Minimum Node No.    :      1013

 STEP =   273 Time  = 32760.000

 ISTEP =   273
 Time  = 32760.000
 Maximum Temperature :   199.699
 Maximum Node No.    :      5051
 Minimum Temperature :   100.000
 Minimum Node No.    :      1013

 STEP =   274 Time  = 32880.000

 ISTEP =   274
 Time  = 32880.000
 Maximum Temperature :   199.937
 Maximum Node No.    :      5051
 Minimum Temperature :   100.000
 Minimum Node No.    :      1013

 STEP =   275 Time  = 33000.000

 ISTEP =   275
 Time  = 33000.000
 Maximum Temperature :   200.176
 Maximum Node No.    :      5051
 Minimum Temperature :   100.000
 Minimum Node No.    :      1013

 STEP =   276 Time  = 33120.000

 ISTEP =   276
 Time  = 33120.000
 Maximum Temperature :   200.413
 Maximum Node No.    :      5051
 Minimum Temperature :   100.000
 Minimum Node No.    :      1013

 STEP =   277 Time  = 33240.000

 ISTEP =   277
 Time  = 33240.000
 Maximum Temperature :   200.651
 Maximum Node No.    :      5051
 Minimum Temperature :   100.000
 Minimum Node No.    :      1013

 STEP =   278 Time  = 33360.000

 ISTEP =   278
 Time  = 33360.000
 Maximum Temperature :   200.887
 Maximum Node No.    :      5051
 Minimum Temperature :   100.000
 Minimum Node No.    :      1013

 STEP =   279 Time  = 33480.000

 ISTEP =   279
 Time  = 33480.000
 Maximum Temperature :   201.124
 Maximum Node No.    :      5051
 Minimum Temperature :   100.000
 Minimum Node No.    :      1013

 STEP =   280 Time  = 33600.000

 ISTEP =   280
 Time  = 33600.000
 Maximum Temperature :   201.360
 Maximum Node No.    :      5051
 Minimum Temperature :   100.000
 Minimum Node No.    :      1013

 STEP =   281 Time  = 33720.000

 ISTEP =   281
 Time  = 33720.000
 Maximum Temperature :   201.595
 Maximum Node No.    :      5051
 Minimum Temperature :   100.000
 Minimum Node No.    :      1013

 STEP =   282 Time  = 33840.000

 ISTEP =   282
 Time  = 33840.000
 Maximum Temperature :   201.830
 Maximum Node No.    :      5051
 Minimum Temperature :   100.000
 Minimum Node No.    :      1013

 STEP =   283 Time  = 33960.000

 ISTEP =   283
 Time  = 33960.000
 Maximum Temperature :   202.064
 Maximum Node No.    :      5051
 Minimum Temperature :   100.000
 Minimum Node No.    :      1013

 STEP =   284 Time  = 34080.000

 ISTEP =   284
 Time  = 34080.000
 Maximum Temperature :   202.298
 Maximum Node No.    :      5051
 Minimum Temperature :   100.000
 Minimum Node No.    :      1013

 STEP =   285 Time  = 34200.000

 ISTEP =   285
 Time  = 34200.000
 Maximum Temperature :   202.532
 Maximum Node No.    :      5051
 Minimum Temperature :   100.000
 Minimum Node No.    :      1013

 STEP =   286 Time  = 34320.000

 ISTEP =   286
 Time  = 34320.000
 Maximum Temperature :   202.765
 Maximum Node No.    :      5051
 Minimum Temperature :   100.000
 Minimum Node No.    :      1013

 STEP =   287 Time  = 34440.000

 ISTEP =   287
 Time  = 34440.000
 Maximum Temperature :   202.998
 Maximum Node No.    :      5051
 Minimum Temperature :   100.000
 Minimum Node No.    :      1013

 STEP =   288 Time  = 34560.000

 ISTEP =   288
 Time  = 34560.000
 Maximum Temperature :   203.230
 Maximum Node No.    :      5051
 Minimum Temperature :   100.000
 Minimum Node No.    :      1013
