 fstr_setup: OK
#### Result step=     1
 ##### Local Summary :Max/IdMax/Min/IdMin####
   //U1   3.4661E-03      5021 -3.5786E-03      1221
   //U2   9.0259E-03      5021  0.0000E+00      1001
   //U3   0.0000E+00      1001 -3.8570E-02      5221
   //E11  4.6281E-04      5003 -6.4719E-04      1201
   //E22  1.0009E-04      1205 -1.0503E-04      5003
   //E33  1.0068E-04      1205 -1.1116E-04      5103
   //E12  1.3757E-04      1201 -4.9332E-05      1205
   //E23  6.7794E-05      5003 -8.1788E-05      1203
   //E13  1.5203E-04      5003 -6.4543E-04      1201
   //S11  1.9970E+00      5003 -3.4849E+00      1201
   //S22  5.7260E-01      5001 -1.4935E+00      1201
   //S33  3.8891E-01      5001 -1.4935E+00      1201
   //S12  2.1164E-01      1201 -7.5896E-02      1205
   //S23  1.0430E-01      5003 -1.2583E-01      1203
   //S13  2.3389E-01      5003 -9.9297E-01      1201
   //SMS  2.6567E+00      1201  1.4118E-01      3219
 ##### @Element :Max/IdMax/Min/IdMin####
   //E11  6.4247E-04       125 -6.4719E-04        62
   //E22  1.0180E-04        61 -1.0640E-04       125
   //E33  1.3978E-04         7 -1.8726E-04       126
   //E12  1.5238E-04       126 -1.9198E-04         1
   //E23  1.1821E-04         6 -1.6677E-04        61
   //E13  4.8479E-04       125 -6.4543E-04        62
   //S11  2.9872E+00       125 -3.4849E+00        62
   //S22  8.4330E-01       184 -1.4935E+00        62
   //S33  7.0809E-01       125 -1.4935E+00        62
   //S12  2.3443E-01       126 -2.9535E-01         1
   //S23  1.8186E-01         6 -2.5657E-01        61
   //S13  7.4583E-01       125 -9.9297E-01        62
   //SMS  2.7020E+00        68  7.5700E-02       118
 ##### Global Summary :Max/Min####
   //U1   3.4661E-03 -3.5786E-03
   //U2   9.0259E-03  0.0000E+00
   //U3   0.0000E+00 -3.8570E-02
   //E11  4.6281E-04 -6.4719E-04
   //E22  1.0009E-04 -1.0503E-04
   //E33  1.0068E-04 -1.1116E-04
   //E12  1.3757E-04 -4.9332E-05
   //E23  6.7794E-05 -8.1788E-05
   //E13  1.5203E-04 -6.4543E-04
   //S11  1.9970E+00 -3.4849E+00
   //S22  5.7260E-01 -1.4935E+00
   //S33  3.8891E-01 -1.4935E+00
   //S12  2.1164E-01 -7.5896E-02
   //S23  1.0430E-01 -1.2583E-01
   //S13  2.3389E-01 -9.9297E-01
   //SMS  2.6567E+00  1.4118E-01
 ##### @Element :Max/Min####
   //E11  6.4247E-04 -6.4719E-04
   //E22  1.0180E-04 -1.0640E-04
   //E33  1.3978E-04 -1.8726E-04
   //E12  1.5238E-04 -1.9198E-04
   //E23  1.1821E-04 -1.6677E-04
   //E13  4.8479E-04 -6.4543E-04
   //S11  2.9872E+00 -3.4849E+00
   //S22  8.4330E-01 -1.4935E+00
   //S33  7.0809E-01 -1.4935E+00
   //S12  2.3443E-01 -2.9535E-01
   //S23  1.8186E-01 -2.5657E-01
   //S13  7.4583E-01 -9.9297E-01
   //SMS  2.7020E+00  7.5700E-02
#### Result step=     2
 ##### Local Summary :Max/IdMax/Min/IdMin####
   //U1   6.7475E-03      5021 -7.3444E-03      1221
   //U2   1.8051E-02      5021  0.0000E+00      1001
   //U3   0.0000E+00      1001 -7.7161E-02      5221
   //E11  9.2554E-04      5003 -1.2945E-03      1201
   //E22  2.0033E-04      1205 -2.0991E-04      5003
   //E33  2.0113E-04      1205 -2.2264E-04      5103
   //E12  2.7469E-04      1201 -9.8868E-05      1205
   //E23  1.3575E-04      5003 -1.6350E-04      1203
   //E13  3.0427E-04      5003 -1.2906E-03      1201
   //S11  3.9934E+00      5003 -6.9705E+00      1201
   //S22  1.1444E+00      5001 -2.9874E+00      1201
   //S33  7.7595E-01      5001 -2.9874E+00      1201
   //S12  4.2260E-01      1201 -1.5210E-01      1205
   //S23  2.0885E-01      5003 -2.5154E-01      1203
   //S13  4.6810E-01      5003 -1.9855E+00      1201
   //SMS  5.3129E+00      1201  2.8224E-01      3219
 ##### @Element :Max/IdMax/Min/IdMin####
   //E11  1.2849E-03       125 -1.2945E-03        62
   //E22  2.0379E-04        61 -2.1264E-04       125
   //E33  2.7968E-04         7 -3.7541E-04       126
   //E12  3.0513E-04       126 -3.8434E-04         1
   //E23  2.3730E-04         6 -3.3382E-04        61
   //E13  9.7015E-04       125 -1.2906E-03        62
   //S11  5.9747E+00       125 -6.9705E+00        62
   //S22  1.6864E+00       184 -2.9874E+00        62
   //S33  1.4165E+00       125 -2.9874E+00        62
   //S12  4.6944E-01       126 -5.9130E-01         1
   //S23  3.6508E-01         6 -5.1356E-01        61
   //S13  1.4925E+00       125 -1.9855E+00        62
   //SMS  5.4042E+00        68  1.5115E-01       118
 ##### Global Summary :Max/Min####
   //U1   6.7475E-03 -7.3444E-03
   //U2   1.8051E-02  0.0000E+00
   //U3   0.0000E+00 -7.7161E-02
   //E11  9.2554E-04 -1.2945E-03
   //E22  2.0033E-04 -2.0991E-04
   //E33  2.0113E-04 -2.2264E-04
   //E12  2.7469E-04 -9.8868E-05
   //E23  1.3575E-04 -1.6350E-04
   //E13  3.0427E-04 -1.2906E-03
   //S11  3.9934E+00 -6.9705E+00
   //S22  1.1444E+00 -2.9874E+00
   //S33  7.7595E-01 -2.9874E+00
   //S12  4.2260E-01 -1.5210E-01
   //S23  2.0885E-01 -2.5154E-01
   //S13  4.6810E-01 -1.9855E+00
   //SMS  5.3129E+00  2.8224E-01
 ##### @Element :Max/Min####
   //E11  1.2849E-03 -1.2945E-03
   //E22  2.0379E-04 -2.1264E-04
   //E33  2.7968E-04 -3.7541E-04
   //E12  3.0513E-04 -3.8434E-04
   //E23  2.3730E-04 -3.3382E-04
   //E13  9.7015E-04 -1.2906E-03
   //S11  5.9747E+00 -6.9705E+00
   //S22  1.6864E+00 -2.9874E+00
   //S33  1.4165E+00 -2.9874E+00
   //S12  4.6944E-01 -5.9130E-01
   //S23  3.6508E-01 -5.1356E-01
   //S13  1.4925E+00 -1.9855E+00
   //SMS  5.4042E+00  1.5115E-01
#### Result step=     3
 ##### Local Summary :Max/IdMax/Min/IdMin####
   //U1   9.8923E-03      5019 -1.1297E-02      1221
   //U2   2.7074E-02      5021  0.0000E+00      1001
   //U3   0.0000E+00      1001 -1.1577E-01      5221
   //E11  1.3882E-03      5003 -1.9420E-03      1201
   //E22  3.0072E-04      1205 -3.1464E-04      5003
   //E33  3.0135E-04      1205 -3.3443E-04      5103
   //E12  4.1136E-04      1201 -1.4861E-04      1205
   //E23  2.0387E-04      5003 -2.4513E-04      1203
   //E13  4.5670E-04      5003 -1.9353E-03      1201
   //S11  5.9892E+00      5003 -1.0457E+01      1201
   //S22  1.7154E+00      5001 -4.4814E+00      1201
   //S33  1.1611E+00      5001 -4.4814E+00      1201
   //S12  6.3286E-01      1201 -2.2862E-01      1205
   //S23  3.1364E-01      5003 -3.7712E-01      1203
   //S13  7.0262E-01      5003 -2.9774E+00      1201
   //SMS  7.9687E+00      1201  4.2318E-01      3219
 ##### @Element :Max/IdMax/Min/IdMin####
   //E11  1.9273E-03       125 -1.9420E-03        62
   //E22  3.0595E-04        61 -3.1871E-04       125
   //E33  4.1968E-04         7 -5.6442E-04       126
   //E12  4.5825E-04       126 -5.7708E-04         1
   //E23  3.5729E-04         6 -5.0113E-04        61
   //E13  1.4561E-03       125 -1.9353E-03        62
   //S11  8.9623E+00       125 -1.0457E+01        62
   //S22  2.5294E+00       184 -4.4814E+00        62
   //S33  2.1251E+00       125 -4.4814E+00        62
   //S12  7.0499E-01       126 -8.8782E-01         1
   //S23  5.4967E-01         6 -7.7097E-01        61
   //S13  2.2401E+00       125 -2.9774E+00        62
   //SMS  8.1063E+00        68  2.2634E-01       118
 ##### Global Summary :Max/Min####
   //U1   9.8923E-03 -1.1297E-02
   //U2   2.7074E-02  0.0000E+00
   //U3   0.0000E+00 -1.1577E-01
   //E11  1.3882E-03 -1.9420E-03
   //E22  3.0072E-04 -3.1464E-04
   //E33  3.0135E-04 -3.3443E-04
   //E12  4.1136E-04 -1.4861E-04
   //E23  2.0387E-04 -2.4513E-04
   //E13  4.5670E-04 -1.9353E-03
   //S11  5.9892E+00 -1.0457E+01
   //S22  1.7154E+00 -4.4814E+00
   //S33  1.1611E+00 -4.4814E+00
   //S12  6.3286E-01 -2.2862E-01
   //S23  3.1364E-01 -3.7712E-01
   //S13  7.0262E-01 -2.9774E+00
   //SMS  7.9687E+00  4.2318E-01
 ##### @Element :Max/Min####
   //E11  1.9273E-03 -1.9420E-03
   //E22  3.0595E-04 -3.1871E-04
   //E33  4.1968E-04 -5.6442E-04
   //E12  4.5825E-04 -5.7708E-04
   //E23  3.5729E-04 -5.0113E-04
   //E13  1.4561E-03 -1.9353E-03
   //S11  8.9623E+00 -1.0457E+01
   //S22  2.5294E+00 -4.4814E+00
   //S33  2.1251E+00 -4.4814E+00
   //S12  7.0499E-01 -8.8782E-01
   //S23  5.4967E-01 -7.7097E-01
   //S13  2.2401E+00 -2.9774E+00
   //SMS  8.1063E+00  2.2634E-01
#### Result step=     4
 ##### Local Summary :Max/IdMax/Min/IdMin####
   //U1   1.2888E-02      5019 -1.5436E-02      1221
   //U2   3.6094E-02      5021  0.0000E+00      1001
   //U3   0.0000E+00      1001 -1.5439E-01      5221
   //E11  1.8507E-03      5003 -2.5895E-03      1201
   //E22  4.0124E-04      1205 -4.1919E-04      5003
   //E33  4.0133E-04      1205 -4.4653E-04      5103
   //E12  5.4757E-04      1201 -1.9854E-04      1205
   //E23  2.7214E-04      5003 -3.2667E-04      1203
   //E13  6.0933E-04      5003 -2.5797E-03      1201
   //S11  7.9842E+00      5003 -1.3943E+01      1201
   //S22  2.2856E+00      5001 -5.9757E+00      1201
   //S33  1.5443E+00      5001 -5.9757E+00      1201
   //S12  8.4241E-01      1201 -3.0545E-01      1205
   //S23  4.1868E-01      5003 -5.0257E-01      1203
   //S13  9.3743E-01      5003 -3.9688E+00      1201
   //SMS  1.0624E+01      1201  5.6399E-01      3219
 ##### @Element :Max/IdMax/Min/IdMin####
   //E11  2.5697E-03       125 -2.5895E-03        62
   //E22  4.0829E-04        61 -4.2460E-04       125
   //E33  5.5978E-04         7 -7.5429E-04       126
   //E12  6.1171E-04       126 -7.7018E-04         1
   //E23  4.7814E-04         6 -6.6870E-04        61
   //E13  1.9425E-03       125 -2.5797E-03        62
   //S11  1.1950E+01       125 -1.3943E+01        62
   //S22  3.3721E+00       184 -5.9757E+00        62
   //S33  2.8339E+00       125 -5.9757E+00        62
   //S12  9.4109E-01       126 -1.1849E+00         1
   //S23  7.3561E-01         6 -1.0288E+00        61
   //S13  2.9884E+00       125 -3.9688E+00        62
   //SMS  1.0808E+01        68  3.0129E-01       118
 ##### Global Summary :Max/Min####
   //U1   1.2888E-02 -1.5436E-02
   //U2   3.6094E-02  0.0000E+00
   //U3   0.0000E+00 -1.5439E-01
   //E11  1.8507E-03 -2.5895E-03
   //E22  4.0124E-04 -4.1919E-04
   //E33  4.0133E-04 -4.4653E-04
   //E12  5.4757E-04 -1.9854E-04
   //E23  2.7214E-04 -3.2667E-04
   //E13  6.0933E-04 -2.5797E-03
   //S11  7.9842E+00 -1.3943E+01
   //S22  2.2856E+00 -5.9757E+00
   //S33  1.5443E+00 -5.9757E+00
   //S12  8.4241E-01 -3.0545E-01
   //S23  4.1868E-01 -5.0257E-01
   //S13  9.3743E-01 -3.9688E+00
   //SMS  1.0624E+01  5.6399E-01
 ##### @Element :Max/Min####
   //E11  2.5697E-03 -2.5895E-03
   //E22  4.0829E-04 -4.2460E-04
   //E33  5.5978E-04 -7.5429E-04
   //E12  6.1171E-04 -7.7018E-04
   //E23  4.7814E-04 -6.6870E-04
   //E13  1.9425E-03 -2.5797E-03
   //S11  1.1950E+01 -1.3943E+01
   //S22  3.3721E+00 -5.9757E+00
   //S33  2.8339E+00 -5.9757E+00
   //S12  9.4109E-01 -1.1849E+00
   //S23  7.3561E-01 -1.0288E+00
   //S13  2.9884E+00 -3.9688E+00
   //SMS  1.0808E+01  3.0129E-01
#### Result step=     5
 ##### Local Summary :Max/IdMax/Min/IdMin####
   //U1   1.5732E-02      5019 -1.9761E-02      1221
   //U2   4.5110E-02      5021  0.0000E+00      1001
   //U3   0.0000E+00      1001 -1.9303E-01      5221
   //E11  2.3130E-03      5003 -3.2370E-03      1201
   //E22  5.0189E-04      1205 -5.2358E-04      5003
   //E33  5.0106E-04      1205 -5.5892E-04      5103
   //E12  6.8330E-04      1201 -2.4868E-04      1205
   //E23  3.4056E-04      5003 -4.0813E-04      1203
   //E13  7.6214E-04      5003 -3.2237E-03      1201
   //S11  9.9783E+00      5003 -1.7430E+01      1201
   //S22  2.8548E+00      5001 -7.4700E+00      1201
   //S33  1.9256E+00      5001 -7.4700E+00      1201
   //S12  1.0512E+00      1201 -3.8259E-01      1205
   //S23  5.2394E-01      5003 -6.2789E-01      1203
   //S13  1.1725E+00      5003 -4.9596E+00      1201
   //SMS  1.3278E+01      1201  7.0465E-01      3219
 ##### @Element :Max/IdMax/Min/IdMin####
   //E11  3.2119E-03       125 -3.2370E-03        62
   //E22  5.1079E-04        61 -5.3031E-04       125
   //E33  6.9996E-04         7 -9.4501E-04       126
   //E12  7.6551E-04       126 -9.6364E-04         1
   //E23  5.9987E-04         6 -8.3651E-04        61
   //E13  2.4294E-03       125 -3.2237E-03        62
   //S11  1.4937E+01       125 -1.7430E+01        62
   //S22  4.2144E+00       184 -7.4700E+00        62
   //S33  3.5428E+00       125 -7.4700E+00        62
   //S12  1.1777E+00       126 -1.4825E+00         1
   //S23  9.2288E-01         6 -1.2869E+00        61
   //S13  3.7375E+00       125 -4.9596E+00        62
   //SMS  1.3510E+01        68  3.7600E-01       118
 ##### Global Summary :Max/Min####
   //U1   1.5732E-02 -1.9761E-02
   //U2   4.5110E-02  0.0000E+00
   //U3   0.0000E+00 -1.9303E-01
   //E11  2.3130E-03 -3.2370E-03
   //E22  5.0189E-04 -5.2358E-04
   //E33  5.0106E-04 -5.5892E-04
   //E12  6.8330E-04 -2.4868E-04
   //E23  3.4056E-04 -4.0813E-04
   //E13  7.6214E-04 -3.2237E-03
   //S11  9.9783E+00 -1.7430E+01
   //S22  2.8548E+00 -7.4700E+00
   //S33  1.9256E+00 -7.4700E+00
   //S12  1.0512E+00 -3.8259E-01
   //S23  5.2394E-01 -6.2789E-01
   //S13  1.1725E+00 -4.9596E+00
   //SMS  1.3278E+01  7.0465E-01
 ##### @Element :Max/Min####
   //E11  3.2119E-03 -3.2370E-03
   //E22  5.1079E-04 -5.3031E-04
   //E33  6.9996E-04 -9.4501E-04
   //E12  7.6551E-04 -9.6364E-04
   //E23  5.9987E-04 -8.3651E-04
   //E13  2.4294E-03 -3.2237E-03
   //S11  1.4937E+01 -1.7430E+01
   //S22  4.2144E+00 -7.4700E+00
   //S33  3.5428E+00 -7.4700E+00
   //S12  1.1777E+00 -1.4825E+00
   //S23  9.2288E-01 -1.2869E+00
   //S13  3.7375E+00 -4.9596E+00
   //SMS  1.3510E+01  3.7600E-01
#### Result step=     6
 ##### Local Summary :Max/IdMax/Min/IdMin####
   //U1   1.8425E-02      5019 -2.4272E-02      1221
   //U2   5.4121E-02      5021  0.0000E+00      1001
   //U3   0.0000E+00      1001 -2.3167E-01      5221
   //E11  2.7751E-03      5003 -3.8845E-03      1201
   //E22  6.0266E-04      1205 -6.2779E-04      5003
   //E33  6.0053E-04      1205 -6.7160E-04      5103
   //E12  8.1855E-04      1201 -2.9902E-04      1205
   //E23  4.0913E-04      5003 -4.8948E-04      1203
   //E13  9.1511E-04      5003 -3.8673E-03      1201
   //S11  1.1971E+01      5003 -2.0917E+01      1201
   //S22  3.4232E+00      5001 -8.9642E+00      1201
   //S33  2.3049E+00      5001 -8.9642E+00      1201
   //S12  1.2593E+00      1201 -4.6003E-01      1205
   //S23  6.2944E-01      5003 -7.5305E-01      1203
   //S13  1.4079E+00      5003 -5.9496E+00      1201
   //SMS  1.5931E+01      1201  8.4517E-01      3219
 ##### @Element :Max/IdMax/Min/IdMin####
   //E11  3.8540E-03       125 -3.8845E-03        62
   //E22  6.1345E-04        61 -6.3583E-04       125
   //E33  8.4022E-04         7 -1.1366E-03       126
   //E12  9.1963E-04       126 -1.1574E-03         1
   //E23  7.2246E-04         6 -1.0046E-03        61
   //E13  2.9167E-03       125 -3.8673E-03        62
   //S11  1.7924E+01       125 -2.0917E+01        62
   //S22  5.0564E+00       184 -8.9642E+00        62
   //S33  4.2519E+00       125 -8.9642E+00        62
   //S12  1.4148E+00       126 -1.7807E+00         1
   //S23  1.1115E+00         6 -1.5455E+00        61
   //S13  4.4873E+00       125 -5.9496E+00        62
   //SMS  1.6211E+01        68  4.5046E-01       118
 ##### Global Summary :Max/Min####
   //U1   1.8425E-02 -2.4272E-02
   //U2   5.4121E-02  0.0000E+00
   //U3   0.0000E+00 -2.3167E-01
   //E11  2.7751E-03 -3.8845E-03
   //E22  6.0266E-04 -6.2779E-04
   //E33  6.0053E-04 -6.7160E-04
   //E12  8.1855E-04 -2.9902E-04
   //E23  4.0913E-04 -4.8948E-04
   //E13  9.1511E-04 -3.8673E-03
   //S11  1.1971E+01 -2.0917E+01
   //S22  3.4232E+00 -8.9642E+00
   //S33  2.3049E+00 -8.9642E+00
   //S12  1.2593E+00 -4.6003E-01
   //S23  6.2944E-01 -7.5305E-01
   //S13  1.4079E+00 -5.9496E+00
   //SMS  1.5931E+01  8.4517E-01
 ##### @Element :Max/Min####
   //E11  3.8540E-03 -3.8845E-03
   //E22  6.1345E-04 -6.3583E-04
   //E33  8.4022E-04 -1.1366E-03
   //E12  9.1963E-04 -1.1574E-03
   //E23  7.2246E-04 -1.0046E-03
   //E13  2.9167E-03 -3.8673E-03
   //S11  1.7924E+01 -2.0917E+01
   //S22  5.0564E+00 -8.9642E+00
   //S33  4.2519E+00 -8.9642E+00
   //S12  1.4148E+00 -1.7807E+00
   //S23  1.1115E+00 -1.5455E+00
   //S13  4.4873E+00 -5.9496E+00
   //SMS  1.6211E+01  4.5046E-01
#### Result step=     7
 ##### Local Summary :Max/IdMax/Min/IdMin####
   //U1   2.0979E-02      5017 -2.8967E-02      1221
   //U2   6.3125E-02      5021  0.0000E+00      1001
   //U3   0.0000E+00      1001 -2.7032E-01      5221
   //E11  3.2370E-03      5003 -4.5320E-03      1201
   //E22  7.0355E-04      1205 -7.3182E-04      5003
   //E33  6.9975E-04      1205 -7.8457E-04      5103
   //E12  9.5331E-04      1201 -3.4955E-04      1205
   //E23  4.7785E-04      5003 -5.7074E-04      1203
   //E13  1.0682E-03      5003 -4.5103E-03      1201
   //S11  1.3963E+01      5003 -2.4403E+01      1201
   //S22  3.9906E+00      5001 -1.0458E+01      1201
   //S33  2.6823E+00      5001 -1.0458E+01      1201
   //S12  1.4666E+00      1201 -5.3777E-01      1205
   //S23  7.3515E-01      5003 -8.7807E-01      1203
   //S13  1.6434E+00      5003 -6.9389E+00      1201
   //SMS  1.8584E+01      1201  9.8552E-01      3219
 ##### @Element :Max/IdMax/Min/IdMin####
   //E11  4.4959E-03       125 -4.5320E-03        62
   //E22  7.1626E-04        61 -7.4115E-04       125
   //E33  9.8055E-04         7 -1.3289E-03       126
   //E12  1.0741E-03       126 -1.3515E-03         1
   //E23  8.4590E-04         6 -1.1728E-03        61
   //E13  3.4045E-03       125 -4.5103E-03        62
   //S11  2.0911E+01       125 -2.4403E+01        62
   //S22  5.8981E+00       184 -1.0458E+01        62
   //S33  4.9610E+00       125 -1.0458E+01        62
   //S12  1.6524E+00       126 -2.0793E+00         1
   //S23  1.3014E+00         6 -1.8044E+00        61
   //S13  5.2377E+00       125 -6.9389E+00        62
   //SMS  1.8911E+01        68  5.2470E-01       118
 ##### Global Summary :Max/Min####
   //U1   2.0979E-02 -2.8967E-02
   //U2   6.3125E-02  0.0000E+00
   //U3   0.0000E+00 -2.7032E-01
   //E11  3.2370E-03 -4.5320E-03
   //E22  7.0355E-04 -7.3182E-04
   //E33  6.9975E-04 -7.8457E-04
   //E12  9.5331E-04 -3.4955E-04
   //E23  4.7785E-04 -5.7074E-04
   //E13  1.0682E-03 -4.5103E-03
   //S11  1.3963E+01 -2.4403E+01
   //S22  3.9906E+00 -1.0458E+01
   //S33  2.6823E+00 -1.0458E+01
   //S12  1.4666E+00 -5.3777E-01
   //S23  7.3515E-01 -8.7807E-01
   //S13  1.6434E+00 -6.9389E+00
   //SMS  1.8584E+01  9.8552E-01
 ##### @Element :Max/Min####
   //E11  4.4959E-03 -4.5320E-03
   //E22  7.1626E-04 -7.4115E-04
   //E33  9.8055E-04 -1.3289E-03
   //E12  1.0741E-03 -1.3515E-03
   //E23  8.4590E-04 -1.1728E-03
   //E13  3.4045E-03 -4.5103E-03
   //S11  2.0911E+01 -2.4403E+01
   //S22  5.8981E+00 -1.0458E+01
   //S33  4.9610E+00 -1.0458E+01
   //S12  1.6524E+00 -2.0793E+00
   //S23  1.3014E+00 -1.8044E+00
   //S13  5.2377E+00 -6.9389E+00
   //SMS  1.8911E+01  5.2470E-01
#### Result step=     8
 ##### Local Summary :Max/IdMax/Min/IdMin####
   //U1   2.3501E-02      5017 -3.3846E-02      1221
   //U2   7.2122E-02      5021  0.0000E+00      1001
   //U3   0.0000E+00      1001 -3.0896E-01      5221
   //E11  3.6987E-03      5003 -5.1794E-03      1201
   //E22  8.0455E-04      1205 -8.3565E-04      5003
   //E33  7.9870E-04      1205 -8.9782E-04      5103
   //E12  1.0876E-03      1201 -4.0028E-04      1205
   //E23  5.4671E-04      5003 -6.5190E-04      1203
   //E13  1.2215E-03      5003 -5.1529E-03      1201
   //S11  1.5954E+01      5003 -2.7889E+01      1201
   //S22  4.5570E+00      5001 -1.1952E+01      1201
   //S33  3.0576E+00      5001 -1.1952E+01      1201
   //S12  1.6732E+00      1201 -6.1582E-01      1205
   //S23  8.4109E-01      5003 -1.0029E+00      1203
   //S13  1.8792E+00      5003 -7.9275E+00      1201
   //SMS  2.1235E+01      1201  1.1257E+00      3219
 ##### @Element :Max/IdMax/Min/IdMin####
   //E11  5.1375E-03       125 -5.1794E-03        62
   //E22  8.1922E-04        61 -8.4627E-04       125
   //E33  1.1209E-03         7 -1.5221E-03       126
   //E12  1.2288E-03       126 -1.5460E-03         1
   //E23  9.7019E-04         6 -1.3413E-03        61
   //E13  3.8927E-03       125 -5.1529E-03        62
   //S11  2.3897E+01       125 -2.7889E+01        62
   //S22  6.7392E+00       184 -1.1952E+01        62
   //S33  5.6702E+00       125 -1.1952E+01        62
   //S12  1.8905E+00       126 -2.3784E+00         1
   //S23  1.4926E+00         6 -2.0636E+00        61
   //S13  5.9887E+00       125 -7.9275E+00        62
   //SMS  2.1611E+01        68  5.9870E-01       118
 ##### Global Summary :Max/Min####
   //U1   2.3501E-02 -3.3846E-02
   //U2   7.2122E-02  0.0000E+00
   //U3   0.0000E+00 -3.0896E-01
   //E11  3.6987E-03 -5.1794E-03
   //E22  8.0455E-04 -8.3565E-04
   //E33  7.9870E-04 -8.9782E-04
   //E12  1.0876E-03 -4.0028E-04
   //E23  5.4671E-04 -6.5190E-04
   //E13  1.2215E-03 -5.1529E-03
   //S11  1.5954E+01 -2.7889E+01
   //S22  4.5570E+00 -1.1952E+01
   //S33  3.0576E+00 -1.1952E+01
   //S12  1.6732E+00 -6.1582E-01
   //S23  8.4109E-01 -1.0029E+00
   //S13  1.8792E+00 -7.9275E+00
   //SMS  2.1235E+01  1.1257E+00
 ##### @Element :Max/Min####
   //E11  5.1375E-03 -5.1794E-03
   //E22  8.1922E-04 -8.4627E-04
   //E33  1.1209E-03 -1.5221E-03
   //E12  1.2288E-03 -1.5460E-03
   //E23  9.7019E-04 -1.3413E-03
   //E13  3.8927E-03 -5.1529E-03
   //S11  2.3897E+01 -2.7889E+01
   //S22  6.7392E+00 -1.1952E+01
   //S33  5.6702E+00 -1.1952E+01
   //S12  1.8905E+00 -2.3784E+00
   //S23  1.4926E+00 -2.0636E+00
   //S13  5.9887E+00 -7.9275E+00
   //SMS  2.1611E+01  5.9870E-01
#### Result step=     9
 ##### Local Summary :Max/IdMax/Min/IdMin####
   //U1   2.5904E-02      5017 -3.8910E-02      1221
   //U2   8.1110E-02      5021  0.0000E+00      1001
   //U3   0.0000E+00      1001 -3.4761E-01      5221
   //E11  4.1601E-03      5003 -5.8266E-03      1201
   //E22  9.0565E-04      1205 -9.3929E-04      5003
   //E33  8.9739E-04      1205 -1.0113E-03      5103
   //E12  1.2213E-03      1201 -4.5120E-04      1205
   //E23  6.1570E-04      5003 -7.3294E-04      1203
   //E13  1.3749E-03      5003 -5.7949E-03      1201
   //S11  1.7943E+01      5003 -3.1374E+01      1201
   //S22  5.1225E+00      5001 -1.3446E+01      1201
   //S33  3.4309E+00      5001 -1.3446E+01      1201
   //S12  1.8789E+00      1201 -6.9416E-01      1205
   //S23  9.4723E-01      5003 -1.1276E+00      1203
   //S13  2.1152E+00      5003 -8.9152E+00      1201
   //SMS  2.3884E+01      1201  1.2657E+00      3219
 ##### @Element :Max/IdMax/Min/IdMin####
   //E11  5.7789E-03       125 -5.8266E-03        62
   //E22  9.2232E-04        61 -9.5118E-04       125
   //E33  1.2614E-03         7 -1.7161E-03       126
   //E12  1.3839E-03       126 -1.7407E-03         1
   //E23  1.0953E-03         6 -1.5100E-03        61
   //E13  4.3812E-03       125 -5.7949E-03        62
   //S11  2.6882E+01       125 -3.1374E+01        62
   //S22  7.5799E+00       184 -1.3446E+01        62
   //S33  6.3793E+00       125 -1.3446E+01        62
   //S12  2.1290E+00       126 -2.6780E+00         1
   //S23  1.6851E+00         6 -2.3231E+00        61
   //S13  6.7403E+00       125 -8.9152E+00        62
   //SMS  2.4309E+01        68  6.7248E-01       118
 ##### Global Summary :Max/Min####
   //U1   2.5904E-02 -3.8910E-02
   //U2   8.1110E-02  0.0000E+00
   //U3   0.0000E+00 -3.4761E-01
   //E11  4.1601E-03 -5.8266E-03
   //E22  9.0565E-04 -9.3929E-04
   //E33  8.9739E-04 -1.0113E-03
   //E12  1.2213E-03 -4.5120E-04
   //E23  6.1570E-04 -7.3294E-04
   //E13  1.3749E-03 -5.7949E-03
   //S11  1.7943E+01 -3.1374E+01
   //S22  5.1225E+00 -1.3446E+01
   //S33  3.4309E+00 -1.3446E+01
   //S12  1.8789E+00 -6.9416E-01
   //S23  9.4723E-01 -1.1276E+00
   //S13  2.1152E+00 -8.9152E+00
   //SMS  2.3884E+01  1.2657E+00
 ##### @Element :Max/Min####
   //E11  5.7789E-03 -5.8266E-03
   //E22  9.2232E-04 -9.5118E-04
   //E33  1.2614E-03 -1.7161E-03
   //E12  1.3839E-03 -1.7407E-03
   //E23  1.0953E-03 -1.5100E-03
   //E13  4.3812E-03 -5.7949E-03
   //S11  2.6882E+01 -3.1374E+01
   //S22  7.5799E+00 -1.3446E+01
   //S33  6.3793E+00 -1.3446E+01
   //S12  2.1290E+00 -2.6780E+00
   //S23  1.6851E+00 -2.3231E+00
   //S13  6.7403E+00 -8.9152E+00
   //SMS  2.4309E+01  6.7248E-01
#### Result step=    10
 ##### Local Summary :Max/IdMax/Min/IdMin####
   //U1   2.8187E-02      5017 -4.4156E-02      1221
   //U2   9.0088E-02      5021  0.0000E+00      1001
   //U3   0.0000E+00      1001 -3.8625E-01      5221
   //E11  4.6212E-03      5003 -6.4737E-03      1201
   //E22  1.0068E-03      1205 -1.0427E-03      5003
   //E33  9.9579E-04      1205 -1.1251E-03      5103
   //E12  1.3545E-03      1201 -5.0232E-04      1205
   //E23  6.8482E-04      5003 -8.1387E-04      1203
   //E13  1.5284E-03      5003 -6.4363E-03      1201
   //S11  1.9931E+01      5003 -3.4859E+01      1201
   //S22  5.6869E+00      5001 -1.4939E+01      1201
   //S33  3.8022E+00      5001 -1.4939E+01      1201
   //S12  2.0839E+00      1201 -7.7279E-01      1205
   //S23  1.0536E+00      5003 -1.2521E+00      1203
   //S13  2.3514E+00      5003 -9.9020E+00      1201
   //SMS  2.6532E+01      1201  1.4055E+00      3219
 ##### @Element :Max/IdMax/Min/IdMin####
   //E11  6.4200E-03       125 -6.4737E-03        62
   //E22  1.0256E-03        61 -1.0559E-03       125
   //E33  1.4019E-03         7 -1.9109E-03       126
   //E12  1.5392E-03       126 -1.9358E-03         1
   //E23  1.2213E-03         6 -1.6789E-03        61
   //E13  4.8700E-03       125 -6.4363E-03        62
   //S11  2.9865E+01       125 -3.4859E+01        62
   //S22  8.4199E+00       184 -1.4939E+01        62
   //S33  7.0883E+00       125 -1.4939E+01        62
   //S12  2.3680E+00       126 -2.9781E+00         1
   //S23  1.8789E+00         6 -2.5829E+00        61
   //S13  7.4923E+00       125 -9.9020E+00        62
   //SMS  2.7007E+01        68  7.4605E-01       118
 ##### Global Summary :Max/Min####
   //U1   2.8187E-02 -4.4156E-02
   //U2   9.0088E-02  0.0000E+00
   //U3   0.0000E+00 -3.8625E-01
   //E11  4.6212E-03 -6.4737E-03
   //E22  1.0068E-03 -1.0427E-03
   //E33  9.9579E-04 -1.1251E-03
   //E12  1.3545E-03 -5.0232E-04
   //E23  6.8482E-04 -8.1387E-04
   //E13  1.5284E-03 -6.4363E-03
   //S11  1.9931E+01 -3.4859E+01
   //S22  5.6869E+00 -1.4939E+01
   //S33  3.8022E+00 -1.4939E+01
   //S12  2.0839E+00 -7.7279E-01
   //S23  1.0536E+00 -1.2521E+00
   //S13  2.3514E+00 -9.9020E+00
   //SMS  2.6532E+01  1.4055E+00
 ##### @Element :Max/Min####
   //E11  6.4200E-03 -6.4737E-03
   //E22  1.0256E-03 -1.0559E-03
   //E33  1.4019E-03 -1.9109E-03
   //E12  1.5392E-03 -1.9358E-03
   //E23  1.2213E-03 -1.6789E-03
   //E13  4.8700E-03 -6.4363E-03
   //S11  2.9865E+01 -3.4859E+01
   //S22  8.4199E+00 -1.4939E+01
   //S33  7.0883E+00 -1.4939E+01
   //S12  2.3680E+00 -2.9781E+00
   //S23  1.8789E+00 -2.5829E+00
   //S13  7.4923E+00 -9.9020E+00
   //SMS  2.7007E+01  7.4605E-01
