 fstr_setup: OK
#### Result step=     1
 ##### Local Summary :Max/IdMax/Min/IdMin####
   //U1   6.8999E-03      5069 -8.0675E-03      1121
   //U2   2.1353E-04      5003 -2.1200E-04      1003
   //U3   3.5033E-05      2151 -9.9919E-02      5121
   //E11  1.4472E-03      5001 -1.4523E-03      1201
   //E22  5.2272E-04      1203 -4.1353E-04      5203
   //E33  4.8259E-04      1103 -4.6773E-04      5152
   //E12  7.1119E-04      2201 -6.6873E-04      2001
   //E23  1.2557E-04      2001 -1.6466E-04      5151
   //E13  4.0478E-04      3001 -6.6440E-04      1101
   //S11  6.6559E+00      5001 -7.8211E+00      1201
   //S22  2.2878E+00      5051 -3.3526E+00      1201
   //S33  1.6975E+00      4001 -3.3537E+00      1201
   //S12  1.0941E+00      2201 -1.0288E+00      2001
   //S23  1.9318E-01      2001 -2.5332E-01      5151
   //S13  6.2274E-01      3001 -1.0221E+00      1101
   //SMS  5.8749E+00      1203  5.6303E-02      5021
 ##### @Element :Max/IdMax/Min/IdMin####
   //E11  1.0494E-03       186 -1.0110E-03         2
   //E22  2.9808E-04         8 -2.9251E-04       125
   //E33  3.0393E-04         1 -3.5961E-04       186
   //E12  2.9502E-04        62 -2.9985E-04         3
   //E23  5.6217E-05       119 -9.1680E-05         2
   //E13  1.6148E-04       122 -3.4249E-04         2
   //S11  4.3403E+00       186 -4.5841E+00         2
   //S22  9.8766E-01       123 -1.0081E+00         2
   //S33  9.1152E-01       123 -7.9305E-01        62
   //S12  4.5388E-01        62 -4.6131E-01         3
   //S23  8.6487E-02       119 -1.4105E-01         2
   //S13  2.4844E-01       122 -5.2691E-01         2
   //SMS  4.1312E+00       186  1.6873E-01       179
 ##### Global Summary :Max/Min####
   //U1   6.8999E-03 -8.0675E-03
   //U2   2.1353E-04 -2.1200E-04
   //U3   3.5033E-05 -9.9919E-02
   //E11  1.4472E-03 -1.4523E-03
   //E22  5.2272E-04 -4.1353E-04
   //E33  4.8259E-04 -4.6773E-04
   //E12  7.1119E-04 -6.6873E-04
   //E23  1.2557E-04 -1.6466E-04
   //E13  4.0478E-04 -6.6440E-04
   //S11  6.6559E+00 -7.8211E+00
   //S22  2.2878E+00 -3.3526E+00
   //S33  1.6975E+00 -3.3537E+00
   //S12  1.0941E+00 -1.0288E+00
   //S23  1.9318E-01 -2.5332E-01
   //S13  6.2274E-01 -1.0221E+00
   //SMS  5.8749E+00  5.6303E-02
 ##### @Element :Max/Min####
   //E11  1.0494E-03 -1.0110E-03
   //E22  2.9808E-04 -2.9251E-04
   //E33  3.0393E-04 -3.5961E-04
   //E12  2.9502E-04 -2.9985E-04
   //E23  5.6217E-05 -9.1680E-05
   //E13  1.6148E-04 -3.4249E-04
   //S11  4.3403E+00 -4.5841E+00
   //S22  9.8766E-01 -1.0081E+00
   //S33  9.1152E-01 -7.9305E-01
   //S12  4.5388E-01 -4.6131E-01
   //S23  8.6487E-02 -1.4105E-01
   //S13  2.4844E-01 -5.2691E-01
   //SMS  4.1312E+00  1.6873E-01
#### Result step=     2
 ##### Local Summary :Max/IdMax/Min/IdMin####
   //U1   1.2841E-02      5118 -1.7328E-02      1121
   //U2   4.2689E-04      5003 -4.2415E-04      1003
   //U3   7.0238E-05      2151 -1.9989E-01      5121
   //E11  2.8939E-03      5001 -2.9038E-03      1201
   //E22  1.0455E-03      1203 -8.2648E-04      5203
   //E33  9.6437E-04      1103 -9.3542E-04      5152
   //E12  1.4245E-03      2201 -1.3396E-03      2001
   //E23  2.5139E-04      2001 -3.2917E-04      5151
   //E13  8.0907E-04      3001 -1.3278E-03      1101
   //S11  1.3310E+01      5001 -1.5640E+01      1201
   //S22  4.5753E+00      5051 -6.7060E+00      1201
   //S33  3.3897E+00      4001 -6.7104E+00      1201
   //S12  2.1915E+00      2201 -2.0609E+00      2001
   //S23  3.8675E-01      2001 -5.0641E-01      5151
   //S13  1.2447E+00      3001 -2.0428E+00      1101
   //SMS  1.1748E+01      1203  1.1153E-01      5021
 ##### @Element :Max/IdMax/Min/IdMin####
   //E11  2.0978E-03       186 -2.0224E-03         2
   //E22  5.9669E-04         8 -5.8446E-04       125
   //E33  6.0726E-04         1 -7.1957E-04       186
   //E12  5.9095E-04        62 -6.0088E-04         3
   //E23  1.1229E-04       119 -1.8366E-04         2
   //E13  3.2202E-04       122 -6.8485E-04         2
   //S11  8.6758E+00       186 -9.1703E+00         2
   //S22  1.9736E+00       123 -2.0157E+00         2
   //S33  1.8182E+00       123 -1.5882E+00        62
   //S12  9.0916E-01        62 -9.2444E-01         3
   //S23  1.7275E-01       119 -2.8256E-01         2
   //S13  4.9542E-01       122 -1.0536E+00         2
   //SMS  8.2592E+00       186  3.3803E-01       179
 ##### Global Summary :Max/Min####
   //U1   1.2841E-02 -1.7328E-02
   //U2   4.2689E-04 -4.2415E-04
   //U3   7.0238E-05 -1.9989E-01
   //E11  2.8939E-03 -2.9038E-03
   //E22  1.0455E-03 -8.2648E-04
   //E33  9.6437E-04 -9.3542E-04
   //E12  1.4245E-03 -1.3396E-03
   //E23  2.5139E-04 -3.2917E-04
   //E13  8.0907E-04 -1.3278E-03
   //S11  1.3310E+01 -1.5640E+01
   //S22  4.5753E+00 -6.7060E+00
   //S33  3.3897E+00 -6.7104E+00
   //S12  2.1915E+00 -2.0609E+00
   //S23  3.8675E-01 -5.0641E-01
   //S13  1.2447E+00 -2.0428E+00
   //SMS  1.1748E+01  1.1153E-01
 ##### @Element :Max/Min####
   //E11  2.0978E-03 -2.0224E-03
   //E22  5.9669E-04 -5.8446E-04
   //E33  6.0726E-04 -7.1957E-04
   //E12  5.9095E-04 -6.0088E-04
   //E23  1.1229E-04 -1.8366E-04
   //E13  3.2202E-04 -6.8485E-04
   //S11  8.6758E+00 -9.1703E+00
   //S22  1.9736E+00 -2.0157E+00
   //S33  1.8182E+00 -1.5882E+00
   //S12  9.0916E-01 -9.2444E-01
   //S23  1.7275E-01 -2.8256E-01
   //S13  4.9542E-01 -1.0536E+00
   //SMS  8.2592E+00  3.3803E-01
#### Result step=     3
 ##### Local Summary :Max/IdMax/Min/IdMin####
   //U1   1.8043E-02      5067 -2.7771E-02      1121
   //U2   6.3999E-04      5003 -6.3637E-04      1003
   //U3   1.0560E-04      2151 -2.9986E-01      5121
   //E11  4.3395E-03      5001 -4.3541E-03      1201
   //E22  1.5682E-03      1203 -1.2387E-03      5203
   //E33  1.4455E-03      1203 -1.4029E-03      5152
   //E12  2.1397E-03      2201 -2.0123E-03      2001
   //E23  3.7742E-04      2001 -4.9347E-04      5151
   //E13  1.2127E-03      3001 -1.9900E-03      1101
   //S11  1.9958E+01      5001 -2.3455E+01      1201
   //S22  6.8616E+00      5051 -1.0059E+01      1201
   //S33  5.0761E+00      4001 -1.0069E+01      1201
   //S12  3.2918E+00      2201 -3.0958E+00      2001
   //S23  5.8064E-01      2001 -7.5918E-01      5151
   //S13  1.8657E+00      3001 -3.0616E+00      1101
   //SMS  1.7616E+01      1203  1.6571E-01      5021
 ##### @Element :Max/IdMax/Min/IdMin####
   //E11  3.1448E-03       186 -3.0338E-03         2
   //E22  8.9569E-04         8 -8.7573E-04       125
   //E33  9.0985E-04         1 -1.0797E-03       186
   //E12  8.8768E-04        62 -9.0298E-04         3
   //E23  1.6817E-04       119 -2.7591E-04         2
   //E13  4.8153E-04       122 -1.0270E-03         2
   //S11  1.3005E+01       186 -1.3757E+01         2
   //S22  2.9575E+00       123 -3.0224E+00         2
   //S33  2.7196E+00       123 -2.3852E+00        62
   //S12  1.3657E+00        62 -1.3892E+00         3
   //S23  2.5873E-01       119 -4.2448E-01         2
   //S13  7.4081E-01       122 -1.5800E+00         2
   //SMS  1.2382E+01       186  5.0783E-01       179
 ##### Global Summary :Max/Min####
   //U1   1.8043E-02 -2.7771E-02
   //U2   6.3999E-04 -6.3637E-04
   //U3   1.0560E-04 -2.9986E-01
   //E11  4.3395E-03 -4.3541E-03
   //E22  1.5682E-03 -1.2387E-03
   //E33  1.4455E-03 -1.4029E-03
   //E12  2.1397E-03 -2.0123E-03
   //E23  3.7742E-04 -4.9347E-04
   //E13  1.2127E-03 -1.9900E-03
   //S11  1.9958E+01 -2.3455E+01
   //S22  6.8616E+00 -1.0059E+01
   //S33  5.0761E+00 -1.0069E+01
   //S12  3.2918E+00 -3.0958E+00
   //S23  5.8064E-01 -7.5918E-01
   //S13  1.8657E+00 -3.0616E+00
   //SMS  1.7616E+01  1.6571E-01
 ##### @Element :Max/Min####
   //E11  3.1448E-03 -3.0338E-03
   //E22  8.9569E-04 -8.7573E-04
   //E33  9.0985E-04 -1.0797E-03
   //E12  8.8768E-04 -9.0298E-04
   //E23  1.6817E-04 -2.7591E-04
   //E13  4.8153E-04 -1.0270E-03
   //S11  1.3005E+01 -1.3757E+01
   //S22  2.9575E+00 -3.0224E+00
   //S33  2.7196E+00 -2.3852E+00
   //S12  1.3657E+00 -1.3892E+00
   //S23  2.5873E-01 -4.2448E-01
   //S13  7.4081E-01 -1.5800E+00
   //SMS  1.2382E+01  5.0783E-01
#### Result step=     4
 ##### Local Summary :Max/IdMax/Min/IdMin####
   //U1   2.2633E-02      5016 -3.9388E-02      1121
   //U2   8.5275E-04      5003 -8.4856E-04      1003
   //U3   1.4111E-04      2151 -3.9976E-01      5121
   //E11  5.7837E-03      5001 -5.8026E-03      1201
   //E22  2.0905E-03      1203 -1.6500E-03      5203
   //E33  1.9264E-03      1203 -1.8700E-03      5152
   //E12  2.8564E-03      2201 -2.6866E-03      2001
   //E23  5.0361E-04      2001 -6.5749E-04      5151
   //E13  1.6155E-03      3001 -2.6508E-03      1101
   //S11  2.6600E+01      5001 -3.1261E+01      1201
   //S22  9.1460E+00      5051 -1.3410E+01      1201
   //S33  6.7560E+00      4001 -1.3427E+01      1201
   //S12  4.3944E+00      2201 -4.1333E+00      2001
   //S23  7.7478E-01      2001 -1.0115E+00      5151
   //S13  2.4853E+00      3001 -4.0782E+00      1101
   //SMS  2.3479E+01      1203  2.1880E-01      5021
 ##### @Element :Max/IdMax/Min/IdMin####
   //E11  4.1900E-03       186 -4.0447E-03         2
   //E22  1.1950E-03         8 -1.1662E-03       125
   //E33  1.2116E-03         1 -1.4400E-03       186
   //E12  1.1851E-03        62 -1.2060E-03         3
   //E23  2.2384E-04       119 -3.6839E-04         2
   //E13  6.3993E-04       122 -1.3688E-03         2
   //S11  1.7326E+01       186 -1.8342E+01         2
   //S22  3.9389E+00       123 -4.0279E+00         2
   //S33  3.6155E+00       123 -3.1836E+00        62
   //S12  1.8232E+00        62 -1.8554E+00         3
   //S23  3.4437E-01       119 -5.6676E-01         2
   //S13  9.8450E-01       122 -2.1058E+00         2
   //SMS  1.6499E+01       186  6.7803E-01       179
 ##### Global Summary :Max/Min####
   //U1   2.2633E-02 -3.9388E-02
   //U2   8.5275E-04 -8.4856E-04
   //U3   1.4111E-04 -3.9976E-01
   //E11  5.7837E-03 -5.8026E-03
   //E22  2.0905E-03 -1.6500E-03
   //E33  1.9264E-03 -1.8700E-03
   //E12  2.8564E-03 -2.6866E-03
   //E23  5.0361E-04 -6.5749E-04
   //E13  1.6155E-03 -2.6508E-03
   //S11  2.6600E+01 -3.1261E+01
   //S22  9.1460E+00 -1.3410E+01
   //S33  6.7560E+00 -1.3427E+01
   //S12  4.3944E+00 -4.1333E+00
   //S23  7.7478E-01 -1.0115E+00
   //S13  2.4853E+00 -4.0782E+00
   //SMS  2.3479E+01  2.1880E-01
 ##### @Element :Max/Min####
   //E11  4.1900E-03 -4.0447E-03
   //E22  1.1950E-03 -1.1662E-03
   //E33  1.2116E-03 -1.4400E-03
   //E12  1.1851E-03 -1.2060E-03
   //E23  2.2384E-04 -3.6839E-04
   //E13  6.3993E-04 -1.3688E-03
   //S11  1.7326E+01 -1.8342E+01
   //S22  3.9389E+00 -4.0279E+00
   //S33  3.6155E+00 -3.1836E+00
   //S12  1.8232E+00 -1.8554E+00
   //S23  3.4437E-01 -5.6676E-01
   //S13  9.8450E-01 -2.1058E+00
   //SMS  1.6499E+01  6.7803E-01
#### Result step=     5
 ##### Local Summary :Max/IdMax/Min/IdMin####
   //U1   2.6801E-02      5065 -5.2163E-02      1121
   //U2   1.0651E-03      5003 -1.0607E-03      1003
   //U3   1.7675E-04      2151 -4.9954E-01      5121
   //E11  7.2258E-03      5001 -7.2487E-03      1201
   //E22  2.6124E-03      1203 -2.0602E-03      5203
   //E33  2.4066E-03      1203 -2.3365E-03      5152
   //E12  3.5744E-03      2201 -3.3623E-03      2001
   //E23  6.2991E-04      2001 -8.2118E-04      5151
   //E13  2.0172E-03      3001 -3.3100E-03      1101
   //S11  3.3233E+01      5001 -3.9058E+01      1201
   //S22  1.1428E+01      5051 -1.6758E+01      1201
   //S33  8.4288E+00      4001 -1.6785E+01      1201
   //S12  5.4991E+00      2201 -5.1727E+00      2001
   //S23  9.6909E-01      2001 -1.2634E+00      5151
   //S13  3.1035E+00      3001 -5.0923E+00      1101
   //SMS  2.9332E+01      1203  2.7076E-01      5021
 ##### @Element :Max/IdMax/Min/IdMin####
   //E11  5.2330E-03       186 -5.0549E-03         2
   //E22  1.4944E-03         8 -1.4558E-03       125
   //E33  1.5124E-03         1 -1.8002E-03       186
   //E12  1.4831E-03        62 -1.5099E-03         3
   //E23  2.7924E-04       119 -4.6107E-04         2
   //E13  7.9714E-04       122 -1.7101E-03         2
   //S11  2.1637E+01       186 -2.2924E+01         2
   //S22  4.9175E+00       123 -5.0319E+00         2
   //S33  4.5056E+00       123 -3.9833E+00        62
   //S12  2.2816E+00        62 -2.3229E+00         3
   //S23  4.2961E-01       119 -7.0934E-01         2
   //S13  1.2264E+00       122 -2.6309E+00         2
   //SMS  2.0608E+01       186  8.4851E-01       179
 ##### Global Summary :Max/Min####
   //U1   2.6801E-02 -5.2163E-02
   //U2   1.0651E-03 -1.0607E-03
   //U3   1.7675E-04 -4.9954E-01
   //E11  7.2258E-03 -7.2487E-03
   //E22  2.6124E-03 -2.0602E-03
   //E33  2.4066E-03 -2.3365E-03
   //E12  3.5744E-03 -3.3623E-03
   //E23  6.2991E-04 -8.2118E-04
   //E13  2.0172E-03 -3.3100E-03
   //S11  3.3233E+01 -3.9058E+01
   //S22  1.1428E+01 -1.6758E+01
   //S33  8.4288E+00 -1.6785E+01
   //S12  5.4991E+00 -5.1727E+00
   //S23  9.6909E-01 -1.2634E+00
   //S13  3.1035E+00 -5.0923E+00
   //SMS  2.9332E+01  2.7076E-01
 ##### @Element :Max/Min####
   //E11  5.2330E-03 -5.0549E-03
   //E22  1.4944E-03 -1.4558E-03
   //E33  1.5124E-03 -1.8002E-03
   //E12  1.4831E-03 -1.5099E-03
   //E23  2.7924E-04 -4.6107E-04
   //E13  7.9714E-04 -1.7101E-03
   //S11  2.1637E+01 -2.2924E+01
   //S22  4.9175E+00 -5.0319E+00
   //S33  4.5056E+00 -3.9833E+00
   //S12  2.2816E+00 -2.3229E+00
   //S23  4.2961E-01 -7.0934E-01
   //S13  1.2264E+00 -2.6309E+00
   //SMS  2.0608E+01  8.4851E-01
#### Result step=     6
 ##### Local Summary :Max/IdMax/Min/IdMin####
   //U1   3.0567E-02      5014 -6.6082E-02      1121
   //U2   1.2769E-03      5003 -1.2726E-03      1003
   //U3   2.1252E-04      2151 -5.9912E-01      5121
   //E11  8.6654E-03      5001 -8.6921E-03      1201
   //E22  3.1335E-03      1203 -2.4692E-03      5203
   //E33  2.8858E-03      1203 -2.8023E-03      5152
   //E12  4.2936E-03      2201 -4.0391E-03      2001
   //E23  7.5628E-04      2001 -9.8449E-04      5151
   //E13  2.4179E-03      3001 -3.9674E-03      1101
   //S11  3.9853E+01      5001 -4.6842E+01      1201
   //S22  1.3706E+01      5051 -2.0102E+01      1201
   //S33  1.0094E+01      4001 -2.0142E+01      1201
   //S12  6.6055E+00      2201 -6.2139E+00      2001
   //S23  1.1635E+00      2001 -1.5146E+00      5151
   //S13  3.7198E+00      3001 -6.1036E+00      1101
   //SMS  3.5174E+01      1203  3.2158E-01      5021
 ##### @Element :Max/IdMax/Min/IdMin####
   //E11  6.2735E-03       186 -6.0640E-03         2
   //E22  1.7939E-03         8 -1.7445E-03       125
   //E33  1.8122E-03         1 -2.1602E-03       186
   //E12  1.7815E-03        62 -1.8145E-03         3
   //E23  3.3435E-04       119 -5.5392E-04         2
   //E13  9.5309E-04       122 -2.0509E-03         2
   //S11  2.5937E+01       186 -2.7502E+01         2
   //S22  5.8929E+00       123 -6.0339E+00         2
   //S33  5.3896E+00       123 -4.7845E+00         2
   //S12  2.7408E+00        62 -2.7915E+00         3
   //S23  5.1439E-01       119 -8.5218E-01         2
   //S13  1.4663E+00       122 -3.1552E+00         2
   //SMS  2.4707E+01       186  1.0192E+00       179
 ##### Global Summary :Max/Min####
   //U1   3.0567E-02 -6.6082E-02
   //U2   1.2769E-03 -1.2726E-03
   //U3   2.1252E-04 -5.9912E-01
   //E11  8.6654E-03 -8.6921E-03
   //E22  3.1335E-03 -2.4692E-03
   //E33  2.8858E-03 -2.8023E-03
   //E12  4.2936E-03 -4.0391E-03
   //E23  7.5628E-04 -9.8449E-04
   //E13  2.4179E-03 -3.9674E-03
   //S11  3.9853E+01 -4.6842E+01
   //S22  1.3706E+01 -2.0102E+01
   //S33  1.0094E+01 -2.0142E+01
   //S12  6.6055E+00 -6.2139E+00
   //S23  1.1635E+00 -1.5146E+00
   //S13  3.7198E+00 -6.1036E+00
   //SMS  3.5174E+01  3.2158E-01
 ##### @Element :Max/Min####
   //E11  6.2735E-03 -6.0640E-03
   //E22  1.7939E-03 -1.7445E-03
   //E33  1.8122E-03 -2.1602E-03
   //E12  1.7815E-03 -1.8145E-03
   //E23  3.3435E-04 -5.5392E-04
   //E13  9.5309E-04 -2.0509E-03
   //S11  2.5937E+01 -2.7502E+01
   //S22  5.8929E+00 -6.0339E+00
   //S33  5.3896E+00 -4.7845E+00
   //S12  2.7408E+00 -2.7915E+00
   //S23  5.1439E-01 -8.5218E-01
   //S13  1.4663E+00 -3.1552E+00
   //SMS  2.4707E+01  1.0192E+00
#### Result step=     7
 ##### Local Summary :Max/IdMax/Min/IdMin####
   //U1   3.4049E-02      5013 -8.1126E-02      1121
   //U2   1.4882E-03      5003 -1.4842E-03      1003
   //U3   2.4839E-04      2151 -6.9846E-01      5121
   //E11  1.0102E-02      5001 -1.0132E-02      1201
   //E22  3.6537E-03      1203 -2.8768E-03      5203
   //E33  3.3639E-03      1203 -3.2672E-03      5152
   //E12  5.0135E-03      2201 -4.7167E-03      2001
   //E23  8.8267E-04      2001 -1.1473E-03      5151
   //E13  2.8172E-03      3001 -4.6227E-03      1101
   //S11  4.6460E+01      5001 -5.4610E+01      1201
   //S22  1.5980E+01      5051 -2.3442E+01      1201
   //S33  1.1751E+01      4001 -2.3495E+01      1201
   //S12  7.7130E+00      2201 -7.2565E+00      2001
   //S23  1.3580E+00      2001 -1.7651E+00      5151
   //S13  4.3341E+00      3001 -7.1118E+00      1101
   //SMS  4.1004E+01      1203  3.7122E-01      5021
 ##### @Element :Max/IdMax/Min/IdMin####
   //E11  7.3111E-03       186 -7.0717E-03         2
   //E22  2.0932E-03         8 -2.0320E-03       125
   //E33  2.1108E-03         1 -2.5200E-03       186
   //E12  2.0803E-03        62 -2.1197E-03         3
   //E23  3.8914E-04       119 -6.4689E-04         2
   //E13  1.1077E-03       122 -2.3910E-03         2
   //S11  3.0224E+01       186 -3.2073E+01         2
   //S22  6.8649E+00       123 -7.0336E+00         2
   //S33  6.2671E+00       123 -5.5876E+00         2
   //S12  3.2005E+00        62 -3.2610E+00         3
   //S23  5.9867E-01       119 -9.9522E-01         2
   //S13  1.7042E+00       122 -3.6785E+00         2
   //SMS  2.8796E+01       186  1.1899E+00       179
 ##### Global Summary :Max/Min####
   //U1   3.4049E-02 -8.1126E-02
   //U2   1.4882E-03 -1.4842E-03
   //U3   2.4839E-04 -6.9846E-01
   //E11  1.0102E-02 -1.0132E-02
   //E22  3.6537E-03 -2.8768E-03
   //E33  3.3639E-03 -3.2672E-03
   //E12  5.0135E-03 -4.7167E-03
   //E23  8.8267E-04 -1.1473E-03
   //E13  2.8172E-03 -4.6227E-03
   //S11  4.6460E+01 -5.4610E+01
   //S22  1.5980E+01 -2.3442E+01
   //S33  1.1751E+01 -2.3495E+01
   //S12  7.7130E+00 -7.2565E+00
   //S23  1.3580E+00 -1.7651E+00
   //S13  4.3341E+00 -7.1118E+00
   //SMS  4.1004E+01  3.7122E-01
 ##### @Element :Max/Min####
   //E11  7.3111E-03 -7.0717E-03
   //E22  2.0932E-03 -2.0320E-03
   //E33  2.1108E-03 -2.5200E-03
   //E12  2.0803E-03 -2.1197E-03
   //E23  3.8914E-04 -6.4689E-04
   //E13  1.1077E-03 -2.3910E-03
   //S11  3.0224E+01 -3.2073E+01
   //S22  6.8649E+00 -7.0336E+00
   //S33  6.2671E+00 -5.5876E+00
   //S12  3.2005E+00 -3.2610E+00
   //S23  5.9867E-01 -9.9522E-01
   //S13  1.7042E+00 -3.6785E+00
   //SMS  2.8796E+01  1.1899E+00
#### Result step=     8
 ##### Local Summary :Max/IdMax/Min/IdMin####
   //U1   3.7303E-02      5013 -9.7276E-02      1121
   //U2   1.6988E-03      5003 -1.6955E-03      1003
   //U3   2.8436E-04      2151 -7.9750E-01      5121
   //E11  1.1535E-02      5001 -1.1569E-02      1201
   //E22  4.1728E-03      1203 -3.2829E-03      5203
   //E33  3.8407E-03      1203 -3.7310E-03      5152
   //E12  5.7339E-03      2201 -5.3949E-03      2001
   //E23  1.0090E-03      2001 -1.3097E-03      5151
   //E13  3.2151E-03      3001 -5.2757E-03      1101
   //S11  5.3051E+01      5001 -6.2360E+01      1201
   //S22  1.8248E+01      5051 -2.6774E+01      1201
   //S33  1.3399E+01      4001 -2.6844E+01      1201
   //S12  8.8214E+00      2201 -8.2999E+00      2001
   //S23  1.5524E+00      2001 -2.0149E+00      5151
   //S13  4.9462E+00      3001 -8.1165E+00      1101
   //SMS  4.6818E+01      1203  4.1965E-01      5021
 ##### @Element :Max/IdMax/Min/IdMin####
   //E11  8.3454E-03       186 -8.0775E-03         2
   //E22  2.3924E-03         8 -2.3183E-03       125
   //E33  2.4082E-03         1 -2.8793E-03       186
   //E12  2.3793E-03        62 -2.4254E-03         3
   //E23  4.4355E-04       119 -7.3996E-04         2
   //E13  1.2609E-03       122 -2.7304E-03         2
   //S11  3.4498E+01       186 -3.6637E+01         2
   //S22  7.8331E+00       123 -8.0308E+00         2
   //S33  7.1380E+00       123 -6.3915E+00         2
   //S12  3.6605E+00        62 -3.7313E+00         3
   //S23  6.8238E-01       119 -1.1384E+00         2
   //S13  1.9399E+00       122 -4.2007E+00         2
   //SMS  3.2873E+01       186  1.3605E+00       179
 ##### Global Summary :Max/Min####
   //U1   3.7303E-02 -9.7276E-02
   //U2   1.6988E-03 -1.6955E-03
   //U3   2.8436E-04 -7.9750E-01
   //E11  1.1535E-02 -1.1569E-02
   //E22  4.1728E-03 -3.2829E-03
   //E33  3.8407E-03 -3.7310E-03
   //E12  5.7339E-03 -5.3949E-03
   //E23  1.0090E-03 -1.3097E-03
   //E13  3.2151E-03 -5.2757E-03
   //S11  5.3051E+01 -6.2360E+01
   //S22  1.8248E+01 -2.6774E+01
   //S33  1.3399E+01 -2.6844E+01
   //S12  8.8214E+00 -8.2999E+00
   //S23  1.5524E+00 -2.0149E+00
   //S13  4.9462E+00 -8.1165E+00
   //SMS  4.6818E+01  4.1965E-01
 ##### @Element :Max/Min####
   //E11  8.3454E-03 -8.0775E-03
   //E22  2.3924E-03 -2.3183E-03
   //E33  2.4082E-03 -2.8793E-03
   //E12  2.3793E-03 -2.4254E-03
   //E23  4.4355E-04 -7.3996E-04
   //E13  1.2609E-03 -2.7304E-03
   //S11  3.4498E+01 -3.6637E+01
   //S22  7.8331E+00 -8.0308E+00
   //S33  7.1380E+00 -6.3915E+00
   //S12  3.6605E+00 -3.7313E+00
   //S23  6.8238E-01 -1.1384E+00
   //S13  1.9399E+00 -4.2007E+00
   //SMS  3.2873E+01  1.3605E+00
#### Result step=     9
 ##### Local Summary :Max/IdMax/Min/IdMin####
   //U1   4.0300E-02      5012 -1.1451E-01      1121
   //U2   1.9087E-03      5003 -1.9064E-03      1003
   //U3   3.2041E-04      2151 -8.9619E-01      5121
   //E11  1.2964E-02      5001 -1.3001E-02      1201
   //E22  4.6907E-03      1203 -3.6873E-03      5203
   //E33  4.3160E-03      1203 -4.1937E-03      5152
   //E12  6.4546E-03      2201 -6.0735E-03      2001
   //E23  1.1353E-03      2001 -1.4715E-03      5151
   //E13  3.6113E-03      3001 -5.9264E-03      1101
   //S11  5.9623E+01      5001 -7.0089E+01      1201
   //S22  2.0511E+01      5051 -3.0100E+01      1201
   //S33  1.5038E+01      4001 -3.0188E+01      1201
   //S12  9.9302E+00      2201 -9.3439E+00      2001
   //S23  1.7467E+00      2001 -2.2639E+00      5151
   //S13  5.5558E+00      3001 -9.1175E+00      1101
   //SMS  5.2615E+01      1203  4.6686E-01      5021
 ##### @Element :Max/IdMax/Min/IdMin####
   //E11  9.3762E-03       186 -9.0812E-03         2
   //E22  2.6913E-03         8 -2.6033E-03       125
   //E33  2.7042E-03         1 -3.2380E-03       186
   //E12  2.6785E-03        62 -2.7314E-03         3
   //E23  4.9757E-04       119 -8.3309E-04         2
   //E13  1.4127E-03       122 -3.0690E-03         2
   //S11  3.8756E+01       186 -4.1191E+01         2
   //S22  8.7971E+00       123 -9.0250E+00         2
   //S33  8.0019E+00       123 -7.1959E+00         2
   //S12  4.1208E+00        62 -4.2022E+00         3
   //S23  7.6549E-01       119 -1.2817E+00         2
   //S13  2.1734E+00       122 -4.7216E+00         2
   //SMS  3.6937E+01       186  1.5310E+00       179
 ##### Global Summary :Max/Min####
   //U1   4.0300E-02 -1.1451E-01
   //U2   1.9087E-03 -1.9064E-03
   //U3   3.2041E-04 -8.9619E-01
   //E11  1.2964E-02 -1.3001E-02
   //E22  4.6907E-03 -3.6873E-03
   //E33  4.3160E-03 -4.1937E-03
   //E12  6.4546E-03 -6.0735E-03
   //E23  1.1353E-03 -1.4715E-03
   //E13  3.6113E-03 -5.9264E-03
   //S11  5.9623E+01 -7.0089E+01
   //S22  2.0511E+01 -3.0100E+01
   //S33  1.5038E+01 -3.0188E+01
   //S12  9.9302E+00 -9.3439E+00
   //S23  1.7467E+00 -2.2639E+00
   //S13  5.5558E+00 -9.1175E+00
   //SMS  5.2615E+01  4.6686E-01
 ##### @Element :Max/Min####
   //E11  9.3762E-03 -9.0812E-03
   //E22  2.6913E-03 -2.6033E-03
   //E33  2.7042E-03 -3.2380E-03
   //E12  2.6785E-03 -2.7314E-03
   //E23  4.9757E-04 -8.3309E-04
   //E13  1.4127E-03 -3.0690E-03
   //S11  3.8756E+01 -4.1191E+01
   //S22  8.7971E+00 -9.0250E+00
   //S33  8.0019E+00 -7.1959E+00
   //S12  4.1208E+00 -4.2022E+00
   //S23  7.6549E-01 -1.2817E+00
   //S13  2.1734E+00 -4.7216E+00
   //SMS  3.6937E+01  1.5310E+00
#### Result step=    10
 ##### Local Summary :Max/IdMax/Min/IdMin####
   //U1   4.3140E-02      5012 -1.3281E-01      1121
   //U2   2.1177E-03      5003 -2.1168E-03      1003
   //U3   3.5653E-04      2151 -9.9446E-01      5121
   //E11  1.4389E-02      5001 -1.4428E-02      1201
   //E22  5.2071E-03      1203 -4.0899E-03      5203
   //E33  4.7898E-03      1203 -4.6550E-03      5152
   //E12  7.1754E-03      2201 -6.7523E-03      2001
   //E23  1.2615E-03      2001 -1.6327E-03      5151
   //E13  4.0058E-03      3001 -6.5744E-03      1101
   //S11  6.6175E+01      5001 -7.7796E+01      1201
   //S22  2.2767E+01      5051 -3.3417E+01      1201
   //S33  1.6668E+01      4001 -3.3525E+01      1201
   //S12  1.1039E+01      2201 -1.0388E+01      2001
   //S23  1.9408E+00      2001 -2.5119E+00      5151
   //S13  6.1628E+00      3001 -1.0114E+01      1101
   //SMS  5.8393E+01      1203  5.1281E-01      5021
 ##### @Element :Max/IdMax/Min/IdMin####
   //E11  1.0403E-02       186 -1.0082E-02         2
   //E22  2.9897E-03         8 -2.8870E-03       125
   //E33  2.9987E-03         1 -3.5961E-03       186
   //E12  2.9777E-03        62 -3.0378E-03         3
   //E23  5.5115E-04       119 -9.2624E-04         2
   //E13  1.5629E-03       122 -3.4067E-03         2
   //S11  4.2997E+01       186 -4.5735E+01         2
   //S22  9.7567E+00       123 -1.0016E+01         2
   //S33  8.8586E+00       123 -8.0007E+00         2
   //S12  4.5811E+00        62 -4.6735E+00         3
   //S23  8.4792E-01       119 -1.4250E+00         2
   //S13  2.4045E+00       122 -5.2410E+00         2
   //SMS  4.0985E+01       186  1.7012E+00       179
 ##### Global Summary :Max/Min####
   //U1   4.3140E-02 -1.3281E-01
   //U2   2.1177E-03 -2.1168E-03
   //U3   3.5653E-04 -9.9446E-01
   //E11  1.4389E-02 -1.4428E-02
   //E22  5.2071E-03 -4.0899E-03
   //E33  4.7898E-03 -4.6550E-03
   //E12  7.1754E-03 -6.7523E-03
   //E23  1.2615E-03 -1.6327E-03
   //E13  4.0058E-03 -6.5744E-03
   //S11  6.6175E+01 -7.7796E+01
   //S22  2.2767E+01 -3.3417E+01
   //S33  1.6668E+01 -3.3525E+01
   //S12  1.1039E+01 -1.0388E+01
   //S23  1.9408E+00 -2.5119E+00
   //S13  6.1628E+00 -1.0114E+01
   //SMS  5.8393E+01  5.1281E-01
 ##### @Element :Max/Min####
   //E11  1.0403E-02 -1.0082E-02
   //E22  2.9897E-03 -2.8870E-03
   //E33  2.9987E-03 -3.5961E-03
   //E12  2.9777E-03 -3.0378E-03
   //E23  5.5115E-04 -9.2624E-04
   //E13  1.5629E-03 -3.4067E-03
   //S11  4.2997E+01 -4.5735E+01
   //S22  9.7567E+00 -1.0016E+01
   //S33  8.8586E+00 -8.0007E+00
   //S12  4.5811E+00 -4.6735E+00
   //S23  8.4792E-01 -1.4250E+00
   //S13  2.4045E+00 -5.2410E+00
   //SMS  4.0985E+01  1.7012E+00
