 fstr_setup: OK
#### Result step=     1
 ##### Local Summary :Max/IdMax/Min/IdMin####
   //U1   2.5870E-03      5221 -2.6687E-03      1121
   //U2   1.1544E-04      1203 -1.1544E-04      1003
   //U3   0.0000E+00      1001 -3.5486E-02      3121
   //E11  3.1709E-04      5203 -4.7851E-04      1201
   //E22  9.2981E-05      1005 -9.3503E-05      5003
   //E33  4.7322E-05      1005 -7.1770E-05      5203
   //E12  5.2557E-05      1201 -5.2557E-05      1001
   //E23  4.5420E-05      1201 -4.5420E-05      1001
   //E13  1.0415E-04      5003 -5.5932E-04      1001
   //S11  1.3260E+00      5203 -2.3990E+00      1201
   //S22  1.9253E-01      5201 -6.8983E-01      1001
   //S33  2.3481E-01      5201 -9.2664E-01      1001
   //S12  8.0857E-02      1201 -8.0857E-02      1001
   //S23  6.9877E-02      1201 -6.9877E-02      1001
   //S13  1.6024E-01      5003 -8.6049E-01      1001
   //SMS  2.1973E+00      1001  1.5592E-01      3103
 ##### @Element :Max/IdMax/Min/IdMin####
   //E11  4.8573E-04      3002 -4.7851E-04      1101
   //E22  1.1984E-04      1103 -1.1541E-04      3004
   //E33  5.7493E-05      1102 -7.3931E-05      3002
   //E12  5.2557E-05      1101 -5.2557E-05      1001
   //E23  5.4573E-05      1002 -5.4573E-05      1102
   //E13  4.2031E-04      3102 -5.5932E-04      1001
   //S11  2.2470E+00      3102 -2.3990E+00      1101
   //S22  4.8868E-01      3102 -6.8983E-01      1001
   //S33  5.2499E-01      3102 -9.2664E-01      1001
   //S12  8.0857E-02      1101 -8.0857E-02      1001
   //S23  8.3958E-02      1002 -8.3958E-02      1102
   //S13  6.4663E-01      3102 -8.6049E-01      1001
   //SMS  2.1973E+00      1001  5.2768E-02      1018
 ##### Global Summary :Max/Min####
   //U1   2.5870E-03 -2.6687E-03
   //U2   1.1544E-04 -1.1544E-04
   //U3   0.0000E+00 -3.5486E-02
   //E11  3.1709E-04 -4.7851E-04
   //E22  9.2981E-05 -9.3503E-05
   //E33  4.7322E-05 -7.1770E-05
   //E12  5.2557E-05 -5.2557E-05
   //E23  4.5420E-05 -4.5420E-05
   //E13  1.0415E-04 -5.5932E-04
   //S11  1.3260E+00 -2.3990E+00
   //S22  1.9253E-01 -6.8983E-01
   //S33  2.3481E-01 -9.2664E-01
   //S12  8.0857E-02 -8.0857E-02
   //S23  6.9877E-02 -6.9877E-02
   //S13  1.6024E-01 -8.6049E-01
   //SMS  2.1973E+00  1.5592E-01
 ##### @Element :Max/Min####
   //E11  4.8573E-04 -4.7851E-04
   //E22  1.1984E-04 -1.1541E-04
   //E33  5.7493E-05 -7.3931E-05
   //E12  5.2557E-05 -5.2557E-05
   //E23  5.4573E-05 -5.4573E-05
   //E13  4.2031E-04 -5.5932E-04
   //S11  2.2470E+00 -2.3990E+00
   //S22  4.8868E-01 -6.8983E-01
   //S33  5.2499E-01 -9.2664E-01
   //S12  8.0857E-02 -8.0857E-02
   //S23  8.3958E-02 -8.3958E-02
   //S13  6.4663E-01 -8.6049E-01
   //SMS  2.1973E+00  5.2768E-02
#### Result step=     2
 ##### Local Summary :Max/IdMax/Min/IdMin####
   //U1   5.0240E-03      5221 -5.4878E-03      1121
   //U2   2.3106E-04      1203 -2.3106E-04      1003
   //U3   0.0000E+00      1001 -7.0978E-02      5121
   //E11  6.3400E-04      5203 -9.5732E-04      1201
   //E22  1.8616E-04      1005 -1.8678E-04      5003
   //E33  9.4379E-05      1005 -1.4383E-04      5203
   //E12  1.0525E-04      1201 -1.0525E-04      1001
   //E23  9.0894E-05      1201 -9.0894E-05      1001
   //E13  2.0832E-04      5003 -1.1183E-03      1001
   //S11  2.6509E+00      5203 -4.7993E+00      1201
   //S22  3.8484E-01      5201 -1.3797E+00      1001
   //S33  4.6848E-01      5201 -1.8537E+00      1001
   //S12  1.6193E-01      1201 -1.6193E-01      1001
   //S23  1.3984E-01      1201 -1.3984E-01      1001
   //S13  3.2049E-01      5003 -1.7205E+00      1001
   //SMS  4.3949E+00      1001  3.1209E-01      3103
 ##### @Element :Max/IdMax/Min/IdMin####
   //E11  9.7131E-04      3002 -9.5732E-04      1101
   //E22  2.3997E-04      1103 -2.3061E-04      3004
   //E33  1.1471E-04      1102 -1.4817E-04      3002
   //E12  1.0525E-04      1101 -1.0525E-04      1001
   //E23  1.0913E-04      1002 -1.0913E-04      1102
   //E13  8.4072E-04      3102 -1.1183E-03      1001
   //S11  4.4930E+00      3102 -4.7993E+00      1101
   //S22  9.7738E-01      3102 -1.3797E+00      1001
   //S33  1.0484E+00      3102 -1.8537E+00      1001
   //S12  1.6193E-01      1101 -1.6193E-01      1001
   //S23  1.6789E-01      1002 -1.6789E-01      1102
   //S13  1.2934E+00      3102 -1.7205E+00      1001
   //SMS  4.3949E+00      1001  1.0581E-01      1018
 ##### Global Summary :Max/Min####
   //U1   5.0240E-03 -5.4878E-03
   //U2   2.3106E-04 -2.3106E-04
   //U3   0.0000E+00 -7.0978E-02
   //E11  6.3400E-04 -9.5732E-04
   //E22  1.8616E-04 -1.8678E-04
   //E33  9.4379E-05 -1.4383E-04
   //E12  1.0525E-04 -1.0525E-04
   //E23  9.0894E-05 -9.0894E-05
   //E13  2.0832E-04 -1.1183E-03
   //S11  2.6509E+00 -4.7993E+00
   //S22  3.8484E-01 -1.3797E+00
   //S33  4.6848E-01 -1.8537E+00
   //S12  1.6193E-01 -1.6193E-01
   //S23  1.3984E-01 -1.3984E-01
   //S13  3.2049E-01 -1.7205E+00
   //SMS  4.3949E+00  3.1209E-01
 ##### @Element :Max/Min####
   //E11  9.7131E-04 -9.5732E-04
   //E22  2.3997E-04 -2.3061E-04
   //E33  1.1471E-04 -1.4817E-04
   //E12  1.0525E-04 -1.0525E-04
   //E23  1.0913E-04 -1.0913E-04
   //E13  8.4072E-04 -1.1183E-03
   //S11  4.4930E+00 -4.7993E+00
   //S22  9.7738E-01 -1.3797E+00
   //S33  1.0484E+00 -1.8537E+00
   //S12  1.6193E-01 -1.6193E-01
   //S23  1.6789E-01 -1.6789E-01
   //S13  1.2934E+00 -1.7205E+00
   //SMS  4.3949E+00  1.0581E-01
#### Result step=     3
 ##### Local Summary :Max/IdMax/Min/IdMin####
   //U1   7.3469E-03      5119 -8.4569E-03      1121
   //U2   3.4687E-04      1203 -3.4687E-04      1003
   //U3   0.0000E+00      1001 -1.0649E-01      5121
   //E11  9.5070E-04      5203 -1.4364E-03      1201
   //E22  2.7954E-04      1005 -2.7984E-04      5003
   //E33  1.4117E-04      1005 -2.1619E-04      5203
   //E12  1.5808E-04      1201 -1.5808E-04      1001
   //E23  1.3642E-04      1201 -1.3642E-04      1001
   //E13  3.1248E-04      5003 -1.6770E-03      1001
   //S11  3.9745E+00      5203 -7.2009E+00      1201
   //S22  5.7693E-01      5201 -2.0695E+00      1001
   //S33  7.0099E-01      5201 -2.7811E+00      1001
   //S12  2.4320E-01      1201 -2.4320E-01      1001
   //S23  2.0988E-01      1201 -2.0988E-01      1001
   //S13  4.8074E-01      5003 -2.5800E+00      1001
   //SMS  6.5928E+00      1001  4.6854E-01      3103
 ##### @Element :Max/IdMax/Min/IdMin####
   //E11  1.4567E-03      3002 -1.4364E-03      1101
   //E22  3.6037E-04      1103 -3.4560E-04      3004
   //E33  1.7164E-04      1102 -2.2270E-04      3002
   //E12  1.5808E-04      1101 -1.5808E-04      1001
   //E23  1.6367E-04      1002 -1.6367E-04      1102
   //E13  1.2612E-03      3102 -1.6770E-03      1001
   //S11  6.7378E+00      3102 -7.2009E+00      1101
   //S22  1.4661E+00      3102 -2.0695E+00      1001
   //S33  1.5703E+00      3102 -2.7811E+00      1001
   //S12  2.4320E-01      1101 -2.4320E-01      1001
   //S23  2.5180E-01      1002 -2.5180E-01      1102
   //S13  1.9403E+00      3102 -2.5800E+00      1001
   //SMS  6.5928E+00      1001  1.5913E-01      1018
 ##### Global Summary :Max/Min####
   //U1   7.3469E-03 -8.4569E-03
   //U2   3.4687E-04 -3.4687E-04
   //U3   0.0000E+00 -1.0649E-01
   //E11  9.5070E-04 -1.4364E-03
   //E22  2.7954E-04 -2.7984E-04
   //E33  1.4117E-04 -2.1619E-04
   //E12  1.5808E-04 -1.5808E-04
   //E23  1.3642E-04 -1.3642E-04
   //E13  3.1248E-04 -1.6770E-03
   //S11  3.9745E+00 -7.2009E+00
   //S22  5.7693E-01 -2.0695E+00
   //S33  7.0099E-01 -2.7811E+00
   //S12  2.4320E-01 -2.4320E-01
   //S23  2.0988E-01 -2.0988E-01
   //S13  4.8074E-01 -2.5800E+00
   //SMS  6.5928E+00  4.6854E-01
 ##### @Element :Max/Min####
   //E11  1.4567E-03 -1.4364E-03
   //E22  3.6037E-04 -3.4560E-04
   //E33  1.7164E-04 -2.2270E-04
   //E12  1.5808E-04 -1.5808E-04
   //E23  1.6367E-04 -1.6367E-04
   //E13  1.2612E-03 -1.6770E-03
   //S11  6.7378E+00 -7.2009E+00
   //S22  1.4661E+00 -2.0695E+00
   //S33  1.5703E+00 -2.7811E+00
   //S12  2.4320E-01 -2.4320E-01
   //S23  2.5180E-01 -2.5180E-01
   //S13  1.9403E+00 -2.5800E+00
   //SMS  6.5928E+00  1.5913E-01
#### Result step=     4
 ##### Local Summary :Max/IdMax/Min/IdMin####
   //U1   9.5504E-03      5119 -1.1576E-02      1121
   //U2   4.6285E-04      1203 -4.6285E-04      1003
   //U3   0.0000E+00      1001 -1.4201E-01      5121
   //E11  1.2672E-03      5203 -1.9158E-03      1201
   //E22  3.7311E-04      1005 -3.7266E-04      5003
   //E33  1.8769E-04      1005 -2.8883E-04      5203
   //E12  2.1105E-04      1201 -2.1105E-04      1001
   //E23  1.8199E-04      1201 -1.8199E-04      1001
   //E13  4.1664E-04      5003 -2.2354E-03      1001
   //S11  5.2968E+00      5203 -9.6036E+00      1201
   //S22  7.6879E-01      5201 -2.7592E+00      1001
   //S33  9.3232E-01      5201 -3.7088E+00      1001
   //S12  3.2469E-01      1201 -3.2469E-01      1001
   //S23  2.7999E-01      1201 -2.7999E-01      1001
   //S13  6.4098E-01      5003 -3.4390E+00      1001
   //SMS  8.7909E+00      1001  6.2527E-01      3103
 ##### @Element :Max/IdMax/Min/IdMin####
   //E11  1.9419E-03      3002 -1.9158E-03      1101
   //E22  4.8104E-04      1103 -4.6037E-04      3004
   //E33  2.2830E-04      1102 -2.9754E-04      3002
   //E12  2.1105E-04      1101 -2.1105E-04      1001
   //E23  2.1819E-04      1002 -2.1819E-04      1102
   //E13  1.6818E-03      3102 -2.2354E-03      1001
   //S11  8.9812E+00      3102 -9.6036E+00      1101
   //S22  1.9547E+00      3102 -2.7592E+00      1001
   //S33  2.0906E+00      3102 -3.7088E+00      1001
   //S12  3.2469E-01      1101 -3.2469E-01      1001
   //S23  3.3567E-01      1002 -3.3567E-01      1102
   //S13  2.5873E+00      3102 -3.4390E+00      1001
   //SMS  8.7909E+00      1001  2.1274E-01      1018
 ##### Global Summary :Max/Min####
   //U1   9.5504E-03 -1.1576E-02
   //U2   4.6285E-04 -4.6285E-04
   //U3   0.0000E+00 -1.4201E-01
   //E11  1.2672E-03 -1.9158E-03
   //E22  3.7311E-04 -3.7266E-04
   //E33  1.8769E-04 -2.8883E-04
   //E12  2.1105E-04 -2.1105E-04
   //E23  1.8199E-04 -1.8199E-04
   //E13  4.1664E-04 -2.2354E-03
   //S11  5.2968E+00 -9.6036E+00
   //S22  7.6879E-01 -2.7592E+00
   //S33  9.3232E-01 -3.7088E+00
   //S12  3.2469E-01 -3.2469E-01
   //S23  2.7999E-01 -2.7999E-01
   //S13  6.4098E-01 -3.4390E+00
   //SMS  8.7909E+00  6.2527E-01
 ##### @Element :Max/Min####
   //E11  1.9419E-03 -1.9158E-03
   //E22  4.8104E-04 -4.6037E-04
   //E33  2.2830E-04 -2.9754E-04
   //E12  2.1105E-04 -2.1105E-04
   //E23  2.1819E-04 -2.1819E-04
   //E13  1.6818E-03 -2.2354E-03
   //S11  8.9812E+00 -9.6036E+00
   //S22  1.9547E+00 -2.7592E+00
   //S33  2.0906E+00 -3.7088E+00
   //S12  3.2469E-01 -3.2469E-01
   //S23  3.3567E-01 -3.3567E-01
   //S13  2.5873E+00 -3.4390E+00
   //SMS  8.7909E+00  2.1274E-01
#### Result step=     5
 ##### Local Summary :Max/IdMax/Min/IdMin####
   //U1   1.1631E-02      5119 -1.4844E-02      1121
   //U2   5.7901E-04      1203 -5.7901E-04      1003
   //U3   0.0000E+00      1001 -1.7754E-01      5121
   //E11  1.5834E-03      5203 -2.3954E-03      1201
   //E22  4.6687E-04      1005 -4.6525E-04      5003
   //E33  2.3394E-04      1005 -3.6176E-04      5203
   //E12  2.6414E-04      1201 -2.6414E-04      1001
   //E23  2.2762E-04      1201 -2.2762E-04      1001
   //E13  5.2078E-04      5003 -2.7933E-03      1001
   //S11  6.6177E+00      5203 -1.2007E+01      1201
   //S22  9.6041E-01      5201 -3.4489E+00      1001
   //S33  1.1625E+00      5201 -4.6369E+00      1001
   //S12  4.0637E-01      1201 -4.0637E-01      1001
   //S23  3.5018E-01      1201 -3.5018E-01      1001
   //S13  8.0120E-01      5003 -4.2974E+00      1001
   //SMS  1.0989E+01      1001  7.8228E-01      3103
 ##### @Element :Max/IdMax/Min/IdMin####
   //E11  2.4269E-03      3002 -2.3954E-03      1101
   //E22  6.0197E-04      1103 -5.7491E-04      3004
   //E33  2.8467E-04      1102 -3.7267E-04      3002
   //E12  2.6414E-04      1101 -2.6414E-04      1001
   //E23  2.7268E-04      1002 -2.7268E-04      1102
   //E13  2.1023E-03      3102 -2.7933E-03      1001
   //S11  1.1223E+01      3102 -1.2007E+01      1101
   //S22  2.4434E+00      3102 -3.4489E+00      1001
   //S33  2.6093E+00      3102 -4.6369E+00      1001
   //S12  4.0637E-01      1101 -4.0637E-01      1001
   //S23  4.1951E-01      1002 -4.1951E-01      1102
   //S13  3.2344E+00      3102 -4.2974E+00      1001
   //SMS  1.0989E+01      1001  2.6664E-01      1018
 ##### Global Summary :Max/Min####
   //U1   1.1631E-02 -1.4844E-02
   //U2   5.7901E-04 -5.7901E-04
   //U3   0.0000E+00 -1.7754E-01
   //E11  1.5834E-03 -2.3954E-03
   //E22  4.6687E-04 -4.6525E-04
   //E33  2.3394E-04 -3.6176E-04
   //E12  2.6414E-04 -2.6414E-04
   //E23  2.2762E-04 -2.2762E-04
   //E13  5.2078E-04 -2.7933E-03
   //S11  6.6177E+00 -1.2007E+01
   //S22  9.6041E-01 -3.4489E+00
   //S33  1.1625E+00 -4.6369E+00
   //S12  4.0637E-01 -4.0637E-01
   //S23  3.5018E-01 -3.5018E-01
   //S13  8.0120E-01 -4.2974E+00
   //SMS  1.0989E+01  7.8228E-01
 ##### @Element :Max/Min####
   //E11  2.4269E-03 -2.3954E-03
   //E22  6.0197E-04 -5.7491E-04
   //E33  2.8467E-04 -3.7267E-04
   //E12  2.6414E-04 -2.6414E-04
   //E23  2.7268E-04 -2.7268E-04
   //E13  2.1023E-03 -2.7933E-03
   //S11  1.1223E+01 -1.2007E+01
   //S22  2.4434E+00 -3.4489E+00
   //S33  2.6093E+00 -4.6369E+00
   //S12  4.0637E-01 -4.0637E-01
   //S23  4.1951E-01 -4.1951E-01
   //S13  3.2344E+00 -4.2974E+00
   //SMS  1.0989E+01  2.6664E-01
#### Result step=     6
 ##### Local Summary :Max/IdMax/Min/IdMin####
   //U1   1.3588E-02      5119 -1.8262E-02      1121
   //U2   6.9532E-04      1203 -6.9532E-04      1003
   //U3   0.0000E+00      1001 -2.1308E-01      5121
   //E11  1.8994E-03      5203 -2.8753E-03      1201
   //E22  5.6080E-04      1005 -5.5759E-04      5003
   //E33  2.7992E-04      1005 -4.3497E-04      5203
   //E12  3.1736E-04      1201 -3.1736E-04      1001
   //E23  2.7329E-04      1201 -2.7329E-04      1001
   //E13  6.2490E-04      5003 -3.3509E-03      1001
   //S11  7.9373E+00      5203 -1.4412E+01      1201
   //S22  1.1518E+00      5201 -4.1384E+00      1001
   //S33  1.3914E+00      5201 -5.5651E+00      1001
   //S12  4.8825E-01      1201 -4.8825E-01      1001
   //S23  4.2044E-01      1201 -4.2044E-01      1001
   //S13  9.6139E-01      5003 -5.1552E+00      1001
   //SMS  1.3187E+01      1001  9.3959E-01      3103
 ##### @Element :Max/IdMax/Min/IdMin####
   //E11  2.9116E-03      3002 -2.8753E-03      1101
   //E22  7.2316E-04      1103 -6.8922E-04      3004
   //E33  3.4075E-04      1102 -4.4810E-04      3002
   //E12  3.1736E-04      1101 -3.1736E-04      1001
   //E23  3.2715E-04      1002 -3.2715E-04      1102
   //E13  2.5229E-03      3102 -3.3509E-03      1001
   //S11  1.3464E+01      3102 -1.4412E+01      1101
   //S22  2.9319E+00      3102 -4.1384E+00      1001
   //S33  3.1264E+00      3102 -5.5651E+00      1001
   //S12  4.8825E-01      1101 -4.8825E-01      1001
   //S23  5.0331E-01      1002 -5.0331E-01      1102
   //S13  3.8814E+00      3102 -5.1552E+00      1001
   //SMS  1.3187E+01      1001  3.2086E-01      1018
 ##### Global Summary :Max/Min####
   //U1   1.3588E-02 -1.8262E-02
   //U2   6.9532E-04 -6.9532E-04
   //U3   0.0000E+00 -2.1308E-01
   //E11  1.8994E-03 -2.8753E-03
   //E22  5.6080E-04 -5.5759E-04
   //E33  2.7992E-04 -4.3497E-04
   //E12  3.1736E-04 -3.1736E-04
   //E23  2.7329E-04 -2.7329E-04
   //E13  6.2490E-04 -3.3509E-03
   //S11  7.9373E+00 -1.4412E+01
   //S22  1.1518E+00 -4.1384E+00
   //S33  1.3914E+00 -5.5651E+00
   //S12  4.8825E-01 -4.8825E-01
   //S23  4.2044E-01 -4.2044E-01
   //S13  9.6139E-01 -5.1552E+00
   //SMS  1.3187E+01  9.3959E-01
 ##### @Element :Max/Min####
   //E11  2.9116E-03 -2.8753E-03
   //E22  7.2316E-04 -6.8922E-04
   //E33  3.4075E-04 -4.4810E-04
   //E12  3.1736E-04 -3.1736E-04
   //E23  3.2715E-04 -3.2715E-04
   //E13  2.5229E-03 -3.3509E-03
   //S11  1.3464E+01 -1.4412E+01
   //S22  2.9319E+00 -4.1384E+00
   //S33  3.1264E+00 -5.5651E+00
   //S12  4.8825E-01 -4.8825E-01
   //S23  5.0331E-01 -5.0331E-01
   //S13  3.8814E+00 -5.1552E+00
   //SMS  1.3187E+01  3.2086E-01
#### Result step=     7
 ##### Local Summary :Max/IdMax/Min/IdMin####
   //U1   1.5476E-02      5117 -2.1828E-02      1121
   //U2   8.1181E-04      1203 -8.1181E-04      1003
   //U3   0.0000E+00      1001 -2.4862E-01      5121
   //E11  2.2152E-03      5203 -3.3553E-03      1201
   //E22  6.5492E-04      1005 -6.4970E-04      5003
   //E33  3.2562E-04      1005 -5.0846E-04      5203
   //E12  3.7071E-04      1201 -3.7071E-04      1001
   //E23  3.1900E-04      1201 -3.1900E-04      1001
   //E13  7.2899E-04      5003 -3.9081E-03      1001
   //S11  9.2553E+00      5203 -1.6818E+01      1201
   //S22  1.3429E+00      5201 -4.8278E+00      1001
   //S33  1.6192E+00      5201 -6.4936E+00      1001
   //S12  5.7033E-01      1201 -5.7033E-01      1001
   //S23  4.9077E-01      1201 -4.9077E-01      1001
   //S13  1.1215E+00      5003 -6.0124E+00      1001
   //SMS  1.5385E+01      1001  1.0972E+00      3103
 ##### @Element :Max/IdMax/Min/IdMin####
   //E11  3.3961E-03      3002 -3.3553E-03      1101
   //E22  8.4459E-04      1103 -8.0330E-04      3004
   //E33  3.9654E-04      1102 -5.2382E-04      3002
   //E12  3.7071E-04      1101 -3.7071E-04      1001
   //E23  3.8159E-04      1002 -3.8159E-04      1102
   //E13  2.9435E-03      3102 -3.9081E-03      1001
   //S11  1.5703E+01      3102 -1.6818E+01      1101
   //S22  3.4204E+00      3102 -4.8278E+00      1001
   //S33  3.6417E+00      3102 -6.4936E+00      1001
   //S12  5.7033E-01      1101 -5.7033E-01      1001
   //S23  5.8707E-01      1002 -5.8707E-01      1102
   //S13  4.5285E+00      3102 -6.0124E+00      1001
   //SMS  1.5385E+01      1001  3.7539E-01      1018
 ##### Global Summary :Max/Min####
   //U1   1.5476E-02 -2.1828E-02
   //U2   8.1181E-04 -8.1181E-04
   //U3   0.0000E+00 -2.4862E-01
   //E11  2.2152E-03 -3.3553E-03
   //E22  6.5492E-04 -6.4970E-04
   //E33  3.2562E-04 -5.0846E-04
   //E12  3.7071E-04 -3.7071E-04
   //E23  3.1900E-04 -3.1900E-04
   //E13  7.2899E-04 -3.9081E-03
   //S11  9.2553E+00 -1.6818E+01
   //S22  1.3429E+00 -4.8278E+00
   //S33  1.6192E+00 -6.4936E+00
   //S12  5.7033E-01 -5.7033E-01
   //S23  4.9077E-01 -4.9077E-01
   //S13  1.1215E+00 -6.0124E+00
   //SMS  1.5385E+01  1.0972E+00
 ##### @Element :Max/Min####
   //E11  3.3961E-03 -3.3553E-03
   //E22  8.4459E-04 -8.0330E-04
   //E33  3.9654E-04 -5.2382E-04
   //E12  3.7071E-04 -3.7071E-04
   //E23  3.8159E-04 -3.8159E-04
   //E13  2.9435E-03 -3.9081E-03
   //S11  1.5703E+01 -1.6818E+01
   //S22  3.4204E+00 -4.8278E+00
   //S33  3.6417E+00 -6.4936E+00
   //S12  5.7033E-01 -5.7033E-01
   //S23  5.8707E-01 -5.8707E-01
   //S13  4.5285E+00 -6.0124E+00
   //SMS  1.5385E+01  3.7539E-01
#### Result step=     8
 ##### Local Summary :Max/IdMax/Min/IdMin####
   //U1   1.7300E-02      5117 -2.5543E-02      1121
   //U2   9.2844E-04      1203 -9.2844E-04      1003
   //U3   0.0000E+00      1001 -2.8416E-01      5121
   //E11  2.5307E-03      5203 -3.8355E-03      1201
   //E22  7.4920E-04      1005 -7.4155E-04      5003
   //E33  3.7104E-04      1005 -5.8222E-04      5203
   //E12  4.2419E-04      1201 -4.2419E-04      1001
   //E23  3.6475E-04      1201 -3.6475E-04      1001
   //E13  8.3305E-04      5003 -4.4648E-03      1001
   //S11  1.0572E+01      5203 -1.9224E+01      1201
   //S22  1.5338E+00      5201 -5.5169E+00      1001
   //S33  1.8457E+00      5201 -7.4222E+00      1001
   //S12  6.5259E-01      1201 -6.5259E-01      1001
   //S23  5.6116E-01      1201 -5.6116E-01      1001
   //S13  1.2816E+00      5003 -6.8689E+00      1001
   //SMS  1.7583E+01      1001  1.2551E+00      3103
 ##### @Element :Max/IdMax/Min/IdMin####
   //E11  3.8803E-03      3002 -3.8355E-03      1101
   //E22  9.6628E-04      1103 -9.1713E-04      3004
   //E33  4.5204E-04      1102 -5.9982E-04      3002
   //E12  4.2419E-04      1101 -4.2419E-04      1001
   //E23  4.3600E-04      1002 -4.3600E-04      1102
   //E13  3.3641E-03      3102 -4.4648E-03      1001
   //S11  1.7940E+01      3102 -1.9224E+01      1101
   //S22  3.9087E+00      3102 -5.5169E+00      1001
   //S33  4.1554E+00      3102 -7.4222E+00      1001
   //S12  6.5259E-01      1101 -6.5259E-01      1001
   //S23  6.7078E-01      1002 -6.7078E-01      1102
   //S13  5.1755E+00      3102 -6.8689E+00      1001
   //SMS  1.7583E+01      1001  4.3025E-01      1018
 ##### Global Summary :Max/Min####
   //U1   1.7300E-02 -2.5543E-02
   //U2   9.2844E-04 -9.2844E-04
   //U3   0.0000E+00 -2.8416E-01
   //E11  2.5307E-03 -3.8355E-03
   //E22  7.4920E-04 -7.4155E-04
   //E33  3.7104E-04 -5.8222E-04
   //E12  4.2419E-04 -4.2419E-04
   //E23  3.6475E-04 -3.6475E-04
   //E13  8.3305E-04 -4.4648E-03
   //S11  1.0572E+01 -1.9224E+01
   //S22  1.5338E+00 -5.5169E+00
   //S33  1.8457E+00 -7.4222E+00
   //S12  6.5259E-01 -6.5259E-01
   //S23  5.6116E-01 -5.6116E-01
   //S13  1.2816E+00 -6.8689E+00
   //SMS  1.7583E+01  1.2551E+00
 ##### @Element :Max/Min####
   //E11  3.8803E-03 -3.8355E-03
   //E22  9.6628E-04 -9.1713E-04
   //E33  4.5204E-04 -5.9982E-04
   //E12  4.2419E-04 -4.2419E-04
   //E23  4.3600E-04 -4.3600E-04
   //E13  3.3641E-03 -4.4648E-03
   //S11  1.7940E+01 -1.9224E+01
   //S22  3.9087E+00 -5.5169E+00
   //S33  4.1554E+00 -7.4222E+00
   //S12  6.5259E-01 -6.5259E-01
   //S23  6.7078E-01 -6.7078E-01
   //S13  5.1755E+00 -6.8689E+00
   //SMS  1.7583E+01  4.3025E-01
#### Result step=     9
 ##### Local Summary :Max/IdMax/Min/IdMin####
   //U1   1.9028E-02      5117 -2.9406E-02      1121
   //U2   1.0452E-03      1203 -1.0452E-03      1003
   //U3   0.0000E+00      1001 -3.1970E-01      5121
   //E11  2.8458E-03      5203 -4.3159E-03      1201
   //E22  8.4366E-04      1005 -8.3315E-04      5003
   //E33  4.1619E-04      1005 -6.5626E-04      5203
   //E12  4.7778E-04      1201 -4.7778E-04      1001
   //E23  4.1054E-04      1201 -4.1054E-04      1001
   //E13  9.3707E-04      5003 -5.0210E-03      1001
   //S11  1.1887E+01      5203 -2.1631E+01      1201
   //S22  1.7243E+00      5201 -6.2059E+00      1001
   //S33  2.0710E+00      5201 -8.3510E+00      1001
   //S12  7.3505E-01      1201 -7.3505E-01      1001
   //S23  6.3161E-01      1201 -6.3161E-01      1001
   //S13  1.4416E+00      5003 -7.7247E+00      1001
   //SMS  1.9780E+01      1001  1.4134E+00      3103
 ##### @Element :Max/IdMax/Min/IdMin####
   //E11  4.3641E-03      3002 -4.3159E-03      1101
   //E22  1.0882E-03      1103 -1.0307E-03      3004
   //E33  5.0724E-04      1102 -6.7611E-04      3002
   //E12  4.7778E-04      1101 -4.7778E-04      1001
   //E23  4.9038E-04      1002 -4.9038E-04      1102
   //E13  3.7846E-03      3102 -5.0210E-03      1001
   //S11  2.0176E+01      3102 -2.1631E+01      1101
   //S22  4.3969E+00      3102 -6.2059E+00      1001
   //S33  4.6674E+00      3102 -8.3510E+00      1001
   //S12  7.3505E-01      1101 -7.3505E-01      1001
   //S23  7.5444E-01      1002 -7.5444E-01      1102
   //S13  5.8225E+00      3102 -7.7247E+00      1001
   //SMS  1.9780E+01      1001  4.8544E-01      1018
 ##### Global Summary :Max/Min####
   //U1   1.9028E-02 -2.9406E-02
   //U2   1.0452E-03 -1.0452E-03
   //U3   0.0000E+00 -3.1970E-01
   //E11  2.8458E-03 -4.3159E-03
   //E22  8.4366E-04 -8.3315E-04
   //E33  4.1619E-04 -6.5626E-04
   //E12  4.7778E-04 -4.7778E-04
   //E23  4.1054E-04 -4.1054E-04
   //E13  9.3707E-04 -5.0210E-03
   //S11  1.1887E+01 -2.1631E+01
   //S22  1.7243E+00 -6.2059E+00
   //S33  2.0710E+00 -8.3510E+00
   //S12  7.3505E-01 -7.3505E-01
   //S23  6.3161E-01 -6.3161E-01
   //S13  1.4416E+00 -7.7247E+00
   //SMS  1.9780E+01  1.4134E+00
 ##### @Element :Max/Min####
   //E11  4.3641E-03 -4.3159E-03
   //E22  1.0882E-03 -1.0307E-03
   //E33  5.0724E-04 -6.7611E-04
   //E12  4.7778E-04 -4.7778E-04
   //E23  4.9038E-04 -4.9038E-04
   //E13  3.7846E-03 -5.0210E-03
   //S11  2.0176E+01 -2.1631E+01
   //S22  4.3969E+00 -6.2059E+00
   //S33  4.6674E+00 -8.3510E+00
   //S12  7.3505E-01 -7.3505E-01
   //S23  7.5444E-01 -7.5444E-01
   //S13  5.8225E+00 -7.7247E+00
   //SMS  1.9780E+01  4.8544E-01
#### Result step=    10
 ##### Local Summary :Max/IdMax/Min/IdMin####
   //U1   2.0658E-02      5117 -3.3417E-02      1121
   //U2   1.1622E-03      1203 -1.1622E-03      1003
   //U3   0.0000E+00      1001 -3.5523E-01      5121
   //E11  3.1607E-03      5203 -4.7964E-03      1201
   //E22  9.3827E-04      1005 -9.2450E-04      5003
   //E33  4.6105E-04      1005 -7.3057E-04      5203
   //E12  5.3149E-04      1201 -5.3149E-04      1001
   //E23  4.5637E-04      1201 -4.5637E-04      1001
   //E13  1.0410E-03      5003 -5.5768E-03      1001
   //S11  1.3200E+01      5203 -2.4038E+01      1201
   //S22  1.9146E+00      5201 -6.8947E+00      1001
   //S33  2.2951E+00      5201 -9.2798E+00      1001
   //S12  8.1768E-01      1201 -8.1768E-01      1001
   //S23  7.0211E-01      1201 -7.0211E-01      1001
   //S13  1.6016E+00      5003 -8.5797E+00      1001
   //SMS  2.1978E+01      1001  1.5720E+00      3103
 ##### @Element :Max/IdMax/Min/IdMin####
   //E11  4.8477E-03      3002 -4.7964E-03      1101
   //E22  1.2104E-03      1103 -1.1440E-03      3004
   //E33  5.6215E-04      1102 -7.5268E-04      3002
   //E12  5.3149E-04      1101 -5.3149E-04      1001
   //E23  5.4473E-04      1002 -5.4473E-04      1102
   //E13  4.2051E-03      3102 -5.5768E-03      1001
   //S11  2.2409E+01      3102 -2.4038E+01      1101
   //S22  4.8850E+00      3102 -6.8947E+00      1001
   //S33  5.1776E+00      3102 -9.2798E+00      1001
   //S12  8.1768E-01      1101 -8.1768E-01      1001
   //S23  8.3805E-01      1002 -8.3805E-01      1102
   //S13  6.4693E+00      3102 -8.5797E+00      1001
   //SMS  2.1978E+01      1001  5.4098E-01      1018
 ##### Global Summary :Max/Min####
   //U1   2.0658E-02 -3.3417E-02
   //U2   1.1622E-03 -1.1622E-03
   //U3   0.0000E+00 -3.5523E-01
   //E11  3.1607E-03 -4.7964E-03
   //E22  9.3827E-04 -9.2450E-04
   //E33  4.6105E-04 -7.3057E-04
   //E12  5.3149E-04 -5.3149E-04
   //E23  4.5637E-04 -4.5637E-04
   //E13  1.0410E-03 -5.5768E-03
   //S11  1.3200E+01 -2.4038E+01
   //S22  1.9146E+00 -6.8947E+00
   //S33  2.2951E+00 -9.2798E+00
   //S12  8.1768E-01 -8.1768E-01
   //S23  7.0211E-01 -7.0211E-01
   //S13  1.6016E+00 -8.5797E+00
   //SMS  2.1978E+01  1.5720E+00
 ##### @Element :Max/Min####
   //E11  4.8477E-03 -4.7964E-03
   //E22  1.2104E-03 -1.1440E-03
   //E33  5.6215E-04 -7.5268E-04
   //E12  5.3149E-04 -5.3149E-04
   //E23  5.4473E-04 -5.4473E-04
   //E13  4.2051E-03 -5.5768E-03
   //S11  2.2409E+01 -2.4038E+01
   //S22  4.8850E+00 -6.8947E+00
   //S33  5.1776E+00 -9.2798E+00
   //S12  8.1768E-01 -8.1768E-01
   //S23  8.3805E-01 -8.3805E-01
   //S13  6.4693E+00 -8.5797E+00
   //SMS  2.1978E+01  5.4098E-01
