 fstr_setup: OK
#### Result step=     1
 ##### Local Summary :Max/IdMax/Min/IdMin####
   //U1   6.8732E-03      5120 -8.0322E-03      1121
   //U2   2.1929E-04      1202 -2.1929E-04      1002
   //U3   0.0000E+00      1001 -9.9279E-02      3121
   //E11  1.3524E-03      5102 -1.4207E-03      1103
   //E22  4.5791E-04      1203 -4.2759E-04      5103
   //E33  4.9672E-04      1103 -4.3492E-04      5202
   //E12  6.5513E-04      1201 -6.5513E-04      1001
   //E23  1.4084E-04      3002 -1.4084E-04      3202
   //E13  1.9037E-04      3201 -4.0802E-04      1101
   //S11  6.2058E+00      5201 -6.6493E+00      1001
   //S22  1.5287E+00      5201 -2.2612E+00      1001
   //S33  1.3621E+00      5201 -2.6749E+00      1001
   //S12  1.0079E+00      1201 -1.0079E+00      1001
   //S23  2.1668E-01      3002 -2.1668E-01      3202
   //S13  2.9288E-01      3201 -6.2773E-01      1101
   //SMS  5.7915E+00      1103  8.2502E-02      3221
 ##### @Element :Max/IdMax/Min/IdMin####
   //E11  9.2581E-04      3002 -8.8886E-04      1001
   //E22  2.6204E-04      1103 -2.6210E-04      3102
   //E33  2.5236E-04      1103 -2.8771E-04      3002
   //E12  7.8073E-05      1101 -7.8073E-05      1001
   //E23  2.9804E-05      1120 -2.9804E-05      1020
   //E13 -2.5299E-05      3102 -9.0612E-05      3003
   //S11  3.7163E+00      3002 -3.8105E+00      1001
   //S22  3.7660E-01      3101 -4.1344E-01      1001
   //S33  4.3558E-01      3101 -4.3657E-01      1001
   //S12  1.2011E-01      1101 -1.2011E-01      1001
   //S23  4.5853E-02      1120 -4.5853E-02      1020
   //S13 -3.8921E-02      3102 -1.3940E-01      3003
   //SMS  3.6960E+00      3102  2.2041E-01      3020
 ##### Global Summary :Max/Min####
   //U1   6.8732E-03 -8.0322E-03
   //U2   2.1929E-04 -2.1929E-04
   //U3   0.0000E+00 -9.9279E-02
   //E11  1.3524E-03 -1.4207E-03
   //E22  4.5791E-04 -4.2759E-04
   //E33  4.9672E-04 -4.3492E-04
   //E12  6.5513E-04 -6.5513E-04
   //E23  1.4084E-04 -1.4084E-04
   //E13  1.9037E-04 -4.0802E-04
   //S11  6.2058E+00 -6.6493E+00
   //S22  1.5287E+00 -2.2612E+00
   //S33  1.3621E+00 -2.6749E+00
   //S12  1.0079E+00 -1.0079E+00
   //S23  2.1668E-01 -2.1668E-01
   //S13  2.9288E-01 -6.2773E-01
   //SMS  5.7915E+00  8.2502E-02
 ##### @Element :Max/Min####
   //E11  9.2581E-04 -8.8886E-04
   //E22  2.6204E-04 -2.6210E-04
   //E33  2.5236E-04 -2.8771E-04
   //E12  7.8073E-05 -7.8073E-05
   //E23  2.9804E-05 -2.9804E-05
   //E13 -2.5299E-05 -9.0612E-05
   //S11  3.7163E+00 -3.8105E+00
   //S22  3.7660E-01 -4.1344E-01
   //S33  4.3558E-01 -4.3657E-01
   //S12  1.2011E-01 -1.2011E-01
   //S23  4.5853E-02 -4.5853E-02
   //S13 -3.8921E-02 -1.3940E-01
   //SMS  3.6960E+00  2.2041E-01
#### Result step=     2
 ##### Local Summary :Max/IdMax/Min/IdMin####
   //U1   1.2794E-02      5118 -1.7244E-02      1121
   //U2   4.3881E-04      1202 -4.3881E-04      1002
   //U3   0.0000E+00      1001 -1.9860E-01      5121
   //E11  2.7038E-03      5102 -2.8415E-03      1103
   //E22  9.1587E-04      1203 -8.5421E-04      5103
   //E33  9.9279E-04      1103 -8.6985E-04      5002
   //E12  1.3118E-03      1201 -1.3118E-03      1001
   //E23  2.8171E-04      3002 -2.8171E-04      3202
   //E13  3.8107E-04      3201 -8.1436E-04      1101
   //S11  1.2410E+01      5001 -1.3295E+01      1201
   //S22  3.0578E+00      5001 -4.5211E+00      1201
   //S33  2.7228E+00      5001 -5.3520E+00      1201
   //S12  2.0181E+00      1201 -2.0181E+00      1001
   //S23  4.3341E-01      3002 -4.3341E-01      3202
   //S13  5.8626E-01      3201 -1.2529E+00      1101
   //SMS  1.1584E+01      1103  1.6760E-01      3221
 ##### @Element :Max/IdMax/Min/IdMin####
   //E11  1.8507E-03      3002 -1.7781E-03      1101
   //E22  5.2451E-04      1103 -5.2341E-04      3102
   //E33  5.0386E-04      1003 -5.7604E-04      3002
   //E12  1.5643E-04      1101 -1.5643E-04      1001
   //E23  5.9343E-05      1120 -5.9343E-05      1020
   //E13 -5.0406E-05      3102 -1.8142E-04      3003
   //S11  7.4280E+00      3002 -7.6234E+00      1101
   //S22  7.5187E-01      3101 -8.2664E-01      1101
   //S33  8.6535E-01      3001 -8.7622E-01      1101
   //S12  2.4066E-01      1101 -2.4066E-01      1001
   //S23  9.1298E-02      1120 -9.1298E-02      1020
   //S13 -7.7548E-02      3102 -2.7911E-01      3003
   //SMS  7.3888E+00      3002  4.4346E-01      3020
 ##### Global Summary :Max/Min####
   //U1   1.2794E-02 -1.7244E-02
   //U2   4.3881E-04 -4.3881E-04
   //U3   0.0000E+00 -1.9860E-01
   //E11  2.7038E-03 -2.8415E-03
   //E22  9.1587E-04 -8.5421E-04
   //E33  9.9279E-04 -8.6985E-04
   //E12  1.3118E-03 -1.3118E-03
   //E23  2.8171E-04 -2.8171E-04
   //E13  3.8107E-04 -8.1436E-04
   //S11  1.2410E+01 -1.3295E+01
   //S22  3.0578E+00 -4.5211E+00
   //S33  2.7228E+00 -5.3520E+00
   //S12  2.0181E+00 -2.0181E+00
   //S23  4.3341E-01 -4.3341E-01
   //S13  5.8626E-01 -1.2529E+00
   //SMS  1.1584E+01  1.6760E-01
 ##### @Element :Max/Min####
   //E11  1.8507E-03 -1.7781E-03
   //E22  5.2451E-04 -5.2341E-04
   //E33  5.0386E-04 -5.7604E-04
   //E12  1.5643E-04 -1.5643E-04
   //E23  5.9343E-05 -5.9343E-05
   //E13 -5.0406E-05 -1.8142E-04
   //S11  7.4280E+00 -7.6234E+00
   //S22  7.5187E-01 -8.2664E-01
   //S33  8.6535E-01 -8.7622E-01
   //S12  2.4066E-01 -2.4066E-01
   //S23  9.1298E-02 -9.1298E-02
   //S13 -7.7548E-02 -2.7911E-01
   //SMS  7.3888E+00  4.4346E-01
#### Result step=     3
 ##### Local Summary :Max/IdMax/Min/IdMin####
   //U1   1.7984E-02      5167 -2.7626E-02      1121
   //U2   6.5847E-04      1202 -6.5847E-04      1002
   //U3   0.0000E+00      1001 -2.9792E-01      5121
   //E11  4.0538E-03      5102 -4.2618E-03      1103
   //E22  1.3737E-03      1003 -1.2797E-03      5103
   //E33  1.4880E-03      1103 -1.3046E-03      5202
   //E12  1.9697E-03      1201 -1.9697E-03      1001
   //E23  4.2258E-04      3002 -4.2258E-04      3202
   //E13  5.7198E-04      3001 -1.2189E-03      1101
   //S11  1.8610E+01      5201 -1.9934E+01      1201
   //S22  4.5866E+00      5201 -6.7790E+00      1201
   //S33  4.0815E+00      5001 -8.0302E+00      1201
   //S12  3.0304E+00      1201 -3.0304E+00      1001
   //S23  6.5012E-01      3002 -6.5012E-01      3202
   //S13  8.7998E-01      3001 -1.8752E+00      1101
   //SMS  1.7374E+01      1103  2.5572E-01      3221
 ##### @Element :Max/IdMax/Min/IdMin####
   //E11  2.7743E-03      3102 -2.6675E-03      1001
   //E22  7.8730E-04      1103 -7.8384E-04      3102
   //E33  7.5440E-04      1103 -8.6486E-04      3102
   //E12  2.3503E-04      1101 -2.3503E-04      1001
   //E23  8.8597E-05      1120 -8.8597E-05      1020
   //E13 -7.5332E-05      3002 -2.7242E-04      3103
   //S11  1.1134E+01      3102 -1.1437E+01      1001
   //S22  1.1257E+00      3101 -1.2395E+00      1001
   //S33  1.2892E+00      3101 -1.3188E+00      1001
   //S12  3.6159E-01      1101 -3.6159E-01      1001
   //S23  1.3630E-01      1120 -1.3630E-01      1020
   //S13 -1.1590E-01      3002 -4.1911E-01      3103
   //SMS  1.1077E+01      3102  6.6906E-01      3020
 ##### Global Summary :Max/Min####
   //U1   1.7984E-02 -2.7626E-02
   //U2   6.5847E-04 -6.5847E-04
   //U3   0.0000E+00 -2.9792E-01
   //E11  4.0538E-03 -4.2618E-03
   //E22  1.3737E-03 -1.2797E-03
   //E33  1.4880E-03 -1.3046E-03
   //E12  1.9697E-03 -1.9697E-03
   //E23  4.2258E-04 -4.2258E-04
   //E13  5.7198E-04 -1.2189E-03
   //S11  1.8610E+01 -1.9934E+01
   //S22  4.5866E+00 -6.7790E+00
   //S33  4.0815E+00 -8.0302E+00
   //S12  3.0304E+00 -3.0304E+00
   //S23  6.5012E-01 -6.5012E-01
   //S13  8.7998E-01 -1.8752E+00
   //SMS  1.7374E+01  2.5572E-01
 ##### @Element :Max/Min####
   //E11  2.7743E-03 -2.6675E-03
   //E22  7.8730E-04 -7.8384E-04
   //E33  7.5440E-04 -8.6486E-04
   //E12  2.3503E-04 -2.3503E-04
   //E23  8.8597E-05 -8.8597E-05
   //E13 -7.5332E-05 -2.7242E-04
   //S11  1.1134E+01 -1.1437E+01
   //S22  1.1257E+00 -1.2395E+00
   //S33  1.2892E+00 -1.3188E+00
   //S12  3.6159E-01 -3.6159E-01
   //S23  1.3630E-01 -1.3630E-01
   //S13 -1.1590E-01 -4.1911E-01
   //SMS  1.1077E+01  6.6906E-01
#### Result step=     4
 ##### Local Summary :Max/IdMax/Min/IdMin####
   //U1   2.2563E-02      5116 -3.9167E-02      1121
   //U2   8.7818E-04      1202 -8.7818E-04      1002
   //U3   0.0000E+00      1001 -3.9718E-01      5121
   //E11  5.4019E-03      5102 -5.6812E-03      1103
   //E22  1.8313E-03      1003 -1.7039E-03      5103
   //E33  1.9822E-03      1103 -1.7391E-03      5202
   //E12  2.6287E-03      1201 -2.6287E-03      1001
   //E23  5.6339E-04      3002 -5.6339E-04      3202
   //E13  7.6303E-04      3001 -1.6215E-03      1101
   //S11  2.4804E+01      5001 -2.6566E+01      1201
   //S22  6.1146E+00      5001 -9.0340E+00      1201
   //S33  5.4377E+00      5001 -1.0709E+01      1201
   //S12  4.0442E+00      1201 -4.0442E+00      1001
   //S23  8.6675E-01      3002 -8.6675E-01      3202
   //S13  1.1739E+00      3001 -2.4946E+00      1101
   //SMS  2.3161E+01      1103  3.4728E-01      3021
 ##### @Element :Max/IdMax/Min/IdMin####
   //E11  3.6962E-03      3002 -3.5566E-03      1101
   //E22  1.0503E-03      1003 -1.0433E-03      3002
   //E33  1.0039E-03      1003 -1.1541E-03      3102
   //E12  3.1386E-04      1101 -3.1386E-04      1001
   //E23  1.1755E-04      1120 -1.1755E-04      1020
   //E13 -1.0009E-04      3002 -3.6360E-04      3103
   //S11  1.4832E+01      3002 -1.5251E+01      1101
   //S22  1.4979E+00      3101 -1.6517E+00      1101
   //S33  1.7068E+00      3001 -1.7641E+00      1101
   //S12  4.8286E-01      1101 -4.8286E-01      1001
   //S23  1.8084E-01      1120 -1.8084E-01      1020
   //S13 -1.5398E-01      3002 -5.5939E-01      3103
   //SMS  1.4760E+01      3002  8.9705E-01      3020
 ##### Global Summary :Max/Min####
   //U1   2.2563E-02 -3.9167E-02
   //U2   8.7818E-04 -8.7818E-04
   //U3   0.0000E+00 -3.9718E-01
   //E11  5.4019E-03 -5.6812E-03
   //E22  1.8313E-03 -1.7039E-03
   //E33  1.9822E-03 -1.7391E-03
   //E12  2.6287E-03 -2.6287E-03
   //E23  5.6339E-04 -5.6339E-04
   //E13  7.6303E-04 -1.6215E-03
   //S11  2.4804E+01 -2.6566E+01
   //S22  6.1146E+00 -9.0340E+00
   //S33  5.4377E+00 -1.0709E+01
   //S12  4.0442E+00 -4.0442E+00
   //S23  8.6675E-01 -8.6675E-01
   //S13  1.1739E+00 -2.4946E+00
   //SMS  2.3161E+01  3.4728E-01
 ##### @Element :Max/Min####
   //E11  3.6962E-03 -3.5566E-03
   //E22  1.0503E-03 -1.0433E-03
   //E33  1.0039E-03 -1.1541E-03
   //E12  3.1386E-04 -3.1386E-04
   //E23  1.1755E-04 -1.1755E-04
   //E13 -1.0009E-04 -3.6360E-04
   //S11  1.4832E+01 -1.5251E+01
   //S22  1.4979E+00 -1.6517E+00
   //S33  1.7068E+00 -1.7641E+00
   //S12  4.8286E-01 -4.8286E-01
   //S23  1.8084E-01 -1.8084E-01
   //S13 -1.5398E-01 -5.5939E-01
   //SMS  1.4760E+01  8.9705E-01
#### Result step=     5
 ##### Local Summary :Max/IdMax/Min/IdMin####
   //U1   2.6726E-02      5165 -5.1855E-02      1121
   //U2   1.0979E-03      1202 -1.0979E-03      1002
   //U3   0.0000E+00      1001 -4.9631E-01      5121
   //E11  6.7476E-03      5102 -7.0992E-03      1103
   //E22  2.2883E-03      1003 -2.1267E-03      5103
   //E33  2.4752E-03      1103 -2.1731E-03      5202
   //E12  3.2885E-03      1201 -3.2885E-03      1001
   //E23  7.0409E-04      3002 -7.0409E-04      3202
   //E13  9.5412E-04      3001 -2.0220E-03      1101
   //S11  3.0989E+01      5001 -3.3186E+01      1201
   //S22  7.6412E+00      5001 -1.1285E+01      1201
   //S33  6.7910E+00      5001 -1.3386E+01      1201
   //S12  5.0593E+00      1201 -5.0593E+00      1001
   //S23  1.0832E+00      3002 -1.0832E+00      3202
   //S13  1.4679E+00      3001 -3.1108E+00      1101
   //SMS  2.8942E+01      1103  4.4264E-01      3021
 ##### @Element :Max/IdMax/Min/IdMin####
   //E11  4.6162E-03      3002 -4.4452E-03      1101
   //E22  1.3134E-03      1003 -1.3017E-03      3002
   //E33  1.2522E-03      1003 -1.4436E-03      3102
   //E12  3.9287E-04      1101 -3.9287E-04      1001
   //E23  1.4617E-04      1120 -1.4617E-04      1020
   //E13 -1.2468E-04      3002 -4.5497E-04      3103
   //S11  1.8521E+01      3002 -1.9063E+01      1101
   //S22  1.8683E+00      3101 -2.0633E+00      1101
   //S33  2.1183E+00      3001 -2.2120E+00      1101
   //S12  6.0442E-01      1101 -6.0442E-01      1001
   //S23  2.2488E-01      1120 -2.2488E-01      1020
   //S13 -1.9181E-01      3002 -6.9995E-01      3103
   //SMS  1.8435E+01      3002  1.1273E+00      3120
 ##### Global Summary :Max/Min####
   //U1   2.6726E-02 -5.1855E-02
   //U2   1.0979E-03 -1.0979E-03
   //U3   0.0000E+00 -4.9631E-01
   //E11  6.7476E-03 -7.0992E-03
   //E22  2.2883E-03 -2.1267E-03
   //E33  2.4752E-03 -2.1731E-03
   //E12  3.2885E-03 -3.2885E-03
   //E23  7.0409E-04 -7.0409E-04
   //E13  9.5412E-04 -2.0220E-03
   //S11  3.0989E+01 -3.3186E+01
   //S22  7.6412E+00 -1.1285E+01
   //S33  6.7910E+00 -1.3386E+01
   //S12  5.0593E+00 -5.0593E+00
   //S23  1.0832E+00 -1.0832E+00
   //S13  1.4679E+00 -3.1108E+00
   //SMS  2.8942E+01  4.4264E-01
 ##### @Element :Max/Min####
   //E11  4.6162E-03 -4.4452E-03
   //E22  1.3134E-03 -1.3017E-03
   //E33  1.2522E-03 -1.4436E-03
   //E12  3.9287E-04 -3.9287E-04
   //E23  1.4617E-04 -1.4617E-04
   //E13 -1.2468E-04 -4.5497E-04
   //S11  1.8521E+01 -1.9063E+01
   //S22  1.8683E+00 -2.0633E+00
   //S33  2.1183E+00 -2.2120E+00
   //S12  6.0442E-01 -6.0442E-01
   //S23  2.2488E-01 -2.2488E-01
   //S13 -1.9181E-01 -6.9995E-01
   //SMS  1.8435E+01  1.1273E+00
#### Result step=     6
 ##### Local Summary :Max/IdMax/Min/IdMin####
   //U1   3.0475E-02      5214 -6.5674E-02      1121
   //U2   1.3175E-03      1202 -1.3175E-03      1002
   //U3   0.0000E+00      1001 -5.9526E-01      5121
   //E11  8.0904E-03      5102 -8.5151E-03      1103
   //E22  2.7448E-03      1003 -2.5478E-03      5103
   //E33  2.9668E-03      1103 -2.6065E-03      5202
   //E12  3.9489E-03      1201 -3.9489E-03      1001
   //E23  8.4465E-04      3002 -8.4465E-04      3202
   //E13  1.1452E-03      3001 -2.4204E-03      1101
   //S11  3.7164E+01      5001 -3.9794E+01      1201
   //S22  9.1659E+00      5001 -1.3532E+01      1201
   //S33  8.1408E+00      5001 -1.6062E+01      1201
   //S12  6.0753E+00      1201 -6.0753E+00      1001
   //S23  1.2995E+00      3002 -1.2995E+00      3202
   //S13  1.7618E+00      3001 -3.7236E+00      1101
   //SMS  3.4715E+01      1103  5.4213E-01      3221
 ##### @Element :Max/IdMax/Min/IdMin####
   //E11  5.5339E-03      3102 -5.3329E-03      1001
   //E22  1.5765E-03      1003 -1.5589E-03      3102
   //E33  1.4993E-03      1103 -1.7333E-03      3102
   //E12  4.7205E-04      1101 -4.7205E-04      1001
   //E23  1.7446E-04      1120 -1.7446E-04      1020
   //E13 -1.4912E-04      3002 -5.4650E-04      3103
   //S11  2.2201E+01      3102 -2.2872E+01      1001
   //S22  2.2369E+00      3101 -2.4741E+00      1001
   //S33  2.5234E+00      3101 -2.6623E+00      1001
   //S12  7.2623E-01      1101 -7.2623E-01      1001
   //S23  2.6840E-01      1120 -2.6840E-01      1020
   //S13 -2.2941E-01      3002 -8.4077E-01      3103
   //SMS  2.2102E+01      3102  1.3596E+00      3020
 ##### Global Summary :Max/Min####
   //U1   3.0475E-02 -6.5674E-02
   //U2   1.3175E-03 -1.3175E-03
   //U3   0.0000E+00 -5.9526E-01
   //E11  8.0904E-03 -8.5151E-03
   //E22  2.7448E-03 -2.5478E-03
   //E33  2.9668E-03 -2.6065E-03
   //E12  3.9489E-03 -3.9489E-03
   //E23  8.4465E-04 -8.4465E-04
   //E13  1.1452E-03 -2.4204E-03
   //S11  3.7164E+01 -3.9794E+01
   //S22  9.1659E+00 -1.3532E+01
   //S33  8.1408E+00 -1.6062E+01
   //S12  6.0753E+00 -6.0753E+00
   //S23  1.2995E+00 -1.2995E+00
   //S13  1.7618E+00 -3.7236E+00
   //SMS  3.4715E+01  5.4213E-01
 ##### @Element :Max/Min####
   //E11  5.5339E-03 -5.3329E-03
   //E22  1.5765E-03 -1.5589E-03
   //E33  1.4993E-03 -1.7333E-03
   //E12  4.7205E-04 -4.7205E-04
   //E23  1.7446E-04 -1.7446E-04
   //E13 -1.4912E-04 -5.4650E-04
   //S11  2.2201E+01 -2.2872E+01
   //S22  2.2369E+00 -2.4741E+00
   //S33  2.5234E+00 -2.6623E+00
   //S12  7.2623E-01 -7.2623E-01
   //S23  2.6840E-01 -2.6840E-01
   //S13 -2.2941E-01 -8.4077E-01
   //SMS  2.2102E+01  1.3596E+00
#### Result step=     7
 ##### Local Summary :Max/IdMax/Min/IdMin####
   //U1   3.3948E-02      5013 -8.0606E-02      1121
   //U2   1.5369E-03      1202 -1.5369E-03      1002
   //U3   0.0000E+00      1001 -6.9396E-01      5121
   //E11  9.4298E-03      5102 -9.9285E-03      1103
   //E22  3.2004E-03      1003 -2.9673E-03      5103
   //E33  3.4568E-03      1103 -3.0392E-03      5202
   //E12  4.6096E-03      1201 -4.6096E-03      1001
   //E23  9.8501E-04      3002 -9.8501E-04      3202
   //E13  1.3361E-03      3001 -2.8165E-03      1101
   //S11  4.3326E+01      5201 -4.6386E+01      1201
   //S22  1.0688E+01      5201 -1.5774E+01      1201
   //S33  9.4867E+00      5001 -1.8736E+01      1201
   //S12  7.0918E+00      1201 -7.0918E+00      1001
   //S23  1.5154E+00      3002 -1.5154E+00      3202
   //S13  2.0555E+00      3001 -4.3330E+00      1101
   //SMS  4.0477E+01      1103  6.4163E-01      3151
 ##### @Element :Max/IdMax/Min/IdMin####
   //E11  6.4490E-03      3102 -6.2194E-03      1001
   //E22  1.8395E-03      1003 -1.8149E-03      3102
   //E33  1.7451E-03      1103 -2.0230E-03      3102
   //E12  5.5136E-04      1101 -5.5136E-04      1001
   //E23  2.0239E-04      1120 -2.0239E-04      1020
   //E13 -1.7341E-04      3002 -6.3821E-04      3103
   //S11  2.5869E+01      3102 -2.6677E+01      1001
   //S22  2.6035E+00      3101 -2.8839E+00      1001
   //S33  2.9220E+00      3101 -3.1149E+00      1001
   //S12  8.4824E-01      1101 -8.4824E-01      1001
   //S23  3.1136E-01      1120 -3.1136E-01      1020
   //S13 -2.6679E-01      3002 -9.8186E-01      3103
   //SMS  2.5759E+01      3102  1.5938E+00      3020
 ##### Global Summary :Max/Min####
   //U1   3.3948E-02 -8.0606E-02
   //U2   1.5369E-03 -1.5369E-03
   //U3   0.0000E+00 -6.9396E-01
   //E11  9.4298E-03 -9.9285E-03
   //E22  3.2004E-03 -2.9673E-03
   //E33  3.4568E-03 -3.0392E-03
   //E12  4.6096E-03 -4.6096E-03
   //E23  9.8501E-04 -9.8501E-04
   //E13  1.3361E-03 -2.8165E-03
   //S11  4.3326E+01 -4.6386E+01
   //S22  1.0688E+01 -1.5774E+01
   //S33  9.4867E+00 -1.8736E+01
   //S12  7.0918E+00 -7.0918E+00
   //S23  1.5154E+00 -1.5154E+00
   //S13  2.0555E+00 -4.3330E+00
   //SMS  4.0477E+01  6.4163E-01
 ##### @Element :Max/Min####
   //E11  6.4490E-03 -6.2194E-03
   //E22  1.8395E-03 -1.8149E-03
   //E33  1.7451E-03 -2.0230E-03
   //E12  5.5136E-04 -5.5136E-04
   //E23  2.0239E-04 -2.0239E-04
   //E13 -1.7341E-04 -6.3821E-04
   //S11  2.5869E+01 -2.6677E+01
   //S22  2.6035E+00 -2.8839E+00
   //S33  2.9220E+00 -3.1149E+00
   //S12  8.4824E-01 -8.4824E-01
   //S23  3.1136E-01 -3.1136E-01
   //S13 -2.6679E-01 -9.8186E-01
   //SMS  2.5759E+01  1.5938E+00
#### Result step=     8
 ##### Local Summary :Max/IdMax/Min/IdMin####
   //U1   3.7211E-02      5213 -9.6632E-02      1121
   //U2   1.7561E-03      1202 -1.7561E-03      1002
   //U3   0.0000E+00      1001 -7.9237E-01      5121
   //E11  1.0765E-02      5102 -1.1339E-02      1103
   //E22  3.6551E-03      1203 -3.3848E-03      5103
   //E33  3.9452E-03      1103 -3.4709E-03      5202
   //E12  5.2705E-03      1201 -5.2705E-03      1001
   //E23  1.1251E-03      3002 -1.1251E-03      3202
   //E13  1.5268E-03      3201 -3.2102E-03      1101
   //S11  4.9474E+01      5201 -5.2962E+01      1201
   //S22  1.2208E+01      5201 -1.8010E+01      1201
   //S33  1.0828E+01      5201 -2.1406E+01      1201
   //S12  8.1084E+00      1201 -8.1084E+00      1001
   //S23  1.7310E+00      3002 -1.7310E+00      3202
   //S13  2.3489E+00      3201 -4.9388E+00      1101
   //SMS  4.6228E+01      1103  7.4163E-01      3051
 ##### @Element :Max/IdMax/Min/IdMin####
   //E11  7.3612E-03      3102 -7.1044E-03      1001
   //E22  2.1023E-03      1103 -2.0696E-03      3102
   //E33  1.9895E-03      1103 -2.3128E-03      3102
   //E12  6.3076E-04      1101 -6.3076E-04      1001
   //E23  2.2994E-04      1120 -2.2994E-04      1020
   //E13 -1.9757E-04      3102 -7.3007E-04      3003
   //S11  2.9524E+01      3102 -3.0476E+01      1001
   //S22  2.9679E+00      3101 -3.2925E+00      1001
   //S33  3.3140E+00      3101 -3.5695E+00      1001
   //S12  9.7040E-01      1101 -9.7040E-01      1001
   //S23  3.5375E-01      1120 -3.5375E-01      1020
   //S13 -3.0396E-01      3102 -1.1232E+00      3003
   //SMS  2.9405E+01      3102  1.8273E+00      1020
 ##### Global Summary :Max/Min####
   //U1   3.7211E-02 -9.6632E-02
   //U2   1.7561E-03 -1.7561E-03
   //U3   0.0000E+00 -7.9237E-01
   //E11  1.0765E-02 -1.1339E-02
   //E22  3.6551E-03 -3.3848E-03
   //E33  3.9452E-03 -3.4709E-03
   //E12  5.2705E-03 -5.2705E-03
   //E23  1.1251E-03 -1.1251E-03
   //E13  1.5268E-03 -3.2102E-03
   //S11  4.9474E+01 -5.2962E+01
   //S22  1.2208E+01 -1.8010E+01
   //S33  1.0828E+01 -2.1406E+01
   //S12  8.1084E+00 -8.1084E+00
   //S23  1.7310E+00 -1.7310E+00
   //S13  2.3489E+00 -4.9388E+00
   //SMS  4.6228E+01  7.4163E-01
 ##### @Element :Max/Min####
   //E11  7.3612E-03 -7.1044E-03
   //E22  2.1023E-03 -2.0696E-03
   //E33  1.9895E-03 -2.3128E-03
   //E12  6.3076E-04 -6.3076E-04
   //E23  2.2994E-04 -2.2994E-04
   //E13 -1.9757E-04 -7.3007E-04
   //S11  2.9524E+01 -3.0476E+01
   //S22  2.9679E+00 -3.2925E+00
   //S33  3.3140E+00 -3.5695E+00
   //S12  9.7040E-01 -9.7040E-01
   //S23  3.5375E-01 -3.5375E-01
   //S13 -3.0396E-01 -1.1232E+00
   //SMS  2.9405E+01  1.8273E+00
#### Result step=     9
 ##### Local Summary :Max/IdMax/Min/IdMin####
   //U1   4.0182E-02      5212 -1.1373E-01      1121
   //U2   1.9749E-03      1202 -1.9749E-03      1002
   //U3   0.0000E+00      1001 -8.9043E-01      5121
   //E11  1.2097E-02      5102 -1.2746E-02      1103
   //E22  4.1086E-03      1003 -3.8002E-03      5103
   //E33  4.4316E-03      1103 -3.9016E-03      5002
   //E12  5.9312E-03      1201 -5.9312E-03      1001
   //E23  1.2650E-03      3002 -1.2650E-03      3202
   //E13  1.7171E-03      3201 -3.6014E-03      1101
   //S11  5.5605E+01      5001 -5.9517E+01      1201
   //S22  1.3723E+01      5201 -2.0239E+01      1201
   //S33  1.2165E+01      5001 -2.4071E+01      1201
   //S12  9.1249E+00      1201 -9.1249E+00      1001
   //S23  1.9461E+00      3002 -1.9461E+00      3202
   //S13  2.6417E+00      3201 -5.5407E+00      1101
   //SMS  5.1964E+01      1103  8.4437E-01      3051
 ##### @Element :Max/IdMax/Min/IdMin####
   //E11  8.2702E-03      3102 -7.9876E-03      1101
   //E22  2.3648E-03      1103 -2.3228E-03      3102
   //E33  2.2324E-03      1103 -2.6024E-03      3102
   //E12  7.1024E-04      1101 -7.1024E-04      1001
   //E23  2.5796E-04      3120 -2.5796E-04      3020
   //E13 -2.2161E-04      3002 -8.2209E-04      3103
   //S11  3.3166E+01      3102 -3.4268E+01      1101
   //S22  3.3302E+00      3101 -3.7000E+00      1001
   //S33  3.6994E+00      3101 -4.0260E+00      1001
   //S12  1.0927E+00      1101 -1.0927E+00      1001
   //S23  3.9685E-01      3120 -3.9685E-01      3020
   //S13 -3.4094E-01      3002 -1.2647E+00      3103
   //SMS  3.3039E+01      3102  2.0389E+00      1020
 ##### Global Summary :Max/Min####
   //U1   4.0182E-02 -1.1373E-01
   //U2   1.9749E-03 -1.9749E-03
   //U3   0.0000E+00 -8.9043E-01
   //E11  1.2097E-02 -1.2746E-02
   //E22  4.1086E-03 -3.8002E-03
   //E33  4.4316E-03 -3.9016E-03
   //E12  5.9312E-03 -5.9312E-03
   //E23  1.2650E-03 -1.2650E-03
   //E13  1.7171E-03 -3.6014E-03
   //S11  5.5605E+01 -5.9517E+01
   //S22  1.3723E+01 -2.0239E+01
   //S33  1.2165E+01 -2.4071E+01
   //S12  9.1249E+00 -9.1249E+00
   //S23  1.9461E+00 -1.9461E+00
   //S13  2.6417E+00 -5.5407E+00
   //SMS  5.1964E+01  8.4437E-01
 ##### @Element :Max/Min####
   //E11  8.2702E-03 -7.9876E-03
   //E22  2.3648E-03 -2.3228E-03
   //E33  2.2324E-03 -2.6024E-03
   //E12  7.1024E-04 -7.1024E-04
   //E23  2.5796E-04 -2.5796E-04
   //E13 -2.2161E-04 -8.2209E-04
   //S11  3.3166E+01 -3.4268E+01
   //S22  3.3302E+00 -3.7000E+00
   //S33  3.6994E+00 -4.0260E+00
   //S12  1.0927E+00 -1.0927E+00
   //S23  3.9685E-01 -3.9685E-01
   //S13 -3.4094E-01 -1.2647E+00
   //SMS  3.3039E+01  2.0389E+00
#### Result step=    10
 ##### Local Summary :Max/IdMax/Min/IdMin####
   //U1   4.3034E-02      5012 -1.3188E-01      1121
   //U2   2.1934E-03      1202 -2.1934E-03      1002
   //U3   0.0000E+00      1001 -9.8808E-01      5121
   //E11  1.3424E-02      5102 -1.4148E-02      1103
   //E22  4.5608E-03      1203 -4.2135E-03      5103
   //E33  4.9160E-03      1103 -4.3310E-03      5002
   //E12  6.5915E-03      1201 -6.5915E-03      1001
   //E23  1.4045E-03      3002 -1.4045E-03      3202
   //E13  1.9071E-03      3201 -3.9901E-03      1101
   //S11  6.1717E+01      5001 -6.6052E+01      1001
   //S22  1.5235E+01      5001 -2.2461E+01      1001
   //S33  1.3496E+01      5001 -2.6732E+01      1001
   //S12  1.0141E+01      1201 -1.0141E+01      1001
   //S23  2.1608E+00      3002 -2.1608E+00      3202
   //S13  2.9340E+00      3201 -6.1387E+00      1101
   //SMS  5.7684E+01      1103  9.5004E-01      3051
 ##### @Element :Max/IdMax/Min/IdMin####
   //E11  9.1756E-03      3002 -8.8687E-03      1101
   //E22  2.6269E-03      1103 -2.5746E-03      3002
   //E33  2.4737E-03      1003 -2.8918E-03      3002
   //E12  7.8976E-04      1101 -7.8976E-04      1001
   //E23  2.8712E-04      3120 -2.8712E-04      3020
   //E13 -2.4554E-04      3102 -9.1425E-04      3003
   //S11  3.6793E+01      3102 -3.8052E+01      1101
   //S22  3.6901E+00      3001 -4.1060E+00      1001
   //S33  4.0781E+00      3001 -4.4843E+00      1001
   //S12  1.2150E+00      1101 -1.2150E+00      1001
   //S23  4.4173E-01      3120 -4.4173E-01      3020
   //S13 -3.7775E-01      3102 -1.4065E+00      3003
   //SMS  3.6660E+01      3002  2.2465E+00      1120
 ##### Global Summary :Max/Min####
   //U1   4.3034E-02 -1.3188E-01
   //U2   2.1934E-03 -2.1934E-03
   //U3   0.0000E+00 -9.8808E-01
   //E11  1.3424E-02 -1.4148E-02
   //E22  4.5608E-03 -4.2135E-03
   //E33  4.9160E-03 -4.3310E-03
   //E12  6.5915E-03 -6.5915E-03
   //E23  1.4045E-03 -1.4045E-03
   //E13  1.9071E-03 -3.9901E-03
   //S11  6.1717E+01 -6.6052E+01
   //S22  1.5235E+01 -2.2461E+01
   //S33  1.3496E+01 -2.6732E+01
   //S12  1.0141E+01 -1.0141E+01
   //S23  2.1608E+00 -2.1608E+00
   //S13  2.9340E+00 -6.1387E+00
   //SMS  5.7684E+01  9.5004E-01
 ##### @Element :Max/Min####
   //E11  9.1756E-03 -8.8687E-03
   //E22  2.6269E-03 -2.5746E-03
   //E33  2.4737E-03 -2.8918E-03
   //E12  7.8976E-04 -7.8976E-04
   //E23  2.8712E-04 -2.8712E-04
   //E13 -2.4554E-04 -9.1425E-04
   //S11  3.6793E+01 -3.8052E+01
   //S22  3.6901E+00 -4.1060E+00
   //S33  4.0781E+00 -4.4843E+00
   //S12  1.2150E+00 -1.2150E+00
   //S23  4.4173E-01 -4.4173E-01
   //S13 -3.7775E-01 -1.4065E+00
   //SMS  3.6660E+01  2.2465E+00
