 fstr_setup: OK
#### Result step=     1
 ##### Local Summary :Max/IdMax/Min/IdMin####
   //U1   5.3764E-03      5219 -6.0716E-03      1121
   //U2   1.3900E-04      1203 -1.3900E-04      1003
   //U3   0.0000E+00      1001 -7.6568E-02      3121
   //E11  9.5629E-04      5103 -9.5737E-04      1103
   //E22  3.4668E-04      1103 -3.4657E-04      5103
   //E33  3.5129E-04      1103 -3.5254E-04      5103
   //E12  1.3900E-04      1201 -1.3900E-04      1001
   //E23  1.4727E-04      1003 -1.4727E-04      1203
   //E13  3.7102E-05      1105 -1.2195E-03      5101
   //S11  3.5359E+00      5103 -3.5443E+00      1103
   //S22  4.6813E-01      1103 -4.7288E-01      5103
   //S33  4.8231E-01      1103 -4.9124E-01      5103
   //S12  2.1384E-01      1201 -2.1384E-01      1001
   //S23  2.2657E-01      1003 -2.2657E-01      1203
   //S13  5.7079E-02      1105 -1.8762E+00      5101
   //SMS  4.5746E+00      5101  1.1264E-02      3117
 ##### @Element :Max/IdMax/Min/IdMin####
   //E11  5.2473E-04      3001 -5.2533E-04      1001
   //E22  9.8222E-05      1003 -9.7697E-05      3003
   //E33  1.9793E-04      1103 -1.9856E-04      3103
   //E12  3.1072E-05      1101 -3.1072E-05      1001
   //E23  1.9945E-05      1119 -1.9945E-05      1019
   //E13 -6.4791E-05      1119 -6.5201E-05      3019
   //S11  2.3382E+00      3101 -2.3420E+00      1101
   //S22  5.1070E-01      3101 -5.1146E-01      1101
   //S33  2.8693E-01      3101 -2.9076E-01      1101
   //S12  4.7803E-02      1101 -4.7803E-02      1001
   //S23  3.0685E-02      1119 -3.0685E-02      1019
   //S13 -9.9679E-02      1119 -1.0031E-01      3019
   //SMS  2.0168E+00      1003  2.1199E-01      1119
 ##### Global Summary :Max/Min####
   //U1   5.3764E-03 -6.0716E-03
   //U2   1.3900E-04 -1.3900E-04
   //U3   0.0000E+00 -7.6568E-02
   //E11  9.5629E-04 -9.5737E-04
   //E22  3.4668E-04 -3.4657E-04
   //E33  3.5129E-04 -3.5254E-04
   //E12  1.3900E-04 -1.3900E-04
   //E23  1.4727E-04 -1.4727E-04
   //E13  3.7102E-05 -1.2195E-03
   //S11  3.5359E+00 -3.5443E+00
   //S22  4.6813E-01 -4.7288E-01
   //S33  4.8231E-01 -4.9124E-01
   //S12  2.1384E-01 -2.1384E-01
   //S23  2.2657E-01 -2.2657E-01
   //S13  5.7079E-02 -1.8762E+00
   //SMS  4.5746E+00  1.1264E-02
 ##### @Element :Max/Min####
   //E11  5.2473E-04 -5.2533E-04
   //E22  9.8222E-05 -9.7697E-05
   //E33  1.9793E-04 -1.9856E-04
   //E12  3.1072E-05 -3.1072E-05
   //E23  1.9945E-05 -1.9945E-05
   //E13 -6.4791E-05 -6.5201E-05
   //S11  2.3382E+00 -2.3420E+00
   //S22  5.1070E-01 -5.1146E-01
   //S33  2.8693E-01 -2.9076E-01
   //S12  4.7803E-02 -4.7803E-02
   //S23  3.0685E-02 -3.0685E-02
   //S13 -9.9679E-02 -1.0031E-01
   //SMS  2.0168E+00  2.1199E-01
#### Result step=     2
 ##### Local Summary :Max/IdMax/Min/IdMin####
   //U1   1.0178E-02      5219 -1.2841E-02      1121
   //U2   2.7834E-04      1203 -2.7834E-04      1003
   //U3   0.0000E+00      1001 -1.5313E-01      5021
   //E11  1.9112E-03      5103 -1.9155E-03      1103
   //E22  6.9335E-04      1103 -6.9290E-04      5103
   //E33  7.0121E-04      1103 -7.0619E-04      5103
   //E12  2.7834E-04      1201 -2.7834E-04      1001
   //E23  2.9472E-04      1003 -2.9472E-04      1203
   //E13  7.4331E-05      1105 -2.4408E-03      5101
   //S11  7.0622E+00      5103 -7.0958E+00      1103
   //S22  9.3133E-01      1103 -9.5030E-01      5103
   //S33  9.5552E-01      1103 -9.9119E-01      5103
   //S12  4.2822E-01      1201 -4.2822E-01      1001
   //S23  4.5341E-01      1003 -4.5341E-01      1203
   //S13  1.1435E-01      1105 -3.7550E+00      5101
   //SMS  9.1522E+00      5101  2.2700E-02      3117
 ##### @Element :Max/IdMax/Min/IdMin####
   //E11  1.0487E-03      3001 -1.0511E-03      1001
   //E22  1.9693E-04      1003 -1.9483E-04      3003
   //E33  3.9514E-04      1103 -3.9768E-04      3103
   //E12  6.2412E-05      1101 -6.2412E-05      1001
   //E23  3.9956E-05      1119 -3.9956E-05      1019
   //E13 -1.2915E-04      1119 -1.3079E-04      3019
   //S11  4.6718E+00      3101 -4.6869E+00      1101
   //S22  1.0205E+00      3101 -1.0235E+00      1101
   //S33  5.6994E-01      3101 -5.8525E-01      1101
   //S12  9.6018E-02      1101 -9.6018E-02      1001
   //S23  6.1471E-02      1119 -6.1471E-02      1019
   //S13 -1.9869E-01      1119 -2.0121E-01      3019
   //SMS  4.0338E+00      1003  4.2196E-01      1119
 ##### Global Summary :Max/Min####
   //U1   1.0178E-02 -1.2841E-02
   //U2   2.7834E-04 -2.7834E-04
   //U3   0.0000E+00 -1.5313E-01
   //E11  1.9112E-03 -1.9155E-03
   //E22  6.9335E-04 -6.9290E-04
   //E33  7.0121E-04 -7.0619E-04
   //E12  2.7834E-04 -2.7834E-04
   //E23  2.9472E-04 -2.9472E-04
   //E13  7.4331E-05 -2.4408E-03
   //S11  7.0622E+00 -7.0958E+00
   //S22  9.3133E-01 -9.5030E-01
   //S33  9.5552E-01 -9.9119E-01
   //S12  4.2822E-01 -4.2822E-01
   //S23  4.5341E-01 -4.5341E-01
   //S13  1.1435E-01 -3.7550E+00
   //SMS  9.1522E+00  2.2700E-02
 ##### @Element :Max/Min####
   //E11  1.0487E-03 -1.0511E-03
   //E22  1.9693E-04 -1.9483E-04
   //E33  3.9514E-04 -3.9768E-04
   //E12  6.2412E-05 -6.2412E-05
   //E23  3.9956E-05 -3.9956E-05
   //E13 -1.2915E-04 -1.3079E-04
   //S11  4.6718E+00 -4.6869E+00
   //S22  1.0205E+00 -1.0235E+00
   //S33  5.6994E-01 -5.8525E-01
   //S12  9.6018E-02 -9.6018E-02
   //S23  6.1471E-02 -6.1471E-02
   //S13 -1.9869E-01 -2.0121E-01
   //SMS  4.0338E+00  4.2196E-01
#### Result step=     3
 ##### Local Summary :Max/IdMax/Min/IdMin####
   //U1   1.4448E-02      5117 -2.0301E-02      1121
   //U2   4.1799E-04      1203 -4.1799E-04      1003
   //U3   0.0000E+00      1001 -2.2969E-01      5021
   //E11  2.8642E-03      5103 -2.8739E-03      1103
   //E22  1.0399E-03      1103 -1.0388E-03      5103
   //E33  1.0496E-03      1103 -1.0608E-03      5103
   //E12  4.1799E-04      1201 -4.1799E-04      1001
   //E23  4.4229E-04      1003 -4.4229E-04      1203
   //E13  1.1169E-04      1105 -3.6633E-03      5101
   //S11  1.0577E+01      5103 -1.0653E+01      1103
   //S22  1.3894E+00      1103 -1.4320E+00      5103
   //S33  1.4194E+00      1103 -1.4996E+00      5103
   //S12  6.4306E-01      1201 -6.4306E-01      1001
   //S23  6.8045E-01      1003 -6.8045E-01      1203
   //S13  1.7182E-01      1105 -5.6358E+00      5101
   //SMS  1.3731E+01      5101  3.4479E-02      3117
 ##### @Element :Max/IdMax/Min/IdMin####
   //E11  1.5716E-03      3001 -1.5770E-03      1001
   //E22  2.9608E-04      1003 -2.9137E-04      3003
   //E33  5.9156E-04      1103 -5.9728E-04      3103
   //E12  9.4007E-05      1101 -9.4007E-05      1001
   //E23  6.0022E-05      1119 -6.0022E-05      1019
   //E13 -1.9305E-04      1119 -1.9673E-04      3019
   //S11  7.0000E+00      3101 -7.0339E+00      1101
   //S22  1.5291E+00      3101 -1.5360E+00      1101
   //S33  8.4891E-01      3101 -8.8335E-01      1101
   //S12  1.4463E-01      1101 -1.4463E-01      1001
   //S23  9.2342E-02      1119 -9.2342E-02      1019
   //S13 -2.9699E-01      1119 -3.0266E-01      3019
   //SMS  6.0499E+00      1003  6.2979E-01      1019
 ##### Global Summary :Max/Min####
   //U1   1.4448E-02 -2.0301E-02
   //U2   4.1799E-04 -4.1799E-04
   //U3   0.0000E+00 -2.2969E-01
   //E11  2.8642E-03 -2.8739E-03
   //E22  1.0399E-03 -1.0388E-03
   //E33  1.0496E-03 -1.0608E-03
   //E12  4.1799E-04 -4.1799E-04
   //E23  4.4229E-04 -4.4229E-04
   //E13  1.1169E-04 -3.6633E-03
   //S11  1.0577E+01 -1.0653E+01
   //S22  1.3894E+00 -1.4320E+00
   //S33  1.4194E+00 -1.4996E+00
   //S12  6.4306E-01 -6.4306E-01
   //S23  6.8045E-01 -6.8045E-01
   //S13  1.7182E-01 -5.6358E+00
   //SMS  1.3731E+01  3.4479E-02
 ##### @Element :Max/Min####
   //E11  1.5716E-03 -1.5770E-03
   //E22  2.9608E-04 -2.9137E-04
   //E33  5.9156E-04 -5.9728E-04
   //E12  9.4007E-05 -9.4007E-05
   //E23  6.0022E-05 -6.0022E-05
   //E13 -1.9305E-04 -1.9673E-04
   //S11  7.0000E+00 -7.0339E+00
   //S22  1.5291E+00 -1.5360E+00
   //S33  8.4891E-01 -8.8335E-01
   //S12  1.4463E-01 -1.4463E-01
   //S23  9.2342E-02 -9.2342E-02
   //S13 -2.9699E-01 -3.0266E-01
   //SMS  6.0499E+00  6.2979E-01
#### Result step=     4
 ##### Local Summary :Max/IdMax/Min/IdMin####
   //U1   1.8360E-02      5117 -2.8446E-02      1121
   //U2   5.5787E-04      1203 -5.5787E-04      1003
   //U3   0.0000E+00      1001 -3.0617E-01      5021
   //E11  3.8151E-03      5103 -3.8324E-03      1103
   //E22  1.3861E-03      1103 -1.3843E-03      5103
   //E33  1.3964E-03      1103 -1.4163E-03      5103
   //E12  5.5787E-04      1201 -5.5787E-04      1001
   //E23  5.8993E-04      1003 -5.8993E-04      1203
   //E13  1.4916E-04      1105 -4.8867E-03      5101
   //S11  1.4080E+01      5103 -1.4215E+01      1103
   //S22  1.8421E+00      1103 -1.9179E+00      5103
   //S33  1.8739E+00      1103 -2.0163E+00      5103
   //S12  8.5827E-01      1201 -8.5827E-01      1001
   //S23  9.0759E-01      1003 -9.0759E-01      1203
   //S13  2.2948E-01      1105 -7.5180E+00      5101
   //SMS  1.8310E+01      5101  4.6761E-02      3117
 ##### @Element :Max/IdMax/Min/IdMin####
   //E11  2.0934E-03      3101 -2.1030E-03      1001
   //E22  3.9563E-04      1003 -3.8726E-04      3003
   //E33  7.8711E-04      1103 -7.9728E-04      3103
   //E12  1.2585E-04      1101 -1.2585E-04      1001
   //E23  8.0133E-05      1119 -8.0133E-05      1019
   //E13 -2.5646E-04      1119 -2.6300E-04      3019
   //S11  9.3218E+00      3101 -9.3822E+00      1101
   //S22  2.0365E+00      3101 -2.0486E+00      1101
   //S33  1.1238E+00      3101 -1.1849E+00      1101
   //S12  1.9361E-01      1101 -1.9361E-01      1001
   //S23  1.2328E-01      1119 -1.2328E-01      1019
   //S13 -3.9455E-01      1119 -4.0461E-01      3019
   //SMS  8.0645E+00      1003  8.3539E-01      1019
 ##### Global Summary :Max/Min####
   //U1   1.8360E-02 -2.8446E-02
   //U2   5.5787E-04 -5.5787E-04
   //U3   0.0000E+00 -3.0617E-01
   //E11  3.8151E-03 -3.8324E-03
   //E22  1.3861E-03 -1.3843E-03
   //E33  1.3964E-03 -1.4163E-03
   //E12  5.5787E-04 -5.5787E-04
   //E23  5.8993E-04 -5.8993E-04
   //E13  1.4916E-04 -4.8867E-03
   //S11  1.4080E+01 -1.4215E+01
   //S22  1.8421E+00 -1.9179E+00
   //S33  1.8739E+00 -2.0163E+00
   //S12  8.5827E-01 -8.5827E-01
   //S23  9.0759E-01 -9.0759E-01
   //S13  2.2948E-01 -7.5180E+00
   //SMS  1.8310E+01  4.6761E-02
 ##### @Element :Max/Min####
   //E11  2.0934E-03 -2.1030E-03
   //E22  3.9563E-04 -3.8726E-04
   //E33  7.8711E-04 -7.9728E-04
   //E12  1.2585E-04 -1.2585E-04
   //E23  8.0133E-05 -8.0133E-05
   //E13 -2.5646E-04 -2.6300E-04
   //S11  9.3218E+00 -9.3822E+00
   //S22  2.0365E+00 -2.0486E+00
   //S33  1.1238E+00 -1.1849E+00
   //S12  1.9361E-01 -1.9361E-01
   //S23  1.2328E-01 -1.2328E-01
   //S13 -3.9455E-01 -4.0461E-01
   //SMS  8.0645E+00  8.3539E-01
#### Result step=     5
 ##### Local Summary :Max/IdMax/Min/IdMin####
   //U1   2.1818E-02      5115 -3.7265E-02      1121
   //U2   6.9795E-04      1203 -6.9795E-04      1003
   //U3   0.0000E+00      1001 -3.8255E-01      5221
   //E11  4.7636E-03      5103 -4.7904E-03      1103
   //E22  1.7319E-03      1103 -1.7291E-03      5103
   //E33  1.7414E-03      1103 -1.7724E-03      5103
   //E12  6.9795E-04      1201 -6.9795E-04      1001
   //E23  7.3759E-04      1003 -7.3759E-04      1203
   //E13  1.8677E-04      1105 -6.1105E-03      5101
   //S11  1.7570E+01      5103 -1.7779E+01      1103
   //S22  2.2894E+00      1103 -2.4076E+00      5103
   //S33  2.3187E+00      1103 -2.5410E+00      5103
   //S12  1.0738E+00      1201 -1.0738E+00      1001
   //S23  1.1348E+00      1003 -1.1348E+00      1203
   //S13  2.8733E-01      1105 -9.4008E+00      5101
   //SMS  2.2886E+01      5101  5.9696E-02      3117
 ##### @Element :Max/IdMax/Min/IdMin####
   //E11  2.6139E-03      3001 -2.6289E-03      1001
   //E22  4.9555E-04      1003 -4.8248E-04      3003
   //E33  9.8173E-04      1103 -9.9759E-04      3103
   //E12  1.5792E-04      1101 -1.5792E-04      1001
   //E23  1.0028E-04      1119 -1.0028E-04      1019
   //E13 -3.1937E-04      1019 -3.2957E-04      3019
   //S11  1.1637E+01      3101 -1.1731E+01      1101
   //S22  2.5423E+00      3101 -2.5613E+00      1101
   //S33  1.3944E+00      3101 -1.4899E+00      1101
   //S12  2.4295E-01      1101 -2.4295E-01      1001
   //S23  1.5427E-01      1119 -1.5427E-01      1019
   //S13 -4.9134E-01      1019 -5.0704E-01      3019
   //SMS  1.0077E+01      1003  1.0387E+00      1019
 ##### Global Summary :Max/Min####
   //U1   2.1818E-02 -3.7265E-02
   //U2   6.9795E-04 -6.9795E-04
   //U3   0.0000E+00 -3.8255E-01
   //E11  4.7636E-03 -4.7904E-03
   //E22  1.7319E-03 -1.7291E-03
   //E33  1.7414E-03 -1.7724E-03
   //E12  6.9795E-04 -6.9795E-04
   //E23  7.3759E-04 -7.3759E-04
   //E13  1.8677E-04 -6.1105E-03
   //S11  1.7570E+01 -1.7779E+01
   //S22  2.2894E+00 -2.4076E+00
   //S33  2.3187E+00 -2.5410E+00
   //S12  1.0738E+00 -1.0738E+00
   //S23  1.1348E+00 -1.1348E+00
   //S13  2.8733E-01 -9.4008E+00
   //SMS  2.2886E+01  5.9696E-02
 ##### @Element :Max/Min####
   //E11  2.6139E-03 -2.6289E-03
   //E22  4.9555E-04 -4.8248E-04
   //E33  9.8173E-04 -9.9759E-04
   //E12  1.5792E-04 -1.5792E-04
   //E23  1.0028E-04 -1.0028E-04
   //E13 -3.1937E-04 -3.2957E-04
   //S11  1.1637E+01 -1.1731E+01
   //S22  2.5423E+00 -2.5613E+00
   //S33  1.3944E+00 -1.4899E+00
   //S12  2.4295E-01 -2.4295E-01
   //S23  1.5427E-01 -1.5427E-01
   //S13 -4.9134E-01 -5.0704E-01
   //SMS  1.0077E+01  1.0387E+00
#### Result step=     6
 ##### Local Summary :Max/IdMax/Min/IdMin####
   //U1   2.5166E-02      5115 -4.6749E-02      1121
   //U2   8.3817E-04      1203 -8.3817E-04      1003
   //U3   0.0000E+00      1001 -4.5877E-01      5221
   //E11  5.7092E-03      5103 -5.7478E-03      1103
   //E22  2.0772E-03      1103 -2.0731E-03      5103
   //E33  2.0845E-03      1103 -2.1291E-03      5103
   //E12  8.3817E-04      1201 -8.3817E-04      1001
   //E23  8.8522E-04      1003 -8.8522E-04      1203
   //E13  2.2449E-04      1105 -7.3344E-03      5101
   //S11  2.1044E+01      5103 -2.1346E+01      1103
   //S22  2.7311E+00      1103 -2.9010E+00      5103
   //S33  2.7538E+00      1103 -3.0734E+00      5103
   //S12  1.2895E+00      1201 -1.2895E+00      1001
   //S23  1.3619E+00      1003 -1.3619E+00      1203
   //S13  3.4536E-01      1105 -1.1284E+01      5101
   //SMS  2.7460E+01      5101  7.3422E-02      3117
 ##### @Element :Max/IdMax/Min/IdMin####
   //E11  3.1329E-03      3001 -3.1544E-03      1101
   //E22  5.9579E-04      1003 -5.7700E-04      3003
   //E33  1.1753E-03      1103 -1.1981E-03      3103
   //E12  1.9021E-04      1101 -1.9021E-04      1001
   //E23  1.2045E-04      1119 -1.2045E-04      1019
   //E13 -3.8175E-04      1019 -3.9642E-04      3019
   //S11  1.3944E+01      3101 -1.4079E+01      1101
   //S22  3.0465E+00      3101 -3.0738E+00      1101
   //S33  1.6608E+00      3101 -1.7981E+00      1101
   //S12  2.9262E-01      1101 -2.9262E-01      1001
   //S23  1.8530E-01      1119 -1.8530E-01      1019
   //S13 -5.8731E-01      1019 -6.0988E-01      3019
   //SMS  1.2086E+01      1003  1.2396E+00      1019
 ##### Global Summary :Max/Min####
   //U1   2.5166E-02 -4.6749E-02
   //U2   8.3817E-04 -8.3817E-04
   //U3   0.0000E+00 -4.5877E-01
   //E11  5.7092E-03 -5.7478E-03
   //E22  2.0772E-03 -2.0731E-03
   //E33  2.0845E-03 -2.1291E-03
   //E12  8.3817E-04 -8.3817E-04
   //E23  8.8522E-04 -8.8522E-04
   //E13  2.2449E-04 -7.3344E-03
   //S11  2.1044E+01 -2.1346E+01
   //S22  2.7311E+00 -2.9010E+00
   //S33  2.7538E+00 -3.0734E+00
   //S12  1.2895E+00 -1.2895E+00
   //S23  1.3619E+00 -1.3619E+00
   //S13  3.4536E-01 -1.1284E+01
   //SMS  2.7460E+01  7.3422E-02
 ##### @Element :Max/Min####
   //E11  3.1329E-03 -3.1544E-03
   //E22  5.9579E-04 -5.7700E-04
   //E33  1.1753E-03 -1.1981E-03
   //E12  1.9021E-04 -1.9021E-04
   //E23  1.2045E-04 -1.2045E-04
   //E13 -3.8175E-04 -3.9642E-04
   //S11  1.3944E+01 -1.4079E+01
   //S22  3.0465E+00 -3.0738E+00
   //S33  1.6608E+00 -1.7981E+00
   //S12  2.9262E-01 -2.9262E-01
   //S23  1.8530E-01 -1.8530E-01
   //S13 -5.8731E-01 -6.0988E-01
   //SMS  1.2086E+01  1.2396E+00
#### Result step=     7
 ##### Local Summary :Max/IdMax/Min/IdMin####
   //U1   2.8176E-02      5115 -5.6886E-02      1121
   //U2   9.7848E-04      1203 -9.7848E-04      1003
   //U3   0.0000E+00      1001 -5.3479E-01      5021
   //E11  6.6516E-03      5103 -6.7041E-03      1103
   //E22  2.4217E-03      1103 -2.4162E-03      5103
   //E33  2.4257E-03      1103 -2.4862E-03      5103
   //E12  9.7848E-04      1201 -9.7848E-04      1001
   //E23  1.0328E-03      1003 -1.0328E-03      1203
   //E13  2.6233E-04      1105 -8.5579E-03      5101
   //S11  2.4503E+01      5103 -2.4913E+01      1103
   //S22  3.1669E+00      1103 -3.3978E+00      5103
   //S33  3.1791E+00      1103 -3.6133E+00      5103
   //S12  1.5054E+00      1201 -1.5054E+00      1001
   //S23  1.5889E+00      1003 -1.5889E+00      1203
   //S13  4.0358E-01      1105 -1.3166E+01      5101
   //SMS  3.2028E+01      5101  8.8060E-02      3117
 ##### @Element :Max/IdMax/Min/IdMin####
   //E11  3.6501E-03      3101 -3.6794E-03      1001
   //E22  6.9630E-04      1003 -6.7078E-04      3003
   //E33  1.3679E-03      1103 -1.3989E-03      3103
   //E12  2.2270E-04      1101 -2.2270E-04      1001
   //E23  1.4062E-04      1119 -1.4062E-04      1019
   //E13 -4.4359E-04      1119 -4.6352E-04      3019
   //S11  1.6242E+01      3101 -1.6426E+01      1101
   //S22  3.5489E+00      3101 -3.5860E+00      1101
   //S33  1.9228E+00      3101 -2.1094E+00      1101
   //S12  3.4262E-01      1101 -3.4262E-01      1001
   //S23  2.1635E-01      1119 -2.1635E-01      1019
   //S13 -6.8244E-01      1119 -7.1310E-01      3019
   //SMS  1.4091E+01      1003  1.4380E+00      1119
 ##### Global Summary :Max/Min####
   //U1   2.8176E-02 -5.6886E-02
   //U2   9.7848E-04 -9.7848E-04
   //U3   0.0000E+00 -5.3479E-01
   //E11  6.6516E-03 -6.7041E-03
   //E22  2.4217E-03 -2.4162E-03
   //E33  2.4257E-03 -2.4862E-03
   //E12  9.7848E-04 -9.7848E-04
   //E23  1.0328E-03 -1.0328E-03
   //E13  2.6233E-04 -8.5579E-03
   //S11  2.4503E+01 -2.4913E+01
   //S22  3.1669E+00 -3.3978E+00
   //S33  3.1791E+00 -3.6133E+00
   //S12  1.5054E+00 -1.5054E+00
   //S23  1.5889E+00 -1.5889E+00
   //S13  4.0358E-01 -1.3166E+01
   //SMS  3.2028E+01  8.8060E-02
 ##### @Element :Max/Min####
   //E11  3.6501E-03 -3.6794E-03
   //E22  6.9630E-04 -6.7078E-04
   //E33  1.3679E-03 -1.3989E-03
   //E12  2.2270E-04 -2.2270E-04
   //E23  1.4062E-04 -1.4062E-04
   //E13 -4.4359E-04 -4.6352E-04
   //S11  1.6242E+01 -1.6426E+01
   //S22  3.5489E+00 -3.5860E+00
   //S33  1.9228E+00 -2.1094E+00
   //S12  3.4262E-01 -3.4262E-01
   //S23  2.1635E-01 -2.1635E-01
   //S13 -6.8244E-01 -7.1310E-01
   //SMS  1.4091E+01  1.4380E+00
#### Result step=     8
 ##### Local Summary :Max/IdMax/Min/IdMin####
   //U1   3.0863E-02      5113 -6.7663E-02      1121
   //U2   1.1188E-03      1203 -1.1188E-03      1003
   //U3   0.0000E+00      1001 -6.1058E-01      5021
   //E11  7.5906E-03      5103 -7.6590E-03      1103
   //E22  2.7655E-03      1103 -2.7583E-03      5103
   //E33  2.7647E-03      1103 -2.8436E-03      5103
   //E12  1.1188E-03      1201 -1.1188E-03      1001
   //E23  1.1802E-03      1003 -1.1802E-03      1203
   //E13  3.0028E-04      1105 -9.7806E-03      5101
   //S11  2.7945E+01      5103 -2.8479E+01      1103
   //S22  3.5969E+00      1103 -3.8978E+00      5103
   //S33  3.5944E+00      1103 -4.1605E+00      5103
   //S12  1.7213E+00      1201 -1.7213E+00      1001
   //S23  1.8157E+00      1003 -1.8157E+00      1203
   //S13  4.6197E-01      1105 -1.5047E+01      5101
   //SMS  3.6590E+01      5101  1.0372E-01      3117
 ##### @Element :Max/IdMax/Min/IdMin####
   //E11  4.1655E-03      3001 -4.2037E-03      1001
   //E22  7.9705E-04      1003 -7.6378E-04      3003
   //E33  1.5593E-03      1103 -1.5997E-03      3103
   //E12  2.5539E-04      1101 -2.5539E-04      1001
   //E23  1.6080E-04      1119 -1.6080E-04      1019
   //E13 -5.0485E-04      1119 -5.3083E-04      3019
   //S11  1.8531E+01      3101 -1.8771E+01      1101
   //S22  4.0494E+00      3101 -4.0977E+00      1101
   //S33  2.1805E+00      3101 -2.4238E+00      1101
   //S12  3.9291E-01      1101 -3.9291E-01      1001
   //S23  2.4739E-01      1119 -2.4739E-01      1019
   //S13 -7.7670E-01      1119 -8.1667E-01      3019
   //SMS  1.6092E+01      1003  1.6338E+00      1119
 ##### Global Summary :Max/Min####
   //U1   3.0863E-02 -6.7663E-02
   //U2   1.1188E-03 -1.1188E-03
   //U3   0.0000E+00 -6.1058E-01
   //E11  7.5906E-03 -7.6590E-03
   //E22  2.7655E-03 -2.7583E-03
   //E33  2.7647E-03 -2.8436E-03
   //E12  1.1188E-03 -1.1188E-03
   //E23  1.1802E-03 -1.1802E-03
   //E13  3.0028E-04 -9.7806E-03
   //S11  2.7945E+01 -2.8479E+01
   //S22  3.5969E+00 -3.8978E+00
   //S33  3.5944E+00 -4.1605E+00
   //S12  1.7213E+00 -1.7213E+00
   //S23  1.8157E+00 -1.8157E+00
   //S13  4.6197E-01 -1.5047E+01
   //SMS  3.6590E+01  1.0372E-01
 ##### @Element :Max/Min####
   //E11  4.1655E-03 -4.2037E-03
   //E22  7.9705E-04 -7.6378E-04
   //E33  1.5593E-03 -1.5997E-03
   //E12  2.5539E-04 -2.5539E-04
   //E23  1.6080E-04 -1.6080E-04
   //E13 -5.0485E-04 -5.3083E-04
   //S11  1.8531E+01 -1.8771E+01
   //S22  4.0494E+00 -4.0977E+00
   //S33  2.1805E+00 -2.4238E+00
   //S12  3.9291E-01 -3.9291E-01
   //S23  2.4739E-01 -2.4739E-01
   //S13 -7.7670E-01 -8.1667E-01
   //SMS  1.6092E+01  1.6338E+00
#### Result step=     9
 ##### Local Summary :Max/IdMax/Min/IdMin####
   //U1   3.3647E-02      5113 -7.9067E-02      1121
   //U2   1.2592E-03      1203 -1.2592E-03      1003
   //U3   0.0000E+00      1001 -6.8609E-01      5021
   //E11  8.5257E-03      5103 -8.6121E-03      1103
   //E22  3.1084E-03      1103 -3.0992E-03      5103
   //E33  3.1015E-03      1103 -3.2012E-03      5103
   //E12  1.2592E-03      1201 -1.2592E-03      1001
   //E23  1.3274E-03      1003 -1.3274E-03      1203
   //E13  3.3835E-04      1105 -1.1002E-02      5101
   //S11  3.1368E+01      5103 -3.2042E+01      1103
   //S22  4.0208E+00      1103 -4.4008E+00      5103
   //S33  3.9996E+00      1103 -4.7145E+00      5103
   //S12  1.9372E+00      1201 -1.9372E+00      1001
   //S23  2.0422E+00      1003 -2.0422E+00      1203
   //S13  5.2053E-01      1105 -1.6926E+01      5101
   //SMS  4.1144E+01      5101  1.2049E-01      3117
 ##### @Element :Max/IdMax/Min/IdMin####
   //E11  4.6789E-03      3001 -4.7271E-03      1001
   //E22  8.9800E-04      1003 -8.5599E-04      3003
   //E33  1.7494E-03      1103 -1.8005E-03      3103
   //E12  2.8826E-04      1101 -2.8826E-04      1001
   //E23  1.8098E-04      1119 -1.8098E-04      1019
   //E13 -5.6554E-04      1119 -5.9834E-04      3019
   //S11  2.0810E+01      3101 -2.1113E+01      1101
   //S22  4.5477E+00      3101 -4.6088E+00      1101
   //S33  2.4336E+00      3101 -2.7409E+00      1101
   //S12  4.4348E-01      1101 -4.4348E-01      1001
   //S23  2.7842E-01      1119 -2.7842E-01      1019
   //S13 -8.7005E-01      1119 -9.2052E-01      3019
   //SMS  1.8087E+01      1003  1.8271E+00      1119
 ##### Global Summary :Max/Min####
   //U1   3.3647E-02 -7.9067E-02
   //U2   1.2592E-03 -1.2592E-03
   //U3   0.0000E+00 -6.8609E-01
   //E11  8.5257E-03 -8.6121E-03
   //E22  3.1084E-03 -3.0992E-03
   //E33  3.1015E-03 -3.2012E-03
   //E12  1.2592E-03 -1.2592E-03
   //E23  1.3274E-03 -1.3274E-03
   //E13  3.3835E-04 -1.1002E-02
   //S11  3.1368E+01 -3.2042E+01
   //S22  4.0208E+00 -4.4008E+00
   //S33  3.9996E+00 -4.7145E+00
   //S12  1.9372E+00 -1.9372E+00
   //S23  2.0422E+00 -2.0422E+00
   //S13  5.2053E-01 -1.6926E+01
   //SMS  4.1144E+01  1.2049E-01
 ##### @Element :Max/Min####
   //E11  4.6789E-03 -4.7271E-03
   //E22  8.9800E-04 -8.5599E-04
   //E33  1.7494E-03 -1.8005E-03
   //E12  2.8826E-04 -2.8826E-04
   //E23  1.8098E-04 -1.8098E-04
   //E13 -5.6554E-04 -5.9834E-04
   //S11  2.0810E+01 -2.1113E+01
   //S22  4.5477E+00 -4.6088E+00
   //S33  2.4336E+00 -2.7409E+00
   //S12  4.4348E-01 -4.4348E-01
   //S23  2.7842E-01 -2.7842E-01
   //S13 -8.7005E-01 -9.2052E-01
   //SMS  1.8087E+01  1.8271E+00
#### Result step=    10
 ##### Local Summary :Max/IdMax/Min/IdMin####
   //U1   3.6194E-02      5213 -9.1083E-02      1121
   //U2   1.3995E-03      1203 -1.3995E-03      1003
   //U3   0.0000E+00      1001 -7.6128E-01      5021
   //E11  9.4568E-03      5103 -9.5632E-03      1103
   //E22  3.4503E-03      1103 -3.4389E-03      5103
   //E33  3.4360E-03      1103 -3.5588E-03      5103
   //E12  1.3995E-03      1201 -1.3995E-03      1001
   //E23  1.4744E-03      1003 -1.4744E-03      1203
   //E13  3.7652E-04      1105 -1.2222E-02      5101
   //S11  3.4773E+01      5103 -3.5603E+01      1103
   //S22  4.4386E+00      1103 -4.9065E+00      5103
   //S33  4.3957E+00      1003 -5.2752E+00      5103
   //S12  2.1530E+00      1201 -2.1530E+00      1001
   //S23  2.2683E+00      1003 -2.2683E+00      1203
   //S13  5.7926E-01      1105 -1.8803E+01      5101
   //SMS  4.5689E+01      5101  1.3846E-01      3117
 ##### @Element :Max/IdMax/Min/IdMin####
   //E11  5.1902E-03      3001 -5.2495E-03      1001
   //E22  9.9910E-04      1003 -9.4737E-04      3003
   //E33  1.9383E-03      1103 -2.0012E-03      3103
   //E12  3.2130E-04      1101 -3.2130E-04      1001
   //E23  2.0113E-04      1119 -2.0113E-04      1019
   //E13 -6.2562E-04      1119 -6.6601E-04      3019
   //S11  2.3078E+01      3101 -2.3452E+01      1101
   //S22  5.0437E+00      3101 -5.1190E+00      1101
   //S33  2.6823E+00      3101 -3.0608E+00      1101
   //S12  4.9431E-01      1101 -4.9431E-01      1001
   //S23  3.0942E-01      1119 -3.0942E-01      1019
   //S13 -9.6248E-01      1119 -1.0246E+00      3019
   //SMS  2.0076E+01      1003  2.0177E+00      1119
 ##### Global Summary :Max/Min####
   //U1   3.6194E-02 -9.1083E-02
   //U2   1.3995E-03 -1.3995E-03
   //U3   0.0000E+00 -7.6128E-01
   //E11  9.4568E-03 -9.5632E-03
   //E22  3.4503E-03 -3.4389E-03
   //E33  3.4360E-03 -3.5588E-03
   //E12  1.3995E-03 -1.3995E-03
   //E23  1.4744E-03 -1.4744E-03
   //E13  3.7652E-04 -1.2222E-02
   //S11  3.4773E+01 -3.5603E+01
   //S22  4.4386E+00 -4.9065E+00
   //S33  4.3957E+00 -5.2752E+00
   //S12  2.1530E+00 -2.1530E+00
   //S23  2.2683E+00 -2.2683E+00
   //S13  5.7926E-01 -1.8803E+01
   //SMS  4.5689E+01  1.3846E-01
 ##### @Element :Max/Min####
   //E11  5.1902E-03 -5.2495E-03
   //E22  9.9910E-04 -9.4737E-04
   //E33  1.9383E-03 -2.0012E-03
   //E12  3.2130E-04 -3.2130E-04
   //E23  2.0113E-04 -2.0113E-04
   //E13 -6.2562E-04 -6.6601E-04
   //S11  2.3078E+01 -2.3452E+01
   //S22  5.0437E+00 -5.1190E+00
   //S33  2.6823E+00 -3.0608E+00
   //S12  4.9431E-01 -4.9431E-01
   //S23  3.0942E-01 -3.0942E-01
   //S13 -9.6248E-01 -1.0246E+00
   //SMS  2.0076E+01  2.0177E+00
