 fstr_setup: OK
#### Result step=     1
 ##### Local Summary :Max/IdMax/Min/IdMin####
   //U1   6.8745E-03      5120 -8.0243E-03      1121
   //U2   2.0379E-04      1202 -2.0379E-04      1002
   //U3   0.0000E+00      1001 -9.9321E-02      3121
   //E11  1.4265E-03      5103 -1.4267E-03      1103
   //E22  4.3975E-04      1203 -4.3983E-04      5203
   //E33  4.8544E-04      1103 -4.8570E-04      5103
   //E12  6.0066E-04      1201 -6.0066E-04      1001
   //E23  1.4585E-04      3171 -1.4585E-04      3071
   //E13  2.8117E-04      3001 -3.8233E-04      5101
   //S11  6.6402E+00      5201 -6.6352E+00      1001
   //S22  2.3944E+00      5001 -2.3915E+00      1001
   //S33  2.4810E+00      5001 -2.4792E+00      1001
   //S12  9.2409E-01      1201 -9.2409E-01      1001
   //S23  2.2438E-01      3171 -2.2438E-01      3071
   //S13  4.3257E-01      3001 -5.8820E-01      5101
   //SMS  5.7923E+00      1103  2.6922E-02      3021
 ##### @Element :Max/IdMax/Min/IdMin####
   //E11  6.7368E-04      3001 -6.7442E-04      1101
   //E22  1.8946E-04      1103 -1.8888E-04      3103
   //E33  1.8779E-04      1103 -1.8863E-04      3003
   //E12  3.6496E-05      1101 -3.6496E-05      1001
   //E23  1.9669E-05      3119 -1.9669E-05      3019
   //E13 -6.1401E-05      1001 -6.8350E-05      3119
   //S11  2.8532E+00      3001 -2.8573E+00      1101
   //S22  2.8545E-01      3001 -2.8528E-01      1001
   //S33  2.4282E-01      3001 -2.4662E-01      1001
   //S12  5.6147E-02      1101 -5.6147E-02      1001
   //S23  3.0260E-02      3119 -3.0260E-02      3019
   //S13 -9.4463E-02      1001 -1.0515E-01      3119
   //SMS  2.5987E+00      1101  2.4106E-01      1019
 ##### Global Summary :Max/Min####
   //U1   6.8745E-03 -8.0243E-03
   //U2   2.0379E-04 -2.0379E-04
   //U3   0.0000E+00 -9.9321E-02
   //E11  1.4265E-03 -1.4267E-03
   //E22  4.3975E-04 -4.3983E-04
   //E33  4.8544E-04 -4.8570E-04
   //E12  6.0066E-04 -6.0066E-04
   //E23  1.4585E-04 -1.4585E-04
   //E13  2.8117E-04 -3.8233E-04
   //S11  6.6402E+00 -6.6352E+00
   //S22  2.3944E+00 -2.3915E+00
   //S33  2.4810E+00 -2.4792E+00
   //S12  9.2409E-01 -9.2409E-01
   //S23  2.2438E-01 -2.2438E-01
   //S13  4.3257E-01 -5.8820E-01
   //SMS  5.7923E+00  2.6922E-02
 ##### @Element :Max/Min####
   //E11  6.7368E-04 -6.7442E-04
   //E22  1.8946E-04 -1.8888E-04
   //E33  1.8779E-04 -1.8863E-04
   //E12  3.6496E-05 -3.6496E-05
   //E23  1.9669E-05 -1.9669E-05
   //E13 -6.1401E-05 -6.8350E-05
   //S11  2.8532E+00 -2.8573E+00
   //S22  2.8545E-01 -2.8528E-01
   //S33  2.4282E-01 -2.4662E-01
   //S12  5.6147E-02 -5.6147E-02
   //S23  3.0260E-02 -3.0260E-02
   //S13 -9.4463E-02 -1.0515E-01
   //SMS  2.5987E+00  2.4106E-01
#### Result step=     2
 ##### Local Summary :Max/IdMax/Min/IdMin####
   //U1   1.2801E-02      5118 -1.7229E-02      1121
   //U2   4.0777E-04      1202 -4.0777E-04      1002
   //U3   0.0000E+00      1001 -1.9865E-01      5121
   //E11  2.8522E-03      5103 -2.8530E-03      1103
   //E22  8.7927E-04      1003 -8.7957E-04      5203
   //E33  9.7046E-04      1103 -9.7148E-04      5103
   //E12  1.2026E-03      1201 -1.2026E-03      1001
   //E23  2.9159E-04      3171 -2.9159E-04      3071
   //E13  5.6221E-04      3001 -7.6554E-04      5101
   //S11  1.3283E+01      5201 -1.3263E+01      1001
   //S22  4.7908E+00      5201 -4.7794E+00      1001
   //S33  4.9631E+00      5201 -4.9557E+00      1001
   //S12  1.8501E+00      1201 -1.8501E+00      1001
   //S23  4.4860E-01      3171 -4.4860E-01      3071
   //S13  8.6494E-01      3001 -1.1777E+00      5101
   //SMS  1.1584E+01      1103  5.5459E-02      3221
 ##### @Element :Max/IdMax/Min/IdMin####
   //E11  1.3464E-03      3101 -1.3493E-03      1001
   //E22  3.7943E-04      1003 -3.7710E-04      3003
   //E33  3.7467E-04      1103 -3.7804E-04      3003
   //E12  7.3110E-05      1101 -7.3110E-05      1001
   //E23  3.9444E-05      3119 -3.9444E-05      3019
   //E13 -1.2275E-04      1001 -1.3724E-04      3119
   //S11  5.7014E+00      3101 -5.7176E+00      1101
   //S22  5.7099E-01      3001 -5.7028E-01      1101
   //S33  4.8177E-01      3101 -4.9695E-01      1101
   //S12  1.1248E-01      1101 -1.1248E-01      1001
   //S23  6.0684E-02      3119 -6.0684E-02      3019
   //S13 -1.8884E-01      1001 -2.1114E-01      3119
   //SMS  5.1986E+00      1001  4.7887E-01      1019
 ##### Global Summary :Max/Min####
   //U1   1.2801E-02 -1.7229E-02
   //U2   4.0777E-04 -4.0777E-04
   //U3   0.0000E+00 -1.9865E-01
   //E11  2.8522E-03 -2.8530E-03
   //E22  8.7927E-04 -8.7957E-04
   //E33  9.7046E-04 -9.7148E-04
   //E12  1.2026E-03 -1.2026E-03
   //E23  2.9159E-04 -2.9159E-04
   //E13  5.6221E-04 -7.6554E-04
   //S11  1.3283E+01 -1.3263E+01
   //S22  4.7908E+00 -4.7794E+00
   //S33  4.9631E+00 -4.9557E+00
   //S12  1.8501E+00 -1.8501E+00
   //S23  4.4860E-01 -4.4860E-01
   //S13  8.6494E-01 -1.1777E+00
   //SMS  1.1584E+01  5.5459E-02
 ##### @Element :Max/Min####
   //E11  1.3464E-03 -1.3493E-03
   //E22  3.7943E-04 -3.7710E-04
   //E33  3.7467E-04 -3.7804E-04
   //E12  7.3110E-05 -7.3110E-05
   //E23  3.9444E-05 -3.9444E-05
   //E13 -1.2275E-04 -1.3724E-04
   //S11  5.7014E+00 -5.7176E+00
   //S22  5.7099E-01 -5.7028E-01
   //S33  4.8177E-01 -4.9695E-01
   //S12  1.1248E-01 -1.1248E-01
   //S23  6.0684E-02 -6.0684E-02
   //S13 -1.8884E-01 -2.1114E-01
   //SMS  5.1986E+00  4.7887E-01
#### Result step=     3
 ##### Local Summary :Max/IdMax/Min/IdMin####
   //U1   1.7982E-02      5167 -2.7605E-02      1121
   //U2   6.1187E-04      1202 -6.1187E-04      1002
   //U3   0.0000E+00      1001 -2.9800E-01      5121
   //E11  4.2767E-03      5103 -4.2785E-03      1103
   //E22  1.3184E-03      1203 -1.3191E-03      5203
   //E33  1.4549E-03      1103 -1.4571E-03      5103
   //E12  1.8055E-03      1201 -1.8055E-03      1001
   //E23  4.3714E-04      3171 -4.3714E-04      3071
   //E13  8.4300E-04      3001 -1.1495E-03      5101
   //S11  1.9927E+01      5001 -1.9882E+01      1201
   //S22  7.1885E+00      5001 -7.1627E+00      1201
   //S33  7.4452E+00      5001 -7.4286E+00      1201
   //S12  2.7777E+00      1201 -2.7777E+00      1001
   //S23  6.7252E-01      3171 -6.7252E-01      3071
   //S13  1.2969E+00      3001 -1.7685E+00      5101
   //SMS  1.7372E+01      1103  8.7080E-02      3021
 ##### @Element :Max/IdMax/Min/IdMin####
   //E11  2.0179E-03      3001 -2.0245E-03      1101
   //E22  5.6984E-04      1003 -5.6459E-04      3103
   //E33  5.6057E-04      1103 -5.6813E-04      3003
   //E12  1.0983E-04      1101 -1.0983E-04      1001
   //E23  5.9312E-05      3119 -5.9312E-05      3019
   //E13 -1.8404E-04      1001 -2.0662E-04      3119
   //S11  8.5435E+00      3001 -8.5798E+00      1101
   //S22  8.5650E-01      3001 -8.5491E-01      1001
   //S33  7.1675E-01      3001 -7.5089E-01      1001
   //S12  1.6897E-01      1101 -1.6897E-01      1001
   //S23  9.1250E-02      3119 -9.1250E-02      3019
   //S13 -2.8314E-01      1001 -3.1787E-01      3119
   //SMS  7.7989E+00      1101  7.1324E-01      1019
 ##### Global Summary :Max/Min####
   //U1   1.7982E-02 -2.7605E-02
   //U2   6.1187E-04 -6.1187E-04
   //U3   0.0000E+00 -2.9800E-01
   //E11  4.2767E-03 -4.2785E-03
   //E22  1.3184E-03 -1.3191E-03
   //E33  1.4549E-03 -1.4571E-03
   //E12  1.8055E-03 -1.8055E-03
   //E23  4.3714E-04 -4.3714E-04
   //E13  8.4300E-04 -1.1495E-03
   //S11  1.9927E+01 -1.9882E+01
   //S22  7.1885E+00 -7.1627E+00
   //S33  7.4452E+00 -7.4286E+00
   //S12  2.7777E+00 -2.7777E+00
   //S23  6.7252E-01 -6.7252E-01
   //S13  1.2969E+00 -1.7685E+00
   //SMS  1.7372E+01  8.7080E-02
 ##### @Element :Max/Min####
   //E11  2.0179E-03 -2.0245E-03
   //E22  5.6984E-04 -5.6459E-04
   //E33  5.6057E-04 -5.6813E-04
   //E12  1.0983E-04 -1.0983E-04
   //E23  5.9312E-05 -5.9312E-05
   //E13 -1.8404E-04 -2.0662E-04
   //S11  8.5435E+00 -8.5798E+00
   //S22  8.5650E-01 -8.5491E-01
   //S33  7.1675E-01 -7.5089E-01
   //S12  1.6897E-01 -1.6897E-01
   //S23  9.1250E-02 -9.1250E-02
   //S13 -2.8314E-01 -3.1787E-01
   //SMS  7.7989E+00  7.1324E-01
#### Result step=     4
 ##### Local Summary :Max/IdMax/Min/IdMin####
   //U1   2.2572E-02      5116 -3.9141E-02      1121
   //U2   8.1601E-04      1202 -8.1601E-04      1002
   //U3   0.0000E+00      1001 -3.9727E-01      5121
   //E11  5.6993E-03      5103 -5.7026E-03      1103
   //E22  1.7569E-03      1203 -1.7581E-03      5203
   //E33  1.9385E-03      1103 -1.9425E-03      5103
   //E12  2.4092E-03      1201 -2.4092E-03      1001
   //E23  5.8239E-04      3171 -5.8239E-04      3071
   //E13  1.1234E-03      3201 -1.5341E-03      5101
   //S11  2.6568E+01      5201 -2.6488E+01      1001
   //S22  9.5865E+00      5201 -9.5407E+00      1001
   //S33  9.9267E+00      5201 -9.8971E+00      1001
   //S12  3.7065E+00      1201 -3.7065E+00      1001
   //S23  8.9599E-01      3171 -8.9599E-01      3071
   //S13  1.7283E+00      3201 -2.3602E+00      5101
   //SMS  2.3156E+01      1103  1.2299E-01      3021
 ##### @Element :Max/IdMax/Min/IdMin####
   //E11  2.6879E-03      3101 -2.6997E-03      1001
   //E22  7.6059E-04      1103 -7.5126E-04      3003
   //E33  7.4540E-04      1103 -7.5884E-04      3003
   //E12  1.4663E-04      1101 -1.4663E-04      1001
   //E23  7.9260E-05      3119 -7.9260E-05      3019
   //E13 -2.4527E-04      1101 -2.7644E-04      3119
   //S11  1.1378E+01      3101 -1.1443E+01      1001
   //S22  1.1419E+00      3101 -1.1391E+00      1001
   //S33  9.4768E-01      3101 -1.0083E+00      1001
   //S12  2.2559E-01      1101 -2.2559E-01      1001
   //S23  1.2194E-01      3119 -1.2194E-01      3019
   //S13 -3.7735E-01      1101 -4.2529E-01      3119
   //SMS  1.0398E+01      1001  9.4403E-01      1119
 ##### Global Summary :Max/Min####
   //U1   2.2572E-02 -3.9141E-02
   //U2   8.1601E-04 -8.1601E-04
   //U3   0.0000E+00 -3.9727E-01
   //E11  5.6993E-03 -5.7026E-03
   //E22  1.7569E-03 -1.7581E-03
   //E33  1.9385E-03 -1.9425E-03
   //E12  2.4092E-03 -2.4092E-03
   //E23  5.8239E-04 -5.8239E-04
   //E13  1.1234E-03 -1.5341E-03
   //S11  2.6568E+01 -2.6488E+01
   //S22  9.5865E+00 -9.5407E+00
   //S33  9.9267E+00 -9.8971E+00
   //S12  3.7065E+00 -3.7065E+00
   //S23  8.9599E-01 -8.9599E-01
   //S13  1.7283E+00 -2.3602E+00
   //SMS  2.3156E+01  1.2299E-01
 ##### @Element :Max/Min####
   //E11  2.6879E-03 -2.6997E-03
   //E22  7.6059E-04 -7.5126E-04
   //E33  7.4540E-04 -7.5884E-04
   //E12  1.4663E-04 -1.4663E-04
   //E23  7.9260E-05 -7.9260E-05
   //E13 -2.4527E-04 -2.7644E-04
   //S11  1.1378E+01 -1.1443E+01
   //S22  1.1419E+00 -1.1391E+00
   //S33  9.4768E-01 -1.0083E+00
   //S12  2.2559E-01 -2.2559E-01
   //S23  1.2194E-01 -1.2194E-01
   //S13 -3.7735E-01 -4.2529E-01
   //SMS  1.0398E+01  9.4403E-01
#### Result step=     5
 ##### Local Summary :Max/IdMax/Min/IdMin####
   //U1   2.6720E-02      5065 -5.1824E-02      1121
   //U2   1.0201E-03      1202 -1.0201E-03      1002
   //U3   0.0000E+00      1001 -4.9642E-01      5121
   //E11  7.1196E-03      5103 -7.1247E-03      1103
   //E22  2.1947E-03      1203 -2.1966E-03      5203
   //E33  2.4211E-03      1103 -2.4274E-03      5103
   //E12  3.0135E-03      1201 -3.0135E-03      1001
   //E23  7.2725E-04      3171 -7.2725E-04      3071
   //E13  1.4033E-03      3201 -1.9193E-03      5101
   //S11  3.3206E+01      5201 -3.3080E+01      1001
   //S22  1.1984E+01      5201 -1.1913E+01      1001
   //S33  1.2406E+01      5201 -1.2360E+01      1001
   //S12  4.6362E+00      1201 -4.6362E+00      1001
   //S23  1.1188E+00      3171 -1.1188E+00      3071
   //S13  2.1589E+00      3201 -2.9528E+00      5101
   //SMS  2.8932E+01      1103  1.6409E-01      3021
 ##### @Element :Max/IdMax/Min/IdMin####
   //E11  3.3562E-03      3101 -3.3746E-03      1001
   //E22  9.5161E-04      1103 -9.3705E-04      3103
   //E33  9.2911E-04      1103 -9.5008E-04      3003
   //E12  1.8352E-04      1101 -1.8352E-04      1001
   //E23  9.9273E-05      3119 -9.9273E-05      3019
   //E13 -3.0646E-04      1101 -3.4665E-04      3019
   //S11  1.4205E+01      3101 -1.4306E+01      1001
   //S22  1.4270E+00      3101 -1.4226E+00      1001
   //S33  1.1745E+00      3101 -1.2692E+00      1001
   //S12  2.8233E-01      1101 -2.8233E-01      1001
   //S23  1.5273E-01      3119 -1.5273E-01      3019
   //S13 -4.7147E-01      1101 -5.3331E-01      3019
   //SMS  1.2996E+01      1001  1.1711E+00      1119
 ##### Global Summary :Max/Min####
   //U1   2.6720E-02 -5.1824E-02
   //U2   1.0201E-03 -1.0201E-03
   //U3   0.0000E+00 -4.9642E-01
   //E11  7.1196E-03 -7.1247E-03
   //E22  2.1947E-03 -2.1966E-03
   //E33  2.4211E-03 -2.4274E-03
   //E12  3.0135E-03 -3.0135E-03
   //E23  7.2725E-04 -7.2725E-04
   //E13  1.4033E-03 -1.9193E-03
   //S11  3.3206E+01 -3.3080E+01
   //S22  1.1984E+01 -1.1913E+01
   //S33  1.2406E+01 -1.2360E+01
   //S12  4.6362E+00 -4.6362E+00
   //S23  1.1188E+00 -1.1188E+00
   //S13  2.1589E+00 -2.9528E+00
   //SMS  2.8932E+01  1.6409E-01
 ##### @Element :Max/Min####
   //E11  3.3562E-03 -3.3746E-03
   //E22  9.5161E-04 -9.3705E-04
   //E33  9.2911E-04 -9.5008E-04
   //E12  1.8352E-04 -1.8352E-04
   //E23  9.9273E-05 -9.9273E-05
   //E13 -3.0646E-04 -3.4665E-04
   //S11  1.4205E+01 -1.4306E+01
   //S22  1.4270E+00 -1.4226E+00
   //S33  1.1745E+00 -1.2692E+00
   //S12  2.8233E-01 -2.8233E-01
   //S23  1.5273E-01 -1.5273E-01
   //S13 -4.7147E-01 -5.3331E-01
   //SMS  1.2996E+01  1.1711E+00
#### Result step=     6
 ##### Local Summary :Max/IdMax/Min/IdMin####
   //U1   3.0487E-02      5214 -6.5639E-02      1121
   //U2   1.2241E-03      1202 -1.2241E-03      1002
   //U3   0.0000E+00      1001 -5.9539E-01      5121
   //E11  8.5369E-03      5103 -8.5444E-03      1103
   //E22  2.6316E-03      1203 -2.6343E-03      5203
   //E33  2.9026E-03      1103 -2.9117E-03      5103
   //E12  3.6182E-03      1201 -3.6182E-03      1001
   //E23  8.7162E-04      3171 -8.7162E-04      3071
   //E13  1.6825E-03      3001 -2.3049E-03      5101
   //S11  3.9837E+01      5201 -3.9656E+01      1001
   //S22  1.4380E+01      5201 -1.4277E+01      1001
   //S33  1.4884E+01      5001 -1.4817E+01      1001
   //S12  5.5665E+00      1201 -5.5665E+00      1001
   //S23  1.3410E+00      3171 -1.3410E+00      3071
   //S13  2.5885E+00      3001 -3.5460E+00      5101
   //SMS  3.4698E+01      1103  2.1105E-01      3021
 ##### @Element :Max/IdMax/Min/IdMin####
   //E11  4.0226E-03      3001 -4.0490E-03      1101
   //E22  1.1428E-03      1103 -1.1219E-03      3103
   //E33  1.1116E-03      1103 -1.1418E-03      3003
   //E12  2.2046E-04      1101 -2.2046E-04      1001
   //E23  1.1934E-04      3119 -1.1934E-04      3019
   //E13 -3.6758E-04      1001 -4.1721E-04      3119
   //S11  1.7023E+01      3001 -1.7168E+01      1101
   //S22  1.7118E+00      3001 -1.7055E+00      1001
   //S33  1.3971E+00      3001 -1.5333E+00      1001
   //S12  3.3917E-01      1101 -3.3917E-01      1001
   //S23  1.8360E-01      3119 -1.8360E-01      3019
   //S13 -5.6551E-01      1001 -6.4187E-01      3119
   //SMS  1.5592E+01      1101  1.3944E+00      1019
 ##### Global Summary :Max/Min####
   //U1   3.0487E-02 -6.5639E-02
   //U2   1.2241E-03 -1.2241E-03
   //U3   0.0000E+00 -5.9539E-01
   //E11  8.5369E-03 -8.5444E-03
   //E22  2.6316E-03 -2.6343E-03
   //E33  2.9026E-03 -2.9117E-03
   //E12  3.6182E-03 -3.6182E-03
   //E23  8.7162E-04 -8.7162E-04
   //E13  1.6825E-03 -2.3049E-03
   //S11  3.9837E+01 -3.9656E+01
   //S22  1.4380E+01 -1.4277E+01
   //S33  1.4884E+01 -1.4817E+01
   //S12  5.5665E+00 -5.5665E+00
   //S23  1.3410E+00 -1.3410E+00
   //S13  2.5885E+00 -3.5460E+00
   //SMS  3.4698E+01  2.1105E-01
 ##### @Element :Max/Min####
   //E11  4.0226E-03 -4.0490E-03
   //E22  1.1428E-03 -1.1219E-03
   //E33  1.1116E-03 -1.1418E-03
   //E12  2.2046E-04 -2.2046E-04
   //E23  1.1934E-04 -1.1934E-04
   //E13 -3.6758E-04 -4.1721E-04
   //S11  1.7023E+01 -1.7168E+01
   //S22  1.7118E+00 -1.7055E+00
   //S33  1.3971E+00 -1.5333E+00
   //S12  3.3917E-01 -3.3917E-01
   //S23  1.8360E-01 -1.8360E-01
   //S13 -5.6551E-01 -6.4187E-01
   //SMS  1.5592E+01  1.3944E+00
#### Result step=     7
 ##### Local Summary :Max/IdMax/Min/IdMin####
   //U1   3.3939E-02      5013 -8.0568E-02      1121
   //U2   1.4279E-03      1202 -1.4279E-03      1002
   //U3   0.0000E+00      1001 -6.9411E-01      5121
   //E11  9.9509E-03      5103 -9.9610E-03      1103
   //E22  3.0674E-03      1203 -3.0710E-03      5203
   //E33  3.3828E-03      1103 -3.3952E-03      5103
   //E12  4.2230E-03      1201 -4.2230E-03      1001
   //E23  1.0154E-03      3171 -1.0154E-03      3071
   //E13  1.9610E-03      3001 -2.6908E-03      5101
   //S11  4.6459E+01      5201 -4.6214E+01      1001
   //S22  1.6774E+01      5201 -1.6635E+01      1001
   //S33  1.7358E+01      5001 -1.7268E+01      1001
   //S12  6.4970E+00      1201 -6.4970E+00      1001
   //S23  1.5622E+00      3171 -1.5622E+00      3071
   //S13  3.0169E+00      3001 -4.1397E+00      5101
   //SMS  4.0453E+01      1103  2.6429E-01      3021
 ##### @Element :Max/IdMax/Min/IdMin####
   //E11  4.6868E-03      3001 -4.7227E-03      1101
   //E22  1.3341E-03      1103 -1.3057E-03      3103
   //E33  1.2929E-03      1103 -1.3339E-03      3003
   //E12  2.5745E-04      1101 -2.5745E-04      1001
   //E23  1.3944E-04      3119 -1.3944E-04      3019
   //E13 -4.2865E-04      1001 -4.8807E-04      3019
   //S11  1.9831E+01      3001 -2.0027E+01      1001
   //S22  1.9962E+00      3001 -1.9876E+00      1001
   //S33  1.6156E+00      3001 -1.8005E+00      1001
   //S12  3.9607E-01      1101 -3.9607E-01      1001
   //S23  2.1453E-01      3119 -2.1453E-01      3019
   //S13 -6.5947E-01      1001 -7.5088E-01      3019
   //SMS  1.8184E+01      1101  1.6137E+00      1119
 ##### Global Summary :Max/Min####
   //U1   3.3939E-02 -8.0568E-02
   //U2   1.4279E-03 -1.4279E-03
   //U3   0.0000E+00 -6.9411E-01
   //E11  9.9509E-03 -9.9610E-03
   //E22  3.0674E-03 -3.0710E-03
   //E33  3.3828E-03 -3.3952E-03
   //E12  4.2230E-03 -4.2230E-03
   //E23  1.0154E-03 -1.0154E-03
   //E13  1.9610E-03 -2.6908E-03
   //S11  4.6459E+01 -4.6214E+01
   //S22  1.6774E+01 -1.6635E+01
   //S33  1.7358E+01 -1.7268E+01
   //S12  6.4970E+00 -6.4970E+00
   //S23  1.5622E+00 -1.5622E+00
   //S13  3.0169E+00 -4.1397E+00
   //SMS  4.0453E+01  2.6429E-01
 ##### @Element :Max/Min####
   //E11  4.6868E-03 -4.7227E-03
   //E22  1.3341E-03 -1.3057E-03
   //E33  1.2929E-03 -1.3339E-03
   //E12  2.5745E-04 -2.5745E-04
   //E23  1.3944E-04 -1.3944E-04
   //E13 -4.2865E-04 -4.8807E-04
   //S11  1.9831E+01 -2.0027E+01
   //S22  1.9962E+00 -1.9876E+00
   //S33  1.6156E+00 -1.8005E+00
   //S12  3.9607E-01 -3.9607E-01
   //S23  2.1453E-01 -2.1453E-01
   //S13 -6.5947E-01 -7.5088E-01
   //SMS  1.8184E+01  1.6137E+00
#### Result step=     8
 ##### Local Summary :Max/IdMax/Min/IdMin####
   //U1   3.7198E-02      5013 -9.6592E-02      1121
   //U2   1.6315E-03      1202 -1.6315E-03      1002
   //U3   0.0000E+00      1001 -7.9253E-01      5121
   //E11  1.1361E-02      5103 -1.1374E-02      1103
   //E22  3.5019E-03      1203 -3.5067E-03      5203
   //E33  3.8615E-03      1103 -3.8776E-03      5103
   //E12  4.8278E-03      1201 -4.8278E-03      1001
   //E23  1.1585E-03      3171 -1.1585E-03      3071
   //E13  2.2386E-03      3001 -3.0769E-03      5101
   //S11  5.3070E+01      5001 -5.2751E+01      1001
   //S22  1.9166E+01      5001 -1.8983E+01      1001
   //S33  1.9828E+01      5001 -1.9710E+01      1001
   //S12  7.4273E+00      1201 -7.4273E+00      1001
   //S23  1.7823E+00      3171 -1.7823E+00      3071
   //S13  3.4440E+00      3001 -4.7337E+00      5101
   //SMS  4.6194E+01      1103  3.1706E-01      3101
 ##### @Element :Max/IdMax/Min/IdMin####
   //E11  5.3486E-03      3001 -5.3954E-03      1101
   //E22  1.5255E-03      1103 -1.4884E-03      3103
   //E33  1.4728E-03      1103 -1.5262E-03      3003
   //E12  2.9447E-04      1101 -2.9447E-04      1001
   //E23  1.5957E-04      3119 -1.5957E-04      3019
   //E13 -4.8967E-04      1001 -5.5919E-04      3019
   //S11  2.2627E+01      3001 -2.2884E+01      1101
   //S22  2.2801E+00      3001 -2.2689E+00      1001
   //S33  1.8297E+00      3001 -2.0709E+00      1001
   //S12  4.5303E-01      1101 -4.5303E-01      1001
   //S23  2.4550E-01      3119 -2.4550E-01      3019
   //S13 -7.5334E-01      1001 -8.6029E-01      3019
   //SMS  2.0772E+01      1101  1.8289E+00      1019
 ##### Global Summary :Max/Min####
   //U1   3.7198E-02 -9.6592E-02
   //U2   1.6315E-03 -1.6315E-03
   //U3   0.0000E+00 -7.9253E-01
   //E11  1.1361E-02 -1.1374E-02
   //E22  3.5019E-03 -3.5067E-03
   //E33  3.8615E-03 -3.8776E-03
   //E12  4.8278E-03 -4.8278E-03
   //E23  1.1585E-03 -1.1585E-03
   //E13  2.2386E-03 -3.0769E-03
   //S11  5.3070E+01 -5.2751E+01
   //S22  1.9166E+01 -1.8983E+01
   //S33  1.9828E+01 -1.9710E+01
   //S12  7.4273E+00 -7.4273E+00
   //S23  1.7823E+00 -1.7823E+00
   //S13  3.4440E+00 -4.7337E+00
   //SMS  4.6194E+01  3.1706E-01
 ##### @Element :Max/Min####
   //E11  5.3486E-03 -5.3954E-03
   //E22  1.5255E-03 -1.4884E-03
   //E33  1.4728E-03 -1.5262E-03
   //E12  2.9447E-04 -2.9447E-04
   //E23  1.5957E-04 -1.5957E-04
   //E13 -4.8967E-04 -5.5919E-04
   //S11  2.2627E+01 -2.2884E+01
   //S22  2.2801E+00 -2.2689E+00
   //S33  1.8297E+00 -2.0709E+00
   //S12  4.5303E-01 -4.5303E-01
   //S23  2.4550E-01 -2.4550E-01
   //S13 -7.5334E-01 -8.6029E-01
   //SMS  2.0772E+01  1.8289E+00
#### Result step=     9
 ##### Local Summary :Max/IdMax/Min/IdMin####
   //U1   4.0199E-02      5212 -1.1369E-01      1121
   //U2   1.8347E-03      1202 -1.8347E-03      1002
   //U3   0.0000E+00      1001 -8.9060E-01      5121
   //E11  1.2767E-02      5103 -1.2783E-02      1103
   //E22  3.9351E-03      1003 -3.9412E-03      5203
   //E33  4.3386E-03      1103 -4.3589E-03      5103
   //E12  5.4322E-03      1201 -5.4322E-03      1001
   //E23  1.3009E-03      3171 -1.3009E-03      3071
   //E13  2.5152E-03      3001 -3.4632E-03      5101
   //S11  5.9669E+01      5201 -5.9265E+01      1001
   //S22  2.1553E+01      5201 -2.1323E+01      1001
   //S33  2.2293E+01      5201 -2.2144E+01      1001
   //S12  8.3573E+00      1201 -8.3573E+00      1001
   //S23  2.0013E+00      3171 -2.0013E+00      3071
   //S13  3.8695E+00      3001 -5.3280E+00      5101
   //SMS  5.1919E+01      1103  3.7282E-01      3101
 ##### @Element :Max/IdMax/Min/IdMin####
   //E11  6.0078E-03      3101 -6.0670E-03      1001
   //E22  1.7168E-03      1003 -1.6700E-03      3103
   //E33  1.6514E-03      1003 -1.7188E-03      3103
   //E12  3.3151E-04      1101 -3.3151E-04      1001
   //E23  1.7972E-04      3119 -1.7972E-04      3019
   //E13 -5.5063E-04      1101 -6.3051E-04      3019
   //S11  2.5412E+01      3101 -2.5736E+01      1001
   //S22  2.5634E+00      3101 -2.5492E+00      1001
   //S33  2.0395E+00      3101 -2.3441E+00      1001
   //S12  5.1001E-01      1101 -5.1001E-01      1001
   //S23  2.7649E-01      3119 -2.7649E-01      3019
   //S13 -8.4712E-01      1101 -9.7001E-01      3019
   //SMS  2.3354E+01      1001  2.0400E+00      1119
 ##### Global Summary :Max/Min####
   //U1   4.0199E-02 -1.1369E-01
   //U2   1.8347E-03 -1.8347E-03
   //U3   0.0000E+00 -8.9060E-01
   //E11  1.2767E-02 -1.2783E-02
   //E22  3.9351E-03 -3.9412E-03
   //E33  4.3386E-03 -4.3589E-03
   //E12  5.4322E-03 -5.4322E-03
   //E23  1.3009E-03 -1.3009E-03
   //E13  2.5152E-03 -3.4632E-03
   //S11  5.9669E+01 -5.9265E+01
   //S22  2.1553E+01 -2.1323E+01
   //S33  2.2293E+01 -2.2144E+01
   //S12  8.3573E+00 -8.3573E+00
   //S23  2.0013E+00 -2.0013E+00
   //S13  3.8695E+00 -5.3280E+00
   //SMS  5.1919E+01  3.7282E-01
 ##### @Element :Max/Min####
   //E11  6.0078E-03 -6.0670E-03
   //E22  1.7168E-03 -1.6700E-03
   //E33  1.6514E-03 -1.7188E-03
   //E12  3.3151E-04 -3.3151E-04
   //E23  1.7972E-04 -1.7972E-04
   //E13 -5.5063E-04 -6.3051E-04
   //S11  2.5412E+01 -2.5736E+01
   //S22  2.5634E+00 -2.5492E+00
   //S33  2.0395E+00 -2.3441E+00
   //S12  5.1001E-01 -5.1001E-01
   //S23  2.7649E-01 -2.7649E-01
   //S13 -8.4712E-01 -9.7001E-01
   //SMS  2.3354E+01  2.0400E+00
#### Result step=    10
 ##### Local Summary :Max/IdMax/Min/IdMin####
   //U1   4.3050E-02      5012 -1.3183E-01      1121
   //U2   2.0375E-03      1202 -2.0375E-03      1002
   //U3   0.0000E+00      1001 -9.8826E-01      5121
   //E11  1.4168E-02      5103 -1.4188E-02      1103
   //E22  4.3668E-03      1203 -4.3743E-03      5203
   //E33  4.8138E-03      1103 -4.8389E-03      5103
   //E12  6.0362E-03      1201 -6.0362E-03      1001
   //E23  1.4424E-03      3171 -1.4424E-03      3071
   //E13  2.7906E-03      3201 -3.8494E-03      5101
   //S11  6.6252E+01      5001 -6.5754E+01      1001
   //S22  2.3936E+01      5001 -2.3653E+01      1001
   //S33  2.4752E+01      5001 -2.4569E+01      1001
   //S12  9.2865E+00      1201 -9.2865E+00      1001
   //S23  2.2190E+00      3171 -2.2190E+00      3071
   //S13  4.2933E+00      3201 -5.9222E+00      5101
   //SMS  5.7627E+01      1103  4.3326E-01      3101
 ##### @Element :Max/IdMax/Min/IdMin####
   //E11  6.6642E-03      3001 -6.7370E-03      1101
   //E22  1.9080E-03      1103 -1.8504E-03      3103
   //E33  1.8285E-03      1103 -1.9116E-03      3003
   //E12  3.6855E-04      1101 -3.6855E-04      1001
   //E23  1.9986E-04      3119 -1.9986E-04      3019
   //E13 -6.1154E-04      1101 -7.0198E-04      3019
   //S11  2.8184E+01      3001 -2.8583E+01      1101
   //S22  2.8459E+00      3001 -2.8285E+00      1001
   //S33  2.2449E+00      3001 -2.6202E+00      1001
   //S12  5.6700E-01      1101 -5.6700E-01      1001
   //S23  3.0748E-01      3119 -3.0748E-01      3019
   //S13 -9.4083E-01      1101 -1.0800E+00      3019
   //SMS  2.5930E+01      1101  2.2469E+00      1119
 ##### Global Summary :Max/Min####
   //U1   4.3050E-02 -1.3183E-01
   //U2   2.0375E-03 -2.0375E-03
   //U3   0.0000E+00 -9.8826E-01
   //E11  1.4168E-02 -1.4188E-02
   //E22  4.3668E-03 -4.3743E-03
   //E33  4.8138E-03 -4.8389E-03
   //E12  6.0362E-03 -6.0362E-03
   //E23  1.4424E-03 -1.4424E-03
   //E13  2.7906E-03 -3.8494E-03
   //S11  6.6252E+01 -6.5754E+01
   //S22  2.3936E+01 -2.3653E+01
   //S33  2.4752E+01 -2.4569E+01
   //S12  9.2865E+00 -9.2865E+00
   //S23  2.2190E+00 -2.2190E+00
   //S13  4.2933E+00 -5.9222E+00
   //SMS  5.7627E+01  4.3326E-01
 ##### @Element :Max/Min####
   //E11  6.6642E-03 -6.7370E-03
   //E22  1.9080E-03 -1.8504E-03
   //E33  1.8285E-03 -1.9116E-03
   //E12  3.6855E-04 -3.6855E-04
   //E23  1.9986E-04 -1.9986E-04
   //E13 -6.1154E-04 -7.0198E-04
   //S11  2.8184E+01 -2.8583E+01
   //S22  2.8459E+00 -2.8285E+00
   //S33  2.2449E+00 -2.6202E+00
   //S12  5.6700E-01 -5.6700E-01
   //S23  3.0748E-01 -3.0748E-01
   //S13 -9.4083E-01 -1.0800E+00
   //SMS  2.5930E+01  2.2469E+00
