 fstr_setup: OK
#### Result step=     1
 ##### Local Summary :Max/IdMax/Min/IdMin####
   //U1   2.6338E-03        21  0.0000E+00         1
   //U2   3.1705E-05         3 -2.8073E-04       215
   //E11  3.9100E-04       203  2.9926E-05       221
   //E22  0.0000E+00         1 -1.1531E-04       203
   //E12  0.0000E+00         1  0.0000E+00         1
   //S11  1.6239E+00       201  1.2115E-01       221
   //S22  4.6712E-01         1 -1.7650E-02        21
   //S12  0.0000E+00         1  0.0000E+00         1
   //SMS  1.5649E+00       203  1.2418E-01       221
 ##### @Element :Max/IdMax/Min/IdMin####
   //E11  4.0174E-04       102  2.9926E-05       120
   //E22  0.0000E+00         1 -1.1637E-04       102
   //E12  0.0000E+00         1  0.0000E+00         1
   //S11  1.6354E+00       101  1.2115E-01       120
   //S22  4.9062E-01       101 -4.0667E-02       119
   //S12  0.0000E+00         1  0.0000E+00         1
   //SMS  1.6206E+00       102  1.2418E-01       120
 ##### Global Summary :Max/Min####
   //U1   2.6338E-03  0.0000E+00
   //U2   3.1705E-05 -2.8073E-04
   //E11  3.9100E-04  2.9926E-05
   //E22  0.0000E+00 -1.1531E-04
   //E12  0.0000E+00  0.0000E+00
   //S11  1.6239E+00  1.2115E-01
   //S22  4.6712E-01 -1.7650E-02
   //S12  0.0000E+00  0.0000E+00
   //SMS  1.5649E+00  1.2418E-01
 ##### @Element :Max/Min####
   //E11  4.0174E-04  2.9926E-05
   //E22  0.0000E+00 -1.1637E-04
   //E12  0.0000E+00  0.0000E+00
   //S11  1.6354E+00  1.2115E-01
   //S22  4.9062E-01 -4.0667E-02
   //S12  0.0000E+00  0.0000E+00
   //SMS  1.6206E+00  1.2418E-01
