 fstr_setup: OK
#### Result step=     1
 ##### Local Summary :Max/IdMax/Min/IdMin####
   //U1   2.6284E-03       121  0.0000E+00         1
   //U2   5.4458E-05         3 -6.7303E-05       203
   //E11  4.0912E-04       202  3.8106E-05        70
   //E22 -1.1399E-05       170 -2.1193E-04         1
   //E12  5.1292E-05       101 -6.2710E-05         1
   //S11  1.6443E+00       202  1.5245E-01        70
   //S22  2.3837E-01        52 -4.0324E-01         1
   //S12  7.8910E-02       101 -9.6477E-02         1
   //SMS  1.7272E+00         1  1.5241E-01        70
 ##### @Element :Max/IdMax/Min/IdMin####
   //E11  3.9380E-04         2  2.5634E-05       120
   //E22 -7.7049E-06       120 -1.1972E-04         3
   //E12  3.6578E-05         1 -3.2096E-05       101
   //S11  1.5883E+00         2  1.0251E-01       120
   //S22  2.0152E-01       101 -1.2862E-02         3
   //S12  5.6274E-02         1 -4.9378E-02       101
   //SMS  1.5679E+00       102  1.0255E-01       120
 ##### Global Summary :Max/Min####
   //U1   2.6284E-03  0.0000E+00
   //U2   5.4458E-05 -6.7303E-05
   //E11  4.0912E-04  3.8106E-05
   //E22 -1.1399E-05 -2.1193E-04
   //E12  5.1292E-05 -6.2710E-05
   //S11  1.6443E+00  1.5245E-01
   //S22  2.3837E-01 -4.0324E-01
   //S12  7.8910E-02 -9.6477E-02
   //SMS  1.7272E+00  1.5241E-01
 ##### @Element :Max/Min####
   //E11  3.9380E-04  2.5634E-05
   //E22 -7.7049E-06 -1.1972E-04
   //E12  3.6578E-05 -3.2096E-05
   //S11  1.5883E+00  1.0251E-01
   //S22  2.0152E-01 -1.2862E-02
   //S12  5.6274E-02 -4.9378E-02
   //SMS  1.5679E+00  1.0255E-01
