 fstr_setup: OK
#### Result step=     1
 ##### Local Summary :Max/IdMax/Min/IdMin####
   //U1   2.6238E-03       121  0.0000E+00         1
   //U2   6.9102E-05         3 -6.9102E-05       203
   //E11  3.8492E-04       103  3.8663E-05       121
   //E22  0.0000E+00       201 -1.3820E-04       203
   //E12  6.9102E-05         1 -6.9102E-05       201
   //S11  1.6876E+00       201  1.6040E-01       121
   //S22  5.0627E-01       201 -1.0231E-01       203
   //S12  1.0631E-01         1 -1.0631E-01       201
   //SMS  1.5620E+00       103  1.5173E-01       121
 ##### @Element :Max/IdMax/Min/IdMin####
   //E11  3.8877E-04       103  3.9012E-05        19
   //E22 -1.4133E-05        19 -1.2482E-04       103
   //E12  2.5188E-05         1 -2.5188E-05       101
   //S11  1.5759E+00         1  1.5284E-01       119
   //S22  1.9636E-01         1 -3.6014E-02       103
   //S12  3.8751E-02         1 -3.8751E-02       101
   //SMS  1.5629E+00       103  1.5846E-01        19
 ##### Global Summary :Max/Min####
   //U1   2.6238E-03  0.0000E+00
   //U2   6.9102E-05 -6.9102E-05
   //E11  3.8492E-04  3.8663E-05
   //E22  0.0000E+00 -1.3820E-04
   //E12  6.9102E-05 -6.9102E-05
   //S11  1.6876E+00  1.6040E-01
   //S22  5.0627E-01 -1.0231E-01
   //S12  1.0631E-01 -1.0631E-01
   //SMS  1.5620E+00  1.5173E-01
 ##### @Element :Max/Min####
   //E11  3.8877E-04  3.9012E-05
   //E22 -1.4133E-05 -1.2482E-04
   //E12  2.5188E-05 -2.5188E-05
   //S11  1.5759E+00  1.5284E-01
   //S22  1.9636E-01 -3.6014E-02
   //S12  3.8751E-02 -3.8751E-02
   //SMS  1.5629E+00  1.5846E-01
