 fstr_setup: OK
#### Result step=     1
 ##### Local Summary :Max/IdMax/Min/IdMin####
   //U1   2.6292E-03       121  0.0000E+00         1
   //U2   5.7880E-05         4 -5.7880E-05       204
   //E11  4.0821E-04       103  6.5361E-07       121
   //E22 -1.8768E-07       221 -1.2658E-04       103
   //E12  1.6167E-04         1 -1.6167E-04       201
   //S11  1.7069E+00         1  2.5722E-03       121
   //S22  4.2090E-01       201 -4.7496E-02         3
   //S12  2.4872E-01         1 -2.4872E-01       201
   //SMS  1.6365E+00       103  2.6395E-03       221
 ##### @Element :Max/IdMax/Min/IdMin####
   //E11  3.8721E-04       101  3.8207E-05       119
   //E22 -1.1454E-05       119 -1.1525E-04         3
   //E12  1.6490E-05         1 -1.6490E-05       101
   //S11  1.5812E+00       101  1.5284E-01        19
   //S22  1.0780E-01       101  8.8469E-07         7
   //S12  2.5370E-02         1 -2.5370E-02       101
   //SMS  1.5429E+00       103  1.5282E-01       119
 ##### Global Summary :Max/Min####
   //U1   2.6292E-03  0.0000E+00
   //U2   5.7880E-05 -5.7880E-05
   //E11  4.0821E-04  6.5361E-07
   //E22 -1.8768E-07 -1.2658E-04
   //E12  1.6167E-04 -1.6167E-04
   //S11  1.7069E+00  2.5722E-03
   //S22  4.2090E-01 -4.7496E-02
   //S12  2.4872E-01 -2.4872E-01
   //SMS  1.6365E+00  2.6395E-03
 ##### @Element :Max/Min####
   //E11  3.8721E-04  3.8207E-05
   //E22 -1.1454E-05 -1.1525E-04
   //E12  1.6490E-05 -1.6490E-05
   //S11  1.5812E+00  1.5284E-01
   //S22  1.0780E-01  8.8469E-07
   //S12  2.5370E-02 -2.5370E-02
   //SMS  1.5429E+00  1.5282E-01
