 fstr_setup: OK
#### Result step=     1
 ##### Local Summary :Max/IdMax/Min/IdMin####
   //U1   2.6176E-03      1221  0.0000E+00      1001
   //U2   7.7590E-05      5009 -4.6620E-05      1203
   //U3   3.2234E-05      1203 -3.7190E-04      5215
   //E11  3.8186E-04      5103  2.8322E-05      5021
   //E22  0.0000E+00      1201 -1.1014E-04      5003
   //E33  0.0000E+00      1201 -1.2534E-04      5203
   //E12  3.8211E-05      5001 -4.6620E-05      1201
   //E23  3.5370E-05      1001 -2.3963E-05      5001
   //E13  3.2234E-05      1201 -2.7064E-05      5201
   //S11  1.7207E+00      5001  1.1387E-01      5021
   //S22  7.1105E-01      1201 -3.3737E-02      1221
   //S33  7.1105E-01      1201 -2.5358E-02      1221
   //S12  5.8786E-02      5001 -7.1723E-02      1201
   //S23  5.4415E-02      1001 -3.6867E-02      5001
   //S13  4.9591E-02      1201 -4.1636E-02      5201
   //SMS  1.5186E+00      5003  1.1630E-01      5021
 ##### @Element :Max/IdMax/Min/IdMin####
   //E11  3.8763E-04        10  2.8322E-05       179
   //E22  0.0000E+00         2 -1.1191E-04         7
   //E33  0.0000E+00         2 -1.3466E-04       184
   //E12  5.5115E-05       123 -4.6620E-05        62
   //E23  1.0611E-04         1 -8.9951E-05        66
   //E13  3.5154E-05         1 -3.4750E-05       123
   //S11  1.8524E+00       123  1.0949E-01       180
   //S22  7.9391E-01       123 -8.0438E-02        56
   //S33  7.9391E-01       123 -1.2322E-01        64
   //S12  8.4792E-02       123 -7.1723E-02        62
   //S23  1.6325E-01         1 -1.3839E-01        66
   //S13  5.4083E-02         1 -5.3461E-02       123
   //SMS  1.5523E+00       187  1.1630E-01       179
 ##### Global Summary :Max/Min####
   //U1   2.6176E-03  0.0000E+00
   //U2   7.7590E-05 -4.6620E-05
   //U3   3.2234E-05 -3.7190E-04
   //E11  3.8186E-04  2.8322E-05
   //E22  0.0000E+00 -1.1014E-04
   //E33  0.0000E+00 -1.2534E-04
   //E12  3.8211E-05 -4.6620E-05
   //E23  3.5370E-05 -2.3963E-05
   //E13  3.2234E-05 -2.7064E-05
   //S11  1.7207E+00  1.1387E-01
   //S22  7.1105E-01 -3.3737E-02
   //S33  7.1105E-01 -2.5358E-02
   //S12  5.8786E-02 -7.1723E-02
   //S23  5.4415E-02 -3.6867E-02
   //S13  4.9591E-02 -4.1636E-02
   //SMS  1.5186E+00  1.1630E-01
 ##### @Element :Max/Min####
   //E11  3.8763E-04  2.8322E-05
   //E22  0.0000E+00 -1.1191E-04
   //E33  0.0000E+00 -1.3466E-04
   //E12  5.5115E-05 -4.6620E-05
   //E23  1.0611E-04 -8.9951E-05
   //E13  3.5154E-05 -3.4750E-05
   //S11  1.8524E+00  1.0949E-01
   //S22  7.9391E-01 -8.0438E-02
   //S33  7.9391E-01 -1.2322E-01
   //S12  8.4792E-02 -7.1723E-02
   //S23  1.6325E-01 -1.3839E-01
   //S13  5.4083E-02 -5.3461E-02
   //SMS  1.5523E+00  1.1630E-01
