 fstr_setup: OK
#### Result step=     1
 ##### Local Summary :Max/IdMax/Min/IdMin####
   //U1   2.6290E-03      3121  0.0000E+00      1001
   //U2   6.6726E-05      1003 -6.4801E-05      1203
   //U3   4.7360E-05      1103 -7.3565E-05      5203
   //E11  4.4272E-04      1201  7.5898E-08      5021
   //E22  8.6333E-06      2001 -1.6173E-04      1203
   //E33  5.7320E-06      4051 -1.5593E-04      1203
   //E12  3.5509E-04      4001 -3.5459E-04      2201
   //E23  3.2557E-05      4201 -3.3942E-05      5051
   //E13  3.9038E-04      1001 -2.3968E-04      5201
   //S11  2.3839E+00      1201  4.8600E-04      5021
   //S22  1.0217E+00      1201 -3.1051E-01      1203
   //S33  1.0217E+00      1201 -2.9268E-01      1203
   //S12  5.4629E-01      4001 -5.4552E-01      2201
   //S23  5.0088E-02      4201 -5.2218E-02      5051
   //S13  6.0058E-01      1001 -3.6874E-01      5201
   //SMS  1.7603E+00      1103  5.9558E-04      5021
 ##### @Element :Max/IdMax/Min/IdMin####
   //E11  4.1040E-04        65  1.9096E-05       179
   //E22 -5.1699E-06       178 -1.2361E-04         8
   //E33 -5.7493E-06       118 -1.3060E-04       186
   //E12  1.6013E-04       123 -1.5422E-04       182
   //E23  2.4748E-05        62 -1.1054E-05         1
   //E13  1.7100E-04         2 -1.5016E-04       183
   //S11  1.6926E+00       182  7.6935E-02       179
   //S22  4.1693E-01       123 -2.8255E-02         8
   //S33  4.5548E-01       123 -2.3098E-02        69
   //S12  2.4635E-01       123 -2.3726E-01       182
   //S23  3.8073E-02        62 -1.7007E-02         1
   //S13  2.6308E-01         2 -2.3101E-01       183
   //SMS  1.6116E+00        65  7.6029E-02       179
 ##### Global Summary :Max/Min####
   //U1   2.6290E-03  0.0000E+00
   //U2   6.6726E-05 -6.4801E-05
   //U3   4.7360E-05 -7.3565E-05
   //E11  4.4272E-04  7.5898E-08
   //E22  8.6333E-06 -1.6173E-04
   //E33  5.7320E-06 -1.5593E-04
   //E12  3.5509E-04 -3.5459E-04
   //E23  3.2557E-05 -3.3942E-05
   //E13  3.9038E-04 -2.3968E-04
   //S11  2.3839E+00  4.8600E-04
   //S22  1.0217E+00 -3.1051E-01
   //S33  1.0217E+00 -2.9268E-01
   //S12  5.4629E-01 -5.4552E-01
   //S23  5.0088E-02 -5.2218E-02
   //S13  6.0058E-01 -3.6874E-01
   //SMS  1.7603E+00  5.9558E-04
 ##### @Element :Max/Min####
   //E11  4.1040E-04  1.9096E-05
   //E22 -5.1699E-06 -1.2361E-04
   //E33 -5.7493E-06 -1.3060E-04
   //E12  1.6013E-04 -1.5422E-04
   //E23  2.4748E-05 -1.1054E-05
   //E13  1.7100E-04 -1.5016E-04
   //S11  1.6926E+00  7.6935E-02
   //S22  4.1693E-01 -2.8255E-02
   //S33  4.5548E-01 -2.3098E-02
   //S12  2.4635E-01 -2.3726E-01
   //S23  3.8073E-02 -1.7007E-02
   //S13  2.6308E-01 -2.3101E-01
   //SMS  1.6116E+00  7.6029E-02
