 fstr_setup: OK
#### Result step=     1
 ##### Local Summary :Max/IdMax/Min/IdMin####
   //U1   2.6257E-03      1221  0.0000E+00      1001
   //U2   9.6646E-05      1003 -1.4353E-04      1221
   //U3   2.4530E-05      1103 -3.4408E-04      5215
   //E11  3.8966E-04      5203  2.9976E-05      5021
   //E22 -8.4478E-06      5021 -1.2433E-04      1205
   //E33  0.0000E+00      1001 -1.1486E-04      5203
   //E12  3.6336E-05      1001 -4.0521E-05      1201
   //E23  5.9910E-06      1001 -8.1143E-06      1201
   //E13  2.0036E-05      1001 -2.1135E-05      5201
   //S11  1.6701E+00      5201  1.2312E-01      5021
   //S22  3.9079E-01      1201 -3.6816E-02      1205
   //S33  5.9659E-01      1201 -2.2627E-02      1221
   //S12  5.5901E-02      1001 -6.2341E-02      1201
   //S23  9.2169E-03      1001 -1.2484E-02      1201
   //S13  3.0825E-02      1001 -3.2515E-02      5201
   //SMS  1.5588E+00      5203  1.1921E-01      5021
 ##### @Element :Max/IdMax/Min/IdMin####
   //E11  3.9404E-04      1104  2.9976E-05      3020
   //E22 -7.5049E-06      1020 -1.5301E-04      1103
   //E33  0.0000E+00      1001 -1.1639E-04      1104
   //E12  3.7352E-05      3001 -4.0521E-05      1101
   //E23  9.2512E-06      3103 -1.2595E-05      3003
   //E13  2.2210E-05      1002 -3.0170E-05      3101
   //S11  1.7527E+00      3101  1.2312E-01      3020
   //S22  4.9353E-01      3101 -1.4940E-01      1103
   //S33  6.7388E-01      3101 -5.1732E-02      1119
   //S12  5.7465E-02      3001 -6.2341E-02      1101
   //S23  1.4233E-02      3103 -1.9377E-02      3003
   //S13  3.4169E-02      1002 -4.6415E-02      3101
   //SMS  1.6042E+00      3103  1.1921E-01      3020
 ##### Global Summary :Max/Min####
   //U1   2.6257E-03  0.0000E+00
   //U2   9.6646E-05 -1.4353E-04
   //U3   2.4530E-05 -3.4408E-04
   //E11  3.8966E-04  2.9976E-05
   //E22 -8.4478E-06 -1.2433E-04
   //E33  0.0000E+00 -1.1486E-04
   //E12  3.6336E-05 -4.0521E-05
   //E23  5.9910E-06 -8.1143E-06
   //E13  2.0036E-05 -2.1135E-05
   //S11  1.6701E+00  1.2312E-01
   //S22  3.9079E-01 -3.6816E-02
   //S33  5.9659E-01 -2.2627E-02
   //S12  5.5901E-02 -6.2341E-02
   //S23  9.2169E-03 -1.2484E-02
   //S13  3.0825E-02 -3.2515E-02
   //SMS  1.5588E+00  1.1921E-01
 ##### @Element :Max/Min####
   //E11  3.9404E-04  2.9976E-05
   //E22 -7.5049E-06 -1.5301E-04
   //E33  0.0000E+00 -1.1639E-04
   //E12  3.7352E-05 -4.0521E-05
   //E23  9.2512E-06 -1.2595E-05
   //E13  2.2210E-05 -3.0170E-05
   //S11  1.7527E+00  1.2312E-01
   //S22  4.9353E-01 -1.4940E-01
   //S33  6.7388E-01 -5.1732E-02
   //S12  5.7465E-02 -6.2341E-02
   //S23  1.4233E-02 -1.9377E-02
   //S13  3.4169E-02 -4.6415E-02
   //SMS  1.6042E+00  1.1921E-01
