 fstr_setup: OK
#### Result step=     1
 ##### Local Summary :Max/IdMax/Min/IdMin####
   //U1   2.6170E-03      3121  0.0000E+00      1001
   //U2   6.9055E-05      1002 -6.8757E-05      1202
   //U3   5.6582E-05      1003 -7.0035E-05      5103
   //E11  4.3224E-04      1103  1.1958E-07      5121
   //E22  6.3342E-07      3121 -1.3891E-04      1103
   //E33  2.4094E-08      4021 -1.5611E-04      1003
   //E12  2.1591E-04      1001 -2.1523E-04      1201
   //E23  2.7617E-05      5202 -2.7599E-05      5002
   //E13  1.4424E-04      1101 -1.0260E-04      5201
   //S11  1.8253E+00      1001  1.1124E-03      5021
   //S22  6.1028E-01      4201 -1.8061E-01      1003
   //S33  7.2513E-01      1001 -2.3756E-01      1003
   //S12  3.3216E-01      1001 -3.3113E-01      1201
   //S23  4.2488E-02      5202 -4.2459E-02      5002
   //S13  2.2190E-01      1101 -1.5784E-01      5201
   //SMS  1.7856E+00      1103  8.5556E-04      5021
 ##### @Element :Max/IdMax/Min/IdMin####
   //E11  3.9452E-04      1102  2.5418E-05      3020
   //E22 -7.1742E-06      3020 -1.2168E-04      1102
   //E33 -7.6984E-06      1120 -1.2141E-04      1003
   //E12  3.8715E-05      3001 -3.8989E-05      3101
   //E23  4.0023E-06      3102 -4.9918E-06      3002
   //E13  3.9400E-05      1001 -3.4521E-05      3101
   //S11  1.5932E+00      1102  1.0237E-01      3120
   //S22  2.1323E-01      3101  1.5539E-03      3106
   //S33  2.6557E-01      3001 -1.2913E-02      1003
   //S12  5.9562E-02      3001 -5.9982E-02      3101
   //S23  6.1574E-03      3102 -7.6798E-03      3002
   //S13  6.0616E-02      1001 -5.3109E-02      3101
   //SMS  1.5687E+00      1102  1.0114E-01      3020
 ##### Global Summary :Max/Min####
   //U1   2.6170E-03  0.0000E+00
   //U2   6.9055E-05 -6.8757E-05
   //U3   5.6582E-05 -7.0035E-05
   //E11  4.3224E-04  1.1958E-07
   //E22  6.3342E-07 -1.3891E-04
   //E33  2.4094E-08 -1.5611E-04
   //E12  2.1591E-04 -2.1523E-04
   //E23  2.7617E-05 -2.7599E-05
   //E13  1.4424E-04 -1.0260E-04
   //S11  1.8253E+00  1.1124E-03
   //S22  6.1028E-01 -1.8061E-01
   //S33  7.2513E-01 -2.3756E-01
   //S12  3.3216E-01 -3.3113E-01
   //S23  4.2488E-02 -4.2459E-02
   //S13  2.2190E-01 -1.5784E-01
   //SMS  1.7856E+00  8.5556E-04
 ##### @Element :Max/Min####
   //E11  3.9452E-04  2.5418E-05
   //E22 -7.1742E-06 -1.2168E-04
   //E33 -7.6984E-06 -1.2141E-04
   //E12  3.8715E-05 -3.8989E-05
   //E23  4.0023E-06 -4.9918E-06
   //E13  3.9400E-05 -3.4521E-05
   //S11  1.5932E+00  1.0237E-01
   //S22  2.1323E-01  1.5539E-03
   //S33  2.6557E-01 -1.2913E-02
   //S12  5.9562E-02 -5.9982E-02
   //S23  6.1574E-03 -7.6798E-03
   //S13  6.0616E-02 -5.3109E-02
   //SMS  1.5687E+00  1.0114E-01
