 fstr_setup: OK
#### Result step=     1
 ##### Local Summary :Max/IdMax/Min/IdMin####
   //U1   2.6034E-03      3121  0.0000E+00      1001
   //U2   7.2106E-05      3003 -7.2106E-05      3203
   //U3   7.2413E-05      1103 -7.2413E-05      5103
   //E11  4.1775E-04      3103  3.2851E-05      3121
   //E22  2.9639E-06      1101 -1.4505E-04      3103
   //E33  2.9776E-06      3001 -1.4566E-04      3103
   //E12  2.2488E-05      3001 -2.2488E-05      3201
   //E23  6.1478E-07      1207 -1.9887E-06      5207
   //E13  2.2580E-05      1101 -2.2580E-05      5101
   //S11  1.6358E+00      5201  1.4817E-01      3121
   //S22  6.8459E-01      5101 -1.5700E-01      1103
   //S33  6.8455E-01      3201 -1.5890E-01      3203
   //S12  3.4597E-02      3001 -3.4597E-02      3201
   //S23  9.4581E-04      1207 -3.0595E-03      5207
   //S13  3.4738E-02      1101 -3.4738E-02      5101
   //SMS  1.7326E+00      3103  1.2025E-01      3121
 ##### @Element :Max/IdMax/Min/IdMin####
   //E11  3.9526E-04      1103  3.9998E-05      3119
   //E22 -1.3291E-05      3019 -1.2625E-04      3003
   //E33 -1.3805E-05      1119 -1.2681E-04      1103
   //E12  2.2454E-05      1001 -2.2454E-05      3101
   //E23 -1.2334E-07      3103 -1.3584E-06      1103
   //E13  2.2546E-05      1001 -2.2546E-05      3101
   //S11  1.5760E+00      3101  1.5284E-01      3119
   //S22  2.6358E-01      3101 -6.0369E-02      3103
   //S33  2.6263E-01      3101 -6.2093E-02      3103
   //S12  3.4544E-02      1001 -3.4544E-02      3101
   //S23 -1.8975E-04      3103 -2.0898E-03      1103
   //S13  3.4687E-02      1001 -3.4687E-02      3101
   //SMS  1.6064E+00      1103  1.6477E-01      3019
 ##### Global Summary :Max/Min####
   //U1   2.6034E-03  0.0000E+00
   //U2   7.2106E-05 -7.2106E-05
   //U3   7.2413E-05 -7.2413E-05
   //E11  4.1775E-04  3.2851E-05
   //E22  2.9639E-06 -1.4505E-04
   //E33  2.9776E-06 -1.4566E-04
   //E12  2.2488E-05 -2.2488E-05
   //E23  6.1478E-07 -1.9887E-06
   //E13  2.2580E-05 -2.2580E-05
   //S11  1.6358E+00  1.4817E-01
   //S22  6.8459E-01 -1.5700E-01
   //S33  6.8455E-01 -1.5890E-01
   //S12  3.4597E-02 -3.4597E-02
   //S23  9.4581E-04 -3.0595E-03
   //S13  3.4738E-02 -3.4738E-02
   //SMS  1.7326E+00  1.2025E-01
 ##### @Element :Max/Min####
   //E11  3.9526E-04  3.9998E-05
   //E22 -1.3291E-05 -1.2625E-04
   //E33 -1.3805E-05 -1.2681E-04
   //E12  2.2454E-05 -2.2454E-05
   //E23 -1.2334E-07 -1.3584E-06
   //E13  2.2546E-05 -2.2546E-05
   //S11  1.5760E+00  1.5284E-01
   //S22  2.6358E-01 -6.0369E-02
   //S33  2.6263E-01 -6.2093E-02
   //S12  3.4544E-02 -3.4544E-02
   //S23 -1.8975E-04 -2.0898E-03
   //S13  3.4687E-02 -3.4687E-02
   //SMS  1.6064E+00  1.6477E-01
