 fstr_setup: OK
#### Result step=     1
 ##### Local Summary :Max/IdMax/Min/IdMin####
   //U1   2.6164E-03      3121  0.0000E+00      1001
   //U2   5.8336E-05      1002 -5.8336E-05      5202
   //U3   5.8534E-05      1002 -5.8534E-05      5202
   //E11  4.2762E-04      3103  3.2678E-07      3121
   //E22  6.2415E-07      3121 -1.2825E-04      3003
   //E33 -5.1618E-08      2221 -1.2856E-04      5103
   //E12  1.6829E-04      1001 -1.6829E-04      5201
   //E23  3.8357E-06      1003 -3.7229E-06      5053
   //E13  1.6887E-04      1001 -1.6887E-04      5201
   //S11  1.8870E+00      1001  2.3805E-03      2021
   //S22  6.7085E-01      1001 -6.3091E-02      1003
   //S33  6.7059E-01      1001 -6.3361E-02      5203
   //S12  2.5890E-01      1001 -2.5890E-01      5201
   //S23  5.9011E-03      1003 -5.7275E-03      5053
   //S13  2.5980E-01      1001 -2.5980E-01      5201
   //SMS  1.7075E+00      3103  1.8279E-03      1221
 ##### @Element :Max/IdMax/Min/IdMin####
   //E11  3.8522E-04      3003  3.7996E-05      1119
   //E22 -1.0943E-05      1119 -1.1469E-04      3103
   //E33 -1.1453E-05      1119 -1.1520E-04      3103
   //E12  1.7275E-05      1001 -1.7275E-05      3101
   //E23  1.5158E-07      1001 -1.1736E-06      3001
   //E13  1.7343E-05      1001 -1.7343E-05      3101
   //S11  1.5948E+00      3001  1.5275E-01      1019
   //S22  1.5416E-01      1101  1.8953E-03      3107
   //S33  1.5296E-01      3001  3.2254E-04      1007
   //S12  2.6577E-02      1001 -2.6577E-02      3101
   //S23  2.3320E-04      1001 -1.8055E-03      3001
   //S13  2.6681E-02      1001 -2.6681E-02      3101
   //SMS  1.5389E+00      3103  1.5139E-01      1119
 ##### Global Summary :Max/Min####
   //U1   2.6164E-03  0.0000E+00
   //U2   5.8336E-05 -5.8336E-05
   //U3   5.8534E-05 -5.8534E-05
   //E11  4.2762E-04  3.2678E-07
   //E22  6.2415E-07 -1.2825E-04
   //E33 -5.1618E-08 -1.2856E-04
   //E12  1.6829E-04 -1.6829E-04
   //E23  3.8357E-06 -3.7229E-06
   //E13  1.6887E-04 -1.6887E-04
   //S11  1.8870E+00  2.3805E-03
   //S22  6.7085E-01 -6.3091E-02
   //S33  6.7059E-01 -6.3361E-02
   //S12  2.5890E-01 -2.5890E-01
   //S23  5.9011E-03 -5.7275E-03
   //S13  2.5980E-01 -2.5980E-01
   //SMS  1.7075E+00  1.8279E-03
 ##### @Element :Max/Min####
   //E11  3.8522E-04  3.7996E-05
   //E22 -1.0943E-05 -1.1469E-04
   //E33 -1.1453E-05 -1.1520E-04
   //E12  1.7275E-05 -1.7275E-05
   //E23  1.5158E-07 -1.1736E-06
   //E13  1.7343E-05 -1.7343E-05
   //S11  1.5948E+00  1.5275E-01
   //S22  1.5416E-01  1.8953E-03
   //S33  1.5296E-01  3.2254E-04
   //S12  2.6577E-02 -2.6577E-02
   //S23  2.3320E-04 -1.8055E-03
   //S13  2.6681E-02 -2.6681E-02
   //SMS  1.5389E+00  1.5139E-01
