 fstr_setup: OK
#### Result step=     1
 ##### Local Summary :Max/IdMax/Min/IdMin####
   //U1   2.6203E-03      3121  0.0000E+00      3001
   //U2   5.6524E-05      3003 -5.6524E-05      3203
   //U3   8.6801E-05      3021 -8.6801E-05      3221
   //E11  1.3347E-03      3105  3.5583E-05      3221
   //E22  0.0000E+00      3101 -3.9371E-04      3105
   //E33  0.0000E+00      3001  0.0000E+00      3001
   //E12  1.5777E-05      3103 -7.0322E-06      3221
   //E23  1.0987E-05      3103 -7.1012E-06      3001
   //E13  1.3007E-05      3003 -1.0414E-05      3203
   //S11  5.5187E+00      3103  1.4605E-01      3221
   //S22  7.2729E-01      3101 -5.5170E-02      3119
   //S33  0.0000E+00      3001  0.0000E+00      3001
   //S12  4.8544E-02      3103 -2.1637E-02      3221
   //S23  2.8173E-02      3103 -1.8208E-02      3001
   //S13  3.3352E-02      3003 -2.6702E-02      3203
   //SMS  5.3332E+00      3105  1.4519E-01      3221
 ##### @Element :Max/IdMax/Min/IdMin####
   //E11  3.9162E-04      3103  3.5583E-05      3120
   //E22  1.1916-316      3101 -1.1305E-04      3103
   //E33  1.8893-316      3101  0.0000E+00      3001
   //E12  0.0000E+00      3001  0.0000E+00      3001
   //E23  0.0000E+00      3001  0.0000E+00      3001
   //E13  0.0000E+00      3001  0.0000E+00      3001
   //S11  1.6162E+00      3101  1.4605E-01      3120
   //S22  4.8486E-01      3101 -4.7431E-02      3119
   //S33  0.0000E+00      3001  0.0000E+00      3001
   //S12  0.0000E+00      3001  0.0000E+00      3001
   //S23  0.0000E+00      3001  0.0000E+00      3001
   //S13  0.0000E+00      3001  0.0000E+00      3001
   //SMS  1.5627E+00      3103  1.4026E-01      3120
 ##### Global Summary :Max/Min####
   //U1   2.6203E-03  0.0000E+00
   //U2   5.6524E-05 -5.6524E-05
   //U3   8.6801E-05 -8.6801E-05
   //E11  1.3347E-03  3.5583E-05
   //E22  0.0000E+00 -3.9371E-04
   //E33  0.0000E+00  0.0000E+00
   //E12  1.5777E-05 -7.0322E-06
   //E23  1.0987E-05 -7.1012E-06
   //E13  1.3007E-05 -1.0414E-05
   //S11  5.5187E+00  1.4605E-01
   //S22  7.2729E-01 -5.5170E-02
   //S33  0.0000E+00  0.0000E+00
   //S12  4.8544E-02 -2.1637E-02
   //S23  2.8173E-02 -1.8208E-02
   //S13  3.3352E-02 -2.6702E-02
   //SMS  5.3332E+00  1.4519E-01
 ##### @Element :Max/Min####
   //E11  3.9162E-04  3.5583E-05
   //E22  1.1916-316 -1.1305E-04
   //E33  1.8893-316  0.0000E+00
   //E12  0.0000E+00  0.0000E+00
   //E23  0.0000E+00  0.0000E+00
   //E13  0.0000E+00  0.0000E+00
   //S11  1.6162E+00  1.4605E-01
   //S22  4.8486E-01 -4.7431E-02
   //S33  0.0000E+00  0.0000E+00
   //S12  0.0000E+00  0.0000E+00
   //S23  0.0000E+00  0.0000E+00
   //S13  0.0000E+00  0.0000E+00
   //SMS  1.5627E+00  1.4026E-01
