 fstr_setup: OK
#### Result step=     1
 ##### Local Summary :Max/IdMax/Min/IdMin####
   //U1   2.4771E-04      3021  0.0000E+00      3001
   //U2   1.3008E-04      3021 -2.0903E-07      3203
   //U3   3.3591E-06      3021 -3.0620E-06      3221
   //E11  1.3973E-04      3117  5.1232E-06      3101
   //E22  0.0000E+00      3101 -3.3731E-05      3119
   //E33  0.0000E+00      3001  0.0000E+00      3001
   //E12  1.8874E-05      3217 -2.3429E-05      3015
   //E23  0.0000E+00      3101 -9.8215E-07      3105
   //E13  3.7209E-07      3003 -3.1486E-07      3203
   //S11  5.8221E-01      3117  2.2520E-02      3101
   //S22  7.7648E-02      3117 -1.0009E-02      3019
   //S33  0.0000E+00      3001  0.0000E+00      3001
   //S12  5.8075E-02      3217 -7.2088E-02      3015
   //S23 -2.4074E-35      3101 -2.5183E-03      3105
   //S13  9.5407E-04      3003 -8.0733E-04      3203
   //SMS  5.4846E-01      3117  2.0016E-02      3101
 ##### @Element :Max/IdMax/Min/IdMin####
   //E11  4.7648E-05      3118  3.4155E-06      3101
   //E22  0.0000E+00      3101 -1.2419E-05      3017
   //E33  0.0000E+00      3001  0.0000E+00      3001
   //E12  0.0000E+00      3001  0.0000E+00      3001
   //E23  0.0000E+00      3001  0.0000E+00      3001
   //E13  0.0000E+00      3001  0.0000E+00      3001
   //S11  1.9704E-01      3118  1.5013E-02      3002
   //S22  2.7986E-02      3117 -1.0815E-02      3020
   //S33  0.0000E+00      3001  0.0000E+00      3001
   //S12  0.0000E+00      3001  0.0000E+00      3001
   //S23  0.0000E+00      3001  0.0000E+00      3001
   //S13  0.0000E+00      3001  0.0000E+00      3001
   //SMS  1.8722E-01      3118  1.3344E-02      3002
 ##### Global Summary :Max/Min####
   //U1   2.4771E-04  0.0000E+00
   //U2   1.3008E-04 -2.0903E-07
   //U3   3.3591E-06 -3.0620E-06
   //E11  1.3973E-04  5.1232E-06
   //E22  0.0000E+00 -3.3731E-05
   //E33  0.0000E+00  0.0000E+00
   //E12  1.8874E-05 -2.3429E-05
   //E23  0.0000E+00 -9.8215E-07
   //E13  3.7209E-07 -3.1486E-07
   //S11  5.8221E-01  2.2520E-02
   //S22  7.7648E-02 -1.0009E-02
   //S33  0.0000E+00  0.0000E+00
   //S12  5.8075E-02 -7.2088E-02
   //S23 -2.4074E-35 -2.5183E-03
   //S13  9.5407E-04 -8.0733E-04
   //SMS  5.4846E-01  2.0016E-02
 ##### @Element :Max/Min####
   //E11  4.7648E-05  3.4155E-06
   //E22  0.0000E+00 -1.2419E-05
   //E33  0.0000E+00  0.0000E+00
   //E12  0.0000E+00  0.0000E+00
   //E23  0.0000E+00  0.0000E+00
   //E13  0.0000E+00  0.0000E+00
   //S11  1.9704E-01  1.5013E-02
   //S22  2.7986E-02 -1.0815E-02
   //S33  0.0000E+00  0.0000E+00
   //S12  0.0000E+00  0.0000E+00
   //S23  0.0000E+00  0.0000E+00
   //S13  0.0000E+00  0.0000E+00
   //SMS  1.8722E-01  1.3344E-02
