 fstr_setup: OK
#### Result step=     1
 ##### Local Summary :Max/IdMax/Min/IdMin####
   //U1   2.6222E-03      3121  0.0000E+00      3001
   //U2   6.8789E-05      3003 -6.8789E-05      3203
   //U3   1.1306E-04      3021 -1.1306E-04      3221
   //E11  9.6057E-04      3105  3.9202E-05      3021
   //E22  0.0000E+00      3001 -3.4395E-04      3103
   //E33  0.0000E+00      3001  0.0000E+00      3001
   //E12  3.4395E-05      3001 -3.4395E-05      3201
   //E23  0.0000E+00      3001 -9.2499E-07      3103
   //E13  1.6524E-05      3003 -1.6524E-05      3203
   //S11  3.8566E+00      3105  1.6346E-01      3021
   //S22  7.4073E-01      3101 -2.5016E-01      3103
   //S33  0.0000E+00      3001  0.0000E+00      3001
   //S12  1.0583E-01      3001 -1.0583E-01      3201
   //S23  0.0000E+00      3001 -2.3718E-03      3103
   //S13  4.2370E-02      3003 -4.2370E-02      3203
   //SMS  3.8835E+00      3103  1.5393E-01      3021
 ##### @Element :Max/IdMax/Min/IdMin####
   //E11  3.8858E-04      3003  3.8853E-05      3019
   //E22 -1.3605E-05      3019 -1.2425E-04      3003
   //E33  0.0000E+00      3001  0.0000E+00      3001
   //E12  1.2538E-05      3001 -1.2538E-05      3101
   //E23  0.0000E+00      3001  0.0000E+00      3001
   //E13  0.0000E+00      3001  0.0000E+00      3001
   //S11  1.5758E+00      3001  1.5284E-01      3019
   //S22  1.9759E-01      3001 -3.3739E-02      3003
   //S33  0.0000E+00      3001  0.0000E+00      3001
   //S12  3.8578E-02      3001 -3.8578E-02      3101
   //S23  0.0000E+00      3001  0.0000E+00      3001
   //S13  0.0000E+00      3001  0.0000E+00      3001
   //SMS  1.5617E+00      3003  1.5730E-01      3019
 ##### Global Summary :Max/Min####
   //U1   2.6222E-03  0.0000E+00
   //U2   6.8789E-05 -6.8789E-05
   //U3   1.1306E-04 -1.1306E-04
   //E11  9.6057E-04  3.9202E-05
   //E22  0.0000E+00 -3.4395E-04
   //E33  0.0000E+00  0.0000E+00
   //E12  3.4395E-05 -3.4395E-05
   //E23  0.0000E+00 -9.2499E-07
   //E13  1.6524E-05 -1.6524E-05
   //S11  3.8566E+00  1.6346E-01
   //S22  7.4073E-01 -2.5016E-01
   //S33  0.0000E+00  0.0000E+00
   //S12  1.0583E-01 -1.0583E-01
   //S23  0.0000E+00 -2.3718E-03
   //S13  4.2370E-02 -4.2370E-02
   //SMS  3.8835E+00  1.5393E-01
 ##### @Element :Max/Min####
   //E11  3.8858E-04  3.8853E-05
   //E22 -1.3605E-05 -1.2425E-04
   //E33  0.0000E+00  0.0000E+00
   //E12  1.2538E-05 -1.2538E-05
   //E23  0.0000E+00  0.0000E+00
   //E13  0.0000E+00  0.0000E+00
   //S11  1.5758E+00  1.5284E-01
   //S22  1.9759E-01 -3.3739E-02
   //S33  0.0000E+00  0.0000E+00
   //S12  3.8578E-02 -3.8578E-02
   //S23  0.0000E+00  0.0000E+00
   //S13  0.0000E+00  0.0000E+00
   //SMS  1.5617E+00  1.5730E-01
