 fstr_setup: OK
#### Result step=     1
 ##### Local Summary :Max/IdMax/Min/IdMin####
   //U1   9.0232E-02        21 -9.3558E-02       221
   //U2   1.4036E+00       221  0.0000E+00         1
   //E11  2.4359E-02         1 -1.5182E-02       203
   //E22  4.1026E-03       203 -1.9929E-03         5
   //E12  0.0000E+00         1  0.0000E+00         1
   //S11  1.0707E+02         1 -6.1323E+01       203
   //S22  3.2122E+01         1 -6.9090E+00       201
   //S12  0.0000E+00         1  0.0000E+00         1
   //SMS  6.8369E+01         1  2.7887E-01        21
 ##### @Element :Max/IdMax/Min/IdMin####
   //E11  2.4359E-02         1 -2.5039E-02       102
   //E22  4.3477E-03       102 -2.5343E-03         2
   //E12  0.0000E+00         1  0.0000E+00         1
   //S11  1.0707E+02         1 -1.0433E+02       102
   //S22  3.2122E+01         1 -1.3908E+01       102
   //S12  0.0000E+00         1  0.0000E+00         1
   //SMS  8.4362E+01       102  1.6664E-01        19
 ##### Global Summary :Max/Min####
   //U1   9.0232E-02 -9.3558E-02
   //U2   1.4036E+00  0.0000E+00
   //E11  2.4359E-02 -1.5182E-02
   //E22  4.1026E-03 -1.9929E-03
   //E12  0.0000E+00  0.0000E+00
   //S11  1.0707E+02 -6.1323E+01
   //S22  3.2122E+01 -6.9090E+00
   //S12  0.0000E+00  0.0000E+00
   //SMS  6.8369E+01  2.7887E-01
 ##### @Element :Max/Min####
   //E11  2.4359E-02 -2.5039E-02
   //E22  4.3477E-03 -2.5343E-03
   //E12  0.0000E+00  0.0000E+00
   //S11  1.0707E+02 -1.0433E+02
   //S22  3.2122E+01 -1.3908E+01
   //S12  0.0000E+00  0.0000E+00
   //SMS  8.4362E+01  1.6664E-01
