 fstr_setup: OK
#### Result step=     1
 ##### Local Summary :Max/IdMax/Min/IdMin####
   //U1   2.4866E-01        21 -2.4951E-01       221
   //U2   3.7626E+00       221  0.0000E+00         1
   //E11  6.7046E-02        51 -3.6024E-02       202
   //E22  1.1007E-02       202 -2.8313E-02         1
   //E12  0.0000E+00         1  0.0000E+00         1
   //S11  2.7604E+02        51 -1.4383E+02       202
   //S22  4.5355E+01       101 -3.8830E+01         1
   //S12  0.0000E+00         1  0.0000E+00         1
   //SMS  2.6983E+02         1  2.5591E-01        20
 ##### @Element :Max/IdMax/Min/IdMin####
   //E11  4.4568E-02         1 -4.4221E-02       102
   //E22  1.3369E-02       102 -1.1102E-02         3
   //E12  0.0000E+00         1  0.0000E+00         1
   //S11  1.8346E+02         1 -1.7675E+02       102
   //S22  1.7287E+01         1 -1.4846E+01       101
   //S12  0.0000E+00         1  0.0000E+00         1
   //SMS  1.8031E+02       102  2.8552E-01        20
 ##### Global Summary :Max/Min####
   //U1   2.4866E-01 -2.4951E-01
   //U2   3.7626E+00  0.0000E+00
   //E11  6.7046E-02 -3.6024E-02
   //E22  1.1007E-02 -2.8313E-02
   //E12  0.0000E+00  0.0000E+00
   //S11  2.7604E+02 -1.4383E+02
   //S22  4.5355E+01 -3.8830E+01
   //S12  0.0000E+00  0.0000E+00
   //SMS  2.6983E+02  2.5591E-01
 ##### @Element :Max/Min####
   //E11  4.4568E-02 -4.4221E-02
   //E22  1.3369E-02 -1.1102E-02
   //E12  0.0000E+00  0.0000E+00
   //S11  1.8346E+02 -1.7675E+02
   //S22  1.7287E+01 -1.4846E+01
   //S12  0.0000E+00  0.0000E+00
   //SMS  1.8031E+02  2.8552E-01
