 fstr_setup: OK
#### Result step=     1
 ##### Local Summary :Max/IdMax/Min/IdMin####
   //U1   1.7733E-01        21 -1.7806E-01       221
   //U2   2.6798E+00       221  0.0000E+00         1
   //E11  4.7133E-02         1 -4.7187E-02       201
   //E22  8.5919E-03       203 -8.2980E-03         3
   //E12  5.5520E-02       201  1.3920E-05       221
   //S11  2.0718E+02         1 -2.0742E+02       201
   //S22  6.2154E+01         1 -6.2225E+01       201
   //S12  8.5415E+01       201  2.1416E-02       221
   //SMS  2.3638E+02       201  5.2018E-01       121
 ##### @Element :Max/IdMax/Min/IdMin####
   //E11  2.3558E-02         1 -2.3602E-02       101
   //E22  6.7242E-03       103 -6.4547E-03         3
   //E12  6.2016E-03       101  3.2500E-04        19
   //S11  9.8081E+01         1 -9.8081E+01       101
   //S22  1.2828E+01         1 -1.2240E+01       101
   //S12  9.5409E+00       101  5.0000E-01        19
   //SMS  9.4033E+01       101  9.6542E-01        19
 ##### Global Summary :Max/Min####
   //U1   1.7733E-01 -1.7806E-01
   //U2   2.6798E+00  0.0000E+00
   //E11  4.7133E-02 -4.7187E-02
   //E22  8.5919E-03 -8.2980E-03
   //E12  5.5520E-02  1.3920E-05
   //S11  2.0718E+02 -2.0742E+02
   //S22  6.2154E+01 -6.2225E+01
   //S12  8.5415E+01  2.1416E-02
   //SMS  2.3638E+02  5.2018E-01
 ##### @Element :Max/Min####
   //E11  2.3558E-02 -2.3602E-02
   //E22  6.7242E-03 -6.4547E-03
   //E12  6.2016E-03  3.2500E-04
   //S11  9.8081E+01 -9.8081E+01
   //S22  1.2828E+01 -1.2240E+01
   //S12  9.5409E+00  5.0000E-01
   //SMS  9.4033E+01  9.6542E-01
