 fstr_setup: OK
#### Result step=     1
 ##### Local Summary :Max/IdMax/Min/IdMin####
   //U1   2.4877E-01        21 -2.4951E-01       221
   //U2   3.7652E+00       221  0.0000E+00         1
   //E11  7.0276E-02         1 -7.0350E-02       201
   //E22  2.1805E-02       203 -2.1536E-02         3
   //E12  0.0000E+00         1  0.0000E+00         1
   //S11  3.0534E+02         1 -3.0560E+02       201
   //S22  8.0778E+01         1 -8.0665E+01       201
   //S12  0.0000E+00         1  0.0000E+00         1
   //SMS  2.9258E+02       201  3.4831E-01        71
 ##### @Element :Max/IdMax/Min/IdMin####
   //E11  3.3109E-02         1 -3.3170E-02       101
   //E22  8.1828E-03       103 -7.9797E-03         1
   //E12  0.0000E+00         1  0.0000E+00         1
   //S11  1.3501E+02         1 -1.3502E+02       101
   //S22  8.5849E+00         1 -7.8119E+00       101
   //S12  0.0000E+00         1  0.0000E+00         1
   //SMS  1.3691E+02       101  3.4160E-01        19
 ##### Global Summary :Max/Min####
   //U1   2.4877E-01 -2.4951E-01
   //U2   3.7652E+00  0.0000E+00
   //E11  7.0276E-02 -7.0350E-02
   //E22  2.1805E-02 -2.1536E-02
   //E12  0.0000E+00  0.0000E+00
   //S11  3.0534E+02 -3.0560E+02
   //S22  8.0778E+01 -8.0665E+01
   //S12  0.0000E+00  0.0000E+00
   //SMS  2.9258E+02  3.4831E-01
 ##### @Element :Max/Min####
   //E11  3.3109E-02 -3.3170E-02
   //E22  8.1828E-03 -7.9797E-03
   //E12  0.0000E+00  0.0000E+00
   //S11  1.3501E+02 -1.3502E+02
   //S22  8.5849E+00 -7.8119E+00
   //S12  0.0000E+00  0.0000E+00
   //SMS  1.3691E+02  3.4160E-01
