 fstr_setup: OK
#### Result step=     1
 ##### Local Summary :Max/IdMax/Min/IdMin####
   //U1   1.1518E-01      1221 -1.1997E-01      5021
   //U2   0.0000E+00      1001 -3.3648E-01      5021
   //U3   1.4543E+00      5221  0.0000E+00      1001
   //E11  3.0742E-02      1201 -2.0776E-02      5003
   //E22  4.5837E-03      5003 -4.1159E-03      1205
   //E33  5.4396E-03      5103 -3.8987E-03      1205
   //E12  2.4620E-03      1205 -6.4625E-03      1201
   //E23  3.7956E-03      1203 -2.9610E-03      5003
   //E13  3.3572E-02      1201 -4.4718E-03      5003
   //S11  1.6553E+02      1201 -9.5647E+01      5001
   //S22  7.0942E+01      1201 -2.7800E+01      5001
   //S33  7.0942E+01      1201 -1.8211E+01      5001
   //S12  3.7877E+00      1205 -9.9423E+00      1201
   //S23  5.8393E+00      1203 -4.5554E+00      5003
   //S13  5.1648E+01      1201 -6.8796E+00      5003
   //SMS  1.3133E+02      1201  7.4227E-01      1121
 ##### @Element :Max/IdMax/Min/IdMin####
   //E11  3.0742E-02        62 -3.0841E-02       125
   //E22  4.7680E-03       125 -4.5592E-03        61
   //E33  9.0314E-03       126 -5.7953E-03        67
   //E12  8.9782E-03         1 -7.1790E-03       126
   //E23  7.6068E-03        61 -5.2871E-03         6
   //E13  3.3572E-02        62 -2.0030E-02       125
   //S11  1.6553E+02        62 -1.4333E+02       125
   //S22  7.0942E+01        62 -3.8969E+01       124
   //S33  7.0942E+01        62 -3.2784E+01       125
   //S12  1.3813E+01         1 -1.1045E+01       126
   //S23  1.1703E+01        61 -8.1340E+00         6
   //S13  5.1648E+01        62 -3.0815E+01       125
   //SMS  1.3133E+02        62  4.3334E-01       118
 ##### Global Summary :Max/Min####
   //U1   1.1518E-01 -1.1997E-01
   //U2   0.0000E+00 -3.3648E-01
   //U3   1.4543E+00  0.0000E+00
   //E11  3.0742E-02 -2.0776E-02
   //E22  4.5837E-03 -4.1159E-03
   //E33  5.4396E-03 -3.8987E-03
   //E12  2.4620E-03 -6.4625E-03
   //E23  3.7956E-03 -2.9610E-03
   //E13  3.3572E-02 -4.4718E-03
   //S11  1.6553E+02 -9.5647E+01
   //S22  7.0942E+01 -2.7800E+01
   //S33  7.0942E+01 -1.8211E+01
   //S12  3.7877E+00 -9.9423E+00
   //S23  5.8393E+00 -4.5554E+00
   //S13  5.1648E+01 -6.8796E+00
   //SMS  1.3133E+02  7.4227E-01
 ##### @Element :Max/Min####
   //E11  3.0742E-02 -3.0841E-02
   //E22  4.7680E-03 -4.5592E-03
   //E33  9.0314E-03 -5.7953E-03
   //E12  8.9782E-03 -7.1790E-03
   //E23  7.6068E-03 -5.2871E-03
   //E13  3.3572E-02 -2.0030E-02
   //S11  1.6553E+02 -1.4333E+02
   //S22  7.0942E+01 -3.8969E+01
   //S33  7.0942E+01 -3.2784E+01
   //S12  1.3813E+01 -1.1045E+01
   //S23  1.1703E+01 -8.1340E+00
   //S13  5.1648E+01 -3.0815E+01
   //SMS  1.3133E+02  4.3334E-01
