 fstr_setup: OK
#### Result step=     1
 ##### Local Summary :Max/IdMax/Min/IdMin####
   //U1   2.4800E-01      1121 -2.4880E-01      5071
   //U2   9.6299E-03      1003 -9.6312E-03      5003
   //U3   3.7481E+00      5221 -1.6356E-03      2151
   //E11  7.1986E-02      1201 -7.1300E-02      5001
   //E22  1.8399E-02      5203 -2.4260E-02      1203
   //E33  2.2588E-02      5152 -2.2299E-02      1203
   //E12  3.1939E-02      2001 -3.4194E-02      2201
   //E23  7.9014E-03      5151 -5.7993E-03      2001
   //E13  3.5490E-02      1101 -1.5687E-02      3001
   //S11  3.8762E+02      1201 -3.2715E+02      5001
   //S22  1.6612E+02      1201 -1.1205E+02      5051
   //S33  1.6612E+02      1201 -8.2125E+01      4001
   //S12  4.9136E+01      2001 -5.2607E+01      2201
   //S23  1.2156E+01      5151 -8.9220E+00      2001
   //S13  5.4600E+01      1101 -2.4134E+01      3001
   //SMS  2.7069E+02      1052  2.4475E-01      2121
 ##### @Element :Max/IdMax/Min/IdMin####
   //E11  4.8859E-02         2 -5.0367E-02       186
   //E22  1.3462E-02       125 -1.3057E-02         8
   //E33  1.7529E-02       186 -1.4183E-02         1
   //E12  1.4229E-02         3 -1.4021E-02        62
   //E23  4.3953E-03        62 -2.5211E-03         3
   //E13  1.9368E-02         2 -4.0330E-03       122
   //S11  2.2268E+02         2 -2.0832E+02       186
   //S22  5.0266E+01         2 -4.7864E+01       123
   //S33  4.0544E+01         2 -4.4655E+01       123
   //S12  2.1891E+01         3 -2.1570E+01        62
   //S23  6.7620E+00        62 -3.8786E+00         3
   //S13  2.9796E+01         2 -6.2047E+00       122
   //SMS  1.9872E+02       186  5.4330E-01        58
 ##### Global Summary :Max/Min####
   //U1   2.4800E-01 -2.4880E-01
   //U2   9.6299E-03 -9.6312E-03
   //U3   3.7481E+00 -1.6356E-03
   //E11  7.1986E-02 -7.1300E-02
   //E22  1.8399E-02 -2.4260E-02
   //E33  2.2588E-02 -2.2299E-02
   //E12  3.1939E-02 -3.4194E-02
   //E23  7.9014E-03 -5.7993E-03
   //E13  3.5490E-02 -1.5687E-02
   //S11  3.8762E+02 -3.2715E+02
   //S22  1.6612E+02 -1.1205E+02
   //S33  1.6612E+02 -8.2125E+01
   //S12  4.9136E+01 -5.2607E+01
   //S23  1.2156E+01 -8.9220E+00
   //S13  5.4600E+01 -2.4134E+01
   //SMS  2.7069E+02  2.4475E-01
 ##### @Element :Max/Min####
   //E11  4.8859E-02 -5.0367E-02
   //E22  1.3462E-02 -1.3057E-02
   //E33  1.7529E-02 -1.4183E-02
   //E12  1.4229E-02 -1.4021E-02
   //E23  4.3953E-03 -2.5211E-03
   //E13  1.9368E-02 -4.0330E-03
   //S11  2.2268E+02 -2.0832E+02
   //S22  5.0266E+01 -4.7864E+01
   //S33  4.0544E+01 -4.4655E+01
   //S12  2.1891E+01 -2.1570E+01
   //S23  6.7620E+00 -3.8786E+00
   //S13  2.9796E+01 -6.2047E+00
   //SMS  1.9872E+02  5.4330E-01
