 fstr_setup: OK
#### Result step=     1
 ##### Local Summary :Max/IdMax/Min/IdMin####
   //U1   8.5619E-02      1121 -8.9786E-02      5121
   //U2   5.3664E-03      1003 -5.3664E-03      1203
   //U3   1.3386E+00      5121  0.0000E+00      1001
   //E11  2.2735E-02      1001 -1.4559E-02      5203
   //E22  4.0568E-03      5203 -3.9137E-03      1003
   //E33  3.7797E-03      5003 -1.4805E-03      1205
   //E12  2.4614E-03      1001 -2.4614E-03      1201
   //E23  2.1119E-03      1001 -2.1119E-03      1201
   //E13  2.9511E-02      1001 -2.3128E-03      5003
   //S11  1.1416E+02      1001 -6.0310E+01      5203
   //S22  3.3201E+01      1201 -9.6516E+00      5001
   //S33  4.4209E+01      1001 -1.0525E+01      5201
   //S12  3.7868E+00      1001 -3.7868E+00      1201
   //S23  3.2491E+00      1001 -3.2491E+00      1201
   //S13  4.5402E+01      1001 -3.5582E+00      5003
   //SMS  1.0974E+02      1001  9.5066E-01      1121
 ##### @Element :Max/IdMax/Min/IdMin####
   //E11  2.2735E-02      1001 -2.3343E-02      3102
   //E22  4.8140E-03      3004 -5.2804E-03      1003
   //E33  4.0040E-03      3002 -2.1282E-03      1102
   //E12  2.4614E-03      1001 -2.4614E-03      1101
   //E23  2.4992E-03      1102 -2.4992E-03      1002
   //E13  2.9511E-02      1001 -1.6849E-02      3102
   //S11  1.1416E+02      1001 -1.0750E+02      3102
   //S22  3.3201E+01      1101 -2.3751E+01      3002
   //S33  4.4209E+01      1001 -2.3360E+01      3102
   //S12  3.7868E+00      1001 -3.7868E+00      1101
   //S23  3.8448E+00      1102 -3.8448E+00      1002
   //S13  4.5402E+01      1001 -2.5922E+01      3102
   //SMS  1.0974E+02      1001  7.1438E-01      1020
 ##### Global Summary :Max/Min####
   //U1   8.5619E-02 -8.9786E-02
   //U2   5.3664E-03 -5.3664E-03
   //U3   1.3386E+00  0.0000E+00
   //E11  2.2735E-02 -1.4559E-02
   //E22  4.0568E-03 -3.9137E-03
   //E33  3.7797E-03 -1.4805E-03
   //E12  2.4614E-03 -2.4614E-03
   //E23  2.1119E-03 -2.1119E-03
   //E13  2.9511E-02 -2.3128E-03
   //S11  1.1416E+02 -6.0310E+01
   //S22  3.3201E+01 -9.6516E+00
   //S33  4.4209E+01 -1.0525E+01
   //S12  3.7868E+00 -3.7868E+00
   //S23  3.2491E+00 -3.2491E+00
   //S13  4.5402E+01 -3.5582E+00
   //SMS  1.0974E+02  9.5066E-01
 ##### @Element :Max/Min####
   //E11  2.2735E-02 -2.3343E-02
   //E22  4.8140E-03 -5.2804E-03
   //E33  4.0040E-03 -2.1282E-03
   //E12  2.4614E-03 -2.4614E-03
   //E23  2.4992E-03 -2.4992E-03
   //E13  2.9511E-02 -1.6849E-02
   //S11  1.1416E+02 -1.0750E+02
   //S22  3.3201E+01 -2.3751E+01
   //S33  4.4209E+01 -2.3360E+01
   //S12  3.7868E+00 -3.7868E+00
   //S23  3.8448E+00 -3.8448E+00
   //S13  4.5402E+01 -2.5922E+01
   //SMS  1.0974E+02  7.1438E-01
