 fstr_setup: OK
#### Result step=     1
 ##### Local Summary :Max/IdMax/Min/IdMin####
   //U1   2.4634E-01      1121 -2.4714E-01      5121
   //U2   1.0450E-02      1002 -1.0450E-02      1202
   //U3   3.7161E+00      5221  0.0000E+00      1001
   //E11  6.5128E-02      1102 -6.5231E-02      5201
   //E22  1.9162E-02      5103 -2.1025E-02      1203
   //E33  2.0884E-02      5002 -2.2923E-02      1103
   //E12  3.1718E-02      1001 -3.1718E-02      1201
   //E23  7.0361E-03      3202 -7.0361E-03      3002
   //E13  2.3423E-02      1101 -5.2608E-03      3201
   //S11  3.2951E+02      1001 -3.0264E+02      5201
   //S22  1.1210E+02      1001 -7.4304E+01      5001
   //S33  1.3248E+02      1001 -6.4758E+01      5001
   //S12  4.8797E+01      1001 -4.8797E+01      1201
   //S23  1.0825E+01      3202 -1.0825E+01      3002
   //S13  3.6036E+01      1101 -8.0936E+00      3201
   //SMS  2.6468E+02      1103  3.0810E-01      2021
 ##### @Element :Max/IdMax/Min/IdMin####
   //E11  4.2468E-02      1101 -4.3628E-02      3002
   //E22  1.2237E-02      3102 -1.1329E-02      1103
   //E33  1.3750E-02      3002 -1.0867E-02      1003
   //E12  3.6990E-03      1001 -3.6990E-03      1101
   //E23  1.0730E-03      3101 -1.0730E-03      3001
   //E13  7.5412E-03      3103  1.4152E-04      3020
   //S11  1.8267E+02      1101 -1.7495E+02      3002
   //S22  2.0467E+01      1001 -1.8342E+01      3101
   //S33  2.2188E+01      1001 -2.0900E+01      3101
   //S12  5.6908E+00      1001 -5.6908E+00      1101
   //S23  1.6508E+00      3101 -1.6508E+00      3001
   //S13  1.1602E+01      3103  2.1773E-01      3020
   //SMS  1.7452E+02      3002  8.4585E-01      1020
 ##### Global Summary :Max/Min####
   //U1   2.4634E-01 -2.4714E-01
   //U2   1.0450E-02 -1.0450E-02
   //U3   3.7161E+00  0.0000E+00
   //E11  6.5128E-02 -6.5231E-02
   //E22  1.9162E-02 -2.1025E-02
   //E33  2.0884E-02 -2.2923E-02
   //E12  3.1718E-02 -3.1718E-02
   //E23  7.0361E-03 -7.0361E-03
   //E13  2.3423E-02 -5.2608E-03
   //S11  3.2951E+02 -3.0264E+02
   //S22  1.1210E+02 -7.4304E+01
   //S33  1.3248E+02 -6.4758E+01
   //S12  4.8797E+01 -4.8797E+01
   //S23  1.0825E+01 -1.0825E+01
   //S13  3.6036E+01 -8.0936E+00
   //SMS  2.6468E+02  3.0810E-01
 ##### @Element :Max/Min####
   //E11  4.2468E-02 -4.3628E-02
   //E22  1.2237E-02 -1.1329E-02
   //E33  1.3750E-02 -1.0867E-02
   //E12  3.6990E-03 -3.6990E-03
   //E23  1.0730E-03 -1.0730E-03
   //E13  7.5412E-03  1.4152E-04
   //S11  1.8267E+02 -1.7495E+02
   //S22  2.0467E+01 -1.8342E+01
   //S33  2.2188E+01 -2.0900E+01
   //S12  5.6908E+00 -5.6908E+00
   //S23  1.6508E+00 -1.6508E+00
   //S13  1.1602E+01  2.1773E-01
   //SMS  1.7452E+02  8.4585E-01
