 fstr_setup: OK
#### Result step=     1
 ##### Local Summary :Max/IdMax/Min/IdMin####
   //U1   2.4702E-01      5121 -2.4630E-01      1121
   //U2   1.1006E-02      1203 -1.1006E-02      1003
   //U3   0.0000E+00      1001 -3.6879E+00      5121
   //E11  6.2660E-02      5103 -6.2573E-02      1103
   //E22  2.2047E-02      1103 -2.1958E-02      5103
   //E33  2.2097E-02      1103 -2.2397E-02      5103
   //E12  7.7459E-03      1201 -7.7459E-03      1001
   //E23  5.5096E-03      3201 -5.5096E-03      3001
   //E13 -2.8682E-04      3121 -8.8233E-03      5101
   //S11  2.8146E+02      5201 -2.8142E+02      1001
   //S22  1.0584E+02      5201 -1.0582E+02      1001
   //S33  7.2842E+01      5201 -7.2849E+01      1001
   //S12  1.1917E+01      1201 -1.1917E+01      1001
   //S23  8.4763E+00      3201 -8.4763E+00      3001
   //S13 -4.4126E-01      3121 -1.3574E+01      5101
   //SMS  2.6186E+02      5103  9.1331E-01      3121
 ##### @Element :Max/IdMax/Min/IdMin####
   //E11  3.0794E-02      3101 -3.0748E-02      1001
   //E22  9.0158E-03      1103 -8.9344E-03      3003
   //E33  9.3298E-03      1003 -9.6028E-03      3003
   //E12  2.2536E-03      1101 -2.2536E-03      1001
   //E23  2.5864E-04      1001 -2.5864E-04      1101
   //E13 -3.2500E-04      1019 -6.1980E-03      3101
   //S11  1.3833E+02      3101 -1.3833E+02      1001
   //S22  2.6747E+01      3101 -2.6754E+01      1001
   //S33  2.3764E+01      3101 -2.4372E+01      1101
   //S12  3.4670E+00      1101 -3.4670E+00      1001
   //S23  3.9790E-01      1001 -3.9790E-01      1101
   //S13 -5.0000E-01      1019 -9.5353E+00      3101
   //SMS  1.1565E+02      3003  1.1619E+00      1019
 ##### Global Summary :Max/Min####
   //U1   2.4702E-01 -2.4630E-01
   //U2   1.1006E-02 -1.1006E-02
   //U3   0.0000E+00 -3.6879E+00
   //E11  6.2660E-02 -6.2573E-02
   //E22  2.2047E-02 -2.1958E-02
   //E33  2.2097E-02 -2.2397E-02
   //E12  7.7459E-03 -7.7459E-03
   //E23  5.5096E-03 -5.5096E-03
   //E13 -2.8682E-04 -8.8233E-03
   //S11  2.8146E+02 -2.8142E+02
   //S22  1.0584E+02 -1.0582E+02
   //S33  7.2842E+01 -7.2849E+01
   //S12  1.1917E+01 -1.1917E+01
   //S23  8.4763E+00 -8.4763E+00
   //S13 -4.4126E-01 -1.3574E+01
   //SMS  2.6186E+02  9.1331E-01
 ##### @Element :Max/Min####
   //E11  3.0794E-02 -3.0748E-02
   //E22  9.0158E-03 -8.9344E-03
   //E33  9.3298E-03 -9.6028E-03
   //E12  2.2536E-03 -2.2536E-03
   //E23  2.5864E-04 -2.5864E-04
   //E13 -3.2500E-04 -6.1980E-03
   //S11  1.3833E+02 -1.3833E+02
   //S22  2.6747E+01 -2.6754E+01
   //S33  2.3764E+01 -2.4372E+01
   //S12  3.4670E+00 -3.4670E+00
   //S23  3.9790E-01 -3.9790E-01
   //S13 -5.0000E-01 -9.5353E+00
   //SMS  1.1565E+02  1.1619E+00
