 fstr_setup: OK
#### Result step=     1
 ##### Local Summary :Max/IdMax/Min/IdMin####
   //U1   2.4710E-01      5121 -2.4636E-01      1121
   //U2   9.7003E-03      1202 -9.7003E-03      1002
   //U3   0.0000E+00      1001 -3.7172E+00      5221
   //E11  6.4683E-02      5102 -6.4623E-02      1102
   //E22  1.9965E-02      1003 -1.9877E-02      5003
   //E33  2.2214E-02      1103 -2.2480E-02      5103
   //E12  2.9113E-02      1201 -2.9113E-02      1001
   //E23  2.5988E-03      5001 -2.5988E-03      5201
   //E13  9.7489E-03      3201 -2.2358E-02      5101
   //S11  3.3022E+02      5201 -3.2999E+02      1001
   //S22  1.1894E+02      5201 -1.1886E+02      1001
   //S33  1.2337E+02      5201 -1.2346E+02      1001
   //S12  4.4789E+01      1201 -4.4789E+01      1001
   //S23  3.9981E+00      5001 -3.9981E+00      5201
   //S13  1.4998E+01      3201 -3.4397E+01      5101
   //SMS  2.6275E+02      5103  3.5409E-01      2121
 ##### @Element :Max/IdMax/Min/IdMin####
   //E11  3.1964E-02      3101 -3.1903E-02      1001
   //E22  8.0528E-03      1103 -7.9776E-03      3003
   //E33  8.0867E-03      1001 -8.2792E-03      3101
   //E12  1.6911E-03      1101 -1.6911E-03      1001
   //E23  5.6347E-04      1001 -5.6347E-04      1101
   //E13 -3.3781E-04      3019 -6.1257E-03      3001
   //S11  1.3565E+02      3101 -1.3564E+02      1001
   //S22  1.4153E+01      3101 -1.4161E+01      1001
   //S33  1.1825E+01      3001 -1.2593E+01      1001
   //S12  2.6017E+00      1101 -2.6017E+00      1001
   //S23  8.6688E-01      1001 -8.6688E-01      1101
   //S13 -5.1971E-01      3019 -9.4241E+00      3001
   //SMS  1.2385E+02      3101  1.0194E+00      1019
 ##### Global Summary :Max/Min####
   //U1   2.4710E-01 -2.4636E-01
   //U2   9.7003E-03 -9.7003E-03
   //U3   0.0000E+00 -3.7172E+00
   //E11  6.4683E-02 -6.4623E-02
   //E22  1.9965E-02 -1.9877E-02
   //E33  2.2214E-02 -2.2480E-02
   //E12  2.9113E-02 -2.9113E-02
   //E23  2.5988E-03 -2.5988E-03
   //E13  9.7489E-03 -2.2358E-02
   //S11  3.3022E+02 -3.2999E+02
   //S22  1.1894E+02 -1.1886E+02
   //S33  1.2337E+02 -1.2346E+02
   //S12  4.4789E+01 -4.4789E+01
   //S23  3.9981E+00 -3.9981E+00
   //S13  1.4998E+01 -3.4397E+01
   //SMS  2.6275E+02  3.5409E-01
 ##### @Element :Max/Min####
   //E11  3.1964E-02 -3.1903E-02
   //E22  8.0528E-03 -7.9776E-03
   //E33  8.0867E-03 -8.2792E-03
   //E12  1.6911E-03 -1.6911E-03
   //E23  5.6347E-04 -5.6347E-04
   //E13 -3.3781E-04 -6.1257E-03
   //S11  1.3565E+02 -1.3564E+02
   //S22  1.4153E+01 -1.4161E+01
   //S33  1.1825E+01 -1.2593E+01
   //S12  2.6017E+00 -2.6017E+00
   //S23  8.6688E-01 -8.6688E-01
   //S13 -5.1971E-01 -9.4241E+00
   //SMS  1.2385E+02  1.0194E+00
