 fstr_setup: OK
#### Result step=     1
 ##### Local Summary :Max/IdMax/Min/IdMin####
   //U1   3.6757E-15      3021 -1.7768E-15      3221
   //U2   3.9438E-14      3021  0.0000E+00      3001
   //U3   3.7189E+00      3121  0.0000E+00      3001
   //E11  1.2999E-15      3003 -3.0069E-16      3203
   //E22  1.4340E-16      3203 -2.8854E-16      3003
   //E33  0.0000E+00      3001  0.0000E+00      3001
   //E12  5.4355E-16      3101 -2.7011E-16      3003
   //E23  4.3497E-03      3001 -2.1748E-03      3201
   //E13  1.5096E-02      3103  2.5765E-04      3021
   //S11  5.3149E-12      3003 -1.3027E-12      3205
   //S22  7.9462E-13      3103 -5.8252E-14      3121
   //S33  0.0000E+00      3001  0.0000E+00      3001
   //S12  1.6801E-12      3101 -8.1564E-13      3003
   //S23  1.1153E+01      3001 -5.5765E+00      3201
   //S13  3.8707E+01      3103  6.6064E-01      3021
   //SMS  6.7066E+01      3103  1.2540E+00      3021
 ##### @Element :Max/IdMax/Min/IdMin####
   //E11  7.9797E-16      3001 -4.8572E-16      3102
   //E22  1.1102E-16      3102 -1.4919E-16      3001
   //E33  1.2256-316      3103  0.0000E+00      3001
   //E12  0.0000E+00      3001  0.0000E+00      3001
   //E23  0.0000E+00      3001  0.0000E+00      3001
   //E13  0.0000E+00      3001  0.0000E+00      3001
   //S11  3.2685E-12      3001 -2.2737E-12      3106
   //S22  4.4054E-13      3103 -4.5475E-13      3004
   //S33  0.0000E+00      3001  0.0000E+00      3001
   //S12  0.0000E+00      3001  0.0000E+00      3001
   //S23  0.0000E+00      3001  0.0000E+00      3001
   //S13  0.0000E+00      3001  0.0000E+00      3001
   //SMS  3.0917E-12      3001  0.0000E+00      3108
 ##### Global Summary :Max/Min####
   //U1   3.6757E-15 -1.7768E-15
   //U2   3.9438E-14  0.0000E+00
   //U3   3.7189E+00  0.0000E+00
   //E11  1.2999E-15 -3.0069E-16
   //E22  1.4340E-16 -2.8854E-16
   //E33  0.0000E+00  0.0000E+00
   //E12  5.4355E-16 -2.7011E-16
   //E23  4.3497E-03 -2.1748E-03
   //E13  1.5096E-02  2.5765E-04
   //S11  5.3149E-12 -1.3027E-12
   //S22  7.9462E-13 -5.8252E-14
   //S33  0.0000E+00  0.0000E+00
   //S12  1.6801E-12 -8.1564E-13
   //S23  1.1153E+01 -5.5765E+00
   //S13  3.8707E+01  6.6064E-01
   //SMS  6.7066E+01  1.2540E+00
 ##### @Element :Max/Min####
   //E11  7.9797E-16 -4.8572E-16
   //E22  1.1102E-16 -1.4919E-16
   //E33  1.2256-316  0.0000E+00
   //E12  0.0000E+00  0.0000E+00
   //E23  0.0000E+00  0.0000E+00
   //E13  0.0000E+00  0.0000E+00
   //S11  3.2685E-12 -2.2737E-12
   //S22  4.4054E-13 -4.5475E-13
   //S33  0.0000E+00  0.0000E+00
   //S12  0.0000E+00  0.0000E+00
   //S23  0.0000E+00  0.0000E+00
   //S13  0.0000E+00  0.0000E+00
   //SMS  3.0917E-12  0.0000E+00
