 fstr_setup: OK
#### Result step=     1
 ##### Local Summary :Max/IdMax/Min/IdMin####
   //U1   2.1881E-17      3021 -6.3657E-18      3217
   //U2   1.7430E-16      3021  0.0000E+00      3001
   //U3   3.9145E-02      3121  0.0000E+00      3001
   //E11  5.7824E-18      3009 -3.9754E-19      3205
   //E22  3.6535E-19      3207 -1.3496E-18      3009
   //E33  4.5412-317      3001  0.0000E+00      3003
   //E12  2.5010E-18      3109 -7.1264E-19      3007
   //E23  8.9218E-05      3217 -1.0892E-04      3019
   //E13  7.4516E-04      3103  9.7755E-05      3021
   //S11  2.4258E-14      3109 -6.9944E-15      3211
   //S22  2.9051E-15      3107 -1.0165E-15      3121
   //S33  0.0000E+00      3001  0.0000E+00      3001
   //S12  7.7727E-15      3109 -3.5527E-15      3221
   //S23  2.2876E-01      3217 -2.7928E-01      3019
   //S13  1.9107E+00      3103  2.5065E-01      3021
   //SMS  3.3112E+00      3103  4.3614E-01      3021
 ##### @Element :Max/IdMax/Min/IdMin####
   //E11  3.2526E-18      3007 -1.3010E-18      3106
   //E22  3.2526E-19      3108 -6.7763E-19      3007
   //E33  4.5442-317      3013  0.0000E+00      3001
   //E12  0.0000E+00      3001  0.0000E+00      3001
   //E23  0.0000E+00      3001  0.0000E+00      3001
   //E13  0.0000E+00      3001  0.0000E+00      3001
   //S11  1.4211E-14      3116 -1.4211E-14      3112
   //S22  1.9151E-15      3107 -1.5543E-15      3014
   //S33  0.0000E+00      3001  0.0000E+00      3001
   //S12  0.0000E+00      3001  0.0000E+00      3001
   //S23  0.0000E+00      3001  0.0000E+00      3001
   //S13  0.0000E+00      3001  0.0000E+00      3001
   //SMS  1.4211E-14      3112  0.0000E+00      3118
 ##### Global Summary :Max/Min####
   //U1   2.1881E-17 -6.3657E-18
   //U2   1.7430E-16  0.0000E+00
   //U3   3.9145E-02  0.0000E+00
   //E11  5.7824E-18 -3.9754E-19
   //E22  3.6535E-19 -1.3496E-18
   //E33  4.5412-317  0.0000E+00
   //E12  2.5010E-18 -7.1264E-19
   //E23  8.9218E-05 -1.0892E-04
   //E13  7.4516E-04  9.7755E-05
   //S11  2.4258E-14 -6.9944E-15
   //S22  2.9051E-15 -1.0165E-15
   //S33  0.0000E+00  0.0000E+00
   //S12  7.7727E-15 -3.5527E-15
   //S23  2.2876E-01 -2.7928E-01
   //S13  1.9107E+00  2.5065E-01
   //SMS  3.3112E+00  4.3614E-01
 ##### @Element :Max/Min####
   //E11  3.2526E-18 -1.3010E-18
   //E22  3.2526E-19 -6.7763E-19
   //E33  4.5442-317  0.0000E+00
   //E12  0.0000E+00  0.0000E+00
   //E23  0.0000E+00  0.0000E+00
   //E13  0.0000E+00  0.0000E+00
   //S11  1.4211E-14 -1.4211E-14
   //S22  1.9151E-15 -1.5543E-15
   //S33  0.0000E+00  0.0000E+00
   //S12  0.0000E+00  0.0000E+00
   //S23  0.0000E+00  0.0000E+00
   //S13  0.0000E+00  0.0000E+00
   //SMS  1.4211E-14  0.0000E+00
