 fstr_setup: OK
#### Result step=     1
 ##### Local Summary :Max/IdMax/Min/IdMin####
   //U1   1.3168E-16      3015 -1.6484E-16      3221
   //U2   2.2944E-15      3221  0.0000E+00      3001
   //U3   1.1565E-01      3021  0.0000E+00      3001
   //E11  5.6595E-17      3003 -6.2450E-17      3203
   //E22  1.2197E-17      3203 -1.0083E-17      3003
   //E33  1.1565-316      3107  0.0000E+00      3001
   //E12  3.4844E-17      3101 -7.8401E-18      3103
   //E23  4.8078E-04      3113 -1.6769E-04      3111
   //E13  6.7555E-04      3103 -2.7559E-04      3213
   //S11  2.3492E-13      3003 -2.5890E-13      3203
   //S22  5.3069E-14      3001 -5.8398E-14      3201
   //S33  2.7523-317      3201  0.0000E+00      3001
   //S12  1.0721E-13      3101 -2.4092E-14      3103
   //S23  1.2328E+00      3113 -4.2996E-01      3111
   //S13  1.7322E+00      3103 -7.0663E-01      3213
   //SMS  3.0081E+00      3103  3.9237E-01      3105
 ##### @Element :Max/IdMax/Min/IdMin####
   //E11  1.9299E-17      3001 -2.2985E-17      3101
   //E22  6.5052E-18      3103 -5.0958E-18      3003
   //E33  0.0000E+00      3001  0.0000E+00      3001
   //E12  3.0358E-18      3001 -2.1684E-19      3119
   //E23  0.0000E+00      3001  0.0000E+00      3001
   //E13  0.0000E+00      3001  0.0000E+00      3001
   //S11  7.9936E-14      3001 -9.5035E-14      3101
   //S22  1.0658E-14      3001 -1.2434E-14      3101
   //S33  1.1527-316      3105  0.0000E+00      3001
   //S12  9.3536E-15      3001 -6.6787E-16      3119
   //S23  0.0000E+00      3001  0.0000E+00      3001
   //S13  0.0000E+00      3001  0.0000E+00      3001
   //SMS  9.0881E-14      3101  2.5813E-15      3119
 ##### Global Summary :Max/Min####
   //U1   1.3168E-16 -1.6484E-16
   //U2   2.2944E-15  0.0000E+00
   //U3   1.1565E-01  0.0000E+00
   //E11  5.6595E-17 -6.2450E-17
   //E22  1.2197E-17 -1.0083E-17
   //E33  1.1565-316  0.0000E+00
   //E12  3.4844E-17 -7.8401E-18
   //E23  4.8078E-04 -1.6769E-04
   //E13  6.7555E-04 -2.7559E-04
   //S11  2.3492E-13 -2.5890E-13
   //S22  5.3069E-14 -5.8398E-14
   //S33  2.7523-317  0.0000E+00
   //S12  1.0721E-13 -2.4092E-14
   //S23  1.2328E+00 -4.2996E-01
   //S13  1.7322E+00 -7.0663E-01
   //SMS  3.0081E+00  3.9237E-01
 ##### @Element :Max/Min####
   //E11  1.9299E-17 -2.2985E-17
   //E22  6.5052E-18 -5.0958E-18
   //E33  0.0000E+00  0.0000E+00
   //E12  3.0358E-18 -2.1684E-19
   //E23  0.0000E+00  0.0000E+00
   //E13  0.0000E+00  0.0000E+00
   //S11  7.9936E-14 -9.5035E-14
   //S22  1.0658E-14 -1.2434E-14
   //S33  1.1527-316  0.0000E+00
   //S12  9.3536E-15 -6.6787E-16
   //S23  0.0000E+00  0.0000E+00
   //S13  0.0000E+00  0.0000E+00
   //SMS  9.0881E-14  2.5813E-15
