 fstr_setup: OK
#### Result step=     1
 ##### Local Summary :Max/IdMax/Min/IdMin####
   //U1   3.9048E-15      3015 -5.5830E-15      3221
   //U2   7.2558E-14      3221  0.0000E+00      3001
   //U3   3.7445E+00      3121  0.0000E+00      3001
   //E11  1.6515E-15      3003 -1.9915E-15      3203
   //E22  4.0593E-16      3203 -2.8103E-16      3003
   //E33  0.0000E+00      3001  0.0000E+00      3001
   //E12  1.0356E-15      3101 -2.6151E-16      3103
   //E23  3.8556E-04      3203 -3.8556E-04      3003
   //E13  1.0793E-02      3103  2.2093E-04      3221
   //S11  6.8638E-12      3003 -8.2139E-12      3203
   //S22  1.5419E-12      3001 -1.8474E-12      3201
   //S33  1.1797-316      3005  0.0000E+00      3001
   //S12  3.1865E-12      3101 -8.0447E-13      3103
   //S23  9.8861E-01      3203 -9.8861E-01      3003
   //S13  2.7675E+01      3103  5.6649E-01      3221
   //SMS  4.7949E+01      3103  9.8143E-01      3221
 ##### @Element :Max/IdMax/Min/IdMin####
   //E11  5.2736E-16      3001 -7.4940E-16      3101
   //E22  2.1684E-16      3103 -1.4398E-16      3003
   //E33  1.2061-316      3101  0.0000E+00      3001
   //E12  7.8930E-17      3101 -3.8388E-18      3019
   //E23  0.0000E+00      3001  0.0000E+00      3001
   //E13  0.0000E+00      3001  0.0000E+00      3001
   //S11  2.1885E-12      3001 -3.1264E-12      3101
   //S22  2.8422E-13      3001 -4.0501E-13      3101
   //S33  0.0000E+00      3001  0.0000E+00      3001
   //S12  2.4292E-13      3101 -1.1810E-14      3019
   //S23  0.0000E+00      3001  0.0000E+00      3001
   //S13  0.0000E+00      3001  0.0000E+00      3001
   //SMS  2.9748E-12      3101  4.7815E-14      3119
 ##### Global Summary :Max/Min####
   //U1   3.9048E-15 -5.5830E-15
   //U2   7.2558E-14  0.0000E+00
   //U3   3.7445E+00  0.0000E+00
   //E11  1.6515E-15 -1.9915E-15
   //E22  4.0593E-16 -2.8103E-16
   //E33  0.0000E+00  0.0000E+00
   //E12  1.0356E-15 -2.6151E-16
   //E23  3.8556E-04 -3.8556E-04
   //E13  1.0793E-02  2.2093E-04
   //S11  6.8638E-12 -8.2139E-12
   //S22  1.5419E-12 -1.8474E-12
   //S33  1.1797-316  0.0000E+00
   //S12  3.1865E-12 -8.0447E-13
   //S23  9.8861E-01 -9.8861E-01
   //S13  2.7675E+01  5.6649E-01
   //SMS  4.7949E+01  9.8143E-01
 ##### @Element :Max/Min####
   //E11  5.2736E-16 -7.4940E-16
   //E22  2.1684E-16 -1.4398E-16
   //E33  1.2061-316  0.0000E+00
   //E12  7.8930E-17 -3.8388E-18
   //E23  0.0000E+00  0.0000E+00
   //E13  0.0000E+00  0.0000E+00
   //S11  2.1885E-12 -3.1264E-12
   //S22  2.8422E-13 -4.0501E-13
   //S33  0.0000E+00  0.0000E+00
   //S12  2.4292E-13 -1.1810E-14
   //S23  0.0000E+00  0.0000E+00
   //S13  0.0000E+00  0.0000E+00
   //SMS  2.9748E-12  4.7815E-14
