 fstr_setup: OK
#### Result step=     1
 ##### Local Summary :Max/IdMax/Min/IdMin####
   //U1   2.7693E-02       221 -2.7166E-02        21
   //U2   0.0000E+00         1 -3.7112E-01       221
   //E11  3.3170E-03       203 -5.1155E-03         1
   //E22  5.8460E-04         5 -8.0220E-04       203
   //E12  0.0000E+00         1  0.0000E+00         1
   //S11  1.3522E+01       203 -2.2486E+01         1
   //S22  1.6079E+00       201 -6.7457E+00         1
   //S12  0.0000E+00         1  0.0000E+00         1
   //SMS  1.4678E+01         1  4.0553E-01        21
 ##### @Element :Max/IdMax/Min/IdMin####
   //E11  5.2177E-03       102 -5.1155E-03         1
   //E22  6.6156E-04         2 -8.2576E-04       102
   //E12  0.0000E+00         1  0.0000E+00         1
   //S11  2.1846E+01       102 -2.2486E+01         1
   //S22  3.2508E+00       102 -6.7457E+00         1
   //S12  0.0000E+00         1  0.0000E+00         1
   //SMS  1.7086E+01       102  2.2750E-01        18
 ##### Global Summary :Max/Min####
   //U1   2.7693E-02 -2.7166E-02
   //U2   0.0000E+00 -3.7112E-01
   //E11  3.3170E-03 -5.1155E-03
   //E22  5.8460E-04 -8.0220E-04
   //E12  0.0000E+00  0.0000E+00
   //S11  1.3522E+01 -2.2486E+01
   //S22  1.6079E+00 -6.7457E+00
   //S12  0.0000E+00  0.0000E+00
   //SMS  1.4678E+01  4.0553E-01
 ##### @Element :Max/Min####
   //E11  5.2177E-03 -5.1155E-03
   //E22  6.6156E-04 -8.2576E-04
   //E12  0.0000E+00  0.0000E+00
   //S11  2.1846E+01 -2.2486E+01
   //S22  3.2508E+00 -6.7457E+00
   //S12  0.0000E+00  0.0000E+00
   //SMS  1.7086E+01  2.2750E-01
