 fstr_setup: OK
#### Result step=     0
 ##### Local Summary @Node    :Max/IdMax/Min/IdMin####
 //U1    0.0000E+00      3101  0.0000E+00      3101
 //U2    0.0000E+00      3101  0.0000E+00      3101
 //U3    0.0000E+00      3101  0.0000E+00      3101
 //U4    0.0000E+00      3101  0.0000E+00      3101
 //U5    0.0000E+00      3101  0.0000E+00      3101
 //U6    0.0000E+00      3101  0.0000E+00      3101
 //E11   0.0000E+00      3101  0.0000E+00      3101
 //E22   0.0000E+00      3101  0.0000E+00      3101
 //E33   0.0000E+00      3101  0.0000E+00      3101
 //E12   0.0000E+00      3101  0.0000E+00      3101
 //E23   0.0000E+00      3101  0.0000E+00      3101
 //E31   0.0000E+00      3101  0.0000E+00      3101
 //S11   0.0000E+00      3101  0.0000E+00      3101
 //S22   0.0000E+00      3101  0.0000E+00      3101
 //S33   0.0000E+00      3101  0.0000E+00      3101
 //S12   0.0000E+00      3101  0.0000E+00      3101
 //S23   0.0000E+00      3101  0.0000E+00      3101
 //S31   0.0000E+00      3101  0.0000E+00      3101
 //SMS   0.0000E+00      3101  0.0000E+00      3101
 ##### Local Summary @Element :Max/IdMax/Min/IdMin####
 //E11   0.0000E+00      3101  0.0000E+00      3101
 //E22   0.0000E+00      3101  0.0000E+00      3101
 //E33   0.0000E+00      3101  0.0000E+00      3101
 //E12   0.0000E+00      3101  0.0000E+00      3101
 //E23   0.0000E+00      3101  0.0000E+00      3101
 //E31   0.0000E+00      3101  0.0000E+00      3101
 //S11   0.0000E+00      3101  0.0000E+00      3101
 //S22   0.0000E+00      3101  0.0000E+00      3101
 //S33   0.0000E+00      3101  0.0000E+00      3101
 //S12   0.0000E+00      3101  0.0000E+00      3101
 //S23   0.0000E+00      3101  0.0000E+00      3101
 //S31   0.0000E+00      3101  0.0000E+00      3101
 //SMS   0.0000E+00      3101  0.0000E+00      3101
 ##### Global Summary @Node    :Max/IdMax/Min/IdMin####
 //U1    0.0000E+00      3101  0.0000E+00      3101
 //U2    0.0000E+00      3101  0.0000E+00      3101
 //U3    0.0000E+00      3101  0.0000E+00      3101
 //U4    0.0000E+00      3101  0.0000E+00      3101
 //U5    0.0000E+00      3101  0.0000E+00      3101
 //U6    0.0000E+00      3101  0.0000E+00      3101
 //E11   0.0000E+00      3101  0.0000E+00      3101
 //E22   0.0000E+00      3101  0.0000E+00      3101
 //E33   0.0000E+00      3101  0.0000E+00      3101
 //E12   0.0000E+00      3101  0.0000E+00      3101
 //E23   0.0000E+00      3101  0.0000E+00      3101
 //E31   0.0000E+00      3101  0.0000E+00      3101
 //S11   0.0000E+00      3101  0.0000E+00      3101
 //S22   0.0000E+00      3101  0.0000E+00      3101
 //S33   0.0000E+00      3101  0.0000E+00      3101
 //S12   0.0000E+00      3101  0.0000E+00      3101
 //S23   0.0000E+00      3101  0.0000E+00      3101
 //S31   0.0000E+00      3101  0.0000E+00      3101
 //SMS   0.0000E+00      3101  0.0000E+00      3101
 ##### Global Summary @Element :Max/IdMax/Min/IdMin####
 //E11   0.0000E+00      3101  0.0000E+00      3101
 //E22   0.0000E+00      3101  0.0000E+00      3101
 //E33   0.0000E+00      3101  0.0000E+00      3101
 //E12   0.0000E+00      3101  0.0000E+00      3101
 //E23   0.0000E+00      3101  0.0000E+00      3101
 //E31   0.0000E+00      3101  0.0000E+00      3101
 //S11   0.0000E+00      3101  0.0000E+00      3101
 //S22   0.0000E+00      3101  0.0000E+00      3101
 //S33   0.0000E+00      3101  0.0000E+00      3101
 //S12   0.0000E+00      3101  0.0000E+00      3101
 //S23   0.0000E+00      3101  0.0000E+00      3101
 //S31   0.0000E+00      3101  0.0000E+00      3101
 //SMS   0.0000E+00      3101  0.0000E+00      3101
#### Result step=     1
 ##### Local Summary @Node    :Max/IdMax/Min/IdMin####
 //U1    0.0000E+00      3101  0.0000E+00      3101
 //U2    0.0000E+00      3101  0.0000E+00      3101
 //U3    0.0000E+00      3101 -1.0000E+00      3121
 //U4    0.0000E+00      3101  0.0000E+00      3101
 //U5    1.5000E-01      3121  0.0000E+00      3101
 //U6    0.0000E+00      3101  0.0000E+00      3101
 //E11   0.0000E+00      3101  0.0000E+00      3101
 //E22   0.0000E+00      3101  0.0000E+00      3101
 //E33   0.0000E+00      3101  0.0000E+00      3101
 //E12   0.0000E+00      3101  0.0000E+00      3101
 //E23   0.0000E+00      3101  0.0000E+00      3101
 //E31   0.0000E+00      3101  0.0000E+00      3101
 //S11   0.0000E+00      3101  0.0000E+00      3101
 //S22   0.0000E+00      3101  0.0000E+00      3101
 //S33   0.0000E+00      3101  0.0000E+00      3101
 //S12   0.0000E+00      3101  0.0000E+00      3101
 //S23   0.0000E+00      3101  0.0000E+00      3101
 //S31   0.0000E+00      3101  0.0000E+00      3101
 //SMS   0.0000E+00      3101  0.0000E+00      3101
 ##### Local Summary @Element :Max/IdMax/Min/IdMin####
 //E11   0.0000E+00      3101  0.0000E+00      3101
 //E22   0.0000E+00      3101  0.0000E+00      3101
 //E33   0.0000E+00      3101  0.0000E+00      3101
 //E12   0.0000E+00      3101  0.0000E+00      3101
 //E23   0.0000E+00      3101  0.0000E+00      3101
 //E31   0.0000E+00      3101  0.0000E+00      3101
 //S11   0.0000E+00      3101  0.0000E+00      3101
 //S22   0.0000E+00      3101  0.0000E+00      3101
 //S33   0.0000E+00      3101  0.0000E+00      3101
 //S12   0.0000E+00      3101  0.0000E+00      3101
 //S23   0.0000E+00      3101  0.0000E+00      3101
 //S31   0.0000E+00      3101  0.0000E+00      3101
 //SMS   0.0000E+00      3101  0.0000E+00      3101
 ##### Global Summary @Node    :Max/IdMax/Min/IdMin####
 //U1    0.0000E+00      3101  0.0000E+00      3101
 //U2    0.0000E+00      3101  0.0000E+00      3101
 //U3    0.0000E+00      3101 -1.0000E+00      3121
 //U4    0.0000E+00      3101  0.0000E+00      3101
 //U5    1.5000E-01      3121  0.0000E+00      3101
 //U6    0.0000E+00      3101  0.0000E+00      3101
 //E11   0.0000E+00      3101  0.0000E+00      3101
 //E22   0.0000E+00      3101  0.0000E+00      3101
 //E33   0.0000E+00      3101  0.0000E+00      3101
 //E12   0.0000E+00      3101  0.0000E+00      3101
 //E23   0.0000E+00      3101  0.0000E+00      3101
 //E31   0.0000E+00      3101  0.0000E+00      3101
 //S11   0.0000E+00      3101  0.0000E+00      3101
 //S22   0.0000E+00      3101  0.0000E+00      3101
 //S33   0.0000E+00      3101  0.0000E+00      3101
 //S12   0.0000E+00      3101  0.0000E+00      3101
 //S23   0.0000E+00      3101  0.0000E+00      3101
 //S31   0.0000E+00      3101  0.0000E+00      3101
 //SMS   0.0000E+00      3101  0.0000E+00      3101
 ##### Global Summary @Element :Max/IdMax/Min/IdMin####
 //E11   0.0000E+00      3101  0.0000E+00      3101
 //E22   0.0000E+00      3101  0.0000E+00      3101
 //E33   0.0000E+00      3101  0.0000E+00      3101
 //E12   0.0000E+00      3101  0.0000E+00      3101
 //E23   0.0000E+00      3101  0.0000E+00      3101
 //E31   0.0000E+00      3101  0.0000E+00      3101
 //S11   0.0000E+00      3101  0.0000E+00      3101
 //S22   0.0000E+00      3101  0.0000E+00      3101
 //S33   0.0000E+00      3101  0.0000E+00      3101
 //S12   0.0000E+00      3101  0.0000E+00      3101
 //S23   0.0000E+00      3101  0.0000E+00      3101
 //S31   0.0000E+00      3101  0.0000E+00      3101
 //SMS   0.0000E+00      3101  0.0000E+00      3101
