 fstr_setup: OK
#### Result step=     1
 ##### Local Summary :Max/IdMax/Min/IdMin####
   //U1   5.1350E-16      3221 -1.0433E-15      3021
   //U2   0.0000E+00      3001 -1.1198E-14      3021
   //U3   0.0000E+00      3001 -9.9075E-01      3121
   //E11  8.5291E-17      3203 -3.6227E-16      3003
   //E22  7.9580E-17      3003 -3.2165E-17      3203
   //E33  0.0000E+00      3001  0.0000E+00      3001
   //E12  8.0376E-17      3003 -1.5151E-16      3101
   //E23  4.8526E-04      3201 -9.7052E-04      3001
   //E13 -3.2041E-04      3001 -1.9390E-03      3103
   //S11  3.9435E-13      3203 -1.4945E-12      3003
   //S22  1.9540E-14      3201 -1.9777E-13      3103
   //S33  9.8433-317      3115  0.0000E+00      3001
   //S12  2.4632E-13      3003 -4.6626E-13      3101
   //S23  1.2443E+00      3201 -2.4885E+00      3001
   //S13 -8.2156E-01      3001 -4.9719E+00      3103
   //SMS  8.6204E+00      3103  2.0967E+00      3021
 ##### @Element :Max/IdMax/Min/IdMin####
   //E11  1.3704E-16      3102 -2.2031E-16      3001
   //E22  4.1200E-17      3001 -1.7347E-17      3102
   //E33  0.0000E+00      3001  0.0000E+00      3001
   //E12  0.0000E+00      3001  0.0000E+00      3001
   //E23  0.0000E+00      3001  0.0000E+00      3001
   //E13  0.0000E+00      3001  0.0000E+00      3001
   //S11  7.9581E-13      3102 -9.1660E-13      3001
   //S22  1.4211E-13      3102 -1.2612E-13      3103
   //S33  9.9090-317      3102  0.0000E+00      3001
   //S12  0.0000E+00      3001  0.0000E+00      3001
   //S23  0.0000E+00      3001  0.0000E+00      3001
   //S13  0.0000E+00      3001  0.0000E+00      3001
   //SMS  8.6680E-13      3001  0.0000E+00      3114
 ##### Global Summary :Max/Min####
   //U1   5.1350E-16 -1.0433E-15
   //U2   0.0000E+00 -1.1198E-14
   //U3   0.0000E+00 -9.9075E-01
   //E11  8.5291E-17 -3.6227E-16
   //E22  7.9580E-17 -3.2165E-17
   //E33  0.0000E+00  0.0000E+00
   //E12  8.0376E-17 -1.5151E-16
   //E23  4.8526E-04 -9.7052E-04
   //E13 -3.2041E-04 -1.9390E-03
   //S11  3.9435E-13 -1.4945E-12
   //S22  1.9540E-14 -1.9777E-13
   //S33  9.8433-317  0.0000E+00
   //S12  2.4632E-13 -4.6626E-13
   //S23  1.2443E+00 -2.4885E+00
   //S13 -8.2156E-01 -4.9719E+00
   //SMS  8.6204E+00  2.0967E+00
 ##### @Element :Max/Min####
   //E11  1.3704E-16 -2.2031E-16
   //E22  4.1200E-17 -1.7347E-17
   //E33  0.0000E+00  0.0000E+00
   //E12  0.0000E+00  0.0000E+00
   //E23  0.0000E+00  0.0000E+00
   //E13  0.0000E+00  0.0000E+00
   //S11  7.9581E-13 -9.1660E-13
   //S22  1.4211E-13 -1.2612E-13
   //S33  9.9090-317  0.0000E+00
   //S12  0.0000E+00  0.0000E+00
   //S23  0.0000E+00  0.0000E+00
   //S13  0.0000E+00  0.0000E+00
   //SMS  8.6680E-13  0.0000E+00
