 fstr_setup: OK
#### Result step=     1
 ##### Local Summary :Max/IdMax/Min/IdMin####
   //U1   6.9733E-16      3221 -1.2265E-15      3021
   //U2   0.0000E+00      3001 -1.3981E-14      3021
   //U3   0.0000E+00      3001 -9.9075E-01      3121
   //E11  1.2895E-16      3203 -4.4033E-16      3003
   //E22  9.3747E-17      3003 -4.8066E-17      3203
   //E33  0.0000E+00      3001  0.0000E+00      3001
   //E12  1.0016E-16      3003 -1.9392E-16      3101
   //E23  4.8526E-04      3201 -9.7052E-04      3001
   //E13 -3.2041E-04      3001 -1.9390E-03      3103
   //S11  6.5370E-13      3205 -1.8024E-12      3003
   //S22  2.8422E-14      3201 -2.4040E-13      3103
   //S33  0.0000E+00      3001  0.0000E+00      3001
   //S12  3.0498E-13      3003 -5.9502E-13      3101
   //S23  1.2443E+00      3201 -2.4885E+00      3001
   //S13 -8.2156E-01      3001 -4.9719E+00      3103
   //SMS  8.6204E+00      3103  2.0967E+00      3021
 ##### @Element :Max/IdMax/Min/IdMin####
   //E11  1.8562E-16      3102 -2.6888E-16      3001
   //E22  4.8789E-17      3001 -2.4286E-17      3102
   //E33  0.0000E+00      3001  0.0000E+00      3001
   //E12  0.0000E+00      3001  0.0000E+00      3001
   //E23  0.0000E+00      3001  0.0000E+00      3001
   //E13  0.0000E+00      3001  0.0000E+00      3001
   //S11  9.0949E-13      3104 -1.1156E-12      3001
   //S22  1.7053E-13      3102 -1.6165E-13      3103
   //S33  1.8667-316      3114  0.0000E+00      3001
   //S12  0.0000E+00      3001  0.0000E+00      3001
   //S23  0.0000E+00      3001  0.0000E+00      3001
   //S13  0.0000E+00      3001  0.0000E+00      3001
   //SMS  1.0524E-12      3001  4.5883E-15      3119
 ##### Global Summary :Max/Min####
   //U1   6.9733E-16 -1.2265E-15
   //U2   0.0000E+00 -1.3981E-14
   //U3   0.0000E+00 -9.9075E-01
   //E11  1.2895E-16 -4.4033E-16
   //E22  9.3747E-17 -4.8066E-17
   //E33  0.0000E+00  0.0000E+00
   //E12  1.0016E-16 -1.9392E-16
   //E23  4.8526E-04 -9.7052E-04
   //E13 -3.2041E-04 -1.9390E-03
   //S11  6.5370E-13 -1.8024E-12
   //S22  2.8422E-14 -2.4040E-13
   //S33  0.0000E+00  0.0000E+00
   //S12  3.0498E-13 -5.9502E-13
   //S23  1.2443E+00 -2.4885E+00
   //S13 -8.2156E-01 -4.9719E+00
   //SMS  8.6204E+00  2.0967E+00
 ##### @Element :Max/Min####
   //E11  1.8562E-16 -2.6888E-16
   //E22  4.8789E-17 -2.4286E-17
   //E33  0.0000E+00  0.0000E+00
   //E12  0.0000E+00  0.0000E+00
   //E23  0.0000E+00  0.0000E+00
   //E13  0.0000E+00  0.0000E+00
   //S11  9.0949E-13 -1.1156E-12
   //S22  1.7053E-13 -1.6165E-13
   //S33  1.8667-316  0.0000E+00
   //S12  0.0000E+00  0.0000E+00
   //S23  0.0000E+00  0.0000E+00
   //S13  0.0000E+00  0.0000E+00
   //SMS  1.0524E-12  4.5883E-15
