 fstr_setup: OK
#### Result step=     1
 ##### Local Summary :Max/IdMax/Min/IdMin####
   //U1   1.5895E-15      3221 -1.1346E-15      3015
   //U2   0.0000E+00      3001 -2.0829E-14      3221
   //U3   0.0000E+00      3001 -9.9613E-01      3121
   //E11  5.6639E-16      3203 -4.7878E-16      3003
   //E22  8.3267E-17      3003 -1.1449E-16      3203
   //E33  1.8731-316      3213  0.0000E+00      3001
   //E12  7.7690E-17      3103 -2.9774E-16      3101
   //E23  7.6503E-05      3003 -7.6503E-05      3203
   //E13 -4.8215E-05      3201 -1.4432E-03      3103
   //S11  2.3395E-12      3203 -1.9895E-12      3003
   //S22  5.2403E-13      3201 -4.4764E-13      3001
   //S33  0.0000E+00      3001  0.0000E+00      3001
   //S12  2.3889E-13      3103 -9.1611E-13      3101
   //S23  1.9616E-01      3003 -1.9616E-01      3203
   //S13 -1.2363E-01      3201 -3.7005E+00      3103
   //SMS  6.4135E+00      3103  2.1413E-01      3201
 ##### @Element :Max/IdMax/Min/IdMin####
   //E11  2.1337E-16      3101 -1.5526E-16      3001
   //E22  4.1633E-17      3003 -6.1583E-17      3103
   //E33  1.8795-316      3011  0.0000E+00      3001
   //E12 -1.3824E-18      3119 -2.4178E-17      3101
   //E23  0.0000E+00      3001  0.0000E+00      3001
   //E13  0.0000E+00      3001  0.0000E+00      3001
   //S11  8.8818E-13      3101 -6.4659E-13      3001
   //S22  1.1369E-13      3101 -8.2601E-14      3001
   //S33  0.0000E+00      3001  0.0000E+00      3001
   //S12 -4.2535E-15      3119 -7.4163E-14      3101
   //S23  0.0000E+00      3001  0.0000E+00      3001
   //S13  0.0000E+00      3001  0.0000E+00      3001
   //SMS  8.4694E-13      3101  2.9000E-14      3119
 ##### Global Summary :Max/Min####
   //U1   1.5895E-15 -1.1346E-15
   //U2   0.0000E+00 -2.0829E-14
   //U3   0.0000E+00 -9.9613E-01
   //E11  5.6639E-16 -4.7878E-16
   //E22  8.3267E-17 -1.1449E-16
   //E33  1.8731-316  0.0000E+00
   //E12  7.7690E-17 -2.9774E-16
   //E23  7.6503E-05 -7.6503E-05
   //E13 -4.8215E-05 -1.4432E-03
   //S11  2.3395E-12 -1.9895E-12
   //S22  5.2403E-13 -4.4764E-13
   //S33  0.0000E+00  0.0000E+00
   //S12  2.3889E-13 -9.1611E-13
   //S23  1.9616E-01 -1.9616E-01
   //S13 -1.2363E-01 -3.7005E+00
   //SMS  6.4135E+00  2.1413E-01
 ##### @Element :Max/Min####
   //E11  2.1337E-16 -1.5526E-16
   //E22  4.1633E-17 -6.1583E-17
   //E33  1.8795-316  0.0000E+00
   //E12 -1.3824E-18 -2.4178E-17
   //E23  0.0000E+00  0.0000E+00
   //E13  0.0000E+00  0.0000E+00
   //S11  8.8818E-13 -6.4659E-13
   //S22  1.1369E-13 -8.2601E-14
   //S33  0.0000E+00  0.0000E+00
   //S12 -4.2535E-15 -7.4163E-14
   //S23  0.0000E+00  0.0000E+00
   //S13  0.0000E+00  0.0000E+00
   //SMS  8.4694E-13  2.9000E-14
