 fstr_setup: OK
#### Result step=     0
 ##### Local Summary @Node    :Max/IdMax/Min/IdMin####
 //U1    0.0000E+00         1  0.0000E+00         1
 //U2    0.0000E+00         1  0.0000E+00         1
 //U3    0.0000E+00         1  0.0000E+00         1
 //E11   0.0000E+00         1  0.0000E+00         1
 //E22   0.0000E+00         1  0.0000E+00         1
 //E33   0.0000E+00         1  0.0000E+00         1
 //E12   0.0000E+00         1  0.0000E+00         1
 //E23   0.0000E+00         1  0.0000E+00         1
 //E31   0.0000E+00         1  0.0000E+00         1
 //S11   0.0000E+00         1  0.0000E+00         1
 //S22   0.0000E+00         1  0.0000E+00         1
 //S33   0.0000E+00         1  0.0000E+00         1
 //S12   0.0000E+00         1  0.0000E+00         1
 //S23   0.0000E+00         1  0.0000E+00         1
 //S31   0.0000E+00         1  0.0000E+00         1
 //SMS   0.0000E+00         1  0.0000E+00         1
 ##### Local Summary @Element :Max/IdMax/Min/IdMin####
 //E11   0.0000E+00         1  0.0000E+00         1
 //E22   0.0000E+00         1  0.0000E+00         1
 //E33   0.0000E+00         1  0.0000E+00         1
 //E12   0.0000E+00         1  0.0000E+00         1
 //E23   0.0000E+00         1  0.0000E+00         1
 //E31   0.0000E+00         1  0.0000E+00         1
 //S11   0.0000E+00         1  0.0000E+00         1
 //S22   0.0000E+00         1  0.0000E+00         1
 //S33   0.0000E+00         1  0.0000E+00         1
 //S12   0.0000E+00         1  0.0000E+00         1
 //S23   0.0000E+00         1  0.0000E+00         1
 //S31   0.0000E+00         1  0.0000E+00         1
 //SMS   0.0000E+00         1  0.0000E+00         1
 ##### Global Summary @Node    :Max/IdMax/Min/IdMin####
 //U1    0.0000E+00         1  0.0000E+00         1
 //U2    0.0000E+00         1  0.0000E+00         1
 //U3    0.0000E+00         1  0.0000E+00         1
 //E11   0.0000E+00         1  0.0000E+00         1
 //E22   0.0000E+00         1  0.0000E+00         1
 //E33   0.0000E+00         1  0.0000E+00         1
 //E12   0.0000E+00         1  0.0000E+00         1
 //E23   0.0000E+00         1  0.0000E+00         1
 //E31   0.0000E+00         1  0.0000E+00         1
 //S11   0.0000E+00         1  0.0000E+00         1
 //S22   0.0000E+00         1  0.0000E+00         1
 //S33   0.0000E+00         1  0.0000E+00         1
 //S12   0.0000E+00         1  0.0000E+00         1
 //S23   0.0000E+00         1  0.0000E+00         1
 //S31   0.0000E+00         1  0.0000E+00         1
 //SMS   0.0000E+00         1  0.0000E+00         1
 ##### Global Summary @Element :Max/IdMax/Min/IdMin####
 //E11   0.0000E+00         1  0.0000E+00         1
 //E22   0.0000E+00         1  0.0000E+00         1
 //E33   0.0000E+00         1  0.0000E+00         1
 //E12   0.0000E+00         1  0.0000E+00         1
 //E23   0.0000E+00         1  0.0000E+00         1
 //E31   0.0000E+00         1  0.0000E+00         1
 //S11   0.0000E+00         1  0.0000E+00         1
 //S22   0.0000E+00         1  0.0000E+00         1
 //S33   0.0000E+00         1  0.0000E+00         1
 //S12   0.0000E+00         1  0.0000E+00         1
 //S23   0.0000E+00         1  0.0000E+00         1
 //S31   0.0000E+00         1  0.0000E+00         1
 //SMS   0.0000E+00         1  0.0000E+00         1
#### Result step=     1
 ##### Local Summary @Node    :Max/IdMax/Min/IdMin####
 //U1    3.1205E-03         3 -3.1243E-03         4
 //U2    0.0000E+00         9 -9.0395E-03         3
 //U3    3.0942E-04         5 -3.0942E-04         7
 //E11   2.2488E-03        11 -2.3252E-03        12
 //E22   1.0323E-04         5 -3.8888E-04         4
 //E33   6.1880E-04         5 -5.4878E-04         6
 //E12   5.1581E-04         2 -2.9025E-03        10
 //E23   5.8400E-04         6 -5.8400E-04         8
 //E31   3.0920E-04         9 -3.0920E-04        11
 //S11   1.1828E-01        11 -1.1620E-01        12
 //S22   6.2702E-02        12 -5.4657E-02        11
 //S33   6.2187E-02        12 -5.5131E-02        11
 //S12   1.9830E-02         4 -1.1133E-01        12
 //S23   2.2485E-02         6 -2.2485E-02         8
 //S31   1.1880E-02         9 -1.1880E-02        11
 //SMS   2.6351E-01        12  5.9620E-02         4
 ##### Local Summary @Element :Max/IdMax/Min/IdMin####
 //E11   4.6999E-05         1 -3.2303E-05         2
 //E22   4.9459E-05         2 -1.3902E-04         1
 //E33   2.5748E-05         1  1.7511E-05         2
 //E12  -5.6958E-04         2 -5.7208E-04         1
 //E23   2.8054E-18         1 -1.0978E-18         2
 //E31   7.5217E-19         2 -8.1146E-19         1
 //S11   6.5469E-06         2 -1.1330E-04         1
 //S22   6.1479E-03         2 -1.4426E-02         1
 //S33   3.5463E-03         2 -1.7983E-03         1
 //S12  -2.1906E-02         2 -2.2001E-02         1
 //S23   1.4203E-16         1 -4.9006E-17         2
 //S31   2.9707E-17         2 -3.0303E-17         1
 //SMS   4.0444E-02         1  3.8316E-02         2
 ##### Global Summary @Node    :Max/IdMax/Min/IdMin####
 //U1    3.1205E-03         3 -3.1243E-03         4
 //U2    0.0000E+00         9 -9.0395E-03         3
 //U3    3.0942E-04         5 -3.0942E-04         7
 //E11   2.2488E-03        11 -2.3252E-03        12
 //E22   1.0323E-04         5 -3.8888E-04         4
 //E33   6.1880E-04         5 -5.4878E-04         6
 //E12   5.1581E-04         2 -2.9025E-03        10
 //E23   5.8400E-04         6 -5.8400E-04         8
 //E31   3.0920E-04         9 -3.0920E-04        11
 //S11   1.1828E-01        11 -1.1620E-01        12
 //S22   6.2702E-02        12 -5.4657E-02        11
 //S33   6.2187E-02        12 -5.5131E-02        11
 //S12   1.9830E-02         4 -1.1133E-01        12
 //S23   2.2485E-02         6 -2.2485E-02         8
 //S31   1.1880E-02         9 -1.1880E-02        11
 //SMS   2.6351E-01        12  5.9620E-02         4
 ##### Global Summary @Element :Max/IdMax/Min/IdMin####
 //E11   4.6999E-05         1 -3.2303E-05         2
 //E22   4.9459E-05         2 -1.3902E-04         1
 //E33   2.5748E-05         1  1.7511E-05         2
 //E12  -5.6958E-04         2 -5.7208E-04         1
 //E23   2.8054E-18         1 -1.0978E-18         2
 //E31   7.5217E-19         2 -8.1146E-19         1
 //S11   6.5469E-06         2 -1.1330E-04         1
 //S22   6.1479E-03         2 -1.4426E-02         1
 //S33   3.5463E-03         2 -1.7983E-03         1
 //S12  -2.1906E-02         2 -2.2001E-02         1
 //S23   1.4203E-16         1 -4.9006E-17         2
 //S31   2.9707E-17         2 -3.0303E-17         1
 //SMS   4.0444E-02         1  3.8316E-02         2
#### Result step=     2
 ##### Local Summary @Node    :Max/IdMax/Min/IdMin####
 //U1    6.2031E-03         1 -6.3006E-03         2
 //U2    0.0000E+00         9 -1.8112E-02         3
 //U3    6.2010E-04         5 -6.2010E-04         7
 //E11   4.4835E-03        11 -4.6723E-03        12
 //E22   2.0968E-04         7 -7.8464E-04         2
 //E33   1.2400E-03         5 -1.0979E-03         6
 //E12   1.0501E-03         2 -5.7967E-03        12
 //E23   1.1698E-03         6 -1.1698E-03         8
 //E31   6.1921E-04         9 -6.1921E-04        11
 //S11   2.3527E-01        11 -2.3393E-01        12
 //S22   1.2563E-01        12 -1.0942E-01        11
 //S33   1.2358E-01        12 -1.1132E-01        11
 //S12   4.0349E-02         2 -2.2174E-01        12
 //S23   4.5085E-02         6 -4.5085E-02         8
 //S31   2.3768E-02         9 -2.3768E-02        11
 //SMS   5.2670E-01        12  1.1969E-01         4
 ##### Local Summary @Element :Max/IdMax/Min/IdMin####
 //E11   8.8563E-05         1 -7.0863E-05         2
 //E22   9.6154E-05         2 -2.7222E-04         1
 //E33   5.1078E-05         1  3.5547E-05         2
 //E12  -1.1368E-03         2 -1.1466E-03         1
 //E23   1.3229E-13         1 -1.6069E-14         2
 //E31  -2.3800E-14         1 -3.9654E-14         2
 //S11   2.6799E-05         2 -4.5440E-04         1
 //S22   1.2281E-02         2 -2.8219E-02         1
 //S33   7.0425E-03         2 -3.5402E-03         1
 //S12  -4.3717E-02         2 -4.4093E-02         1
 //S23   5.0885E-12         1 -6.1673E-13         2
 //S31  -9.3025E-13         1 -1.5601E-12         2
 //SMS   8.0792E-02         1  7.6465E-02         2
 ##### Global Summary @Node    :Max/IdMax/Min/IdMin####
 //U1    6.2031E-03         1 -6.3006E-03         2
 //U2    0.0000E+00         9 -1.8112E-02         3
 //U3    6.2010E-04         5 -6.2010E-04         7
 //E11   4.4835E-03        11 -4.6723E-03        12
 //E22   2.0968E-04         7 -7.8464E-04         2
 //E33   1.2400E-03         5 -1.0979E-03         6
 //E12   1.0501E-03         2 -5.7967E-03        12
 //E23   1.1698E-03         6 -1.1698E-03         8
 //E31   6.1921E-04         9 -6.1921E-04        11
 //S11   2.3527E-01        11 -2.3393E-01        12
 //S22   1.2563E-01        12 -1.0942E-01        11
 //S33   1.2358E-01        12 -1.1132E-01        11
 //S12   4.0349E-02         2 -2.2174E-01        12
 //S23   4.5085E-02         6 -4.5085E-02         8
 //S31   2.3768E-02         9 -2.3768E-02        11
 //SMS   5.2670E-01        12  1.1969E-01         4
 ##### Global Summary @Element :Max/IdMax/Min/IdMin####
 //E11   8.8563E-05         1 -7.0863E-05         2
 //E22   9.6154E-05         2 -2.7222E-04         1
 //E33   5.1078E-05         1  3.5547E-05         2
 //E12  -1.1368E-03         2 -1.1466E-03         1
 //E23   1.3229E-13         1 -1.6069E-14         2
 //E31  -2.3800E-14         1 -3.9654E-14         2
 //S11   2.6799E-05         2 -4.5440E-04         1
 //S22   1.2281E-02         2 -2.8219E-02         1
 //S33   7.0425E-03         2 -3.5402E-03         1
 //S12  -4.3717E-02         2 -4.4093E-02         1
 //S23   5.0885E-12         1 -6.1673E-13         2
 //S31  -9.3025E-13         1 -1.5601E-12         2
 //SMS   8.0792E-02         1  7.6465E-02         2
#### Result step=     3
 ##### Local Summary @Node    :Max/IdMax/Min/IdMin####
 //U1    9.2470E-03         1 -9.5286E-03         2
 //U2    0.0000E+00         9 -2.7215E-02         3
 //U3    9.3199E-04         5 -9.3199E-04         7
 //E11   6.7039E-03        11 -7.0414E-03        12
 //E22   3.1949E-04         7 -1.1875E-03         2
 //E33   1.8636E-03         5 -1.6473E-03         6
 //E12   1.6025E-03         2 -8.6823E-03        12
 //E23   1.7573E-03         6 -1.7573E-03         8
 //E31   9.2999E-04         9 -9.2999E-04        11
 //S11   3.5093E-01        11 -3.5318E-01        12
 //S22   1.8876E-01        12 -1.6426E-01        11
 //S33   1.8416E-01        12 -1.6857E-01        11
 //S12   6.1545E-02         2 -3.3120E-01        12
 //S23   6.7800E-02         6 -6.7800E-02         8
 //S31   3.5659E-02         9 -3.5659E-02        11
 //SMS   7.8953E-01        12  1.8020E-01         4
 ##### Local Summary @Element :Max/IdMax/Min/IdMin####
 //E11   1.2464E-04         1 -1.1568E-04         2
 //E22   1.4004E-04         2 -3.9957E-04         1
 //E33   7.5994E-05         1  5.4109E-05         2
 //E12  -1.7016E-03         2 -1.7234E-03         1
 //E23   1.3238E-13         1 -1.5526E-14         2
 //E31  -2.3015E-14         1 -3.9261E-14         2
 //S11   6.1617E-05         2 -1.0253E-03         1
 //S22   1.8396E-02         2 -4.1379E-02         1
 //S33   1.0488E-02         2 -5.2251E-03         1
 //S12  -6.5434E-02         2 -6.6269E-02         1
 //S23   5.0918E-12         1 -5.9513E-13         2
 //S31  -9.0734E-13         1 -1.5631E-12         2
 //SMS   1.2104E-01         1  1.1445E-01         2
 ##### Global Summary @Node    :Max/IdMax/Min/IdMin####
 //U1    9.2470E-03         1 -9.5286E-03         2
 //U2    0.0000E+00         9 -2.7215E-02         3
 //U3    9.3199E-04         5 -9.3199E-04         7
 //E11   6.7039E-03        11 -7.0414E-03        12
 //E22   3.1949E-04         7 -1.1875E-03         2
 //E33   1.8636E-03         5 -1.6473E-03         6
 //E12   1.6025E-03         2 -8.6823E-03        12
 //E23   1.7573E-03         6 -1.7573E-03         8
 //E31   9.2999E-04         9 -9.2999E-04        11
 //S11   3.5093E-01        11 -3.5318E-01        12
 //S22   1.8876E-01        12 -1.6426E-01        11
 //S33   1.8416E-01        12 -1.6857E-01        11
 //S12   6.1545E-02         2 -3.3120E-01        12
 //S23   6.7800E-02         6 -6.7800E-02         8
 //S31   3.5659E-02         9 -3.5659E-02        11
 //SMS   7.8953E-01        12  1.8020E-01         4
 ##### Global Summary @Element :Max/IdMax/Min/IdMin####
 //E11   1.2464E-04         1 -1.1568E-04         2
 //E22   1.4004E-04         2 -3.9957E-04         1
 //E33   7.5994E-05         1  5.4109E-05         2
 //E12  -1.7016E-03         2 -1.7234E-03         1
 //E23   1.3238E-13         1 -1.5526E-14         2
 //E31  -2.3015E-14         1 -3.9261E-14         2
 //S11   6.1617E-05         2 -1.0253E-03         1
 //S22   1.8396E-02         2 -4.1379E-02         1
 //S33   1.0488E-02         2 -5.2251E-03         1
 //S12  -6.5434E-02         2 -6.6269E-02         1
 //S23   5.0918E-12         1 -5.9513E-13         2
 //S31  -9.0734E-13         1 -1.5631E-12         2
 //SMS   1.2104E-01         1  1.1445E-01         2
#### Result step=     4
 ##### Local Summary @Node    :Max/IdMax/Min/IdMin####
 //U1    1.2251E-02         1 -1.2808E-02         2
 //U2    0.0000E+00         9 -3.6349E-02         3
 //U3    1.2451E-03         5 -1.2451E-03         7
 //E11   8.9098E-03        11 -9.4322E-03        12
 //E22   4.3277E-04         7 -1.5976E-03         2
 //E33   2.4895E-03         5 -2.1970E-03         6
 //E12   2.1728E-03         2 -1.1559E-02        12
 //E23   2.3465E-03         6 -2.3465E-03         8
 //E31   1.2415E-03         9 -1.2415E-03        11
 //S11   4.6524E-01        11 -4.7392E-01        12
 //S22   2.5207E-01        12 -2.1917E-01        11
 //S33   2.4392E-01        12 -2.2686E-01        11
 //S12   8.3406E-02         2 -4.3996E-01         9
 //S23   9.0625E-02         6 -9.0625E-02         8
 //S31   4.7551E-02         9 -4.7551E-02        11
 //SMS   1.0520E+00        12  2.4113E-01         4
 ##### Local Summary @Element :Max/IdMax/Min/IdMin####
 //E11   1.5519E-04         1 -1.6676E-04         2
 //E22   1.8107E-04         2 -5.2103E-04         1
 //E33   1.0050E-04         1  7.3198E-05         2
 //E12  -2.2642E-03         2 -2.3023E-03         1
 //E23   1.3224E-13         1 -1.4972E-14         2
 //E31  -2.2261E-14         1 -3.8737E-14         2
 //S11   1.1186E-04         2 -1.8276E-03         1
 //S22   2.4489E-02         2 -5.3902E-02         1
 //S33   1.3881E-02         2 -6.8524E-03         1
 //S12  -8.7060E-02         2 -8.8522E-02         1
 //S23   5.0875E-12         1 -5.7288E-13         2
 //S31  -8.8650E-13         1 -1.5613E-12         2
 //SMS   1.6119E-01         1  1.5227E-01         2
 ##### Global Summary @Node    :Max/IdMax/Min/IdMin####
 //U1    1.2251E-02         1 -1.2808E-02         2
 //U2    0.0000E+00         9 -3.6349E-02         3
 //U3    1.2451E-03         5 -1.2451E-03         7
 //E11   8.9098E-03        11 -9.4322E-03        12
 //E22   4.3277E-04         7 -1.5976E-03         2
 //E33   2.4895E-03         5 -2.1970E-03         6
 //E12   2.1728E-03         2 -1.1559E-02        12
 //E23   2.3465E-03         6 -2.3465E-03         8
 //E31   1.2415E-03         9 -1.2415E-03        11
 //S11   4.6524E-01        11 -4.7392E-01        12
 //S22   2.5207E-01        12 -2.1917E-01        11
 //S33   2.4392E-01        12 -2.2686E-01        11
 //S12   8.3406E-02         2 -4.3996E-01         9
 //S23   9.0625E-02         6 -9.0625E-02         8
 //S31   4.7551E-02         9 -4.7551E-02        11
 //SMS   1.0520E+00        12  2.4113E-01         4
 ##### Global Summary @Element :Max/IdMax/Min/IdMin####
 //E11   1.5519E-04         1 -1.6676E-04         2
 //E22   1.8107E-04         2 -5.2103E-04         1
 //E33   1.0050E-04         1  7.3198E-05         2
 //E12  -2.2642E-03         2 -2.3023E-03         1
 //E23   1.3224E-13         1 -1.4972E-14         2
 //E31  -2.2261E-14         1 -3.8737E-14         2
 //S11   1.1186E-04         2 -1.8276E-03         1
 //S22   2.4489E-02         2 -5.3902E-02         1
 //S33   1.3881E-02         2 -6.8524E-03         1
 //S12  -8.7060E-02         2 -8.8522E-02         1
 //S23   5.0875E-12         1 -5.7288E-13         2
 //S31  -8.8650E-13         1 -1.5613E-12         2
 //SMS   1.6119E-01         1  1.5227E-01         2
#### Result step=     5
 ##### Local Summary @Node    :Max/IdMax/Min/IdMin####
 //U1    1.5216E-02         1 -1.6138E-02         2
 //U2    0.0000E+00         9 -4.5514E-02         3
 //U3    1.5593E-03         5 -1.5593E-03         7
 //E11   1.1101E-02        11 -1.1845E-02        12
 //E22   5.4962E-04         7 -2.0152E-03         2
 //E33   3.1175E-03         5 -2.7467E-03         6
 //E12   2.7606E-03         2 -1.4426E-02        12
 //E23   2.9371E-03         6 -2.9371E-03         8
 //E31   1.5537E-03         9 -1.5537E-03        11
 //S11   5.7816E-01        11 -5.9615E-01        12
 //S22   3.1552E-01        12 -2.7412E-01        11
 //S33   3.0283E-01        12 -2.8620E-01        11
 //S12   1.0592E-01         2 -5.5254E-01         9
 //S23   1.1356E-01         6 -1.1356E-01         8
 //S31   5.9443E-02         9 -5.9443E-02        11
 //SMS   1.3140E+00        12  3.0247E-01         4
 ##### Local Summary @Element :Max/IdMax/Min/IdMin####
 //E11   1.8016E-04         1 -2.2409E-04         2
 //E22   2.1921E-04         2 -6.3658E-04         1
 //E33   1.2460E-04         1  9.2817E-05         2
 //E12  -2.8246E-03         2 -2.8831E-03         1
 //E23   1.3192E-13         1 -1.4404E-14         2
 //E31  -2.1580E-14         1 -3.8072E-14         2
 //S11   1.7834E-04         2 -2.8627E-03         1
 //S22   3.0556E-02         2 -6.5787E-02         1
 //S33   1.7222E-02         2 -8.4217E-03         1
 //S12  -1.0860E-01         2 -1.1085E-01         1
 //S23   5.0755E-12         1 -5.5015E-13         2
 //S31  -8.6781E-13         1 -1.5544E-12         2
 //SMS   2.0125E-01         1  1.8993E-01         2
 ##### Global Summary @Node    :Max/IdMax/Min/IdMin####
 //U1    1.5216E-02         1 -1.6138E-02         2
 //U2    0.0000E+00         9 -4.5514E-02         3
 //U3    1.5593E-03         5 -1.5593E-03         7
 //E11   1.1101E-02        11 -1.1845E-02        12
 //E22   5.4962E-04         7 -2.0152E-03         2
 //E33   3.1175E-03         5 -2.7467E-03         6
 //E12   2.7606E-03         2 -1.4426E-02        12
 //E23   2.9371E-03         6 -2.9371E-03         8
 //E31   1.5537E-03         9 -1.5537E-03        11
 //S11   5.7816E-01        11 -5.9615E-01        12
 //S22   3.1552E-01        12 -2.7412E-01        11
 //S33   3.0283E-01        12 -2.8620E-01        11
 //S12   1.0592E-01         2 -5.5254E-01         9
 //S23   1.1356E-01         6 -1.1356E-01         8
 //S31   5.9443E-02         9 -5.9443E-02        11
 //SMS   1.3140E+00        12  3.0247E-01         4
 ##### Global Summary @Element :Max/IdMax/Min/IdMin####
 //E11   1.8016E-04         1 -2.2409E-04         2
 //E22   2.1921E-04         2 -6.3658E-04         1
 //E33   1.2460E-04         1  9.2817E-05         2
 //E12  -2.8246E-03         2 -2.8831E-03         1
 //E23   1.3192E-13         1 -1.4404E-14         2
 //E31  -2.1580E-14         1 -3.8072E-14         2
 //S11   1.7834E-04         2 -2.8627E-03         1
 //S22   3.0556E-02         2 -6.5787E-02         1
 //S33   1.7222E-02         2 -8.4217E-03         1
 //S12  -1.0860E-01         2 -1.1085E-01         1
 //S23   5.0755E-12         1 -5.5015E-13         2
 //S31  -8.6781E-13         1 -1.5544E-12         2
 //SMS   2.0125E-01         1  1.8993E-01         2
