 fstr_setup: OK
 global parameters  ***********
 
 IECHO              1
 IRESULT            0
 IVISUAL            0
 
 for heat ...
 INEUTRAL            0
 IRRES               1
 IWRES               1
 NRRES               1
 NPRINT              1
 
 REF_TEMP   0.000000000000000E+000
 
 ANALYSIS CONTROL for HEAT
 DT        1.00000000000000     
 ETIME     1.00000000000000     
 ITMAX            20
 EPS      9.999999974752427E-007
 fstrPARAM  ********************
 
 solution_type            3
 solver_method            1
 
 !!STATIC !HEAT
           1
 dtime    0.000000000000000E+000
 etime    0.000000000000000E+000
 dtmin    0.000000000000000E+000
 delmax   0.000000000000000E+000
 itmax            20
 eps      9.999999974752427E-007
 ref_temp   0.000000000000000E+000
 
 output control
 fg_echo              1
 fg_result            0
 fg_visual            0
 
 for heat ...
 fg_neutral            0
 fg_irres              1
 fg_iwres              1
 nrres              1
 nprint             1
 
 index table for global node ID sorting
 n_node           99
 global_local_ID         1001           1        1003           2        1005
           3        1007           4        1009           5        1011
           6        1013           7        1015           8        1017
           9        1019          10        1021          11        1101
          12        1103          13        1105          14        1107
          15        1109          16        1111          17        1113
          18        1115          19        1117          20        1119
          21        1121          22        1201          23        1203
          24        1205          25        1207          26        1209
          27        1211          28        1213          29        1215
          30        1217          31        1219          32        1221
          33        3001          34        3003          35        3005
          36        3007          37        3009          38        3011
          39        3013          40        3015          41        3017
          42        3019          43        3021          44        3101
          45        3103          46        3105          47        3107
          48        3109          49        3111          50        3113
          51        3115          52        3117          53        3119
          54        3121          55        3201          56        3203
          57        3205          58        3207          59        3209
          60        3211          61        3213          62        3215
          63        3217          64        3219          65        3221
          66        5001          67        5003          68        5005
          69        5007          70        5009          71        5011
          72        5013          73        5015          74        5017
          75        5019          76        5021          77        5101
          78        5103          79        5105          80        5107
          81        5109          82        5111          83        5113
          84        5115          85        5117          86        5119
          87        5121          88        5201          89        5203
          90        5205          91        5207          92        5209
          93        5211          94        5213          95        5215
          96        5217          97        5219          98        5221
          99
 
 ### Nodes
 ### Number of nodes          99
 ID X Y Z
        1001  0.000000000000000E+000  0.000000000000000E+000
  0.000000000000000E+000
        1003   1.00000000000000       0.000000000000000E+000
  0.000000000000000E+000
        1005   2.00000000000000       0.000000000000000E+000
  0.000000000000000E+000
        1007   3.00000000000000       0.000000000000000E+000
  0.000000000000000E+000
        1009   4.00000000000000       0.000000000000000E+000
  0.000000000000000E+000
        1011   5.00000000000000       0.000000000000000E+000
  0.000000000000000E+000
        1013   6.00000000000000       0.000000000000000E+000
  0.000000000000000E+000
        1015   7.00000000000000       0.000000000000000E+000
  0.000000000000000E+000
        1017   8.00000000000000       0.000000000000000E+000
  0.000000000000000E+000
        1019   9.00000000000000       0.000000000000000E+000
  0.000000000000000E+000
        1021   10.0000000000000       0.000000000000000E+000
  0.000000000000000E+000
        1101  0.000000000000000E+000  0.500000000000000     
  0.000000000000000E+000
        1103   1.00000000000000       0.500000000000000     
  0.000000000000000E+000
        1105   2.00000000000000       0.500000000000000     
  0.000000000000000E+000
        1107   3.00000000000000       0.500000000000000     
  0.000000000000000E+000
        1109   4.00000000000000       0.500000000000000     
  0.000000000000000E+000
        1111   5.00000000000000       0.500000000000000     
  0.000000000000000E+000
        1113   6.00000000000000       0.500000000000000     
  0.000000000000000E+000
        1115   7.00000000000000       0.500000000000000     
  0.000000000000000E+000
        1117   8.00000000000000       0.500000000000000     
  0.000000000000000E+000
        1119   9.00000000000000       0.500000000000000     
  0.000000000000000E+000
        1121   10.0000000000000       0.500000000000000     
  0.000000000000000E+000
        1201  0.000000000000000E+000   1.00000000000000     
  0.000000000000000E+000
        1203   1.00000000000000        1.00000000000000     
  0.000000000000000E+000
        1205   2.00000000000000        1.00000000000000     
  0.000000000000000E+000
        1207   3.00000000000000        1.00000000000000     
  0.000000000000000E+000
        1209   4.00000000000000        1.00000000000000     
  0.000000000000000E+000
        1211   5.00000000000000        1.00000000000000     
  0.000000000000000E+000
        1213   6.00000000000000        1.00000000000000     
  0.000000000000000E+000
        1215   7.00000000000000        1.00000000000000     
  0.000000000000000E+000
        1217   8.00000000000000        1.00000000000000     
  0.000000000000000E+000
        1219   9.00000000000000        1.00000000000000     
  0.000000000000000E+000
        1221   10.0000000000000        1.00000000000000     
  0.000000000000000E+000
        3001  0.000000000000000E+000  0.000000000000000E+000
  0.500000000000000     
        3003   1.00000000000000       0.000000000000000E+000
  0.500000000000000     
        3005   2.00000000000000       0.000000000000000E+000
  0.500000000000000     
        3007   3.00000000000000       0.000000000000000E+000
  0.500000000000000     
        3009   4.00000000000000       0.000000000000000E+000
  0.500000000000000     
        3011   5.00000000000000       0.000000000000000E+000
  0.500000000000000     
        3013   6.00000000000000       0.000000000000000E+000
  0.500000000000000     
        3015   7.00000000000000       0.000000000000000E+000
  0.500000000000000     
        3017   8.00000000000000       0.000000000000000E+000
  0.500000000000000     
        3019   9.00000000000000       0.000000000000000E+000
  0.500000000000000     
        3021   10.0000000000000       0.000000000000000E+000
  0.500000000000000     
        3101  0.000000000000000E+000  0.500000000000000     
  0.500000000000000     
        3103   1.00000000000000       0.500000000000000     
  0.500000000000000     
        3105   2.00000000000000       0.500000000000000     
  0.500000000000000     
        3107   3.00000000000000       0.500000000000000     
  0.500000000000000     
        3109   4.00000000000000       0.500000000000000     
  0.500000000000000     
        3111   5.00000000000000       0.500000000000000     
  0.500000000000000     
        3113   6.00000000000000       0.500000000000000     
  0.500000000000000     
        3115   7.00000000000000       0.500000000000000     
  0.500000000000000     
        3117   8.00000000000000       0.500000000000000     
  0.500000000000000     
        3119   9.00000000000000       0.500000000000000     
  0.500000000000000     
        3121   10.0000000000000       0.500000000000000     
  0.500000000000000     
        3201  0.000000000000000E+000   1.00000000000000     
  0.500000000000000     
        3203   1.00000000000000        1.00000000000000     
  0.500000000000000     
        3205   2.00000000000000        1.00000000000000     
  0.500000000000000     
        3207   3.00000000000000        1.00000000000000     
  0.500000000000000     
        3209   4.00000000000000        1.00000000000000     
  0.500000000000000     
        3211   5.00000000000000        1.00000000000000     
  0.500000000000000     
        3213   6.00000000000000        1.00000000000000     
  0.500000000000000     
        3215   7.00000000000000        1.00000000000000     
  0.500000000000000     
        3217   8.00000000000000        1.00000000000000     
  0.500000000000000     
        3219   9.00000000000000        1.00000000000000     
  0.500000000000000     
        3221   10.0000000000000        1.00000000000000     
  0.500000000000000     
        5001  0.000000000000000E+000  0.000000000000000E+000
   1.00000000000000     
        5003   1.00000000000000       0.000000000000000E+000
   1.00000000000000     
        5005   2.00000000000000       0.000000000000000E+000
   1.00000000000000     
        5007   3.00000000000000       0.000000000000000E+000
   1.00000000000000     
        5009   4.00000000000000       0.000000000000000E+000
   1.00000000000000     
        5011   5.00000000000000       0.000000000000000E+000
   1.00000000000000     
        5013   6.00000000000000       0.000000000000000E+000
   1.00000000000000     
        5015   7.00000000000000       0.000000000000000E+000
   1.00000000000000     
        5017   8.00000000000000       0.000000000000000E+000
   1.00000000000000     
        5019   9.00000000000000       0.000000000000000E+000
   1.00000000000000     
        5021   10.0000000000000       0.000000000000000E+000
   1.00000000000000     
        5101  0.000000000000000E+000  0.500000000000000     
   1.00000000000000     
        5103   1.00000000000000       0.500000000000000     
   1.00000000000000     
        5105   2.00000000000000       0.500000000000000     
   1.00000000000000     
        5107   3.00000000000000       0.500000000000000     
   1.00000000000000     
        5109   4.00000000000000       0.500000000000000     
   1.00000000000000     
        5111   5.00000000000000       0.500000000000000     
   1.00000000000000     
        5113   6.00000000000000       0.500000000000000     
   1.00000000000000     
        5115   7.00000000000000       0.500000000000000     
   1.00000000000000     
        5117   8.00000000000000       0.500000000000000     
   1.00000000000000     
        5119   9.00000000000000       0.500000000000000     
   1.00000000000000     
        5121   10.0000000000000       0.500000000000000     
   1.00000000000000     
        5201  0.000000000000000E+000   1.00000000000000     
   1.00000000000000     
        5203   1.00000000000000        1.00000000000000     
   1.00000000000000     
        5205   2.00000000000000        1.00000000000000     
   1.00000000000000     
        5207   3.00000000000000        1.00000000000000     
   1.00000000000000     
        5209   4.00000000000000        1.00000000000000     
   1.00000000000000     
        5211   5.00000000000000        1.00000000000000     
   1.00000000000000     
        5213   6.00000000000000        1.00000000000000     
   1.00000000000000     
        5215   7.00000000000000        1.00000000000000     
   1.00000000000000     
        5217   8.00000000000000        1.00000000000000     
   1.00000000000000     
        5219   9.00000000000000        1.00000000000000     
   1.00000000000000     
        5221   10.0000000000000        1.00000000000000     
   1.00000000000000     
 
 ### Elements
 ### Element ID=        1001
         361           1           1
        1001        1003        1103        1101        3001        3003
        3103        3101
 ### Element ID=        1003
         361           1           1
        1003        1005        1105        1103        3003        3005
        3105        3103
 ### Element ID=        1005
         361           1           1
        1005        1007        1107        1105        3005        3007
        3107        3105
 ### Element ID=        1007
         361           1           1
        1007        1009        1109        1107        3007        3009
        3109        3107
 ### Element ID=        1009
         361           1           1
        1009        1011        1111        1109        3009        3011
        3111        3109
 ### Element ID=        1011
         361           1           1
        1011        1013        1113        1111        3011        3013
        3113        3111
 ### Element ID=        1015
         361           1           1
        1015        1017        1117        1115        3015        3017
        3117        3115
 ### Element ID=        1017
         361           1           1
        1017        1019        1119        1117        3017        3019
        3119        3117
 ### Element ID=        1019
         361           1           1
        1019        1021        1121        1119        3019        3021
        3121        3119
 ### Element ID=        1101
         361           1           1
        1101        1103        1203        1201        3101        3103
        3203        3201
 ### Element ID=        1103
         361           1           1
        1103        1105        1205        1203        3103        3105
        3205        3203
 ### Element ID=        1105
         361           1           1
        1105        1107        1207        1205        3105        3107
        3207        3205
 ### Element ID=        1107
         361           1           1
        1107        1109        1209        1207        3107        3109
        3209        3207
 ### Element ID=        1109
         361           1           1
        1109        1111        1211        1209        3109        3111
        3211        3209
 ### Element ID=        1111
         361           1           1
        1111        1113        1213        1211        3111        3113
        3213        3211
 ### Element ID=        1115
         361           1           1
        1115        1117        1217        1215        3115        3117
        3217        3215
 ### Element ID=        1117
         361           1           1
        1117        1119        1219        1217        3117        3119
        3219        3217
 ### Element ID=        1119
         361           1           1
        1119        1121        1221        1219        3119        3121
        3221        3219
 ### Element ID=        3001
         361           1           1
        3001        3003        3103        3101        5001        5003
        5103        5101
 ### Element ID=        3003
         361           1           1
        3003        3005        3105        3103        5003        5005
        5105        5103
 ### Element ID=        3005
         361           1           1
        3005        3007        3107        3105        5005        5007
        5107        5105
 ### Element ID=        3007
         361           1           1
        3007        3009        3109        3107        5007        5009
        5109        5107
 ### Element ID=        3009
         361           1           1
        3009        3011        3111        3109        5009        5011
        5111        5109
 ### Element ID=        3011
         361           1           1
        3011        3013        3113        3111        5011        5013
        5113        5111
 ### Element ID=        3015
         361           1           1
        3015        3017        3117        3115        5015        5017
        5117        5115
 ### Element ID=        3017
         361           1           1
        3017        3019        3119        3117        5017        5019
        5119        5117
 ### Element ID=        3019
         361           1           1
        3019        3021        3121        3119        5019        5021
        5121        5119
 ### Element ID=        3101
         361           1           1
        3101        3103        3203        3201        5101        5103
        5203        5201
 ### Element ID=        3103
         361           1           1
        3103        3105        3205        3203        5103        5105
        5205        5203
 ### Element ID=        3105
         361           1           1
        3105        3107        3207        3205        5105        5107
        5207        5205
 ### Element ID=        3107
         361           1           1
        3107        3109        3209        3207        5107        5109
        5209        5207
 ### Element ID=        3109
         361           1           1
        3109        3111        3211        3209        5109        5111
        5211        5209
 ### Element ID=        3111
         361           1           1
        3111        3113        3213        3211        5111        5113
        5213        5211
 ### Element ID=        3115
         361           1           1
        3115        3117        3217        3215        5115        5117
        5217        5215
 ### Element ID=        3117
         361           1           1
        3117        3119        3219        3217        5117        5119
        5219        5217
 ### Element ID=        3119
         361           1           1
        3119        3121        3221        3219        5119        5121
        5221        5219
 ### Element ID=        1013
         541           2           1
        1013        1113        3113        3013        1015        1115
        3115        3015
 ### Element ID=        1113
         541           2           1
        1113        1213        3213        3113        1115        1215
        3215        3115
 ### Element ID=        3013
         541           2           1
        3013        3113        5113        5013        3015        3115
        5115        5015
 ### Element ID=        3113
         541           2           1
        3113        3213        5213        5113        3115        3215
        5215        5115
 
 ### Material
 
   Material No. =           1
  Density       Temperature   functionA     functionB
   7.6400E-06   0.0000E+00   0.0000E+00   7.6400E-06
                             0.0000E+00   7.6400E-06
  Spcific heat  Temperature   functionA     functionB
   4.9900E+02   2.7000E+01   0.0000E+00   4.9900E+02
                             0.0000E+00   4.9900E+02
  Conductivity  Temperature   functionA     functionB
   5.0000E+01   0.0000E+00   0.0000E+00   5.0000E+01
                             0.0000E+00   5.0000E+01
 
 ### Ngroup
 
                 ALL                                                            
           1
           2
           3
           4
           5
           6
           7
           8
           9
          10
          11
          12
          13
          14
          15
          16
          17
          18
          19
          20
          21
          22
          23
          24
          25
          26
          27
          28
          29
          30
          31
          32
          33
          34
          35
          36
          37
          38
          39
          40
          41
          42
          43
          44
          45
          46
          47
          48
          49
          50
          51
          52
          53
          54
          55
          56
          57
          58
          59
          60
          61
          62
          63
          64
          65
          66
          67
          68
          69
          70
          71
          72
          73
          74
          75
          76
          77
          78
          79
          80
          81
          82
          83
          84
          85
          86
          87
          88
          89
          90
          91
          92
          93
          94
          95
          96
          97
          98
          99
 
                 XMIN                                                           
           1
          12
          23
          34
          45
          56
          67
          78
          89
 
                 XMAX                                                           
          11
          22
          33
          44
          55
          66
          77
          88
          99
 
 ### Egroup
 
                 ALL                                                            
           1
           2
           3
           4
           5
           6
          37
           7
           8
           9
          10
          11
          12
          13
          14
          15
          38
          16
          17
          18
          19
          20
          21
          22
          23
          24
          39
          25
          26
          27
          28
          29
          30
          31
          32
          33
          40
          34
          35
          36
 
                 STEEL                                                          
           1
           2
           3
           4
           5
           6
           7
           8
           9
          10
          11
          12
          13
          14
          15
          16
          17
          18
          19
          20
          21
          22
          23
          24
          25
          26
          27
          28
          29
          30
          31
          32
          33
          34
          35
          36
 
                 GAP                                                            
          37
          38
          39
          40
 
 ### Boundary
   T_FIX_tot :          18
       No./ NID/  amp/ TEMP-BOUNDARY 
         1      1001    0  0.0000000E+00
         2      1101    0  0.0000000E+00
         3      1201    0  0.0000000E+00
         4      3001    0  0.0000000E+00
         5      3101    0  0.0000000E+00
         6      3201    0  0.0000000E+00
         7      5001    0  0.0000000E+00
         8      5101    0  0.0000000E+00
         9      5201    0  0.0000000E+00
        10      1021    0  5.0000000E+02
        11      1121    0  5.0000000E+02
        12      1221    0  5.0000000E+02
        13      3021    0  5.0000000E+02
        14      3121    0  5.0000000E+02
        15      3221    0  5.0000000E+02
        16      5021    0  5.0000000E+02
        17      5121    0  5.0000000E+02
        18      5221    0  5.0000000E+02
   Q_NOD_tot :           0
       No./ NID/ amp/ Q-POINT 
   Q_VOL_tot :           0
       No./ EID/ SID/ amp/ Q-VOL 
   Q_SUF_tot :           0
       No./ EID/ SID/ amp/ Q-SURF 
   H_SUF_tot :           0
       No./ EID/ SID/ H_amp/ T_amp/ HH/ Sink/ 
   R_SUF_tot :           0
       No./ EID/ SID/ R_amp/ T_amp/ RR/ Sink/ 
 
 ### Amplitude
  AMPLITUDEtot  :           0
 
 ISTEP =     1
 Time  =     0.000
 Maximum Temperature :   500.000
 Maximum Node No.    :      1021
 Minimum Temperature :     0.000
 Minimum Node No.    :      1001
