 fstr_setup: OK
#### Result step=     1
 ##### Local Summary :Max/IdMax/Min/IdMin####
   //U1   7.3061E-07       221 -7.1015E-07        21
   //U2   0.0000E+00         1 -1.1007E-05       221
   //E11  1.1882E-07       203 -1.9118E-07         1
   //E22  1.6154E-08         5 -3.0776E-08       203
   //E12  2.0504E-08       203 -2.4568E-07         1
   //S11  4.8169E-04       203 -8.4036E-04         1
   //S22  5.7036E-05       201 -2.5211E-04         1
   //S12  3.1545E-05       203 -3.7797E-04         1
   //SMS  9.9322E-04         1  6.1127E-06       221
 ##### @Element :Max/IdMax/Min/IdMin####
   //E11  1.9615E-07       102 -1.9118E-07         1
   //E22  2.0346E-08         2 -3.2704E-08       102
   //E12  1.4560E-07         2 -2.4568E-07         1
   //S11  8.1906E-04       102 -8.4036E-04         1
   //S22  1.1490E-04       102 -2.5211E-04         1
   //S12  2.2400E-04         2 -3.7797E-04         1
   //SMS  9.9322E-04         1  3.6031E-06        20
 ##### Global Summary :Max/Min####
   //U1   7.3061E-07 -7.1015E-07
   //U2   0.0000E+00 -1.1007E-05
   //E11  1.1882E-07 -1.9118E-07
   //E22  1.6154E-08 -3.0776E-08
   //E12  2.0504E-08 -2.4568E-07
   //S11  4.8169E-04 -8.4036E-04
   //S22  5.7036E-05 -2.5211E-04
   //S12  3.1545E-05 -3.7797E-04
   //SMS  9.9322E-04  6.1127E-06
 ##### @Element :Max/Min####
   //E11  1.9615E-07 -1.9118E-07
   //E22  2.0346E-08 -3.2704E-08
   //E12  1.4560E-07 -2.4568E-07
   //S11  8.1906E-04 -8.4036E-04
   //S22  1.1490E-04 -2.5211E-04
   //S12  2.2400E-04 -3.7797E-04
   //SMS  9.9322E-04  3.6031E-06
