 fstr_setup: OK
#### Result step=     1
 ##### Local Summary :Max/IdMax/Min/IdMin####
   //U1   9.0560E-07      1221 -9.3754E-07      5021
   //U2   0.0000E+00      1001 -2.6397E-06      5021
   //U3   1.1402E-05      5221  0.0000E+00      1001
   //E11  2.4129E-07      1201 -1.6271E-07      5003
   //E22  3.6479E-08      5003 -3.2235E-08      1205
   //E33  4.1263E-08      5103 -3.0974E-08      1205
   //E12  1.9245E-08      1205 -5.0587E-08      1201
   //E23  2.9827E-08      1203 -2.3256E-08      5003
   //E13  2.6374E-07      1201 -3.5113E-08      5003
   //S11  1.2993E-03      1201 -7.5077E-04      5001
   //S22  5.5683E-04      1201 -2.1864E-04      5001
   //S33  5.5683E-04      1201 -1.4655E-04      5001
   //S12  2.9607E-05      1205 -7.7826E-05      1201
   //S23  4.5888E-05      1203 -3.5779E-05      5003
   //S13  4.0576E-04      1201 -5.4020E-05      5003
   //SMS  1.0312E-03      1201  5.3559E-06      3221
 ##### @Element :Max/IdMax/Min/IdMin####
   //E11  2.4129E-07        62 -2.4169E-07       125
   //E22  3.7917E-08       125 -3.5699E-08        61
   //E33  6.9813E-08       126 -4.5714E-08        67
   //E12  7.0518E-08         1 -5.6494E-08       126
   //E23  5.9710E-08        61 -4.1524E-08         6
   //E13  2.6374E-07        62 -1.5766E-07       125
   //S11  1.2993E-03        62 -1.1253E-03       125
   //S22  5.5683E-04        62 -3.0665E-04       124
   //S33  5.5683E-04        62 -2.6352E-04       125
   //S12  1.0849E-04         1 -8.6914E-05       126
   //S23  9.1862E-05        61 -6.3883E-05         6
   //S13  4.0576E-04        62 -2.4255E-04       125
   //SMS  1.0312E-03        62  2.6573E-06       118
 ##### Global Summary :Max/Min####
   //U1   9.0560E-07 -9.3754E-07
   //U2   0.0000E+00 -2.6397E-06
   //U3   1.1402E-05  0.0000E+00
   //E11  2.4129E-07 -1.6271E-07
   //E22  3.6479E-08 -3.2235E-08
   //E33  4.1263E-08 -3.0974E-08
   //E12  1.9245E-08 -5.0587E-08
   //E23  2.9827E-08 -2.3256E-08
   //E13  2.6374E-07 -3.5113E-08
   //S11  1.2993E-03 -7.5077E-04
   //S22  5.5683E-04 -2.1864E-04
   //S33  5.5683E-04 -1.4655E-04
   //S12  2.9607E-05 -7.7826E-05
   //S23  4.5888E-05 -3.5779E-05
   //S13  4.0576E-04 -5.4020E-05
   //SMS  1.0312E-03  5.3559E-06
 ##### @Element :Max/Min####
   //E11  2.4129E-07 -2.4169E-07
   //E22  3.7917E-08 -3.5699E-08
   //E33  6.9813E-08 -4.5714E-08
   //E12  7.0518E-08 -5.6494E-08
   //E23  5.9710E-08 -4.1524E-08
   //E13  2.6374E-07 -1.5766E-07
   //S11  1.2993E-03 -1.1253E-03
   //S22  5.5683E-04 -3.0665E-04
   //S33  5.5683E-04 -2.6352E-04
   //S12  1.0849E-04 -8.6914E-05
   //S23  9.1862E-05 -6.3883E-05
   //S13  4.0576E-04 -2.4255E-04
   //SMS  1.0312E-03  2.6573E-06
