 fstr_setup: OK
#### Result step=     1
 ##### Local Summary :Max/IdMax/Min/IdMin####
   //U1   1.9468E-06      1071 -1.9473E-06      5071
   //U2   7.5568E-08      1003 -7.5945E-08      5003
   //U3   2.9394E-05      1221 -1.2783E-08      2151
   //E11  5.6511E-07      1201 -5.5925E-07      5001
   //E22  1.4508E-07      5203 -1.9039E-07      1203
   //E33  1.7545E-07      5152 -1.7521E-07      1203
   //E12  2.5058E-07      2001 -2.6816E-07      2201
   //E23  6.2127E-08      5151 -4.5314E-08      2001
   //E13  2.7936E-07      1101 -1.2323E-07      3001
   //S11  3.0429E-03      1201 -2.5677E-03      5001
   //S22  1.3041E-03      1201 -8.8040E-04      5051
   //S33  1.3041E-03      1201 -6.4481E-04      4001
   //S12  3.8550E-04      2001 -4.1255E-04      2201
   //S23  9.5580E-05      5151 -6.9714E-05      2001
   //S13  4.2978E-04      1101 -1.8958E-04      3001
   //SMS  2.1247E-03      1052  1.7380E-06      5021
 ##### @Element :Max/IdMax/Min/IdMin####
   //E11  3.8354E-07         2 -3.9482E-07       186
   //E22  1.0618E-07       125 -1.0242E-07         8
   //E33  1.3596E-07       186 -1.1152E-07         1
   //E12  1.1162E-07         3 -1.0994E-07        62
   //E23  3.4467E-08        62 -1.9713E-08         3
   //E13  1.5240E-07         2 -3.1810E-08       122
   //S11  1.7481E-03         2 -1.6352E-03       186
   //S22  3.9466E-04         2 -3.7580E-04       123
   //S33  3.1834E-04         2 -3.5316E-04       123
   //S12  1.7173E-04         3 -1.6914E-04        62
   //S23  5.3026E-05        62 -3.0328E-05         3
   //S13  2.3446E-04         2 -4.8938E-05       122
   //SMS  1.5558E-03       186  2.9787E-06       239
 ##### Global Summary :Max/Min####
   //U1   1.9468E-06 -1.9473E-06
   //U2   7.5568E-08 -7.5945E-08
   //U3   2.9394E-05 -1.2783E-08
   //E11  5.6511E-07 -5.5925E-07
   //E22  1.4508E-07 -1.9039E-07
   //E33  1.7545E-07 -1.7521E-07
   //E12  2.5058E-07 -2.6816E-07
   //E23  6.2127E-08 -4.5314E-08
   //E13  2.7936E-07 -1.2323E-07
   //S11  3.0429E-03 -2.5677E-03
   //S22  1.3041E-03 -8.8040E-04
   //S33  1.3041E-03 -6.4481E-04
   //S12  3.8550E-04 -4.1255E-04
   //S23  9.5580E-05 -6.9714E-05
   //S13  4.2978E-04 -1.8958E-04
   //SMS  2.1247E-03  1.7380E-06
 ##### @Element :Max/Min####
   //E11  3.8354E-07 -3.9482E-07
   //E22  1.0618E-07 -1.0242E-07
   //E33  1.3596E-07 -1.1152E-07
   //E12  1.1162E-07 -1.0994E-07
   //E23  3.4467E-08 -1.9713E-08
   //E13  1.5240E-07 -3.1810E-08
   //S11  1.7481E-03 -1.6352E-03
   //S22  3.9466E-04 -3.7580E-04
   //S33  3.1834E-04 -3.5316E-04
   //S12  1.7173E-04 -1.6914E-04
   //S23  5.3026E-05 -3.0328E-05
   //S13  2.3446E-04 -4.8938E-05
   //SMS  1.5558E-03  2.9787E-06
