 fstr_setup: OK
#### Result step=     1
 ##### Local Summary :Max/IdMax/Min/IdMin####
   //U1   6.7401E-07      1121 -7.0108E-07      5121
   //U2   4.2072E-08      1003 -4.2072E-08      1203
   //U3   1.0497E-05      5121  0.0000E+00      1001
   //E11  1.7842E-07      1001 -1.1393E-07      5203
   //E22  3.2249E-08      5003 -3.0622E-08      1003
   //E33  2.8274E-08      5203 -1.2141E-08      1205
   //E12  1.9311E-08      1001 -1.9311E-08      1201
   //E23  1.6613E-08      1001 -1.6613E-08      1201
   //E13  2.3177E-07      1001 -1.8143E-08      5003
   //S11  8.9598E-04      1201 -4.7382E-04      5203
   //S22  2.6070E-04      1201 -7.5694E-05      5201
   //S33  3.4701E-04      1201 -8.5305E-05      5201
   //S12  2.9709E-05      1001 -2.9709E-05      1201
   //S23  2.5559E-05      1001 -2.5559E-05      1201
   //S13  3.5657E-04      1001 -2.7912E-05      5003
   //SMS  8.6153E-04      1001  6.2875E-06      5121
 ##### @Element :Max/IdMax/Min/IdMin####
   //E11  1.7842E-07      1001 -1.8282E-07      3102
   //E22  3.8289E-08      3004 -4.1317E-08      1003
   //E33  3.0044E-08      3102 -1.7153E-08      1102
   //E12  1.9311E-08      1001 -1.9311E-08      1101
   //E23  1.9624E-08      1102 -1.9624E-08      1002
   //E13  2.3177E-07      1001 -1.3241E-07      3102
   //S11  8.9598E-04      1101 -8.4413E-04      3102
   //S22  2.6070E-04      1101 -1.8701E-04      3102
   //S33  3.4701E-04      1101 -1.8917E-04      3102
   //S12  2.9709E-05      1001 -2.9709E-05      1101
   //S23  3.0190E-05      1102 -3.0190E-05      1002
   //S13  3.5657E-04      1001 -2.0371E-04      3102
   //SMS  8.6153E-04      1001  3.8741E-06      1020
 ##### Global Summary :Max/Min####
   //U1   6.7401E-07 -7.0108E-07
   //U2   4.2072E-08 -4.2072E-08
   //U3   1.0497E-05  0.0000E+00
   //E11  1.7842E-07 -1.1393E-07
   //E22  3.2249E-08 -3.0622E-08
   //E33  2.8274E-08 -1.2141E-08
   //E12  1.9311E-08 -1.9311E-08
   //E23  1.6613E-08 -1.6613E-08
   //E13  2.3177E-07 -1.8143E-08
   //S11  8.9598E-04 -4.7382E-04
   //S22  2.6070E-04 -7.5694E-05
   //S33  3.4701E-04 -8.5305E-05
   //S12  2.9709E-05 -2.9709E-05
   //S23  2.5559E-05 -2.5559E-05
   //S13  3.5657E-04 -2.7912E-05
   //SMS  8.6153E-04  6.2875E-06
 ##### @Element :Max/Min####
   //E11  1.7842E-07 -1.8282E-07
   //E22  3.8289E-08 -4.1317E-08
   //E33  3.0044E-08 -1.7153E-08
   //E12  1.9311E-08 -1.9311E-08
   //E23  1.9624E-08 -1.9624E-08
   //E13  2.3177E-07 -1.3241E-07
   //S11  8.9598E-04 -8.4413E-04
   //S22  2.6070E-04 -1.8701E-04
   //S33  3.4701E-04 -1.8917E-04
   //S12  2.9709E-05 -2.9709E-05
   //S23  3.0190E-05 -3.0190E-05
   //S13  3.5657E-04 -2.0371E-04
   //SMS  8.6153E-04  3.8741E-06
