 fstr_setup: OK
#### Result step=     1
 ##### Local Summary :Max/IdMax/Min/IdMin####
   //U1   1.9338E-06      1121 -1.9343E-06      5121
   //U2   8.2018E-08      1002 -8.2018E-08      1202
   //U3   2.9143E-05      1121  0.0000E+00      1001
   //E11  5.1124E-07      1102 -5.1168E-07      5001
   //E22  1.5107E-07      5103 -1.6501E-07      1203
   //E33  1.6207E-07      5202 -1.8009E-07      1103
   //E12  2.4895E-07      1001 -2.4895E-07      1201
   //E23  5.5292E-08      3202 -5.5292E-08      3002
   //E13  1.8463E-07      1101 -4.1155E-08      3001
   //S11  2.5865E-03      1201 -2.3754E-03      5001
   //S22  8.7990E-04      1001 -5.8354E-04      5001
   //S33  1.0399E-03      1201 -5.1186E-04      5001
   //S12  3.8300E-04      1001 -3.8300E-04      1201
   //S23  8.5065E-05      3202 -8.5065E-05      3002
   //S13  2.8404E-04      1101 -6.3315E-05      3001
   //SMS  2.0779E-03      1103  2.1237E-06      5121
 ##### @Element :Max/IdMax/Min/IdMin####
   //E11  3.3338E-07      1101 -3.4200E-07      3002
   //E22  9.6504E-08      3002 -8.8837E-08      1103
   //E33  1.0634E-07      3102 -8.5667E-08      1003
   //E12  2.9021E-08      1001 -2.9021E-08      1101
   //E23  8.4241E-09      3101 -8.4241E-09      3001
   //E13  5.9214E-08      3103  1.1109E-09      3120
   //S11  1.4338E-03      1101 -1.3734E-03      3002
   //S22  1.6070E-04      1001 -1.4401E-04      3001
   //S33  1.7372E-04      1001 -1.6688E-04      3001
   //S12  4.4648E-05      1001 -4.4648E-05      1101
   //S23  1.2960E-05      3101 -1.2960E-05      3001
   //S13  9.1098E-05      3103  1.7091E-06      3120
   //SMS  1.3666E-03      3002  4.7640E-06      3020
 ##### Global Summary :Max/Min####
   //U1   1.9338E-06 -1.9343E-06
   //U2   8.2018E-08 -8.2018E-08
   //U3   2.9143E-05  0.0000E+00
   //E11  5.1124E-07 -5.1168E-07
   //E22  1.5107E-07 -1.6501E-07
   //E33  1.6207E-07 -1.8009E-07
   //E12  2.4895E-07 -2.4895E-07
   //E23  5.5292E-08 -5.5292E-08
   //E13  1.8463E-07 -4.1155E-08
   //S11  2.5865E-03 -2.3754E-03
   //S22  8.7990E-04 -5.8354E-04
   //S33  1.0399E-03 -5.1186E-04
   //S12  3.8300E-04 -3.8300E-04
   //S23  8.5065E-05 -8.5065E-05
   //S13  2.8404E-04 -6.3315E-05
   //SMS  2.0779E-03  2.1237E-06
 ##### @Element :Max/Min####
   //E11  3.3338E-07 -3.4200E-07
   //E22  9.6504E-08 -8.8837E-08
   //E33  1.0634E-07 -8.5667E-08
   //E12  2.9021E-08 -2.9021E-08
   //E23  8.4241E-09 -8.4241E-09
   //E13  5.9214E-08  1.1109E-09
   //S11  1.4338E-03 -1.3734E-03
   //S22  1.6070E-04 -1.4401E-04
   //S33  1.7372E-04 -1.6688E-04
   //S12  4.4648E-05 -4.4648E-05
   //S23  1.2960E-05 -1.2960E-05
   //S13  9.1098E-05  1.7091E-06
   //SMS  1.3666E-03  4.7640E-06
