 fstr_setup: OK
#### Result step=     1
 ##### Local Summary :Max/IdMax/Min/IdMin####
   //U1   1.9339E-06      1121 -1.9339E-06      5121
   //U2   7.6139E-08      1002 -7.6139E-08      5002
   //U3   2.9151E-05      2121  0.0000E+00      1001
   //E11  5.0729E-07      1102 -5.0729E-07      5102
   //E22  1.5671E-07      5003 -1.5671E-07      1003
   //E33  1.7430E-07      5103 -1.7430E-07      1103
   //E12  2.2852E-07      1001 -2.2852E-07      5001
   //E23  2.0420E-08      1201 -2.0420E-08      5001
   //E13  1.7386E-07      5101 -7.6229E-08      3001
   //S11  2.5911E-03      1201 -2.5911E-03      5001
   //S22  9.3328E-04      1201 -9.3328E-04      5001
   //S33  9.6914E-04      1201 -9.6914E-04      5001
   //S12  3.5158E-04      1001 -3.5158E-04      5001
   //S23  3.1415E-05      1201 -3.1415E-05      5001
   //S13  2.6748E-04      5101 -1.1728E-04      3001
   //SMS  2.0583E-03      5103  1.4651E-06      3121
 ##### @Element :Max/IdMax/Min/IdMin####
   //E11  2.5056E-07      1101 -2.5056E-07      3001
   //E22  6.3069E-08      3003 -6.3069E-08      1103
   //E33  6.3841E-08      3001 -6.3841E-08      1101
   //E12  1.3260E-08      1001 -1.3260E-08      3001
   //E23  4.4271E-09      3101 -4.4271E-09      1001
   //E13  4.7944E-08      1101  2.6518E-09      1119
   //S11  1.0648E-03      1101 -1.0648E-03      3001
   //S22  1.1121E-04      1101 -1.1121E-04      3001
   //S33  9.7448E-05      1101 -9.7448E-05      3101
   //S12  2.0400E-05      1001 -2.0400E-05      3001
   //S23  6.8109E-06      3101 -6.8109E-06      1001
   //S13  7.3760E-05      1101  4.0797E-06      1119
   //SMS  9.6975E-04      3001  8.3696E-06      1019
 ##### Global Summary :Max/Min####
   //U1   1.9339E-06 -1.9339E-06
   //U2   7.6139E-08 -7.6139E-08
   //U3   2.9151E-05  0.0000E+00
   //E11  5.0729E-07 -5.0729E-07
   //E22  1.5671E-07 -1.5671E-07
   //E33  1.7430E-07 -1.7430E-07
   //E12  2.2852E-07 -2.2852E-07
   //E23  2.0420E-08 -2.0420E-08
   //E13  1.7386E-07 -7.6229E-08
   //S11  2.5911E-03 -2.5911E-03
   //S22  9.3328E-04 -9.3328E-04
   //S33  9.6914E-04 -9.6914E-04
   //S12  3.5158E-04 -3.5158E-04
   //S23  3.1415E-05 -3.1415E-05
   //S13  2.6748E-04 -1.1728E-04
   //SMS  2.0583E-03  1.4651E-06
 ##### @Element :Max/Min####
   //E11  2.5056E-07 -2.5056E-07
   //E22  6.3069E-08 -6.3069E-08
   //E33  6.3841E-08 -6.3841E-08
   //E12  1.3260E-08 -1.3260E-08
   //E23  4.4271E-09 -4.4271E-09
   //E13  4.7944E-08  2.6518E-09
   //S11  1.0648E-03 -1.0648E-03
   //S22  1.1121E-04 -1.1121E-04
   //S33  9.7448E-05 -9.7448E-05
   //S12  2.0400E-05 -2.0400E-05
   //S23  6.8109E-06 -6.8109E-06
   //S13  7.3760E-05  4.0797E-06
   //SMS  9.6975E-04  8.3696E-06
