 fstr_setup: OK
#### Result step=     1
 ##### Local Summary :Max/IdMax/Min/IdMin####
   //U1   1.7176E-22      3021 -4.9971E-23      3217
   //U2   1.3683E-21      3021  0.0000E+00      3001
   //U3   3.0729E-07      3121  0.0000E+00      3001
   //E11  4.5771E-23      3009 -2.8951E-24      3205
   //E22  2.0766E-24      3209 -1.0607E-23      3009
   //E33  0.0000E+00      3001  0.0000E+00      3001
   //E12  1.9426E-23      3109 -8.0090E-24      3009
   //E23  7.0036E-10      3217 -8.5501E-10      3019
   //E13  5.8495E-09      3103  7.6738E-10      3021
   //S11  1.8945E-19      3113 -4.9410E-20      3219
   //S22  2.2835E-20      3109 -3.7058E-21      3021
   //S33  0.0000E+00      3001  0.0000E+00      3001
   //S12  6.1375E-20      3109 -2.4740E-20      3009
   //S23  1.7958E-06      3217 -2.1923E-06      3019
   //S13  1.4999E-05      3103  1.9676E-06      3021
   //SMS  2.5993E-05      3103  3.4237E-06      3021
 ##### @Element :Max/IdMax/Min/IdMin####
   //E11  2.6470E-23      3007 -9.9262E-24      3108
   //E22  1.6544E-24      3108 -5.3250E-24      3007
   //E33  1.1230-316      3001  0.0000E+00      3003
   //E12  0.0000E+00      3001  0.0000E+00      3001
   //E23  0.0000E+00      3001  0.0000E+00      3001
   //E13  0.0000E+00      3001  0.0000E+00      3001
   //S11  1.1011E-19      3007 -1.3553E-19      3108
   //S22  1.4823E-20      3107 -1.3553E-20      3106
   //S33  0.0000E+00      3001  0.0000E+00      3001
   //S12  0.0000E+00      3001  0.0000E+00      3001
   //S23  0.0000E+00      3001  0.0000E+00      3001
   //S13  0.0000E+00      3001  0.0000E+00      3001
   //SMS  1.3227E-19      3108  6.7763E-21      3102
 ##### Global Summary :Max/Min####
   //U1   1.7176E-22 -4.9971E-23
   //U2   1.3683E-21  0.0000E+00
   //U3   3.0729E-07  0.0000E+00
   //E11  4.5771E-23 -2.8951E-24
   //E22  2.0766E-24 -1.0607E-23
   //E33  0.0000E+00  0.0000E+00
   //E12  1.9426E-23 -8.0090E-24
   //E23  7.0036E-10 -8.5501E-10
   //E13  5.8495E-09  7.6738E-10
   //S11  1.8945E-19 -4.9410E-20
   //S22  2.2835E-20 -3.7058E-21
   //S33  0.0000E+00  0.0000E+00
   //S12  6.1375E-20 -2.4740E-20
   //S23  1.7958E-06 -2.1923E-06
   //S13  1.4999E-05  1.9676E-06
   //SMS  2.5993E-05  3.4237E-06
 ##### @Element :Max/Min####
   //E11  2.6470E-23 -9.9262E-24
   //E22  1.6544E-24 -5.3250E-24
   //E33  1.1230-316  0.0000E+00
   //E12  0.0000E+00  0.0000E+00
   //E23  0.0000E+00  0.0000E+00
   //E13  0.0000E+00  0.0000E+00
   //S11  1.1011E-19 -1.3553E-19
   //S22  1.4823E-20 -1.3553E-20
   //S33  0.0000E+00  0.0000E+00
   //S12  0.0000E+00  0.0000E+00
   //S23  0.0000E+00  0.0000E+00
   //S13  0.0000E+00  0.0000E+00
   //SMS  1.3227E-19  6.7763E-21
