 fstr_setup: OK
#### Result step=     1
 ##### Local Summary :Max/IdMax/Min/IdMin####
   //U1   2.8854E-20      3021 -1.3948E-20      3221
   //U2   3.0959E-19      3021  0.0000E+00      3001
   //U3   2.9193E-05      3121  0.0000E+00      3001
   //E11  1.0270E-20      3003 -2.2588E-21      3203
   //E22  1.1206E-21      3203 -2.2323E-21      3003
   //E33  0.0000E+00      3001  0.0000E+00      3001
   //E12  4.2669E-21      3101 -2.1843E-21      3003
   //E23  3.4145E-08      3001 -1.7072E-08      3201
   //E13  1.1850E-07      3103  2.0226E-09      3021
   //S11  4.1633E-17      3003 -1.7962E-17      3203
   //S22  5.8095E-18      3103 -5.3660E-19      3021
   //S33  0.0000E+00      3001  0.0000E+00      3001
   //S12  1.3384E-17      3103 -6.8372E-18      3003
   //S23  8.7551E-05      3001 -4.3775E-05      3201
   //S13  3.0385E-04      3103  5.1860E-06      3021
   //SMS  5.2647E-04      3103  9.8437E-06      3021
 ##### @Element :Max/IdMax/Min/IdMin####
   //E11  6.2998E-21      3001 -3.8116E-21      3102
   //E22  8.4703E-22      3102 -1.1647E-21      3001
   //E33  1.1737-316      3103  0.0000E+00      3001
   //E12  0.0000E+00      3001  0.0000E+00      3001
   //E23  0.0000E+00      3001  0.0000E+00      3001
   //E13  0.0000E+00      3001  0.0000E+00      3001
   //S11  2.5804E-17      3001 -2.7756E-17      3102
   //S22  3.6863E-18      3103 -3.4694E-18      3004
   //S33  0.0000E+00      3001  0.0000E+00      3001
   //S12  0.0000E+00      3001  0.0000E+00      3001
   //S23  0.0000E+00      3001  0.0000E+00      3001
   //S13  0.0000E+00      3001  0.0000E+00      3001
   //SMS  2.6194E-17      3102  8.1315E-20      3120
 ##### Global Summary :Max/Min####
   //U1   2.8854E-20 -1.3948E-20
   //U2   3.0959E-19  0.0000E+00
   //U3   2.9193E-05  0.0000E+00
   //E11  1.0270E-20 -2.2588E-21
   //E22  1.1206E-21 -2.2323E-21
   //E33  0.0000E+00  0.0000E+00
   //E12  4.2669E-21 -2.1843E-21
   //E23  3.4145E-08 -1.7072E-08
   //E13  1.1850E-07  2.0226E-09
   //S11  4.1633E-17 -1.7962E-17
   //S22  5.8095E-18 -5.3660E-19
   //S33  0.0000E+00  0.0000E+00
   //S12  1.3384E-17 -6.8372E-18
   //S23  8.7551E-05 -4.3775E-05
   //S13  3.0385E-04  5.1860E-06
   //SMS  5.2647E-04  9.8437E-06
 ##### @Element :Max/Min####
   //E11  6.2998E-21 -3.8116E-21
   //E22  8.4703E-22 -1.1647E-21
   //E33  1.1737-316  0.0000E+00
   //E12  0.0000E+00  0.0000E+00
   //E23  0.0000E+00  0.0000E+00
   //E13  0.0000E+00  0.0000E+00
   //S11  2.5804E-17 -2.7756E-17
   //S22  3.6863E-18 -3.4694E-18
   //S33  0.0000E+00  0.0000E+00
   //S12  0.0000E+00  0.0000E+00
   //S23  0.0000E+00  0.0000E+00
   //S13  0.0000E+00  0.0000E+00
   //SMS  2.6194E-17  8.1315E-20
