 fstr_setup: OK
#### Result step=     1
 ##### Local Summary :Max/IdMax/Min/IdMin####
   //U1   2.9877E-20      3015 -3.8535E-20      3221
   //U2   5.2533E-19      3221  0.0000E+00      3001
   //U3   2.9394E-05      3121  0.0000E+00      3001
   //E11  1.2600E-20      3003 -1.4188E-20      3203
   //E22  2.8190E-21      3203 -2.2632E-21      3003
   //E33  0.0000E+00      3001  0.0000E+00      3001
   //E12  7.7862E-21      3101 -1.9474E-21      3103
   //E23  3.0266E-09      3203 -3.0266E-09      3003
   //E13  8.4728E-08      3103  1.7343E-09      3221
   //S11  5.2259E-17      3003 -5.8764E-17      3203
   //S22  1.1872E-17      3001 -1.3281E-17      3201
   //S33  0.0000E+00      3001  0.0000E+00      3001
   //S12  2.3958E-17      3101 -5.9898E-18      3103
   //S23  7.7606E-06      3203 -7.7606E-06      3003
   //S13  2.1725E-04      3103  4.4469E-06      3221
   //SMS  3.7640E-04      3103  7.7042E-06      3221
 ##### @Element :Max/IdMax/Min/IdMin####
   //E11  4.2352E-21      3001 -5.2940E-21      3101
   //E22  1.4823E-21      3103 -1.1382E-21      3003
   //E33  0.0000E+00      3001  0.0000E+00      3001
   //E12  6.5844E-22      3101 -1.6518E-23      3119
   //E23  0.0000E+00      3001  0.0000E+00      3001
   //E13  0.0000E+00      3001  0.0000E+00      3001
   //S11  1.7564E-17      3001 -2.1901E-17      3101
   //S22  2.3039E-18      3001 -2.8460E-18      3101
   //S33  0.0000E+00      3001  0.0000E+00      3001
   //S12  2.0261E-18      3101 -5.0822E-20      3119
   //S23  0.0000E+00      3001  0.0000E+00      3001
   //S13  0.0000E+00      3001  0.0000E+00      3001
   //SMS  2.0922E-17      3101  2.2134E-19      3119
 ##### Global Summary :Max/Min####
   //U1   2.9877E-20 -3.8535E-20
   //U2   5.2533E-19  0.0000E+00
   //U3   2.9394E-05  0.0000E+00
   //E11  1.2600E-20 -1.4188E-20
   //E22  2.8190E-21 -2.2632E-21
   //E33  0.0000E+00  0.0000E+00
   //E12  7.7862E-21 -1.9474E-21
   //E23  3.0266E-09 -3.0266E-09
   //E13  8.4728E-08  1.7343E-09
   //S11  5.2259E-17 -5.8764E-17
   //S22  1.1872E-17 -1.3281E-17
   //S33  0.0000E+00  0.0000E+00
   //S12  2.3958E-17 -5.9898E-18
   //S23  7.7606E-06 -7.7606E-06
   //S13  2.1725E-04  4.4469E-06
   //SMS  3.7640E-04  7.7042E-06
 ##### @Element :Max/Min####
   //E11  4.2352E-21 -5.2940E-21
   //E22  1.4823E-21 -1.1382E-21
   //E33  0.0000E+00  0.0000E+00
   //E12  6.5844E-22 -1.6518E-23
   //E23  0.0000E+00  0.0000E+00
   //E13  0.0000E+00  0.0000E+00
   //S11  1.7564E-17 -2.1901E-17
   //S22  2.3039E-18 -2.8460E-18
   //S33  0.0000E+00  0.0000E+00
   //S12  2.0261E-18 -5.0822E-20
   //S23  0.0000E+00  0.0000E+00
   //S13  0.0000E+00  0.0000E+00
   //SMS  2.0922E-17  2.2134E-19
