 fstr_setup: OK
#### Result step=     1
 ##### Local Summary :Max/IdMax/Min/IdMin####
   //U1   3.0653E-20      3015 -4.3827E-20      3221
   //U2   5.6958E-19      3221  0.0000E+00      3001
   //U3   2.9394E-05      3121  0.0000E+00      3001
   //E11  1.2970E-20      3003 -1.5564E-20      3203
   //E22  3.1764E-21      3203 -2.2235E-21      3003
   //E33  9.7087-317      3105  0.0000E+00      3001
   //E12  8.1297E-21      3101 -2.0613E-21      3103
   //E23  3.0266E-09      3203 -3.0266E-09      3003
   //E13  8.4728E-08      3103  1.7343E-09      3221
   //S11  5.4102E-17      3003 -6.4185E-17      3203
   //S22  1.2143E-17      3001 -1.4366E-17      3201
   //S33  9.6490-317      3117  0.0000E+00      3001
   //S12  2.5014E-17      3101 -6.3430E-18      3103
   //S23  7.7606E-06      3203 -7.7606E-06      3003
   //S13  2.1725E-04      3103  4.4469E-06      3221
   //SMS  3.7640E-04      3103  7.7042E-06      3221
 ##### @Element :Max/IdMax/Min/IdMin####
   //E11  4.1822E-21      3001 -5.8234E-21      3101
   //E22  1.7073E-21      3103 -1.1250E-21      3003
   //E33  0.0000E+00      3001  0.0000E+00      3001
   //E12  6.5513E-22      3101  6.0921E-23      3019
   //E23  0.0000E+00      3001  0.0000E+00      3001
   //E13  0.0000E+00      3001  0.0000E+00      3001
   //S11  1.7564E-17      3001 -2.4286E-17      3101
   //S22  2.2497E-18      3001 -3.0900E-18      3101
   //S33  9.6490-317      3103  0.0000E+00      3001
   //S12  2.0159E-18      3101  1.8747E-19      3019
   //S23  0.0000E+00      3001  0.0000E+00      3001
   //S13  0.0000E+00      3001  0.0000E+00      3001
   //SMS  2.3163E-17      3101  9.0289E-19      3019
 ##### Global Summary :Max/Min####
   //U1   3.0653E-20 -4.3827E-20
   //U2   5.6958E-19  0.0000E+00
   //U3   2.9394E-05  0.0000E+00
   //E11  1.2970E-20 -1.5564E-20
   //E22  3.1764E-21 -2.2235E-21
   //E33  9.7087-317  0.0000E+00
   //E12  8.1297E-21 -2.0613E-21
   //E23  3.0266E-09 -3.0266E-09
   //E13  8.4728E-08  1.7343E-09
   //S11  5.4102E-17 -6.4185E-17
   //S22  1.2143E-17 -1.4366E-17
   //S33  9.6490-317  0.0000E+00
   //S12  2.5014E-17 -6.3430E-18
   //S23  7.7606E-06 -7.7606E-06
   //S13  2.1725E-04  4.4469E-06
   //SMS  3.7640E-04  7.7042E-06
 ##### @Element :Max/Min####
   //E11  4.1822E-21 -5.8234E-21
   //E22  1.7073E-21 -1.1250E-21
   //E33  0.0000E+00  0.0000E+00
   //E12  6.5513E-22  6.0921E-23
   //E23  0.0000E+00  0.0000E+00
   //E13  0.0000E+00  0.0000E+00
   //S11  1.7564E-17 -2.4286E-17
   //S22  2.2497E-18 -3.0900E-18
   //S33  9.6490-317  0.0000E+00
   //S12  2.0159E-18  1.8747E-19
   //S23  0.0000E+00  0.0000E+00
   //S13  0.0000E+00  0.0000E+00
   //SMS  2.3163E-17  9.0289E-19
