 fstr_setup: OK
#### Result step=     0
 ##### Local Summary @Node    :Max/IdMax/Min/IdMin####
 //U1    0.0000E+00         1  0.0000E+00         1
 //U2    0.0000E+00         1  0.0000E+00         1
 //U3    0.0000E+00         1  0.0000E+00         1
 //E11   0.0000E+00         1  0.0000E+00         1
 //E22   0.0000E+00         1  0.0000E+00         1
 //E33   0.0000E+00         1  0.0000E+00         1
 //E12   0.0000E+00         1  0.0000E+00         1
 //E23   0.0000E+00         1  0.0000E+00         1
 //E31   0.0000E+00         1  0.0000E+00         1
 //S11   0.0000E+00         1  0.0000E+00         1
 //S22   0.0000E+00         1  0.0000E+00         1
 //S33   0.0000E+00         1  0.0000E+00         1
 //S12   0.0000E+00         1  0.0000E+00         1
 //S23   0.0000E+00         1  0.0000E+00         1
 //S31   0.0000E+00         1  0.0000E+00         1
 //SMS   0.0000E+00         1  0.0000E+00         1
 ##### Local Summary @Element :Max/IdMax/Min/IdMin####
 //E11   0.0000E+00         1  0.0000E+00         1
 //E22   0.0000E+00         1  0.0000E+00         1
 //E33   0.0000E+00         1  0.0000E+00         1
 //E12   0.0000E+00         1  0.0000E+00         1
 //E23   0.0000E+00         1  0.0000E+00         1
 //E31   0.0000E+00         1  0.0000E+00         1
 //S11   0.0000E+00         1  0.0000E+00         1
 //S22   0.0000E+00         1  0.0000E+00         1
 //S33   0.0000E+00         1  0.0000E+00         1
 //S12   0.0000E+00         1  0.0000E+00         1
 //S23   0.0000E+00         1  0.0000E+00         1
 //S31   0.0000E+00         1  0.0000E+00         1
 //SMS   0.0000E+00         1  0.0000E+00         1
 ##### Global Summary @Node    :Max/IdMax/Min/IdMin####
 //U1    0.0000E+00         1  0.0000E+00         1
 //U2    0.0000E+00         1  0.0000E+00         1
 //U3    0.0000E+00         1  0.0000E+00         1
 //E11   0.0000E+00         1  0.0000E+00         1
 //E22   0.0000E+00         1  0.0000E+00         1
 //E33   0.0000E+00         1  0.0000E+00         1
 //E12   0.0000E+00         1  0.0000E+00         1
 //E23   0.0000E+00         1  0.0000E+00         1
 //E31   0.0000E+00         1  0.0000E+00         1
 //S11   0.0000E+00         1  0.0000E+00         1
 //S22   0.0000E+00         1  0.0000E+00         1
 //S33   0.0000E+00         1  0.0000E+00         1
 //S12   0.0000E+00         1  0.0000E+00         1
 //S23   0.0000E+00         1  0.0000E+00         1
 //S31   0.0000E+00         1  0.0000E+00         1
 //SMS   0.0000E+00         1  0.0000E+00         1
 ##### Global Summary @Element :Max/IdMax/Min/IdMin####
 //E11   0.0000E+00         1  0.0000E+00         1
 //E22   0.0000E+00         1  0.0000E+00         1
 //E33   0.0000E+00         1  0.0000E+00         1
 //E12   0.0000E+00         1  0.0000E+00         1
 //E23   0.0000E+00         1  0.0000E+00         1
 //E31   0.0000E+00         1  0.0000E+00         1
 //S11   0.0000E+00         1  0.0000E+00         1
 //S22   0.0000E+00         1  0.0000E+00         1
 //S33   0.0000E+00         1  0.0000E+00         1
 //S12   0.0000E+00         1  0.0000E+00         1
 //S23   0.0000E+00         1  0.0000E+00         1
 //S31   0.0000E+00         1  0.0000E+00         1
 //SMS   0.0000E+00         1  0.0000E+00         1
#### Result step=     1
 ##### Local Summary @Node    :Max/IdMax/Min/IdMin####
 //U1    9.7648E-02        11 -3.4940E-01         2
 //U2    0.0000E+00        21 -1.2357E+00         1
 //U3    1.0161E-02        20 -1.0161E-02        18
 //E11   4.4128E-02        21 -4.0035E-02        22
 //E22   2.5639E-02        18 -2.5822E-02        17
 //E33   2.1580E-02        22 -2.0439E-02        21
 //E12   6.9004E-03         4 -6.8860E-02        21
 //E23   2.0650E-02        18 -2.0650E-02        20
 //E31   1.0319E-02        24 -1.0319E-02        22
 //S11   3.1368E-01        21 -3.3244E-01        22
 //S22   1.8695E-01        20 -2.1105E-01        17
 //S33   1.6243E-01        22 -1.6037E-01        23
 //S12   2.6625E-02         4 -2.7412E-01        24
 //S23   7.9885E-02        17 -7.9885E-02        19
 //S31   3.8978E-02        21 -3.8978E-02        23
 //SMS   6.8173E-01        22  6.4766E-02         2
 ##### Local Summary @Element :Max/IdMax/Min/IdMin####
 //E11   1.8357E-03         5  6.7582E-04         2
 //E22   1.4085E-04         2 -1.3748E-03         1
 //E33   1.8783E-04         5 -2.4677E-04         3
 //E12  -4.8649E-03         1 -5.1573E-03         5
 //E23  -3.2526E-18         5 -4.6675E-17         1
 //E31   1.1899E-17         1  6.2342E-19         2
 //S11   6.8861E-03         1 -5.2855E-03         5
 //S22   2.0093E-03         2 -1.7143E-02         5
 //S33   1.9332E-03         2 -1.8326E-03         3
 //S12  -1.8703E-02         1 -2.0004E-02         5
 //S23  -1.0408E-17         5 -1.7683E-16         1
 //S31   4.5699E-17         1 -1.5179E-18         2
 //SMS   3.7607E-02         5  3.2965E-02         2
 ##### Global Summary @Node    :Max/IdMax/Min/IdMin####
 //U1    9.7648E-02        11 -3.4940E-01         2
 //U2    0.0000E+00        21 -1.2357E+00         1
 //U3    1.0161E-02        20 -1.0161E-02        18
 //E11   4.4128E-02        21 -4.0035E-02        22
 //E22   2.5639E-02        18 -2.5822E-02        17
 //E33   2.1580E-02        22 -2.0439E-02        21
 //E12   6.9004E-03         4 -6.8860E-02        21
 //E23   2.0650E-02        18 -2.0650E-02        20
 //E31   1.0319E-02        24 -1.0319E-02        22
 //S11   3.1368E-01        21 -3.3244E-01        22
 //S22   1.8695E-01        20 -2.1105E-01        17
 //S33   1.6243E-01        22 -1.6037E-01        23
 //S12   2.6625E-02         4 -2.7412E-01        24
 //S23   7.9885E-02        17 -7.9885E-02        19
 //S31   3.8978E-02        21 -3.8978E-02        23
 //SMS   6.8173E-01        22  6.4766E-02         2
 ##### Global Summary @Element :Max/IdMax/Min/IdMin####
 //E11   1.8357E-03         5  6.7582E-04         2
 //E22   1.4085E-04         2 -1.3748E-03         1
 //E33   1.8783E-04         5 -2.4677E-04         3
 //E12  -4.8649E-03         1 -5.1573E-03         5
 //E23  -3.2526E-18         5 -4.6675E-17         1
 //E31   1.1899E-17         1  6.2342E-19         2
 //S11   6.8861E-03         1 -5.2855E-03         5
 //S22   2.0093E-03         2 -1.7143E-02         5
 //S33   1.9332E-03         2 -1.8326E-03         3
 //S12  -1.8703E-02         1 -2.0004E-02         5
 //S23  -1.0408E-17         5 -1.7683E-16         1
 //S31   4.5699E-17         1 -1.5179E-18         2
 //SMS   3.7607E-02         5  3.2965E-02         2
