 fstr_setup: OK
#### Result step=     0
 ##### Local Summary @Node    :Max/IdMax/Min/IdMin####
 //U1    0.0000E+00         1  0.0000E+00         1
 //U2    0.0000E+00         1  0.0000E+00         1
 //U3    0.0000E+00         1  0.0000E+00         1
 //E11   0.0000E+00         1  0.0000E+00         1
 //E22   0.0000E+00         1  0.0000E+00         1
 //E33   0.0000E+00         1  0.0000E+00         1
 //E12   0.0000E+00         1  0.0000E+00         1
 //E23   0.0000E+00         1  0.0000E+00         1
 //E31   0.0000E+00         1  0.0000E+00         1
 //S11   0.0000E+00         1  0.0000E+00         1
 //S22   0.0000E+00         1  0.0000E+00         1
 //S33   0.0000E+00         1  0.0000E+00         1
 //S12   0.0000E+00         1  0.0000E+00         1
 //S23   0.0000E+00         1  0.0000E+00         1
 //S31   0.0000E+00         1  0.0000E+00         1
 //SMS   0.0000E+00         1  0.0000E+00         1
 ##### Local Summary @Element :Max/IdMax/Min/IdMin####
 //E11   0.0000E+00         1  0.0000E+00         1
 //E22   0.0000E+00         1  0.0000E+00         1
 //E33   0.0000E+00         1  0.0000E+00         1
 //E12   0.0000E+00         1  0.0000E+00         1
 //E23   0.0000E+00         1  0.0000E+00         1
 //E31   0.0000E+00         1  0.0000E+00         1
 //S11   0.0000E+00         1  0.0000E+00         1
 //S22   0.0000E+00         1  0.0000E+00         1
 //S33   0.0000E+00         1  0.0000E+00         1
 //S12   0.0000E+00         1  0.0000E+00         1
 //S23   0.0000E+00         1  0.0000E+00         1
 //S31   0.0000E+00         1  0.0000E+00         1
 //SMS   0.0000E+00         1  0.0000E+00         1
 ##### Global Summary @Node    :Max/IdMax/Min/IdMin####
 //U1    0.0000E+00         1  0.0000E+00         1
 //U2    0.0000E+00         1  0.0000E+00         1
 //U3    0.0000E+00         1  0.0000E+00         1
 //E11   0.0000E+00         1  0.0000E+00         1
 //E22   0.0000E+00         1  0.0000E+00         1
 //E33   0.0000E+00         1  0.0000E+00         1
 //E12   0.0000E+00         1  0.0000E+00         1
 //E23   0.0000E+00         1  0.0000E+00         1
 //E31   0.0000E+00         1  0.0000E+00         1
 //S11   0.0000E+00         1  0.0000E+00         1
 //S22   0.0000E+00         1  0.0000E+00         1
 //S33   0.0000E+00         1  0.0000E+00         1
 //S12   0.0000E+00         1  0.0000E+00         1
 //S23   0.0000E+00         1  0.0000E+00         1
 //S31   0.0000E+00         1  0.0000E+00         1
 //SMS   0.0000E+00         1  0.0000E+00         1
 ##### Global Summary @Element :Max/IdMax/Min/IdMin####
 //E11   0.0000E+00         1  0.0000E+00         1
 //E22   0.0000E+00         1  0.0000E+00         1
 //E33   0.0000E+00         1  0.0000E+00         1
 //E12   0.0000E+00         1  0.0000E+00         1
 //E23   0.0000E+00         1  0.0000E+00         1
 //E31   0.0000E+00         1  0.0000E+00         1
 //S11   0.0000E+00         1  0.0000E+00         1
 //S22   0.0000E+00         1  0.0000E+00         1
 //S33   0.0000E+00         1  0.0000E+00         1
 //S12   0.0000E+00         1  0.0000E+00         1
 //S23   0.0000E+00         1  0.0000E+00         1
 //S31   0.0000E+00         1  0.0000E+00         1
 //SMS   0.0000E+00         1  0.0000E+00         1
#### Result step=     1
 ##### Local Summary @Node    :Max/IdMax/Min/IdMin####
 //U1    1.6388E-01        13 -1.6392E-01        15
 //U2    0.0000E+00         9 -1.0763E+00        16
 //U3    8.9194E-03        22 -2.5829E-02        16
 //E11   3.9326E-02        12 -4.0347E-02        10
 //E22   2.0528E-02        10 -2.3954E-02        24
 //E33   2.0528E-02        10 -1.9309E-02        12
 //E12   3.3671E-02         4 -7.4218E-02         9
 //E23   2.0999E-02        21 -1.6608E-02        24
 //E31   8.9891E-03        10 -9.7091E-03        12
 //S11   3.0660E+00        12 -3.0627E+00        10
 //S22   1.6200E+00        10 -1.8301E+00        24
 //S33   1.6200E+00        10 -1.4444E+00        12
 //S12   1.2951E+00         4 -2.8545E+00         9
 //S23   8.0764E-01        21 -6.3879E-01        24
 //S31   3.4573E-01        10 -3.7343E-01        12
 //SMS   6.6156E+00         9  3.5618E-01        15
 ##### Local Summary @Element :Max/IdMax/Min/IdMin####
 //E11   8.4049E-04         1 -1.0882E-03         4
 //E22   2.6275E-03         4 -2.0296E-03         5
 //E33   7.3089E-04         2 -8.3039E-04         4
 //E12  -2.0963E-03         2 -6.9147E-03         4
 //E23   4.2600E-03         2 -5.3642E-03         4
 //E31   4.7996E-04         4 -5.5251E-04         2
 //S11   5.5663E-02         1 -4.2809E-02         4
 //S22   2.4301E-01         4 -2.0625E-01         5
 //S33   5.9579E-02         2 -5.1478E-02         3
 //S12  -8.0628E-02         2 -2.6595E-01         4
 //S23   1.6385E-01         2 -2.0632E-01         4
 //S31   1.8460E-02         4 -2.1250E-02         2
 //SMS   6.4601E-01         4  3.4146E-01         6
 ##### Global Summary @Node    :Max/IdMax/Min/IdMin####
 //U1    1.6388E-01        13 -1.6392E-01        15
 //U2    0.0000E+00         9 -1.0763E+00        16
 //U3    8.9194E-03        22 -2.5829E-02        16
 //E11   3.9326E-02        12 -4.0347E-02        10
 //E22   2.0528E-02        10 -2.3954E-02        24
 //E33   2.0528E-02        10 -1.9309E-02        12
 //E12   3.3671E-02         4 -7.4218E-02         9
 //E23   2.0999E-02        21 -1.6608E-02        24
 //E31   8.9891E-03        10 -9.7091E-03        12
 //S11   3.0660E+00        12 -3.0627E+00        10
 //S22   1.6200E+00        10 -1.8301E+00        24
 //S33   1.6200E+00        10 -1.4444E+00        12
 //S12   1.2951E+00         4 -2.8545E+00         9
 //S23   8.0764E-01        21 -6.3879E-01        24
 //S31   3.4573E-01        10 -3.7343E-01        12
 //SMS   6.6156E+00         9  3.5618E-01        15
 ##### Global Summary @Element :Max/IdMax/Min/IdMin####
 //E11   8.4049E-04         1 -1.0882E-03         4
 //E22   2.6275E-03         4 -2.0296E-03         5
 //E33   7.3089E-04         2 -8.3039E-04         4
 //E12  -2.0963E-03         2 -6.9147E-03         4
 //E23   4.2600E-03         2 -5.3642E-03         4
 //E31   4.7996E-04         4 -5.5251E-04         2
 //S11   5.5663E-02         1 -4.2809E-02         4
 //S22   2.4301E-01         4 -2.0625E-01         5
 //S33   5.9579E-02         2 -5.1478E-02         3
 //S12  -8.0628E-02         2 -2.6595E-01         4
 //S23   1.6385E-01         2 -2.0632E-01         4
 //S31   1.8460E-02         4 -2.1250E-02         2
 //SMS   6.4601E-01         4  3.4146E-01         6
