 fstr_setup: OK
#### Result step=     0
 ##### Local Summary @Node    :Max/IdMax/Min/IdMin####
 //U1    0.0000E+00         1  0.0000E+00         1
 //U2    0.0000E+00         1  0.0000E+00         1
 //U3    0.0000E+00         1  0.0000E+00         1
 //E11   0.0000E+00         1  0.0000E+00         1
 //E22   0.0000E+00         1  0.0000E+00         1
 //E33   0.0000E+00         1  0.0000E+00         1
 //E12   0.0000E+00         1  0.0000E+00         1
 //E23   0.0000E+00         1  0.0000E+00         1
 //E31   0.0000E+00         1  0.0000E+00         1
 //S11   0.0000E+00         1  0.0000E+00         1
 //S22   0.0000E+00         1  0.0000E+00         1
 //S33   0.0000E+00         1  0.0000E+00         1
 //S12   0.0000E+00         1  0.0000E+00         1
 //S23   0.0000E+00         1  0.0000E+00         1
 //S31   0.0000E+00         1  0.0000E+00         1
 //SMS   0.0000E+00         1  0.0000E+00         1
 ##### Local Summary @Element :Max/IdMax/Min/IdMin####
 //E11   0.0000E+00         1  0.0000E+00         1
 //E22   0.0000E+00         1  0.0000E+00         1
 //E33   0.0000E+00         1  0.0000E+00         1
 //E12   0.0000E+00         1  0.0000E+00         1
 //E23   0.0000E+00         1  0.0000E+00         1
 //E31   0.0000E+00         1  0.0000E+00         1
 //S11   0.0000E+00         1  0.0000E+00         1
 //S22   0.0000E+00         1  0.0000E+00         1
 //S33   0.0000E+00         1  0.0000E+00         1
 //S12   0.0000E+00         1  0.0000E+00         1
 //S23   0.0000E+00         1  0.0000E+00         1
 //S31   0.0000E+00         1  0.0000E+00         1
 //SMS   0.0000E+00         1  0.0000E+00         1
 ##### Global Summary @Node    :Max/IdMax/Min/IdMin####
 //U1    0.0000E+00         1  0.0000E+00         1
 //U2    0.0000E+00         1  0.0000E+00         1
 //U3    0.0000E+00         1  0.0000E+00         1
 //E11   0.0000E+00         1  0.0000E+00         1
 //E22   0.0000E+00         1  0.0000E+00         1
 //E33   0.0000E+00         1  0.0000E+00         1
 //E12   0.0000E+00         1  0.0000E+00         1
 //E23   0.0000E+00         1  0.0000E+00         1
 //E31   0.0000E+00         1  0.0000E+00         1
 //S11   0.0000E+00         1  0.0000E+00         1
 //S22   0.0000E+00         1  0.0000E+00         1
 //S33   0.0000E+00         1  0.0000E+00         1
 //S12   0.0000E+00         1  0.0000E+00         1
 //S23   0.0000E+00         1  0.0000E+00         1
 //S31   0.0000E+00         1  0.0000E+00         1
 //SMS   0.0000E+00         1  0.0000E+00         1
 ##### Global Summary @Element :Max/IdMax/Min/IdMin####
 //E11   0.0000E+00         1  0.0000E+00         1
 //E22   0.0000E+00         1  0.0000E+00         1
 //E33   0.0000E+00         1  0.0000E+00         1
 //E12   0.0000E+00         1  0.0000E+00         1
 //E23   0.0000E+00         1  0.0000E+00         1
 //E31   0.0000E+00         1  0.0000E+00         1
 //S11   0.0000E+00         1  0.0000E+00         1
 //S22   0.0000E+00         1  0.0000E+00         1
 //S33   0.0000E+00         1  0.0000E+00         1
 //S12   0.0000E+00         1  0.0000E+00         1
 //S23   0.0000E+00         1  0.0000E+00         1
 //S31   0.0000E+00         1  0.0000E+00         1
 //SMS   0.0000E+00         1  0.0000E+00         1
#### Result step=     1
 ##### Local Summary @Node    :Max/IdMax/Min/IdMin####
 //U1    6.2828E-02         9 -1.3549E-01         4
 //U2    0.0000E+00        21 -6.2127E-01         1
 //U3    5.1497E-03        20 -5.1497E-03        18
 //E11   2.1032E-02        21 -2.1440E-02        22
 //E22   1.3407E-02        18 -1.2628E-02        19
 //E33   1.0752E-02        22 -1.0485E-02        21
 //E12   3.7513E-03        14 -3.4758E-02        23
 //E23   1.0230E-02        18 -1.0230E-02        20
 //E31   5.1789E-03        24 -5.1789E-03        22
 //S11   3.2426E-01        21 -3.2915E-01        22
 //S22   2.0726E-01        18 -1.9328E-01        19
 //S33   1.6611E-01        22 -1.6061E-01        23
 //S12   2.8856E-02        14 -2.6737E-01        23
 //S23   7.8692E-02        18 -7.8692E-02        20
 //S31   3.9838E-02        24 -3.9838E-02        22
 //SMS   6.7622E-01        22  5.7129E-02         2
 ##### Local Summary @Element :Max/IdMax/Min/IdMin####
 //E11   2.9028E-04         5 -2.7232E-04         2
 //E22   3.8757E-04         2 -3.7345E-04         1
 //E33   1.3633E-04         1 -7.1835E-05         3
 //E12  -2.4659E-03         2 -2.8611E-03         1
 //E23   2.7078E-17         2 -2.7525E-17         1
 //E31   1.3146E-18         3 -9.3377E-18         2
 //S11   5.1604E-03         5 -3.9181E-03         1
 //S22   7.7453E-03         2 -8.9880E-03         1
 //S33   2.3867E-03         2 -1.3905E-03         3
 //S12  -1.8969E-02         2 -2.2008E-02         1
 //S23   2.0882E-16         2 -2.1185E-16         1
 //S31   1.0083E-17         3 -7.1883E-17         2
 //SMS   3.8737E-02         1  3.4012E-02         2
 ##### Global Summary @Node    :Max/IdMax/Min/IdMin####
 //U1    6.2828E-02         9 -1.3549E-01         4
 //U2    0.0000E+00        21 -6.2127E-01         1
 //U3    5.1497E-03        20 -5.1497E-03        18
 //E11   2.1032E-02        21 -2.1440E-02        22
 //E22   1.3407E-02        18 -1.2628E-02        19
 //E33   1.0752E-02        22 -1.0485E-02        21
 //E12   3.7513E-03        14 -3.4758E-02        23
 //E23   1.0230E-02        18 -1.0230E-02        20
 //E31   5.1789E-03        24 -5.1789E-03        22
 //S11   3.2426E-01        21 -3.2915E-01        22
 //S22   2.0726E-01        18 -1.9328E-01        19
 //S33   1.6611E-01        22 -1.6061E-01        23
 //S12   2.8856E-02        14 -2.6737E-01        23
 //S23   7.8692E-02        18 -7.8692E-02        20
 //S31   3.9838E-02        24 -3.9838E-02        22
 //SMS   6.7622E-01        22  5.7129E-02         2
 ##### Global Summary @Element :Max/IdMax/Min/IdMin####
 //E11   2.9028E-04         5 -2.7232E-04         2
 //E22   3.8757E-04         2 -3.7345E-04         1
 //E33   1.3633E-04         1 -7.1835E-05         3
 //E12  -2.4659E-03         2 -2.8611E-03         1
 //E23   2.7078E-17         2 -2.7525E-17         1
 //E31   1.3146E-18         3 -9.3377E-18         2
 //S11   5.1604E-03         5 -3.9181E-03         1
 //S22   7.7453E-03         2 -8.9880E-03         1
 //S33   2.3867E-03         2 -1.3905E-03         3
 //S12  -1.8969E-02         2 -2.2008E-02         1
 //S23   2.0882E-16         2 -2.1185E-16         1
 //S31   1.0083E-17         3 -7.1883E-17         2
 //SMS   3.8737E-02         1  3.4012E-02         2
