 fstr_setup: OK
#### Result step=     1
 ##### Local Summary :Max/IdMax/Min/IdMin####
   //U1   1.0355E-02        21  0.0000E+00         1
   //U2   4.1964E-03       221 -2.8768E-04         3
   //E11  1.3161E-03         1  9.8076E-04       203
   //E22  1.0039E-03         7  0.0000E+00         1
   //E12  0.0000E+00         1  0.0000E+00         1
   //S11  2.8790E-01         3 -3.9124E-01       201
   //S22  1.6276E-02         7 -3.9788E+00         1
   //S12  0.0000E+00         1  0.0000E+00         1
   //SMS  3.8188E+00         1  3.7004E-08       121
 ##### @Element :Max/IdMax/Min/IdMin####
   //E11  1.3161E-03         1  9.4233E-04       102
   //E22  1.0092E-03         4  0.0000E+00         1
   //E12  0.0000E+00         1  0.0000E+00         1
   //S11  7.1184E-01         2 -5.2026E-01       101
   //S22  4.0938E-02         5 -4.1561E+00       101
   //S12  0.0000E+00         1  0.0000E+00         1
   //SMS  4.0926E+00       101  2.8910E-08       119
 ##### Global Summary :Max/Min####
   //U1   1.0355E-02  0.0000E+00
   //U2   4.1964E-03 -2.8768E-04
   //E11  1.3161E-03  9.8076E-04
   //E22  1.0039E-03  0.0000E+00
   //E12  0.0000E+00  0.0000E+00
   //S11  2.8790E-01 -3.9124E-01
   //S22  1.6276E-02 -3.9788E+00
   //S12  0.0000E+00  0.0000E+00
   //SMS  3.8188E+00  3.7004E-08
 ##### @Element :Max/Min####
   //E11  1.3161E-03  9.4233E-04
   //E22  1.0092E-03  0.0000E+00
   //E12  0.0000E+00  0.0000E+00
   //S11  7.1184E-01 -5.2026E-01
   //S22  4.0938E-02 -4.1561E+00
   //S12  0.0000E+00  0.0000E+00
   //SMS  4.0926E+00  2.8910E-08
