 fstr_setup: OK
#### Result step=     1
 ##### Local Summary :Max/IdMax/Min/IdMin####
   //U1   1.0070E-02        21  0.0000E+00         1
   //U2   6.2317E-04       221 -4.6468E-04         3
   //E11  1.1873E-03       152  8.7368E-04       202
   //E22  1.7936E-03         1  5.0544E-04       152
   //E12  0.0000E+00         1  0.0000E+00         1
   //S11  7.3107E-01         1 -5.7112E-01       202
   //S22  3.3936E+00         1 -2.0054E+00        52
   //S12  0.0000E+00         1  0.0000E+00         1
   //SMS  2.6206E+00         1  1.4657E-09       218
 ##### @Element :Max/IdMax/Min/IdMin####
   //E11  1.1506E-03         1  9.8871E-04         3
   //E22  1.0280E-03         3  5.7734E-04       101
   //E12  0.0000E+00         1  0.0000E+00         1
   //S11  1.3178E-01         1 -1.2425E-01         2
   //S22  1.0801E-01         3 -1.6976E+00       101
   //S12  0.0000E+00         1  0.0000E+00         1
   //SMS  1.9319E+00       101  2.1761E-09       118
 ##### Global Summary :Max/Min####
   //U1   1.0070E-02  0.0000E+00
   //U2   6.2317E-04 -4.6468E-04
   //E11  1.1873E-03  8.7368E-04
   //E22  1.7936E-03  5.0544E-04
   //E12  0.0000E+00  0.0000E+00
   //S11  7.3107E-01 -5.7112E-01
   //S22  3.3936E+00 -2.0054E+00
   //S12  0.0000E+00  0.0000E+00
   //SMS  2.6206E+00  1.4657E-09
 ##### @Element :Max/Min####
   //E11  1.1506E-03  9.8871E-04
   //E22  1.0280E-03  5.7734E-04
   //E12  0.0000E+00  0.0000E+00
   //S11  1.3178E-01 -1.2425E-01
   //S22  1.0801E-01 -1.6976E+00
   //S12  0.0000E+00  0.0000E+00
   //SMS  1.9319E+00  2.1761E-09
