 fstr_setup: OK
#### Result step=     1
 ##### Local Summary :Max/IdMax/Min/IdMin####
   //U1   1.0103E-02       121  0.0000E+00         1
   //U2   5.8790E-04       203 -5.8790E-04         3
   //E11  1.1644E-03       101  9.7075E-04       105
   //E22  1.1758E-03         3 -2.7105E-20         1
   //E12  5.8790E-04       201 -5.8790E-04         1
   //S11  4.8052E-01         3 -9.5434E-01         1
   //S22  8.4739E-01         3 -4.2863E+00         1
   //S12  9.0447E-01       201 -9.0447E-01         1
   //SMS  4.2008E+00         1  5.7207E-07       121
 ##### @Element :Max/IdMax/Min/IdMin####
   //E11  1.1236E-03       101  9.7662E-04       103
   //E22  1.0779E-03         3  5.8790E-04       101
   //E12  2.1247E-04       101 -2.1247E-04         1
   //S11  4.0894E-08        11 -3.9604E-08        13
   //S22  3.1176E-01         3 -1.6484E+00       101
   //S12  3.2688E-01       101 -3.2688E-01         1
   //SMS  1.7429E+00       101  3.7983E-07        19
 ##### Global Summary :Max/Min####
   //U1   1.0103E-02  0.0000E+00
   //U2   5.8790E-04 -5.8790E-04
   //E11  1.1644E-03  9.7075E-04
   //E22  1.1758E-03 -2.7105E-20
   //E12  5.8790E-04 -5.8790E-04
   //S11  4.8052E-01 -9.5434E-01
   //S22  8.4739E-01 -4.2863E+00
   //S12  9.0447E-01 -9.0447E-01
   //SMS  4.2008E+00  5.7207E-07
 ##### @Element :Max/Min####
   //E11  1.1236E-03  9.7662E-04
   //E22  1.0779E-03  5.8790E-04
   //E12  2.1247E-04 -2.1247E-04
   //S11  4.0894E-08 -3.9604E-08
   //S22  3.1176E-01 -1.6484E+00
   //S12  3.2688E-01 -3.2688E-01
   //SMS  1.7429E+00  3.7983E-07
