 fstr_setup: OK
#### Result step=     1
 ##### Local Summary :Max/IdMax/Min/IdMin####
   //U1   1.0059E-02        21  0.0000E+00         1
   //U2   5.0060E-04       205 -5.0060E-04         5
   //E11  1.3985E-03       101  8.6448E-04       103
   //E22  1.0761E-03         3  1.9147E-04        51
   //E12  1.3643E-03       201 -1.3643E-03         1
   //S11  6.8556E-01       101 -1.0431E+00         1
   //S22  4.0234E-01         3 -3.5471E+00         1
   //S12  2.0989E+00       201 -2.0989E+00         1
   //SMS  4.8151E+00       201  5.5866E-08       120
 ##### @Element :Max/IdMax/Min/IdMin####
   //E11  1.0569E-03       101  9.9995E-04         5
   //E22  1.0001E-03         7  7.7634E-04         1
   //E12  1.3898E-04       101 -1.3898E-04         1
   //S11  2.3725E-03       103 -4.4697E-02         1
   //S22  4.0296E-04         7 -9.0806E-01         1
   //S12  2.1382E-01       101 -2.1382E-01         1
   //SMS  9.6080E-01         1  5.9267E-08        19
 ##### Global Summary :Max/Min####
   //U1   1.0059E-02  0.0000E+00
   //U2   5.0060E-04 -5.0060E-04
   //E11  1.3985E-03  8.6448E-04
   //E22  1.0761E-03  1.9147E-04
   //E12  1.3643E-03 -1.3643E-03
   //S11  6.8556E-01 -1.0431E+00
   //S22  4.0234E-01 -3.5471E+00
   //S12  2.0989E+00 -2.0989E+00
   //SMS  4.8151E+00  5.5866E-08
 ##### @Element :Max/Min####
   //E11  1.0569E-03  9.9995E-04
   //E22  1.0001E-03  7.7634E-04
   //E12  1.3898E-04 -1.3898E-04
   //S11  2.3725E-03 -4.4697E-02
   //S22  4.0296E-04 -9.0806E-01
   //S12  2.1382E-01 -2.1382E-01
   //SMS  9.6080E-01  5.9267E-08
