 fstr_setup: OK
#### Result step=     1
 ##### Local Summary :Max/IdMax/Min/IdMin####
   //U1   1.0828E-02      1221  0.0000E+00      1001
   //U2   3.9937E-04      1203 -1.3771E-03      5021
   //U3   6.4205E-03      5221 -2.7937E-04      1203
   //E11  1.7291E-03      1101  9.9971E-04      5109
   //E22  1.0005E-03      5209  0.0000E+00      1201
   //E33  1.0778E-03      5203  0.0000E+00      1201
   //E12  3.9937E-04      1201 -3.3046E-04      5001
   //E23  2.0491E-04      5001 -3.0228E-04      1001
   //E13  2.3008E-04      5201 -2.7937E-04      1201
   //S11  8.3635E-01      1203 -1.2385E+00      5001
   //S22  2.9284E-03      5209 -6.0424E+00      1201
   //S33  1.1418E-01      3205 -6.0424E+00      1201
   //S12  6.1442E-01      1201 -5.0839E-01      5001
   //S23  3.1525E-01      5001 -4.6504E-01      1001
   //S13  3.5397E-01      5201 -4.2979E-01      1201
   //SMS  5.4342E+00      1201  9.0281E-06      1121
 ##### @Element :Max/IdMax/Min/IdMin####
   //E11  1.7338E-03         2  9.8085E-04        10
   //E22  1.0007E-03       203  0.0000E+00         2
   //E33  1.1485E-03       184  0.0000E+00         2
   //E12  3.9937E-04        62 -4.7818E-04       123
   //E23  7.7002E-04        66 -9.0683E-04         1
   //E13  2.8863E-04       123 -3.1331E-04         1
   //S11  2.4005E+00        64 -2.3988E+00       123
   //S22  3.5103E-01        65 -6.7424E+00       123
   //S33  1.1108E+00        64 -6.7424E+00       123
   //S12  6.1442E-01        62 -7.3566E-01       123
   //S23  1.1846E+00        66 -1.3951E+00         1
   //S13  4.4405E-01       123 -4.8201E-01         1
   //SMS  5.4342E+00        62  3.4305E-05       179
 ##### Global Summary :Max/Min####
   //U1   1.0828E-02  0.0000E+00
   //U2   3.9937E-04 -1.3771E-03
   //U3   6.4205E-03 -2.7937E-04
   //E11  1.7291E-03  9.9971E-04
   //E22  1.0005E-03  0.0000E+00
   //E33  1.0778E-03  0.0000E+00
   //E12  3.9937E-04 -3.3046E-04
   //E23  2.0491E-04 -3.0228E-04
   //E13  2.3008E-04 -2.7937E-04
   //S11  8.3635E-01 -1.2385E+00
   //S22  2.9284E-03 -6.0424E+00
   //S33  1.1418E-01 -6.0424E+00
   //S12  6.1442E-01 -5.0839E-01
   //S23  3.1525E-01 -4.6504E-01
   //S13  3.5397E-01 -4.2979E-01
   //SMS  5.4342E+00  9.0281E-06
 ##### @Element :Max/Min####
   //E11  1.7338E-03  9.8085E-04
   //E22  1.0007E-03  0.0000E+00
   //E33  1.1485E-03  0.0000E+00
   //E12  3.9937E-04 -4.7818E-04
   //E23  7.7002E-04 -9.0683E-04
   //E13  2.8863E-04 -3.1331E-04
   //S11  2.4005E+00 -2.3988E+00
   //S22  3.5103E-01 -6.7424E+00
   //S33  1.1108E+00 -6.7424E+00
   //S12  6.1442E-01 -7.3566E-01
   //S23  1.1846E+00 -1.3951E+00
   //S13  4.4405E-01 -4.8201E-01
   //SMS  5.4342E+00  3.4305E-05
