 fstr_setup: OK
#### Result step=     1
 ##### Local Summary :Max/IdMax/Min/IdMin####
   //U1   1.0217E-02      5021  0.0000E+00      1001
   //U2   6.1951E-04      1221 -5.4904E-04      1003
   //U3   5.8807E-04      5203 -6.4283E-04      1021
   //E11  1.8816E-03      2101  7.0576E-04      1103
   //E22  1.3871E-03      1203 -5.4975E-05      2201
   //E33  1.3965E-03      1203 -9.5447E-05      1051
   //E12  1.4459E-03      1201 -1.0030E-03      4001
   //E23  3.4023E-04      5051 -3.9038E-04      1001
   //E13  7.6933E-04      5001 -1.4892E-03      1201
   //S11  1.2394E+00      1202 -1.7348E+00      2201
   //S22  2.6127E+00      1203 -6.6994E+00      2201
   //S33  2.6415E+00      1203 -6.5303E+00      2201
   //S12  2.2244E+00      1201 -1.5430E+00      4001
   //S23  5.2343E-01      5051 -6.0058E-01      1001
   //S13  1.1836E+00      5001 -2.2911E+00      1201
   //SMS  7.3023E+00      1201  6.7481E-08      4015
 ##### @Element :Max/IdMax/Min/IdMin####
   //E11  1.5116E-03         2  8.9760E-04         4
   //E22  1.0579E-03         8  4.2653E-04       122
   //E33  1.0405E-03         9  4.4370E-04         2
   //E12  4.3617E-04       182 -4.4102E-04       123
   //E23  4.1834E-05       126 -1.0102E-04        63
   //E13  3.9985E-04       123 -5.1338E-04        63
   //S11  5.4951E-01        66 -6.5449E-01        65
   //S22  2.9543E-01         8 -3.3216E+00       123
   //S33  2.2693E-01         8 -3.3668E+00       123
   //S12  6.7103E-01       182 -6.7849E-01       123
   //S23  6.4361E-02       126 -1.5541E-01        63
   //S13  6.1516E-01       123 -7.8982E-01        63
   //SMS  3.5192E+00       122  8.3260E-08       161
 ##### Global Summary :Max/Min####
   //U1   1.0217E-02  0.0000E+00
   //U2   6.1951E-04 -5.4904E-04
   //U3   5.8807E-04 -6.4283E-04
   //E11  1.8816E-03  7.0576E-04
   //E22  1.3871E-03 -5.4975E-05
   //E33  1.3965E-03 -9.5447E-05
   //E12  1.4459E-03 -1.0030E-03
   //E23  3.4023E-04 -3.9038E-04
   //E13  7.6933E-04 -1.4892E-03
   //S11  1.2394E+00 -1.7348E+00
   //S22  2.6127E+00 -6.6994E+00
   //S33  2.6415E+00 -6.5303E+00
   //S12  2.2244E+00 -1.5430E+00
   //S23  5.2343E-01 -6.0058E-01
   //S13  1.1836E+00 -2.2911E+00
   //SMS  7.3023E+00  6.7481E-08
 ##### @Element :Max/Min####
   //E11  1.5116E-03  8.9760E-04
   //E22  1.0579E-03  4.2653E-04
   //E33  1.0405E-03  4.4370E-04
   //E12  4.3617E-04 -4.4102E-04
   //E23  4.1834E-05 -1.0102E-04
   //E13  3.9985E-04 -5.1338E-04
   //S11  5.4951E-01 -6.5449E-01
   //S22  2.9543E-01 -3.3216E+00
   //S33  2.2693E-01 -3.3668E+00
   //S12  6.7103E-01 -6.7849E-01
   //S23  6.4361E-02 -1.5541E-01
   //S13  6.1516E-01 -7.8982E-01
   //SMS  3.5192E+00  8.3260E-08
