 fstr_setup: OK
#### Result step=     1
 ##### Local Summary :Max/IdMax/Min/IdMin####
   //U1   1.0565E-02      1121  0.0000E+00      1001
   //U2   8.5549E-04      1203 -8.5549E-04      1003
   //U3   5.3682E-03      5121 -2.2167E-04      1103
   //E11  1.5707E-03      1001  9.7797E-04      1005
   //E22  1.0891E-03      1005  5.7032E-04      1001
   //E33  1.0058E-03      1007  0.0000E+00      1001
   //E12  3.2763E-04      1201 -3.2763E-04      1001
   //E23  6.1029E-05      1201 -6.1029E-05      1001
   //E13  1.7121E-04      5001 -1.7590E-04      1201
   //S11  5.7128E-01      1203 -7.5925E-01      5201
   //S22  3.2694E-01      1005 -3.3043E+00      1201
   //S33  2.5011E-02      3005 -5.0592E+00      1201
   //S12  5.0405E-01      1201 -5.0405E-01      1001
   //S23  9.3890E-02      1201 -9.3890E-02      1001
   //S13  2.6339E-01      5001 -2.7062E-01      1201
   //SMS  4.3548E+00      1001  8.5851E-06      3121
 ##### @Element :Max/IdMax/Min/IdMin####
   //E11  1.5707E-03      1001  9.3429E-04      3003
   //E22  1.3161E-03      1003  4.9734E-04      3101
   //E33  1.0188E-03      1004  0.0000E+00      1001
   //E12  3.2763E-04      1101 -3.2763E-04      1001
   //E23  9.1132E-05      3003 -9.1132E-05      3103
   //E13  2.3904E-04      3001 -1.7590E-04      1101
   //S11  1.7447E+00      1002 -1.4865E+00      3101
   //S22  1.2487E+00      1003 -4.1653E+00      3101
   //S33  1.8061E-01      3103 -5.6955E+00      3101
   //S12  5.0405E-01      1101 -5.0405E-01      1001
   //S23  1.4020E-01      3003 -1.4020E-01      3103
   //S13  3.6776E-01      3001 -2.7062E-01      1101
   //SMS  4.3548E+00      1001  2.6900E-05      1120
 ##### Global Summary :Max/Min####
   //U1   1.0565E-02  0.0000E+00
   //U2   8.5549E-04 -8.5549E-04
   //U3   5.3682E-03 -2.2167E-04
   //E11  1.5707E-03  9.7797E-04
   //E22  1.0891E-03  5.7032E-04
   //E33  1.0058E-03  0.0000E+00
   //E12  3.2763E-04 -3.2763E-04
   //E23  6.1029E-05 -6.1029E-05
   //E13  1.7121E-04 -1.7590E-04
   //S11  5.7128E-01 -7.5925E-01
   //S22  3.2694E-01 -3.3043E+00
   //S33  2.5011E-02 -5.0592E+00
   //S12  5.0405E-01 -5.0405E-01
   //S23  9.3890E-02 -9.3890E-02
   //S13  2.6339E-01 -2.7062E-01
   //SMS  4.3548E+00  8.5851E-06
 ##### @Element :Max/Min####
   //E11  1.5707E-03  9.3429E-04
   //E22  1.3161E-03  4.9734E-04
   //E33  1.0188E-03  0.0000E+00
   //E12  3.2763E-04 -3.2763E-04
   //E23  9.1132E-05 -9.1132E-05
   //E13  2.3904E-04 -1.7590E-04
   //S11  1.7447E+00 -1.4865E+00
   //S22  1.2487E+00 -4.1653E+00
   //S33  1.8061E-01 -5.6955E+00
   //S12  5.0405E-01 -5.0405E-01
   //S23  1.4020E-01 -1.4020E-01
   //S13  3.6776E-01 -2.7062E-01
   //SMS  4.3548E+00  2.6900E-05
