 fstr_setup: OK
#### Result step=     1
 ##### Local Summary :Max/IdMax/Min/IdMin####
   //U1   1.0156E-02      5071  0.0000E+00      1001
   //U2   5.8456E-04      1202 -5.8456E-04      1002
   //U3   5.9375E-04      5103 -4.8140E-04      1003
   //E11  1.8776E-03      1101  6.5782E-04      1103
   //E22  1.1876E-03      1103  2.9250E-04      4001
   //E33  1.3256E-03      1003 -4.5401E-19      4001
   //E12  1.8247E-03      1201 -1.8247E-03      1001
   //E23  2.3225E-04      5002 -2.3225E-04      5202
   //E13  8.6403E-04      5001 -1.2181E-03      1101
   //S11  1.5084E+00      3101 -2.0619E+00      1201
   //S22  1.5221E+00      1003 -5.1394E+00      4201
   //S33  2.0008E+00      1003 -6.1163E+00      1201
   //S12  2.8072E+00      1201 -2.8072E+00      1001
   //S23  3.5730E-01      5002 -3.5730E-01      5202
   //S13  1.3293E+00      5001 -1.8740E+00      1101
   //SMS  6.7040E+00      1201  7.8668E-08      3020
 ##### @Element :Max/IdMax/Min/IdMin####
   //E11  1.3084E-03      1001  9.8872E-04      1102
   //E22  1.0351E-03      1102  7.2784E-04      3001
   //E33  1.0417E-03      1003  5.8201E-04      3101
   //E12  3.2888E-04      3101 -3.2888E-04      3001
   //E23  3.7257E-05      3002 -3.7257E-05      3102
   //E13  2.8956E-04      3001 -3.3076E-04      1101
   //S11  1.8368E-01      1001 -1.6406E-01      1102
   //S22  7.1849E-04      3106 -1.7839E+00      3001
   //S33  1.0964E-01      1003 -2.2326E+00      3101
   //S12  5.0597E-01      3101 -5.0597E-01      3001
   //S23  5.7318E-02      3002 -5.7318E-02      3102
   //S13  4.4548E-01      3001 -5.0886E-01      1101
   //SMS  2.3160E+00      1001  6.7075E-08      3020
 ##### Global Summary :Max/Min####
   //U1   1.0156E-02  0.0000E+00
   //U2   5.8456E-04 -5.8456E-04
   //U3   5.9375E-04 -4.8140E-04
   //E11  1.8776E-03  6.5782E-04
   //E22  1.1876E-03  2.9250E-04
   //E33  1.3256E-03 -4.5401E-19
   //E12  1.8247E-03 -1.8247E-03
   //E23  2.3225E-04 -2.3225E-04
   //E13  8.6403E-04 -1.2181E-03
   //S11  1.5084E+00 -2.0619E+00
   //S22  1.5221E+00 -5.1394E+00
   //S33  2.0008E+00 -6.1163E+00
   //S12  2.8072E+00 -2.8072E+00
   //S23  3.5730E-01 -3.5730E-01
   //S13  1.3293E+00 -1.8740E+00
   //SMS  6.7040E+00  7.8668E-08
 ##### @Element :Max/Min####
   //E11  1.3084E-03  9.8872E-04
   //E22  1.0351E-03  7.2784E-04
   //E33  1.0417E-03  5.8201E-04
   //E12  3.2888E-04 -3.2888E-04
   //E23  3.7257E-05 -3.7257E-05
   //E13  2.8956E-04 -3.3076E-04
   //S11  1.8368E-01 -1.6406E-01
   //S22  7.1849E-04 -1.7839E+00
   //S33  1.0964E-01 -2.2326E+00
   //S12  5.0597E-01 -5.0597E-01
   //S23  5.7318E-02 -5.7318E-02
   //S13  4.4548E-01 -5.0886E-01
   //SMS  2.3160E+00  6.7075E-08
