 fstr_setup: OK
#### Result step=     1
 ##### Local Summary :Max/IdMax/Min/IdMin####
   //U1   1.0264E-02      3121  0.0000E+00      1001
   //U2   6.1547E-04      3203 -6.1547E-04      3003
   //U3   6.1547E-04      5103 -6.1547E-04      1103
   //E11  1.9751E-03      3101  7.6939E-04      3103
   //E22  1.2375E-03      3103 -2.5604E-05      1101
   //E33  1.2375E-03      3103 -2.5604E-05      3201
   //E12  1.9032E-04      3201 -1.9032E-04      3001
   //E23  1.1263E-05      5207 -1.1263E-05      1207
   //E13  1.9032E-04      5101 -1.9032E-04      1101
   //S11  5.1723E-01      3101 -5.1532E-01      1201
   //S22  1.3255E+00      5103 -5.7935E+00      1101
   //S33  1.3255E+00      3203 -5.7935E+00      3201
   //S12  2.9280E-01      3201 -2.9280E-01      3001
   //S23  1.7328E-02      5207 -1.7328E-02      1207
   //S13  2.9280E-01      5101 -2.9280E-01      1101
   //SMS  6.1562E+00      3101  5.1668E-05      5221
 ##### @Element :Max/IdMax/Min/IdMin####
   //E11  1.3303E-03      3001  9.1933E-04      3103
   //E22  1.0941E-03      3103  6.1464E-04      1001
   //E33  1.0941E-03      3103  6.1464E-04      3001
   //E12  1.8949E-04      3101 -1.8949E-04      3001
   //E23  4.9556E-06      3003 -4.9556E-06      3103
   //E13  1.8949E-04      3101 -1.8949E-04      1001
   //S11  6.1014E-07      3117 -5.9684E-07      1017
   //S22  5.3780E-01      1103 -2.2021E+00      1001
   //S33  5.3780E-01      1003 -2.2021E+00      1101
   //S12  2.9153E-01      3101 -2.9153E-01      3001
   //S23  7.6240E-03      3003 -7.6240E-03      3103
   //S13  2.9153E-01      3101 -2.9153E-01      1001
   //SMS  2.3150E+00      3001  3.5585E-05      1019
 ##### Global Summary :Max/Min####
   //U1   1.0264E-02  0.0000E+00
   //U2   6.1547E-04 -6.1547E-04
   //U3   6.1547E-04 -6.1547E-04
   //E11  1.9751E-03  7.6939E-04
   //E22  1.2375E-03 -2.5604E-05
   //E33  1.2375E-03 -2.5604E-05
   //E12  1.9032E-04 -1.9032E-04
   //E23  1.1263E-05 -1.1263E-05
   //E13  1.9032E-04 -1.9032E-04
   //S11  5.1723E-01 -5.1532E-01
   //S22  1.3255E+00 -5.7935E+00
   //S33  1.3255E+00 -5.7935E+00
   //S12  2.9280E-01 -2.9280E-01
   //S23  1.7328E-02 -1.7328E-02
   //S13  2.9280E-01 -2.9280E-01
   //SMS  6.1562E+00  5.1668E-05
 ##### @Element :Max/Min####
   //E11  1.3303E-03  9.1933E-04
   //E22  1.0941E-03  6.1464E-04
   //E33  1.0941E-03  6.1464E-04
   //E12  1.8949E-04 -1.8949E-04
   //E23  4.9556E-06 -4.9556E-06
   //E13  1.8949E-04 -1.8949E-04
   //S11  6.1014E-07 -5.9684E-07
   //S22  5.3780E-01 -2.2021E+00
   //S33  5.3780E-01 -2.2021E+00
   //S12  2.9153E-01 -2.9153E-01
   //S23  7.6240E-03 -7.6240E-03
   //S13  2.9153E-01 -2.9153E-01
   //SMS  2.3150E+00  3.5585E-05
