 fstr_setup: OK
#### Result step=     1
 ##### Local Summary :Max/IdMax/Min/IdMin####
   //U1   1.0158E-02      1021  0.0000E+00      1001
   //U2   5.0100E-04      1204 -5.0100E-04      5004
   //U3   5.0100E-04      5204 -5.0100E-04      1004
   //E11  1.9313E-03      3101  6.9946E-04      3103
   //E22  1.0910E-03      3203  1.9759E-04      3151
   //E33  1.0910E-03      1103  1.9759E-04      1101
   //E12  1.4218E-03      1201 -1.4218E-03      5001
   //E23  2.9459E-05      5003 -2.9459E-05      5203
   //E13  1.4218E-03      5201 -1.4218E-03      1001
   //S11  1.3113E+00      3101 -2.5645E+00      1001
   //S22  5.3115E-01      5203 -5.6514E+00      5201
   //S33  5.3115E-01      1203 -5.6514E+00      1001
   //S12  2.1874E+00      1201 -2.1874E+00      5001
   //S23  4.5322E-02      5003 -4.5322E-02      5203
   //S13  2.1874E+00      5201 -2.1874E+00      1001
   //SMS  6.1838E+00      1001  2.7862E-07      3120
 ##### @Element :Max/IdMax/Min/IdMin####
   //E11  1.1526E-03      1101  1.0000E-03      3009
   //E22  1.0001E-03      3107  7.8729E-04      1001
   //E33  1.0001E-03      1007  7.8729E-04      3101
   //E12  1.4533E-04      1101 -1.4533E-04      3001
   //E23  5.1094E-06      1101 -5.1095E-06      3101
   //E13  1.4533E-04      3101 -1.4533E-04      1001
   //S11  3.2790E-03      1003 -1.5979E-01      1001
   //S22  5.0264E-04      3007 -1.2840E+00      1001
   //S33  5.0264E-04      1007 -1.2840E+00      1001
   //S12  2.2359E-01      1101 -2.2359E-01      3001
   //S23  7.8607E-03      1101 -7.8607E-03      3101
   //S13  2.2359E-01      3101 -2.2359E-01      1001
   //SMS  1.2506E+00      1101  1.0942E-07      3119
 ##### Global Summary :Max/Min####
   //U1   1.0158E-02  0.0000E+00
   //U2   5.0100E-04 -5.0100E-04
   //U3   5.0100E-04 -5.0100E-04
   //E11  1.9313E-03  6.9946E-04
   //E22  1.0910E-03  1.9759E-04
   //E33  1.0910E-03  1.9759E-04
   //E12  1.4218E-03 -1.4218E-03
   //E23  2.9459E-05 -2.9459E-05
   //E13  1.4218E-03 -1.4218E-03
   //S11  1.3113E+00 -2.5645E+00
   //S22  5.3115E-01 -5.6514E+00
   //S33  5.3115E-01 -5.6514E+00
   //S12  2.1874E+00 -2.1874E+00
   //S23  4.5322E-02 -4.5322E-02
   //S13  2.1874E+00 -2.1874E+00
   //SMS  6.1838E+00  2.7862E-07
 ##### @Element :Max/Min####
   //E11  1.1526E-03  1.0000E-03
   //E22  1.0001E-03  7.8729E-04
   //E33  1.0001E-03  7.8729E-04
   //E12  1.4533E-04 -1.4533E-04
   //E23  5.1094E-06 -5.1095E-06
   //E13  1.4533E-04 -1.4533E-04
   //S11  3.2790E-03 -1.5979E-01
   //S22  5.0264E-04 -1.2840E+00
   //S33  5.0264E-04 -1.2840E+00
   //S12  2.2359E-01 -2.2359E-01
   //S23  7.8607E-03 -7.8607E-03
   //S13  2.2359E-01 -2.2359E-01
   //SMS  1.2506E+00  1.0942E-07
