 fstr_setup: OK
  Initial condition of temperatures: OK

 ISTEP =     1
 Time  =   120.000
 Maximum Temperature :   100.479
 Maximum Node No.    :      5201
 Minimum Temperature :   100.000
 Minimum Node No.    :      1019

 ISTEP =     2
 Time  =   240.000
 Maximum Temperature :   100.957
 Maximum Node No.    :      5201
 Minimum Temperature :   100.000
 Minimum Node No.    :      1019

 ISTEP =     3
 Time  =   360.000
 Maximum Temperature :   101.434
 Maximum Node No.    :      5201
 Minimum Temperature :   100.000
 Minimum Node No.    :      1019

 ISTEP =     4
 Time  =   480.000
 Maximum Temperature :   101.909
 Maximum Node No.    :      5201
 Minimum Temperature :   100.000
 Minimum Node No.    :      1019

 ISTEP =     5
 Time  =   600.000
 Maximum Temperature :   102.383
 Maximum Node No.    :      5201
 Minimum Temperature :   100.000
 Minimum Node No.    :      1019

 ISTEP =     6
 Time  =   720.000
 Maximum Temperature :   102.855
 Maximum Node No.    :      5201
 Minimum Temperature :   100.000
 Minimum Node No.    :      1019

 ISTEP =     7
 Time  =   840.000
 Maximum Temperature :   103.327
 Maximum Node No.    :      5201
 Minimum Temperature :   100.000
 Minimum Node No.    :      1019

 ISTEP =     8
 Time  =   960.000
 Maximum Temperature :   103.796
 Maximum Node No.    :      5201
 Minimum Temperature :   100.000
 Minimum Node No.    :      1019

 ISTEP =     9
 Time  =  1080.000
 Maximum Temperature :   104.265
 Maximum Node No.    :      5201
 Minimum Temperature :   100.000
 Minimum Node No.    :      1019

 ISTEP =    10
 Time  =  1200.000
 Maximum Temperature :   104.732
 Maximum Node No.    :      5201
 Minimum Temperature :   100.000
 Minimum Node No.    :      1019

 ISTEP =    11
 Time  =  1320.000
 Maximum Temperature :   105.198
 Maximum Node No.    :      5201
 Minimum Temperature :   100.000
 Minimum Node No.    :      1019

 ISTEP =    12
 Time  =  1440.000
 Maximum Temperature :   105.662
 Maximum Node No.    :      5201
 Minimum Temperature :   100.000
 Minimum Node No.    :      1019

 ISTEP =    13
 Time  =  1560.000
 Maximum Temperature :   106.126
 Maximum Node No.    :      5201
 Minimum Temperature :   100.000
 Minimum Node No.    :      1019

 ISTEP =    14
 Time  =  1680.000
 Maximum Temperature :   106.588
 Maximum Node No.    :      5201
 Minimum Temperature :   100.000
 Minimum Node No.    :      1019

 ISTEP =    15
 Time  =  1800.000
 Maximum Temperature :   107.048
 Maximum Node No.    :      5201
 Minimum Temperature :   100.000
 Minimum Node No.    :      1019

 ISTEP =    16
 Time  =  1920.000
 Maximum Temperature :   107.508
 Maximum Node No.    :      5201
 Minimum Temperature :   100.000
 Minimum Node No.    :      1019

 ISTEP =    17
 Time  =  2040.000
 Maximum Temperature :   107.966
 Maximum Node No.    :      5201
 Minimum Temperature :   100.000
 Minimum Node No.    :      1019

 ISTEP =    18
 Time  =  2160.000
 Maximum Temperature :   108.423
 Maximum Node No.    :      5201
 Minimum Temperature :   100.000
 Minimum Node No.    :      1019

 ISTEP =    19
 Time  =  2280.000
 Maximum Temperature :   108.878
 Maximum Node No.    :      5201
 Minimum Temperature :   100.000
 Minimum Node No.    :      1019

 ISTEP =    20
 Time  =  2400.000
 Maximum Temperature :   109.332
 Maximum Node No.    :      5201
 Minimum Temperature :   100.000
 Minimum Node No.    :      1019

 ISTEP =    21
 Time  =  2520.000
 Maximum Temperature :   109.785
 Maximum Node No.    :      5201
 Minimum Temperature :   100.000
 Minimum Node No.    :      1019

 ISTEP =    22
 Time  =  2640.000
 Maximum Temperature :   110.237
 Maximum Node No.    :      5201
 Minimum Temperature :   100.000
 Minimum Node No.    :      1019

 ISTEP =    23
 Time  =  2760.000
 Maximum Temperature :   110.688
 Maximum Node No.    :      5201
 Minimum Temperature :   100.000
 Minimum Node No.    :      1019

 ISTEP =    24
 Time  =  2880.000
 Maximum Temperature :   111.137
 Maximum Node No.    :      5201
 Minimum Temperature :   100.000
 Minimum Node No.    :      1019

 ISTEP =    25
 Time  =  3000.000
 Maximum Temperature :   111.585
 Maximum Node No.    :      5201
 Minimum Temperature :   100.000
 Minimum Node No.    :      1019

 ISTEP =    26
 Time  =  3120.000
 Maximum Temperature :   112.032
 Maximum Node No.    :      5201
 Minimum Temperature :   100.000
 Minimum Node No.    :      1019

 ISTEP =    27
 Time  =  3240.000
 Maximum Temperature :   112.477
 Maximum Node No.    :      5201
 Minimum Temperature :   100.000
 Minimum Node No.    :      1019

 ISTEP =    28
 Time  =  3360.000
 Maximum Temperature :   112.922
 Maximum Node No.    :      5201
 Minimum Temperature :   100.000
 Minimum Node No.    :      1019

 ISTEP =    29
 Time  =  3480.000
 Maximum Temperature :   113.365
 Maximum Node No.    :      5201
 Minimum Temperature :   100.000
 Minimum Node No.    :      1019

 ISTEP =    30
 Time  =  3600.000
 Maximum Temperature :   113.807
 Maximum Node No.    :      5201
 Minimum Temperature :   100.000
 Minimum Node No.    :      1019

 ISTEP =    31
 Time  =  3720.000
 Maximum Temperature :   114.248
 Maximum Node No.    :      5201
 Minimum Temperature :   100.000
 Minimum Node No.    :      1019

 ISTEP =    32
 Time  =  3840.000
 Maximum Temperature :   114.687
 Maximum Node No.    :      5201
 Minimum Temperature :   100.000
 Minimum Node No.    :      1019

 ISTEP =    33
 Time  =  3960.000
 Maximum Temperature :   115.125
 Maximum Node No.    :      5201
 Minimum Temperature :   100.000
 Minimum Node No.    :      1019

 ISTEP =    34
 Time  =  4080.000
 Maximum Temperature :   115.563
 Maximum Node No.    :      5201
 Minimum Temperature :   100.000
 Minimum Node No.    :      1019

 ISTEP =    35
 Time  =  4200.000
 Maximum Temperature :   115.999
 Maximum Node No.    :      5201
 Minimum Temperature :   100.000
 Minimum Node No.    :      1019

 ISTEP =    36
 Time  =  4320.000
 Maximum Temperature :   116.433
 Maximum Node No.    :      5201
 Minimum Temperature :   100.000
 Minimum Node No.    :      1019

 ISTEP =    37
 Time  =  4440.000
 Maximum Temperature :   116.867
 Maximum Node No.    :      5201
 Minimum Temperature :   100.000
 Minimum Node No.    :      1019

 ISTEP =    38
 Time  =  4560.000
 Maximum Temperature :   117.300
 Maximum Node No.    :      5201
 Minimum Temperature :   100.000
 Minimum Node No.    :      1013

 ISTEP =    39
 Time  =  4680.000
 Maximum Temperature :   117.731
 Maximum Node No.    :      5201
 Minimum Temperature :   100.000
 Minimum Node No.    :      1013

 ISTEP =    40
 Time  =  4800.000
 Maximum Temperature :   118.161
 Maximum Node No.    :      5201
 Minimum Temperature :   100.000
 Minimum Node No.    :      1013

 ISTEP =    41
 Time  =  4920.000
 Maximum Temperature :   118.590
 Maximum Node No.    :      5201
 Minimum Temperature :   100.000
 Minimum Node No.    :      1013

 ISTEP =    42
 Time  =  5040.000
 Maximum Temperature :   119.018
 Maximum Node No.    :      5201
 Minimum Temperature :   100.000
 Minimum Node No.    :      1013

 ISTEP =    43
 Time  =  5160.000
 Maximum Temperature :   119.445
 Maximum Node No.    :      5201
 Minimum Temperature :   100.000
 Minimum Node No.    :      1013

 ISTEP =    44
 Time  =  5280.000
 Maximum Temperature :   119.870
 Maximum Node No.    :      5201
 Minimum Temperature :   100.000
 Minimum Node No.    :      1013

 ISTEP =    45
 Time  =  5400.000
 Maximum Temperature :   120.295
 Maximum Node No.    :      5201
 Minimum Temperature :   100.000
 Minimum Node No.    :      1013

 ISTEP =    46
 Time  =  5520.000
 Maximum Temperature :   120.718
 Maximum Node No.    :      5201
 Minimum Temperature :   100.000
 Minimum Node No.    :      1013

 ISTEP =    47
 Time  =  5640.000
 Maximum Temperature :   121.140
 Maximum Node No.    :      5201
 Minimum Temperature :   100.000
 Minimum Node No.    :      1013

 ISTEP =    48
 Time  =  5760.000
 Maximum Temperature :   121.561
 Maximum Node No.    :      5201
 Minimum Temperature :   100.000
 Minimum Node No.    :      1013

 ISTEP =    49
 Time  =  5880.000
 Maximum Temperature :   121.981
 Maximum Node No.    :      5201
 Minimum Temperature :   100.000
 Minimum Node No.    :      1013

 ISTEP =    50
 Time  =  6000.000
 Maximum Temperature :   122.400
 Maximum Node No.    :      5201
 Minimum Temperature :   100.000
 Minimum Node No.    :      1013

 ISTEP =    51
 Time  =  6120.000
 Maximum Temperature :   122.818
 Maximum Node No.    :      5201
 Minimum Temperature :   100.000
 Minimum Node No.    :      1013

 ISTEP =    52
 Time  =  6240.000
 Maximum Temperature :   123.235
 Maximum Node No.    :      5201
 Minimum Temperature :   100.000
 Minimum Node No.    :      1013

 ISTEP =    53
 Time  =  6360.000
 Maximum Temperature :   123.650
 Maximum Node No.    :      5201
 Minimum Temperature :   100.000
 Minimum Node No.    :      1013

 ISTEP =    54
 Time  =  6480.000
 Maximum Temperature :   124.065
 Maximum Node No.    :      5201
 Minimum Temperature :   100.000
 Minimum Node No.    :      1013

 ISTEP =    55
 Time  =  6600.000
 Maximum Temperature :   124.478
 Maximum Node No.    :      5201
 Minimum Temperature :   100.000
 Minimum Node No.    :      1013

 ISTEP =    56
 Time  =  6720.000
 Maximum Temperature :   124.891
 Maximum Node No.    :      5201
 Minimum Temperature :   100.000
 Minimum Node No.    :      1013

 ISTEP =    57
 Time  =  6840.000
 Maximum Temperature :   125.302
 Maximum Node No.    :      5201
 Minimum Temperature :   100.000
 Minimum Node No.    :      1013

 ISTEP =    58
 Time  =  6960.000
 Maximum Temperature :   125.712
 Maximum Node No.    :      5201
 Minimum Temperature :   100.000
 Minimum Node No.    :      1013

 ISTEP =    59
 Time  =  7080.000
 Maximum Temperature :   126.121
 Maximum Node No.    :      5201
 Minimum Temperature :   100.000
 Minimum Node No.    :      1013

 ISTEP =    60
 Time  =  7200.000
 Maximum Temperature :   126.529
 Maximum Node No.    :      5201
 Minimum Temperature :   100.000
 Minimum Node No.    :      1013

 ISTEP =    61
 Time  =  7320.000
 Maximum Temperature :   126.936
 Maximum Node No.    :      5201
 Minimum Temperature :   100.000
 Minimum Node No.    :      1013

 ISTEP =    62
 Time  =  7440.000
 Maximum Temperature :   127.342
 Maximum Node No.    :      5201
 Minimum Temperature :   100.000
 Minimum Node No.    :      1013

 ISTEP =    63
 Time  =  7560.000
 Maximum Temperature :   127.747
 Maximum Node No.    :      5201
 Minimum Temperature :   100.000
 Minimum Node No.    :      1013

 ISTEP =    64
 Time  =  7680.000
 Maximum Temperature :   128.151
 Maximum Node No.    :      5201
 Minimum Temperature :   100.000
 Minimum Node No.    :      1013

 ISTEP =    65
 Time  =  7800.000
 Maximum Temperature :   128.554
 Maximum Node No.    :      5201
 Minimum Temperature :   100.000
 Minimum Node No.    :      1013

 ISTEP =    66
 Time  =  7920.000
 Maximum Temperature :   128.956
 Maximum Node No.    :      5201
 Minimum Temperature :   100.000
 Minimum Node No.    :      1013

 ISTEP =    67
 Time  =  8040.000
 Maximum Temperature :   129.357
 Maximum Node No.    :      5201
 Minimum Temperature :   100.000
 Minimum Node No.    :      1013

 ISTEP =    68
 Time  =  8160.000
 Maximum Temperature :   129.757
 Maximum Node No.    :      5201
 Minimum Temperature :   100.000
 Minimum Node No.    :      1013

 ISTEP =    69
 Time  =  8280.000
 Maximum Temperature :   130.155
 Maximum Node No.    :      5201
 Minimum Temperature :   100.000
 Minimum Node No.    :      1013

 ISTEP =    70
 Time  =  8400.000
 Maximum Temperature :   130.553
 Maximum Node No.    :      5201
 Minimum Temperature :   100.000
 Minimum Node No.    :      1013

 ISTEP =    71
 Time  =  8520.000
 Maximum Temperature :   130.950
 Maximum Node No.    :      5201
 Minimum Temperature :   100.000
 Minimum Node No.    :      1013

 ISTEP =    72
 Time  =  8640.000
 Maximum Temperature :   131.346
 Maximum Node No.    :      5201
 Minimum Temperature :   100.000
 Minimum Node No.    :      1013

 ISTEP =    73
 Time  =  8760.000
 Maximum Temperature :   131.741
 Maximum Node No.    :      5201
 Minimum Temperature :   100.000
 Minimum Node No.    :      1013

 ISTEP =    74
 Time  =  8880.000
 Maximum Temperature :   132.134
 Maximum Node No.    :      5201
 Minimum Temperature :   100.000
 Minimum Node No.    :      1013

 ISTEP =    75
 Time  =  9000.000
 Maximum Temperature :   132.527
 Maximum Node No.    :      5201
 Minimum Temperature :   100.000
 Minimum Node No.    :      1013

 ISTEP =    76
 Time  =  9120.000
 Maximum Temperature :   132.919
 Maximum Node No.    :      5201
 Minimum Temperature :   100.000
 Minimum Node No.    :      1013

 ISTEP =    77
 Time  =  9240.000
 Maximum Temperature :   133.310
 Maximum Node No.    :      5201
 Minimum Temperature :   100.000
 Minimum Node No.    :      1013

 ISTEP =    78
 Time  =  9360.000
 Maximum Temperature :   133.700
 Maximum Node No.    :      5201
 Minimum Temperature :   100.000
 Minimum Node No.    :      1013

 ISTEP =    79
 Time  =  9480.000
 Maximum Temperature :   134.089
 Maximum Node No.    :      5201
 Minimum Temperature :   100.000
 Minimum Node No.    :      1013

 ISTEP =    80
 Time  =  9600.000
 Maximum Temperature :   134.477
 Maximum Node No.    :      5201
 Minimum Temperature :   100.000
 Minimum Node No.    :      1013

 ISTEP =    81
 Time  =  9720.000
 Maximum Temperature :   134.864
 Maximum Node No.    :      5201
 Minimum Temperature :   100.000
 Minimum Node No.    :      1013

 ISTEP =    82
 Time  =  9840.000
 Maximum Temperature :   135.250
 Maximum Node No.    :      5201
 Minimum Temperature :   100.000
 Minimum Node No.    :      1013

 ISTEP =    83
 Time  =  9960.000
 Maximum Temperature :   135.635
 Maximum Node No.    :      5201
 Minimum Temperature :   100.000
 Minimum Node No.    :      1013

 ISTEP =    84
 Time  = 10080.000
 Maximum Temperature :   136.019
 Maximum Node No.    :      5201
 Minimum Temperature :   100.000
 Minimum Node No.    :      1013

 ISTEP =    85
 Time  = 10200.000
 Maximum Temperature :   136.402
 Maximum Node No.    :      5201
 Minimum Temperature :   100.000
 Minimum Node No.    :      1015

 ISTEP =    86
 Time  = 10320.000
 Maximum Temperature :   136.784
 Maximum Node No.    :      5201
 Minimum Temperature :   100.000
 Minimum Node No.    :      1015

 ISTEP =    87
 Time  = 10440.000
 Maximum Temperature :   137.165
 Maximum Node No.    :      5201
 Minimum Temperature :   100.000
 Minimum Node No.    :      1015

 ISTEP =    88
 Time  = 10560.000
 Maximum Temperature :   137.546
 Maximum Node No.    :      5201
 Minimum Temperature :   100.000
 Minimum Node No.    :      1015

 ISTEP =    89
 Time  = 10680.000
 Maximum Temperature :   137.925
 Maximum Node No.    :      5201
 Minimum Temperature :   100.000
 Minimum Node No.    :      1015

 ISTEP =    90
 Time  = 10800.000
 Maximum Temperature :   138.303
 Maximum Node No.    :      5201
 Minimum Temperature :   100.000
 Minimum Node No.    :      1015

 ISTEP =    91
 Time  = 10920.000
 Maximum Temperature :   138.681
 Maximum Node No.    :      5201
 Minimum Temperature :   100.000
 Minimum Node No.    :      1015

 ISTEP =    92
 Time  = 11040.000
 Maximum Temperature :   139.058
 Maximum Node No.    :      5201
 Minimum Temperature :   100.000
 Minimum Node No.    :      1015

 ISTEP =    93
 Time  = 11160.000
 Maximum Temperature :   139.433
 Maximum Node No.    :      5201
 Minimum Temperature :   100.000
 Minimum Node No.    :      1015

 ISTEP =    94
 Time  = 11280.000
 Maximum Temperature :   139.808
 Maximum Node No.    :      5201
 Minimum Temperature :   100.000
 Minimum Node No.    :      1015

 ISTEP =    95
 Time  = 11400.000
 Maximum Temperature :   140.182
 Maximum Node No.    :      5201
 Minimum Temperature :   100.000
 Minimum Node No.    :      1015

 ISTEP =    96
 Time  = 11520.000
 Maximum Temperature :   140.555
 Maximum Node No.    :      5201
 Minimum Temperature :   100.000
 Minimum Node No.    :      1015

 ISTEP =    97
 Time  = 11640.000
 Maximum Temperature :   140.927
 Maximum Node No.    :      5201
 Minimum Temperature :   100.000
 Minimum Node No.    :      1015

 ISTEP =    98
 Time  = 11760.000
 Maximum Temperature :   141.298
 Maximum Node No.    :      5201
 Minimum Temperature :   100.000
 Minimum Node No.    :      1015

 ISTEP =    99
 Time  = 11880.000
 Maximum Temperature :   141.669
 Maximum Node No.    :      5201
 Minimum Temperature :   100.000
 Minimum Node No.    :      1015

 ISTEP =   100
 Time  = 12000.000
 Maximum Temperature :   142.038
 Maximum Node No.    :      5201
 Minimum Temperature :   100.000
 Minimum Node No.    :      1015

 ISTEP =   101
 Time  = 12120.000
 Maximum Temperature :   142.407
 Maximum Node No.    :      5201
 Minimum Temperature :   100.000
 Minimum Node No.    :      1015

 ISTEP =   102
 Time  = 12240.000
 Maximum Temperature :   142.774
 Maximum Node No.    :      5201
 Minimum Temperature :   100.000
 Minimum Node No.    :      1015

 ISTEP =   103
 Time  = 12360.000
 Maximum Temperature :   143.141
 Maximum Node No.    :      5201
 Minimum Temperature :   100.000
 Minimum Node No.    :      1015

 ISTEP =   104
 Time  = 12480.000
 Maximum Temperature :   143.507
 Maximum Node No.    :      5201
 Minimum Temperature :   100.000
 Minimum Node No.    :      1015

 ISTEP =   105
 Time  = 12600.000
 Maximum Temperature :   143.872
 Maximum Node No.    :      5201
 Minimum Temperature :   100.000
 Minimum Node No.    :      1015

 ISTEP =   106
 Time  = 12720.000
 Maximum Temperature :   144.236
 Maximum Node No.    :      5201
 Minimum Temperature :   100.000
 Minimum Node No.    :      1015

 ISTEP =   107
 Time  = 12840.000
 Maximum Temperature :   144.600
 Maximum Node No.    :      5201
 Minimum Temperature :   100.000
 Minimum Node No.    :      1015

 ISTEP =   108
 Time  = 12960.000
 Maximum Temperature :   144.962
 Maximum Node No.    :      5201
 Minimum Temperature :   100.000
 Minimum Node No.    :      1015

 ISTEP =   109
 Time  = 13080.000
 Maximum Temperature :   145.324
 Maximum Node No.    :      5201
 Minimum Temperature :   100.000
 Minimum Node No.    :      1015

 ISTEP =   110
 Time  = 13200.000
 Maximum Temperature :   145.684
 Maximum Node No.    :      5201
 Minimum Temperature :   100.000
 Minimum Node No.    :      1015

 ISTEP =   111
 Time  = 13320.000
 Maximum Temperature :   146.044
 Maximum Node No.    :      5201
 Minimum Temperature :   100.000
 Minimum Node No.    :      1015

 ISTEP =   112
 Time  = 13440.000
 Maximum Temperature :   146.403
 Maximum Node No.    :      5201
 Minimum Temperature :   100.000
 Minimum Node No.    :      1015

 ISTEP =   113
 Time  = 13560.000
 Maximum Temperature :   146.762
 Maximum Node No.    :      5201
 Minimum Temperature :   100.000
 Minimum Node No.    :      1015

 ISTEP =   114
 Time  = 13680.000
 Maximum Temperature :   147.119
 Maximum Node No.    :      5201
 Minimum Temperature :   100.000
 Minimum Node No.    :      1015

 ISTEP =   115
 Time  = 13800.000
 Maximum Temperature :   147.475
 Maximum Node No.    :      5201
 Minimum Temperature :   100.000
 Minimum Node No.    :      1015

 ISTEP =   116
 Time  = 13920.000
 Maximum Temperature :   147.831
 Maximum Node No.    :      5201
 Minimum Temperature :   100.000
 Minimum Node No.    :      1015

 ISTEP =   117
 Time  = 14040.000
 Maximum Temperature :   148.186
 Maximum Node No.    :      5201
 Minimum Temperature :   100.000
 Minimum Node No.    :      1015

 ISTEP =   118
 Time  = 14160.000
 Maximum Temperature :   148.540
 Maximum Node No.    :      5201
 Minimum Temperature :   100.000
 Minimum Node No.    :      1015

 ISTEP =   119
 Time  = 14280.000
 Maximum Temperature :   148.893
 Maximum Node No.    :      5201
 Minimum Temperature :   100.000
 Minimum Node No.    :      1015

 ISTEP =   120
 Time  = 14400.000
 Maximum Temperature :   149.246
 Maximum Node No.    :      5201
 Minimum Temperature :   100.000
 Minimum Node No.    :      1015

 ISTEP =   121
 Time  = 14520.000
 Maximum Temperature :   149.597
 Maximum Node No.    :      5201
 Minimum Temperature :   100.000
 Minimum Node No.    :      1015

 ISTEP =   122
 Time  = 14640.000
 Maximum Temperature :   149.948
 Maximum Node No.    :      5201
 Minimum Temperature :   100.000
 Minimum Node No.    :      1015

 ISTEP =   123
 Time  = 14760.000
 Maximum Temperature :   150.298
 Maximum Node No.    :      5201
 Minimum Temperature :   100.000
 Minimum Node No.    :      1015

 ISTEP =   124
 Time  = 14880.000
 Maximum Temperature :   150.648
 Maximum Node No.    :      5201
 Minimum Temperature :   100.000
 Minimum Node No.    :      1015

 ISTEP =   125
 Time  = 15000.000
 Maximum Temperature :   150.996
 Maximum Node No.    :      5201
 Minimum Temperature :   100.000
 Minimum Node No.    :      1015

 ISTEP =   126
 Time  = 15120.000
 Maximum Temperature :   151.344
 Maximum Node No.    :      5201
 Minimum Temperature :   100.000
 Minimum Node No.    :      1015

 ISTEP =   127
 Time  = 15240.000
 Maximum Temperature :   151.690
 Maximum Node No.    :      5201
 Minimum Temperature :   100.000
 Minimum Node No.    :      1015

 ISTEP =   128
 Time  = 15360.000
 Maximum Temperature :   152.036
 Maximum Node No.    :      5201
 Minimum Temperature :   100.000
 Minimum Node No.    :      1015

 ISTEP =   129
 Time  = 15480.000
 Maximum Temperature :   152.382
 Maximum Node No.    :      5201
 Minimum Temperature :   100.000
 Minimum Node No.    :      1015

 ISTEP =   130
 Time  = 15600.000
 Maximum Temperature :   152.726
 Maximum Node No.    :      5201
 Minimum Temperature :   100.000
 Minimum Node No.    :      1015

 ISTEP =   131
 Time  = 15720.000
 Maximum Temperature :   153.070
 Maximum Node No.    :      5201
 Minimum Temperature :   100.000
 Minimum Node No.    :      1015

 ISTEP =   132
 Time  = 15840.000
 Maximum Temperature :   153.413
 Maximum Node No.    :      5201
 Minimum Temperature :   100.000
 Minimum Node No.    :      1015

 ISTEP =   133
 Time  = 15960.000
 Maximum Temperature :   153.755
 Maximum Node No.    :      5201
 Minimum Temperature :   100.000
 Minimum Node No.    :      1015

 ISTEP =   134
 Time  = 16080.000
 Maximum Temperature :   154.096
 Maximum Node No.    :      5201
 Minimum Temperature :   100.000
 Minimum Node No.    :      1015

 ISTEP =   135
 Time  = 16200.000
 Maximum Temperature :   154.437
 Maximum Node No.    :      5201
 Minimum Temperature :   100.000
 Minimum Node No.    :      1015

 ISTEP =   136
 Time  = 16320.000
 Maximum Temperature :   154.777
 Maximum Node No.    :      5201
 Minimum Temperature :   100.000
 Minimum Node No.    :      1015

 ISTEP =   137
 Time  = 16440.000
 Maximum Temperature :   155.116
 Maximum Node No.    :      5201
 Minimum Temperature :   100.000
 Minimum Node No.    :      1015

 ISTEP =   138
 Time  = 16560.000
 Maximum Temperature :   155.454
 Maximum Node No.    :      5201
 Minimum Temperature :   100.000
 Minimum Node No.    :      1015

 ISTEP =   139
 Time  = 16680.000
 Maximum Temperature :   155.792
 Maximum Node No.    :      5201
 Minimum Temperature :   100.000
 Minimum Node No.    :      1015

 ISTEP =   140
 Time  = 16800.000
 Maximum Temperature :   156.129
 Maximum Node No.    :      5201
 Minimum Temperature :   100.000
 Minimum Node No.    :      1015

 ISTEP =   141
 Time  = 16920.000
 Maximum Temperature :   156.465
 Maximum Node No.    :      5201
 Minimum Temperature :   100.000
 Minimum Node No.    :      1015

 ISTEP =   142
 Time  = 17040.000
 Maximum Temperature :   156.800
 Maximum Node No.    :      5201
 Minimum Temperature :   100.000
 Minimum Node No.    :      1015

 ISTEP =   143
 Time  = 17160.000
 Maximum Temperature :   157.135
 Maximum Node No.    :      5201
 Minimum Temperature :   100.000
 Minimum Node No.    :      1015

 ISTEP =   144
 Time  = 17280.000
 Maximum Temperature :   157.469
 Maximum Node No.    :      5201
 Minimum Temperature :   100.000
 Minimum Node No.    :      1015

 ISTEP =   145
 Time  = 17400.000
 Maximum Temperature :   157.802
 Maximum Node No.    :      5201
 Minimum Temperature :   100.000
 Minimum Node No.    :      1015

 ISTEP =   146
 Time  = 17520.000
 Maximum Temperature :   158.134
 Maximum Node No.    :      5201
 Minimum Temperature :   100.000
 Minimum Node No.    :      1015

 ISTEP =   147
 Time  = 17640.000
 Maximum Temperature :   158.466
 Maximum Node No.    :      5201
 Minimum Temperature :   100.000
 Minimum Node No.    :      1015

 ISTEP =   148
 Time  = 17760.000
 Maximum Temperature :   158.797
 Maximum Node No.    :      5201
 Minimum Temperature :   100.000
 Minimum Node No.    :      1015

 ISTEP =   149
 Time  = 17880.000
 Maximum Temperature :   159.127
 Maximum Node No.    :      5201
 Minimum Temperature :   100.000
 Minimum Node No.    :      1015

 ISTEP =   150
 Time  = 18000.000
 Maximum Temperature :   159.456
 Maximum Node No.    :      5201
 Minimum Temperature :   100.000
 Minimum Node No.    :      1015

 ISTEP =   151
 Time  = 18120.000
 Maximum Temperature :   159.785
 Maximum Node No.    :      5201
 Minimum Temperature :   100.000
 Minimum Node No.    :      1015

 ISTEP =   152
 Time  = 18240.000
 Maximum Temperature :   160.113
 Maximum Node No.    :      5201
 Minimum Temperature :   100.000
 Minimum Node No.    :      1015

 ISTEP =   153
 Time  = 18360.000
 Maximum Temperature :   160.441
 Maximum Node No.    :      5201
 Minimum Temperature :   100.000
 Minimum Node No.    :      1015

 ISTEP =   154
 Time  = 18480.000
 Maximum Temperature :   160.767
 Maximum Node No.    :      5201
 Minimum Temperature :   100.000
 Minimum Node No.    :      1015

 ISTEP =   155
 Time  = 18600.000
 Maximum Temperature :   161.093
 Maximum Node No.    :      5201
 Minimum Temperature :   100.000
 Minimum Node No.    :      1015

 ISTEP =   156
 Time  = 18720.000
 Maximum Temperature :   161.419
 Maximum Node No.    :      5201
 Minimum Temperature :   100.000
 Minimum Node No.    :      1015

 ISTEP =   157
 Time  = 18840.000
 Maximum Temperature :   161.743
 Maximum Node No.    :      5201
 Minimum Temperature :   100.000
 Minimum Node No.    :      1015

 ISTEP =   158
 Time  = 18960.000
 Maximum Temperature :   162.067
 Maximum Node No.    :      5201
 Minimum Temperature :   100.000
 Minimum Node No.    :      1015

 ISTEP =   159
 Time  = 19080.000
 Maximum Temperature :   162.390
 Maximum Node No.    :      5201
 Minimum Temperature :   100.000
 Minimum Node No.    :      1015

 ISTEP =   160
 Time  = 19200.000
 Maximum Temperature :   162.713
 Maximum Node No.    :      5201
 Minimum Temperature :   100.000
 Minimum Node No.    :      1015

 ISTEP =   161
 Time  = 19320.000
 Maximum Temperature :   163.034
 Maximum Node No.    :      5201
 Minimum Temperature :   100.000
 Minimum Node No.    :      1015

 ISTEP =   162
 Time  = 19440.000
 Maximum Temperature :   163.355
 Maximum Node No.    :      5201
 Minimum Temperature :   100.000
 Minimum Node No.    :      1015

 ISTEP =   163
 Time  = 19560.000
 Maximum Temperature :   163.676
 Maximum Node No.    :      5201
 Minimum Temperature :   100.000
 Minimum Node No.    :      1015

 ISTEP =   164
 Time  = 19680.000
 Maximum Temperature :   163.996
 Maximum Node No.    :      5201
 Minimum Temperature :   100.000
 Minimum Node No.    :      1015

 ISTEP =   165
 Time  = 19800.000
 Maximum Temperature :   164.315
 Maximum Node No.    :      5201
 Minimum Temperature :   100.000
 Minimum Node No.    :      1015

 ISTEP =   166
 Time  = 19920.000
 Maximum Temperature :   164.633
 Maximum Node No.    :      5201
 Minimum Temperature :   100.000
 Minimum Node No.    :      1015

 ISTEP =   167
 Time  = 20040.000
 Maximum Temperature :   164.951
 Maximum Node No.    :      5201
 Minimum Temperature :   100.000
 Minimum Node No.    :      1015

 ISTEP =   168
 Time  = 20160.000
 Maximum Temperature :   165.268
 Maximum Node No.    :      5201
 Minimum Temperature :   100.000
 Minimum Node No.    :      1015

 ISTEP =   169
 Time  = 20280.000
 Maximum Temperature :   165.584
 Maximum Node No.    :      5201
 Minimum Temperature :   100.000
 Minimum Node No.    :      1015

 ISTEP =   170
 Time  = 20400.000
 Maximum Temperature :   165.900
 Maximum Node No.    :      5201
 Minimum Temperature :   100.000
 Minimum Node No.    :      1015

 ISTEP =   171
 Time  = 20520.000
 Maximum Temperature :   166.215
 Maximum Node No.    :      5201
 Minimum Temperature :   100.000
 Minimum Node No.    :      1015

 ISTEP =   172
 Time  = 20640.000
 Maximum Temperature :   166.529
 Maximum Node No.    :      5201
 Minimum Temperature :   100.000
 Minimum Node No.    :      1015

 ISTEP =   173
 Time  = 20760.000
 Maximum Temperature :   166.843
 Maximum Node No.    :      5201
 Minimum Temperature :   100.000
 Minimum Node No.    :      1015

 ISTEP =   174
 Time  = 20880.000
 Maximum Temperature :   167.156
 Maximum Node No.    :      5201
 Minimum Temperature :   100.000
 Minimum Node No.    :      1015

 ISTEP =   175
 Time  = 21000.000
 Maximum Temperature :   167.469
 Maximum Node No.    :      5201
 Minimum Temperature :   100.000
 Minimum Node No.    :      1015

 ISTEP =   176
 Time  = 21120.000
 Maximum Temperature :   167.781
 Maximum Node No.    :      5201
 Minimum Temperature :   100.000
 Minimum Node No.    :      1015

 ISTEP =   177
 Time  = 21240.000
 Maximum Temperature :   168.092
 Maximum Node No.    :      5201
 Minimum Temperature :   100.000
 Minimum Node No.    :      1015

 ISTEP =   178
 Time  = 21360.000
 Maximum Temperature :   168.402
 Maximum Node No.    :      5201
 Minimum Temperature :   100.000
 Minimum Node No.    :      1015

 ISTEP =   179
 Time  = 21480.000
 Maximum Temperature :   168.712
 Maximum Node No.    :      5201
 Minimum Temperature :   100.000
 Minimum Node No.    :      1015

 ISTEP =   180
 Time  = 21600.000
 Maximum Temperature :   169.021
 Maximum Node No.    :      5201
 Minimum Temperature :   100.000
 Minimum Node No.    :      1015

 ISTEP =   181
 Time  = 21720.000
 Maximum Temperature :   169.330
 Maximum Node No.    :      5201
 Minimum Temperature :   100.000
 Minimum Node No.    :      1015

 ISTEP =   182
 Time  = 21840.000
 Maximum Temperature :   169.638
 Maximum Node No.    :      5201
 Minimum Temperature :   100.000
 Minimum Node No.    :      1015

 ISTEP =   183
 Time  = 21960.000
 Maximum Temperature :   169.945
 Maximum Node No.    :      5201
 Minimum Temperature :   100.000
 Minimum Node No.    :      1015

 ISTEP =   184
 Time  = 22080.000
 Maximum Temperature :   170.252
 Maximum Node No.    :      5201
 Minimum Temperature :   100.000
 Minimum Node No.    :      1015

 ISTEP =   185
 Time  = 22200.000
 Maximum Temperature :   170.558
 Maximum Node No.    :      5201
 Minimum Temperature :   100.000
 Minimum Node No.    :      1015

 ISTEP =   186
 Time  = 22320.000
 Maximum Temperature :   170.864
 Maximum Node No.    :      5201
 Minimum Temperature :   100.000
 Minimum Node No.    :      1015

 ISTEP =   187
 Time  = 22440.000
 Maximum Temperature :   171.168
 Maximum Node No.    :      5201
 Minimum Temperature :   100.000
 Minimum Node No.    :      1015

 ISTEP =   188
 Time  = 22560.000
 Maximum Temperature :   171.473
 Maximum Node No.    :      5201
 Minimum Temperature :   100.000
 Minimum Node No.    :      1015

 ISTEP =   189
 Time  = 22680.000
 Maximum Temperature :   171.776
 Maximum Node No.    :      5201
 Minimum Temperature :   100.000
 Minimum Node No.    :      1015

 ISTEP =   190
 Time  = 22800.000
 Maximum Temperature :   172.079
 Maximum Node No.    :      5201
 Minimum Temperature :   100.000
 Minimum Node No.    :      1015

 ISTEP =   191
 Time  = 22920.000
 Maximum Temperature :   172.382
 Maximum Node No.    :      5201
 Minimum Temperature :   100.000
 Minimum Node No.    :      1015

 ISTEP =   192
 Time  = 23040.000
 Maximum Temperature :   172.683
 Maximum Node No.    :      5201
 Minimum Temperature :   100.000
 Minimum Node No.    :      1015

 ISTEP =   193
 Time  = 23160.000
 Maximum Temperature :   172.985
 Maximum Node No.    :      5201
 Minimum Temperature :   100.000
 Minimum Node No.    :      1015

 ISTEP =   194
 Time  = 23280.000
 Maximum Temperature :   173.285
 Maximum Node No.    :      5201
 Minimum Temperature :   100.000
 Minimum Node No.    :      1021

 ISTEP =   195
 Time  = 23400.000
 Maximum Temperature :   173.585
 Maximum Node No.    :      5201
 Minimum Temperature :   100.000
 Minimum Node No.    :      1021

 ISTEP =   196
 Time  = 23520.000
 Maximum Temperature :   173.885
 Maximum Node No.    :      5201
 Minimum Temperature :   100.000
 Minimum Node No.    :      1021

 ISTEP =   197
 Time  = 23640.000
 Maximum Temperature :   174.183
 Maximum Node No.    :      5201
 Minimum Temperature :   100.000
 Minimum Node No.    :      1021

 ISTEP =   198
 Time  = 23760.000
 Maximum Temperature :   174.482
 Maximum Node No.    :      5201
 Minimum Temperature :   100.000
 Minimum Node No.    :      1021

 ISTEP =   199
 Time  = 23880.000
 Maximum Temperature :   174.779
 Maximum Node No.    :      5201
 Minimum Temperature :   100.000
 Minimum Node No.    :      1021

 ISTEP =   200
 Time  = 24000.000
 Maximum Temperature :   175.076
 Maximum Node No.    :      5201
 Minimum Temperature :   100.000
 Minimum Node No.    :      1021

 ISTEP =   201
 Time  = 24120.000
 Maximum Temperature :   175.373
 Maximum Node No.    :      5201
 Minimum Temperature :   100.000
 Minimum Node No.    :      1021

 ISTEP =   202
 Time  = 24240.000
 Maximum Temperature :   175.669
 Maximum Node No.    :      5201
 Minimum Temperature :   100.000
 Minimum Node No.    :      1021

 ISTEP =   203
 Time  = 24360.000
 Maximum Temperature :   175.964
 Maximum Node No.    :      5201
 Minimum Temperature :   100.000
 Minimum Node No.    :      1021

 ISTEP =   204
 Time  = 24480.000
 Maximum Temperature :   176.259
 Maximum Node No.    :      5201
 Minimum Temperature :   100.000
 Minimum Node No.    :      1021

 ISTEP =   205
 Time  = 24600.000
 Maximum Temperature :   176.553
 Maximum Node No.    :      5201
 Minimum Temperature :   100.000
 Minimum Node No.    :      1021

 ISTEP =   206
 Time  = 24720.000
 Maximum Temperature :   176.846
 Maximum Node No.    :      5201
 Minimum Temperature :   100.000
 Minimum Node No.    :      1021

 ISTEP =   207
 Time  = 24840.000
 Maximum Temperature :   177.139
 Maximum Node No.    :      5201
 Minimum Temperature :   100.000
 Minimum Node No.    :      1021

 ISTEP =   208
 Time  = 24960.000
 Maximum Temperature :   177.432
 Maximum Node No.    :      5201
 Minimum Temperature :   100.000
 Minimum Node No.    :      1021

 ISTEP =   209
 Time  = 25080.000
 Maximum Temperature :   177.723
 Maximum Node No.    :      5201
 Minimum Temperature :   100.000
 Minimum Node No.    :      1021

 ISTEP =   210
 Time  = 25200.000
 Maximum Temperature :   178.015
 Maximum Node No.    :      5201
 Minimum Temperature :   100.000
 Minimum Node No.    :      1021

 ISTEP =   211
 Time  = 25320.000
 Maximum Temperature :   178.305
 Maximum Node No.    :      5201
 Minimum Temperature :   100.000
 Minimum Node No.    :      1021

 ISTEP =   212
 Time  = 25440.000
 Maximum Temperature :   178.596
 Maximum Node No.    :      5201
 Minimum Temperature :   100.000
 Minimum Node No.    :      1021

 ISTEP =   213
 Time  = 25560.000
 Maximum Temperature :   178.885
 Maximum Node No.    :      5201
 Minimum Temperature :   100.000
 Minimum Node No.    :      1021

 ISTEP =   214
 Time  = 25680.000
 Maximum Temperature :   179.174
 Maximum Node No.    :      5201
 Minimum Temperature :   100.000
 Minimum Node No.    :      1021

 ISTEP =   215
 Time  = 25800.000
 Maximum Temperature :   179.463
 Maximum Node No.    :      5201
 Minimum Temperature :   100.000
 Minimum Node No.    :      1021

 ISTEP =   216
 Time  = 25920.000
 Maximum Temperature :   179.751
 Maximum Node No.    :      5201
 Minimum Temperature :   100.000
 Minimum Node No.    :      1021

 ISTEP =   217
 Time  = 26040.000
 Maximum Temperature :   180.038
 Maximum Node No.    :      5201
 Minimum Temperature :   100.000
 Minimum Node No.    :      1021

 ISTEP =   218
 Time  = 26160.000
 Maximum Temperature :   180.325
 Maximum Node No.    :      5201
 Minimum Temperature :   100.000
 Minimum Node No.    :      1021

 ISTEP =   219
 Time  = 26280.000
 Maximum Temperature :   180.611
 Maximum Node No.    :      5201
 Minimum Temperature :   100.000
 Minimum Node No.    :      1021

 ISTEP =   220
 Time  = 26400.000
 Maximum Temperature :   180.897
 Maximum Node No.    :      5201
 Minimum Temperature :   100.000
 Minimum Node No.    :      1021

 ISTEP =   221
 Time  = 26520.000
 Maximum Temperature :   181.182
 Maximum Node No.    :      5201
 Minimum Temperature :   100.000
 Minimum Node No.    :      1021

 ISTEP =   222
 Time  = 26640.000
 Maximum Temperature :   181.467
 Maximum Node No.    :      5201
 Minimum Temperature :   100.000
 Minimum Node No.    :      1021

 ISTEP =   223
 Time  = 26760.000
 Maximum Temperature :   181.751
 Maximum Node No.    :      5201
 Minimum Temperature :   100.000
 Minimum Node No.    :      1021

 ISTEP =   224
 Time  = 26880.000
 Maximum Temperature :   182.034
 Maximum Node No.    :      5201
 Minimum Temperature :   100.000
 Minimum Node No.    :      1021

 ISTEP =   225
 Time  = 27000.000
 Maximum Temperature :   182.317
 Maximum Node No.    :      5201
 Minimum Temperature :   100.000
 Minimum Node No.    :      1021

 ISTEP =   226
 Time  = 27120.000
 Maximum Temperature :   182.600
 Maximum Node No.    :      5201
 Minimum Temperature :   100.000
 Minimum Node No.    :      1021

 ISTEP =   227
 Time  = 27240.000
 Maximum Temperature :   182.882
 Maximum Node No.    :      5201
 Minimum Temperature :   100.000
 Minimum Node No.    :      1021

 ISTEP =   228
 Time  = 27360.000
 Maximum Temperature :   183.163
 Maximum Node No.    :      5201
 Minimum Temperature :   100.000
 Minimum Node No.    :      1021

 ISTEP =   229
 Time  = 27480.000
 Maximum Temperature :   183.444
 Maximum Node No.    :      5201
 Minimum Temperature :   100.000
 Minimum Node No.    :      1021

 ISTEP =   230
 Time  = 27600.000
 Maximum Temperature :   183.725
 Maximum Node No.    :      5201
 Minimum Temperature :   100.000
 Minimum Node No.    :      1021

 ISTEP =   231
 Time  = 27720.000
 Maximum Temperature :   184.005
 Maximum Node No.    :      5201
 Minimum Temperature :   100.000
 Minimum Node No.    :      1021

 ISTEP =   232
 Time  = 27840.000
 Maximum Temperature :   184.284
 Maximum Node No.    :      5201
 Minimum Temperature :   100.000
 Minimum Node No.    :      1021

 ISTEP =   233
 Time  = 27960.000
 Maximum Temperature :   184.563
 Maximum Node No.    :      5201
 Minimum Temperature :   100.000
 Minimum Node No.    :      1021

 ISTEP =   234
 Time  = 28080.000
 Maximum Temperature :   184.841
 Maximum Node No.    :      5201
 Minimum Temperature :   100.000
 Minimum Node No.    :      1021

 ISTEP =   235
 Time  = 28200.000
 Maximum Temperature :   185.119
 Maximum Node No.    :      5201
 Minimum Temperature :   100.000
 Minimum Node No.    :      1021

 ISTEP =   236
 Time  = 28320.000
 Maximum Temperature :   185.396
 Maximum Node No.    :      5201
 Minimum Temperature :   100.000
 Minimum Node No.    :      1021

 ISTEP =   237
 Time  = 28440.000
 Maximum Temperature :   185.673
 Maximum Node No.    :      5201
 Minimum Temperature :   100.000
 Minimum Node No.    :      1021

 ISTEP =   238
 Time  = 28560.000
 Maximum Temperature :   185.949
 Maximum Node No.    :      5201
 Minimum Temperature :   100.000
 Minimum Node No.    :      1021

 ISTEP =   239
 Time  = 28680.000
 Maximum Temperature :   186.225
 Maximum Node No.    :      5201
 Minimum Temperature :   100.000
 Minimum Node No.    :      1021

 ISTEP =   240
 Time  = 28800.000
 Maximum Temperature :   186.501
 Maximum Node No.    :      5201
 Minimum Temperature :   100.000
 Minimum Node No.    :      1021

 ISTEP =   241
 Time  = 28920.000
 Maximum Temperature :   186.775
 Maximum Node No.    :      5201
 Minimum Temperature :   100.000
 Minimum Node No.    :      1021

 ISTEP =   242
 Time  = 29040.000
 Maximum Temperature :   187.050
 Maximum Node No.    :      5201
 Minimum Temperature :   100.000
 Minimum Node No.    :      1021

 ISTEP =   243
 Time  = 29160.000
 Maximum Temperature :   187.323
 Maximum Node No.    :      5201
 Minimum Temperature :   100.000
 Minimum Node No.    :      1021

 ISTEP =   244
 Time  = 29280.000
 Maximum Temperature :   187.597
 Maximum Node No.    :      5201
 Minimum Temperature :   100.000
 Minimum Node No.    :      1021

 ISTEP =   245
 Time  = 29400.000
 Maximum Temperature :   187.870
 Maximum Node No.    :      5201
 Minimum Temperature :   100.000
 Minimum Node No.    :      1021

 ISTEP =   246
 Time  = 29520.000
 Maximum Temperature :   188.142
 Maximum Node No.    :      5201
 Minimum Temperature :   100.000
 Minimum Node No.    :      1021

 ISTEP =   247
 Time  = 29640.000
 Maximum Temperature :   188.414
 Maximum Node No.    :      5201
 Minimum Temperature :   100.000
 Minimum Node No.    :      1021

 ISTEP =   248
 Time  = 29760.000
 Maximum Temperature :   188.685
 Maximum Node No.    :      5201
 Minimum Temperature :   100.000
 Minimum Node No.    :      1021

 ISTEP =   249
 Time  = 29880.000
 Maximum Temperature :   188.956
 Maximum Node No.    :      5201
 Minimum Temperature :   100.000
 Minimum Node No.    :      1021

 ISTEP =   250
 Time  = 30000.000
 Maximum Temperature :   189.226
 Maximum Node No.    :      5201
 Minimum Temperature :   100.000
 Minimum Node No.    :      1021

 ISTEP =   251
 Time  = 30120.000
 Maximum Temperature :   189.496
 Maximum Node No.    :      5201
 Minimum Temperature :   100.000
 Minimum Node No.    :      1021

 ISTEP =   252
 Time  = 30240.000
 Maximum Temperature :   189.766
 Maximum Node No.    :      5201
 Minimum Temperature :   100.000
 Minimum Node No.    :      1021

 ISTEP =   253
 Time  = 30360.000
 Maximum Temperature :   190.034
 Maximum Node No.    :      5201
 Minimum Temperature :   100.000
 Minimum Node No.    :      1021

 ISTEP =   254
 Time  = 30480.000
 Maximum Temperature :   190.303
 Maximum Node No.    :      5201
 Minimum Temperature :   100.000
 Minimum Node No.    :      1021

 ISTEP =   255
 Time  = 30600.000
 Maximum Temperature :   190.571
 Maximum Node No.    :      5201
 Minimum Temperature :   100.000
 Minimum Node No.    :      1021

 ISTEP =   256
 Time  = 30720.000
 Maximum Temperature :   190.838
 Maximum Node No.    :      5201
 Minimum Temperature :   100.000
 Minimum Node No.    :      1021

 ISTEP =   257
 Time  = 30840.000
 Maximum Temperature :   191.105
 Maximum Node No.    :      5201
 Minimum Temperature :   100.000
 Minimum Node No.    :      1021

 ISTEP =   258
 Time  = 30960.000
 Maximum Temperature :   191.372
 Maximum Node No.    :      5201
 Minimum Temperature :   100.000
 Minimum Node No.    :      1021

 ISTEP =   259
 Time  = 31080.000
 Maximum Temperature :   191.638
 Maximum Node No.    :      5201
 Minimum Temperature :   100.000
 Minimum Node No.    :      1021

 ISTEP =   260
 Time  = 31200.000
 Maximum Temperature :   191.904
 Maximum Node No.    :      5201
 Minimum Temperature :   100.000
 Minimum Node No.    :      1021

 ISTEP =   261
 Time  = 31320.000
 Maximum Temperature :   192.169
 Maximum Node No.    :      5201
 Minimum Temperature :   100.000
 Minimum Node No.    :      1021

 ISTEP =   262
 Time  = 31440.000
 Maximum Temperature :   192.434
 Maximum Node No.    :      5201
 Minimum Temperature :   100.000
 Minimum Node No.    :      1021

 ISTEP =   263
 Time  = 31560.000
 Maximum Temperature :   192.698
 Maximum Node No.    :      5201
 Minimum Temperature :   100.000
 Minimum Node No.    :      1021

 ISTEP =   264
 Time  = 31680.000
 Maximum Temperature :   192.962
 Maximum Node No.    :      5201
 Minimum Temperature :   100.000
 Minimum Node No.    :      1021

 ISTEP =   265
 Time  = 31800.000
 Maximum Temperature :   193.225
 Maximum Node No.    :      5201
 Minimum Temperature :   100.000
 Minimum Node No.    :      1021

 ISTEP =   266
 Time  = 31920.000
 Maximum Temperature :   193.488
 Maximum Node No.    :      5201
 Minimum Temperature :   100.000
 Minimum Node No.    :      1021

 ISTEP =   267
 Time  = 32040.000
 Maximum Temperature :   193.750
 Maximum Node No.    :      5201
 Minimum Temperature :   100.000
 Minimum Node No.    :      1021

 ISTEP =   268
 Time  = 32160.000
 Maximum Temperature :   194.012
 Maximum Node No.    :      5201
 Minimum Temperature :   100.000
 Minimum Node No.    :      1021

 ISTEP =   269
 Time  = 32280.000
 Maximum Temperature :   194.274
 Maximum Node No.    :      5201
 Minimum Temperature :   100.000
 Minimum Node No.    :      1021

 ISTEP =   270
 Time  = 32400.000
 Maximum Temperature :   194.535
 Maximum Node No.    :      5201
 Minimum Temperature :   100.000
 Minimum Node No.    :      1021

 ISTEP =   271
 Time  = 32520.000
 Maximum Temperature :   194.795
 Maximum Node No.    :      5201
 Minimum Temperature :   100.000
 Minimum Node No.    :      1021

 ISTEP =   272
 Time  = 32640.000
 Maximum Temperature :   195.055
 Maximum Node No.    :      5201
 Minimum Temperature :   100.000
 Minimum Node No.    :      1021

 ISTEP =   273
 Time  = 32760.000
 Maximum Temperature :   195.315
 Maximum Node No.    :      5201
 Minimum Temperature :   100.000
 Minimum Node No.    :      1021

 ISTEP =   274
 Time  = 32880.000
 Maximum Temperature :   195.574
 Maximum Node No.    :      5201
 Minimum Temperature :   100.000
 Minimum Node No.    :      1021

 ISTEP =   275
 Time  = 33000.000
 Maximum Temperature :   195.833
 Maximum Node No.    :      5201
 Minimum Temperature :   100.000
 Minimum Node No.    :      1021

 ISTEP =   276
 Time  = 33120.000
 Maximum Temperature :   196.092
 Maximum Node No.    :      5201
 Minimum Temperature :   100.000
 Minimum Node No.    :      1021

 ISTEP =   277
 Time  = 33240.000
 Maximum Temperature :   196.349
 Maximum Node No.    :      5201
 Minimum Temperature :   100.000
 Minimum Node No.    :      1021

 ISTEP =   278
 Time  = 33360.000
 Maximum Temperature :   196.607
 Maximum Node No.    :      5201
 Minimum Temperature :   100.000
 Minimum Node No.    :      1021

 ISTEP =   279
 Time  = 33480.000
 Maximum Temperature :   196.864
 Maximum Node No.    :      5201
 Minimum Temperature :   100.000
 Minimum Node No.    :      1021

 ISTEP =   280
 Time  = 33600.000
 Maximum Temperature :   197.121
 Maximum Node No.    :      5201
 Minimum Temperature :   100.000
 Minimum Node No.    :      1021

 ISTEP =   281
 Time  = 33720.000
 Maximum Temperature :   197.377
 Maximum Node No.    :      5201
 Minimum Temperature :   100.000
 Minimum Node No.    :      1021

 ISTEP =   282
 Time  = 33840.000
 Maximum Temperature :   197.633
 Maximum Node No.    :      5201
 Minimum Temperature :   100.000
 Minimum Node No.    :      1021

 ISTEP =   283
 Time  = 33960.000
 Maximum Temperature :   197.888
 Maximum Node No.    :      5201
 Minimum Temperature :   100.000
 Minimum Node No.    :      1021

 ISTEP =   284
 Time  = 34080.000
 Maximum Temperature :   198.143
 Maximum Node No.    :      5201
 Minimum Temperature :   100.000
 Minimum Node No.    :      1021

 ISTEP =   285
 Time  = 34200.000
 Maximum Temperature :   198.397
 Maximum Node No.    :      5201
 Minimum Temperature :   100.000
 Minimum Node No.    :      1021

 ISTEP =   286
 Time  = 34320.000
 Maximum Temperature :   198.652
 Maximum Node No.    :      5201
 Minimum Temperature :   100.000
 Minimum Node No.    :      1021

 ISTEP =   287
 Time  = 34440.000
 Maximum Temperature :   198.905
 Maximum Node No.    :      5201
 Minimum Temperature :   100.000
 Minimum Node No.    :      1021

 ISTEP =   288
 Time  = 34560.000
 Maximum Temperature :   199.158
 Maximum Node No.    :      5201
 Minimum Temperature :   100.000
 Minimum Node No.    :      1021
