 fstr_setup: OK
#### Result step=     1
 ##### Local Summary :Max/IdMax/Min/IdMin####
   //U1   1.9529E-06       221 -1.9520E-06        21
   //U2   0.0000E+00         1 -2.9507E-05        21
   //E11  2.8219E-07       202 -5.2630E-07        51
   //E22  2.2260E-07         1 -8.4951E-08       202
   //E12  3.5564E-09         1 -8.1194E-08       101
   //S11  1.1284E-03       202 -2.1666E-03        51
   //S22  3.0635E-04         1 -3.5313E-04       101
   //S12  5.4713E-06         1 -1.2491E-04       101
   //SMS  2.1167E-03         1  6.1857E-06       120
 ##### @Element :Max/IdMax/Min/IdMin####
   //E11  3.4666E-07       102 -3.4987E-07         1
   //E22  8.7509E-08         3 -1.0333E-07       102
   //E12 -1.0884E-09       120 -5.9142E-08         2
   //S11  1.3875E-03       102 -1.4401E-03         1
   //S22  1.1940E-04       101 -1.3522E-04         1
   //S12 -1.6744E-06       120 -9.0987E-05         2
   //SMS  1.3889E-03       102  4.6288E-06       120
 ##### Global Summary :Max/Min####
   //U1   1.9529E-06 -1.9520E-06
   //U2   0.0000E+00 -2.9507E-05
   //E11  2.8219E-07 -5.2630E-07
   //E22  2.2260E-07 -8.4951E-08
   //E12  3.5564E-09 -8.1194E-08
   //S11  1.1284E-03 -2.1666E-03
   //S22  3.0635E-04 -3.5313E-04
   //S12  5.4713E-06 -1.2491E-04
   //SMS  2.1167E-03  6.1857E-06
 ##### @Element :Max/Min####
   //E11  3.4666E-07 -3.4987E-07
   //E22  8.7509E-08 -1.0333E-07
   //E12 -1.0884E-09 -5.9142E-08
   //S11  1.3875E-03 -1.4401E-03
   //S22  1.1940E-04 -1.3522E-04
   //S12 -1.6744E-06 -9.0987E-05
   //SMS  1.3889E-03  4.6288E-06
