 fstr_setup: OK
#### Result step=     1
 ##### Local Summary :Max/IdMax/Min/IdMin####
   //U1   1.3934E-06       221 -1.3934E-06        21
   //U2   0.0000E+00         1 -2.1021E-05        21
   //E11  3.7011E-07       201 -3.7011E-07         1
   //E22  6.5712E-08         3 -6.5712E-08       203
   //E12 -2.6593E-10        21 -4.3501E-07         1
   //S11  1.6269E-03       201 -1.6269E-03         1
   //S22  4.8806E-04       201 -4.8806E-04         1
   //S12 -4.0913E-07        21 -6.6925E-04         1
   //SMS  1.8533E-03         1  1.5438E-06       121
 ##### @Element :Max/IdMax/Min/IdMin####
   //E11  1.8506E-07       101 -1.8506E-07         1
   //E22  5.1215E-08         3 -5.1215E-08       103
   //E12 -2.5512E-09        19 -4.8474E-08         1
   //S11  7.7010E-04       101 -7.7010E-04         1
   //S22  9.9608E-05       101 -9.9608E-05         1
   //S12 -3.9250E-06        19 -7.4575E-05         1
   //SMS  7.3686E-04         1  8.0863E-06       119
 ##### Global Summary :Max/Min####
   //U1   1.3934E-06 -1.3934E-06
   //U2   0.0000E+00 -2.1021E-05
   //E11  3.7011E-07 -3.7011E-07
   //E22  6.5712E-08 -6.5712E-08
   //E12 -2.6593E-10 -4.3501E-07
   //S11  1.6269E-03 -1.6269E-03
   //S22  4.8806E-04 -4.8806E-04
   //S12 -4.0913E-07 -6.6925E-04
   //SMS  1.8533E-03  1.5438E-06
 ##### @Element :Max/Min####
   //E11  1.8506E-07 -1.8506E-07
   //E22  5.1215E-08 -5.1215E-08
   //E12 -2.5512E-09 -4.8474E-08
   //S11  7.7010E-04 -7.7010E-04
   //S22  9.9608E-05 -9.9608E-05
   //S12 -3.9250E-06 -7.4575E-05
   //SMS  7.3686E-04  8.0863E-06
