 fstr_setup: OK
#### Result step=     1
 ##### Local Summary :Max/IdMax/Min/IdMin####
   //U1   1.9528E-06       221 -1.9528E-06        21
   //U2   0.0000E+00         1 -2.9528E-05       221
   //E11  5.5186E-07       201 -5.5186E-07         1
   //E22  1.6899E-07         3 -1.6899E-07       203
   //E12  1.0882E-08       101 -1.2669E-07       201
   //S11  2.3976E-03       201 -2.3976E-03         1
   //S22  6.3407E-04       201 -6.3407E-04         1
   //S12  1.6741E-05       101 -1.9491E-04       201
   //SMS  2.1782E-03       201  1.6518E-06       121
 ##### @Element :Max/IdMax/Min/IdMin####
   //E11  2.6003E-07       101 -2.6003E-07         1
   //E22  6.2999E-08         1 -6.2999E-08       101
   //E12 -2.6354E-09       119 -5.0193E-08       101
   //S11  1.0599E-03       101 -1.0599E-03         1
   //S22  6.5973E-05       101 -6.5973E-05         1
   //S12 -4.0544E-06       119 -7.7221E-05       101
   //SMS  1.0372E-03       101  8.2638E-06        19
 ##### Global Summary :Max/Min####
   //U1   1.9528E-06 -1.9528E-06
   //U2   0.0000E+00 -2.9528E-05
   //E11  5.5186E-07 -5.5186E-07
   //E22  1.6899E-07 -1.6899E-07
   //E12  1.0882E-08 -1.2669E-07
   //S11  2.3976E-03 -2.3976E-03
   //S22  6.3407E-04 -6.3407E-04
   //S12  1.6741E-05 -1.9491E-04
   //SMS  2.1782E-03  1.6518E-06
 ##### @Element :Max/Min####
   //E11  2.6003E-07 -2.6003E-07
   //E22  6.2999E-08 -6.2999E-08
   //E12 -2.6354E-09 -5.0193E-08
   //S11  1.0599E-03 -1.0599E-03
   //S22  6.5973E-05 -6.5973E-05
   //S12 -4.0544E-06 -7.7221E-05
   //SMS  1.0372E-03  8.2638E-06
