 fstr_setup: OK
#### Result step=     1
 ##### Local Summary :Max/IdMax/Min/IdMin####
   //U1   9.3754E-07      5021 -9.0560E-07      1221
   //U2   2.6397E-06      5021  0.0000E+00      1001
   //U3   0.0000E+00      1001 -1.1402E-05      5221
   //E11  1.6271E-07      5003 -2.4129E-07      1201
   //E22  3.2235E-08      1205 -3.6479E-08      5003
   //E33  3.0974E-08      1205 -4.1263E-08      5103
   //E12  5.0587E-08      1201 -1.9245E-08      1205
   //E23  2.3256E-08      5003 -2.9827E-08      1203
   //E13  3.5113E-08      5003 -2.6374E-07      1201
   //S11  7.5077E-04      5001 -1.2993E-03      1201
   //S22  2.1864E-04      5001 -5.5683E-04      1201
   //S33  1.4655E-04      5001 -5.5683E-04      1201
   //S12  7.7826E-05      1201 -2.9607E-05      1205
   //S23  3.5779E-05      5003 -4.5888E-05      1203
   //S13  5.4020E-05      5003 -4.0576E-04      1201
   //SMS  1.0312E-03      1201  5.3559E-06      3221
 ##### @Element :Max/IdMax/Min/IdMin####
   //E11  2.4169E-07       125 -2.4129E-07        62
   //E22  3.5699E-08        61 -3.7917E-08       125
   //E33  4.5714E-08        67 -6.9813E-08       126
   //E12  5.6494E-08       126 -7.0518E-08         1
   //E23  4.1524E-08         6 -5.9710E-08        61
   //E13  1.5766E-07       125 -2.6374E-07        62
   //S11  1.1253E-03       125 -1.2993E-03        62
   //S22  3.0664E-04       124 -5.5683E-04        62
   //S33  2.6352E-04       125 -5.5683E-04        62
   //S12  8.6914E-05       126 -1.0849E-04         1
   //S23  6.3883E-05         6 -9.1861E-05        61
   //S13  2.4255E-04       125 -4.0576E-04        62
   //SMS  1.0312E-03        62  2.6573E-06       118
 ##### Global Summary :Max/Min####
   //U1   9.3754E-07 -9.0560E-07
   //U2   2.6397E-06  0.0000E+00
   //U3   0.0000E+00 -1.1402E-05
   //E11  1.6271E-07 -2.4129E-07
   //E22  3.2235E-08 -3.6479E-08
   //E33  3.0974E-08 -4.1263E-08
   //E12  5.0587E-08 -1.9245E-08
   //E23  2.3256E-08 -2.9827E-08
   //E13  3.5113E-08 -2.6374E-07
   //S11  7.5077E-04 -1.2993E-03
   //S22  2.1864E-04 -5.5683E-04
   //S33  1.4655E-04 -5.5683E-04
   //S12  7.7826E-05 -2.9607E-05
   //S23  3.5779E-05 -4.5888E-05
   //S13  5.4020E-05 -4.0576E-04
   //SMS  1.0312E-03  5.3559E-06
 ##### @Element :Max/Min####
   //E11  2.4169E-07 -2.4129E-07
   //E22  3.5699E-08 -3.7917E-08
   //E33  4.5714E-08 -6.9813E-08
   //E12  5.6494E-08 -7.0518E-08
   //E23  4.1524E-08 -5.9710E-08
   //E13  1.5766E-07 -2.6374E-07
   //S11  1.1253E-03 -1.2993E-03
   //S22  3.0664E-04 -5.5683E-04
   //S33  2.6352E-04 -5.5683E-04
   //S12  8.6914E-05 -1.0849E-04
   //S23  6.3883E-05 -9.1861E-05
   //S13  2.4255E-04 -4.0576E-04
   //SMS  1.0312E-03  2.6573E-06
