 fstr_setup: OK
#### Result step=     1
 ##### Local Summary :Max/IdMax/Min/IdMin####
   //U1   7.0108E-07      5121 -6.7401E-07      1121
   //U2   4.2072E-08      1203 -4.2072E-08      1003
   //U3   0.0000E+00      1001 -1.0497E-05      5121
   //E11  1.1393E-07      5203 -1.7842E-07      1001
   //E22  3.0622E-08      1203 -3.2249E-08      5003
   //E33  1.2141E-08      1205 -2.8274E-08      5003
   //E12  1.9311E-08      1201 -1.9311E-08      1001
   //E23  1.6613E-08      1201 -1.6613E-08      1001
   //E13  1.8143E-08      5003 -2.3177E-07      1001
   //S11  4.7382E-04      5203 -8.9598E-04      1001
   //S22  7.5694E-05      5201 -2.6070E-04      1201
   //S33  8.5305E-05      5201 -3.4701E-04      1001
   //S12  2.9709E-05      1201 -2.9709E-05      1001
   //S23  2.5559E-05      1201 -2.5559E-05      1001
   //S13  2.7912E-05      5003 -3.5657E-04      1001
   //SMS  8.6153E-04      1001  6.2875E-06      5121
 ##### @Element :Max/IdMax/Min/IdMin####
   //E11  1.8282E-07      3102 -1.7842E-07      1001
   //E22  4.1317E-08      1103 -3.8289E-08      3104
   //E33  1.7153E-08      1102 -3.0044E-08      3002
   //E12  1.9311E-08      1101 -1.9311E-08      1001
   //E23  1.9624E-08      1002 -1.9624E-08      1102
   //E13  1.3241E-07      3102 -2.3177E-07      1001
   //S11  8.4413E-04      3102 -8.9598E-04      1001
   //S22  1.8701E-04      3102 -2.6070E-04      1101
   //S33  1.8917E-04      3102 -3.4701E-04      1001
   //S12  2.9709E-05      1101 -2.9709E-05      1001
   //S23  3.0190E-05      1002 -3.0190E-05      1102
   //S13  2.0371E-04      3102 -3.5657E-04      1001
   //SMS  8.6153E-04      1001  3.8741E-06      1020
 ##### Global Summary :Max/Min####
   //U1   7.0108E-07 -6.7401E-07
   //U2   4.2072E-08 -4.2072E-08
   //U3   0.0000E+00 -1.0497E-05
   //E11  1.1393E-07 -1.7842E-07
   //E22  3.0622E-08 -3.2249E-08
   //E33  1.2141E-08 -2.8274E-08
   //E12  1.9311E-08 -1.9311E-08
   //E23  1.6613E-08 -1.6613E-08
   //E13  1.8143E-08 -2.3177E-07
   //S11  4.7382E-04 -8.9598E-04
   //S22  7.5694E-05 -2.6070E-04
   //S33  8.5305E-05 -3.4701E-04
   //S12  2.9709E-05 -2.9709E-05
   //S23  2.5559E-05 -2.5559E-05
   //S13  2.7912E-05 -3.5657E-04
   //SMS  8.6153E-04  6.2875E-06
 ##### @Element :Max/Min####
   //E11  1.8282E-07 -1.7842E-07
   //E22  4.1317E-08 -3.8289E-08
   //E33  1.7153E-08 -3.0044E-08
   //E12  1.9311E-08 -1.9311E-08
   //E23  1.9624E-08 -1.9624E-08
   //E13  1.3241E-07 -2.3177E-07
   //S11  8.4413E-04 -8.9598E-04
   //S22  1.8701E-04 -2.6070E-04
   //S33  1.8917E-04 -3.4701E-04
   //S12  2.9709E-05 -2.9709E-05
   //S23  3.0190E-05 -3.0190E-05
   //S13  2.0371E-04 -3.5657E-04
   //SMS  8.6153E-04  3.8741E-06
