 fstr_setup: OK
#### Result step=     1
 ##### Local Summary :Max/IdMax/Min/IdMin####
   //U1   1.9341E-06      5121 -1.9341E-06      1121
   //U2   8.6355E-08      1203 -8.6355E-08      5203
   //U3   0.0000E+00      1001 -2.8929E-05      1121
   //E11  4.9128E-07      5103 -4.9128E-07      1103
   //E22  1.7298E-07      1103 -1.7298E-07      5103
   //E33  1.7398E-07      1103 -1.7398E-07      5103
   //E12  6.0843E-08      1201 -6.0843E-08      5201
   //E23  4.3314E-08      3201 -4.3314E-08      3001
   //E13 -2.2515E-09      3121 -6.9115E-08      5101
   //S11  2.2092E-03      5201 -2.2092E-03      1001
   //S22  8.3078E-04      5201 -8.3078E-04      1001
   //S33  5.7205E-04      5201 -5.7205E-04      1001
   //S12  9.3605E-05      1201 -9.3605E-05      5201
   //S23  6.6638E-05      3201 -6.6638E-05      3001
   //S13 -3.4639E-06      3121 -1.0633E-04      5101
   //SMS  2.0518E-03      5103  5.9997E-06      3121
 ##### @Element :Max/IdMax/Min/IdMin####
   //E11  2.4148E-07      3001 -2.4148E-07      1001
   //E22  7.0573E-08      1103 -7.0573E-08      3003
   //E33  7.3806E-08      1103 -7.3806E-08      3103
   //E12  1.7666E-08      1101 -1.7666E-08      3101
   //E23  2.0322E-09      1001 -2.0322E-09      3101
   //E13 -2.5512E-09      3019 -4.8474E-08      3001
   //S11  1.0860E-03      3001 -1.0860E-03      1001
   //S22  2.1015E-04      3101 -2.1015E-04      1001
   //S33  1.9019E-04      3001 -1.9019E-04      1001
   //S12  2.7178E-05      1101 -2.7178E-05      3101
   //S23  3.1265E-06      1001 -3.1265E-06      3101
   //S13 -3.9250E-06      3019 -7.4575E-05      3001
   //SMS  9.0476E-04      3103  9.6066E-06      3019
 ##### Global Summary :Max/Min####
   //U1   1.9341E-06 -1.9341E-06
   //U2   8.6355E-08 -8.6355E-08
   //U3   0.0000E+00 -2.8929E-05
   //E11  4.9128E-07 -4.9128E-07
   //E22  1.7298E-07 -1.7298E-07
   //E33  1.7398E-07 -1.7398E-07
   //E12  6.0843E-08 -6.0843E-08
   //E23  4.3314E-08 -4.3314E-08
   //E13 -2.2515E-09 -6.9115E-08
   //S11  2.2092E-03 -2.2092E-03
   //S22  8.3078E-04 -8.3078E-04
   //S33  5.7205E-04 -5.7205E-04
   //S12  9.3605E-05 -9.3605E-05
   //S23  6.6638E-05 -6.6638E-05
   //S13 -3.4639E-06 -1.0633E-04
   //SMS  2.0518E-03  5.9997E-06
 ##### @Element :Max/Min####
   //E11  2.4148E-07 -2.4148E-07
   //E22  7.0573E-08 -7.0573E-08
   //E33  7.3806E-08 -7.3806E-08
   //E12  1.7666E-08 -1.7666E-08
   //E23  2.0322E-09 -2.0322E-09
   //E13 -2.5512E-09 -4.8474E-08
   //S11  1.0860E-03 -1.0860E-03
   //S22  2.1015E-04 -2.1015E-04
   //S33  1.9019E-04 -1.9019E-04
   //S12  2.7178E-05 -2.7178E-05
   //S23  3.1265E-06 -3.1265E-06
   //S13 -3.9250E-06 -7.4575E-05
   //SMS  9.0476E-04  9.6066E-06
