 fstr_setup: OK
#### Result step=     1
 ##### Local Summary :Max/IdMax/Min/IdMin####
   //U1   1.3948E-20      3221 -2.8854E-20      3021
   //U2   0.0000E+00      3001 -3.0958E-19      3021
   //U3   0.0000E+00      3001 -2.9192E-05      3121
   //E11  2.2588E-21      3203 -1.0200E-20      3003
   //E22  2.2411E-21      3003 -7.4998E-22      3203
   //E33  1.8861-316      3221  0.0000E+00      3001
   //E12  2.1843E-21      3003 -4.2667E-21      3101
   //E23  1.7072E-08      3201 -3.4144E-08      3001
   //E13 -2.0225E-09      3021 -1.1850E-07      3103
   //S11  1.3300E-17      3203 -4.1706E-17      3003
   //S22  1.0300E-18      3201 -5.5656E-18      3103
   //S33  0.0000E+00      3001  0.0000E+00      3001
   //S12  6.7288E-18      3003 -1.3050E-17      3101
   //S23  4.3774E-05      3201 -8.7548E-05      3001
   //S13 -5.1859E-06      3021 -3.0384E-04      3103
   //SMS  5.2646E-04      3103  9.8435E-06      3021
 ##### @Element :Max/IdMax/Min/IdMin####
   //E11  3.8116E-21      3102 -6.2469E-21      3001
   //E22  1.1647E-21      3001 -4.4999E-22      3103
   //E33  0.0000E+00      3001  0.0000E+00      3001
   //E12  0.0000E+00      3001  0.0000E+00      3001
   //E23  0.0000E+00      3001  0.0000E+00      3001
   //E13  0.0000E+00      3001  0.0000E+00      3001
   //S11  2.0817E-17      3102 -2.5587E-17      3001
   //S22  5.2042E-18      3102 -3.6592E-18      3103
   //S33  1.8796-316      3101  0.0000E+00      3001
   //S12  0.0000E+00      3001  0.0000E+00      3001
   //S23  0.0000E+00      3001  0.0000E+00      3001
   //S13  0.0000E+00      3001  0.0000E+00      3001
   //SMS  2.4212E-17      3001  6.7763E-20      3120
 ##### Global Summary :Max/Min####
   //U1   1.3948E-20 -2.8854E-20
   //U2   0.0000E+00 -3.0958E-19
   //U3   0.0000E+00 -2.9192E-05
   //E11  2.2588E-21 -1.0200E-20
   //E22  2.2411E-21 -7.4998E-22
   //E33  1.8861-316  0.0000E+00
   //E12  2.1843E-21 -4.2667E-21
   //E23  1.7072E-08 -3.4144E-08
   //E13 -2.0225E-09 -1.1850E-07
   //S11  1.3300E-17 -4.1706E-17
   //S22  1.0300E-18 -5.5656E-18
   //S33  0.0000E+00  0.0000E+00
   //S12  6.7288E-18 -1.3050E-17
   //S23  4.3774E-05 -8.7548E-05
   //S13 -5.1859E-06 -3.0384E-04
   //SMS  5.2646E-04  9.8435E-06
 ##### @Element :Max/Min####
   //E11  3.8116E-21 -6.2469E-21
   //E22  1.1647E-21 -4.4999E-22
   //E33  0.0000E+00  0.0000E+00
   //E12  0.0000E+00  0.0000E+00
   //E23  0.0000E+00  0.0000E+00
   //E13  0.0000E+00  0.0000E+00
   //S11  2.0817E-17 -2.5587E-17
   //S22  5.2042E-18 -3.6592E-18
   //S33  1.8796-316  0.0000E+00
   //S12  0.0000E+00  0.0000E+00
   //S23  0.0000E+00  0.0000E+00
   //S13  0.0000E+00  0.0000E+00
   //SMS  2.4212E-17  6.7763E-20
