 fstr_setup: OK
#### Result step=     1
 ##### Local Summary :Max/IdMax/Min/IdMin####
   //U1   1.3296E-20      3217 -3.3522E-20      3021
   //U2   0.0000E+00      3001 -3.4678E-19      3021
   //U3   0.0000E+00      3001 -2.9192E-05      3121
   //E11  2.3293E-21      3203 -1.2335E-20      3003
   //E22  2.7529E-21      3003 -6.1763E-22      3205
   //E33  0.0000E+00      3001  0.0000E+00      3001
   //E12  2.4868E-21      3003 -5.0909E-21      3101
   //E23  1.7072E-08      3201 -3.4144E-08      3001
   //E13 -2.0225E-09      3021 -1.1850E-07      3103
   //S11  6.2161E-18      3203 -5.0524E-17      3003
   //S22  1.6624E-18      3203 -6.6588E-18      3103
   //S33  0.0000E+00      3001  0.0000E+00      3001
   //S12  7.6368E-18      3003 -1.5835E-17      3103
   //S23  4.3774E-05      3201 -8.7548E-05      3001
   //S13 -5.1859E-06      3021 -3.0384E-04      3103
   //SMS  5.2646E-04      3103  9.8435E-06      3221
 ##### @Element :Max/IdMax/Min/IdMin####
   //E11  4.2352E-21      3102 -7.6233E-21      3001
   //E22  1.4294E-21      3001 -4.7646E-22      3103
   //E33  0.0000E+00      3001  0.0000E+00      3001
   //E12  0.0000E+00      3001  0.0000E+00      3001
   //E23  0.0000E+00      3001  0.0000E+00      3001
   //E13  0.0000E+00      3001  0.0000E+00      3001
   //S11  2.0817E-17      3102 -3.1225E-17      3001
   //S22  6.9389E-18      3102 -4.1200E-18      3103
   //S33  0.0000E+00      3001  0.0000E+00      3001
   //S12  0.0000E+00      3001  0.0000E+00      3001
   //S23  0.0000E+00      3001  0.0000E+00      3001
   //S13  0.0000E+00      3001  0.0000E+00      3001
   //SMS  2.9577E-17      3001  6.0851E-20      3119
 ##### Global Summary :Max/Min####
   //U1   1.3296E-20 -3.3522E-20
   //U2   0.0000E+00 -3.4678E-19
   //U3   0.0000E+00 -2.9192E-05
   //E11  2.3293E-21 -1.2335E-20
   //E22  2.7529E-21 -6.1763E-22
   //E33  0.0000E+00  0.0000E+00
   //E12  2.4868E-21 -5.0909E-21
   //E23  1.7072E-08 -3.4144E-08
   //E13 -2.0225E-09 -1.1850E-07
   //S11  6.2161E-18 -5.0524E-17
   //S22  1.6624E-18 -6.6588E-18
   //S33  0.0000E+00  0.0000E+00
   //S12  7.6368E-18 -1.5835E-17
   //S23  4.3774E-05 -8.7548E-05
   //S13 -5.1859E-06 -3.0384E-04
   //SMS  5.2646E-04  9.8435E-06
 ##### @Element :Max/Min####
   //E11  4.2352E-21 -7.6233E-21
   //E22  1.4294E-21 -4.7646E-22
   //E33  0.0000E+00  0.0000E+00
   //E12  0.0000E+00  0.0000E+00
   //E23  0.0000E+00  0.0000E+00
   //E13  0.0000E+00  0.0000E+00
   //S11  2.0817E-17 -3.1225E-17
   //S22  6.9389E-18 -4.1200E-18
   //S33  0.0000E+00  0.0000E+00
   //S12  0.0000E+00  0.0000E+00
   //S23  0.0000E+00  0.0000E+00
   //S13  0.0000E+00  0.0000E+00
   //SMS  2.9577E-17  6.0851E-20
