 fstr_setup: OK
#### Result step=     1
 ##### Local Summary :Max/IdMax/Min/IdMin####
   //U1   3.8534E-20      3221 -2.9876E-20      3015
   //U2   0.0000E+00      3001 -5.2532E-19      3221
   //U3   0.0000E+00      3001 -2.9394E-05      3121
   //E11  1.4188E-20      3203 -1.2600E-20      3003
   //E22  2.2632E-21      3003 -2.8190E-21      3203
   //E33  0.0000E+00      3001  0.0000E+00      3001
   //E12  1.9476E-21      3103 -7.7860E-21      3101
   //E23  3.0266E-09      3003 -3.0266E-09      3203
   //E13 -1.7343E-09      3221 -8.4726E-08      3103
   //S11  5.8764E-17      3203 -5.2367E-17      3003
   //S22  1.3281E-17      3201 -1.1872E-17      3001
   //S33  0.0000E+00      3001  0.0000E+00      3001
   //S12  5.9936E-18      3103 -2.3957E-17      3101
   //S23  7.7604E-06      3003 -7.7604E-06      3203
   //S13 -4.4468E-06      3221 -2.1725E-04      3103
   //SMS  3.7639E-04      3103  7.7040E-06      3221
 ##### @Element :Max/IdMax/Min/IdMin####
   //E11  5.2940E-21      3101 -4.2352E-21      3001
   //E22  1.1250E-21      3003 -1.4823E-21      3103
   //E33  0.0000E+00      3001  0.0000E+00      3001
   //E12  1.7371E-23      3119 -6.5844E-22      3101
   //E23  0.0000E+00      3001  0.0000E+00      3001
   //E13  0.0000E+00      3001  0.0000E+00      3001
   //S11  2.1901E-17      3101 -1.7781E-17      3001
   //S22  2.8731E-18      3101 -2.2497E-18      3001
   //S33  0.0000E+00      3001  0.0000E+00      3001
   //S12  5.3442E-20      3119 -2.0295E-18      3101
   //S23  0.0000E+00      3001  0.0000E+00      3001
   //S13  0.0000E+00      3001  0.0000E+00      3001
   //SMS  2.0913E-17      3101  2.2270E-19      3119
 ##### Global Summary :Max/Min####
   //U1   3.8534E-20 -2.9876E-20
   //U2   0.0000E+00 -5.2532E-19
   //U3   0.0000E+00 -2.9394E-05
   //E11  1.4188E-20 -1.2600E-20
   //E22  2.2632E-21 -2.8190E-21
   //E33  0.0000E+00  0.0000E+00
   //E12  1.9476E-21 -7.7860E-21
   //E23  3.0266E-09 -3.0266E-09
   //E13 -1.7343E-09 -8.4726E-08
   //S11  5.8764E-17 -5.2367E-17
   //S22  1.3281E-17 -1.1872E-17
   //S33  0.0000E+00  0.0000E+00
   //S12  5.9936E-18 -2.3957E-17
   //S23  7.7604E-06 -7.7604E-06
   //S13 -4.4468E-06 -2.1725E-04
   //SMS  3.7639E-04  7.7040E-06
 ##### @Element :Max/Min####
   //E11  5.2940E-21 -4.2352E-21
   //E22  1.1250E-21 -1.4823E-21
   //E33  0.0000E+00  0.0000E+00
   //E12  1.7371E-23 -6.5844E-22
   //E23  0.0000E+00  0.0000E+00
   //E13  0.0000E+00  0.0000E+00
   //S11  2.1901E-17 -1.7781E-17
   //S22  2.8731E-18 -2.2497E-18
   //S33  0.0000E+00  0.0000E+00
   //S12  5.3442E-20 -2.0295E-18
   //S23  0.0000E+00  0.0000E+00
   //S13  0.0000E+00  0.0000E+00
   //SMS  2.0913E-17  2.2270E-19
