 fstr_setup: OK
#### Result step=     1
 ##### Local Summary :Max/IdMax/Min/IdMin####
   //U1   4.3825E-20      3221 -3.0652E-20      3015
   //U2   0.0000E+00      3001 -5.6957E-19      3221
   //U3   0.0000E+00      3001 -2.9394E-05      3121
   //E11  1.5564E-20      3203 -1.2970E-20      3003
   //E22  2.2433E-21      3003 -3.1962E-21      3203
   //E33  1.8748-316      3119  0.0000E+00      3001
   //E12  2.0615E-21      3103 -8.1295E-21      3101
   //E23  3.0266E-09      3003 -3.0266E-09      3203
   //E13 -1.7343E-09      3221 -8.4726E-08      3103
   //S11  6.4185E-17      3203 -5.4102E-17      3003
   //S22  1.4366E-17      3201 -1.2143E-17      3001
   //S33  1.8808-316      3215  0.0000E+00      3001
   //S12  6.3434E-18      3103 -2.5014E-17      3101
   //S23  7.7604E-06      3003 -7.7604E-06      3203
   //S13 -4.4468E-06      3221 -2.1725E-04      3103
   //SMS  3.7639E-04      3103  7.7040E-06      3221
 ##### @Element :Max/IdMax/Min/IdMin####
   //E11  5.8234E-21      3101 -4.1822E-21      3001
   //E22  1.1382E-21      3003 -1.6941E-21      3103
   //E33  0.0000E+00      3001  0.0000E+00      3001
   //E12 -5.9996E-23      3019 -6.5513E-22      3101
   //E23  0.0000E+00      3001  0.0000E+00      3001
   //E13  0.0000E+00      3001  0.0000E+00      3001
   //S11  2.4286E-17      3101 -1.7564E-17      3001
   //S22  3.0358E-18      3101 -2.2497E-18      3001
   //S33  9.7624-317      3117  0.0000E+00      3001
   //S12 -1.8461E-19      3019 -2.0159E-18      3101
   //S23  0.0000E+00      3001  0.0000E+00      3001
   //S13  0.0000E+00      3001  0.0000E+00      3001
   //SMS  2.3184E-17      3101  9.0033E-19      3019
 ##### Global Summary :Max/Min####
   //U1   4.3825E-20 -3.0652E-20
   //U2   0.0000E+00 -5.6957E-19
   //U3   0.0000E+00 -2.9394E-05
   //E11  1.5564E-20 -1.2970E-20
   //E22  2.2433E-21 -3.1962E-21
   //E33  1.8748-316  0.0000E+00
   //E12  2.0615E-21 -8.1295E-21
   //E23  3.0266E-09 -3.0266E-09
   //E13 -1.7343E-09 -8.4726E-08
   //S11  6.4185E-17 -5.4102E-17
   //S22  1.4366E-17 -1.2143E-17
   //S33  1.8808-316  0.0000E+00
   //S12  6.3434E-18 -2.5014E-17
   //S23  7.7604E-06 -7.7604E-06
   //S13 -4.4468E-06 -2.1725E-04
   //SMS  3.7639E-04  7.7040E-06
 ##### @Element :Max/Min####
   //E11  5.8234E-21 -4.1822E-21
   //E22  1.1382E-21 -1.6941E-21
   //E33  0.0000E+00  0.0000E+00
   //E12 -5.9996E-23 -6.5513E-22
   //E23  0.0000E+00  0.0000E+00
   //E13  0.0000E+00  0.0000E+00
   //S11  2.4286E-17 -1.7564E-17
   //S22  3.0358E-18 -2.2497E-18
   //S33  9.7624-317  0.0000E+00
   //S12 -1.8461E-19 -2.0159E-18
   //S23  0.0000E+00  0.0000E+00
   //S13  0.0000E+00  0.0000E+00
   //SMS  2.3184E-17  9.0033E-19
