 fstr_setup: OK
#### Result step=     0
 ##### Local Summary @Node    :Max/IdMax/Min/IdMin####
 //U1    0.0000E+00         1  0.0000E+00         1
 //U2    0.0000E+00         1  0.0000E+00         1
 //U3    0.0000E+00         1  0.0000E+00         1
 //E11   0.0000E+00         1  0.0000E+00         1
 //E22   0.0000E+00         1  0.0000E+00         1
 //E33   0.0000E+00         1  0.0000E+00         1
 //E12   0.0000E+00         1  0.0000E+00         1
 //E23   0.0000E+00         1  0.0000E+00         1
 //E31   0.0000E+00         1  0.0000E+00         1
 //S11   0.0000E+00         1  0.0000E+00         1
 //S22   0.0000E+00         1  0.0000E+00         1
 //S33   0.0000E+00         1  0.0000E+00         1
 //S12   0.0000E+00         1  0.0000E+00         1
 //S23   0.0000E+00         1  0.0000E+00         1
 //S31   0.0000E+00         1  0.0000E+00         1
 //SMS   0.0000E+00         1  0.0000E+00         1
 ##### Local Summary @Element :Max/IdMax/Min/IdMin####
 //E11   0.0000E+00         1  0.0000E+00         1
 //E22   0.0000E+00         1  0.0000E+00         1
 //E33   0.0000E+00         1  0.0000E+00         1
 //E12   0.0000E+00         1  0.0000E+00         1
 //E23   0.0000E+00         1  0.0000E+00         1
 //E31   0.0000E+00         1  0.0000E+00         1
 //S11   0.0000E+00         1  0.0000E+00         1
 //S22   0.0000E+00         1  0.0000E+00         1
 //S33   0.0000E+00         1  0.0000E+00         1
 //S12   0.0000E+00         1  0.0000E+00         1
 //S23   0.0000E+00         1  0.0000E+00         1
 //S31   0.0000E+00         1  0.0000E+00         1
 //SMS   0.0000E+00         1  0.0000E+00         1
 ##### Global Summary @Node    :Max/IdMax/Min/IdMin####
 //U1    0.0000E+00         1  0.0000E+00         1
 //U2    0.0000E+00         1  0.0000E+00         1
 //U3    0.0000E+00         1  0.0000E+00         1
 //E11   0.0000E+00         1  0.0000E+00         1
 //E22   0.0000E+00         1  0.0000E+00         1
 //E33   0.0000E+00         1  0.0000E+00         1
 //E12   0.0000E+00         1  0.0000E+00         1
 //E23   0.0000E+00         1  0.0000E+00         1
 //E31   0.0000E+00         1  0.0000E+00         1
 //S11   0.0000E+00         1  0.0000E+00         1
 //S22   0.0000E+00         1  0.0000E+00         1
 //S33   0.0000E+00         1  0.0000E+00         1
 //S12   0.0000E+00         1  0.0000E+00         1
 //S23   0.0000E+00         1  0.0000E+00         1
 //S31   0.0000E+00         1  0.0000E+00         1
 //SMS   0.0000E+00         1  0.0000E+00         1
 ##### Global Summary @Element :Max/IdMax/Min/IdMin####
 //E11   0.0000E+00         1  0.0000E+00         1
 //E22   0.0000E+00         1  0.0000E+00         1
 //E33   0.0000E+00         1  0.0000E+00         1
 //E12   0.0000E+00         1  0.0000E+00         1
 //E23   0.0000E+00         1  0.0000E+00         1
 //E31   0.0000E+00         1  0.0000E+00         1
 //S11   0.0000E+00         1  0.0000E+00         1
 //S22   0.0000E+00         1  0.0000E+00         1
 //S33   0.0000E+00         1  0.0000E+00         1
 //S12   0.0000E+00         1  0.0000E+00         1
 //S23   0.0000E+00         1  0.0000E+00         1
 //S31   0.0000E+00         1  0.0000E+00         1
 //SMS   0.0000E+00         1  0.0000E+00         1
#### Result step=     1
 ##### Local Summary @Node    :Max/IdMax/Min/IdMin####
 //U1    2.0975E-06         5 -2.0975E-06         7
 //U2    2.0975E-06         5 -2.0975E-06         8
 //U3    1.0000E-03       105  0.0000E+00         1
 //E11  -1.2447E-07       108 -2.7966E-06         6
 //E22  -1.2447E-07       106 -2.7966E-06         8
 //E33   9.9823E-04         6  1.1311E-06       108
 //E12   6.0612E-19       107 -7.2965E-19       101
 //E23   3.0528E-06       104 -3.0528E-06       102
 //E31   3.0528E-06       102 -3.0528E-06       104
 //S11   3.2550E+01         3 -3.5758E+01       101
 //S22   3.2550E+01         3 -3.5758E+01       101
 //S33   1.0533E+02       101  2.7317E+01       108
 //S12   5.8087E-12       107 -6.9925E-12       101
 //S23   2.9256E+01       104 -2.9256E+01       102
 //S31   2.9256E+01       102 -2.9256E+01       104
 //SMS   1.5825E+02       101  3.3728E+01         1
 ##### Local Summary @Element :Max/IdMax/Min/IdMin####
 //E11   0.0000E+00       102 -2.0975E-06         1
 //E22   0.0000E+00       102 -2.0975E-06         1
 //E33   9.9683E-04         1  0.0000E+00       102
 //E12   5.7406E-21       101 -1.3200E-19         1
 //E23   2.6907E-19         1  0.0000E+00       102
 //E31   0.0000E+00       102 -9.1003E-20       101
 //S11   3.2527E+01         1 -1.6254E+01       101
 //S22   3.2527E+01         1 -1.6254E+01       101
 //S33   6.6325E+01       101  0.0000E+00       102
 //S12   5.5014E-14       101 -2.2331E-15         1
 //S23   1.8798E-12       101  0.0000E+00       102
 //S31   0.0000E+00       102 -8.7219E-13       101
 //SMS   8.2579E+01       101  0.0000E+00       102
 ##### Global Summary @Node    :Max/IdMax/Min/IdMin####
 //U1    2.0975E-06         5 -2.0975E-06         7
 //U2    2.0975E-06         5 -2.0975E-06         8
 //U3    1.0000E-03       105  0.0000E+00         1
 //E11  -1.2447E-07       108 -2.7966E-06         6
 //E22  -1.2447E-07       106 -2.7966E-06         8
 //E33   9.9823E-04         6  1.1311E-06       108
 //E12   6.0612E-19       107 -7.2965E-19       101
 //E23   3.0528E-06       104 -3.0528E-06       102
 //E31   3.0528E-06       102 -3.0528E-06       104
 //S11   3.2550E+01         3 -3.5758E+01       101
 //S22   3.2550E+01         3 -3.5758E+01       101
 //S33   1.0533E+02       101  2.7317E+01       108
 //S12   5.8087E-12       107 -6.9925E-12       101
 //S23   2.9256E+01       104 -2.9256E+01       102
 //S31   2.9256E+01       102 -2.9256E+01       104
 //SMS   1.5825E+02       101  3.3728E+01         1
 ##### Global Summary @Element :Max/IdMax/Min/IdMin####
 //E11   0.0000E+00       102 -2.0975E-06         1
 //E22   0.0000E+00       102 -2.0975E-06         1
 //E33   9.9683E-04         1  0.0000E+00       102
 //E12   5.7406E-21       101 -1.3200E-19         1
 //E23   2.6907E-19         1  0.0000E+00       102
 //E31   0.0000E+00       102 -9.1003E-20       101
 //S11   3.2527E+01         1 -1.6254E+01       101
 //S22   3.2527E+01         1 -1.6254E+01       101
 //S33   6.6325E+01       101  0.0000E+00       102
 //S12   5.5014E-14       101 -2.2331E-15         1
 //S23   1.8798E-12       101  0.0000E+00       102
 //S31   0.0000E+00       102 -8.7219E-13       101
 //SMS   8.2579E+01       101  0.0000E+00       102
