 
********************************
*RESULT OF EIGEN VALUE ANALYSIS*
********************************
 
 NUMBER OF ITERATIONS = 18
 
   NO.   EIGENVALUE    ANGL.FREQUENCY FREQUENCY(HZ)
   ---   ----------    -------------- -------------
    1   0.135604E+10   0.368245E+05   0.586080E+04
    2   0.443104E+11   0.210500E+06   0.335022E+05
    3   0.124247E+12   0.352486E+06   0.560999E+05


 Mode No.     1

 #### DISPLACEMENT 2D
     NODE    X-DISP      Y-DISP   
 --------+-----------+------------
         1  0.0000E+00  0.0000E+00
         3 -0.5193E-02 -0.6298E-02
         5 -0.9720E-02 -0.2221E-01
         7 -0.1344E-01 -0.4640E-01
         9 -0.1640E-01 -0.7732E-01
        11 -0.1865E-01 -0.1135E+00
        13 -0.2025E-01 -0.1535E+00
        15 -0.2128E-01 -0.1961E+00
        17 -0.2183E-01 -0.2402E+00
        19 -0.2205E-01 -0.2849E+00
        21 -0.2210E-01 -0.3297E+00
       101  0.0000E+00  0.0000E+00
       103 -0.2301E-04 -0.5989E-02
       105  0.5299E-04 -0.2197E-01
       107  0.9932E-04 -0.4622E-01
       109  0.1397E-03 -0.7719E-01
       111  0.1768E-03 -0.1134E+00
       113  0.2102E-03 -0.1534E+00
       115  0.2386E-03 -0.1961E+00
       117  0.2607E-03 -0.2402E+00
       119  0.2747E-03 -0.2849E+00
       121  0.2810E-03 -0.3297E+00
       201  0.0000E+00  0.0000E+00
       203  0.5312E-02 -0.6419E-02
       205  0.9845E-02 -0.2235E-01
       207  0.1364E-01 -0.4654E-01
       209  0.1668E-01 -0.7745E-01
       211  0.1900E-01 -0.1136E+00
       213  0.2067E-01 -0.1536E+00
       215  0.2175E-01 -0.1962E+00
       217  0.2234E-01 -0.2402E+00
       219  0.2259E-01 -0.2849E+00
       221  0.2265E-01 -0.3297E+00
 #### REACTION FORCE 2D
   NODE    X-REACTION  Y-REACTION
 --------+-----------+------------
         1  1.0552E+01  5.8465E+00
       101 -3.9150E-01 -2.7793E+00
       201 -1.0160E+01 -1.6498E+00
 #### NODAL STRESS 2D
 #### STRIN
   NODE       E11         E22         E33         E12
  ------------+-----------+-----------+-----------+-------------
         1 -5.1932E-03  0.0000E+00  0.0000E+00 -6.2982E-03
         3 -3.2476E-03  4.1259E-04  0.0000E+00 -2.5047E-03
         5 -2.7221E-03  5.1776E-04  0.0000E+00 -2.2191E-03
         7 -2.2116E-03  4.0278E-04  0.0000E+00 -1.8924E-03
         9 -1.7261E-03  3.0305E-04  0.0000E+00 -1.6061E-03
        11 -1.2716E-03  2.0766E-04  0.0000E+00 -1.3227E-03
        13 -8.6340E-04  1.2456E-04  0.0000E+00 -1.0408E-03
        15 -5.1774E-04  5.8226E-05  0.0000E+00 -7.6524E-04
        17 -2.5151E-04  1.2742E-05  0.0000E+00 -5.0301E-04
        19 -8.2498E-05 -7.8777E-06  0.0000E+00 -2.6180E-04
        21 -1.7710E-05 -7.2758E-06  0.0000E+00 -1.0968E-04
       101 -1.7464E-03  2.0630E-04  0.0000E+00 -2.6451E-03
       103  1.4849E-04 -2.7681E-06  0.0000E+00 -7.8458E-04
       105  1.7706E-04 -1.7785E-04  0.0000E+00 -7.6489E-04
       107  1.6636E-04 -1.7105E-04  0.0000E+00 -7.6512E-04
       109  1.5729E-04 -1.6238E-04  0.0000E+00 -7.3022E-04
       111  1.4461E-04 -1.4928E-04  0.0000E+00 -6.7208E-04
       113  1.2702E-04 -1.3101E-04  0.0000E+00 -5.9014E-04
       115  1.0399E-04 -1.0712E-04  0.0000E+00 -4.8282E-04
       117  7.5204E-05 -7.7294E-05  0.0000E+00 -3.4904E-04
       119  4.1014E-05 -4.3160E-05  0.0000E+00 -1.8761E-04
       121  2.2100E-05 -2.5290E-05  0.0000E+00 -1.0188E-04
       201  2.6443E-03 -4.3040E-04  0.0000E+00 -8.6937E-04
       203  3.3070E-03 -8.2574E-04  0.0000E+00  8.6267E-04
       205  2.7900E-03 -7.1727E-04  0.0000E+00  6.2498E-04
       207  2.2908E-03 -6.0190E-04  0.0000E+00  3.8271E-04
       209  1.8014E-03 -4.8692E-04  0.0000E+00  1.7707E-04
       211  1.3407E-03 -3.7598E-04  0.0000E+00  9.0763E-06
       213  9.2388E-04 -2.7219E-04  0.0000E+00 -1.1276E-04
       215  5.6688E-04 -1.7891E-04  0.0000E+00 -1.7887E-04
       217  2.8667E-04 -9.9979E-05  0.0000E+00 -1.7943E-04
       219  1.0237E-04 -4.2741E-05  0.0000E+00 -1.0624E-04
       221  5.3755E-05 -1.8090E-05  0.0000E+00 -6.6375E-05
 #### STRESS
   NODE       S11         S22         S33         S12        MISES
  ------------+-----------+-----------+-----------+-----------+-------------
         1 -2.2827E+01 -6.8482E+00  0.0000E+00 -9.6895E+00  2.6331E+01
         3 -1.3731E+01 -2.4690E+00  0.0000E+00 -3.8533E+00  1.4328E+01
         5 -1.1283E+01 -1.3137E+00  0.0000E+00 -3.4141E+00  1.2213E+01
         7 -9.1902E+00 -1.1459E+00  0.0000E+00 -2.9115E+00  1.0034E+01
         9 -7.1875E+00 -9.4405E-01  0.0000E+00 -2.4709E+00  8.0051E+00
        11 -5.3154E+00 -7.6397E-01  0.0000E+00 -2.0350E+00  6.0992E+00
        13 -3.6309E+00 -5.9104E-01  0.0000E+00 -1.6013E+00  4.3680E+00
        15 -2.1990E+00 -4.2679E-01  0.0000E+00 -1.1773E+00  2.8701E+00
        17 -1.0887E+00 -2.7566E-01  0.0000E+00 -7.7387E-01  1.6607E+00
        19 -3.7302E-01 -1.4342E-01  0.0000E+00 -4.0277E-01  7.6999E-01
        21 -8.7442E-02 -5.5336E-02  0.0000E+00 -1.6875E-01  3.0215E-01
       101 -7.4045E+00 -1.3962E+00  0.0000E+00 -4.0693E+00  9.8039E+00
       103  6.4907E-01  1.8365E-01  0.0000E+00 -1.2071E+00  2.1695E+00
       105  5.4374E-01 -5.4826E-01  0.0000E+00 -1.1767E+00  2.2469E+00
       107  5.0571E-01 -5.3249E-01  0.0000E+00 -1.1771E+00  2.2283E+00
       109  4.7727E-01 -5.0634E-01  0.0000E+00 -1.1234E+00  2.1242E+00
       111  4.3880E-01 -4.6548E-01  0.0000E+00 -1.0340E+00  1.9547E+00
       113  3.8558E-01 -4.0837E-01  0.0000E+00 -9.0791E-01  1.7163E+00
       115  3.1586E-01 -3.3371E-01  0.0000E+00 -7.4280E-01  1.4042E+00
       117  2.2864E-01 -2.4058E-01  0.0000E+00 -5.3698E-01  1.0150E+00
       119  1.2337E-01 -1.3563E-01  0.0000E+00 -2.8863E-01  5.4796E-01
       121  6.3795E-02 -8.2020E-02  0.0000E+00 -1.5674E-01  2.9955E-01
       201  1.1056E+01  1.5951E+00  0.0000E+00 -1.3375E+00  1.0607E+01
       203  1.3447E+01  7.3126E-01  0.0000E+00  1.3272E+00  1.3297E+01
       205  1.1318E+01  5.2629E-01  0.0000E+00  9.6150E-01  1.1189E+01
       207  9.2759E+00  3.7517E-01  0.0000E+00  5.8878E-01  9.1511E+00
       209  7.2763E+00  2.3523E-01  0.0000E+00  2.7241E-01  7.1771E+00
       211  5.3975E+00  1.1533E-01  0.0000E+00  1.3964E-02  5.3408E+00
       213  3.7021E+00  2.1860E-02  0.0000E+00 -1.7347E-01  3.7034E+00
       215  2.2559E+00 -3.8883E-02  0.0000E+00 -2.7518E-01  2.3249E+00
       217  1.1282E+00 -6.1447E-02  0.0000E+00 -2.7605E-01  1.2548E+00
       219  3.9360E-01 -5.2883E-02  0.0000E+00 -1.6345E-01  5.0861E-01
       221  2.1243E-01 -8.6322E-03  0.0000E+00 -1.0212E-01  2.7985E-01
 ##### Local Summary :Max/IdMax/Min/IdMin####
   //U1   2.2645E-02       221 -2.2096E-02        21
   //U2   0.0000E+00         1 -3.2972E-01       221
   //U3   0.0000E+00         0  0.0000E+00         0
   //E11  3.3070E-03       203 -5.1932E-03         1
   //E22  5.1776E-04         5 -8.2574E-04       203
   //E33  0.0000E+00         1  0.0000E+00         1
   //E12  8.6267E-04       203 -6.2982E-03         1
   //E23  0.0000E+00         1  0.0000E+00         1
   //E13  0.0000E+00         1  0.0000E+00         1
   //S11  1.3447E+01       203 -2.2827E+01         1
   //S22  1.5951E+00       201 -6.8482E+00         1
   //S33  0.0000E+00         1  0.0000E+00         1
   //S12  1.3272E+00       203 -9.6895E+00         1
   //S23  0.0000E+00         1  0.0000E+00         1
   //S13  0.0000E+00         1  0.0000E+00         1
   //SMS  2.6331E+01         1  2.7985E-01       221
 ##### @Element :Max/IdMax/Min/IdMin####
   //E11  5.3116E-03       102 -5.1932E-03         1
   //E22  6.1889E-04         2 -8.6079E-04       102
   //E33  4.3517E-03         2 -6.2982E-03         1
   //E12  0.0000E+00         1  0.0000E+00         1
   //E23  0.0000E+00         1  0.0000E+00         1
   //E13  0.0000E+00         1  0.0000E+00         1
   //S11  2.2212E+01       102 -2.2827E+01         1
   //S22  3.2206E+00       102 -6.8482E+00         1
   //S33  6.6950E+00         2 -9.6895E+00         1
   //S12  0.0000E+00         1  0.0000E+00         1
   //S23  0.0000E+00         1  0.0000E+00         1
   //S13  0.0000E+00         1  0.0000E+00         1
   //SMS  1.7569E+01       102  9.1358E-02        16
 ##### Global Summary :Max/Min####
   //U1   2.2645E-02 -2.2096E-02
   //U2   0.0000E+00 -3.2972E-01
   //U3   0.0000E+00  0.0000E+00
   //E11  3.3070E-03 -5.1932E-03
   //E22  5.1776E-04 -8.2574E-04
   //E33  0.0000E+00  0.0000E+00
   //E12  8.6267E-04 -6.2982E-03
   //E23  0.0000E+00  0.0000E+00
   //E13  0.0000E+00  0.0000E+00
   //S11  1.3447E+01 -2.2827E+01
   //S22  1.5951E+00 -6.8482E+00
   //S33  0.0000E+00  0.0000E+00
   //S12  1.3272E+00 -9.6895E+00
   //S23  0.0000E+00  0.0000E+00
   //S13  0.0000E+00  0.0000E+00
   //SMS  2.6331E+01  2.7985E-01
 ##### @Element :Max/Min####
   //E11  5.3116E-03 -5.1932E-03
   //E22  6.1889E-04 -8.6079E-04
   //E33  4.3517E-03 -6.2982E-03
   //E12  0.0000E+00  0.0000E+00
   //E23  0.0000E+00  0.0000E+00
   //E13  0.0000E+00  0.0000E+00
   //S11  2.2212E+01 -2.2827E+01
   //S22  3.2206E+00 -6.8482E+00
   //S33  6.6950E+00 -9.6895E+00
   //S12  0.0000E+00  0.0000E+00
   //S23  0.0000E+00  0.0000E+00
   //S13  0.0000E+00  0.0000E+00
   //SMS  1.7569E+01  9.1358E-02

 Mode No.     2

 #### DISPLACEMENT 2D
     NODE    X-DISP      Y-DISP   
 --------+-----------+------------
         1  0.0000E+00  0.0000E+00
         3 -0.2164E-01 -0.3907E-01
         5 -0.2909E-01 -0.1081E+00
         7 -0.2351E-01 -0.1784E+00
         9 -0.8090E-02 -0.2253E+00
        11  0.1306E-01 -0.2316E+00
        13  0.3533E-01 -0.1900E+00
        15  0.5450E-01 -0.1026E+00
        17  0.6768E-01  0.1978E-01
        19  0.7409E-01  0.1619E+00
        21  0.7562E-01  0.3086E+00
       101  0.0000E+00  0.0000E+00
       103  0.3941E-03 -0.3911E-01
       105  0.1655E-02 -0.1092E+00
       107  0.2604E-02 -0.1800E+00
       109  0.3309E-02 -0.2272E+00
       111  0.3736E-02 -0.2334E+00
       113  0.3876E-02 -0.1913E+00
       115  0.3773E-02 -0.1033E+00
       117  0.3522E-02  0.1961E-01
       119  0.3265E-02  0.1620E+00
       121  0.3113E-02  0.3087E+00
       201  0.0000E+00  0.0000E+00
       203  0.2342E-01 -0.4154E-01
       205  0.3236E-01 -0.1105E+00
       207  0.2847E-01 -0.1803E+00
       209  0.1438E-01 -0.2264E+00
       211 -0.5931E-02 -0.2320E+00
       213 -0.2786E-01 -0.1895E+00
       215 -0.4710E-01 -0.1016E+00
       217 -0.6060E-01  0.2093E-01
       219 -0.6735E-01  0.1627E+00
       221 -0.6906E-01  0.3090E+00
 #### REACTION FORCE 2D
   NODE    X-REACTION  Y-REACTION
 --------+-----------+------------
         1  5.3831E+01  2.9294E+01
       101 -7.9547E-01 -1.3903E+00
       201 -5.4233E+01 -1.4803E+00
 #### NODAL STRESS 2D
 #### STRIN
   NODE       E11         E22         E33         E12
  ------------+-----------+-----------+-----------+-------------
         1 -2.1641E-02  0.0000E+00  0.0000E+00 -3.9065E-02
         3 -9.5667E-03 -6.5990E-05  0.0000E+00 -1.9680E-02
         5 -2.0304E-04 -1.5120E-03  0.0000E+00 -1.4104E-02
         7  7.3176E-03 -2.9623E-03  0.0000E+00 -7.3731E-03
         9  1.2426E-02 -3.6401E-03  0.0000E+00 -8.5248E-04
        11  1.4617E-02 -3.6080E-03  0.0000E+00  4.8495E-03
        13  1.3860E-02 -2.9298E-03  0.0000E+00  8.8918E-03
        15  1.0747E-02 -1.8429E-03  0.0000E+00  1.0623E-02
        17  6.4445E-03 -7.0746E-04  0.0000E+00  9.7794E-03
        19  2.5605E-03  4.6543E-05  0.0000E+00  6.5491E-03
        21  6.8936E-04  1.7600E-04  0.0000E+00  3.4202E-03
       101 -6.9509E-03 -3.2995E-05  0.0000E+00 -2.4408E-02
       103  3.2133E-03 -2.0168E-03  0.0000E+00 -1.4522E-02
       105  3.1565E-03 -2.9769E-03  0.0000E+00 -1.2838E-02
       107  2.4731E-03 -2.3174E-03  0.0000E+00 -1.0083E-02
       109  1.5542E-03 -1.4130E-03  0.0000E+00 -6.0506E-03
       111  5.1622E-04 -3.9359E-04  0.0000E+00 -1.4792E-03
       113 -4.4754E-04  5.4567E-04  0.0000E+00  2.7319E-03
       115 -1.1295E-03  1.1976E-03  0.0000E+00  5.6457E-03
       117 -1.3508E-03  1.3836E-03  0.0000E+00  6.4617E-03
       119 -1.0066E-03  1.0350E-03  0.0000E+00  4.6252E-03
       121 -6.7069E-04  7.2938E-04  0.0000E+00  3.0372E-03
       201  1.1909E-02 -2.4211E-03  0.0000E+00 -1.7295E-02
       203  1.1207E-02 -4.1028E-03  0.0000E+00 -9.0057E-03
       205  1.9981E-03 -1.8858E-03  0.0000E+00 -1.1679E-02
       207 -5.7591E-03  2.3249E-04  0.0000E+00 -1.2478E-02
       209 -1.1324E-02  1.9760E-03  0.0000E+00 -1.1004E-02
       211 -1.4032E-02  3.1132E-03  0.0000E+00 -7.7089E-03
       213 -1.3759E-02  3.5107E-03  0.0000E+00 -3.4643E-03
       215 -1.0997E-02  3.1731E-03  0.0000E+00  5.4598E-04
       217 -6.8353E-03  2.2630E-03  0.0000E+00  2.9995E-03
       219 -2.8705E-03  1.1860E-03  0.0000E+00  2.6554E-03
       221 -1.7090E-03  5.9217E-04  0.0000E+00  1.9221E-03
 #### STRESS
   NODE       S11         S22         S33         S12        MISES
  ------------+-----------+-----------+-----------+-----------+-------------
         1 -9.5125E+01 -2.8537E+01  0.0000E+00 -6.0100E+01  1.3411E+02
         3 -4.2138E+01 -1.2906E+01  0.0000E+00 -3.0278E+01  6.4409E+01
         5 -2.8863E+00 -6.9138E+00  0.0000E+00 -2.1698E+01  3.8061E+01
         7  2.8259E+01 -3.3714E+00  0.0000E+00 -1.1343E+01  3.5934E+01
         9  4.9820E+01  3.8555E-01  0.0000E+00 -1.3115E+00  4.9680E+01
        11  5.9493E+01  3.4156E+00  0.0000E+00  7.4607E+00  5.9286E+01
        13  5.7061E+01  5.3990E+00  0.0000E+00  1.3680E+01  5.9485E+01
        15  4.4809E+01  6.0712E+00  0.0000E+00  1.6343E+01  5.0734E+01
        17  2.7395E+01  5.3886E+00  0.0000E+00  1.5045E+01  3.6207E+01
        19  1.1316E+01  3.5810E+00  0.0000E+00  1.0076E+01  2.0122E+01
        21  3.2623E+00  1.6827E+00  0.0000E+00  5.2618E+00  9.5417E+00
       101 -3.0597E+01 -9.3110E+00  0.0000E+00 -3.7551E+01  7.0486E+01
       103  1.1465E+01 -4.6278E+00  0.0000E+00 -2.2341E+01  4.1271E+01
       105  9.9491E+00 -8.9228E+00  0.0000E+00 -1.9751E+01  3.7916E+01
       107  7.8147E+00 -6.9252E+00  0.0000E+00 -1.5512E+01  2.9750E+01
       109  4.9685E+00 -4.1616E+00  0.0000E+00 -9.3086E+00  1.7962E+01
       111  1.7501E+00 -1.0493E+00  0.0000E+00 -2.2757E+00  4.6408E+00
       113 -1.2476E+00  1.8084E+00  0.0000E+00  4.2030E+00  7.7510E+00
       115 -3.3855E+00  3.7748E+00  0.0000E+00  8.6857E+00  1.6273E+01
       117 -4.1131E+00  4.3004E+00  0.0000E+00  9.9411E+00  1.8697E+01
       119 -3.0597E+00  3.2219E+00  0.0000E+00  7.1156E+00  1.3472E+01
       121 -1.9862E+00  2.3217E+00  0.0000E+00  4.6726E+00  8.9133E+00
       201  4.9155E+01  5.0621E+00  0.0000E+00 -2.6608E+01  6.5704E+01
       203  4.3851E+01 -3.2560E+00  0.0000E+00 -1.3855E+01  5.1499E+01
       205  6.2959E+00 -5.6545E+00  0.0000E+00 -1.7967E+01  3.2797E+01
       207 -2.5008E+01 -6.5724E+00  0.0000E+00 -1.9198E+01  4.0123E+01
       209 -4.7172E+01 -6.2475E+00  0.0000E+00 -1.6929E+01  5.3191E+01
       211 -5.7574E+01 -4.8196E+00  0.0000E+00 -1.1860E+01  5.9013E+01
       213 -5.5848E+01 -2.7119E+00  0.0000E+00 -5.3297E+00  5.5319E+01
       215 -4.4156E+01 -5.5449E-01  0.0000E+00  8.3996E-01  4.3906E+01
       217 -2.7061E+01  9.3345E-01  0.0000E+00  4.6146E+00  2.8676E+01
       219 -1.1053E+01  1.4279E+00  0.0000E+00  4.0852E+00  1.3787E+01
       221 -6.7313E+00  3.4929E-01  0.0000E+00  2.9571E+00  8.6034E+00
 ##### Local Summary :Max/IdMax/Min/IdMin####
   //U1   7.5617E-02        21 -6.9061E-02       221
   //U2   3.0900E-01       221 -2.3341E-01       111
   //U3   0.0000E+00         0  0.0000E+00         0
   //E11  1.4617E-02        11 -2.1641E-02         1
   //E22  3.5107E-03       213 -4.1028E-03       203
   //E33  0.0000E+00         1  0.0000E+00         1
   //E12  1.0623E-02        15 -3.9065E-02         1
   //E23  0.0000E+00         1  0.0000E+00         1
   //E13  0.0000E+00         1  0.0000E+00         1
   //S11  5.9493E+01        11 -9.5125E+01         1
   //S22  6.0712E+00        15 -2.8537E+01         1
   //S33  0.0000E+00         1  0.0000E+00         1
   //S12  1.6343E+01        15 -6.0100E+01         1
   //S23  0.0000E+00         1  0.0000E+00         1
   //S13  0.0000E+00         1  0.0000E+00         1
   //SMS  1.3411E+02         1  4.6408E+00       111
 ##### @Element :Max/IdMax/Min/IdMin####
   //E11  2.3424E-02       102 -2.1928E-02       112
   //E22  3.5494E-03       112 -4.8422E-03       102
   //E33  2.4486E-02       113 -3.9115E-02       101
   //E12  0.0000E+00         1  0.0000E+00         1
   //E23  0.0000E+00         1  0.0000E+00         1
   //E13  0.0000E+00         1  0.0000E+00         1
   //S11  9.6578E+01       102 -9.5125E+01         1
   //S22  1.5466E+01       113 -2.8537E+01         1
   //S33  3.7671E+01       113 -6.0176E+01       101
   //S12  0.0000E+00         1  0.0000E+00         1
   //S23  0.0000E+00         1  0.0000E+00         1
   //S13  0.0000E+00         1  0.0000E+00         1
   //SMS  8.8325E+01       102  1.7760E+00        18
 ##### Global Summary :Max/Min####
   //U1   7.5617E-02 -6.9061E-02
   //U2   3.0900E-01 -2.3341E-01
   //U3   0.0000E+00  0.0000E+00
   //E11  1.4617E-02 -2.1641E-02
   //E22  3.5107E-03 -4.1028E-03
   //E33  0.0000E+00  0.0000E+00
   //E12  1.0623E-02 -3.9065E-02
   //E23  0.0000E+00  0.0000E+00
   //E13  0.0000E+00  0.0000E+00
   //S11  5.9493E+01 -9.5125E+01
   //S22  6.0712E+00 -2.8537E+01
   //S33  0.0000E+00  0.0000E+00
   //S12  1.6343E+01 -6.0100E+01
   //S23  0.0000E+00  0.0000E+00
   //S13  0.0000E+00  0.0000E+00
   //SMS  1.3411E+02  4.6408E+00
 ##### @Element :Max/Min####
   //E11  2.3424E-02 -2.1928E-02
   //E22  3.5494E-03 -4.8422E-03
   //E33  2.4486E-02 -3.9115E-02
   //E12  0.0000E+00  0.0000E+00
   //E23  0.0000E+00  0.0000E+00
   //E13  0.0000E+00  0.0000E+00
   //S11  9.6578E+01 -9.5125E+01
   //S22  1.5466E+01 -2.8537E+01
   //S33  3.7671E+01 -6.0176E+01
   //S12  0.0000E+00  0.0000E+00
   //S23  0.0000E+00  0.0000E+00
   //S13  0.0000E+00  0.0000E+00
   //SMS  8.8325E+01  1.7760E+00

 Mode No.     3

 #### DISPLACEMENT 2D
     NODE    X-DISP      Y-DISP   
 --------+-----------+------------
         1  0.0000E+00  0.0000E+00
         3 -0.3689E-01 -0.6188E-02
         5 -0.7529E-01 -0.7511E-02
         7 -0.1115E+00 -0.9349E-02
         9 -0.1443E+00 -0.1067E-01
        11 -0.1732E+00 -0.1039E-01
        13 -0.1979E+00 -0.8162E-02
        15 -0.2179E+00 -0.4410E-02
        17 -0.2330E+00 -0.1438E-03
        19 -0.2427E+00  0.3428E-02
        21 -0.2466E+00  0.5132E-02
       101  0.0000E+00  0.0000E+00
       103 -0.3670E-01 -0.7682E-03
       105 -0.7475E-01 -0.1929E-02
       107 -0.1108E+00 -0.4193E-02
       109 -0.1440E+00 -0.6011E-02
       111 -0.1737E+00 -0.6307E-02
       113 -0.1991E+00 -0.4734E-02
       115 -0.2196E+00 -0.1719E-02
       117 -0.2346E+00  0.1735E-02
       119 -0.2437E+00  0.4428E-02
       121 -0.2469E+00  0.5560E-02
       201  0.0000E+00  0.0000E+00
       203 -0.3759E-01  0.4779E-02
       205 -0.7421E-01  0.3502E-02
       207 -0.1099E+00  0.9650E-03
       209 -0.1435E+00 -0.1267E-02
       211 -0.1739E+00 -0.2114E-02
       213 -0.2000E+00 -0.1223E-02
       215 -0.2209E+00  0.9947E-03
       217 -0.2357E+00  0.3559E-02
       219 -0.2444E+00  0.5333E-02
       221 -0.2469E+00  0.5891E-02
 #### REACTION FORCE 2D
   NODE    X-REACTION  Y-REACTION
 --------+-----------+------------
         1  4.5301E+01  2.6705E+01
       101  7.2909E+01  3.0991E-01
       201  3.7054E+01 -2.5350E+01
 #### NODAL STRESS 2D
 #### STRIN
   NODE       E11         E22         E33         E12
  ------------+-----------+-----------+-----------+-------------
         1 -3.6893E-02  0.0000E+00  0.0000E+00 -6.1876E-03
         3 -3.7328E-02  7.2259E-03  0.0000E+00 -2.4975E-03
         5 -3.7547E-02  1.1056E-02  0.0000E+00 -5.9614E-04
         7 -3.5018E-02  1.0595E-02  0.0000E+00 -5.2918E-04
         9 -3.1677E-02  9.6530E-03  0.0000E+00 -1.3948E-04
        11 -2.7757E-02  8.5554E-03  0.0000E+00  2.5785E-04
        13 -2.3351E-02  7.2939E-03  0.0000E+00  5.3547E-04
        15 -1.8510E-02  5.8731E-03  0.0000E+00  6.2116E-04
        17 -1.3258E-02  4.2985E-03  0.0000E+00  5.0928E-04
        19 -7.5925E-03  2.5858E-03  0.0000E+00  2.2552E-04
        21 -3.5484E-03  1.4278E-03  0.0000E+00  1.1916E-04
       101 -3.6762E-02  3.6129E-03  0.0000E+00 -2.4435E-03
       103 -3.7581E-02  9.1722E-03  0.0000E+00 -3.5009E-04
       105 -3.6831E-02  1.0910E-02  0.0000E+00 -1.0038E-03
       107 -3.4523E-02  1.0240E-02  0.0000E+00 -6.9751E-04
       109 -3.1410E-02  9.3522E-03  0.0000E+00 -3.9374E-04
       111 -2.7533E-02  8.2429E-03  0.0000E+00 -4.7676E-05
       113 -2.2964E-02  6.9206E-03  0.0000E+00  2.6037E-04
       115 -1.7797E-02  5.3996E-03  0.0000E+00  4.4237E-04
       117 -1.2145E-02  3.7062E-03  0.0000E+00  4.5531E-04
       119 -6.1926E-03  2.0207E-03  0.0000E+00  2.6139E-04
       121 -2.9513E-03  1.1094E-03  0.0000E+00  3.4837E-04
       201 -3.7141E-02  5.5476E-03  0.0000E+00  1.1167E-03
       203 -3.7421E-02  1.1017E-02  0.0000E+00 -3.8651E-05
       205 -3.6123E-02  1.0680E-02  0.0000E+00 -7.2040E-04
       207 -3.4199E-02  1.0041E-02  0.0000E+00 -7.1048E-04
       209 -3.1235E-02  9.1207E-03  0.0000E+00 -5.8169E-04
       211 -2.7289E-02  7.9315E-03  0.0000E+00 -3.1444E-04
       213 -2.2456E-02  6.4907E-03  0.0000E+00  6.7000E-06
       215 -1.6906E-02  4.8342E-03  0.0000E+00  2.6651E-04
       217 -1.0879E-02  3.0354E-03  0.0000E+00  3.5072E-04
       219 -4.7616E-03  1.4276E-03  0.0000E+00  3.1875E-04
       221 -2.4997E-03  6.6267E-04  0.0000E+00  6.2551E-04
 #### STRESS
   NODE       S11         S22         S33         S12        MISES
  ------------+-----------+-----------+-----------+-----------+-------------
         1 -1.6217E+02 -4.8650E+01  0.0000E+00 -9.5194E+00  1.4508E+02
         3 -1.5455E+02 -1.7462E+01  0.0000E+00 -3.8424E+00  1.4675E+02
         5 -1.5046E+02 -9.1337E-01  0.0000E+00 -9.1714E-01  1.5002E+02
         7 -1.3995E+02  3.9508E-01  0.0000E+00 -8.1413E-01  1.4016E+02
         9 -1.2651E+02  6.5893E-01  0.0000E+00 -2.1458E-01  1.2684E+02
        11 -1.1073E+02  1.0040E+00  0.0000E+00  3.9670E-01  1.1123E+02
        13 -9.3021E+01  1.2694E+00  0.0000E+00  8.2380E-01  9.3673E+01
        15 -7.3618E+01  1.4071E+00  0.0000E+00  9.5564E-01  7.4350E+01
        17 -5.2606E+01  1.4123E+00  0.0000E+00  7.8350E-01  5.3344E+01
        19 -2.9964E+01  1.3539E+00  0.0000E+00  3.4695E-01  3.0669E+01
        21 -1.3715E+01  1.5970E+00  0.0000E+00  1.8332E-01  1.4582E+01
       101 -1.5683E+02 -3.2596E+01  0.0000E+00 -3.7593E+00  1.4348E+02
       103 -1.5310E+02 -9.2407E+00  0.0000E+00 -5.3860E-01  1.4870E+02
       105 -1.4751E+02 -6.1263E-01  0.0000E+00 -1.5444E+00  1.4723E+02
       107 -1.3825E+02 -5.1344E-01  0.0000E+00 -1.0731E+00  1.3800E+02
       109 -1.2574E+02 -3.1201E-01  0.0000E+00 -6.0576E-01  1.2558E+02
       111 -1.1016E+02 -7.5209E-02  0.0000E+00 -7.3347E-02  1.1012E+02
       113 -9.1816E+01  1.3771E-01  0.0000E+00  4.0056E-01  9.1887E+01
       115 -7.1106E+01  2.6658E-01  0.0000E+00  6.8057E-01  7.1250E+01
       117 -4.8499E+01  2.7525E-01  0.0000E+00  7.0048E-01  4.8652E+01
       119 -2.4556E+01  7.1610E-01  0.0000E+00  4.0214E-01  2.4931E+01
       121 -1.1510E+01  9.8460E-01  0.0000E+00  5.3595E-01  1.2068E+01
       201 -1.5594E+02 -2.4592E+01  0.0000E+00  1.7180E+00  1.4525E+02
       203 -1.4996E+02 -9.1820E-01  0.0000E+00 -5.9463E-02  1.4950E+02
       205 -1.4470E+02 -6.8902E-01  0.0000E+00 -1.1083E+00  1.4437E+02
       207 -1.3709E+02 -9.6351E-01  0.0000E+00 -1.0930E+00  1.3662E+02
       209 -1.2527E+02 -1.0973E+00  0.0000E+00 -8.9491E-01  1.2473E+02
       211 -1.0949E+02 -1.1219E+00  0.0000E+00 -4.8375E-01  1.0894E+02
       213 -9.0150E+01 -1.0821E+00  0.0000E+00  1.0308E-02  8.9614E+01
       215 -6.7938E+01 -1.0447E+00  0.0000E+00  4.1001E-01  6.7426E+01
       217 -4.3818E+01 -1.0037E+00  0.0000E+00  5.3957E-01  4.3335E+01
       219 -1.9047E+01 -3.7194E-03  0.0000E+00  4.9038E-01  1.9064E+01
       221 -1.0114E+01 -3.8345E-01  0.0000E+00  9.6233E-01  1.0067E+01
 ##### Local Summary :Max/IdMax/Min/IdMin####
   //U1   0.0000E+00         1 -2.4689E-01       121
   //U2   5.8913E-03       221 -1.0673E-02         9
   //U3   0.0000E+00         0  0.0000E+00         0
   //E11 -2.4997E-03       221 -3.7581E-02       103
   //E22  1.1056E-02         5  0.0000E+00         1
   //E33  0.0000E+00         1  0.0000E+00         1
   //E12  1.1167E-03       201 -6.1876E-03         1
   //E23  0.0000E+00         1  0.0000E+00         1
   //E13  0.0000E+00         1  0.0000E+00         1
   //S11 -1.0114E+01       221 -1.6217E+02         1
   //S22  1.5970E+00        21 -4.8650E+01         1
   //S33  0.0000E+00         1  0.0000E+00         1
   //S12  1.7180E+00       201 -9.5194E+00         1
   //S23  0.0000E+00         1  0.0000E+00         1
   //S13  0.0000E+00         1  0.0000E+00         1
   //SMS  1.5002E+02         5  1.0067E+01       221
 ##### @Element :Max/IdMax/Min/IdMin####
   //E11 -2.4997E-03       120 -3.8396E-02         3
   //E22  1.1165E-02         4  0.0000E+00         1
   //E33  3.0016E-03       102 -6.1876E-03         1
   //E12  0.0000E+00         1  0.0000E+00         1
   //E23  0.0000E+00         1  0.0000E+00         1
   //E13  0.0000E+00         1  0.0000E+00         1
   //S11 -1.0114E+01       120 -1.6217E+02         1
   //S22  4.0862E+00       115 -4.8650E+01         1
   //S33  4.6179E+00       102 -9.5194E+00         1
   //S12  0.0000E+00         1  0.0000E+00         1
   //S23  0.0000E+00         1  0.0000E+00         1
   //S13  0.0000E+00         1  0.0000E+00         1
   //SMS  1.5256E+02       102  1.0468E+01       120
 ##### Global Summary :Max/Min####
   //U1   0.0000E+00 -2.4689E-01
   //U2   5.8913E-03 -1.0673E-02
   //U3   0.0000E+00  0.0000E+00
   //E11 -2.4997E-03 -3.7581E-02
   //E22  1.1056E-02  0.0000E+00
   //E33  0.0000E+00  0.0000E+00
   //E12  1.1167E-03 -6.1876E-03
   //E23  0.0000E+00  0.0000E+00
   //E13  0.0000E+00  0.0000E+00
   //S11 -1.0114E+01 -1.6217E+02
   //S22  1.5970E+00 -4.8650E+01
   //S33  0.0000E+00  0.0000E+00
   //S12  1.7180E+00 -9.5194E+00
   //S23  0.0000E+00  0.0000E+00
   //S13  0.0000E+00  0.0000E+00
   //SMS  1.5002E+02  1.0067E+01
 ##### @Element :Max/Min####
   //E11 -2.4997E-03 -3.8396E-02
   //E22  1.1165E-02  0.0000E+00
   //E33  3.0016E-03 -6.1876E-03
   //E12  0.0000E+00  0.0000E+00
   //E23  0.0000E+00  0.0000E+00
   //E13  0.0000E+00  0.0000E+00
   //S11 -1.0114E+01 -1.6217E+02
   //S22  4.0862E+00 -4.8650E+01
   //S33  4.6179E+00 -9.5194E+00
   //S12  0.0000E+00  0.0000E+00
   //S23  0.0000E+00  0.0000E+00
   //S13  0.0000E+00  0.0000E+00
   //SMS  1.5256E+02  1.0468E+01

 ====================================
    TOTAL TIME (sec) :      0.05
           pre (sec) :      0.00
         solve (sec) :      0.05
 ====================================
