 
********************************
*RESULT OF EIGEN VALUE ANALYSIS*
********************************
 
 NUMBER OF ITERATIONS = 17
 
   NO.   EIGENVALUE    ANGL.FREQUENCY FREQUENCY(HZ)
   ---   ----------    -------------- -------------
    1   0.509677E+09   0.225760E+05   0.359309E+04
    2   0.183526E+11   0.135472E+06   0.215610E+05
    3   0.123675E+12   0.351674E+06   0.559707E+05


 Mode No.     1

 #### DISPLACEMENT 2D
     NODE    X-DISP      Y-DISP   
 --------+-----------+------------
         1  0.0000E+00  0.0000E+00
         2  0.1535E-02  0.1020E-02
         3  0.3059E-02  0.3434E-02
         4  0.4415E-02  0.7258E-02
         5  0.5690E-02  0.1242E-01
         6  0.6827E-02  0.1876E-01
         7  0.7879E-02  0.2622E-01
         8  0.8795E-02  0.3464E-01
         9  0.9628E-02  0.4395E-01
        10  0.1033E-01  0.5401E-01
        11  0.1096E-01  0.6475E-01
        12  0.1147E-01  0.7603E-01
        13  0.1190E-01  0.8780E-01
        14  0.1224E-01  0.9993E-01
        15  0.1251E-01  0.1124E+00
        16  0.1270E-01  0.1250E+00
        17  0.1284E-01  0.1378E+00
        18  0.1292E-01  0.1508E+00
        19  0.1296E-01  0.1637E+00
        20  0.1298E-01  0.1767E+00
        21  0.1298E-01  0.1897E+00
        51  0.0000E+00  0.0000E+00
        52  0.7562E-03  0.8560E-03
        53  0.1505E-02  0.3271E-02
        54  0.2190E-02  0.7111E-02
        55  0.2826E-02  0.1228E-01
        56  0.3398E-02  0.1864E-01
        57  0.3921E-02  0.2610E-01
        58  0.4383E-02  0.3454E-01
        59  0.4796E-02  0.4386E-01
        60  0.5152E-02  0.5393E-01
        61  0.5463E-02  0.6468E-01
        62  0.5720E-02  0.7598E-01
        63  0.5937E-02  0.8775E-01
        64  0.6107E-02  0.9989E-01
        65  0.6243E-02  0.1123E+00
        66  0.6340E-02  0.1250E+00
        67  0.6410E-02  0.1378E+00
        68  0.6452E-02  0.1508E+00
        69  0.6477E-02  0.1637E+00
        70  0.6487E-02  0.1767E+00
        71  0.6489E-02  0.1897E+00
       101  0.0000E+00  0.0000E+00
       102  0.7126E-05  0.8035E-03
       103 -0.1117E-04  0.3216E-02
       104 -0.5154E-05  0.7063E-02
       105 -0.2095E-05  0.1223E-01
       106 -0.2180E-05  0.1860E-01
       107 -0.2340E-05  0.2606E-01
       108 -0.2295E-05  0.3451E-01
       109 -0.2335E-05  0.4383E-01
       110 -0.2265E-05  0.5391E-01
       111 -0.2337E-05  0.6465E-01
       112 -0.2239E-05  0.7596E-01
       113 -0.2340E-05  0.8773E-01
       114 -0.2212E-05  0.9988E-01
       115 -0.2345E-05  0.1123E+00
       116 -0.2184E-05  0.1250E+00
       117 -0.2351E-05  0.1378E+00
       118 -0.2123E-05  0.1507E+00
       119 -0.2310E-05  0.1637E+00
       120 -0.2318E-05  0.1767E+00
       121 -0.2454E-05  0.1897E+00
       151  0.0000E+00  0.0000E+00
       152 -0.7479E-03  0.8575E-03
       153 -0.1508E-02  0.3272E-02
       154 -0.2196E-02  0.7114E-02
       155 -0.2830E-02  0.1227E-01
       156 -0.3403E-02  0.1864E-01
       157 -0.3925E-02  0.2610E-01
       158 -0.4387E-02  0.3454E-01
       159 -0.4801E-02  0.4385E-01
       160 -0.5157E-02  0.5394E-01
       161 -0.5467E-02  0.6467E-01
       162 -0.5725E-02  0.7598E-01
       163 -0.5942E-02  0.8775E-01
       164 -0.6112E-02  0.9990E-01
       165 -0.6247E-02  0.1123E+00
       166 -0.6344E-02  0.1250E+00
       167 -0.6414E-02  0.1378E+00
       168 -0.6457E-02  0.1508E+00
       169 -0.6481E-02  0.1637E+00
       170 -0.6491E-02  0.1767E+00
       171 -0.6494E-02  0.1897E+00
       201  0.0000E+00  0.0000E+00
       202 -0.1575E-02  0.1030E-02
       203 -0.3048E-02  0.3432E-02
       204 -0.4415E-02  0.7265E-02
       205 -0.5695E-02  0.1240E-01
       206 -0.6832E-02  0.1877E-01
       207 -0.7884E-02  0.2620E-01
       208 -0.8799E-02  0.3464E-01
       209 -0.9633E-02  0.4393E-01
       210 -0.1034E-01  0.5401E-01
       211 -0.1096E-01  0.6473E-01
       212 -0.1147E-01  0.7603E-01
       213 -0.1191E-01  0.8779E-01
       214 -0.1224E-01  0.9993E-01
       215 -0.1251E-01  0.1124E+00
       216 -0.1270E-01  0.1250E+00
       217 -0.1284E-01  0.1378E+00
       218 -0.1292E-01  0.1508E+00
       219 -0.1297E-01  0.1637E+00
       220 -0.1298E-01  0.1767E+00
       221 -0.1299E-01  0.1897E+00
 #### REACTION FORCE 2D
   NODE    X-REACTION  Y-REACTION
 --------+-----------+------------
         1 -1.2938E+00 -7.5975E-01
        51 -1.9038E+00  6.0533E-01
       101 -3.3011E-02 -3.4820E-02
       151  2.0886E+00  5.5857E-01
       201  1.1420E+00 -6.7346E-01
 #### NODAL STRESS 2D
 #### STRIN
   NODE       E11         E22         E33         E12
  ------------+-----------+-----------+-----------+-------------
         1  2.0281E-03 -4.3713E-04  0.0000E+00  2.0947E-04
         2  2.0281E-03 -4.3713E-04  0.0000E+00  2.0947E-04
         3  1.6044E-03 -4.1992E-04  0.0000E+00  1.9712E-04
         4  1.7906E-03 -5.3707E-04  0.0000E+00  1.3508E-04
         5  1.3781E-03 -4.1403E-04  0.0000E+00  1.7387E-04
         6  1.4935E-03 -4.4971E-04  0.0000E+00  1.4322E-04
         7  1.1296E-03 -3.3954E-04  0.0000E+00  1.7505E-04
         8  1.1991E-03 -3.6144E-04  0.0000E+00  1.3844E-04
         9  8.8958E-04 -2.6761E-04  0.0000E+00  1.6754E-04
        10  9.1835E-04 -2.7733E-04  0.0000E+00  1.3040E-04
        11  6.6369E-04 -1.9997E-04  0.0000E+00  1.5566E-04
        12  6.5867E-04 -1.9952E-04  0.0000E+00  1.1840E-04
        13  4.5883E-04 -1.3864E-04  0.0000E+00  1.3863E-04
        14  4.2899E-04 -1.3068E-04  0.0000E+00  1.0196E-04
        15  2.8273E-04 -8.5930E-05  0.0000E+00  1.1593E-04
        16  2.3898E-04 -7.3713E-05  0.0000E+00  8.0741E-05
        17  1.4366E-04 -4.4324E-05  0.0000E+00  8.7239E-05
        18  9.8825E-05 -3.1656E-05  0.0000E+00  5.4581E-05
        19  5.0435E-05 -1.6407E-05  0.0000E+00  5.2073E-05
        20  1.9669E-05 -7.8413E-06  0.0000E+00  2.2498E-05
        21  1.1706E-05 -5.3232E-06  0.0000E+00  2.3225E-05
        51  2.0281E-03 -4.3713E-04  0.0000E+00  2.0947E-04
        52  1.5113E-03 -3.6135E-04  0.0000E+00  2.2815E-04
        53  1.3925E-03 -4.1132E-04  0.0000E+00  1.9095E-04
        54  1.3204E-03 -3.9619E-04  0.0000E+00  1.8919E-04
        55  1.1718E-03 -3.5251E-04  0.0000E+00  1.9326E-04
        56  1.0949E-03 -3.2859E-04  0.0000E+00  1.9335E-04
        57  9.4770E-04 -2.8445E-04  0.0000E+00  1.9097E-04
        58  8.7519E-04 -2.6275E-04  0.0000E+00  1.8610E-04
        59  7.3480E-04 -2.2070E-04  0.0000E+00  1.8208E-04
        60  6.6619E-04 -2.0020E-04  0.0000E+00  1.7429E-04
        61  5.3636E-04 -1.6129E-04  0.0000E+00  1.6830E-04
        62  4.7375E-04 -1.4261E-04  0.0000E+00  1.5697E-04
        63  3.5891E-04 -1.0820E-04  0.0000E+00  1.4875E-04
        64  3.0461E-04 -9.2038E-05  0.0000E+00  1.3353E-04
        65  2.0961E-04 -6.3554E-05  0.0000E+00  1.2292E-04
        66  1.6608E-04 -5.0657E-05  0.0000E+00  1.0357E-04
        67  9.6003E-05 -2.9629E-05  0.0000E+00  9.0487E-05
        68  6.5818E-05 -2.0689E-05  0.0000E+00  6.6860E-05
        69  2.6240E-05 -8.7818E-06  0.0000E+00  5.0819E-05
        70  1.1706E-05 -5.3232E-06  0.0000E+00  2.3225E-05
        71  3.7432E-06 -2.8051E-06  0.0000E+00  2.3953E-05
       101  6.7392E-04 -1.9288E-04  0.0000E+00  2.1944E-04
       102 -3.1901E-06 -7.0756E-05  0.0000E+00  2.2442E-04
       103 -5.1555E-05 -7.9680E-06  0.0000E+00  2.0327E-04
       104 -3.2025E-05  1.3055E-05  0.0000E+00  2.5176E-04
       105 -6.1030E-05  1.9346E-05  0.0000E+00  2.1380E-04
       106 -3.3649E-05  1.1337E-05  0.0000E+00  2.4406E-04
       107 -5.9818E-05  1.8356E-05  0.0000E+00  2.0646E-04
       108 -3.2379E-05  1.1162E-05  0.0000E+00  2.3519E-04
       109 -5.6915E-05  1.7538E-05  0.0000E+00  1.9632E-04
       110 -3.0353E-05  1.0452E-05  0.0000E+00  2.2042E-04
       111 -5.2402E-05  1.6143E-05  0.0000E+00  1.8062E-04
       112 -2.7368E-05  9.4299E-06  0.0000E+00  1.9868E-04
       113 -4.6055E-05  1.4188E-05  0.0000E+00  1.5859E-04
       114 -2.3321E-05  8.0409E-06  0.0000E+00  1.6923E-04
       115 -3.7717E-05  1.1619E-05  0.0000E+00  1.2969E-04
       116 -1.8141E-05  6.2588E-06  0.0000E+00  1.3155E-04
       117 -2.7288E-05  8.4301E-06  0.0000E+00  9.3575E-05
       118 -1.1784E-05  4.1503E-06  0.0000E+00  8.5335E-05
       119 -1.4748E-05  4.3403E-06  0.0000E+00  5.0186E-05
       120 -4.6319E-06  8.9254E-07  0.0000E+00  3.1295E-05
       121 -6.2988E-06  1.8249E-06  0.0000E+00  2.4772E-05
       151 -1.0009E-03  1.4406E-04  0.0000E+00  2.0202E-04
       152 -1.5152E-03  3.7436E-04  0.0000E+00  1.6709E-04
       153 -1.4718E-03  4.4304E-04  0.0000E+00  1.9620E-04
       154 -1.3212E-03  3.9921E-04  0.0000E+00  2.0409E-04
       155 -1.2459E-03  3.7358E-04  0.0000E+00  1.9629E-04
       156 -1.0948E-03  3.2836E-04  0.0000E+00  1.9322E-04
       157 -1.0210E-03  3.0648E-04  0.0000E+00  1.8921E-04
       158 -8.7520E-04  2.6286E-04  0.0000E+00  1.8646E-04
       159 -8.0456E-04  2.4165E-04  0.0000E+00  1.7948E-04
       160 -6.6619E-04  2.0029E-04  0.0000E+00  1.7488E-04
       161 -6.0061E-04  1.8059E-04  0.0000E+00  1.6446E-04
       162 -4.7376E-04  1.4272E-04  0.0000E+00  1.5779E-04
       163 -4.1541E-04  1.2517E-04  0.0000E+00  1.4355E-04
       164 -3.0462E-04  9.2153E-05  0.0000E+00  1.3460E-04
       165 -2.5591E-04  7.7474E-05  0.0000E+00  1.1628E-04
       166 -1.6608E-04  5.0769E-05  0.0000E+00  1.0490E-04
       167 -1.2954E-04  3.9721E-05  0.0000E+00  8.2309E-05
       168 -6.5853E-05  2.0910E-05  0.0000E+00  6.8443E-05
       169 -4.4167E-05  1.4194E-05  0.0000E+00  4.1997E-05
       170 -1.1320E-05  4.1399E-06  0.0000E+00  2.5181E-05
       171 -9.6326E-06  3.6897E-06  0.0000E+00  1.1726E-05
       201 -1.5152E-03  3.7436E-04  0.0000E+00  1.6709E-04
       202 -2.0295E-03  6.0467E-04  0.0000E+00  1.3217E-04
       203 -1.5573E-03  4.6770E-04  0.0000E+00  1.8011E-04
       204 -1.7283E-03  5.1701E-04  0.0000E+00  1.4794E-04
       205 -1.3060E-03  3.9124E-04  0.0000E+00  1.7813E-04
       206 -1.4260E-03  4.2658E-04  0.0000E+00  1.4180E-04
       207 -1.0588E-03  3.1743E-04  0.0000E+00  1.7158E-04
       208 -1.1344E-03  3.3933E-04  0.0000E+00  1.3631E-04
       209 -8.2226E-04  2.4664E-04  0.0000E+00  1.6202E-04
       210 -8.5765E-04  2.5661E-04  0.0000E+00  1.2711E-04
       211 -6.0172E-04  1.8068E-04  0.0000E+00  1.4756E-04
       212 -6.0394E-04  1.8087E-04  0.0000E+00  1.1376E-04
       213 -4.0439E-04  1.2173E-04  0.0000E+00  1.2765E-04
       214 -3.8236E-04  1.1483E-04  0.0000E+00  9.5845E-05
       215 -2.3817E-04  7.2122E-05  0.0000E+00  1.0188E-04
       216 -2.0270E-04  6.1419E-05  0.0000E+00  7.3088E-05
       217 -1.1147E-04  3.4413E-05  0.0000E+00  6.9991E-05
       218 -7.5326E-05  2.3797E-05  0.0000E+00  4.5357E-05
       219 -3.2655E-05  1.0692E-05  0.0000E+00  3.1907E-05
       220 -9.6326E-06  3.6897E-06  0.0000E+00  1.1726E-05
       221 -9.6326E-06  3.6897E-06  0.0000E+00  1.1726E-05
 #### STRESS
   NODE       S11         S22         S33         S12        MISES
  ------------+-----------+-----------+-----------+-----------+-------------
         1  8.3384E+00  7.5301E-01  0.0000E+00  3.2227E-01  8.0081E+00
         2  8.3384E+00  7.5301E-01  0.0000E+00  3.2227E-01  8.0081E+00
         3  6.4986E+00  2.6988E-01  0.0000E+00  3.0327E-01  6.3896E+00
         4  7.1626E+00  4.8052E-04  0.0000E+00  2.0782E-01  7.1714E+00
         5  5.5115E+00 -2.6772E-03  0.0000E+00  2.6748E-01  5.5323E+00
         6  5.9717E+00 -7.3420E-03  0.0000E+00  2.2033E-01  5.9875E+00
         7  4.5176E+00 -2.8689E-03  0.0000E+00  2.6931E-01  4.5431E+00
         8  4.7943E+00 -7.4606E-03  0.0000E+00  2.1298E-01  4.8122E+00
         9  3.5573E+00 -3.2419E-03  0.0000E+00  2.5775E-01  3.5869E+00
        10  3.6710E+00 -8.0172E-03  0.0000E+00  2.0062E-01  3.6914E+00
        11  2.6536E+00 -3.7988E-03  0.0000E+00  2.3948E-01  2.6877E+00
        12  2.6322E+00 -8.4182E-03  0.0000E+00  1.8216E-01  2.6552E+00
        13  1.8340E+00 -4.3392E-03  0.0000E+00  2.1328E-01  1.8730E+00
        14  1.7133E+00 -8.7223E-03  0.0000E+00  1.5686E-01  1.7391E+00
        15  1.1295E+00 -4.8770E-03  0.0000E+00  1.7836E-01  1.1733E+00
        16  9.5325E-01 -8.8749E-03  0.0000E+00  1.2422E-01  9.8159E-01
        17  5.7303E-01 -5.3852E-03  0.0000E+00  1.3421E-01  6.2090E-01
        18  3.9265E-01 -8.8303E-03  0.0000E+00  8.3971E-02  4.2293E-01
        19  2.0006E-01 -5.6097E-03  0.0000E+00  8.0112E-02  2.4583E-01
        20  7.6118E-02 -8.5297E-03  0.0000E+00  3.4612E-02  1.0055E-01
        21  4.4436E-02 -7.9619E-03  0.0000E+00  3.5731E-02  7.8879E-02
        51  8.3384E+00  7.5301E-01  0.0000E+00  3.2227E-01  8.0081E+00
        52  6.1666E+00  4.0459E-01  0.0000E+00  3.5099E-01  6.0054E+00
        53  5.5787E+00  2.8319E-02  0.0000E+00  2.9377E-01  5.5878E+00
        54  5.2814E+00 -3.4484E-04  0.0000E+00  2.9106E-01  5.3055E+00
        55  4.6859E+00 -4.2561E-03  0.0000E+00  2.9732E-01  4.7163E+00
        56  4.3793E+00 -5.7307E-04  0.0000E+00  2.9747E-01  4.4098E+00
        57  3.7906E+00 -6.3238E-04  0.0000E+00  2.9379E-01  3.8249E+00
        58  3.5005E+00 -8.5424E-04  0.0000E+00  2.8631E-01  3.5359E+00
        59  2.9389E+00 -1.1325E-03  0.0000E+00  2.8013E-01  2.9792E+00
        60  2.6643E+00 -1.4891E-03  0.0000E+00  2.6815E-01  2.7052E+00
        61  2.1449E+00 -1.6896E-03  0.0000E+00  2.5892E-01  2.1921E+00
        62  1.8944E+00 -2.1477E-03  0.0000E+00  2.4149E-01  1.9411E+00
        63  1.4350E+00 -2.2997E-03  0.0000E+00  2.2884E-01  1.4898E+00
        64  1.2176E+00 -2.8780E-03  0.0000E+00  2.0543E-01  1.2699E+00
        65  8.3754E-01 -2.9543E-03  0.0000E+00  1.8911E-01  9.0069E-01
        66  6.6322E-01 -3.6626E-03  0.0000E+00  1.5933E-01  7.2005E-01
        67  3.8292E-01 -3.6403E-03  0.0000E+00  1.3921E-01  4.5407E-01
        68  2.6203E-01 -4.1497E-03  0.0000E+00  1.0286E-01  3.1860E-01
        69  1.0376E-01 -3.9993E-03  0.0000E+00  7.8183E-02  1.7186E-01
        70  4.4436E-02 -7.9619E-03  0.0000E+00  3.5731E-02  7.8879E-02
        71  1.2754E-02 -7.3941E-03  0.0000E+00  3.6851E-02  6.6224E-02
       101  2.7079E+00  4.0857E-02  0.0000E+00  3.3759E-01  2.7506E+00
       102 -1.0733E-01 -3.1522E-01  0.0000E+00  3.4526E-01  6.5929E-01
       103 -2.3712E-01 -1.0301E-01  0.0000E+00  3.1272E-01  5.7948E-01
       104 -1.2356E-01  1.5152E-02  0.0000E+00  3.8733E-01  6.8370E-01
       105 -2.4275E-01  4.5584E-03  0.0000E+00  3.2893E-01  6.2019E-01
       106 -1.3296E-01  5.4617E-03  0.0000E+00  3.7548E-01  6.6438E-01
       107 -2.3873E-01  1.8069E-03  0.0000E+00  3.1763E-01  6.0007E-01
       108 -1.2761E-01  6.3651E-03  0.0000E+00  3.6183E-01  6.4023E-01
       109 -2.2705E-01  2.0382E-03  0.0000E+00  3.0203E-01  5.7069E-01
       110 -1.1964E-01  5.9187E-03  0.0000E+00  3.3910E-01  6.0002E-01
       111 -2.0905E-01  1.8574E-03  0.0000E+00  2.7787E-01  5.2510E-01
       112 -1.0787E-01  5.3602E-03  0.0000E+00  3.0566E-01  5.4085E-01
       113 -1.8373E-01  1.6349E-03  0.0000E+00  2.4398E-01  4.6113E-01
       114 -9.1906E-02  4.5918E-03  0.0000E+00  2.6035E-01  4.6069E-01
       115 -1.5047E-01  1.3365E-03  0.0000E+00  1.9953E-01  3.7719E-01
       116 -7.1486E-02  3.5892E-03  0.0000E+00  2.0239E-01  3.5814E-01
       117 -1.0883E-01  1.0711E-03  0.0000E+00  1.4396E-01  2.7228E-01
       118 -4.6326E-02  2.7033E-03  0.0000E+00  1.3128E-01  2.3235E-01
       119 -5.9104E-02 -3.7014E-04  0.0000E+00  7.7209E-02  1.4613E-01
       120 -1.9183E-02 -2.1847E-03  0.0000E+00  4.8146E-02  8.5352E-02
       121 -2.5280E-02 -2.8444E-04  0.0000E+00  3.8111E-02  7.0635E-02
       151 -4.2094E+00 -6.8660E-01  0.0000E+00  3.1080E-01  3.9485E+00
       152 -6.1665E+00 -3.5250E-01  0.0000E+00  2.5706E-01  6.0145E+00
       153 -5.8854E+00  6.5393E-03  0.0000E+00  3.0184E-01  5.9119E+00
       154 -5.2812E+00  1.2470E-02  0.0000E+00  3.1398E-01  5.3154E+00
       155 -4.9840E+00 -9.0322E-04  0.0000E+00  3.0198E-01  5.0109E+00
       156 -4.3792E+00 -3.1204E-04  0.0000E+00  2.9726E-01  4.4092E+00
       157 -4.0838E+00  8.1323E-04  0.0000E+00  2.9109E-01  4.1152E+00
       158 -3.5004E+00  1.3283E-03  0.0000E+00  2.8687E-01  3.5361E+00
       159 -3.2179E+00  1.2385E-03  0.0000E+00  2.7612E-01  3.2538E+00
       160 -2.6642E+00  1.9015E-03  0.0000E+00  2.6904E-01  2.7056E+00
       161 -2.4019E+00  1.8010E-03  0.0000E+00  2.5302E-01  2.4424E+00
       162 -1.8942E+00  2.6126E-03  0.0000E+00  2.4275E-01  1.9416E+00
       163 -1.6609E+00  2.4224E-03  0.0000E+00  2.2085E-01  1.7056E+00
       164 -1.2175E+00  3.3746E-03  0.0000E+00  2.0707E-01  1.2708E+00
       165 -1.0227E+00  3.0803E-03  0.0000E+00  1.7889E-01  1.0701E+00
       166 -6.6309E-01  4.1503E-03  0.0000E+00  1.6139E-01  7.2152E-01
       167 -5.1703E-01  3.7737E-03  0.0000E+00  1.2663E-01  5.6338E-01
       168 -2.6189E-01  5.0736E-03  0.0000E+00  1.0530E-01  3.2125E-01
       169 -1.7542E-01  4.1482E-03  0.0000E+00  6.4610E-02  2.0986E-01
       170 -4.4298E-02  3.2704E-03  0.0000E+00  3.8741E-02  8.1366E-02
       171 -3.7475E-02  3.5160E-03  0.0000E+00  1.8040E-02  5.0248E-02
       201 -6.1665E+00 -3.5250E-01  0.0000E+00  2.5706E-01  6.0145E+00
       202 -8.1235E+00 -1.8395E-02  0.0000E+00  2.0333E-01  8.1220E+00
       203 -6.2287E+00  2.1815E-03  0.0000E+00  2.7710E-01  6.2482E+00
       204 -6.9152E+00 -6.5340E-03  0.0000E+00  2.2760E-01  6.9232E+00
       205 -5.2245E+00 -2.3860E-03  0.0000E+00  2.7404E-01  5.2449E+00
       206 -5.7055E+00 -5.3517E-03  0.0000E+00  2.1816E-01  5.7154E+00
       207 -4.2354E+00 -8.9833E-04  0.0000E+00  2.6396E-01  4.2596E+00
       208 -4.5388E+00 -4.3215E-03  0.0000E+00  2.0971E-01  4.5512E+00
       209 -3.2891E+00 -1.7281E-04  0.0000E+00  2.4926E-01  3.3172E+00
       210 -3.4315E+00 -2.9955E-03  0.0000E+00  1.9555E-01  3.4467E+00
       211 -2.4067E+00  7.4322E-04  0.0000E+00  2.2701E-01  2.4389E+00
       212 -2.4162E+00 -1.3724E-03  0.0000E+00  1.7501E-01  2.4344E+00
       213 -1.6170E+00  1.7922E-03  0.0000E+00  1.9639E-01  1.6533E+00
       214 -1.5293E+00  5.3185E-04  0.0000E+00  1.4745E-01  1.5507E+00
       215 -9.5181E-01  2.9442E-03  0.0000E+00  1.5674E-01  9.9119E-01
       216 -8.1001E-01  2.6718E-03  0.0000E+00  1.1244E-01  8.3440E-01
       217 -4.4460E-01  4.2730E-03  0.0000E+00  1.0768E-01  4.8412E-01
       218 -2.9972E-01  5.2716E-03  0.0000E+00  6.9779E-02  3.2565E-01
       219 -1.2944E-01  3.9375E-03  0.0000E+00  4.9087E-02  1.5655E-01
       220 -3.7475E-02  3.5160E-03  0.0000E+00  1.8040E-02  5.0248E-02
       221 -3.7475E-02  3.5160E-03  0.0000E+00  1.8040E-02  5.0248E-02
 ##### Local Summary :Max/IdMax/Min/IdMin####
   //U1   1.2984E-02        21 -1.2988E-02       221
   //U2   1.8971E-01        21  0.0000E+00         1
   //U3   0.0000E+00         0  0.0000E+00         0
   //E11  2.0281E-03         1 -2.0295E-03       202
   //E22  6.0467E-04       202 -5.3707E-04         4
   //E33  0.0000E+00         1  0.0000E+00         1
   //E12  2.5176E-04       104  1.1726E-05       171
   //E23  0.0000E+00         1  0.0000E+00         1
   //E13  0.0000E+00         1  0.0000E+00         1
   //S11  8.3384E+00         1 -8.1235E+00       202
   //S22  7.5301E-01         1 -6.8660E-01       151
   //S33  0.0000E+00         1  0.0000E+00         1
   //S12  3.8733E-01       104  1.8040E-02       171
   //S23  0.0000E+00         1  0.0000E+00         1
   //S13  0.0000E+00         1  0.0000E+00         1
   //SMS  8.1220E+00       202  5.0248E-02       171
 ##### @Element :Max/IdMax/Min/IdMin####
   //E11  2.0281E-03         1 -2.0295E-03       102
   //E22  6.0467E-04       102 -5.3707E-04         3
   //E33  2.6023E-04       103  1.1726E-05       120
   //E12  0.0000E+00         1  0.0000E+00         1
   //E23  0.0000E+00         1  0.0000E+00         1
   //E13  0.0000E+00         1  0.0000E+00         1
   //S11  8.3384E+00         1 -8.1235E+00       102
   //S22  7.5301E-01         1 -6.8660E-01       101
   //S33  4.0036E-01       103  1.8040E-02       120
   //S12  0.0000E+00         1  0.0000E+00         1
   //S23  0.0000E+00         1  0.0000E+00         1
   //S13  0.0000E+00         1  0.0000E+00         1
   //SMS  8.2182E+00       102  3.8368E-02        20
 ##### Global Summary :Max/Min####
   //U1   1.2984E-02 -1.2988E-02
   //U2   1.8971E-01  0.0000E+00
   //U3   0.0000E+00  0.0000E+00
   //E11  2.0281E-03 -2.0295E-03
   //E22  6.0467E-04 -5.3707E-04
   //E33  0.0000E+00  0.0000E+00
   //E12  2.5176E-04  1.1726E-05
   //E23  0.0000E+00  0.0000E+00
   //E13  0.0000E+00  0.0000E+00
   //S11  8.3384E+00 -8.1235E+00
   //S22  7.5301E-01 -6.8660E-01
   //S33  0.0000E+00  0.0000E+00
   //S12  3.8733E-01  1.8040E-02
   //S23  0.0000E+00  0.0000E+00
   //S13  0.0000E+00  0.0000E+00
   //SMS  8.1220E+00  5.0248E-02
 ##### @Element :Max/Min####
   //E11  2.0281E-03 -2.0295E-03
   //E22  6.0467E-04 -5.3707E-04
   //E33  2.6023E-04  1.1726E-05
   //E12  0.0000E+00  0.0000E+00
   //E23  0.0000E+00  0.0000E+00
   //E13  0.0000E+00  0.0000E+00
   //S11  8.3384E+00 -8.1235E+00
   //S22  7.5301E-01 -6.8660E-01
   //S33  4.0036E-01  1.8040E-02
   //S12  0.0000E+00  0.0000E+00
   //S23  0.0000E+00  0.0000E+00
   //S13  0.0000E+00  0.0000E+00
   //SMS  8.2182E+00  3.8368E-02

 Mode No.     2

 #### DISPLACEMENT 2D
     NODE    X-DISP      Y-DISP   
 --------+-----------+------------
         1  0.0000E+00  0.0000E+00
         2  0.7976E-02  0.6721E-02
         3  0.1455E-01  0.2023E-01
         4  0.1808E-01  0.3819E-01
         5  0.1998E-01  0.5923E-01
         6  0.1934E-01  0.8033E-01
         7  0.1728E-01  0.1003E+00
         8  0.1321E-01  0.1166E+00
         9  0.8149E-02  0.1284E+00
        10  0.1889E-02  0.1340E+00
        11 -0.4828E-02  0.1330E+00
        12 -0.1181E-01  0.1247E+00
        13 -0.1869E-01  0.1093E+00
        14 -0.2496E-01  0.8703E-01
        15 -0.3067E-01  0.5850E-01
        16 -0.3517E-01  0.2489E-01
        17 -0.3885E-01 -0.1307E-01
        18 -0.4115E-01 -0.5376E-01
        19 -0.4267E-01 -0.9646E-01
        20 -0.4321E-01 -0.1398E+00
        21 -0.4340E-01 -0.1833E+00
        51  0.0000E+00  0.0000E+00
        52  0.3743E-02  0.6020E-02
        53  0.6860E-02  0.1960E-01
        54  0.8741E-02  0.3791E-01
        55  0.9642E-02  0.5909E-01
        56  0.9419E-02  0.8050E-01
        57  0.8358E-02  0.1006E+00
        58  0.6421E-02  0.1171E+00
        59  0.3894E-02  0.1290E+00
        60  0.8455E-03  0.1347E+00
        61 -0.2477E-02  0.1338E+00
        62 -0.5915E-02  0.1255E+00
        63 -0.9297E-02  0.1100E+00
        64 -0.1242E-01  0.8768E-01
        65 -0.1521E-01  0.5910E-01
        66 -0.1748E-01  0.2533E-01
        67 -0.1928E-01 -0.1270E-01
        68 -0.2048E-01 -0.5356E-01
        69 -0.2124E-01 -0.9631E-01
        70 -0.2157E-01 -0.1397E+00
        71 -0.2167E-01 -0.1833E+00
       101  0.0000E+00  0.0000E+00
       102  0.1127E-04  0.5824E-02
       103 -0.8306E-04  0.1935E-01
       104 -0.4841E-04  0.3784E-01
       105 -0.3787E-04  0.5899E-01
       106 -0.3722E-04  0.8058E-01
       107 -0.4417E-04  0.1007E+00
       108 -0.4079E-04  0.1173E+00
       109 -0.4838E-04  0.1292E+00
       110 -0.4373E-04  0.1350E+00
       111 -0.5173E-04  0.1340E+00
       112 -0.4698E-04  0.1257E+00
       113 -0.5400E-04  0.1103E+00
       114 -0.5050E-04  0.8789E-01
       115 -0.5521E-04  0.5932E-01
       116 -0.5420E-04  0.2546E-01
       117 -0.5557E-04 -0.1255E-01
       118 -0.5915E-04 -0.5350E-01
       119 -0.5699E-04 -0.9625E-01
       120 -0.5479E-04 -0.1397E+00
       121 -0.5059E-04 -0.1832E+00
       151  0.0000E+00  0.0000E+00
       152 -0.3740E-02  0.6085E-02
       153 -0.6924E-02  0.1948E-01
       154 -0.8817E-02  0.3798E-01
       155 -0.9721E-02  0.5894E-01
       156 -0.9499E-02  0.8057E-01
       157 -0.8446E-02  0.1005E+00
       158 -0.6509E-02  0.1172E+00
       159 -0.3990E-02  0.1290E+00
       160 -0.9399E-03  0.1348E+00
       161  0.2374E-02  0.1337E+00
       162  0.5814E-02  0.1255E+00
       163  0.9189E-02  0.1101E+00
       164  0.1231E-01  0.8766E-01
       165  0.1510E-01  0.5916E-01
       166  0.1737E-01  0.2529E-01
       167  0.1917E-01 -0.1262E-01
       168  0.2037E-01 -0.5360E-01
       169  0.2113E-01 -0.9626E-01
       170  0.2145E-01 -0.1397E+00
       171  0.2155E-01 -0.1832E+00
       201  0.0000E+00  0.0000E+00
       202 -0.8218E-02  0.6934E-02
       203 -0.1453E-01  0.1998E-01
       204 -0.1813E-01  0.3833E-01
       205 -0.2006E-01  0.5895E-01
       206 -0.1942E-01  0.8046E-01
       207 -0.1736E-01  0.1001E+00
       208 -0.1329E-01  0.1167E+00
       209 -0.8242E-02  0.1283E+00
       210 -0.1978E-02  0.1341E+00
       211  0.4728E-02  0.1330E+00
       212  0.1171E-01  0.1247E+00
       213  0.1858E-01  0.1093E+00
       214  0.2486E-01  0.8698E-01
       215  0.3056E-01  0.5862E-01
       216  0.3506E-01  0.2481E-01
       217  0.3874E-01 -0.1293E-01
       218  0.4103E-01 -0.5383E-01
       219  0.4256E-01 -0.9636E-01
       220  0.4307E-01 -0.1398E+00
       221  0.4324E-01 -0.1832E+00
 #### REACTION FORCE 2D
   NODE    X-REACTION  Y-REACTION
 --------+-----------+------------
         1 -8.0633E+00 -4.6674E+00
        51 -9.6337E+00  1.8884E+00
       101 -1.3902E-01 -8.7079E-01
       151  1.0463E+01  9.0408E-01
       201  7.3885E+00 -3.3748E+00
 #### NODAL STRESS 2D
 #### STRIN
   NODE       E11         E22         E33         E12
  ------------+-----------+-----------+-----------+-------------
         1  9.8404E-03 -1.8690E-03  0.0000E+00  3.4822E-03
         2  9.8404E-03 -1.8690E-03  0.0000E+00  3.4822E-03
         3  6.0959E-03 -1.4347E-03  0.0000E+00  3.6984E-03
         4  4.3187E-03 -1.3270E-03  0.0000E+00  2.7558E-03
         5  1.4456E-03 -4.5599E-04  0.0000E+00  3.2905E-03
         6 -1.1988E-03  3.1061E-04  0.0000E+00  2.4508E-03
         7 -2.7470E-03  7.9390E-04  0.0000E+00  2.7167E-03
         8 -5.6254E-03  1.6305E-03  0.0000E+00  1.7872E-03
         9 -5.7956E-03  1.7015E-03  0.0000E+00  1.7840E-03
        10 -8.3906E-03  2.4599E-03  0.0000E+00  9.0766E-04
        11 -7.3418E-03  2.1644E-03  0.0000E+00  6.5788E-04
        12 -9.2041E-03  2.7136E-03  0.0000E+00 -3.2999E-05
        13 -7.2903E-03  2.1552E-03  0.0000E+00 -4.4782E-04
        14 -8.1567E-03  2.4181E-03  0.0000E+00 -8.3865E-04
        15 -5.8794E-03  1.7451E-03  0.0000E+00 -1.2898E-03
        16 -5.7563E-03  1.7228E-03  0.0000E+00 -1.3154E-03
        17 -3.6766E-03  1.1027E-03  0.0000E+00 -1.6465E-03
        18 -2.8777E-03  8.8627E-04  0.0000E+00 -1.3090E-03
        19 -1.5211E-03  4.7520E-04  0.0000E+00 -1.3454E-03
        20 -6.7651E-04  2.5042E-04  0.0000E+00 -6.9393E-04
        21 -4.0569E-04  1.7155E-04  0.0000E+00 -7.2940E-04
        51  9.8404E-03 -1.8690E-03  0.0000E+00  3.4822E-03
        52  6.9845E-03 -1.4885E-03  0.0000E+00  4.1697E-03
        53  4.2237E-03 -1.2175E-03  0.0000E+00  3.8066E-03
        54  2.7678E-03 -8.3929E-04  0.0000E+00  3.7103E-03
        55  9.0129E-06 -2.0508E-05  0.0000E+00  3.5578E-03
        56 -1.3078E-03  3.7558E-04  0.0000E+00  3.1815E-03
        57 -3.5211E-03  1.0355E-03  0.0000E+00  2.8496E-03
        58 -4.4981E-03  1.3223E-03  0.0000E+00  2.2221E-03
        59 -5.8807E-03  1.7370E-03  0.0000E+00  1.7824E-03
        60 -6.4106E-03  1.8897E-03  0.0000E+00  1.0033E-03
        61 -6.8174E-03  2.0166E-03  0.0000E+00  5.3299E-04
        62 -6.8571E-03  2.0238E-03  0.0000E+00 -2.5241E-04
        63 -6.3334E-03  1.8760E-03  0.0000E+00 -6.5524E-04
        64 -5.9409E-03  1.7562E-03  0.0000E+00 -1.2770E-03
        65 -4.7407E-03  1.4086E-03  0.0000E+00 -1.5154E-03
        66 -4.0761E-03  1.2109E-03  0.0000E+00 -1.8152E-03
        67 -2.6368E-03  7.9264E-04  0.0000E+00 -1.8120E-03
        68 -1.9435E-03  5.8759E-04  0.0000E+00 -1.6712E-03
        69 -8.4288E-04  2.6966E-04  0.0000E+00 -1.3636E-03
        70 -4.0569E-04  1.7155E-04  0.0000E+00 -7.2940E-04
        71 -1.3486E-04  9.2680E-05  0.0000E+00 -7.6487E-04
       101  2.9851E-03 -7.6089E-04  0.0000E+00  4.3001E-03
       102 -4.4260E-04 -2.0682E-04  0.0000E+00  4.7091E-03
       103 -1.1580E-03  2.3272E-04  0.0000E+00  4.1092E-03
       104 -6.4620E-04  2.2685E-04  0.0000E+00  4.7675E-03
       105 -1.1106E-03  3.4268E-04  0.0000E+00  3.8000E-03
       106 -5.6158E-04  1.9341E-04  0.0000E+00  4.0305E-03
       107 -8.7243E-04  2.6850E-04  0.0000E+00  2.9636E-03
       108 -3.9501E-04  1.3684E-04  0.0000E+00  2.8311E-03
       109 -5.2436E-04  1.6158E-04  0.0000E+00  1.7828E-03
       110 -1.8217E-04  6.2671E-05  0.0000E+00  1.2991E-03
       111 -1.2503E-04  3.8469E-05  0.0000E+00  4.3413E-04
       112  3.8334E-05 -1.4229E-05  0.0000E+00 -2.8552E-04
       113  2.4619E-04 -7.5958E-05  0.0000E+00 -8.1499E-04
       114  2.1959E-04 -7.7593E-05  0.0000E+00 -1.5853E-03
       115  5.0471E-04 -1.5562E-04  0.0000E+00 -1.6788E-03
       116  3.1675E-04 -1.1169E-04  0.0000E+00 -2.2775E-03
       117  5.7773E-04 -1.7899E-04  0.0000E+00 -1.9098E-03
       118  2.9528E-04 -1.0743E-04  0.0000E+00 -2.1120E-03
       119  4.1714E-04 -1.2174E-04  0.0000E+00 -1.3432E-03
       120  1.5004E-04 -2.9989E-05  0.0000E+00 -9.7533E-04
       121  2.1664E-04 -6.2842E-05  0.0000E+00 -7.8038E-04
       151 -5.0139E-03  6.9441E-04  0.0000E+00  4.5609E-03
       152 -7.0515E-03  1.6888E-03  0.0000E+00  3.7536E-03
       153 -5.7992E-03  1.7443E-03  0.0000E+00  3.9083E-03
       154 -2.7792E-03  8.5515E-04  0.0000E+00  3.8117E-03
       155 -1.3777E-03  4.2562E-04  0.0000E+00  3.4509E-03
       156  1.2988E-03 -3.6688E-04  0.0000E+00  3.2100E-03
       157  2.4424E-03 -7.1023E-04  0.0000E+00  2.6381E-03
       158  4.4898E-03 -1.3150E-03  0.0000E+00  2.2670E-03
       159  5.2325E-03 -1.5419E-03  0.0000E+00  1.5140E-03
       160  6.4040E-03 -1.8870E-03  0.0000E+00  1.0549E-03
       161  6.6642E-03 -1.9710E-03  0.0000E+00  2.5571E-04
       162  6.8524E-03 -2.0262E-03  0.0000E+00 -2.0442E-04
       163  6.6412E-03 -1.9699E-03  0.0000E+00 -8.8241E-04
       164  5.9381E-03 -1.7638E-03  0.0000E+00 -1.2436E-03
       165  5.3707E-03 -1.6002E-03  0.0000E+00 -1.6359E-03
       166  4.0747E-03 -1.2222E-03  0.0000E+00 -1.8055E-03
       167  3.3599E-03 -1.0129E-03  0.0000E+00 -1.7808E-03
       168  1.9443E-03 -6.0489E-04  0.0000E+00 -1.6908E-03
       169  1.3618E-03 -4.2934E-04  0.0000E+00 -1.1883E-03
       170  3.9239E-04 -1.4060E-04  0.0000E+00 -7.8814E-04
       171  3.4984E-04 -1.2855E-04  0.0000E+00 -3.9048E-04
       201 -7.0515E-03  1.6888E-03  0.0000E+00  3.7536E-03
       202 -9.0890E-03  2.6832E-03  0.0000E+00  2.9463E-03
       203 -4.8825E-03  1.4645E-03  0.0000E+00  3.5232E-03
       204 -3.0491E-03  9.0497E-04  0.0000E+00  2.7530E-03
       205 -1.5049E-04  5.7070E-05  0.0000E+00  3.0577E-03
       206  2.3040E-03 -6.8002E-04  0.0000E+00  2.2711E-03
       207  3.7612E-03 -1.1033E-03  0.0000E+00  2.2684E-03
       208  6.3988E-03 -1.8895E-03  0.0000E+00  1.5289E-03
       209  6.4022E-03 -1.8878E-03  0.0000E+00  1.2129E-03
       210  8.7417E-03 -2.5797E-03  0.0000E+00  6.1064E-04
       211  7.4821E-03 -2.2107E-03  0.0000E+00  6.7269E-05
       212  9.1180E-03 -2.6902E-03  0.0000E+00 -3.0961E-04
       213  6.9981E-03 -2.0726E-03  0.0000E+00 -9.3225E-04
       214  7.7119E-03 -2.2780E-03  0.0000E+00 -1.0319E-03
       215  5.2871E-03 -1.5741E-03  0.0000E+00 -1.5476E-03
       216  5.1200E-03 -1.5220E-03  0.0000E+00 -1.3710E-03
       217  3.0028E-03 -9.1058E-04  0.0000E+00 -1.5842E-03
       218  2.2887E-03 -7.0602E-04  0.0000E+00 -1.1909E-03
       219  1.0245E-03 -3.2908E-04  0.0000E+00 -9.2239E-04
       220  3.4984E-04 -1.2855E-04  0.0000E+00 -3.9048E-04
       221  3.4984E-04 -1.2855E-04  0.0000E+00 -3.9048E-04
 #### STRESS
   NODE       S11         S22         S33         S12        MISES
  ------------+-----------+-----------+-----------+-----------+-------------
         1  4.0790E+01  4.7608E+00  0.0000E+00  5.3572E+00  3.9729E+01
         2  4.0790E+01  4.7608E+00  0.0000E+00  5.3572E+00  3.9729E+01
         3  2.4903E+01  1.7323E+00  0.0000E+00  5.6899E+00  2.6022E+01
         4  1.7233E+01 -1.3784E-01  0.0000E+00  4.2397E+00  1.8797E+01
         5  5.7528E+00 -9.8119E-02  0.0000E+00  5.0622E+00  1.0514E+01
         6 -4.8600E+00 -2.1557E-01  0.0000E+00  3.7705E+00  8.0789E+00
         7 -1.1028E+01 -1.3276E-01  0.0000E+00  4.1795E+00  1.3137E+01
         8 -2.2577E+01 -2.5091E-01  0.0000E+00  2.7495E+00  2.2952E+01
         9 -2.3231E+01 -1.6330E-01  0.0000E+00  2.7445E+00  2.3633E+01
        10 -3.3638E+01 -2.5158E-01  0.0000E+00  1.3964E+00  3.3600E+01
        11 -2.9418E+01 -1.6776E-01  0.0000E+00  1.0121E+00  2.9386E+01
        12 -3.6879E+01 -2.0932E-01  0.0000E+00 -5.0767E-02  3.6775E+01
        13 -2.9203E+01 -1.4026E-01  0.0000E+00 -6.8896E-01  2.9158E+01
        14 -3.2665E+01 -1.2734E-01  0.0000E+00 -1.2902E+00  3.2678E+01
        15 -2.3542E+01 -8.2262E-02  0.0000E+00 -1.9843E+00  2.3751E+01
        16 -2.3030E+01 -1.7788E-02  0.0000E+00 -2.0237E+00  2.3287E+01
        17 -1.4707E+01 -1.2686E-03  0.0000E+00 -2.5330E+00  1.5347E+01
        18 -1.1480E+01  1.0099E-01  0.0000E+00 -2.0139E+00  1.2047E+01
        19 -6.0597E+00  8.2888E-02  0.0000E+00 -2.0699E+00  7.0769E+00
        20 -2.6435E+00  2.0866E-01  0.0000E+00 -1.0676E+00  3.3170E+00
        21 -1.5570E+00  2.1910E-01  0.0000E+00 -1.1222E+00  2.5673E+00
        51  4.0790E+01  4.7608E+00  0.0000E+00  5.3572E+00  3.9729E+01
        52  2.8738E+01  2.6673E+00  0.0000E+00  6.4150E+00  2.9661E+01
        53  1.6960E+01  2.1802E-01  0.0000E+00  5.8562E+00  1.9669E+01
        54  1.1059E+01 -3.9396E-02  0.0000E+00  5.7081E+00  1.4849E+01
        55  1.2573E-02 -7.8261E-02  0.0000E+00  5.4735E+00  9.4807E+00
        56 -5.2533E+00 -7.3684E-02  0.0000E+00  4.8946E+00  9.9542E+00
        57 -1.4112E+01 -9.1357E-02  0.0000E+00  4.3841E+00  1.5985E+01
        58 -1.8028E+01 -1.1916E-01  0.0000E+00  3.4186E+00  1.8919E+01
        59 -2.3559E+01 -1.1949E-01  0.0000E+00  2.7421E+00  2.3974E+01
        60 -2.5687E+01 -1.4698E-01  0.0000E+00  1.5436E+00  2.5753E+01
        61 -2.7307E+01 -1.2585E-01  0.0000E+00  8.1999E-01  2.7282E+01
        62 -2.7472E+01 -1.4672E-01  0.0000E+00 -3.8832E-01  2.7408E+01
        63 -2.5365E+01 -1.0573E-01  0.0000E+00 -1.0081E+00  2.5373E+01
        64 -2.3798E+01 -1.1450E-01  0.0000E+00 -1.9647E+00  2.3984E+01
        65 -1.8981E+01 -5.9722E-02  0.0000E+00 -2.3314E+00  1.9376E+01
        66 -1.6320E+01 -5.2397E-02  0.0000E+00 -2.7926E+00  1.6997E+01
        67 -1.0545E+01  6.9910E-03  0.0000E+00 -2.7877E+00  1.1601E+01
        68 -7.7678E+00  2.0001E-02  0.0000E+00 -2.5710E+00  8.9625E+00
        69 -3.3494E+00  7.3837E-02  0.0000E+00 -2.0979E+00  4.9674E+00
        70 -1.5570E+00  2.1910E-01  0.0000E+00 -1.1222E+00  2.5673E+00
        71 -4.7058E-01  2.2954E-01  0.0000E+00 -1.1767E+00  2.1298E+00
       101  1.2118E+01  5.9177E-01  0.0000E+00  6.6156E+00  1.6472E+01
       102 -2.2182E+00 -1.4927E+00  0.0000E+00  7.2447E+00  1.2700E+01
       103 -4.7832E+00 -5.0409E-01  0.0000E+00  6.3219E+00  1.1858E+01
       104 -2.5413E+00  1.4501E-01  0.0000E+00  7.3346E+00  1.2971E+01
       105 -4.4298E+00  4.1795E-02  0.0000E+00  5.8461E+00  1.1061E+01
       106 -2.2134E+00  1.0959E-01  0.0000E+00  6.2008E+00  1.0977E+01
       107 -3.4808E+00  2.9770E-02  0.0000E+00  4.5593E+00  8.6362E+00
       108 -1.5558E+00  8.0607E-02  0.0000E+00  4.3555E+00  7.7113E+00
       109 -2.0918E+00  1.8772E-02  0.0000E+00  2.7428E+00  5.1946E+00
       110 -7.1810E-01  3.5251E-02  0.0000E+00  1.9986E+00  3.5391E+00
       111 -4.9885E-01  4.2207E-03  0.0000E+00  6.6789E-01  1.2606E+00
       112  1.4974E-01 -1.1995E-02  0.0000E+00 -4.3927E-01  7.7668E-01
       113  9.8199E-01 -9.2368E-03  0.0000E+00 -1.2538E+00  2.3853E+00
       114  8.6291E-01 -5.1501E-02  0.0000E+00 -2.4389E+00  4.3170E+00
       115  2.0133E+00 -1.8507E-02  0.0000E+00 -2.5828E+00  4.9095E+00
       116  1.2450E+00 -7.3241E-02  0.0000E+00 -3.5038E+00  6.2029E+00
       117  2.3034E+00 -2.4913E-02  0.0000E+00 -2.9382E+00  5.5913E+00
       118  1.1563E+00 -8.2838E-02  0.0000E+00 -3.2492E+00  5.7543E+00
       119  1.6730E+00  1.4954E-02  0.0000E+00 -2.0665E+00  3.9479E+00
       120  6.1995E-01  6.6028E-02  0.0000E+00 -1.5005E+00  2.6650E+00
       121  8.6939E-01  9.4481E-03  0.0000E+00 -1.2006E+00  2.2521E+00
       151 -2.1123E+01 -3.5593E+00  0.0000E+00  7.0167E+00  2.3052E+01
       152 -2.8768E+01 -1.8753E+00  0.0000E+00  5.7748E+00  2.9618E+01
       153 -2.3191E+01  1.9862E-02  0.0000E+00  6.0128E+00  2.5431E+01
       154 -1.1088E+01  9.4053E-02  0.0000E+00  5.8641E+00  1.5072E+01
       155 -5.4947E+00  5.4057E-02  0.0000E+00  5.3091E+00  1.0726E+01
       156  5.2253E+00  1.0006E-01  0.0000E+00  4.9385E+00  9.9978E+00
       157  9.7994E+00  9.8877E-02  0.0000E+00  4.0587E+00  1.2020E+01
       158  1.8001E+01  1.4056E-01  0.0000E+00  3.4877E+00  1.8922E+01
       159  2.0967E+01  1.2269E-01  0.0000E+00  2.3293E+00  2.1292E+01
       160  2.5661E+01  1.5050E-01  0.0000E+00  1.6229E+00  2.5740E+01
       161  2.6694E+01  1.2413E-01  0.0000E+00  3.9340E-01  2.6641E+01
       162  2.7448E+01  1.2952E-01  0.0000E+00 -3.1449E-01  2.7389E+01
       163  2.6594E+01  9.8783E-02  0.0000E+00 -1.3576E+00  2.6649E+01
       164  2.3776E+01  7.7441E-02  0.0000E+00 -1.9132E+00  2.3967E+01
       165  2.1497E+01  4.8375E-02  0.0000E+00 -2.5168E+00  2.1911E+01
       166  1.6299E+01  1.1074E-03  0.0000E+00 -2.7777E+00  1.6994E+01
       167  1.3433E+01 -2.1499E-02  0.0000E+00 -2.7398E+00  1.4257E+01
       168  7.7485E+00 -9.5003E-02  0.0000E+00 -2.6012E+00  9.0046E+00
       169  5.4199E+00 -9.1403E-02  0.0000E+00 -1.8282E+00  6.3171E+00
       170  1.5394E+00 -1.0060E-01  0.0000E+00 -1.2125E+00  2.6354E+00
       171  1.3683E+00 -1.0371E-01  0.0000E+00 -6.0074E-01  1.7628E+00
       201 -2.8768E+01 -1.8753E+00  0.0000E+00  5.7748E+00  2.9618E+01
       202 -3.6414E+01 -1.9125E-01  0.0000E+00  4.5328E+00  3.7157E+01
       203 -1.9530E+01 -1.0489E-03  0.0000E+00  5.4204E+00  2.1669E+01
       204 -1.2209E+01 -4.2871E-02  0.0000E+00  4.2354E+00  1.4225E+01
       205 -5.8622E-01  5.2416E-02  0.0000E+00  4.7041E+00  8.1709E+00
       206  9.2307E+00  4.9133E-02  0.0000E+00  3.4940E+00  1.1017E+01
       207  1.5078E+01  1.1008E-01  0.0000E+00  3.4898E+00  1.6194E+01
       208  2.5635E+01  1.3249E-01  0.0000E+00  2.3522E+00  2.5891E+01
       209  2.5652E+01  1.4450E-01  0.0000E+00  1.8660E+00  2.5784E+01
       210  3.5023E+01  1.8813E-01  0.0000E+00  9.3945E-01  3.4967E+01
       211  2.9973E+01  1.4906E-01  0.0000E+00  1.0349E-01  2.9900E+01
       212  3.6532E+01  1.9891E-01  0.0000E+00 -4.7633E-01  3.6442E+01
       213  2.8028E+01  1.1793E-01  0.0000E+00 -1.4342E+00  2.8079E+01
       214  3.0894E+01  1.5623E-01  0.0000E+00 -1.5876E+00  3.0939E+01
       215  2.1164E+01  5.2814E-02  0.0000E+00 -2.3810E+00  2.1536E+01
       216  2.0498E+01  6.1691E-02  0.0000E+00 -2.1093E+00  2.0791E+01
       217  1.1998E+01 -4.2772E-02  0.0000E+00 -2.4372E+00  1.2740E+01
       218  9.1292E+00 -8.5317E-02  0.0000E+00 -1.8322E+00  9.7056E+00
       219  4.0693E+00 -9.5506E-02  0.0000E+00 -1.4191E+00  4.7957E+00
       220  1.3683E+00 -1.0371E-01  0.0000E+00 -6.0074E-01  1.7628E+00
       221  1.3683E+00 -1.0371E-01  0.0000E+00 -6.0074E-01  1.7628E+00
 ##### Local Summary :Max/IdMax/Min/IdMin####
   //U1   4.3235E-02       221 -4.3400E-02        21
   //U2   1.3499E-01       110 -1.8332E-01        21
   //U3   0.0000E+00         0  0.0000E+00         0
   //E11  9.8404E-03         1 -9.2041E-03        12
   //E22  2.7136E-03        12 -2.6902E-03       212
   //E33  0.0000E+00         1  0.0000E+00         1
   //E12  4.7675E-03       104 -2.2775E-03       116
   //E23  0.0000E+00         1  0.0000E+00         1
   //E13  0.0000E+00         1  0.0000E+00         1
   //S11  4.0790E+01         1 -3.6879E+01        12
   //S22  4.7608E+00         1 -3.5593E+00       151
   //S33  0.0000E+00         1  0.0000E+00         1
   //S12  7.3346E+00       104 -3.5038E+00       116
   //S23  0.0000E+00         1  0.0000E+00         1
   //S13  0.0000E+00         1  0.0000E+00         1
   //SMS  3.9729E+01         1  7.7668E-01       112
 ##### @Element :Max/IdMax/Min/IdMin####
   //E11  9.8404E-03         1 -9.2041E-03        11
   //E22  2.7136E-03        11 -2.6902E-03       112
   //E33  4.8703E-03       103 -2.3150E-03        16
   //E12  0.0000E+00         1  0.0000E+00         1
   //E23  0.0000E+00         1  0.0000E+00         1
   //E13  0.0000E+00         1  0.0000E+00         1
   //S11  4.0790E+01         1 -3.6879E+01        11
   //S22  4.7608E+00         1 -3.5593E+00       101
   //S33  7.4928E+00       103 -3.5615E+00        16
   //S12  0.0000E+00         1  0.0000E+00         1
   //S23  0.0000E+00         1  0.0000E+00         1
   //S13  0.0000E+00         1  0.0000E+00         1
   //SMS  3.8801E+01       102  1.2179E+00        20
 ##### Global Summary :Max/Min####
   //U1   4.3235E-02 -4.3400E-02
   //U2   1.3499E-01 -1.8332E-01
   //U3   0.0000E+00  0.0000E+00
   //E11  9.8404E-03 -9.2041E-03
   //E22  2.7136E-03 -2.6902E-03
   //E33  0.0000E+00  0.0000E+00
   //E12  4.7675E-03 -2.2775E-03
   //E23  0.0000E+00  0.0000E+00
   //E13  0.0000E+00  0.0000E+00
   //S11  4.0790E+01 -3.6879E+01
   //S22  4.7608E+00 -3.5593E+00
   //S33  0.0000E+00  0.0000E+00
   //S12  7.3346E+00 -3.5038E+00
   //S23  0.0000E+00  0.0000E+00
   //S13  0.0000E+00  0.0000E+00
   //SMS  3.9729E+01  7.7668E-01
 ##### @Element :Max/Min####
   //E11  9.8404E-03 -9.2041E-03
   //E22  2.7136E-03 -2.6902E-03
   //E33  4.8703E-03 -2.3150E-03
   //E12  0.0000E+00  0.0000E+00
   //E23  0.0000E+00  0.0000E+00
   //E13  0.0000E+00  0.0000E+00
   //S11  4.0790E+01 -3.6879E+01
   //S22  4.7608E+00 -3.5593E+00
   //S33  7.4928E+00 -3.5615E+00
   //S12  0.0000E+00  0.0000E+00
   //S23  0.0000E+00  0.0000E+00
   //S13  0.0000E+00  0.0000E+00
   //SMS  3.8801E+01  1.2179E+00

 Mode No.     3

 #### DISPLACEMENT 2D
     NODE    X-DISP      Y-DISP   
 --------+-----------+------------
         1  0.0000E+00  0.0000E+00
         2  0.1061E-01  0.2823E-02
         3  0.2155E-01  0.3449E-02
         4  0.3217E-01  0.3603E-02
         5  0.4262E-01  0.3847E-02
         6  0.5270E-01  0.4018E-02
         7  0.6250E-01  0.4069E-02
         8  0.7181E-01  0.3945E-02
         9  0.8077E-01  0.3654E-02
        10  0.8916E-01  0.3216E-02
        11  0.9714E-01  0.2660E-02
        12  0.1045E+00  0.2064E-02
        13  0.1113E+00  0.1462E-02
        14  0.1174E+00  0.9507E-03
        15  0.1229E+00  0.5450E-03
        16  0.1276E+00  0.3158E-03
        17  0.1316E+00  0.2453E-03
        18  0.1346E+00  0.3545E-03
        19  0.1370E+00  0.5928E-03
        20  0.1383E+00  0.9678E-03
        21  0.1389E+00  0.1472E-02
        51  0.0000E+00  0.0000E+00
        52  0.1029E-01  0.1353E-02
        53  0.2128E-01  0.1734E-02
        54  0.3203E-01  0.1996E-02
        55  0.4249E-01  0.2301E-02
        56  0.5264E-01  0.2519E-02
        57  0.6248E-01  0.2628E-02
        58  0.7189E-01  0.2563E-02
        59  0.8089E-01  0.2349E-02
        60  0.8937E-01  0.1977E-02
        61  0.9735E-01  0.1514E-02
        62  0.1047E+00  0.9931E-03
        63  0.1115E+00  0.5003E-03
        64  0.1176E+00  0.7517E-04
        65  0.1230E+00 -0.2062E-03
        66  0.1276E+00 -0.3363E-03
        67  0.1315E+00 -0.2700E-03
        68  0.1345E+00 -0.5102E-04
        69  0.1367E+00  0.3329E-03
        70  0.1380E+00  0.8183E-03
        71  0.1385E+00  0.1438E-02
       101  0.0000E+00  0.0000E+00
       102  0.1020E-01 -0.2572E-04
       103  0.2121E-01  0.2088E-05
       104  0.3190E-01  0.3911E-03
       105  0.4240E-01  0.7445E-03
       106  0.5257E-01  0.1017E-02
       107  0.6249E-01  0.1169E-02
       108  0.7195E-01  0.1177E-02
       109  0.8105E-01  0.1023E-02
       110  0.8954E-01  0.7403E-03
       111  0.9760E-01  0.3519E-03
       112  0.1049E+00 -0.6474E-04
       113  0.1117E+00 -0.4717E-03
       114  0.1177E+00 -0.7773E-03
       115  0.1231E+00 -0.9637E-03
       116  0.1276E+00 -0.9603E-03
       117  0.1315E+00 -0.7920E-03
       118  0.1343E+00 -0.4287E-03
       119  0.1365E+00  0.6551E-04
       120  0.1377E+00  0.6954E-03
       121  0.1382E+00  0.1389E-02
       151  0.0000E+00  0.0000E+00
       152  0.1030E-01 -0.1431E-02
       153  0.2109E-01 -0.1656E-02
       154  0.3174E-01 -0.1212E-02
       155  0.4223E-01 -0.8179E-03
       156  0.5246E-01 -0.4994E-03
       157  0.6241E-01 -0.2917E-03
       158  0.7196E-01 -0.2272E-03
       159  0.8108E-01 -0.3009E-03
       160  0.8966E-01 -0.5133E-03
       161  0.9770E-01 -0.8001E-03
       162  0.1051E+00 -0.1135E-02
       163  0.1118E+00 -0.1423E-02
       164  0.1178E+00 -0.1637E-02
       165  0.1231E+00 -0.1693E-02
       166  0.1275E+00 -0.1589E-02
       167  0.1312E+00 -0.1284E-02
       168  0.1341E+00 -0.8138E-03
       169  0.1362E+00 -0.1765E-03
       170  0.1374E+00  0.5594E-03
       171  0.1378E+00  0.1368E-02
       201  0.0000E+00  0.0000E+00
       202  0.1086E-01 -0.2994E-02
       203  0.2100E-01 -0.3258E-02
       204  0.3156E-01 -0.2793E-02
       205  0.4207E-01 -0.2386E-02
       206  0.5233E-01 -0.2015E-02
       207  0.6236E-01 -0.1768E-02
       208  0.7195E-01 -0.1629E-02
       209  0.8118E-01 -0.1642E-02
       210  0.8976E-01 -0.1759E-02
       211  0.9788E-01 -0.1966E-02
       212  0.1052E+00 -0.2187E-02
       213  0.1120E+00 -0.2383E-02
       214  0.1178E+00 -0.2470E-02
       215  0.1231E+00 -0.2427E-02
       216  0.1274E+00 -0.2188E-02
       217  0.1311E+00 -0.1782E-02
       218  0.1338E+00 -0.1170E-02
       219  0.1359E+00 -0.4283E-03
       220  0.1370E+00  0.4469E-03
       221  0.1374E+00  0.1337E-02
 #### REACTION FORCE 2D
   NODE    X-REACTION  Y-REACTION
 --------+-----------+------------
         1 -9.6612E+00 -5.5955E+00
        51 -2.7359E+01 -7.8413E-01
       101 -1.3357E+01  4.5761E-02
       151 -2.7509E+01  1.2719E+00
       201 -9.0284E+00  4.8828E+00
 #### NODAL STRESS 2D
 #### STRIN
   NODE       E11         E22         E33         E12
  ------------+-----------+-----------+-----------+-------------
         1  2.0907E-02 -3.9211E-03  0.0000E+00  2.1086E-03
         2  2.0907E-02 -3.9211E-03  0.0000E+00  2.1086E-03
         3  2.1327E-02 -5.4932E-03  0.0000E+00  6.7352E-04
         4  2.1356E-02 -6.5840E-03  0.0000E+00 -1.2161E-04
         5  2.0843E-02 -6.3326E-03  0.0000E+00  2.8419E-05
         6  2.0164E-02 -6.0655E-03  0.0000E+00  4.8224E-05
         7  1.9538E-02 -5.8745E-03  0.0000E+00  3.8550E-05
         8  1.8638E-02 -5.6195E-03  0.0000E+00 -2.6343E-05
         9  1.7862E-02 -5.3759E-03  0.0000E+00 -3.4352E-05
        10  1.6761E-02 -5.0590E-03  0.0000E+00 -8.1592E-05
        11  1.5822E-02 -4.7633E-03  0.0000E+00 -8.4854E-05
        12  1.4543E-02 -4.3952E-03  0.0000E+00 -1.0887E-04
        13  1.3425E-02 -4.0430E-03  0.0000E+00 -9.4933E-05
        14  1.1969E-02 -3.6239E-03  0.0000E+00 -9.7002E-05
        15  1.0672E-02 -3.2159E-03  0.0000E+00 -6.2430E-05
        16  9.0347E-03 -2.7447E-03  0.0000E+00 -5.7819E-05
        17  7.5918E-03 -2.2910E-03  0.0000E+00 -1.1017E-05
        18  5.7893E-03 -1.7729E-03  0.0000E+00 -2.0577E-05
        19  4.2716E-03 -1.2940E-03  0.0000E+00  1.4395E-05
        20  2.3719E-03 -7.5036E-04  0.0000E+00 -3.5003E-05
        21  1.8010E-03 -5.6682E-04  0.0000E+00  3.1758E-05
        51  2.0907E-02 -3.9211E-03  0.0000E+00  2.1086E-03
        52  2.1313E-02 -4.9478E-03  0.0000E+00  1.0711E-03
        53  2.1538E-02 -6.2792E-03  0.0000E+00 -4.4036E-05
        54  2.1182E-02 -6.4661E-03  0.0000E+00  1.8517E-05
        55  2.0586E-02 -6.2069E-03  0.0000E+00  1.0343E-04
        56  1.9988E-02 -6.0021E-03  0.0000E+00  7.0996E-05
        57  1.9225E-02 -5.7790E-03  0.0000E+00  3.3713E-05
        58  1.8413E-02 -5.5343E-03  0.0000E+00 -1.0733E-05
        59  1.7474E-02 -5.2541E-03  0.0000E+00 -3.8357E-05
        60  1.6461E-02 -4.9473E-03  0.0000E+00 -7.2843E-05
        61  1.5352E-02 -4.6154E-03  0.0000E+00 -8.6485E-05
        62  1.4153E-02 -4.2526E-03  0.0000E+00 -9.3899E-05
        63  1.2866E-02 -3.8669E-03  0.0000E+00 -8.7963E-05
        64  1.1491E-02 -3.4514E-03  0.0000E+00 -6.4736E-05
        65  1.0024E-02 -3.0118E-03  0.0000E+00 -4.5144E-05
        66  8.4931E-03 -2.5501E-03  0.0000E+00 -6.2372E-06
        67  6.8704E-03 -2.0642E-03  0.0000E+00  1.2383E-05
        68  5.2214E-03 -1.5658E-03  0.0000E+00  3.9093E-05
        69  3.5127E-03 -1.0546E-03  0.0000E+00  3.1881E-05
        70  1.8010E-03 -5.6682E-04  0.0000E+00  3.1758E-05
        71  1.2300E-03 -3.8328E-04  0.0000E+00  9.8518E-05
       101  2.1144E-02 -4.5475E-03  0.0000E+00  1.6967E-04
       102  2.1263E-02 -4.8607E-03  0.0000E+00 -7.9982E-04
       103  2.1256E-02 -5.9073E-03  0.0000E+00 -2.2031E-04
       104  2.1132E-02 -6.3979E-03  0.0000E+00  2.1946E-04
       105  2.0599E-02 -6.2056E-03  0.0000E+00  1.2747E-04
       106  2.0078E-02 -6.0345E-03  0.0000E+00  7.7751E-05
       107  1.9320E-02 -5.8063E-03  0.0000E+00  2.7404E-05
       108  1.8549E-02 -5.5755E-03  0.0000E+00 -7.6544E-06
       109  1.7569E-02 -5.2802E-03  0.0000E+00 -4.4178E-05
       110  1.6558E-02 -4.9777E-03  0.0000E+00 -8.7540E-05
       111  1.5375E-02 -4.6210E-03  0.0000E+00 -9.0998E-05
       112  1.4150E-02 -4.2542E-03  0.0000E+00 -1.1563E-04
       113  1.2786E-02 -3.8429E-03  0.0000E+00 -8.7503E-05
       114  1.1384E-02 -3.4224E-03  0.0000E+00 -8.0639E-05
       115  9.8681E-03 -2.9659E-03  0.0000E+00 -3.9933E-05
       116  8.3312E-03 -2.5043E-03  0.0000E+00 -8.1592E-06
       117  6.7030E-03 -2.0138E-03  0.0000E+00  1.7417E-05
       118  5.0746E-03 -1.5228E-03  0.0000E+00  4.8620E-05
       119  3.3829E-03 -1.0249E-03  0.0000E+00  4.3316E-05
       120  1.6967E-03 -5.3768E-04  0.0000E+00  5.8278E-05
       121  1.4974E-03 -4.6991E-04  0.0000E+00  5.4868E-05
       151  2.0806E-02 -3.7469E-03  0.0000E+00 -1.6332E-03
       152  2.1099E-02 -5.0448E-03  0.0000E+00 -8.3635E-04
       153  2.1324E-02 -6.3952E-03  0.0000E+00  1.2037E-04
       154  2.1131E-02 -6.3755E-03  0.0000E+00  2.0123E-04
       155  2.0675E-02 -6.2169E-03  0.0000E+00  9.1958E-05
       156  2.0187E-02 -6.0643E-03  0.0000E+00  5.6155E-05
       157  1.9470E-02 -5.8500E-03  0.0000E+00  1.5195E-05
       158  1.8676E-02 -5.6089E-03  0.0000E+00 -6.6363E-06
       159  1.7697E-02 -5.3178E-03  0.0000E+00 -5.2036E-05
       160  1.6623E-02 -4.9934E-03  0.0000E+00 -7.0875E-05
       161  1.5415E-02 -4.6327E-03  0.0000E+00 -9.1555E-05
       162  1.4109E-02 -4.2394E-03  0.0000E+00 -9.3908E-05
       163  1.2718E-02 -3.8232E-03  0.0000E+00 -8.2139E-05
       164  1.1249E-02 -3.3814E-03  0.0000E+00 -6.6495E-05
       165  9.7276E-03 -2.9251E-03  0.0000E+00 -3.2923E-05
       166  8.1640E-03 -2.4545E-03  0.0000E+00 -8.7534E-06
       167  6.5564E-03 -1.9712E-03  0.0000E+00  2.1316E-05
       168  4.9393E-03 -1.4825E-03  0.0000E+00  3.9789E-05
       169  3.2730E-03 -9.8514E-04  0.0000E+00  4.9570E-05
       170  1.6310E-03 -5.1323E-04  0.0000E+00  3.3043E-05
       171  1.0988E-03 -3.3437E-04  0.0000E+00  4.8047E-05
       201  2.1099E-02 -5.0448E-03  0.0000E+00 -8.3635E-04
       202  2.1392E-02 -6.3427E-03  0.0000E+00 -3.9528E-05
       203  2.1218E-02 -6.3646E-03  0.0000E+00  1.2098E-04
       204  2.1006E-02 -6.3034E-03  0.0000E+00  1.2218E-04
       205  2.0460E-02 -6.1440E-03  0.0000E+00  7.8164E-05
       206  2.0029E-02 -5.9981E-03  0.0000E+00  5.0577E-05
       207  1.9127E-02 -5.7386E-03  0.0000E+00  1.2435E-05
       208  1.8440E-02 -5.5157E-03  0.0000E+00  6.9136E-06
       209  1.7229E-02 -5.1675E-03  0.0000E+00 -4.4945E-05
       210  1.6292E-02 -4.8670E-03  0.0000E+00 -3.0764E-05
       211  1.4837E-02 -4.4486E-03  0.0000E+00 -7.2860E-05
       212  1.3681E-02 -4.0805E-03  0.0000E+00 -3.5470E-05
       213  1.2060E-02 -3.6144E-03  0.0000E+00 -5.6153E-05
       214  1.0744E-02 -3.1969E-03  0.0000E+00 -4.1830E-06
       215  9.0241E-03 -2.7020E-03  0.0000E+00 -7.2299E-06
       216  7.6170E-03 -2.2557E-03  0.0000E+00  4.4156E-05
       217  5.8318E-03 -1.7402E-03  0.0000E+00  4.1245E-05
       218  4.3827E-03 -1.2782E-03  0.0000E+00  8.1102E-05
       219  2.5483E-03 -7.6822E-04  0.0000E+00  4.9062E-05
       220  1.0988E-03 -3.3437E-04  0.0000E+00  4.8047E-05
       221  1.0988E-03 -3.3437E-04  0.0000E+00  4.8047E-05
 #### STRESS
   NODE       S11         S22         S33         S12        MISES
  ------------+-----------+-----------+-----------+-----------+-------------
         1  8.6727E+01  1.0334E+01  0.0000E+00  3.2441E+00  8.2242E+01
         2  8.6727E+01  1.0334E+01  0.0000E+00  3.2441E+00  8.2242E+01
         3  8.6503E+01  3.9782E+00  0.0000E+00  1.0362E+00  8.4603E+01
         4  8.5188E+01 -7.7936E-01  0.0000E+00 -1.8709E-01  8.5581E+01
         5  8.3265E+01 -3.5094E-01  0.0000E+00  4.3722E-02  8.3441E+01
         6  8.0633E+01 -7.2295E-02  0.0000E+00  7.4191E-02  8.0669E+01
         7  7.8134E+01 -5.7894E-02  0.0000E+00  5.9308E-02  7.8163E+01
         8  7.4516E+01 -1.2319E-01  0.0000E+00 -4.0528E-02  7.4577E+01
         9  7.1426E+01 -7.5779E-02  0.0000E+00 -5.2850E-02  7.1464E+01
        10  6.7002E+01 -1.3561E-01  0.0000E+00 -1.2553E-01  6.7070E+01
        11  6.3265E+01 -7.3555E-02  0.0000E+00 -1.3054E-01  6.3303E+01
        12  5.8131E+01 -1.4181E-01  0.0000E+00 -1.6750E-01  5.8202E+01
        13  5.3680E+01 -6.8034E-02  0.0000E+00 -1.4605E-01  5.3715E+01
        14  4.7834E+01 -1.4548E-01  0.0000E+00 -1.4923E-01  4.7907E+01
        15  4.2671E+01 -6.2289E-02  0.0000E+00 -9.6046E-02  4.2702E+01
        16  3.6094E+01 -1.5079E-01  0.0000E+00 -8.8952E-02  3.6170E+01
        17  3.0350E+01 -5.9194E-02  0.0000E+00 -1.6950E-02  3.0379E+01
        18  2.3110E+01 -1.5884E-01  0.0000E+00 -3.1658E-02  2.3190E+01
        19  1.7070E+01 -5.5164E-02  0.0000E+00  2.2146E-02  1.7097E+01
        20  9.4366E+00 -1.7047E-01  0.0000E+00 -5.3850E-02  9.5234E+00
        21  7.1690E+00 -1.1658E-01  0.0000E+00  4.8858E-02  7.2285E+00
        51  8.6727E+01  1.0334E+01  0.0000E+00  3.2441E+00  8.2242E+01
        52  8.7160E+01  6.3570E+00  0.0000E+00  1.6478E+00  8.4210E+01
        53  8.6391E+01  8.0050E-01  0.0000E+00 -6.7747E-02  8.5994E+01
        54  8.4581E+01 -4.9026E-01  0.0000E+00  2.8487E-02  8.4827E+01
        55  8.2303E+01 -1.3673E-01  0.0000E+00  1.5913E-01  8.2372E+01
        56  7.9944E+01 -2.5245E-02  0.0000E+00  1.0923E-01  7.9957E+01
        57  7.6885E+01 -5.0693E-02  0.0000E+00  5.1866E-02  7.6910E+01
        58  7.3637E+01 -4.5864E-02  0.0000E+00 -1.6512E-02  7.3660E+01
        59  6.9881E+01 -5.2073E-02  0.0000E+00 -5.9011E-02  6.9907E+01
        60  6.5833E+01 -3.9427E-02  0.0000E+00 -1.1207E-01  6.5853E+01
        61  6.1397E+01 -4.2529E-02  0.0000E+00 -1.3305E-01  6.1419E+01
        62  5.6604E+01 -2.9311E-02  0.0000E+00 -1.4446E-01  5.6619E+01
        63  5.1455E+01 -3.1145E-02  0.0000E+00 -1.3533E-01  5.1471E+01
        64  4.5959E+01 -1.8040E-02  0.0000E+00 -9.9594E-02  4.5968E+01
        65  4.0089E+01 -2.0692E-02  0.0000E+00 -6.9453E-02  4.0099E+01
        66  3.3970E+01 -9.3719E-03  0.0000E+00 -9.5956E-03  3.3974E+01
        67  2.7478E+01 -1.3398E-02  0.0000E+00  1.9051E-02  2.7484E+01
        68  2.0886E+01  2.4883E-03  0.0000E+00  6.0143E-02  2.0885E+01
        69  1.4050E+01 -3.3259E-03  0.0000E+00  4.9047E-02  1.4052E+01
        70  7.1690E+00 -1.1658E-01  0.0000E+00  4.8858E-02  7.2285E+00
        71  4.9014E+00 -6.2701E-02  0.0000E+00  1.5157E-01  4.9400E+00
       101  8.6945E+01  7.8934E+00  0.0000E+00  2.6103E-01  8.3280E+01
       102  8.7053E+01  6.6733E+00  0.0000E+00 -1.2305E+00  8.3943E+01
       103  8.5645E+01  2.0642E+00  0.0000E+00 -3.3894E-01  8.4634E+01
       104  8.4453E+01 -2.5591E-01  0.0000E+00  3.3763E-01  8.4583E+01
       105  8.2360E+01 -1.1463E-01  0.0000E+00  1.9611E-01  8.2418E+01
       106  8.0299E+01 -4.8323E-02  0.0000E+00  1.1962E-01  8.0324E+01
       107  7.7268E+01 -4.4722E-02  0.0000E+00  4.2161E-02  7.7290E+01
       108  7.4182E+01 -4.7477E-02  0.0000E+00 -1.1776E-02  7.4206E+01
       109  7.0264E+01 -4.1752E-02  0.0000E+00 -6.7966E-02  7.0285E+01
       110  6.6216E+01 -4.6013E-02  0.0000E+00 -1.3468E-01  6.6240E+01
       111  6.1489E+01 -3.7329E-02  0.0000E+00 -1.4000E-01  6.1508E+01
       112  5.6587E+01 -4.0639E-02  0.0000E+00 -1.7790E-01  5.6608E+01
       113  5.1135E+01 -3.1140E-02  0.0000E+00 -1.3462E-01  5.1151E+01
       114  4.5525E+01 -3.2154E-02  0.0000E+00 -1.2406E-01  4.5542E+01
       115  3.9465E+01 -2.3812E-02  0.0000E+00 -6.1435E-02  3.9477E+01
       116  3.3318E+01 -2.1814E-02  0.0000E+00 -1.2553E-02  3.3329E+01
       117  2.6808E+01 -1.2780E-02  0.0000E+00  2.6795E-02  2.6815E+01
       118  2.0298E+01 -1.7664E-03  0.0000E+00  7.4800E-02  2.0299E+01
       119  1.3518E+01 -4.4197E-02  0.0000E+00  6.6640E-02  1.3541E+01
       120  6.7489E+00 -1.2608E-01  0.0000E+00  8.9659E-02  6.8145E+00
       121  5.9622E+00 -9.1005E-02  0.0000E+00  8.4412E-02  6.0100E+00
       151  8.6513E+01  1.0966E+01  0.0000E+00 -2.5126E+00  8.1700E+01
       152  8.6091E+01  5.6479E+00  0.0000E+00 -1.2867E+00  8.3440E+01
       153  8.5300E+01  9.4052E-03  0.0000E+00  1.8519E-01  8.5296E+01
       154  8.4477E+01 -1.5883E-01  0.0000E+00  3.0958E-01  8.4558E+01
       155  8.2683E+01 -6.2737E-02  0.0000E+00  1.4147E-01  8.2714E+01
       156  8.0737E+01 -3.5995E-02  0.0000E+00  8.6393E-02  8.0755E+01
       157  7.7867E+01 -3.9978E-02  0.0000E+00  2.3377E-02  7.7887E+01
       158  7.4694E+01 -2.7168E-02  0.0000E+00 -1.0210E-02  7.4708E+01
       159  7.0776E+01 -3.8350E-02  0.0000E+00 -8.0055E-02  7.0795E+01
       160  6.6483E+01 -2.8821E-02  0.0000E+00 -1.0904E-01  6.6498E+01
       161  6.1647E+01 -3.6664E-02  0.0000E+00 -1.4085E-01  6.1666E+01
       162  5.6425E+01 -3.0121E-02  0.0000E+00 -1.4447E-01  5.6441E+01
       163  5.0860E+01 -3.4742E-02  0.0000E+00 -1.2637E-01  5.0878E+01
       164  4.4989E+01 -2.8928E-02  0.0000E+00 -1.0230E-01  4.5004E+01
       165  3.8902E+01 -2.9909E-02  0.0000E+00 -5.0650E-02  3.8917E+01
       166  3.2649E+01 -2.3177E-02  0.0000E+00 -1.3467E-02  3.2661E+01
       167  2.6220E+01 -1.9015E-02  0.0000E+00  3.2794E-02  2.6229E+01
       168  1.9756E+01 -3.1841E-03  0.0000E+00  6.1214E-02  1.9758E+01
       169  1.3088E+01 -1.4239E-02  0.0000E+00  7.6262E-02  1.3096E+01
       170  6.4926E+00 -1.0516E-01  0.0000E+00  5.0835E-02  6.5464E+00
       171  4.3888E+00 -2.0855E-02  0.0000E+00  7.3918E-02  4.4011E+00
       201  8.6091E+01  5.6479E+00  0.0000E+00 -1.2867E+00  8.3440E+01
       202  8.5668E+01  3.2945E-01  0.0000E+00 -6.0813E-02  8.5504E+01
       203  8.4874E+01  3.9296E-03  0.0000E+00  1.8612E-01  8.4873E+01
       204  8.4021E+01 -7.0217E-03  0.0000E+00  1.8797E-01  8.4026E+01
       205  8.1832E+01 -2.6337E-02  0.0000E+00  1.2025E-01  8.1845E+01
       206  8.0130E+01  4.6462E-02  0.0000E+00  7.7810E-02  8.0107E+01
       207  7.6506E+01 -2.6250E-03  0.0000E+00  1.9130E-02  7.6507E+01
       208  7.3783E+01  7.2081E-02  0.0000E+00  1.0636E-02  7.3747E+01
       209  6.8916E+01  4.8133E-03  0.0000E+00 -6.9146E-02  6.8914E+01
       210  6.5197E+01  9.1141E-02  0.0000E+00 -4.7329E-02  6.5152E+01
       211  5.9349E+01  1.0299E-02  0.0000E+00 -1.1209E-01  5.9345E+01
       212  5.4753E+01  1.0423E-01  0.0000E+00 -5.4569E-02  5.4702E+01
       213  4.8244E+01  1.5457E-02  0.0000E+00 -8.6390E-02  4.8236E+01
       214  4.3012E+01  1.1585E-01  0.0000E+00 -6.4354E-03  4.2954E+01
       215  3.6103E+01  2.3167E-02  0.0000E+00 -1.1123E-02  3.6092E+01
       216  3.0507E+01  1.2932E-01  0.0000E+00  6.7932E-02  3.0443E+01
       217  2.3340E+01  4.0983E-02  0.0000E+00  6.3453E-02  2.3319E+01
       218  1.7579E+01  1.6098E-01  0.0000E+00  1.2477E-01  1.7501E+01
       219  1.0188E+01 -1.6445E-02  0.0000E+00  7.5480E-02  1.0197E+01
       220  4.3888E+00 -2.0855E-02  0.0000E+00  7.3918E-02  4.4011E+00
       221  4.3888E+00 -2.0855E-02  0.0000E+00  7.3918E-02  4.4011E+00
 ##### Local Summary :Max/IdMax/Min/IdMin####
   //U1   1.3888E-01        21  0.0000E+00         1
   //U2   4.0689E-03         7 -3.2583E-03       203
   //U3   0.0000E+00         0  0.0000E+00         0
   //E11  2.1538E-02        53  1.0988E-03       171
   //E22 -3.3437E-04       171 -6.5840E-03         4
   //E33  0.0000E+00         1  0.0000E+00         1
   //E12  2.1086E-03         1 -1.6332E-03       151
   //E23  0.0000E+00         1  0.0000E+00         1
   //E13  0.0000E+00         1  0.0000E+00         1
   //S11  8.7160E+01        52  4.3888E+00       171
   //S22  1.0966E+01       151 -7.7936E-01         4
   //S33  0.0000E+00         1  0.0000E+00         1
   //S12  3.2441E+00         1 -2.5126E+00       151
   //S23  0.0000E+00         1  0.0000E+00         1
   //S13  0.0000E+00         1  0.0000E+00         1
   //SMS  8.5994E+01        53  4.4011E+00       171
 ##### @Element :Max/IdMax/Min/IdMin####
   //E11  2.1720E-02         2  1.0988E-03       120
   //E22 -3.3437E-04       120 -6.5840E-03         3
   //E33  2.1086E-03         1 -1.6332E-03       101
   //E12  0.0000E+00         1  0.0000E+00         1
   //E23  0.0000E+00         1  0.0000E+00         1
   //E13  0.0000E+00         1  0.0000E+00         1
   //S11  8.7594E+01         2  4.3888E+00       120
   //S22  1.0966E+01       101 -7.7936E-01         3
   //S33  3.2441E+00         1 -2.5126E+00       101
   //S12  0.0000E+00         1  0.0000E+00         1
   //S23  0.0000E+00         1  0.0000E+00         1
   //S13  0.0000E+00         1  0.0000E+00         1
   //SMS  8.6401E+01         2  4.3630E+00       120
 ##### Global Summary :Max/Min####
   //U1   1.3888E-01  0.0000E+00
   //U2   4.0689E-03 -3.2583E-03
   //U3   0.0000E+00  0.0000E+00
   //E11  2.1538E-02  1.0988E-03
   //E22 -3.3437E-04 -6.5840E-03
   //E33  0.0000E+00  0.0000E+00
   //E12  2.1086E-03 -1.6332E-03
   //E23  0.0000E+00  0.0000E+00
   //E13  0.0000E+00  0.0000E+00
   //S11  8.7160E+01  4.3888E+00
   //S22  1.0966E+01 -7.7936E-01
   //S33  0.0000E+00  0.0000E+00
   //S12  3.2441E+00 -2.5126E+00
   //S23  0.0000E+00  0.0000E+00
   //S13  0.0000E+00  0.0000E+00
   //SMS  8.5994E+01  4.4011E+00
 ##### @Element :Max/Min####
   //E11  2.1720E-02  1.0988E-03
   //E22 -3.3437E-04 -6.5840E-03
   //E33  2.1086E-03 -1.6332E-03
   //E12  0.0000E+00  0.0000E+00
   //E23  0.0000E+00  0.0000E+00
   //E13  0.0000E+00  0.0000E+00
   //S11  8.7594E+01  4.3888E+00
   //S22  1.0966E+01 -7.7936E-01
   //S33  3.2441E+00 -2.5126E+00
   //S12  0.0000E+00  0.0000E+00
   //S23  0.0000E+00  0.0000E+00
   //S13  0.0000E+00  0.0000E+00
   //SMS  8.6401E+01  4.3630E+00

 ====================================
    TOTAL TIME (sec) :      0.20
           pre (sec) :      0.00
         solve (sec) :      0.20
 ====================================
