 
********************************
*RESULT OF EIGEN VALUE ANALYSIS*
********************************
 
 NUMBER OF ITERATIONS = 17
 
   NO.   EIGENVALUE    ANGL.FREQUENCY FREQUENCY(HZ)
   ---   ----------    -------------- -------------
    1   0.711271E+09   0.266697E+05   0.424461E+04
    2   0.249990E+11   0.158111E+06   0.251641E+05
    3   0.123720E+12   0.351738E+06   0.559809E+05


 Mode No.     1

 #### DISPLACEMENT 2D
     NODE    X-DISP      Y-DISP   
 --------+-----------+------------
         1  0.0000E+00  0.0000E+00
         3 -0.5269E-02 -0.5989E-02
         5 -0.9887E-02 -0.2153E-01
         7 -0.1369E-01 -0.4557E-01
         9 -0.1674E-01 -0.7643E-01
        11 -0.1907E-01 -0.1126E+00
        13 -0.2073E-01 -0.1528E+00
        15 -0.2181E-01 -0.1957E+00
        17 -0.2240E-01 -0.2401E+00
        19 -0.2264E-01 -0.2853E+00
        21 -0.2269E-01 -0.3307E+00
       101  0.0000E+00  0.0000E+00
       103  0.3526E-13 -0.5513E-02
       105  0.2144E-14 -0.2124E-01
       107  0.8222E-13 -0.4531E-01
       109  0.5074E-14 -0.7623E-01
       111  0.4192E-15 -0.1125E+00
       113  0.3730E-13 -0.1527E+00
       115  0.2149E-13 -0.1956E+00
       117  0.1379E-13 -0.2401E+00
       119  0.2846E-13 -0.2853E+00
       121  0.2708E-13 -0.3307E+00
       201  0.0000E+00  0.0000E+00
       203  0.5269E-02 -0.5989E-02
       205  0.9887E-02 -0.2153E-01
       207  0.1369E-01 -0.4557E-01
       209  0.1674E-01 -0.7643E-01
       211  0.1907E-01 -0.1126E+00
       213  0.2073E-01 -0.1528E+00
       215  0.2181E-01 -0.1957E+00
       217  0.2240E-01 -0.2401E+00
       219  0.2264E-01 -0.2853E+00
       221  0.2269E-01 -0.3307E+00
 #### REACTION FORCE 2D
   NODE    X-REACTION  Y-REACTION
 --------+-----------+------------
         1  5.4247E+00  1.2551E+00
       101 -1.3403E-10 -1.7692E+00
       201 -5.4247E+00  1.2551E+00
 #### NODAL STRESS 2D
 #### STRIN
   NODE       E11         E22         E33         E12
  ------------+-----------+-----------+-----------+-------------
         1 -2.6346E-03  4.7621E-04  0.0000E+00 -4.8163E-04
         3 -2.4717E-03  6.2160E-04  0.0000E+00 -4.8057E-04
         5 -2.1058E-03  6.6026E-04  0.0000E+00 -4.7554E-04
         7 -1.7145E-03  5.0803E-04  0.0000E+00 -4.6317E-04
         9 -1.3449E-03  4.0568E-04  0.0000E+00 -4.4063E-04
        11 -9.9680E-04  2.9959E-04  0.0000E+00 -4.0565E-04
        13 -6.8343E-04  2.0638E-04  0.0000E+00 -3.5652E-04
        15 -4.1638E-04  1.2651E-04  0.0000E+00 -2.9201E-04
        17 -2.0873E-04  6.4590E-05  0.0000E+00 -2.1133E-04
        19 -7.3893E-05  2.4568E-05  0.0000E+00 -1.1405E-04
        21 -2.6393E-05  1.0587E-05  0.0000E+00 -6.1230E-05
       101  3.4175E-14  4.2249E-14  0.0000E+00 -4.8163E-04
       103  1.1991E-14  3.7174E-14  0.0000E+00 -4.8057E-04
       105  1.5863E-14 -6.3811E-15  0.0000E+00 -4.7554E-04
       107 -4.4742E-15 -4.0764E-14  0.0000E+00 -4.6317E-04
       109 -2.3567E-14 -1.0255E-14  0.0000E+00 -4.4063E-04
       111  1.0324E-14  1.4625E-14  0.0000E+00 -4.0565E-04
       113  5.4446E-15  1.4069E-14  0.0000E+00 -3.5652E-04
       115 -8.9198E-15  1.4020E-14  0.0000E+00 -2.9201E-04
       117 -1.6283E-15  1.0872E-14  0.0000E+00 -2.1133E-04
       119  6.2261E-15 -4.3854E-15  0.0000E+00 -1.1405E-04
       121  3.8928E-15 -1.7517E-14  0.0000E+00 -6.1230E-05
       201  2.6346E-03 -4.7621E-04  0.0000E+00 -4.8163E-04
       203  2.4717E-03 -6.2160E-04  0.0000E+00 -4.8057E-04
       205  2.1058E-03 -6.6026E-04  0.0000E+00 -4.7554E-04
       207  1.7145E-03 -5.0803E-04  0.0000E+00 -4.6317E-04
       209  1.3449E-03 -4.0568E-04  0.0000E+00 -4.4063E-04
       211  9.9680E-04 -2.9959E-04  0.0000E+00 -4.0565E-04
       213  6.8343E-04 -2.0638E-04  0.0000E+00 -3.5652E-04
       215  4.1638E-04 -1.2651E-04  0.0000E+00 -2.9201E-04
       217  2.0873E-04 -6.4590E-05  0.0000E+00 -2.1133E-04
       219  7.3893E-05 -2.4568E-05  0.0000E+00 -1.1405E-04
       221  2.6393E-05 -1.0587E-05  0.0000E+00 -6.1230E-05
 #### STRESS
   NODE       S11         S22         S33         S12        MISES
  ------------+-----------+-----------+-----------+-----------+-------------
         1 -1.0952E+01 -1.3809E+00  0.0000E+00 -7.4098E-01  1.0411E+01
         3 -1.0045E+01 -5.2708E-01  0.0000E+00 -7.3934E-01  9.8754E+00
         5 -8.3855E+00  1.2540E-01  0.0000E+00 -7.3161E-01  8.5434E+00
         7 -6.8664E+00 -2.7789E-02  0.0000E+00 -7.1257E-01  6.9628E+00
         9 -5.3766E+00  9.7324E-03  0.0000E+00 -6.7789E-01  5.5080E+00
        11 -3.9865E+00  2.4413E-03  0.0000E+00 -6.2407E-01  4.1316E+00
        13 -2.7319E+00  5.9248E-03  0.0000E+00 -5.4849E-01  2.8952E+00
        15 -1.6634E+00  7.0108E-03  0.0000E+00 -4.4925E-01  1.8396E+00
        17 -8.3230E-01  8.6704E-03  0.0000E+00 -3.2513E-01  1.0085E+00
        19 -2.9241E-01  1.0549E-02  0.0000E+00 -1.7547E-01  4.2552E-01
        21 -1.0205E-01  1.1730E-02  0.0000E+00 -9.4200E-02  1.9588E-01
       101  2.0593E-10  2.3078E-10  0.0000E+00 -7.4098E-01  1.2834E+00
       103  1.0173E-10  1.7922E-10  0.0000E+00 -7.3934E-01  1.2806E+00
       105  6.1313E-11 -7.1307E-12  0.0000E+00 -7.3161E-01  1.2672E+00
       107 -7.3422E-11 -1.8508E-10  0.0000E+00 -7.1257E-01  1.2342E+00
       109 -1.1711E-10 -7.6155E-11  0.0000E+00 -6.7789E-01  1.1741E+00
       111  6.4665E-11  7.7901E-11  0.0000E+00 -6.2407E-01  1.0809E+00
       113  4.2486E-11  6.9024E-11  0.0000E+00 -5.4849E-01  9.5001E-01
       115 -2.0720E-11  4.9864E-11  0.0000E+00 -4.4925E-01  7.7812E-01
       117  7.1787E-12  4.5640E-11  0.0000E+00 -3.2513E-01  5.6314E-01
       119  2.1585E-11 -1.1066E-11  0.0000E+00 -1.7547E-01  3.0392E-01
       121 -5.9883E-12 -7.1865E-11  0.0000E+00 -9.4200E-02  1.6316E-01
       201  1.0952E+01  1.3809E+00  0.0000E+00 -7.4098E-01  1.0411E+01
       203  1.0045E+01  5.2708E-01  0.0000E+00 -7.3934E-01  9.8754E+00
       205  8.3855E+00 -1.2540E-01  0.0000E+00 -7.3161E-01  8.5434E+00
       207  6.8664E+00  2.7789E-02  0.0000E+00 -7.1257E-01  6.9628E+00
       209  5.3766E+00 -9.7324E-03  0.0000E+00 -6.7789E-01  5.5080E+00
       211  3.9865E+00 -2.4413E-03  0.0000E+00 -6.2407E-01  4.1316E+00
       213  2.7319E+00 -5.9248E-03  0.0000E+00 -5.4849E-01  2.8952E+00
       215  1.6634E+00 -7.0108E-03  0.0000E+00 -4.4925E-01  1.8396E+00
       217  8.3230E-01 -8.6704E-03  0.0000E+00 -3.2513E-01  1.0085E+00
       219  2.9241E-01 -1.0549E-02  0.0000E+00 -1.7547E-01  4.2552E-01
       221  1.0205E-01 -1.1730E-02  0.0000E+00 -9.4200E-02  1.9588E-01
 ##### Local Summary :Max/IdMax/Min/IdMin####
   //U1   2.2693E-02       221 -2.2693E-02        21
   //U2   0.0000E+00         1 -3.3069E-01       221
   //U3   0.0000E+00         0  0.0000E+00         0
   //E11  2.6346E-03       201 -2.6346E-03         1
   //E22  6.6026E-04         5 -6.6026E-04       205
   //E33  0.0000E+00         1  0.0000E+00         1
   //E12 -6.1230E-05        21 -4.8163E-04         1
   //E23  0.0000E+00         1  0.0000E+00         1
   //E13  0.0000E+00         1  0.0000E+00         1
   //S11  1.0952E+01       201 -1.0952E+01         1
   //S22  1.3809E+00       201 -1.3809E+00         1
   //S33  0.0000E+00         1  0.0000E+00         1
   //S12 -9.4200E-02        21 -7.4098E-01         1
   //S23  0.0000E+00         1  0.0000E+00         1
   //S13  0.0000E+00         1  0.0000E+00         1
   //SMS  1.0411E+01       201  1.6316E-01       121
 ##### @Element :Max/IdMax/Min/IdMin####
   //E11  2.6346E-03       101 -2.6346E-03         1
   //E22  7.6700E-04         3 -7.6700E-04       103
   //E33 -6.1230E-05        19 -4.8163E-04         1
   //E12  0.0000E+00         1  0.0000E+00         1
   //E23  0.0000E+00         1  0.0000E+00         1
   //E13  0.0000E+00         1  0.0000E+00         1
   //S11  1.0952E+01       101 -1.0952E+01         1
   //S22  1.3809E+00       101 -1.3809E+00         1
   //S33 -9.4200E-02        19 -7.4098E-01         1
   //S12  0.0000E+00         1  0.0000E+00         1
   //S23  0.0000E+00         1  0.0000E+00         1
   //S13  0.0000E+00         1  0.0000E+00         1
   //SMS  1.0790E+01       101  1.1007E-01        19
 ##### Global Summary :Max/Min####
   //U1   2.2693E-02 -2.2693E-02
   //U2   0.0000E+00 -3.3069E-01
   //U3   0.0000E+00  0.0000E+00
   //E11  2.6346E-03 -2.6346E-03
   //E22  6.6026E-04 -6.6026E-04
   //E33  0.0000E+00  0.0000E+00
   //E12 -6.1230E-05 -4.8163E-04
   //E23  0.0000E+00  0.0000E+00
   //E13  0.0000E+00  0.0000E+00
   //S11  1.0952E+01 -1.0952E+01
   //S22  1.3809E+00 -1.3809E+00
   //S33  0.0000E+00  0.0000E+00
   //S12 -9.4200E-02 -7.4098E-01
   //S23  0.0000E+00  0.0000E+00
   //S13  0.0000E+00  0.0000E+00
   //SMS  1.0411E+01  1.6316E-01
 ##### @Element :Max/Min####
   //E11  2.6346E-03 -2.6346E-03
   //E22  7.6700E-04 -7.6700E-04
   //E33 -6.1230E-05 -4.8163E-04
   //E12  0.0000E+00  0.0000E+00
   //E23  0.0000E+00  0.0000E+00
   //E13  0.0000E+00  0.0000E+00
   //S11  1.0952E+01 -1.0952E+01
   //S22  1.3809E+00 -1.3809E+00
   //S33 -9.4200E-02 -7.4098E-01
   //S12  0.0000E+00  0.0000E+00
   //S23  0.0000E+00  0.0000E+00
   //S13  0.0000E+00  0.0000E+00
   //SMS  1.0790E+01  1.1007E-01

 Mode No.     2

 #### DISPLACEMENT 2D
     NODE    X-DISP      Y-DISP   
 --------+-----------+------------
         1  0.0000E+00  0.0000E+00
         3 -0.2439E-01 -0.3485E-01
         5 -0.3419E-01 -0.1016E+00
         7 -0.2984E-01 -0.1730E+00
         9 -0.1452E-01 -0.2225E+00
        11  0.7523E-02 -0.2319E+00
        13  0.3130E-01 -0.1927E+00
        15  0.5215E-01 -0.1065E+00
        17  0.6677E-01  0.1650E-01
        19  0.7409E-01  0.1612E+00
        21  0.7599E-01  0.3132E+00
       101  0.0000E+00  0.0000E+00
       103 -0.6749E-12 -0.3298E-01
       105 -0.1790E-12 -0.1016E+00
       107 -0.1203E-11 -0.1737E+00
       109 -0.1055E-13 -0.2240E+00
       111  0.3187E-12 -0.2337E+00
       113 -0.7952E-12 -0.1944E+00
       115 -0.6556E-12 -0.1079E+00
       117 -0.5807E-13  0.1568E-01
       119 -0.5490E-12  0.1609E+00
       121 -0.2838E-12  0.3132E+00
       201  0.0000E+00  0.0000E+00
       203  0.2439E-01 -0.3485E-01
       205  0.3419E-01 -0.1016E+00
       207  0.2984E-01 -0.1730E+00
       209  0.1452E-01 -0.2225E+00
       211 -0.7523E-02 -0.2319E+00
       213 -0.3130E-01 -0.1927E+00
       215 -0.5215E-01 -0.1065E+00
       217 -0.6677E-01  0.1650E-01
       219 -0.7409E-01  0.1612E+00
       221 -0.7599E-01  0.3132E+00
 #### REACTION FORCE 2D
   NODE    X-REACTION  Y-REACTION
 --------+-----------+------------
         1  3.0830E+01  9.0779E+00
       101  5.5925E-10 -3.5004E+00
       201 -3.0830E+01  9.0779E+00
 #### NODAL STRESS 2D
 #### STRIN
   NODE       E11         E22         E33         E12
  ------------+-----------+-----------+-----------+-------------
         1 -1.2194E-02  1.8741E-03  0.0000E+00 -9.5260E-03
         3 -8.5473E-03  1.8926E-03  0.0000E+00 -9.3053E-03
         5 -1.3632E-03  5.9962E-04  0.0000E+00 -8.4235E-03
         7  4.9175E-03 -1.4635E-03  0.0000E+00 -6.6343E-03
         9  9.3408E-03 -2.7291E-03  0.0000E+00 -4.0532E-03
        11  1.1455E-02 -3.3719E-03  0.0000E+00 -1.0852E-03
        13  1.1157E-02 -3.2912E-03  0.0000E+00  1.6898E-03
        15  8.8662E-03 -2.6298E-03  0.0000E+00  3.6470E-03
        17  5.4852E-03 -1.6491E-03  0.0000E+00  4.2397E-03
        19  2.3071E-03 -7.4469E-04  0.0000E+00  3.0867E-03
        21  9.5035E-04 -3.6896E-04  0.0000E+00  2.0383E-03
       101 -5.6647E-13  3.7995E-13  0.0000E+00 -9.5260E-03
       103 -2.5321E-13  5.4786E-13  0.0000E+00 -9.3053E-03
       105 -2.2179E-13  9.6979E-13  0.0000E+00 -8.4235E-03
       107  2.9105E-13  1.1079E-12  0.0000E+00 -6.6343E-03
       109  4.1824E-13  1.6780E-13  0.0000E+00 -4.0532E-03
       111 -4.3137E-13 -6.8128E-13  0.0000E+00 -1.0852E-03
       113 -3.2013E-13 -5.2894E-13  0.0000E+00  1.6898E-03
       115  3.0196E-13 -2.2876E-13  0.0000E+00  3.6470E-03
       117  1.6849E-13 -1.1114E-13  0.0000E+00  4.2397E-03
       119 -1.8820E-13 -1.2625E-13  0.0000E+00  3.0867E-03
       121 -8.2683E-14 -1.3602E-13  0.0000E+00  2.0383E-03
       201  1.2194E-02 -1.8741E-03  0.0000E+00 -9.5260E-03
       203  8.5473E-03 -1.8926E-03  0.0000E+00 -9.3053E-03
       205  1.3632E-03 -5.9962E-04  0.0000E+00 -8.4235E-03
       207 -4.9175E-03  1.4635E-03  0.0000E+00 -6.6343E-03
       209 -9.3408E-03  2.7291E-03  0.0000E+00 -4.0532E-03
       211 -1.1455E-02  3.3719E-03  0.0000E+00 -1.0852E-03
       213 -1.1157E-02  3.2912E-03  0.0000E+00  1.6898E-03
       215 -8.8662E-03  2.6298E-03  0.0000E+00  3.6470E-03
       217 -5.4852E-03  1.6491E-03  0.0000E+00  4.2397E-03
       219 -2.3071E-03  7.4469E-04  0.0000E+00  3.0867E-03
       221 -9.5035E-04  3.6896E-04  0.0000E+00  2.0383E-03
 #### STRESS
   NODE       S11         S22         S33         S12        MISES
  ------------+-----------+-----------+-----------+-----------+-------------
         1 -5.1128E+01 -7.8418E+00  0.0000E+00 -1.4655E+01  5.4027E+01
         3 -3.5075E+01 -2.9522E+00  0.0000E+00 -1.4316E+01  4.1836E+01
         5 -5.2012E+00  8.3812E-01  0.0000E+00 -1.2959E+01  2.3150E+01
         7  1.9686E+01  5.1857E-02  0.0000E+00 -1.0207E+01  2.6439E+01
         9  3.7460E+01  3.2144E-01  0.0000E+00 -6.2357E+00  3.8832E+01
        11  4.5906E+01  2.8410E-01  0.0000E+00 -1.6696E+00  4.5856E+01
        13  4.4704E+01  2.4624E-01  0.0000E+00  2.5996E+00  4.4808E+01
        15  3.5505E+01  1.3236E-01  0.0000E+00  5.6107E+00  3.6747E+01
        17  2.1936E+01 -1.5531E-02  0.0000E+00  6.5226E+00  2.4681E+01
        19  9.1591E+00 -2.3101E-01  0.0000E+00  4.7487E+00  1.2398E+01
        21  3.6908E+00 -3.6860E-01  0.0000E+00  3.1359E+00  6.6798E+00
       101 -1.9889E-09  9.2313E-10  0.0000E+00 -1.4655E+01  2.5384E+01
       103 -3.9057E-10  2.0743E-09  0.0000E+00 -1.4316E+01  2.4796E+01
       105  3.0393E-10  3.9703E-09  0.0000E+00 -1.2959E+01  2.2446E+01
       107  2.7403E-09  5.2537E-09  0.0000E+00 -1.0207E+01  1.7678E+01
       109  2.0597E-09  1.2891E-09  0.0000E+00 -6.2357E+00  1.0801E+01
       111 -2.7945E-09 -3.5635E-09  0.0000E+00 -1.6696E+00  2.8918E+00
       113 -2.1046E-09 -2.7471E-09  0.0000E+00  2.5996E+00  4.5027E+00
       115  1.0257E-09 -6.0734E-10  0.0000E+00  5.6107E+00  9.7181E+00
       117  5.9404E-10 -2.6634E-10  0.0000E+00  6.5226E+00  1.1298E+01
       119 -9.9371E-10 -8.0310E-10  0.0000E+00  4.7487E+00  8.2250E+00
       121 -5.4281E-10 -7.0692E-10  0.0000E+00  3.1359E+00  5.4316E+00
       201  5.1128E+01  7.8418E+00  0.0000E+00 -1.4655E+01  5.4027E+01
       203  3.5075E+01  2.9522E+00  0.0000E+00 -1.4316E+01  4.1836E+01
       205  5.2012E+00 -8.3812E-01  0.0000E+00 -1.2959E+01  2.3150E+01
       207 -1.9686E+01 -5.1857E-02  0.0000E+00 -1.0207E+01  2.6439E+01
       209 -3.7460E+01 -3.2144E-01  0.0000E+00 -6.2357E+00  3.8832E+01
       211 -4.5906E+01 -2.8410E-01  0.0000E+00 -1.6696E+00  4.5856E+01
       213 -4.4704E+01 -2.4624E-01  0.0000E+00  2.5996E+00  4.4808E+01
       215 -3.5505E+01 -1.3236E-01  0.0000E+00  5.6107E+00  3.6747E+01
       217 -2.1936E+01  1.5531E-02  0.0000E+00  6.5226E+00  2.4681E+01
       219 -9.1591E+00  2.3101E-01  0.0000E+00  4.7487E+00  1.2398E+01
       221 -3.6908E+00  3.6860E-01  0.0000E+00  3.1359E+00  6.6798E+00
 ##### Local Summary :Max/IdMax/Min/IdMin####
   //U1   7.5994E-02        21 -7.5994E-02       221
   //U2   3.1325E-01       221 -2.3372E-01       111
   //U3   0.0000E+00         0  0.0000E+00         0
   //E11  1.2194E-02       201 -1.2194E-02         1
   //E22  3.3719E-03       211 -3.3719E-03        11
   //E33  0.0000E+00         1  0.0000E+00         1
   //E12  4.2397E-03        17 -9.5260E-03         1
   //E23  0.0000E+00         1  0.0000E+00         1
   //E13  0.0000E+00         1  0.0000E+00         1
   //S11  5.1128E+01       201 -5.1128E+01         1
   //S22  7.8418E+00       201 -7.8418E+00         1
   //S33  0.0000E+00         1  0.0000E+00         1
   //S12  6.5226E+00        17 -1.4655E+01         1
   //S23  0.0000E+00         1  0.0000E+00         1
   //S13  0.0000E+00         1  0.0000E+00         1
   //SMS  5.4027E+01         1  2.8918E+00       111
 ##### @Element :Max/IdMax/Min/IdMin####
   //E11  1.2194E-02       101 -1.2194E-02         1
   //E22  3.5007E-03       111 -3.5007E-03        11
   //E33  4.3444E-03        15 -9.5260E-03         1
   //E12  0.0000E+00         1  0.0000E+00         1
   //E23  0.0000E+00         1  0.0000E+00         1
   //E13  0.0000E+00         1  0.0000E+00         1
   //S11  5.1128E+01       101 -5.1128E+01         1
   //S22  7.8418E+00       101 -7.8418E+00         1
   //S33  6.6837E+00        15 -1.4655E+01         1
   //S12  0.0000E+00         1  0.0000E+00         1
   //S23  0.0000E+00         1  0.0000E+00         1
   //S13  0.0000E+00         1  0.0000E+00         1
   //SMS  5.7910E+01       101  3.8124E+00        19
 ##### Global Summary :Max/Min####
   //U1   7.5994E-02 -7.5994E-02
   //U2   3.1325E-01 -2.3372E-01
   //U3   0.0000E+00  0.0000E+00
   //E11  1.2194E-02 -1.2194E-02
   //E22  3.3719E-03 -3.3719E-03
   //E33  0.0000E+00  0.0000E+00
   //E12  4.2397E-03 -9.5260E-03
   //E23  0.0000E+00  0.0000E+00
   //E13  0.0000E+00  0.0000E+00
   //S11  5.1128E+01 -5.1128E+01
   //S22  7.8418E+00 -7.8418E+00
   //S33  0.0000E+00  0.0000E+00
   //S12  6.5226E+00 -1.4655E+01
   //S23  0.0000E+00  0.0000E+00
   //S13  0.0000E+00  0.0000E+00
   //SMS  5.4027E+01  2.8918E+00
 ##### @Element :Max/Min####
   //E11  1.2194E-02 -1.2194E-02
   //E22  3.5007E-03 -3.5007E-03
   //E33  4.3444E-03 -9.5260E-03
   //E12  0.0000E+00  0.0000E+00
   //E23  0.0000E+00  0.0000E+00
   //E13  0.0000E+00  0.0000E+00
   //S11  5.1128E+01 -5.1128E+01
   //S22  7.8418E+00 -7.8418E+00
   //S33  6.6837E+00 -1.4655E+01
   //S12  0.0000E+00  0.0000E+00
   //S23  0.0000E+00  0.0000E+00
   //S13  0.0000E+00  0.0000E+00
   //SMS  5.7910E+01  3.8124E+00

 Mode No.     3

 #### DISPLACEMENT 2D
     NODE    X-DISP      Y-DISP   
 --------+-----------+------------
         1  0.0000E+00  0.0000E+00
         3 -0.3771E-01 -0.6805E-02
         5 -0.7510E-01 -0.5446E-02
         7 -0.1111E+00 -0.5214E-02
         9 -0.1442E+00 -0.4741E-02
        11 -0.1738E+00 -0.4140E-02
        13 -0.1991E+00 -0.3443E-02
        15 -0.2194E+00 -0.2659E-02
        17 -0.2343E+00 -0.1819E-02
        19 -0.2434E+00 -0.8604E-03
        21 -0.2465E+00 -0.2811E-03
       101  0.0000E+00  0.0000E+00
       103 -0.3679E-01 -0.1459E-11
       105 -0.7548E-01 -0.2003E-11
       107 -0.1112E+00 -0.1274E-11
       109 -0.1444E+00  0.9021E-12
       111 -0.1740E+00 -0.2601E-12
       113 -0.1992E+00  0.1503E-11
       115 -0.2196E+00  0.1832E-12
       117 -0.2345E+00 -0.1146E-11
       119 -0.2435E+00 -0.6959E-13
       121 -0.2466E+00  0.3622E-12
       201  0.0000E+00  0.0000E+00
       203 -0.3771E-01  0.6805E-02
       205 -0.7510E-01  0.5446E-02
       207 -0.1111E+00  0.5214E-02
       209 -0.1442E+00  0.4741E-02
       211 -0.1738E+00  0.4140E-02
       213 -0.1991E+00  0.3443E-02
       215 -0.2194E+00  0.2659E-02
       217 -0.2343E+00  0.1819E-02
       219 -0.2434E+00  0.8604E-03
       221 -0.2465E+00  0.2811E-03
 #### REACTION FORCE 2D
   NODE    X-REACTION  Y-REACTION
 --------+-----------+------------
         1  4.1003E+01  1.5979E+01
       101  7.2753E+01  2.4965E-09
       201  4.1003E+01 -1.5979E+01
 #### NODAL STRESS 2D
 #### STRIN
   NODE       E11         E22         E33         E12
  ------------+-----------+-----------+-----------+-------------
         1 -3.7249E-02  6.8051E-03  0.0000E+00 -2.4803E-03
         3 -3.7646E-02  9.5281E-03  0.0000E+00 -6.2674E-04
         5 -3.6956E-02  1.1456E-02  0.0000E+00  4.6291E-04
         7 -3.4510E-02  1.0308E-02  0.0000E+00 -1.2482E-04
         9 -3.1363E-02  9.4175E-03  0.0000E+00  2.2858E-05
        11 -2.7420E-02  8.2316E-03  0.0000E+00 -3.1473E-06
        13 -2.2798E-02  6.8428E-03  0.0000E+00  1.1177E-06
        15 -1.7614E-02  5.2903E-03  0.0000E+00 -6.0198E-06
        17 -1.1984E-02  3.5784E-03  0.0000E+00  1.7578E-05
        19 -6.0969E-03  1.9103E-03  0.0000E+00  6.1465E-06
        21 -3.1220E-03  1.1416E-03  0.0000E+00 -3.7788E-05
       101 -3.7249E-02  6.8051E-03  0.0000E+00 -1.3220E-12
       103 -3.7646E-02  9.5281E-03  0.0000E+00 -3.1136E-13
       105 -3.6956E-02  1.1456E-02  0.0000E+00  1.6239E-12
       107 -3.4510E-02  1.0308E-02  0.0000E+00  1.1720E-12
       109 -3.1363E-02  9.4175E-03  0.0000E+00 -1.4153E-12
       111 -2.7420E-02  8.2316E-03  0.0000E+00 -2.1553E-12
       113 -2.2798E-02  6.8428E-03  0.0000E+00 -7.0143E-13
       115 -1.7614E-02  5.2903E-03  0.0000E+00  2.1979E-13
       117 -1.1984E-02  3.5784E-03  0.0000E+00  3.1205E-13
       119 -6.0969E-03  1.9103E-03  0.0000E+00  6.4436E-13
       121 -3.1220E-03  1.1416E-03  0.0000E+00  8.2249E-13
       201 -3.7249E-02  6.8051E-03  0.0000E+00  2.4803E-03
       203 -3.7646E-02  9.5281E-03  0.0000E+00  6.2674E-04
       205 -3.6956E-02  1.1456E-02  0.0000E+00 -4.6291E-04
       207 -3.4510E-02  1.0308E-02  0.0000E+00  1.2482E-04
       209 -3.1363E-02  9.4175E-03  0.0000E+00 -2.2858E-05
       211 -2.7420E-02  8.2316E-03  0.0000E+00  3.1473E-06
       213 -2.2798E-02  6.8428E-03  0.0000E+00 -1.1177E-06
       215 -1.7614E-02  5.2903E-03  0.0000E+00  6.0198E-06
       217 -1.1984E-02  3.5784E-03  0.0000E+00 -1.7578E-05
       219 -6.0969E-03  1.9103E-03  0.0000E+00 -6.1465E-06
       221 -3.1220E-03  1.1416E-03  0.0000E+00  3.7788E-05
 #### STRESS
   NODE       S11         S22         S33         S12        MISES
  ------------+-----------+-----------+-----------+-----------+-------------
         1 -1.5476E+02 -1.9207E+01  0.0000E+00 -3.8159E+00  1.4626E+02
         3 -1.5291E+02 -7.7619E+00  0.0000E+00 -9.6422E-01  1.4919E+02
         5 -1.4734E+02  1.6211E+00  0.0000E+00  7.1218E-01  1.4816E+02
         7 -1.3810E+02 -1.9945E-01  0.0000E+00 -1.9203E-01  1.3800E+02
         9 -1.2544E+02  3.8237E-02  0.0000E+00  3.5166E-02  1.2546E+02
        11 -1.0967E+02  2.4391E-02  0.0000E+00 -4.8420E-03  1.0969E+02
        13 -9.1189E+01  1.4362E-02  0.0000E+00  1.7195E-03  9.1196E+01
        15 -7.0446E+01  2.7303E-02  0.0000E+00 -9.2613E-03  7.0459E+01
        17 -4.7957E+01 -7.3342E-02  0.0000E+00  2.7042E-02  4.7920E+01
        19 -2.4281E+01  3.5688E-01  0.0000E+00  9.4562E-03  2.4461E+01
        21 -1.2218E+01  9.0098E-01  0.0000E+00 -5.8136E-02  1.2693E+01
       101 -1.5476E+02 -1.9207E+01  0.0000E+00 -2.0339E-09  1.4611E+02
       103 -1.5291E+02 -7.7619E+00  0.0000E+00 -4.7901E-10  1.4918E+02
       105 -1.4734E+02  1.6211E+00  0.0000E+00  2.4984E-09  1.4815E+02
       107 -1.3810E+02 -1.9945E-01  0.0000E+00  1.8031E-09  1.3800E+02
       109 -1.2544E+02  3.8237E-02  0.0000E+00 -2.1774E-09  1.2546E+02
       111 -1.0967E+02  2.4391E-02  0.0000E+00 -3.3159E-09  1.0969E+02
       113 -9.1189E+01  1.4362E-02  0.0000E+00 -1.0791E-09  9.1196E+01
       115 -7.0446E+01  2.7303E-02  0.0000E+00  3.3814E-10  7.0459E+01
       117 -4.7957E+01 -7.3342E-02  0.0000E+00  4.8007E-10  4.7920E+01
       119 -2.4281E+01  3.5688E-01  0.0000E+00  9.9132E-10  2.4461E+01
       121 -1.2218E+01  9.0098E-01  0.0000E+00  1.2654E-09  1.2692E+01
       201 -1.5476E+02 -1.9207E+01  0.0000E+00  3.8159E+00  1.4626E+02
       203 -1.5291E+02 -7.7619E+00  0.0000E+00  9.6422E-01  1.4919E+02
       205 -1.4734E+02  1.6211E+00  0.0000E+00 -7.1218E-01  1.4816E+02
       207 -1.3810E+02 -1.9945E-01  0.0000E+00  1.9203E-01  1.3800E+02
       209 -1.2544E+02  3.8237E-02  0.0000E+00 -3.5166E-02  1.2546E+02
       211 -1.0967E+02  2.4392E-02  0.0000E+00  4.8420E-03  1.0969E+02
       213 -9.1189E+01  1.4362E-02  0.0000E+00 -1.7195E-03  9.1196E+01
       215 -7.0446E+01  2.7303E-02  0.0000E+00  9.2613E-03  7.0459E+01
       217 -4.7957E+01 -7.3342E-02  0.0000E+00 -2.7042E-02  4.7920E+01
       219 -2.4281E+01  3.5688E-01  0.0000E+00 -9.4562E-03  2.4461E+01
       221 -1.2218E+01  9.0098E-01  0.0000E+00  5.8136E-02  1.2693E+01
 ##### Local Summary :Max/IdMax/Min/IdMin####
   //U1   0.0000E+00         1 -2.4664E-01       121
   //U2   6.8051E-03       203 -6.8051E-03         3
   //U3   0.0000E+00         0  0.0000E+00         0
   //E11 -3.1220E-03       221 -3.7646E-02         3
   //E22  1.1456E-02       205  1.1416E-03       221
   //E33  0.0000E+00         1  0.0000E+00         1
   //E12  2.4803E-03       201 -2.4803E-03         1
   //E23  0.0000E+00         1  0.0000E+00         1
   //E13  0.0000E+00         1  0.0000E+00         1
   //S11 -1.2218E+01        21 -1.5476E+02         1
   //S22  1.6211E+00       205 -1.9207E+01       201
   //S33  0.0000E+00         1  0.0000E+00         1
   //S12  3.8159E+00       201 -3.8159E+00         1
   //S23  0.0000E+00         1  0.0000E+00         1
   //S13  0.0000E+00         1  0.0000E+00         1
   //SMS  1.4919E+02         3  1.2692E+01       121
 ##### @Element :Max/IdMax/Min/IdMin####
   //E11 -3.1220E-03       119 -3.8043E-02       103
   //E22  1.2251E-02         3  1.1416E-03       119
   //E33  2.4803E-03       101 -2.4803E-03         1
   //E12  0.0000E+00         1  0.0000E+00         1
   //E23  0.0000E+00         1  0.0000E+00         1
   //E13  0.0000E+00         1  0.0000E+00         1
   //S11 -1.2218E+01        19 -1.5476E+02         1
   //S22  3.6835E+00         3 -1.9207E+01       101
   //S33  3.8159E+00       101 -3.8159E+00         1
   //S12  0.0000E+00         1  0.0000E+00         1
   //S23  0.0000E+00         1  0.0000E+00         1
   //S13  0.0000E+00         1  0.0000E+00         1
   //SMS  1.5386E+02         3  1.2666E+01        19
 ##### Global Summary :Max/Min####
   //U1   0.0000E+00 -2.4664E-01
   //U2   6.8051E-03 -6.8051E-03
   //U3   0.0000E+00  0.0000E+00
   //E11 -3.1220E-03 -3.7646E-02
   //E22  1.1456E-02  1.1416E-03
   //E33  0.0000E+00  0.0000E+00
   //E12  2.4803E-03 -2.4803E-03
   //E23  0.0000E+00  0.0000E+00
   //E13  0.0000E+00  0.0000E+00
   //S11 -1.2218E+01 -1.5476E+02
   //S22  1.6211E+00 -1.9207E+01
   //S33  0.0000E+00  0.0000E+00
   //S12  3.8159E+00 -3.8159E+00
   //S23  0.0000E+00  0.0000E+00
   //S13  0.0000E+00  0.0000E+00
   //SMS  1.4919E+02  1.2692E+01
 ##### @Element :Max/Min####
   //E11 -3.1220E-03 -3.8043E-02
   //E22  1.2251E-02  1.1416E-03
   //E33  2.4803E-03 -2.4803E-03
   //E12  0.0000E+00  0.0000E+00
   //E23  0.0000E+00  0.0000E+00
   //E13  0.0000E+00  0.0000E+00
   //S11 -1.2218E+01 -1.5476E+02
   //S22  3.6835E+00 -1.9207E+01
   //S33  3.8159E+00 -3.8159E+00
   //S12  0.0000E+00  0.0000E+00
   //S23  0.0000E+00  0.0000E+00
   //S13  0.0000E+00  0.0000E+00
   //SMS  1.5386E+02  1.2666E+01

 ====================================
    TOTAL TIME (sec) :      0.03
           pre (sec) :      0.00
         solve (sec) :      0.03
 ====================================
