 
********************************
*RESULT OF EIGEN VALUE ANALYSIS*
********************************
 
 NUMBER OF ITERATIONS = 17
 
   NO.   EIGENVALUE    ANGL.FREQUENCY FREQUENCY(HZ)
   ---   ----------    -------------- -------------
    1   0.508071E+09   0.225404E+05   0.358742E+04
    2   0.181349E+11   0.134666E+06   0.214328E+05
    3   0.123584E+12   0.351546E+06   0.559502E+05


 Mode No.     1

 #### DISPLACEMENT 2D
     NODE    X-DISP      Y-DISP   
 --------+-----------+------------
         1  0.0000E+00  0.0000E+00
         2 -0.1706E-02 -0.1127E-02
         3 -0.3371E-02 -0.3772E-02
         4 -0.4887E-02 -0.8016E-02
         5 -0.6285E-02 -0.1370E-01
         6 -0.7547E-02 -0.2072E-01
         7 -0.8698E-02 -0.2895E-01
         8 -0.9719E-02 -0.3826E-01
         9 -0.1063E-01 -0.4853E-01
        10 -0.1142E-01 -0.5965E-01
        11 -0.1210E-01 -0.7150E-01
        12 -0.1267E-01 -0.8397E-01
        13 -0.1314E-01 -0.9696E-01
        14 -0.1352E-01 -0.1104E+00
        15 -0.1381E-01 -0.1241E+00
        16 -0.1403E-01 -0.1381E+00
        17 -0.1418E-01 -0.1522E+00
        18 -0.1427E-01 -0.1665E+00
        19 -0.1432E-01 -0.1808E+00
        20 -0.1434E-01 -0.1952E+00
        21 -0.1435E-01 -0.2095E+00
        51  0.0000E+00  0.0000E+00
        53 -0.1663E-02 -0.3591E-02
        55 -0.3124E-02 -0.1355E-01
        57 -0.4331E-02 -0.2882E-01
        59 -0.5298E-02 -0.4843E-01
        61 -0.6034E-02 -0.7143E-01
        63 -0.6558E-02 -0.9691E-01
        65 -0.6896E-02 -0.1241E+00
        67 -0.7082E-02 -0.1522E+00
        69 -0.7157E-02 -0.1808E+00
        71 -0.7172E-02 -0.2095E+00
       101  0.0000E+00  0.0000E+00
       102 -0.1177E-12 -0.8556E-03
       103 -0.2928E-13 -0.3564E-02
       104 -0.1399E-12 -0.7794E-02
       105 -0.1725E-12 -0.1350E-01
       106 -0.1097E-12 -0.2054E-01
       107 -0.4293E-13 -0.2878E-01
       108 -0.1944E-12 -0.3811E-01
       109 -0.1679E-12 -0.4840E-01
       110 -0.8577E-13 -0.5954E-01
       111 -0.9573E-13 -0.7140E-01
       112 -0.1264E-12 -0.8389E-01
       113 -0.1369E-12 -0.9689E-01
       114 -0.1480E-12 -0.1103E+00
       115 -0.1686E-12 -0.1241E+00
       116 -0.2015E-12 -0.1381E+00
       117  0.6945E-14 -0.1522E+00
       118 -0.1322E-12 -0.1665E+00
       119 -0.1375E-12 -0.1808E+00
       120 -0.1732E-12 -0.1952E+00
       121 -0.1362E-12 -0.2095E+00
       151  0.0000E+00  0.0000E+00
       153  0.1663E-02 -0.3591E-02
       155  0.3124E-02 -0.1355E-01
       157  0.4331E-02 -0.2882E-01
       159  0.5298E-02 -0.4843E-01
       161  0.6034E-02 -0.7143E-01
       163  0.6558E-02 -0.9691E-01
       165  0.6896E-02 -0.1241E+00
       167  0.7082E-02 -0.1522E+00
       169  0.7157E-02 -0.1808E+00
       171  0.7172E-02 -0.2095E+00
       201  0.0000E+00  0.0000E+00
       202  0.1706E-02 -0.1127E-02
       203  0.3371E-02 -0.3772E-02
       204  0.4887E-02 -0.8016E-02
       205  0.6285E-02 -0.1370E-01
       206  0.7547E-02 -0.2072E-01
       207  0.8698E-02 -0.2895E-01
       208  0.9719E-02 -0.3826E-01
       209  0.1063E-01 -0.4853E-01
       210  0.1142E-01 -0.5965E-01
       211  0.1210E-01 -0.7150E-01
       212  0.1267E-01 -0.8397E-01
       213  0.1314E-01 -0.9696E-01
       214  0.1352E-01 -0.1104E+00
       215  0.1381E-01 -0.1241E+00
       216  0.1403E-01 -0.1381E+00
       217  0.1418E-01 -0.1522E+00
       218  0.1427E-01 -0.1665E+00
       219  0.1432E-01 -0.1808E+00
       220  0.1434E-01 -0.1952E+00
       221  0.1435E-01 -0.2095E+00
 #### REACTION FORCE 2D
   NODE    X-REACTION  Y-REACTION
 --------+-----------+------------
         1  1.3965E+00  7.9040E-01
        51  2.0952E+00 -7.8128E-01
       101  6.3835E-10  3.1680E-01
       151 -2.0952E+00 -7.8128E-01
       201 -1.3965E+00  7.9040E-01
 #### NODAL STRESS 2D
 #### STRIN
   NODE       E11         E22         E33         E12
  ------------+-----------+-----------+-----------+-------------
         1 -1.6718E-03  4.0911E-04  0.0000E+00 -2.2565E-04
         2 -1.6718E-03  4.0911E-04  0.0000E+00 -2.2565E-04
         3 -1.5658E-03  4.1896E-04  0.0000E+00 -2.2401E-04
         4 -1.4598E-03  4.2881E-04  0.0000E+00 -2.2237E-04
         5 -1.3333E-03  3.9500E-04  0.0000E+00 -2.2134E-04
         6 -1.2068E-03  3.6119E-04  0.0000E+00 -2.2031E-04
         7 -1.0865E-03  3.2560E-04  0.0000E+00 -2.1617E-04
         8 -9.6630E-04  2.9001E-04  0.0000E+00 -2.1203E-04
         9 -8.5096E-04  2.5556E-04  0.0000E+00 -2.0544E-04
        10 -7.3561E-04  2.2111E-04  0.0000E+00 -1.9885E-04
        11 -6.2958E-04  1.8938E-04  0.0000E+00 -1.8906E-04
        12 -5.2355E-04  1.5766E-04  0.0000E+00 -1.7927E-04
        13 -4.3029E-04  1.2978E-04  0.0000E+00 -1.6602E-04
        14 -3.3703E-04  1.0190E-04  0.0000E+00 -1.5277E-04
        15 -2.6062E-04  7.9070E-05  0.0000E+00 -1.3580E-04
        16 -1.8421E-04  5.6241E-05  0.0000E+00 -1.1884E-04
        17 -1.2890E-04  3.9778E-05  0.0000E+00 -9.8042E-05
        18 -7.3588E-05  2.3314E-05  0.0000E+00 -7.7240E-05
        19 -4.3585E-05  1.4405E-05  0.0000E+00 -5.2527E-05
        20 -1.3581E-05  5.4947E-06  0.0000E+00 -2.7815E-05
        21 -1.3581E-05  5.4947E-06  0.0000E+00 -2.7815E-05
        51 -1.6718E-03  4.0911E-04  0.0000E+00 -2.2565E-04
        53 -1.5658E-03  4.1896E-04  0.0000E+00 -2.2401E-04
        55 -1.3333E-03  3.9500E-04  0.0000E+00 -2.2134E-04
        57 -1.0865E-03  3.2560E-04  0.0000E+00 -2.1617E-04
        59 -8.5096E-04  2.5556E-04  0.0000E+00 -2.0544E-04
        61 -6.2958E-04  1.8938E-04  0.0000E+00 -1.8906E-04
        63 -4.3029E-04  1.2978E-04  0.0000E+00 -1.6602E-04
        65 -2.6062E-04  7.9070E-05  0.0000E+00 -1.3580E-04
        67 -1.2890E-04  3.9778E-05  0.0000E+00 -9.8042E-05
        69 -4.3585E-05  1.4405E-05  0.0000E+00 -5.2527E-05
        71 -1.3581E-05  5.4947E-06  0.0000E+00 -2.7815E-05
       101 -7.6833E-14  1.2604E-13  0.0000E+00 -2.2565E-04
       102 -7.6833E-14  1.2604E-13  0.0000E+00 -2.2565E-04
       103 -6.6249E-14  2.0113E-13  0.0000E+00 -2.2401E-04
       104 -5.5665E-14  2.7623E-13  0.0000E+00 -2.2237E-04
       105 -1.7081E-14  2.7176E-13  0.0000E+00 -2.2134E-04
       106  2.1503E-14  2.6730E-13  0.0000E+00 -2.2031E-04
       107  4.0154E-14  1.9770E-13  0.0000E+00 -2.1617E-04
       108  5.8804E-14  1.2809E-13  0.0000E+00 -2.1203E-04
       109  5.0518E-14  1.9972E-13  0.0000E+00 -2.0544E-04
       110  4.2231E-14  2.7135E-13  0.0000E+00 -1.9885E-04
       111 -2.6115E-15  2.7943E-13  0.0000E+00 -1.8906E-04
       112 -4.7454E-14  2.8750E-13  0.0000E+00 -1.7927E-04
       113 -1.5805E-14  2.8582E-13  0.0000E+00 -1.6602E-04
       114  1.5844E-14  2.8414E-13  0.0000E+00 -1.5277E-04
       115  2.6134E-14  2.7011E-13  0.0000E+00 -1.3580E-04
       116  3.6425E-14  2.5608E-13  0.0000E+00 -1.1884E-04
       117  1.2611E-14  2.9989E-13  0.0000E+00 -9.8042E-05
       118 -1.1203E-14  3.4371E-13  0.0000E+00 -7.7240E-05
       119 -1.1170E-14  3.2478E-13  0.0000E+00 -5.2527E-05
       120 -1.1137E-14  3.0586E-13  0.0000E+00 -2.7815E-05
       121 -1.1137E-14  3.0586E-13  0.0000E+00 -2.7815E-05
       151  1.6718E-03 -4.0911E-04  0.0000E+00 -2.2565E-04
       153  1.5658E-03 -4.1896E-04  0.0000E+00 -2.2401E-04
       155  1.3333E-03 -3.9500E-04  0.0000E+00 -2.2134E-04
       157  1.0865E-03 -3.2560E-04  0.0000E+00 -2.1617E-04
       159  8.5096E-04 -2.5556E-04  0.0000E+00 -2.0544E-04
       161  6.2958E-04 -1.8938E-04  0.0000E+00 -1.8906E-04
       163  4.3029E-04 -1.2978E-04  0.0000E+00 -1.6602E-04
       165  2.6062E-04 -7.9070E-05  0.0000E+00 -1.3580E-04
       167  1.2890E-04 -3.9778E-05  0.0000E+00 -9.8042E-05
       169  4.3585E-05 -1.4405E-05  0.0000E+00 -5.2527E-05
       171  1.3581E-05 -5.4947E-06  0.0000E+00 -2.7815E-05
       201  1.6718E-03 -4.0911E-04  0.0000E+00 -2.2565E-04
       202  1.6718E-03 -4.0911E-04  0.0000E+00 -2.2565E-04
       203  1.5658E-03 -4.1896E-04  0.0000E+00 -2.2401E-04
       204  1.4598E-03 -4.2881E-04  0.0000E+00 -2.2237E-04
       205  1.3333E-03 -3.9500E-04  0.0000E+00 -2.2134E-04
       206  1.2068E-03 -3.6119E-04  0.0000E+00 -2.2031E-04
       207  1.0865E-03 -3.2560E-04  0.0000E+00 -2.1617E-04
       208  9.6630E-04 -2.9001E-04  0.0000E+00 -2.1203E-04
       209  8.5096E-04 -2.5556E-04  0.0000E+00 -2.0544E-04
       210  7.3561E-04 -2.2111E-04  0.0000E+00 -1.9885E-04
       211  6.2958E-04 -1.8938E-04  0.0000E+00 -1.8906E-04
       212  5.2355E-04 -1.5766E-04  0.0000E+00 -1.7927E-04
       213  4.3029E-04 -1.2978E-04  0.0000E+00 -1.6602E-04
       214  3.3703E-04 -1.0190E-04  0.0000E+00 -1.5277E-04
       215  2.6062E-04 -7.9070E-05  0.0000E+00 -1.3580E-04
       216  1.8421E-04 -5.6241E-05  0.0000E+00 -1.1884E-04
       217  1.2890E-04 -3.9778E-05  0.0000E+00 -9.8042E-05
       218  7.3588E-05 -2.3314E-05  0.0000E+00 -7.7240E-05
       219  4.3585E-05 -1.4405E-05  0.0000E+00 -5.2527E-05
       220  1.3581E-05 -5.4947E-06  0.0000E+00 -2.7815E-05
       221  1.3581E-05 -5.4947E-06  0.0000E+00 -2.7815E-05
 #### STRESS
   NODE       S11         S22         S33         S12        MISES
  ------------+-----------+-----------+-----------+-----------+-------------
         1 -6.8090E+00 -4.0627E-01  0.0000E+00 -3.4716E-01  6.6425E+00
         2 -6.8090E+00 -4.0627E-01  0.0000E+00 -3.4716E-01  6.6425E+00
         3 -6.3302E+00 -2.2321E-01  0.0000E+00 -3.4463E-01  6.2501E+00
         4 -5.8514E+00 -4.0160E-02  0.0000E+00 -3.4211E-01  5.8614E+00
         5 -5.3398E+00 -2.1925E-02  0.0000E+00 -3.4052E-01  5.3614E+00
         6 -4.8282E+00 -3.6892E-03  0.0000E+00 -3.3894E-01  4.8619E+00
         7 -4.3466E+00 -1.5717E-03  0.0000E+00 -3.3257E-01  4.3838E+00
         8 -3.8650E+00  5.4582E-04  0.0000E+00 -3.2621E-01  3.9064E+00
         9 -3.4035E+00  1.2189E-03  0.0000E+00 -3.1606E-01  3.4478E+00
        10 -2.9419E+00  1.8921E-03  0.0000E+00 -3.0592E-01  2.9901E+00
        11 -2.5176E+00  2.2463E-03  0.0000E+00 -2.9086E-01  2.5687E+00
        12 -2.0934E+00  2.6006E-03  0.0000E+00 -2.7579E-01  2.1485E+00
        13 -1.7202E+00  3.0375E-03  0.0000E+00 -2.5541E-01  1.7777E+00
        14 -1.3471E+00  3.4745E-03  0.0000E+00 -2.3502E-01  1.4089E+00
        15 -1.0413E+00  3.8892E-03  0.0000E+00 -2.0893E-01  1.1042E+00
        16 -7.3554E-01  4.3039E-03  0.0000E+00 -1.8284E-01  8.0280E-01
        17 -5.1413E-01  4.8728E-03  0.0000E+00 -1.5083E-01  5.7889E-01
        18 -2.9272E-01  5.4417E-03  0.0000E+00 -1.1883E-01  3.6009E-01
        19 -1.7259E-01  5.8424E-03  0.0000E+00 -8.0811E-02  2.2454E-01
        20 -5.2453E-02  6.2431E-03  0.0000E+00 -4.2792E-02  9.2796E-02
        21 -5.2453E-02  6.2431E-03  0.0000E+00 -4.2792E-02  9.2796E-02
        51 -6.8090E+00 -4.0627E-01  0.0000E+00 -3.4716E-01  6.6425E+00
        53 -6.3302E+00 -2.2321E-01  0.0000E+00 -3.4463E-01  6.2501E+00
        55 -5.3398E+00 -2.1925E-02  0.0000E+00 -3.4052E-01  5.3614E+00
        57 -4.3466E+00 -1.5717E-03  0.0000E+00 -3.3257E-01  4.3838E+00
        59 -3.4035E+00  1.2189E-03  0.0000E+00 -3.1606E-01  3.4478E+00
        61 -2.5176E+00  2.2463E-03  0.0000E+00 -2.9086E-01  2.5687E+00
        63 -1.7202E+00  3.0375E-03  0.0000E+00 -2.5541E-01  1.7777E+00
        65 -1.0413E+00  3.8892E-03  0.0000E+00 -2.0893E-01  1.1042E+00
        67 -5.1413E-01  4.8728E-03  0.0000E+00 -1.5083E-01  5.7889E-01
        69 -1.7259E-01  5.8424E-03  0.0000E+00 -8.0811E-02  2.2454E-01
        71 -5.2453E-02  6.2431E-03  0.0000E+00 -4.2792E-02  9.2796E-02
       101 -1.7152E-10  4.5271E-10  0.0000E+00 -3.4716E-01  6.0129E-01
       102 -1.7152E-10  4.5271E-10  0.0000E+00 -3.4716E-01  6.0129E-01
       103 -2.5972E-11  7.9674E-10  0.0000E+00 -3.4463E-01  5.9692E-01
       104  1.1957E-10  1.1408E-09  0.0000E+00 -3.4211E-01  5.9255E-01
       105  2.8329E-10  1.1720E-09  0.0000E+00 -3.4052E-01  5.8980E-01
       106  4.4701E-10  1.2033E-09  0.0000E+00 -3.3894E-01  5.8706E-01
       107  4.3720E-10  9.2194E-10  0.0000E+00 -3.3257E-01  5.7603E-01
       108  4.2739E-10  6.4058E-10  0.0000E+00 -3.2621E-01  5.6501E-01
       109  4.8542E-10  9.4451E-10  0.0000E+00 -3.1606E-01  5.4744E-01
       110  5.4346E-10  1.2484E-09  0.0000E+00 -3.0592E-01  5.2987E-01
       111  3.5700E-10  1.2248E-09  0.0000E+00 -2.9086E-01  5.0378E-01
       112  1.7054E-10  1.2012E-09  0.0000E+00 -2.7579E-01  4.7769E-01
       113  3.0743E-10  1.2355E-09  0.0000E+00 -2.5541E-01  4.4238E-01
       114  4.4433E-10  1.2698E-09  0.0000E+00 -2.3502E-01  4.0707E-01
       115  4.7106E-10  1.2218E-09  0.0000E+00 -2.0893E-01  3.6188E-01
       116  4.9780E-10  1.1737E-09  0.0000E+00 -1.8284E-01  3.1668E-01
       117  4.5089E-10  1.3348E-09  0.0000E+00 -1.5083E-01  2.6125E-01
       118  4.0399E-10  1.4960E-09  0.0000E+00 -1.1883E-01  2.0582E-01
       119  3.7919E-10  1.4129E-09  0.0000E+00 -8.0811E-02  1.3997E-01
       120  3.5438E-10  1.3298E-09  0.0000E+00 -4.2792E-02  7.4117E-02
       121  3.5438E-10  1.3298E-09  0.0000E+00 -4.2792E-02  7.4117E-02
       151  6.8090E+00  4.0627E-01  0.0000E+00 -3.4716E-01  6.6425E+00
       153  6.3302E+00  2.2321E-01  0.0000E+00 -3.4463E-01  6.2501E+00
       155  5.3398E+00  2.1925E-02  0.0000E+00 -3.4052E-01  5.3614E+00
       157  4.3466E+00  1.5717E-03  0.0000E+00 -3.3257E-01  4.3838E+00
       159  3.4035E+00 -1.2189E-03  0.0000E+00 -3.1606E-01  3.4478E+00
       161  2.5176E+00 -2.2463E-03  0.0000E+00 -2.9086E-01  2.5687E+00
       163  1.7202E+00 -3.0375E-03  0.0000E+00 -2.5541E-01  1.7777E+00
       165  1.0413E+00 -3.8892E-03  0.0000E+00 -2.0893E-01  1.1042E+00
       167  5.1413E-01 -4.8728E-03  0.0000E+00 -1.5083E-01  5.7889E-01
       169  1.7259E-01 -5.8424E-03  0.0000E+00 -8.0811E-02  2.2454E-01
       171  5.2453E-02 -6.2431E-03  0.0000E+00 -4.2792E-02  9.2796E-02
       201  6.8090E+00  4.0627E-01  0.0000E+00 -3.4716E-01  6.6425E+00
       202  6.8090E+00  4.0627E-01  0.0000E+00 -3.4716E-01  6.6425E+00
       203  6.3302E+00  2.2321E-01  0.0000E+00 -3.4463E-01  6.2501E+00
       204  5.8514E+00  4.0160E-02  0.0000E+00 -3.4211E-01  5.8614E+00
       205  5.3398E+00  2.1925E-02  0.0000E+00 -3.4052E-01  5.3614E+00
       206  4.8282E+00  3.6892E-03  0.0000E+00 -3.3894E-01  4.8619E+00
       207  4.3466E+00  1.5717E-03  0.0000E+00 -3.3257E-01  4.3838E+00
       208  3.8650E+00 -5.4581E-04  0.0000E+00 -3.2621E-01  3.9064E+00
       209  3.4035E+00 -1.2189E-03  0.0000E+00 -3.1606E-01  3.4478E+00
       210  2.9419E+00 -1.8921E-03  0.0000E+00 -3.0592E-01  2.9901E+00
       211  2.5176E+00 -2.2463E-03  0.0000E+00 -2.9086E-01  2.5687E+00
       212  2.0934E+00 -2.6006E-03  0.0000E+00 -2.7579E-01  2.1485E+00
       213  1.7202E+00 -3.0375E-03  0.0000E+00 -2.5541E-01  1.7777E+00
       214  1.3471E+00 -3.4745E-03  0.0000E+00 -2.3502E-01  1.4089E+00
       215  1.0413E+00 -3.8892E-03  0.0000E+00 -2.0893E-01  1.1042E+00
       216  7.3554E-01 -4.3039E-03  0.0000E+00 -1.8284E-01  8.0280E-01
       217  5.1413E-01 -4.8728E-03  0.0000E+00 -1.5083E-01  5.7889E-01
       218  2.9272E-01 -5.4417E-03  0.0000E+00 -1.1883E-01  3.6009E-01
       219  1.7259E-01 -5.8424E-03  0.0000E+00 -8.0811E-02  2.2454E-01
       220  5.2453E-02 -6.2431E-03  0.0000E+00 -4.2792E-02  9.2796E-02
       221  5.2453E-02 -6.2431E-03  0.0000E+00 -4.2792E-02  9.2796E-02
 ##### Local Summary :Max/IdMax/Min/IdMin####
   //U1   1.4346E-02       221 -1.4346E-02        21
   //U2   0.0000E+00         1 -2.0953E-01        21
   //U3   0.0000E+00         0  0.0000E+00         0
   //E11  1.6718E-03       151 -1.6718E-03         1
   //E22  4.2881E-04         4 -4.2881E-04       204
   //E33  0.0000E+00         1  0.0000E+00         1
   //E12 -2.7815E-05       171 -2.2565E-04         1
   //E23  0.0000E+00         1  0.0000E+00         1
   //E13  0.0000E+00         1  0.0000E+00         1
   //S11  6.8090E+00       151 -6.8090E+00         1
   //S22  4.0627E-01       151 -4.0627E-01         1
   //S33  0.0000E+00         1  0.0000E+00         1
   //S12 -4.2792E-02       171 -3.4716E-01         1
   //S23  0.0000E+00         1  0.0000E+00         1
   //S13  0.0000E+00         1  0.0000E+00         1
   //SMS  6.6425E+00         1  7.4117E-02       120
 ##### @Element :Max/IdMax/Min/IdMin####
   //E11  1.6718E-03       101 -1.6718E-03         1
   //E22  4.2881E-04         3 -4.2881E-04       103
   //E33 -2.7815E-05       119 -2.2565E-04         1
   //E12  0.0000E+00         1  0.0000E+00         1
   //E23  0.0000E+00         1  0.0000E+00         1
   //E13  0.0000E+00         1  0.0000E+00         1
   //S11  6.8090E+00       101 -6.8090E+00         1
   //S22  4.0627E-01       101 -4.0627E-01         1
   //S33 -4.2792E-02       119 -3.4716E-01         1
   //S12  0.0000E+00         1  0.0000E+00         1
   //S23  0.0000E+00         1  0.0000E+00         1
   //S13  0.0000E+00         1  0.0000E+00         1
   //SMS  6.8108E+00       101  5.4511E-02        19
 ##### Global Summary :Max/Min####
   //U1   1.4346E-02 -1.4346E-02
   //U2   0.0000E+00 -2.0953E-01
   //U3   0.0000E+00  0.0000E+00
   //E11  1.6718E-03 -1.6718E-03
   //E22  4.2881E-04 -4.2881E-04
   //E33  0.0000E+00  0.0000E+00
   //E12 -2.7815E-05 -2.2565E-04
   //E23  0.0000E+00  0.0000E+00
   //E13  0.0000E+00  0.0000E+00
   //S11  6.8090E+00 -6.8090E+00
   //S22  4.0627E-01 -4.0627E-01
   //S33  0.0000E+00  0.0000E+00
   //S12 -4.2792E-02 -3.4716E-01
   //S23  0.0000E+00  0.0000E+00
   //S13  0.0000E+00  0.0000E+00
   //SMS  6.6425E+00  7.4117E-02
 ##### @Element :Max/Min####
   //E11  1.6718E-03 -1.6718E-03
   //E22  4.2881E-04 -4.2881E-04
   //E33 -2.7815E-05 -2.2565E-04
   //E12  0.0000E+00  0.0000E+00
   //E23  0.0000E+00  0.0000E+00
   //E13  0.0000E+00  0.0000E+00
   //S11  6.8090E+00 -6.8090E+00
   //S22  4.0627E-01 -4.0627E-01
   //S33 -4.2792E-02 -3.4716E-01
   //S12  0.0000E+00  0.0000E+00
   //S23  0.0000E+00  0.0000E+00
   //S13  0.0000E+00  0.0000E+00
   //SMS  6.8108E+00  5.4511E-02

 Mode No.     2

 #### DISPLACEMENT 2D
     NODE    X-DISP      Y-DISP   
 --------+-----------+------------
         1  0.0000E+00  0.0000E+00
         2 -0.8937E-02 -0.7521E-02
         3 -0.1596E-01 -0.2210E-01
         4 -0.2007E-01 -0.4222E-01
         5 -0.2194E-01 -0.6514E-01
         6 -0.2142E-01 -0.8861E-01
         7 -0.1900E-01 -0.1105E+00
         8 -0.1469E-01 -0.1286E+00
         9 -0.9028E-02 -0.1416E+00
        10 -0.2229E-02 -0.1479E+00
        11  0.5184E-02 -0.1468E+00
        12  0.1286E-01 -0.1378E+00
        13  0.2039E-01 -0.1210E+00
        14  0.2737E-01 -0.9648E-01
        15  0.3359E-01 -0.6526E-01
        16  0.3867E-01 -0.2819E-01
        17  0.4265E-01  0.1346E-01
        18  0.4532E-01  0.5838E-01
        19  0.4695E-01  0.1054E+00
        20  0.4762E-01  0.1532E+00
        21  0.4781E-01  0.2012E+00
        51  0.0000E+00  0.0000E+00
        53 -0.7537E-02 -0.2147E-01
        55 -0.1066E-01 -0.6510E-01
        57 -0.9245E-02 -0.1108E+00
        59 -0.4361E-02 -0.1423E+00
        61  0.2628E-02 -0.1477E+00
        63  0.1012E-01 -0.1218E+00
        65  0.1664E-01 -0.6590E-01
        67  0.2115E-01  0.1308E-01
        69  0.2335E-01  0.1052E+00
        71  0.2386E-01  0.2012E+00
       101  0.0000E+00  0.0000E+00
       102  0.3194E-12 -0.6291E-02
       103  0.8284E-13 -0.2146E-01
       104  0.3814E-12 -0.4172E-01
       105  0.4149E-12 -0.6505E-01
       106  0.2916E-12 -0.8881E-01
       107  0.9534E-13 -0.1110E+00
       108  0.6331E-12 -0.1293E+00
       109  0.5733E-12 -0.1425E+00
       110  0.3121E-12 -0.1489E+00
       111  0.2721E-12 -0.1480E+00
       112  0.3279E-12 -0.1389E+00
       113  0.2619E-12 -0.1220E+00
       114  0.3882E-12 -0.9745E-01
       115  0.6373E-12 -0.6611E-01
       116  0.7292E-12 -0.2886E-01
       117  0.1780E-12  0.1296E-01
       118  0.5488E-12  0.5805E-01
       119  0.4314E-12  0.1052E+00
       120  0.4096E-12  0.1531E+00
       121  0.5100E-12  0.2012E+00
       151  0.0000E+00  0.0000E+00
       153  0.7537E-02 -0.2147E-01
       155  0.1066E-01 -0.6510E-01
       157  0.9245E-02 -0.1108E+00
       159  0.4361E-02 -0.1423E+00
       161 -0.2628E-02 -0.1477E+00
       163 -0.1012E-01 -0.1218E+00
       165 -0.1664E-01 -0.6590E-01
       167 -0.2115E-01  0.1308E-01
       169 -0.2335E-01  0.1052E+00
       171 -0.2386E-01  0.2012E+00
       201  0.0000E+00  0.0000E+00
       202  0.8937E-02 -0.7521E-02
       203  0.1596E-01 -0.2210E-01
       204  0.2007E-01 -0.4222E-01
       205  0.2194E-01 -0.6514E-01
       206  0.2142E-01 -0.8861E-01
       207  0.1900E-01 -0.1105E+00
       208  0.1469E-01 -0.1286E+00
       209  0.9028E-02 -0.1416E+00
       210  0.2229E-02 -0.1479E+00
       211 -0.5184E-02 -0.1468E+00
       212 -0.1286E-01 -0.1378E+00
       213 -0.2039E-01 -0.1210E+00
       214 -0.2737E-01 -0.9648E-01
       215 -0.3359E-01 -0.6526E-01
       216 -0.3867E-01 -0.2819E-01
       217 -0.4265E-01  0.1346E-01
       218 -0.4532E-01  0.5838E-01
       219 -0.4695E-01  0.1054E+00
       220 -0.4762E-01  0.1532E+00
       221 -0.4781E-01  0.2012E+00
 #### REACTION FORCE 2D
   NODE    X-REACTION  Y-REACTION
 --------+-----------+------------
         1  8.6568E+00  4.8346E+00
        51  1.0622E+01 -2.9294E+00
       101 -1.7771E-09  2.8825E+00
       151 -1.0622E+01 -2.9294E+00
       201 -8.6568E+00  4.8346E+00
 #### NODAL STRESS 2D
 #### STRIN
   NODE       E11         E22         E33         E12
  ------------+-----------+-----------+-----------+-------------
         1 -7.7146E-03  1.7321E-03  0.0000E+00 -4.4849E-03
         2 -7.7146E-03  1.7321E-03  0.0000E+00 -4.4849E-03
         3 -5.3919E-03  1.3093E-03  0.0000E+00 -4.3674E-03
         4 -3.0691E-03  8.8653E-04  0.0000E+00 -4.2499E-03
         5 -8.1666E-04  2.3527E-04  0.0000E+00 -3.9372E-03
         6  1.4358E-03 -4.1599E-04  0.0000E+00 -3.6245E-03
         7  3.1808E-03 -9.3077E-04  0.0000E+00 -3.0869E-03
         8  4.9258E-03 -1.4455E-03  0.0000E+00 -2.5493E-03
         9  5.9807E-03 -1.7594E-03  0.0000E+00 -1.8630E-03
        10  7.0356E-03 -2.0732E-03  0.0000E+00 -1.1767E-03
        11  7.2873E-03 -2.1500E-03  0.0000E+00 -4.6501E-04
        12  7.5390E-03 -2.2268E-03  0.0000E+00  2.4664E-04
        13  7.0447E-03 -2.0837E-03  0.0000E+00  8.3222E-04
        14  6.5503E-03 -1.9407E-03  0.0000E+00  1.4178E-03
        15  5.5334E-03 -1.6442E-03  0.0000E+00  1.7328E-03
        16  4.5166E-03 -1.3477E-03  0.0000E+00  2.0478E-03
        17  3.3492E-03 -1.0095E-03  0.0000E+00  1.9805E-03
        18  2.1819E-03 -6.7138E-04  0.0000E+00  1.9131E-03
        19  1.3294E-03 -4.2795E-04  0.0000E+00  1.3988E-03
        20  4.7692E-04 -1.8452E-04  0.0000E+00  8.8445E-04
        21  4.7692E-04 -1.8452E-04  0.0000E+00  8.8445E-04
        51 -7.7146E-03  1.7321E-03  0.0000E+00 -4.4849E-03
        53 -5.3919E-03  1.3093E-03  0.0000E+00 -4.3674E-03
        55 -8.1666E-04  2.3527E-04  0.0000E+00 -3.9372E-03
        57  3.1808E-03 -9.3077E-04  0.0000E+00 -3.0869E-03
        59  5.9807E-03 -1.7594E-03  0.0000E+00 -1.8630E-03
        61  7.2873E-03 -2.1500E-03  0.0000E+00 -4.6501E-04
        63  7.0447E-03 -2.0837E-03  0.0000E+00  8.3222E-04
        65  5.5334E-03 -1.6442E-03  0.0000E+00  1.7328E-03
        67  3.3492E-03 -1.0095E-03  0.0000E+00  1.9805E-03
        69  1.3294E-03 -4.2795E-04  0.0000E+00  1.3988E-03
        71  4.7692E-04 -1.8452E-04  0.0000E+00  8.8445E-04
       101  1.9461E-13 -3.1742E-13  0.0000E+00 -4.4849E-03
       102  1.9461E-13 -3.1742E-13  0.0000E+00 -4.4849E-03
       103  1.7870E-13 -5.0765E-13  0.0000E+00 -4.3674E-03
       104  1.6278E-13 -6.9788E-13  0.0000E+00 -4.2499E-03
       105  7.0836E-14 -7.3228E-13  0.0000E+00 -3.9372E-03
       106 -2.1111E-14 -7.6668E-13  0.0000E+00 -3.6245E-03
       107 -3.1133E-14 -5.8886E-13  0.0000E+00 -3.0869E-03
       108 -4.1155E-14 -4.1104E-13  0.0000E+00 -2.5493E-03
       109 -1.3094E-13 -5.7984E-13  0.0000E+00 -1.8630E-03
       110 -2.2073E-13 -7.4863E-13  0.0000E+00 -1.1767E-03
       111 -1.1815E-13 -7.4710E-13  0.0000E+00 -4.6501E-04
       112 -1.5570E-14 -7.4557E-13  0.0000E+00  2.4664E-04
       113  9.8011E-14 -7.4870E-13  0.0000E+00  8.3222E-04
       114  2.1159E-13 -7.5183E-13  0.0000E+00  1.4178E-03
       115  8.1240E-14 -7.2911E-13  0.0000E+00  1.7328E-03
       116 -4.9113E-14 -7.0638E-13  0.0000E+00  2.0478E-03
       117 -8.3111E-14 -7.9697E-13  0.0000E+00  1.9805E-03
       118 -1.1711E-13 -8.8756E-13  0.0000E+00  1.9131E-03
       119 -6.3714E-14 -8.5097E-13  0.0000E+00  1.3988E-03
       120 -1.0319E-14 -8.1438E-13  0.0000E+00  8.8445E-04
       121 -1.0319E-14 -8.1438E-13  0.0000E+00  8.8445E-04
       151  7.7146E-03 -1.7321E-03  0.0000E+00 -4.4849E-03
       153  5.3919E-03 -1.3093E-03  0.0000E+00 -4.3674E-03
       155  8.1666E-04 -2.3527E-04  0.0000E+00 -3.9372E-03
       157 -3.1808E-03  9.3077E-04  0.0000E+00 -3.0869E-03
       159 -5.9807E-03  1.7594E-03  0.0000E+00 -1.8630E-03
       161 -7.2873E-03  2.1500E-03  0.0000E+00 -4.6501E-04
       163 -7.0447E-03  2.0837E-03  0.0000E+00  8.3222E-04
       165 -5.5334E-03  1.6442E-03  0.0000E+00  1.7328E-03
       167 -3.3492E-03  1.0095E-03  0.0000E+00  1.9805E-03
       169 -1.3294E-03  4.2795E-04  0.0000E+00  1.3988E-03
       171 -4.7692E-04  1.8452E-04  0.0000E+00  8.8445E-04
       201  7.7146E-03 -1.7321E-03  0.0000E+00 -4.4849E-03
       202  7.7146E-03 -1.7321E-03  0.0000E+00 -4.4849E-03
       203  5.3919E-03 -1.3093E-03  0.0000E+00 -4.3674E-03
       204  3.0691E-03 -8.8653E-04  0.0000E+00 -4.2499E-03
       205  8.1666E-04 -2.3527E-04  0.0000E+00 -3.9372E-03
       206 -1.4358E-03  4.1599E-04  0.0000E+00 -3.6245E-03
       207 -3.1808E-03  9.3077E-04  0.0000E+00 -3.0869E-03
       208 -4.9258E-03  1.4455E-03  0.0000E+00 -2.5493E-03
       209 -5.9807E-03  1.7594E-03  0.0000E+00 -1.8630E-03
       210 -7.0356E-03  2.0732E-03  0.0000E+00 -1.1767E-03
       211 -7.2873E-03  2.1500E-03  0.0000E+00 -4.6501E-04
       212 -7.5390E-03  2.2268E-03  0.0000E+00  2.4664E-04
       213 -7.0447E-03  2.0837E-03  0.0000E+00  8.3222E-04
       214 -6.5503E-03  1.9407E-03  0.0000E+00  1.4178E-03
       215 -5.5334E-03  1.6442E-03  0.0000E+00  1.7328E-03
       216 -4.5166E-03  1.3477E-03  0.0000E+00  2.0478E-03
       217 -3.3492E-03  1.0095E-03  0.0000E+00  1.9805E-03
       218 -2.1819E-03  6.7138E-04  0.0000E+00  1.9131E-03
       219 -1.3294E-03  4.2795E-04  0.0000E+00  1.3988E-03
       220 -4.7692E-04  1.8452E-04  0.0000E+00  8.8445E-04
       221 -4.7692E-04  1.8452E-04  0.0000E+00  8.8445E-04
 #### STRESS
   NODE       S11         S22         S33         S12        MISES
  ------------+-----------+-----------+-----------+-----------+-------------
         1 -3.1626E+01 -2.5594E+00  0.0000E+00 -6.8999E+00  3.2690E+01
         2 -3.1626E+01 -2.5594E+00  0.0000E+00 -6.8999E+00  3.2690E+01
         3 -2.1974E+01 -1.3549E+00  0.0000E+00 -6.7191E+00  2.4297E+01
         4 -1.2322E+01 -1.5036E-01  0.0000E+00 -6.5384E+00  1.6681E+01
         5 -3.2795E+00 -4.2775E-02  0.0000E+00 -6.0573E+00  1.0986E+01
         6  5.7625E+00  6.4805E-02  0.0000E+00 -5.5762E+00  1.1230E+01
         7  1.2754E+01  1.0317E-01  0.0000E+00 -4.7491E+00  1.5134E+01
         8  1.9746E+01  1.4153E-01  0.0000E+00 -3.9220E+00  2.0815E+01
         9  2.3969E+01  1.5307E-01  0.0000E+00 -2.8661E+00  2.4403E+01
        10  2.8192E+01  1.6461E-01  0.0000E+00 -1.8102E+00  2.8284E+01
        11  2.9197E+01  1.5908E-01  0.0000E+00 -7.1540E-01  2.9144E+01
        12  3.0202E+01  1.5355E-01  0.0000E+00  3.7944E-01  3.0133E+01
        13  2.8218E+01  1.3038E-01  0.0000E+00  1.2803E+00  2.8240E+01
        14  2.6233E+01  1.0721E-01  0.0000E+00  2.1812E+00  2.6451E+01
        15  2.2155E+01  6.9550E-02  0.0000E+00  2.6659E+00  2.2597E+01
        16  1.8076E+01  3.1891E-02  0.0000E+00  3.1505E+00  1.8866E+01
        17  1.3391E+01 -2.1010E-02  0.0000E+00  3.0469E+00  1.4403E+01
        18  8.7054E+00 -7.3910E-02  0.0000E+00  2.9433E+00  1.0120E+01
        19  5.2792E+00 -1.2805E-01  0.0000E+00  2.1520E+00  6.5158E+00
        20  1.8530E+00 -1.8218E-01  0.0000E+00  1.3607E+00  3.0593E+00
        21  1.8530E+00 -1.8218E-01  0.0000E+00  1.3607E+00  3.0593E+00
        51 -3.1626E+01 -2.5594E+00  0.0000E+00 -6.8999E+00  3.2690E+01
        53 -2.1974E+01 -1.3549E+00  0.0000E+00 -6.7191E+00  2.4297E+01
        55 -3.2795E+00 -4.2775E-02  0.0000E+00 -6.0573E+00  1.0986E+01
        57  1.2754E+01  1.0317E-01  0.0000E+00 -4.7491E+00  1.5134E+01
        59  2.3969E+01  1.5307E-01  0.0000E+00 -2.8661E+00  2.4403E+01
        61  2.9197E+01  1.5908E-01  0.0000E+00 -7.1540E-01  2.9144E+01
        63  2.8218E+01  1.3038E-01  0.0000E+00  1.2803E+00  2.8240E+01
        65  2.2155E+01  6.9550E-02  0.0000E+00  2.6659E+00  2.2597E+01
        67  1.3391E+01 -2.1010E-02  0.0000E+00  3.0469E+00  1.4403E+01
        69  5.2792E+00 -1.2805E-01  0.0000E+00  2.1520E+00  6.5158E+00
        71  1.8530E+00 -1.8218E-01  0.0000E+00  1.3607E+00  3.0593E+00
       101  4.3685E-10 -1.1386E-09  0.0000E+00 -6.8999E+00  1.1951E+01
       102  4.3685E-10 -1.1386E-09  0.0000E+00 -6.8999E+00  1.1951E+01
       103  1.1605E-10 -1.9958E-09  0.0000E+00 -6.7191E+00  1.1638E+01
       104 -2.0475E-10 -2.8529E-09  0.0000E+00 -6.5384E+00  1.1325E+01
       105 -6.5428E-10 -3.1254E-09  0.0000E+00 -6.0573E+00  1.0491E+01
       106 -1.1038E-09 -3.3979E-09  0.0000E+00 -5.5762E+00  9.6582E+00
       107 -9.1337E-10 -2.6295E-09  0.0000E+00 -4.7491E+00  8.2257E+00
       108 -7.2293E-10 -1.8610E-09  0.0000E+00 -3.9220E+00  6.7931E+00
       109 -1.3402E-09 -2.7214E-09  0.0000E+00 -2.8661E+00  4.9643E+00
       110 -1.9574E-09 -3.5818E-09  0.0000E+00 -1.8102E+00  3.1354E+00
       111 -1.5045E-09 -3.4398E-09  0.0000E+00 -7.1540E-01  1.2391E+00
       112 -1.0516E-09 -3.2978E-09  0.0000E+00  3.7944E-01  6.5721E-01
       113 -5.5648E-10 -3.1618E-09  0.0000E+00  1.2803E+00  2.2176E+00
       114 -6.1359E-11 -3.0257E-09  0.0000E+00  2.1812E+00  3.7780E+00
       115 -6.0436E-10 -3.0977E-09  0.0000E+00  2.6659E+00  4.6174E+00
       116 -1.1474E-09 -3.1697E-09  0.0000E+00  3.1505E+00  5.4568E+00
       117 -1.4163E-09 -3.6128E-09  0.0000E+00  3.0469E+00  5.2774E+00
       118 -1.6852E-09 -4.0558E-09  0.0000E+00  2.9433E+00  5.0979E+00
       119 -1.4022E-09 -3.8246E-09  0.0000E+00  2.1520E+00  3.7274E+00
       120 -1.1193E-09 -3.5933E-09  0.0000E+00  1.3607E+00  2.3568E+00
       121 -1.1193E-09 -3.5933E-09  0.0000E+00  1.3607E+00  2.3568E+00
       151  3.1626E+01  2.5594E+00  0.0000E+00 -6.8999E+00  3.2690E+01
       153  2.1974E+01  1.3549E+00  0.0000E+00 -6.7191E+00  2.4297E+01
       155  3.2795E+00  4.2775E-02  0.0000E+00 -6.0573E+00  1.0986E+01
       157 -1.2754E+01 -1.0317E-01  0.0000E+00 -4.7491E+00  1.5134E+01
       159 -2.3969E+01 -1.5307E-01  0.0000E+00 -2.8661E+00  2.4403E+01
       161 -2.9197E+01 -1.5908E-01  0.0000E+00 -7.1540E-01  2.9144E+01
       163 -2.8218E+01 -1.3038E-01  0.0000E+00  1.2803E+00  2.8240E+01
       165 -2.2155E+01 -6.9550E-02  0.0000E+00  2.6659E+00  2.2597E+01
       167 -1.3391E+01  2.1010E-02  0.0000E+00  3.0469E+00  1.4403E+01
       169 -5.2792E+00  1.2805E-01  0.0000E+00  2.1520E+00  6.5158E+00
       171 -1.8530E+00  1.8218E-01  0.0000E+00  1.3607E+00  3.0593E+00
       201  3.1626E+01  2.5594E+00  0.0000E+00 -6.8999E+00  3.2690E+01
       202  3.1626E+01  2.5594E+00  0.0000E+00 -6.8999E+00  3.2690E+01
       203  2.1974E+01  1.3549E+00  0.0000E+00 -6.7191E+00  2.4297E+01
       204  1.2322E+01  1.5036E-01  0.0000E+00 -6.5384E+00  1.6681E+01
       205  3.2795E+00  4.2775E-02  0.0000E+00 -6.0573E+00  1.0986E+01
       206 -5.7625E+00 -6.4805E-02  0.0000E+00 -5.5762E+00  1.1230E+01
       207 -1.2754E+01 -1.0317E-01  0.0000E+00 -4.7491E+00  1.5134E+01
       208 -1.9746E+01 -1.4153E-01  0.0000E+00 -3.9220E+00  2.0815E+01
       209 -2.3969E+01 -1.5307E-01  0.0000E+00 -2.8661E+00  2.4403E+01
       210 -2.8192E+01 -1.6461E-01  0.0000E+00 -1.8102E+00  2.8284E+01
       211 -2.9197E+01 -1.5908E-01  0.0000E+00 -7.1540E-01  2.9144E+01
       212 -3.0202E+01 -1.5355E-01  0.0000E+00  3.7944E-01  3.0133E+01
       213 -2.8218E+01 -1.3038E-01  0.0000E+00  1.2803E+00  2.8240E+01
       214 -2.6233E+01 -1.0721E-01  0.0000E+00  2.1812E+00  2.6451E+01
       215 -2.2155E+01 -6.9550E-02  0.0000E+00  2.6659E+00  2.2597E+01
       216 -1.8076E+01 -3.1891E-02  0.0000E+00  3.1505E+00  1.8866E+01
       217 -1.3391E+01  2.1010E-02  0.0000E+00  3.0469E+00  1.4403E+01
       218 -8.7054E+00  7.3910E-02  0.0000E+00  2.9433E+00  1.0120E+01
       219 -5.2792E+00  1.2805E-01  0.0000E+00  2.1520E+00  6.5158E+00
       220 -1.8530E+00  1.8218E-01  0.0000E+00  1.3607E+00  3.0593E+00
       221 -1.8530E+00  1.8218E-01  0.0000E+00  1.3607E+00  3.0593E+00
 ##### Local Summary :Max/IdMax/Min/IdMin####
   //U1   4.7808E-02        21 -4.7808E-02       221
   //U2   2.0123E-01        21 -1.4891E-01       110
   //U3   0.0000E+00         0  0.0000E+00         0
   //E11  7.7146E-03       151 -7.7146E-03         1
   //E22  2.2268E-03       212 -2.2268E-03        12
   //E33  0.0000E+00         1  0.0000E+00         1
   //E12  2.0478E-03        16 -4.4849E-03       151
   //E23  0.0000E+00         1  0.0000E+00         1
   //E13  0.0000E+00         1  0.0000E+00         1
   //S11  3.1626E+01       151 -3.1626E+01         1
   //S22  2.5594E+00       151 -2.5594E+00         1
   //S33  0.0000E+00         1  0.0000E+00         1
   //S12  3.1505E+00        16 -6.8999E+00       151
   //S23  0.0000E+00         1  0.0000E+00         1
   //S13  0.0000E+00         1  0.0000E+00         1
   //SMS  3.2690E+01       151  6.5721E-01       112
 ##### @Element :Max/IdMax/Min/IdMin####
   //E11  7.7146E-03       101 -7.7146E-03         1
   //E22  2.2268E-03       111 -2.2268E-03        11
   //E33  2.0478E-03        15 -4.4849E-03       101
   //E12  0.0000E+00         1  0.0000E+00         1
   //E23  0.0000E+00         1  0.0000E+00         1
   //E13  0.0000E+00         1  0.0000E+00         1
   //S11  3.1626E+01       101 -3.1626E+01         1
   //S22  2.5594E+00       101 -2.5594E+00         1
   //S33  3.1505E+00        15 -6.8999E+00       101
   //S12  0.0000E+00         1  0.0000E+00         1
   //S23  0.0000E+00         1  0.0000E+00         1
   //S13  0.0000E+00         1  0.0000E+00         1
   //SMS  3.4775E+01       101  1.8392E+00        19
 ##### Global Summary :Max/Min####
   //U1   4.7808E-02 -4.7808E-02
   //U2   2.0123E-01 -1.4891E-01
   //U3   0.0000E+00  0.0000E+00
   //E11  7.7146E-03 -7.7146E-03
   //E22  2.2268E-03 -2.2268E-03
   //E33  0.0000E+00  0.0000E+00
   //E12  2.0478E-03 -4.4849E-03
   //E23  0.0000E+00  0.0000E+00
   //E13  0.0000E+00  0.0000E+00
   //S11  3.1626E+01 -3.1626E+01
   //S22  2.5594E+00 -2.5594E+00
   //S33  0.0000E+00  0.0000E+00
   //S12  3.1505E+00 -6.8999E+00
   //S23  0.0000E+00  0.0000E+00
   //S13  0.0000E+00  0.0000E+00
   //SMS  3.2690E+01  6.5721E-01
 ##### @Element :Max/Min####
   //E11  7.7146E-03 -7.7146E-03
   //E22  2.2268E-03 -2.2268E-03
   //E33  2.0478E-03 -4.4849E-03
   //E12  0.0000E+00  0.0000E+00
   //E23  0.0000E+00  0.0000E+00
   //E13  0.0000E+00  0.0000E+00
   //S11  3.1626E+01 -3.1626E+01
   //S22  2.5594E+00 -2.5594E+00
   //S33  3.1505E+00 -6.8999E+00
   //S12  0.0000E+00  0.0000E+00
   //S23  0.0000E+00  0.0000E+00
   //S13  0.0000E+00  0.0000E+00
   //SMS  3.4775E+01  1.8392E+00

 Mode No.     3

 #### DISPLACEMENT 2D
     NODE    X-DISP      Y-DISP   
 --------+-----------+------------
         1  0.0000E+00  0.0000E+00
         2  0.1194E-01  0.3499E-02
         3  0.2362E-01  0.3506E-02
         4  0.3546E-01  0.3525E-02
         5  0.4710E-01  0.3458E-02
         6  0.5839E-01  0.3351E-02
         7  0.6943E-01  0.3236E-02
         8  0.7989E-01  0.3097E-02
         9  0.9003E-01  0.2939E-02
        10  0.9942E-01  0.2761E-02
        11  0.1084E+00  0.2569E-02
        12  0.1165E+00  0.2359E-02
        13  0.1241E+00  0.2136E-02
        14  0.1307E+00  0.1898E-02
        15  0.1367E+00  0.1650E-02
        16  0.1416E+00  0.1390E-02
        17  0.1460E+00  0.1124E-02
        18  0.1491E+00  0.8500E-03
        19  0.1516E+00  0.5735E-03
        20  0.1529E+00  0.2750E-03
        21  0.1536E+00  0.2162E-03
        51  0.0000E+00  0.0000E+00
        53  0.2362E-01  0.1755E-02
        55  0.4712E-01  0.1728E-02
        57  0.6942E-01  0.1619E-02
        59  0.9002E-01  0.1471E-02
        61  0.1084E+00  0.1286E-02
        63  0.1241E+00  0.1069E-02
        65  0.1367E+00  0.8254E-03
        67  0.1460E+00  0.5626E-03
        69  0.1516E+00  0.2859E-03
        71  0.1535E+00  0.1048E-03
       101  0.0000E+00  0.0000E+00
       102  0.1127E-01 -0.7634E-11
       103  0.2377E-01 -0.2357E-10
       104  0.3550E-01 -0.4217E-10
       105  0.4715E-01 -0.5467E-10
       106  0.5844E-01 -0.6362E-10
       107  0.6949E-01 -0.6785E-10
       108  0.7997E-01 -0.6022E-10
       109  0.9011E-01 -0.4555E-10
       110  0.9951E-01 -0.2542E-10
       111  0.1085E+00 -0.9632E-12
       112  0.1166E+00  0.2141E-10
       113  0.1242E+00  0.3913E-10
       114  0.1308E+00  0.5146E-10
       115  0.1369E+00  0.5568E-10
       116  0.1418E+00  0.4765E-10
       117  0.1461E+00  0.3486E-10
       118  0.1492E+00  0.9898E-11
       119  0.1518E+00 -0.1840E-10
       120  0.1530E+00 -0.4996E-10
       121  0.1536E+00 -0.8110E-10
       151  0.0000E+00  0.0000E+00
       153  0.2362E-01 -0.1755E-02
       155  0.4712E-01 -0.1728E-02
       157  0.6942E-01 -0.1619E-02
       159  0.9002E-01 -0.1471E-02
       161  0.1084E+00 -0.1286E-02
       163  0.1241E+00 -0.1069E-02
       165  0.1367E+00 -0.8254E-03
       167  0.1460E+00 -0.5626E-03
       169  0.1516E+00 -0.2859E-03
       171  0.1535E+00 -0.1048E-03
       201  0.0000E+00  0.0000E+00
       202  0.1194E-01 -0.3499E-02
       203  0.2362E-01 -0.3506E-02
       204  0.3546E-01 -0.3525E-02
       205  0.4710E-01 -0.3458E-02
       206  0.5839E-01 -0.3351E-02
       207  0.6943E-01 -0.3236E-02
       208  0.7989E-01 -0.3097E-02
       209  0.9003E-01 -0.2939E-02
       210  0.9942E-01 -0.2761E-02
       211  0.1084E+00 -0.2569E-02
       212  0.1165E+00 -0.2359E-02
       213  0.1241E+00 -0.2136E-02
       214  0.1307E+00 -0.1898E-02
       215  0.1367E+00 -0.1650E-02
       216  0.1416E+00 -0.1390E-02
       217  0.1460E+00 -0.1124E-02
       218  0.1491E+00 -0.8500E-03
       219  0.1516E+00 -0.5735E-03
       220  0.1529E+00 -0.2750E-03
       221  0.1536E+00 -0.2162E-03
 #### REACTION FORCE 2D
   NODE    X-REACTION  Y-REACTION
 --------+-----------+------------
         1 -1.1010E+01 -5.6358E+00
        51 -2.9287E+01 -8.2427E-02
       101 -1.5901E+01  1.5352E-08
       151 -2.9287E+01  8.2427E-02
       201 -1.1010E+01  5.6358E+00
 #### NODAL STRESS 2D
 #### STRIN
   NODE       E11         E22         E33         E12
  ------------+-----------+-----------+-----------+-------------
         1  2.3653E-02 -5.6019E-03  0.0000E+00  1.0070E-03
         2  2.3653E-02 -5.6019E-03  0.0000E+00  1.0070E-03
         3  2.3561E-02 -6.3088E-03  0.0000E+00  5.5083E-04
         4  2.3468E-02 -7.0157E-03  0.0000E+00  9.4684E-05
         5  2.2893E-02 -6.8570E-03  0.0000E+00  4.8718E-05
         6  2.2318E-02 -6.6983E-03  0.0000E+00  2.7512E-06
         7  2.1460E-02 -6.4421E-03  0.0000E+00  1.2226E-06
         8  2.0602E-02 -6.1858E-03  0.0000E+00 -3.0604E-07
         9  1.9489E-02 -5.8515E-03  0.0000E+00 -4.1383E-08
        10  1.8377E-02 -5.5171E-03  0.0000E+00  2.2328E-07
        11  1.7037E-02 -5.1150E-03  0.0000E+00  1.8902E-07
        12  1.5698E-02 -4.7129E-03  0.0000E+00  1.5477E-07
        13  1.4164E-02 -4.2525E-03  0.0000E+00  1.5658E-07
        14  1.2631E-02 -3.7922E-03  0.0000E+00  1.5840E-07
        15  1.0942E-02 -3.2848E-03  0.0000E+00  2.9380E-07
        16  9.2520E-03 -2.7775E-03  0.0000E+00  4.2919E-07
        17  7.4485E-03 -2.2382E-03  0.0000E+00  3.3393E-06
        18  5.6451E-03 -1.6989E-03  0.0000E+00  6.2495E-06
        19  3.7816E-03 -1.1724E-03  0.0000E+00 -7.6195E-10
        20  1.9180E-03 -6.4589E-04  0.0000E+00 -6.2510E-06
        21  1.9180E-03 -6.4589E-04  0.0000E+00 -6.2510E-06
        51  2.3653E-02 -5.6019E-03  0.0000E+00  1.0070E-03
        53  2.3561E-02 -6.3088E-03  0.0000E+00  5.5083E-04
        55  2.2893E-02 -6.8570E-03  0.0000E+00  4.8718E-05
        57  2.1460E-02 -6.4421E-03  0.0000E+00  1.2226E-06
        59  1.9489E-02 -5.8515E-03  0.0000E+00 -4.1383E-08
        61  1.7037E-02 -5.1150E-03  0.0000E+00  1.8902E-07
        63  1.4164E-02 -4.2525E-03  0.0000E+00  1.5658E-07
        65  1.0942E-02 -3.2848E-03  0.0000E+00  2.9380E-07
        67  7.4485E-03 -2.2382E-03  0.0000E+00  3.3393E-06
        69  3.7816E-03 -1.1724E-03  0.0000E+00 -7.6195E-10
        71  1.9180E-03 -6.4589E-04  0.0000E+00 -6.2510E-06
       101  2.3653E-02 -5.6019E-03  0.0000E+00 -5.5761E-12
       102  2.3653E-02 -5.6019E-03  0.0000E+00 -5.5761E-12
       103  2.3561E-02 -6.3088E-03  0.0000E+00 -3.9472E-12
       104  2.3468E-02 -7.0157E-03  0.0000E+00 -2.3183E-12
       105  2.2893E-02 -6.8570E-03  0.0000E+00 -1.1045E-12
       106  2.2318E-02 -6.6983E-03  0.0000E+00  1.0939E-13
       107  2.1460E-02 -6.4421E-03  0.0000E+00  3.3662E-12
       108  2.0602E-02 -6.1858E-03  0.0000E+00  6.6230E-12
       109  1.9489E-02 -5.8515E-03  0.0000E+00  6.6961E-12
       110  1.8377E-02 -5.5171E-03  0.0000E+00  6.7691E-12
       111  1.7037E-02 -5.1150E-03  0.0000E+00  7.7062E-12
       112  1.5698E-02 -4.7129E-03  0.0000E+00  8.6433E-12
       113  1.4164E-02 -4.2525E-03  0.0000E+00  6.5962E-12
       114  1.2631E-02 -3.7922E-03  0.0000E+00  4.5491E-12
       115  1.0942E-02 -3.2848E-03  0.0000E+00  3.4928E-12
       116  9.2520E-03 -2.7775E-03  0.0000E+00  2.4366E-12
       117  7.4485E-03 -2.2382E-03  0.0000E+00  1.4467E-12
       118  5.6451E-03 -1.6989E-03  0.0000E+00  4.5680E-13
       119  3.7816E-03 -1.1724E-03  0.0000E+00 -2.5403E-13
       120  1.9180E-03 -6.4589E-04  0.0000E+00 -9.6486E-13
       121  1.9180E-03 -6.4589E-04  0.0000E+00 -9.6486E-13
       151  2.3653E-02 -5.6019E-03  0.0000E+00 -1.0070E-03
       153  2.3561E-02 -6.3088E-03  0.0000E+00 -5.5083E-04
       155  2.2893E-02 -6.8570E-03  0.0000E+00 -4.8718E-05
       157  2.1460E-02 -6.4421E-03  0.0000E+00 -1.2226E-06
       159  1.9489E-02 -5.8515E-03  0.0000E+00  4.1397E-08
       161  1.7037E-02 -5.1150E-03  0.0000E+00 -1.8901E-07
       163  1.4164E-02 -4.2525E-03  0.0000E+00 -1.5657E-07
       165  1.0942E-02 -3.2848E-03  0.0000E+00 -2.9379E-07
       167  7.4485E-03 -2.2382E-03  0.0000E+00 -3.3393E-06
       169  3.7816E-03 -1.1724E-03  0.0000E+00  7.6144E-10
       171  1.9180E-03 -6.4589E-04  0.0000E+00  6.2510E-06
       201  2.3653E-02 -5.6019E-03  0.0000E+00 -1.0070E-03
       202  2.3653E-02 -5.6019E-03  0.0000E+00 -1.0070E-03
       203  2.3561E-02 -6.3088E-03  0.0000E+00 -5.5083E-04
       204  2.3468E-02 -7.0157E-03  0.0000E+00 -9.4684E-05
       205  2.2893E-02 -6.8570E-03  0.0000E+00 -4.8718E-05
       206  2.2318E-02 -6.6983E-03  0.0000E+00 -2.7512E-06
       207  2.1460E-02 -6.4421E-03  0.0000E+00 -1.2226E-06
       208  2.0602E-02 -6.1858E-03  0.0000E+00  3.0606E-07
       209  1.9489E-02 -5.8515E-03  0.0000E+00  4.1397E-08
       210  1.8377E-02 -5.5171E-03  0.0000E+00 -2.2326E-07
       211  1.7037E-02 -5.1150E-03  0.0000E+00 -1.8901E-07
       212  1.5698E-02 -4.7129E-03  0.0000E+00 -1.5475E-07
       213  1.4164E-02 -4.2525E-03  0.0000E+00 -1.5657E-07
       214  1.2631E-02 -3.7922E-03  0.0000E+00 -1.5839E-07
       215  1.0942E-02 -3.2848E-03  0.0000E+00 -2.9379E-07
       216  9.2520E-03 -2.7775E-03  0.0000E+00 -4.2919E-07
       217  7.4485E-03 -2.2382E-03  0.0000E+00 -3.3393E-06
       218  5.6451E-03 -1.6989E-03  0.0000E+00 -6.2495E-06
       219  3.7816E-03 -1.1724E-03  0.0000E+00  7.6144E-10
       220  1.9180E-03 -6.4589E-04  0.0000E+00  6.2510E-06
       221  1.9180E-03 -6.4589E-04  0.0000E+00  6.2510E-06
 #### STRESS
   NODE       S11         S22         S33         S12        MISES
  ------------+-----------+-----------+-----------+-----------+-------------
         1  9.6582E+01  6.5673E+00  0.0000E+00  1.5492E+00  9.3510E+01
         2  9.6582E+01  6.5673E+00  0.0000E+00  1.5492E+00  9.3510E+01
         3  9.5243E+01  3.3380E+00  0.0000E+00  8.4742E-01  9.3631E+01
         4  9.3904E+01  1.0868E-01  0.0000E+00  1.4567E-01  9.3851E+01
         5  9.1586E+01  4.7963E-02  0.0000E+00  7.4950E-02  9.1563E+01
         6  8.9268E+01 -1.2752E-02  0.0000E+00  4.2326E-03  8.9275E+01
         7  8.5834E+01 -1.8022E-02  0.0000E+00  1.8809E-03  8.5843E+01
         8  8.2400E+01 -2.3292E-02  0.0000E+00 -4.7084E-04  8.2412E+01
         9  7.7951E+01 -2.0384E-02  0.0000E+00 -6.3667E-05  7.7962E+01
        10  7.3503E+01 -1.7475E-02  0.0000E+00  3.4350E-04  7.3511E+01
        11  6.8145E+01 -1.6549E-02  0.0000E+00  2.9080E-04  6.8153E+01
        12  6.2787E+01 -1.5622E-02  0.0000E+00  2.3810E-04  6.2795E+01
        13  5.6654E+01 -1.4126E-02  0.0000E+00  2.4090E-04  5.6661E+01
        14  5.0520E+01 -1.2630E-02  0.0000E+00  2.4369E-04  5.0526E+01
        15  4.3763E+01 -1.0445E-02  0.0000E+00  4.5199E-04  4.3768E+01
        16  3.7006E+01 -8.2608E-03  0.0000E+00  6.6029E-04  3.7010E+01
        17  2.9789E+01 -1.5864E-02  0.0000E+00  5.1374E-03  2.9797E+01
        18  2.2573E+01 -2.3468E-02  0.0000E+00  9.6146E-03  2.2585E+01
        19  1.5076E+01 -1.6662E-01  0.0000E+00 -1.1722E-06  1.5160E+01
        20  7.5792E+00 -3.0978E-01  0.0000E+00 -9.6169E-03  7.7388E+00
        21  7.5792E+00 -3.0978E-01  0.0000E+00 -9.6169E-03  7.7388E+00
        51  9.6582E+01  6.5673E+00  0.0000E+00  1.5492E+00  9.3510E+01
        53  9.5243E+01  3.3380E+00  0.0000E+00  8.4742E-01  9.3631E+01
        55  9.1586E+01  4.7963E-02  0.0000E+00  7.4950E-02  9.1563E+01
        57  8.5834E+01 -1.8022E-02  0.0000E+00  1.8809E-03  8.5843E+01
        59  7.7951E+01 -2.0384E-02  0.0000E+00 -6.3667E-05  7.7962E+01
        61  6.8145E+01 -1.6549E-02  0.0000E+00  2.9080E-04  6.8153E+01
        63  5.6654E+01 -1.4126E-02  0.0000E+00  2.4090E-04  5.6661E+01
        65  4.3763E+01 -1.0445E-02  0.0000E+00  4.5199E-04  4.3768E+01
        67  2.9789E+01 -1.5864E-02  0.0000E+00  5.1374E-03  2.9797E+01
        69  1.5076E+01 -1.6662E-01  0.0000E+00 -1.1722E-06  1.5160E+01
        71  7.5792E+00 -3.0978E-01  0.0000E+00 -9.6169E-03  7.7388E+00
       101  9.6582E+01  6.5673E+00  0.0000E+00 -8.5787E-09  9.3472E+01
       102  9.6582E+01  6.5673E+00  0.0000E+00 -8.5787E-09  9.3472E+01
       103  9.5243E+01  3.3380E+00  0.0000E+00 -6.0727E-09  9.3619E+01
       104  9.3904E+01  1.0868E-01  0.0000E+00 -3.5666E-09  9.3850E+01
       105  9.1586E+01  4.7963E-02  0.0000E+00 -1.6992E-09  9.1563E+01
       106  8.9268E+01 -1.2752E-02  0.0000E+00  1.6829E-10  8.9275E+01
       107  8.5834E+01 -1.8022E-02  0.0000E+00  5.1788E-09  8.5843E+01
       108  8.2400E+01 -2.3292E-02  0.0000E+00  1.0189E-08  8.2412E+01
       109  7.7951E+01 -2.0384E-02  0.0000E+00  1.0302E-08  7.7962E+01
       110  7.3503E+01 -1.7475E-02  0.0000E+00  1.0414E-08  7.3511E+01
       111  6.8145E+01 -1.6549E-02  0.0000E+00  1.1856E-08  6.8153E+01
       112  6.2787E+01 -1.5622E-02  0.0000E+00  1.3297E-08  6.2795E+01
       113  5.6654E+01 -1.4126E-02  0.0000E+00  1.0148E-08  5.6661E+01
       114  5.0520E+01 -1.2630E-02  0.0000E+00  6.9985E-09  5.0526E+01
       115  4.3763E+01 -1.0445E-02  0.0000E+00  5.3736E-09  4.3768E+01
       116  3.7006E+01 -8.2608E-03  0.0000E+00  3.7486E-09  3.7010E+01
       117  2.9789E+01 -1.5864E-02  0.0000E+00  2.2257E-09  2.9797E+01
       118  2.2573E+01 -2.3468E-02  0.0000E+00  7.0276E-10  2.2585E+01
       119  1.5076E+01 -1.6662E-01  0.0000E+00 -3.9082E-10  1.5160E+01
       120  7.5792E+00 -3.0978E-01  0.0000E+00 -1.4844E-09  7.7388E+00
       121  7.5792E+00 -3.0978E-01  0.0000E+00 -1.4844E-09  7.7388E+00
       151  9.6582E+01  6.5673E+00  0.0000E+00 -1.5492E+00  9.3510E+01
       153  9.5243E+01  3.3380E+00  0.0000E+00 -8.4742E-01  9.3631E+01
       155  9.1586E+01  4.7963E-02  0.0000E+00 -7.4950E-02  9.1563E+01
       157  8.5834E+01 -1.8022E-02  0.0000E+00 -1.8809E-03  8.5843E+01
       159  7.7951E+01 -2.0384E-02  0.0000E+00  6.3687E-05  7.7962E+01
       161  6.8145E+01 -1.6549E-02  0.0000E+00 -2.9078E-04  6.8153E+01
       163  5.6654E+01 -1.4126E-02  0.0000E+00 -2.4088E-04  5.6661E+01
       165  4.3763E+01 -1.0445E-02  0.0000E+00 -4.5198E-04  4.3768E+01
       167  2.9789E+01 -1.5864E-02  0.0000E+00 -5.1374E-03  2.9797E+01
       169  1.5076E+01 -1.6662E-01  0.0000E+00  1.1714E-06  1.5160E+01
       171  7.5792E+00 -3.0978E-01  0.0000E+00  9.6169E-03  7.7388E+00
       201  9.6582E+01  6.5673E+00  0.0000E+00 -1.5492E+00  9.3510E+01
       202  9.6582E+01  6.5673E+00  0.0000E+00 -1.5492E+00  9.3510E+01
       203  9.5243E+01  3.3380E+00  0.0000E+00 -8.4742E-01  9.3631E+01
       204  9.3904E+01  1.0868E-01  0.0000E+00 -1.4567E-01  9.3851E+01
       205  9.1586E+01  4.7963E-02  0.0000E+00 -7.4950E-02  9.1563E+01
       206  8.9268E+01 -1.2752E-02  0.0000E+00 -4.2326E-03  8.9275E+01
       207  8.5834E+01 -1.8022E-02  0.0000E+00 -1.8809E-03  8.5843E+01
       208  8.2400E+01 -2.3292E-02  0.0000E+00  4.7086E-04  8.2412E+01
       209  7.7951E+01 -2.0384E-02  0.0000E+00  6.3687E-05  7.7962E+01
       210  7.3503E+01 -1.7475E-02  0.0000E+00 -3.4348E-04  7.3511E+01
       211  6.8145E+01 -1.6549E-02  0.0000E+00 -2.9078E-04  6.8153E+01
       212  6.2787E+01 -1.5622E-02  0.0000E+00 -2.3808E-04  6.2795E+01
       213  5.6654E+01 -1.4126E-02  0.0000E+00 -2.4088E-04  5.6661E+01
       214  5.0520E+01 -1.2630E-02  0.0000E+00 -2.4368E-04  5.0526E+01
       215  4.3763E+01 -1.0445E-02  0.0000E+00 -4.5198E-04  4.3768E+01
       216  3.7006E+01 -8.2607E-03  0.0000E+00 -6.6028E-04  3.7010E+01
       217  2.9789E+01 -1.5864E-02  0.0000E+00 -5.1374E-03  2.9797E+01
       218  2.2573E+01 -2.3468E-02  0.0000E+00 -9.6146E-03  2.2585E+01
       219  1.5076E+01 -1.6662E-01  0.0000E+00  1.1714E-06  1.5160E+01
       220  7.5792E+00 -3.0978E-01  0.0000E+00  9.6169E-03  7.7388E+00
       221  7.5792E+00 -3.0978E-01  0.0000E+00  9.6169E-03  7.7388E+00
 ##### Local Summary :Max/IdMax/Min/IdMin####
   //U1   1.5364E-01       121  0.0000E+00         1
   //U2   3.5250E-03         4 -3.5250E-03       204
   //U3   0.0000E+00         0  0.0000E+00         0
   //E11  2.3653E-02       151  1.9180E-03        20
   //E22 -6.4589E-04       171 -7.0157E-03         4
   //E33  0.0000E+00         1  0.0000E+00         1
   //E12  1.0070E-03         1 -1.0070E-03       151
   //E23  0.0000E+00         1  0.0000E+00         1
   //E13  0.0000E+00         1  0.0000E+00         1
   //S11  9.6582E+01       151  7.5792E+00        20
   //S22  6.5673E+00       151 -3.0978E-01        20
   //S33  0.0000E+00         1  0.0000E+00         1
   //S12  1.5492E+00         1 -1.5492E+00       151
   //S23  0.0000E+00         1  0.0000E+00         1
   //S13  0.0000E+00         1  0.0000E+00         1
   //SMS  9.3851E+01         4  7.7388E+00       120
 ##### @Element :Max/IdMax/Min/IdMin####
   //E11  2.3653E-02       101  1.9180E-03        19
   //E22 -6.4589E-04       119 -7.0157E-03         3
   //E33  1.0070E-03         1 -1.0070E-03       101
   //E12  0.0000E+00         1  0.0000E+00         1
   //E23  0.0000E+00         1  0.0000E+00         1
   //E13  0.0000E+00         1  0.0000E+00         1
   //S11  9.6582E+01       101  7.5792E+00        19
   //S22  6.5673E+00       101 -3.0978E-01        19
   //S33  1.5492E+00         1 -1.5492E+00       101
   //S12  0.0000E+00         1  0.0000E+00         1
   //S23  0.0000E+00         1  0.0000E+00         1
   //S13  0.0000E+00         1  0.0000E+00         1
   //SMS  9.4336E+01       101  7.7343E+00       119
 ##### Global Summary :Max/Min####
   //U1   1.5364E-01  0.0000E+00
   //U2   3.5250E-03 -3.5250E-03
   //U3   0.0000E+00  0.0000E+00
   //E11  2.3653E-02  1.9180E-03
   //E22 -6.4589E-04 -7.0157E-03
   //E33  0.0000E+00  0.0000E+00
   //E12  1.0070E-03 -1.0070E-03
   //E23  0.0000E+00  0.0000E+00
   //E13  0.0000E+00  0.0000E+00
   //S11  9.6582E+01  7.5792E+00
   //S22  6.5673E+00 -3.0978E-01
   //S33  0.0000E+00  0.0000E+00
   //S12  1.5492E+00 -1.5492E+00
   //S23  0.0000E+00  0.0000E+00
   //S13  0.0000E+00  0.0000E+00
   //SMS  9.3851E+01  7.7388E+00
 ##### @Element :Max/Min####
   //E11  2.3653E-02  1.9180E-03
   //E22 -6.4589E-04 -7.0157E-03
   //E33  1.0070E-03 -1.0070E-03
   //E12  0.0000E+00  0.0000E+00
   //E23  0.0000E+00  0.0000E+00
   //E13  0.0000E+00  0.0000E+00
   //S11  9.6582E+01  7.5792E+00
   //S22  6.5673E+00 -3.0978E-01
   //S33  1.5492E+00 -1.5492E+00
   //S12  0.0000E+00  0.0000E+00
   //S23  0.0000E+00  0.0000E+00
   //S13  0.0000E+00  0.0000E+00
   //SMS  9.4336E+01  7.7343E+00

 ====================================
    TOTAL TIME (sec) :      0.20
           pre (sec) :      0.00
         solve (sec) :      0.20
 ====================================
