 
********************************
*RESULT OF EIGEN VALUE ANALYSIS*
********************************
 
 NUMBER OF ITERATIONS = 18
 
   NO.   EIGENVALUE    ANGL.FREQUENCY FREQUENCY(HZ)
   ---   ----------    -------------- -------------
    1   0.116336E+10   0.341080E+05   0.542846E+04
    2   0.224066E+10   0.473356E+05   0.753369E+04
    3   0.388791E+11   0.197178E+06   0.313818E+05


 Mode No.     1

 #### DISPLACEMENT 3D
    NODE     X-DISP      Y-DISP      Z-DISP
---------+-----------+-----------+------------
      1001  0.0000E+00  0.0000E+00  0.0000E+00
      1003  0.1296E-02 -0.1389E-02  0.2880E-02
      1005  0.2331E-02 -0.5686E-02  0.1079E-01
      1007  0.3147E-02 -0.1235E-01  0.2299E-01
      1009  0.3787E-02 -0.2094E-01  0.3866E-01
      1011  0.4264E-02 -0.3103E-01  0.5703E-01
      1013  0.4595E-02 -0.4222E-01  0.7740E-01
      1015  0.4800E-02 -0.5415E-01  0.9910E-01
      1017  0.4904E-02 -0.6650E-01  0.1216E+00
      1019  0.4940E-02 -0.7905E-01  0.1444E+00
      1021  0.4943E-02 -0.9162E-01  0.1673E+00
      1101  0.0000E+00  0.0000E+00  0.0000E+00
      1103  0.2559E-02 -0.1481E-02  0.3104E-02
      1105  0.4901E-02 -0.5758E-02  0.1103E-01
      1107  0.6797E-02 -0.1242E-01  0.2321E-01
      1109  0.8313E-02 -0.2099E-01  0.3884E-01
      1111  0.9466E-02 -0.3107E-01  0.5718E-01
      1113  0.1028E-01 -0.4224E-01  0.7751E-01
      1115  0.1081E-01 -0.5416E-01  0.9918E-01
      1117  0.1109E-01 -0.6651E-01  0.1217E+00
      1119  0.1120E-01 -0.7905E-01  0.1445E+00
      1121  0.1123E-01 -0.9162E-01  0.1674E+00
      1201  0.0000E+00  0.0000E+00  0.0000E+00
      1203  0.3834E-02 -0.1794E-02  0.3264E-02
      1205  0.7478E-02 -0.6049E-02  0.1112E-01
      1207  0.1046E-01 -0.1265E-01  0.2328E-01
      1209  0.1285E-01 -0.2118E-01  0.3889E-01
      1211  0.1468E-01 -0.3121E-01  0.5722E-01
      1213  0.1598E-01 -0.4234E-01  0.7754E-01
      1215  0.1682E-01 -0.5422E-01  0.9921E-01
      1217  0.1728E-01 -0.6654E-01  0.1217E+00
      1219  0.1747E-01 -0.7906E-01  0.1445E+00
      1221  0.1751E-01 -0.9163E-01  0.1674E+00
      3001  0.0000E+00  0.0000E+00  0.0000E+00
      3003 -0.1341E-02 -0.1679E-02  0.2795E-02
      3005 -0.2697E-02 -0.5992E-02  0.1074E-01
      3007 -0.3804E-02 -0.1262E-01  0.2295E-01
      3009 -0.4694E-02 -0.2116E-01  0.3863E-01
      3011 -0.5379E-02 -0.3121E-01  0.5702E-01
      3013 -0.5873E-02 -0.4235E-01  0.7739E-01
      3015 -0.6199E-02 -0.5424E-01  0.9911E-01
      3017 -0.6385E-02 -0.6656E-01  0.1216E+00
      3019 -0.6467E-02 -0.7909E-01  0.1444E+00
      3021 -0.6489E-02 -0.9165E-01  0.1673E+00
      3101  0.0000E+00  0.0000E+00  0.0000E+00
      3103  0.4714E-04 -0.1561E-02  0.2895E-02
      3105 -0.2718E-04 -0.5872E-02  0.1087E-01
      3107 -0.6338E-04 -0.1252E-01  0.2308E-01
      3109 -0.9540E-04 -0.2108E-01  0.3874E-01
      3111 -0.1253E-03 -0.3114E-01  0.5711E-01
      3113 -0.1523E-03 -0.4230E-01  0.7746E-01
      3115 -0.1755E-03 -0.5420E-01  0.9916E-01
      3117 -0.1935E-03 -0.6654E-01  0.1216E+00
      3119 -0.2054E-03 -0.7908E-01  0.1445E+00
      3121 -0.2113E-03 -0.9165E-01  0.1674E+00
      3201  0.0000E+00  0.0000E+00  0.0000E+00
      3203  0.1411E-02 -0.1680E-02  0.2884E-02
      3205  0.2642E-02 -0.5961E-02  0.1085E-01
      3207  0.3680E-02 -0.1258E-01  0.2305E-01
      3209  0.4505E-02 -0.2113E-01  0.3872E-01
      3211  0.5129E-02 -0.3117E-01  0.5710E-01
      3213  0.5570E-02 -0.4232E-01  0.7746E-01
      3215  0.5849E-02 -0.5421E-01  0.9917E-01
      3217  0.5999E-02 -0.6654E-01  0.1217E+00
      3219  0.6056E-02 -0.7908E-01  0.1445E+00
      3221  0.6066E-02 -0.9164E-01  0.1674E+00
      5001  0.0000E+00  0.0000E+00  0.0000E+00
      5003 -0.4205E-02 -0.1925E-02  0.3169E-02
      5005 -0.7767E-02 -0.6179E-02  0.1107E-01
      5007 -0.1077E-01 -0.1278E-01  0.2323E-01
      5009 -0.1319E-01 -0.2129E-01  0.3885E-01
      5011 -0.1503E-01 -0.3130E-01  0.5719E-01
      5013 -0.1635E-01 -0.4242E-01  0.7751E-01
      5015 -0.1720E-01 -0.5429E-01  0.9918E-01
      5017 -0.1767E-01 -0.6660E-01  0.1216E+00
      5019 -0.1787E-01 -0.7911E-01  0.1445E+00
      5021 -0.1791E-01 -0.9167E-01  0.1673E+00
      5101  0.0000E+00  0.0000E+00  0.0000E+00
      5103 -0.2631E-02 -0.1584E-02  0.3181E-02
      5105 -0.4959E-02 -0.5881E-02  0.1109E-01
      5107 -0.6922E-02 -0.1253E-01  0.2325E-01
      5109 -0.8502E-02 -0.2109E-01  0.3888E-01
      5111 -0.9713E-02 -0.3116E-01  0.5721E-01
      5113 -0.1058E-01 -0.4232E-01  0.7754E-01
      5115 -0.1115E-01 -0.5423E-01  0.9921E-01
      5117 -0.1147E-01 -0.6657E-01  0.1217E+00
      5119 -0.1161E-01 -0.7910E-01  0.1445E+00
      5121 -0.1164E-01 -0.9167E-01  0.1674E+00
      5201  0.0000E+00  0.0000E+00  0.0000E+00
      5203 -0.1103E-02 -0.1494E-02  0.3024E-02
      5205 -0.2167E-02 -0.5780E-02  0.1095E-01
      5207 -0.3082E-02 -0.1244E-01  0.2313E-01
      5209 -0.3826E-02 -0.2102E-01  0.3879E-01
      5211 -0.4403E-02 -0.3110E-01  0.5715E-01
      5213 -0.4825E-02 -0.4228E-01  0.7750E-01
      5215 -0.5106E-02 -0.5420E-01  0.9919E-01
      5217 -0.5271E-02 -0.6655E-01  0.1217E+00
      5219 -0.5346E-02 -0.7909E-01  0.1445E+00
      5221 -0.5368E-02 -0.9166E-01  0.1674E+00
 #### REACTION FORCE 3D
    NODE     X-REAC      Y-REAC      Z-REAC
---------+-----------+-----------+------------
      1001 -7.4564E-01 -5.5709E-01 -4.6918E-01
      1101 -2.4587E+00 -2.4505E-01 -1.6463E+00
      1201 -1.5086E+00  8.5229E-01 -9.4651E-01
      3001  1.5306E+00 -3.4617E-01  8.5565E-01
      3101  2.1953E-01 -5.4204E-01  9.2895E-01
      3201 -1.3503E+00  1.2824E+00  4.7254E-01
      5001  1.6596E+00  5.6131E-01 -2.7794E-01
      5101  2.2807E+00 -5.4274E-01  2.6242E-02
      5201  3.7302E-01 -1.2628E-01  4.4030E-01
 #### NODAL STRESS 3D
 #### STRAIN
     NODE     E11         E22         E33         E12         E23         E13     
  -------+-----------+-----------+-----------+-----------+-----------+-------------
      1001  1.7174E-03 -6.1088E-05 -1.4965E-04 -5.7751E-04  2.1074E-04  2.1126E-03
      1003  7.1946E-04 -2.7963E-05 -2.5357E-04 -2.7234E-04  4.7402E-05  6.0442E-04
      1005  5.1169E-04  4.8530E-05 -2.1778E-04 -3.2140E-04 -6.6871E-05  5.0770E-04
      1007  4.0610E-04  5.1628E-05 -1.6616E-04 -3.0301E-04 -5.2701E-05  4.2758E-04
      1009  3.0399E-04  4.7511E-05 -1.2069E-04 -2.7228E-04 -4.1863E-05  3.8559E-04
      1011  2.1128E-04  4.2536E-05 -8.0162E-05 -2.3649E-04 -3.4067E-05  3.4237E-04
      1013  1.3089E-04  3.6597E-05 -4.5841E-05 -1.9660E-04 -2.7660E-05  2.9223E-04
      1015  6.6303E-05  2.9394E-05 -1.8938E-05 -1.5290E-04 -2.1138E-05  2.3434E-04
      1017  2.1236E-05  2.0887E-05 -9.2625E-07 -1.0571E-04 -1.3784E-05  1.6888E-04
      1019 -7.4987E-07  1.2089E-05  6.1497E-06 -5.6497E-05 -5.1172E-06  9.6352E-05
      1021 -5.5523E-06  8.6976E-06  4.0867E-06 -2.5054E-05  3.1455E-06  4.6855E-05
      1101  2.8780E-03 -1.5670E-04 -7.9813E-05 -9.2171E-04  2.3651E-04  2.5069E-03
      1103  1.8799E-03 -2.9082E-04 -4.1816E-04 -2.9707E-04  2.3717E-04  8.9689E-04
      1105  1.5867E-03 -3.0612E-04 -4.1613E-04 -3.3543E-04  1.1738E-04  7.7423E-04
      1107  1.2878E-03 -2.4538E-04 -3.3365E-04 -3.0854E-04  6.9856E-05  6.3470E-04
      1109  1.0048E-03 -1.8926E-04 -2.6102E-04 -2.7346E-04  4.6920E-05  5.4505E-04
      1111  7.3957E-04 -1.3691E-04 -1.8974E-04 -2.3450E-04  2.9919E-05  4.5646E-04
      1113  5.0158E-04 -9.0368E-05 -1.2578E-04 -1.9230E-04  1.6000E-05  3.6593E-04
      1115  3.0030E-04 -5.1846E-05 -7.2297E-05 -1.4763E-04  5.1585E-06  2.7432E-04
      1117  1.4571E-04 -2.3465E-05 -3.2208E-05 -1.0127E-04 -2.0109E-06  1.8340E-04
      1119  4.7823E-05 -6.8850E-06 -8.4876E-06 -5.4313E-05 -4.5239E-06  9.5599E-05
      1121  9.9513E-06  7.6908E-08 -2.7759E-06 -2.2212E-05 -4.2993E-07  3.7975E-05
      1201  3.8339E-03  0.0000E+00  0.0000E+00 -1.7940E-03  0.0000E+00  3.2639E-03
      1203  2.8622E-03 -4.7009E-04 -4.5963E-04 -3.9075E-04  5.0994E-04  1.2164E-03
      1205  2.5491E-03 -5.9296E-04 -6.0991E-04 -3.5110E-04  4.0530E-04  1.0659E-03
      1207  2.0774E-03 -5.0370E-04 -4.7973E-04 -3.2217E-04  2.8297E-04  8.8322E-04
      1209  1.6405E-03 -4.0108E-04 -3.8389E-04 -2.7786E-04  2.0904E-04  7.4583E-04
      1211  1.2257E-03 -3.0263E-04 -2.8401E-04 -2.2914E-04  1.4840E-04  6.0688E-04
      1213  8.4962E-04 -2.1228E-04 -1.9457E-04 -1.8042E-04  9.8408E-05  4.6962E-04
      1215  5.2640E-04 -1.3413E-04 -1.1864E-04 -1.3246E-04  5.7039E-05  3.3762E-04
      1217  2.7124E-04 -7.2079E-05 -5.9784E-05 -8.6558E-05  2.5149E-05  2.1481E-04
      1219  9.9690E-05 -2.9867E-05 -2.1696E-05 -4.4175E-05  4.6962E-06  1.0567E-04
      1221  2.4044E-05 -1.0748E-05 -7.2964E-06 -1.3851E-05 -8.3289E-07  3.2311E-05
      3001 -4.3873E-04  7.8553E-05 -5.6549E-05 -6.6558E-04 -1.2606E-04  1.0843E-03
      3003 -1.3893E-03  2.7126E-04  2.6927E-04 -1.9623E-04 -1.4741E-04  1.7434E-04
      3005 -1.2388E-03  3.6676E-04  3.4409E-04 -9.2449E-05 -1.5699E-04  1.3907E-04
      3007 -1.0290E-03  3.1237E-04  2.9410E-04 -1.0037E-04 -1.0899E-04  1.9981E-04
      3009 -8.2320E-04  2.5319E-04  2.4408E-04 -1.0470E-04 -8.1623E-05  2.1703E-04
      3011 -6.2715E-04  1.9512E-04  1.9385E-04 -1.0484E-04 -5.9902E-05  2.1958E-04
      3013 -4.4665E-04  1.4101E-04  1.4566E-04 -9.9137E-05 -4.1161E-05  2.0879E-04
      3015 -2.8808E-04  9.2899E-05  1.0123E-04 -8.6515E-05 -2.4927E-05  1.8357E-04
      3017 -1.5839E-04  5.3022E-05  6.2209E-05 -6.6145E-05 -1.1408E-05  1.4259E-04
      3019 -6.5426E-05  2.5013E-05  3.0317E-05 -3.8164E-05 -3.0090E-07  8.4168E-05
      3021 -2.9476E-05  1.5922E-05  1.5703E-05 -2.1821E-05  7.3789E-06  5.1093E-05
      3101  9.0139E-04 -7.0378E-05 -1.3922E-04 -6.6298E-04  1.7641E-05  1.2509E-03
      3103 -4.5861E-05 -2.7920E-05 -6.9649E-06 -2.2130E-04 -1.5610E-05  3.6259E-04
      3105 -1.1069E-04  3.3601E-05  8.4371E-05 -1.9523E-04 -3.0332E-05  3.2990E-04
      3107 -1.0076E-04  4.3963E-05  6.4313E-05 -1.8393E-04 -1.4459E-05  3.3634E-04
      3109 -9.5445E-05  4.3848E-05  5.8718E-05 -1.7345E-04 -1.0303E-05  3.1986E-04
      3111 -8.7924E-05  4.0812E-05  5.3373E-05 -1.5945E-04 -8.6037E-06  2.9415E-04
      3113 -7.7357E-05  3.5958E-05  4.6745E-05 -1.4011E-04 -7.4107E-06  2.5840E-04
      3115 -6.3440E-05  2.9436E-05  3.8291E-05 -1.1480E-04 -6.1562E-06  2.1167E-04
      3117 -4.6076E-05  2.1389E-05  2.7761E-05 -8.3175E-05 -4.4883E-06  1.5336E-04
      3119 -2.5810E-05  1.3169E-05  1.4923E-05 -4.5197E-05 -8.3424E-07  8.3234E-05
      3121 -1.5896E-05  1.1428E-05  7.0262E-06 -2.4097E-05  5.3126E-06  4.5885E-05
      3201  2.1977E-03 -2.0893E-04 -2.5321E-04 -7.8297E-04  1.8228E-04  1.4056E-03
      3203  1.2703E-03 -3.2091E-04 -3.0741E-04 -2.9426E-04  1.4794E-04  4.8995E-04
      3205  1.0306E-03 -3.0484E-04 -1.8723E-04 -2.5833E-04  1.2630E-04  4.7846E-04
      3207  8.3587E-04 -2.3678E-04 -1.6125E-04 -2.2755E-04  9.1132E-05  4.5188E-04
      3209  6.3913E-04 -1.7730E-04 -1.1589E-04 -2.0381E-04  6.1589E-05  4.0740E-04
      3211  4.5758E-04 -1.2442E-04 -7.5150E-05 -1.7910E-04  4.0064E-05  3.5628E-04
      3213  2.9757E-04 -7.8708E-05 -4.1120E-05 -1.5060E-04  2.3123E-05  2.9759E-04
      3215  1.6591E-04 -4.1904E-05 -1.5535E-05 -1.1821E-04  9.8368E-06  2.3134E-04
      3217  6.9710E-05 -1.5971E-05 -1.2768E-07 -8.2250E-05  4.3794E-07  1.5798E-04
      3219  1.5740E-05 -2.2930E-06  3.8580E-06 -4.2644E-05 -3.1219E-06  7.8777E-05
      3221 -6.5211E-07  3.8554E-06  1.9182E-06 -2.1335E-05  6.9394E-07  3.8746E-05
      5001 -2.7255E-03  2.2717E-04  5.0632E-04 -6.7973E-04 -9.3120E-05  2.7919E-04
      5003 -2.8630E-03  6.6043E-04  7.0123E-04  6.7731E-05 -4.2703E-04 -5.8774E-04
      5005 -2.4097E-03  5.7180E-04  5.9773E-04  1.0538E-04 -3.2661E-04 -4.1042E-04
      5007 -1.9723E-03  4.6959E-04  4.9291E-04  6.4887E-05 -2.6050E-04 -2.7047E-04
      5009 -1.5383E-03  3.6652E-04  3.8790E-04  3.0278E-05 -2.0137E-04 -1.5788E-04
      5011 -1.1315E-03  2.6963E-04  2.8866E-04  1.1771E-06 -1.4748E-04 -6.4003E-05
      5013 -7.6627E-04  1.8288E-04  1.9889E-04 -2.0360E-05 -9.9289E-05  8.2968E-06
      5015 -4.5750E-04  1.0995E-04  1.2222E-04 -3.2465E-05 -5.8165E-05  5.4619E-05
      5017 -2.2068E-04  5.4868E-05  6.2490E-05 -3.3437E-05 -2.5727E-05  7.0241E-05
      5019 -7.3174E-05  2.2854E-05  2.4726E-05 -2.1931E-05 -1.7846E-06  4.9472E-05
      5021 -4.3205E-05  1.4823E-05  1.2409E-05 -1.6122E-05  6.5489E-06  3.7656E-05
      5101 -1.4479E-03  8.1461E-05  2.4615E-04 -5.1455E-04  1.0527E-05  6.9741E-04
      5103 -1.9172E-03  3.1139E-04  5.8437E-04 -5.6250E-05 -1.4446E-04 -1.5942E-04
      5105 -1.6367E-03  3.4544E-04  4.7562E-04 -1.8444E-05 -1.3700E-04 -1.0135E-04
      5107 -1.3517E-03  2.9310E-04  3.9127E-04 -4.5860E-05 -1.0800E-04 -2.0033E-05
      5109 -1.0659E-03  2.3574E-04  3.0993E-04 -6.4852E-05 -8.5729E-05  3.5743E-05
      5111 -7.9589E-04  1.7972E-04  2.3358E-04 -7.7408E-05 -6.5781E-05  7.7482E-05
      5113 -5.5100E-04  1.2795E-04  1.6401E-04 -8.2026E-05 -4.7516E-05  1.0329E-04
      5115 -3.4061E-04  8.2574E-05  1.0357E-04 -7.7285E-05 -3.1029E-05  1.1029E-04
      5117 -1.7477E-04  4.5956E-05  5.4874E-05 -6.1869E-05 -1.6448E-05  9.5554E-05
      5119 -6.4889E-05  2.2279E-05  2.0703E-05 -3.4534E-05 -2.1448E-06  5.6077E-05
      5121 -3.5851E-05  1.6713E-05  7.3459E-06 -2.2976E-05  5.2630E-06  3.7496E-05
      5201 -1.4019E-04 -9.5602E-05  1.1230E-04 -4.6660E-04  1.4010E-04  9.3327E-04
      5203 -7.3521E-04 -3.6333E-05  3.6287E-04 -9.3654E-05  4.8815E-05  1.6730E-04
      5205 -6.6504E-04  2.1371E-05  3.0099E-04 -7.9899E-05 -9.3465E-06  1.9021E-04
      5207 -5.6510E-04  3.6850E-05  2.5052E-04 -9.8326E-05 -2.4548E-05  2.1237E-04
      5209 -4.5721E-04  3.9686E-05  2.0232E-04 -1.1113E-04 -2.9915E-05  2.1732E-04
      5211 -3.5273E-04  3.8282E-05  1.5629E-04 -1.1681E-04 -3.0561E-05  2.1222E-04
      5213 -2.5532E-04  3.4499E-05  1.1318E-04 -1.1396E-04 -2.8676E-05  1.9535E-04
      5215 -1.6834E-04  2.8777E-05  7.4263E-05 -1.0156E-04 -2.4990E-05  1.6516E-04
      5217 -9.5487E-05  2.1409E-05  4.1164E-05 -7.8600E-05 -1.9418E-05  1.2045E-04
      5219 -4.1421E-05  1.4251E-05  1.5727E-05 -4.3062E-05 -9.5856E-06  6.0879E-05
      5221 -2.5697E-05  1.4004E-05  3.8343E-06 -2.7702E-05 -1.8950E-06  3.3391E-05
 #### STRESS
     NODE     S11         S22         S33         S12         S23         S13        MISES
  -------+-----------+-----------+-----------+-----------+-----------+-----------+-------------
      1001  8.7610E+00  3.2889E+00  3.0164E+00 -8.8848E-01  3.2421E-01  3.2501E+00  8.1169E+00
      1003  3.2243E+00  9.2457E-01  2.3040E-01 -4.1899E-01  7.2926E-02  9.2988E-01  3.2410E+00
      1005  2.3647E+00  9.3956E-01  1.2014E-01 -4.9446E-01 -1.0288E-01  7.8108E-01  2.5428E+00
      1007  1.9224E+00  8.3171E-01  1.6159E-01 -4.6617E-01 -8.1078E-02  6.5782E-01  2.0831E+00
      1009  1.4680E+00  6.7882E-01  1.6128E-01 -4.1890E-01 -6.4405E-02  5.9322E-01  1.7011E+00
      1011  1.0508E+00  5.3162E-01  1.5409E-01 -3.6383E-01 -5.2411E-02  5.2673E-01  1.3586E+00
      1013  6.8345E-01  3.9332E-01  1.3967E-01 -3.0246E-01 -4.2554E-02  4.4959E-01  1.0528E+00
      1015  3.8115E-01  2.6758E-01  1.1887E-01 -2.3523E-01 -3.2520E-02  3.6053E-01  7.8167E-01
      1017  1.6041E-01  1.5933E-01  9.2218E-02 -1.6262E-01 -2.1206E-02  2.5981E-01  5.3645E-01
      1019  3.8052E-02  7.7558E-02  5.9282E-02 -8.6918E-02 -7.8727E-03  1.4823E-01  2.9990E-01
      1021 -3.9464E-04  4.3451E-02  2.9264E-02 -3.8545E-02  4.8393E-03  7.2085E-02  1.4703E-01
      1101  1.4951E+01  5.6136E+00  5.8502E+00 -1.4180E+00  3.6386E-01  3.8568E+00  1.1666E+01
      1103  8.4865E+00  1.8073E+00  1.4155E+00 -4.5703E-01  3.6487E-01  1.3798E+00  7.3566E+00
      1105  6.8768E+00  1.0529E+00  7.1436E-01 -5.1605E-01  1.8058E-01  1.1911E+00  6.4154E+00
      1107  5.5983E+00  8.8069E-01  6.0910E-01 -4.7468E-01  1.0747E-01  9.7645E-01  5.2136E+00
      1109  4.3712E+00  6.9729E-01  4.7649E-01 -4.2070E-01  7.2184E-02  8.3854E-01  4.1248E+00
      1111  3.2285E+00  5.3165E-01  3.6909E-01 -3.6077E-01  4.6029E-02  7.0225E-01  3.1006E+00
      1113  2.2020E+00  3.8063E-01  2.7167E-01 -2.9585E-01  2.4615E-02  5.6298E-01  2.1778E+00
      1115  1.3305E+00  2.4699E-01  1.8406E-01 -2.2713E-01  7.9362E-03  4.2203E-01  1.3912E+00
      1117  6.5613E-01  1.3558E-01  1.0868E-01 -1.5580E-01 -3.0937E-03  2.8216E-01  7.7291E-01
      1119  2.2203E-01  5.3701E-02  4.8770E-02 -8.3558E-02 -6.9599E-03  1.4708E-01  3.3937E-01
      1121  4.7356E-02  1.6973E-02  8.1951E-03 -3.4172E-02 -6.6143E-04  5.8423E-02  1.2252E-01
      1201  2.0644E+01  8.8475E+00  8.8475E+00 -2.7600E+00  0.0000E+00  5.0214E+00  1.5416E+01
      1203  1.3266E+01  3.0131E+00  3.0453E+00 -6.0115E-01  7.8452E-01  1.8713E+00  1.0874E+01
      1205  1.0950E+01  1.2822E+00  1.2300E+00 -5.4015E-01  6.2353E-01  1.6398E+00  1.0202E+01
      1207  8.9166E+00  9.7475E-01  1.0485E+00 -4.9564E-01  4.3534E-01  1.3588E+00  8.3269E+00
      1209  7.0219E+00  7.4017E-01  7.9308E-01 -4.2747E-01  3.2160E-01  1.1474E+00  6.6287E+00
      1211  5.2462E+00  5.4360E-01  6.0090E-01 -3.5252E-01  2.2830E-01  9.3366E-01  4.9993E+00
      1213  3.6360E+00  3.6861E-01  4.2310E-01 -2.7756E-01  1.5140E-01  7.2249E-01  3.5166E+00
      1215  2.2512E+00  2.1878E-01  2.6643E-01 -2.0378E-01  8.7752E-02  5.1941E-01  2.2345E+00
      1217  1.1562E+00  9.9865E-02  1.3770E-01 -1.3317E-01  3.8690E-02  3.3048E-01  1.2094E+00
      1219  4.1780E-01  1.9164E-02  4.4305E-02 -6.7961E-02  7.2249E-03  1.6257E-01  4.9277E-01
      1221  8.7827E-02 -1.9224E-02 -8.6049E-03 -2.1310E-02 -1.2814E-03  4.9709E-02  1.3862E-01
      3001 -2.3116E+00 -7.1998E-01 -1.1357E+00 -1.0240E+00 -1.9394E-01  1.6682E+00  3.6948E+00
      3003 -6.2333E+00 -1.1240E+00 -1.1301E+00 -3.0189E-01 -2.2679E-01  2.6822E-01  5.1689E+00
      3005 -5.0299E+00 -8.9798E-02 -1.5958E-01 -1.4223E-01 -2.4152E-01  2.1395E-01  4.9435E+00
      3007 -4.1413E+00 -1.3982E-02 -7.0178E-02 -1.5442E-01 -1.6767E-01  3.0740E-01  4.1528E+00
      3009 -3.2851E+00  2.6892E-02 -1.1501E-03 -1.6107E-01 -1.2557E-01  3.3389E-01  3.3670E+00
      3011 -2.4793E+00  5.0709E-02  4.6800E-02 -1.6129E-01 -9.2157E-02  3.3782E-01  2.6148E+00
      3013 -1.7435E+00  6.4678E-02  7.9007E-02 -1.5252E-01 -6.3325E-02  3.2121E-01  1.9201E+00
      3015 -1.1032E+00  6.9024E-02  9.4653E-02 -1.3310E-01 -3.8350E-02  2.8242E-01  1.3045E+00
      3017 -5.8694E-01  6.3551E-02  9.1819E-02 -1.0176E-01 -1.7551E-02  2.1937E-01  7.8657E-01
      3019 -2.2461E-01  5.3663E-02  6.9982E-02 -5.8714E-02 -4.6292E-04  1.2949E-01  3.7801E-01
      3021 -8.5736E-02  5.3949E-02  5.3275E-02 -3.3570E-02  1.1352E-02  7.8604E-02  2.0426E-01
      3101  4.3699E+00  1.3799E+00  1.1681E+00 -1.0200E+00  2.7140E-02  1.9245E+00  4.8839E+00
      3103 -3.2745E-01 -2.7225E-01 -2.0777E-01 -3.4046E-01 -2.4015E-02  5.5783E-01  1.1374E+00
      3105 -3.2380E-01  1.2018E-01  2.7640E-01 -3.0035E-01 -4.6665E-02  5.0753E-01  1.1579E+00
      3107 -2.9268E-01  1.5262E-01  2.1523E-01 -2.8297E-01 -2.2245E-02  5.1745E-01  1.1292E+00
      3109 -2.7725E-01  1.5135E-01  1.9710E-01 -2.6685E-01 -1.5851E-02  4.9209E-01  1.0706E+00
      3111 -2.5608E-01  1.4003E-01  1.7867E-01 -2.4531E-01 -1.3236E-02  4.5254E-01  9.8444E-01
      3113 -2.2569E-01  1.2298E-01  1.5617E-01 -2.1555E-01 -1.1401E-02  3.9754E-01  8.6494E-01
      3115 -1.8531E-01  1.0046E-01  1.2771E-01 -1.7661E-01 -9.4710E-03  3.2565E-01  7.0865E-01
      3117 -1.3468E-01  7.2908E-02  9.2515E-02 -1.2796E-01 -6.9051E-03  2.3594E-01  5.1363E-01
      3119 -7.4150E-02  4.5787E-02  5.1184E-02 -6.9534E-02 -1.2835E-03  1.2805E-01  2.8065E-01
      3121 -4.3006E-02  4.1067E-02  2.7523E-02 -3.7073E-02  8.1732E-03  7.0593E-02  1.5933E-01
      3201  1.0767E+01  3.3623E+00  3.2260E+00 -1.2046E+00  2.8044E-01  2.1625E+00  8.6301E+00
      3203  5.3900E+00  4.9398E-01  5.3552E-01 -4.5270E-01  2.2761E-01  7.5378E-01  5.1229E+00
      3205  4.4141E+00  3.0490E-01  6.6677E-01 -3.9743E-01  1.9431E-01  7.3609E-01  4.2121E+00
      3207  3.5823E+00  2.8186E-01  5.1424E-01 -3.5008E-01  1.4020E-01  6.9520E-01  3.4723E+00
      3209  2.7649E+00  2.5279E-01  4.4174E-01 -3.1356E-01  9.4752E-02  6.2677E-01  2.7151E+00
      3211  2.0033E+00  2.1257E-01  3.6418E-01 -2.7554E-01  6.1637E-02  5.4812E-01  2.0246E+00
      3213  1.3258E+00  1.6800E-01  2.8365E-01 -2.3169E-01  3.5575E-02  4.5783E-01  1.4190E+00
      3215  7.6082E-01  1.2139E-01  2.0252E-01 -1.8186E-01  1.5134E-02  3.5591E-01  9.1843E-01
      3217  3.3821E-01  7.4574E-02  1.2332E-01 -1.2654E-01  6.7375E-04  2.4304E-01  5.3317E-01
      3219  8.8364E-02  3.2879E-02  5.1805E-02 -6.5607E-02 -4.8029E-03  1.2119E-01  2.4379E-01
      3221  9.8124E-03  2.3682E-02  1.7721E-02 -3.2823E-02  1.0676E-03  5.9609E-02  1.1849E-01
      5001 -1.2983E+01 -3.8979E+00 -3.0390E+00 -1.0457E+00 -1.4326E-01  4.2952E-01  9.7455E+00
      5003 -1.2274E+01 -1.4325E+00 -1.3070E+00  1.0420E-01 -6.5697E-01 -9.0422E-01  1.1077E+01
      5005 -1.0276E+01 -1.1025E+00 -1.0227E+00  1.6212E-01 -5.0248E-01 -6.3141E-01  9.3236E+00
      5007 -8.3989E+00 -8.8537E-01 -8.1364E-01  9.9825E-02 -4.0076E-01 -4.1610E-01  7.6176E+00
      5009 -6.5423E+00 -6.8126E-01 -6.1545E-01  4.6582E-02 -3.0980E-01 -2.4289E-01  5.9341E+00
      5011 -4.8041E+00 -4.9303E-01 -4.3447E-01  1.8109E-03 -2.2690E-01 -9.8467E-02  4.3617E+00
      5013 -3.2451E+00 -3.2461E-01 -2.7533E-01 -3.1323E-02 -1.5275E-01  1.2764E-02  2.9579E+00
      5015 -1.9277E+00 -1.8167E-01 -1.4392E-01 -4.9946E-02 -8.9485E-02  8.4029E-02  1.7800E+00
      5017 -9.1743E-01 -6.9600E-02 -4.6147E-02 -5.1442E-02 -3.9580E-02  1.0806E-01  8.8708E-01
      5019 -2.8421E-01  1.1255E-02  1.7015E-02 -3.3739E-02 -2.7456E-03  7.6110E-02  3.3144E-01
      5021 -1.6980E-01  8.7475E-03  1.3224E-03 -2.4803E-02  1.0075E-02  5.7933E-02  2.0695E-01
      5101 -7.0403E+00 -2.3346E+00 -1.8279E+00 -7.9161E-01  1.6195E-02  1.0729E+00  5.4881E+00
      5103 -8.2564E+00 -1.3991E+00 -5.5919E-01 -8.6539E-02 -2.2224E-01 -2.4526E-01  7.3375E+00
      5105 -6.9180E+00 -8.1921E-01 -4.1866E-01 -2.8375E-02 -2.1078E-01 -1.5593E-01  6.3251E+00
      5107 -5.6992E+00 -6.3822E-01 -3.3615E-01 -7.0554E-02 -1.6616E-01 -3.0819E-02  5.2283E+00
      5109 -4.4801E+00 -4.7513E-01 -2.4686E-01 -9.9772E-02 -1.3189E-01  5.4990E-02  4.1349E+00
      5111 -3.3318E+00 -3.2990E-01 -1.6419E-01 -1.1909E-01 -1.0120E-01  1.1920E-01  3.1068E+00
      5113 -2.2931E+00 -2.0410E-01 -9.3119E-02 -1.2619E-01 -7.3101E-02  1.5891E-01  2.1790E+00
      5115 -1.4045E+00 -1.0238E-01 -3.7777E-02 -1.1890E-01 -4.7738E-02  1.6968E-01  1.3854E+00
      5117 -7.0840E-01 -2.9238E-02 -1.7962E-03 -9.5182E-02 -2.5304E-02  1.4701E-01  7.5802E-01
      5119 -2.5021E-01  1.7997E-02  1.3148E-02 -5.3129E-02 -3.2996E-03  8.6273E-02  3.1857E-01
      5121 -1.3752E-01  2.4211E-02 -4.6096E-03 -3.5348E-02  8.0969E-03  5.7686E-02  1.9041E-01
      5201 -7.1634E-01 -5.7915E-01  6.0540E-02 -7.1785E-01  2.1554E-01  1.4358E+00  2.8958E+00
      5203 -3.2053E+00 -1.0549E+00  1.7344E-01 -1.4408E-01  7.5099E-02  2.5739E-01  3.0087E+00
      5205 -2.8371E+00 -7.2504E-01  1.3532E-01 -1.2292E-01 -1.4379E-02  2.9264E-01  2.7057E+00
      5207 -2.3797E+00 -5.2753E-01  1.2992E-01 -1.5127E-01 -3.7766E-02  3.2672E-01  2.3396E+00
      5209 -1.9034E+00 -3.7452E-01  1.2589E-01 -1.7097E-01 -4.6024E-02  3.3433E-01  1.9448E+00
      5211 -1.4503E+00 -2.4718E-01  1.1593E-01 -1.7971E-01 -4.7017E-02  3.2649E-01  1.5619E+00
      5213 -1.0340E+00 -1.4225E-01  9.9843E-02 -1.7532E-01 -4.4117E-02  3.0053E-01  1.1995E+00
      5215 -6.6867E-01 -6.2154E-02  7.7804E-02 -1.5625E-01 -3.8446E-02  2.5409E-01  8.6238E-01
      5217 -3.6976E-01 -1.0080E-02  5.0705E-02 -1.2092E-01 -2.9874E-02  1.8530E-01  5.5180E-01
      5219 -1.5386E-01  1.7442E-02  2.1984E-02 -6.6250E-02 -1.4747E-02  9.3659E-02  2.6510E-01
      5221 -9.7204E-02  2.4953E-02 -6.3382E-03 -4.2619E-02 -2.9155E-03  5.1371E-02  1.5960E-01
 ##### Local Summary :Max/IdMax/Min/IdMin####
   //U1   1.7510E-02      1221 -1.7911E-02      5021
   //U2   0.0000E+00      1001 -9.1674E-02      5021
   //U3   1.6738E-01      1221  0.0000E+00      1001
   //E11  3.8339E-03      1201 -2.8630E-03      5003
   //E22  6.6043E-04      5003 -5.9296E-04      1205
   //E33  7.0123E-04      5003 -6.0991E-04      1205
   //E12  1.0538E-04      5005 -1.7940E-03      1201
   //E23  5.0994E-04      1203 -4.2703E-04      5003
   //E13  3.2639E-03      1201 -5.8774E-04      5003
   //S11  2.0644E+01      1201 -1.2983E+01      5001
   //S22  8.8475E+00      1201 -3.8979E+00      5001
   //S33  8.8475E+00      1201 -3.0390E+00      5001
   //S12  1.6212E-01      5005 -2.7600E+00      1201
   //S23  7.8452E-01      1203 -6.5697E-01      5003
   //S13  5.0214E+00      1201 -9.0422E-01      5003
   //SMS  1.5416E+01      1201  1.1849E-01      3221
 ##### @Element :Max/IdMax/Min/IdMin####
   //E11  3.8339E-03        62 -4.2047E-03       125
   //E22  6.8152E-04       125 -6.2679E-04        61
   //E33  7.7131E-04       126 -7.5963E-04        64
   //E12  1.4711E-03       185 -1.7940E-03        62
   //E23  9.4605E-04        61 -4.6860E-04       125
   //E13  3.2639E-03        62 -2.5586E-03       125
   //S11  2.0644E+01        62 -1.9343E+01       125
   //S22  8.8475E+00        62 -4.3081E+00       125
   //S33  8.8475E+00        62 -4.1046E+00       125
   //S12  2.2633E+00       185 -2.7600E+00        62
   //S23  1.4555E+00        61 -7.2093E-01       125
   //S13  5.0214E+00        62 -3.9363E+00       125
   //SMS  9.5935E+01       125  8.4066E-04       118
 ##### Global Summary :Max/Min####
   //U1   1.7510E-02 -1.7911E-02
   //U2   0.0000E+00 -9.1674E-02
   //U3   1.6738E-01  0.0000E+00
   //E11  3.8339E-03 -2.8630E-03
   //E22  6.6043E-04 -5.9296E-04
   //E33  7.0123E-04 -6.0991E-04
   //E12  1.0538E-04 -1.7940E-03
   //E23  5.0994E-04 -4.2703E-04
   //E13  3.2639E-03 -5.8774E-04
   //S11  2.0644E+01 -1.2983E+01
   //S22  8.8475E+00 -3.8979E+00
   //S33  8.8475E+00 -3.0390E+00
   //S12  1.6212E-01 -2.7600E+00
   //S23  7.8452E-01 -6.5697E-01
   //S13  5.0214E+00 -9.0422E-01
   //SMS  1.5416E+01  1.1849E-01
 ##### @Element :Max/Min####
   //E11  3.8339E-03 -4.2047E-03
   //E22  6.8152E-04 -6.2679E-04
   //E33  7.7131E-04 -7.5963E-04
   //E12  1.4711E-03 -1.7940E-03
   //E23  9.4605E-04 -4.6860E-04
   //E13  3.2639E-03 -2.5586E-03
   //S11  2.0644E+01 -1.9343E+01
   //S22  8.8475E+00 -4.3081E+00
   //S33  8.8475E+00 -4.1046E+00
   //S12  2.2633E+00 -2.7600E+00
   //S23  1.4555E+00 -7.2093E-01
   //S13  5.0214E+00 -3.9363E+00
   //SMS  9.5935E+01  8.4066E-04

 Mode No.     2

 #### DISPLACEMENT 3D
    NODE     X-DISP      Y-DISP      Z-DISP
---------+-----------+-----------+------------
      1001  0.0000E+00  0.0000E+00  0.0000E+00
      1003  0.3335E-02  0.3680E-02  0.1833E-02
      1005  0.6806E-02  0.1211E-01  0.5843E-02
      1007  0.9833E-02  0.2476E-01  0.1209E-01
      1009  0.1228E-01  0.4078E-01  0.2024E-01
      1011  0.1416E-01  0.5940E-01  0.2991E-01
      1013  0.1552E-01  0.7990E-01  0.4069E-01
      1015  0.1641E-01  0.1016E+00  0.5223E-01
      1017  0.1692E-01  0.1240E+00  0.6422E-01
      1019  0.1714E-01  0.1467E+00  0.7641E-01
      1021  0.1720E-01  0.1693E+00  0.8863E-01
      1101  0.0000E+00  0.0000E+00  0.0000E+00
      1103  0.1416E-02  0.3461E-02  0.1965E-02
      1105  0.2649E-02  0.1189E-01  0.6431E-02
      1107  0.3668E-02  0.2458E-01  0.1314E-01
      1109  0.4464E-02  0.4064E-01  0.2169E-01
      1111  0.5063E-02  0.5929E-01  0.3167E-01
      1113  0.5485E-02  0.7982E-01  0.4269E-01
      1115  0.5752E-02  0.1016E+00  0.5440E-01
      1117  0.5893E-02  0.1240E+00  0.6649E-01
      1119  0.5945E-02  0.1467E+00  0.7874E-01
      1121  0.5952E-02  0.1693E+00  0.9098E-01
      1201  0.0000E+00  0.0000E+00  0.0000E+00
      1203 -0.4232E-03  0.3563E-02  0.2058E-02
      1205 -0.1485E-02  0.1199E-01  0.6956E-02
      1207 -0.2527E-02  0.2466E-01  0.1415E-01
      1209 -0.3390E-02  0.4070E-01  0.2311E-01
      1211 -0.4070E-02  0.5934E-01  0.3341E-01
      1213 -0.4581E-02  0.7985E-01  0.4468E-01
      1215 -0.4938E-02  0.1016E+00  0.5656E-01
      1217 -0.5159E-02  0.1240E+00  0.6876E-01
      1219 -0.5271E-02  0.1467E+00  0.8107E-01
      1221 -0.5309E-02  0.1693E+00  0.9333E-01
      3001  0.0000E+00  0.0000E+00  0.0000E+00
      3003  0.2490E-02  0.3282E-02  0.1440E-02
      3005  0.4805E-02  0.1134E-01  0.5397E-02
      3007  0.6696E-02  0.2357E-01  0.1172E-01
      3009  0.8207E-02  0.3924E-01  0.1996E-01
      3011  0.9355E-02  0.5757E-01  0.2970E-01
      3013  0.1017E-01  0.7786E-01  0.4055E-01
      3015  0.1069E-01  0.9944E-01  0.5215E-01
      3017  0.1098E-01  0.1218E+00  0.6418E-01
      3019  0.1109E-01  0.1444E+00  0.7640E-01
      3021  0.1111E-01  0.1669E+00  0.8862E-01
      3101  0.0000E+00  0.0000E+00  0.0000E+00
      3103  0.6955E-05  0.3123E-02  0.1858E-02
      3105  0.3451E-05  0.1118E-01  0.6338E-02
      3107 -0.2146E-04  0.2344E-01  0.1308E-01
      3109 -0.4778E-04  0.3913E-01  0.2166E-01
      3111 -0.7355E-04  0.5749E-01  0.3165E-01
      3113 -0.9710E-04  0.7780E-01  0.4268E-01
      3115 -0.1172E-03  0.9940E-01  0.5440E-01
      3117 -0.1328E-03  0.1217E+00  0.6650E-01
      3119 -0.1427E-03  0.1443E+00  0.7875E-01
      3121 -0.1475E-03  0.1669E+00  0.9098E-01
      3201  0.0000E+00  0.0000E+00  0.0000E+00
      3203 -0.2413E-02  0.3320E-02  0.2255E-02
      3205 -0.4774E-02  0.1132E-01  0.7257E-02
      3207 -0.6732E-02  0.2355E-01  0.1442E-01
      3209 -0.8301E-02  0.3921E-01  0.2333E-01
      3211 -0.9503E-02  0.5755E-01  0.3358E-01
      3213 -0.1037E-01  0.7784E-01  0.4480E-01
      3215 -0.1093E-01  0.9943E-01  0.5664E-01
      3217 -0.1125E-01  0.1217E+00  0.6881E-01
      3219 -0.1138E-01  0.1443E+00  0.8109E-01
      3221 -0.1141E-01  0.1669E+00  0.9333E-01
      5001  0.0000E+00  0.0000E+00  0.0000E+00
      5003  0.1765E-02  0.2662E-02  0.1138E-02
      5005  0.2754E-02  0.1022E-01  0.5194E-02
      5007  0.3514E-02  0.2208E-01  0.1157E-01
      5009  0.4095E-02  0.3745E-01  0.1985E-01
      5011  0.4515E-02  0.5556E-01  0.2963E-01
      5013  0.4792E-02  0.7570E-01  0.4051E-01
      5015  0.4948E-02  0.9718E-01  0.5213E-01
      5017  0.5014E-02  0.1194E+00  0.6418E-01
      5019  0.5026E-02  0.1420E+00  0.7640E-01
      5021  0.5024E-02  0.1646E+00  0.8862E-01
      5101  0.0000E+00  0.0000E+00  0.0000E+00
      5103 -0.1410E-02  0.2517E-02  0.1974E-02
      5105 -0.2658E-02  0.1012E-01  0.6490E-02
      5107 -0.3709E-02  0.2200E-01  0.1321E-01
      5109 -0.4557E-02  0.3739E-01  0.2176E-01
      5111 -0.5208E-02  0.5552E-01  0.3174E-01
      5113 -0.5676E-02  0.7567E-01  0.4275E-01
      5115 -0.5982E-02  0.9716E-01  0.5445E-01
      5117 -0.6154E-02  0.1194E+00  0.6653E-01
      5119 -0.6226E-02  0.1420E+00  0.7876E-01
      5121 -0.6243E-02  0.1646E+00  0.9098E-01
      5201  0.0000E+00  0.0000E+00  0.0000E+00
      5203 -0.4491E-02  0.2737E-02  0.2817E-02
      5205 -0.8012E-02  0.1030E-01  0.7754E-02
      5207 -0.1089E-01  0.2215E-01  0.1482E-01
      5209 -0.1317E-01  0.3750E-01  0.2365E-01
      5211 -0.1490E-01  0.5560E-01  0.3382E-01
      5213 -0.1612E-01  0.7572E-01  0.4497E-01
      5215 -0.1689E-01  0.9719E-01  0.5675E-01
      5217 -0.1731E-01  0.1194E+00  0.6887E-01
      5219 -0.1747E-01  0.1420E+00  0.8111E-01
      5221 -0.1751E-01  0.1646E+00  0.9334E-01
 #### REACTION FORCE 3D
    NODE     X-REAC      Y-REAC      Z-REAC
---------+-----------+-----------+------------
      1001 -2.8345E+00 -5.8815E-01 -1.5605E+00
      1101 -2.1953E+00 -7.3600E-02 -1.3869E+00
      1201  2.8796E-01 -3.0981E-01 -5.0525E-02
      3001 -4.1172E+00 -9.3891E-01 -2.0076E-01
      3101 -1.3369E-01  1.0089E+00  6.8761E-01
      3201  4.1964E+00 -9.1343E-01  1.0917E+00
      5001 -1.6158E+00 -3.7248E-01  9.0227E-01
      5101  2.0350E+00  1.3804E+00  2.2199E-01
      5201  4.3758E+00 -3.8367E-01 -3.5764E-01
 #### NODAL STRESS 3D
 #### STRAIN
     NODE     E11         E22         E33         E12         E23         E13     
  -------+-----------+-----------+-----------+-----------+-----------+-------------
      1001  2.6951E-03 -1.4610E-04 -8.8321E-05  2.3275E-03  2.3442E-04  3.1566E-03
      1003  2.1688E-03 -2.9824E-04 -4.1774E-04  1.5506E-03 -8.2733E-05  1.3919E-03
      1005  2.0404E-03 -3.6719E-04 -6.2738E-04  1.5765E-03  8.7399E-05  1.4495E-03
      1007  1.6974E-03 -3.1748E-04 -5.6095E-04  1.4319E-03  1.8052E-04  1.2999E-03
      1009  1.3385E-03 -2.5525E-04 -4.4093E-04  1.2524E-03  1.7654E-04  1.0825E-03
      1011  9.9935E-04 -1.9548E-04 -3.2592E-04  1.0565E-03  1.5474E-04  8.6670E-04
      1013  6.9242E-04 -1.4039E-04 -2.2311E-04  8.5224E-04  1.2904E-04  6.5903E-04
      1015  4.2912E-04 -9.1950E-05 -1.3626E-04  6.4472E-04  1.0147E-04  4.6493E-04
      1017  2.2161E-04 -5.2223E-05 -6.9364E-05  4.3872E-04  7.2926E-05  2.9095E-04
      1019  8.2474E-05 -2.3162E-05 -2.6799E-05  2.3902E-04  4.4500E-05  1.4381E-04
      1021  2.5122E-05 -8.9036E-06 -1.2984E-05  1.1210E-04  2.6540E-05  6.3946E-05
      1101  9.5590E-04  5.1226E-05 -4.6216E-05  2.5670E-03 -5.0101E-06  2.9080E-03
      1103  4.5073E-04  2.3335E-05 -3.4674E-05  1.6797E-03 -1.8111E-05  1.2910E-03
      1105  3.7133E-04  2.9664E-05 -9.0442E-05  1.8177E-03  5.2199E-05  1.1279E-03
      1107  3.0349E-04  9.0516E-06 -6.5833E-05  1.6473E-03  1.4484E-04  9.8426E-04
      1109  2.2996E-04  3.6081E-06 -3.5911E-05  1.4215E-03  1.3989E-04  8.3329E-04
      1111  1.6482E-04 -1.8032E-07 -1.6660E-05  1.1844E-03  1.2361E-04  6.8413E-04
      1113  1.0788E-04 -3.1612E-06 -2.0898E-06  9.4450E-04  1.0538E-04  5.3604E-04
      1115  6.0920E-05 -4.9462E-06  7.8183E-06  7.0649E-04  8.5024E-05  3.9230E-04
      1117  2.6291E-05 -5.2409E-06  1.2269E-05  4.7586E-04  6.2425E-05  2.5692E-04
      1119  6.4316E-06 -3.4546E-06  1.0334E-05  2.5816E-04  3.8185E-05  1.3412E-04
      1121  3.0264E-07 -4.1611E-07  4.6734E-06  1.1794E-04  2.0876E-05  5.7788E-05
      1201 -4.2324E-04  0.0000E+00  0.0000E+00  3.5633E-03  0.0000E+00  2.0579E-03
      1203 -6.2057E-04  1.5368E-04  1.5069E-04  1.9331E-03 -1.5632E-04  1.7239E-03
      1205 -8.0803E-04  1.9589E-04  2.8171E-04  2.2611E-03 -6.7571E-05  1.2596E-03
      1207 -7.1088E-04  1.6908E-04  3.1978E-04  2.0479E-03  2.3916E-05  1.0427E-03
      1209 -5.7908E-04  1.3793E-04  2.7533E-04  1.7246E-03  4.8727E-05  8.9468E-04
      1211 -4.4854E-04  1.0589E-04  2.2156E-04  1.4087E-03  5.4677E-05  7.4527E-04
      1213 -3.2715E-04  7.5417E-05  1.7130E-04  1.1015E-03  5.6080E-05  5.9358E-04
      1215 -2.1853E-04  4.8774E-05  1.2420E-04  8.0668E-04  5.3532E-05  4.4326E-04
      1217 -1.2708E-04  2.7284E-05  8.1450E-05  5.3212E-04  4.5883E-05  2.9792E-04
      1219 -5.7780E-05  1.2268E-05  4.4842E-05  2.8649E-04  3.2618E-05  1.6153E-04
      1221 -2.0910E-05  7.6836E-06  2.0704E-05  1.1874E-04  1.9066E-05  6.4980E-05
      3001  1.8030E-03 -1.0629E-04 -2.6178E-04  1.6401E-03  1.3088E-05  1.0816E-03
      3003  1.4022E-03 -2.6115E-04 -3.0320E-04  3.8095E-04  1.2906E-05  7.1927E-04
      3005  1.1741E-03 -2.8693E-04 -3.3948E-04  1.6362E-04  1.7073E-04  8.9210E-04
      3007  9.3798E-04 -2.2998E-04 -2.5062E-04  2.1068E-04  1.7285E-04  7.9540E-04
      3009  7.2425E-04 -1.8145E-04 -1.8089E-04  2.6842E-04  1.5854E-04  6.8786E-04
      3011  5.2649E-04 -1.3660E-04 -1.2008E-04  3.0439E-04  1.3675E-04  5.7311E-04
      3013  3.5049E-04 -9.5958E-05 -6.8944E-05  3.1262E-04  1.1180E-04  4.5524E-04
      3015  2.0349E-04 -6.0835E-05 -2.9722E-05  2.8941E-04  8.5112E-05  3.3691E-04
      3017  9.3126E-05 -3.2671E-05 -5.1270E-06  2.3101E-04  5.7608E-05  2.2109E-04
      3019  2.6900E-05 -1.3061E-05  2.4598E-06  1.3267E-04  3.2391E-05  1.1133E-04
      3021  5.4436E-06 -3.8822E-06  2.4144E-06  6.5329E-05  1.7112E-05  5.6691E-05
      3101  3.9308E-04 -7.4389E-06 -7.1776E-05  1.8585E-03 -4.8929E-05  9.9869E-04
      3103 -8.8093E-05  6.2515E-06  2.8486E-05  8.0470E-04 -5.5695E-05  4.2886E-04
      3105 -3.7648E-05 -1.7132E-05  5.7294E-05  6.9678E-04  8.0945E-05  3.8205E-04
      3107 -4.2913E-05 -2.4720E-05  7.6326E-05  6.5321E-04  1.0291E-04  3.6124E-04
      3109 -4.1540E-05 -2.3006E-05  7.2508E-05  6.1984E-04  1.0230E-04  3.4193E-04
      3111 -3.8450E-05 -2.0736E-05  6.6229E-05  5.7073E-04  9.4776E-05  3.1384E-04
      3113 -3.3803E-05 -1.8113E-05  5.7932E-05  5.0156E-04  8.3223E-05  2.7535E-04
      3115 -2.7635E-05 -1.4853E-05  4.7294E-05  4.1087E-04  6.7884E-05  2.2533E-04
      3117 -1.9947E-05 -1.0767E-05  3.4062E-05  2.9778E-04  4.8906E-05  1.6316E-04
      3119 -1.1426E-05 -5.5411E-06  1.9174E-05  1.6163E-04  2.7782E-05  8.7919E-05
      3121 -7.2589E-06 -1.3561E-06  1.0416E-05  8.0911E-05  1.4990E-05  4.5856E-05
      3201 -8.0505E-04  6.8301E-05  1.3127E-04  2.1814E-03 -1.0088E-04  7.9922E-04
      3203 -1.4496E-03  2.6314E-04  2.8170E-04  1.2753E-03 -1.1830E-04  1.1952E-04
      3205 -1.2909E-03  2.6632E-04  4.8013E-04  1.1743E-03 -3.1361E-05 -1.1765E-04
      3207 -1.0645E-03  2.0492E-04  4.2432E-04  1.0296E-03  1.9560E-05 -5.8611E-05
      3209 -8.4417E-04  1.5814E-04  3.4617E-04  9.0557E-04  3.3505E-05  1.4947E-05
      3211 -6.3678E-04  1.1588E-04  2.7197E-04  7.7597E-04  3.9999E-05  7.3477E-05
      3213 -4.4733E-04  7.7928E-05  2.0227E-04  6.3673E-04  4.2779E-05  1.1240E-04
      3215 -2.8274E-04  4.6007E-05  1.3877E-04  4.8844E-04  4.0699E-05  1.2763E-04
      3217 -1.5045E-04  2.1932E-05  8.3803E-05  3.3283E-04  3.2766E-05  1.1533E-04
      3219 -5.8812E-05  8.0867E-06  4.0995E-05  1.7133E-04  1.9477E-05  7.1636E-05
      3221 -2.3654E-05  4.6557E-06  2.1422E-05  8.3547E-05  9.4193E-06  4.1428E-05
      5001  9.4836E-04 -9.6491E-05  1.5395E-04  7.0397E-04 -3.6616E-04 -1.5655E-03
      5003  9.5536E-04 -2.6737E-04 -2.7557E-04 -9.9606E-04  1.8296E-04 -4.7783E-04
      5005  6.4728E-04 -1.9056E-04 -1.8021E-04 -8.4802E-04  1.6461E-04 -2.7179E-04
      5007  5.0094E-04 -1.5011E-04 -1.2721E-04 -5.9013E-04  1.5626E-04 -1.4692E-04
      5009  3.7460E-04 -1.1535E-04 -8.4085E-05 -3.5026E-04  1.3935E-04 -4.2643E-05
      5011  2.6078E-04 -8.3900E-05 -4.7738E-05 -1.4770E-04  1.1807E-04  3.9606E-05
      5013  1.6232E-04 -5.6244E-05 -1.9113E-05  6.1519E-06  9.4105E-05  9.5911E-05
      5015  8.3731E-05 -3.3359E-05  2.1728E-08  1.0063E-04  6.8202E-05  1.2154E-04
      5017  2.9765E-05 -1.6085E-05  7.8118E-06  1.2422E-04  4.1457E-05  1.1187E-04
      5019  3.9625E-06 -4.4824E-06  6.0610E-06  6.6195E-05  1.7748E-05  6.1807E-05
      5021 -2.0954E-06  1.5583E-06  5.9957E-07  3.8804E-05  8.6974E-06  4.1613E-05
      5101 -4.6587E-04 -2.4877E-05  3.2666E-04  8.7561E-04 -1.3081E-04 -2.7028E-04
      5103 -4.2549E-04 -3.9288E-05  1.8589E-04 -3.7900E-04 -5.1443E-05 -5.7494E-04
      5105 -4.2072E-04 -5.8255E-05  1.8627E-04 -3.8003E-04  4.5257E-05 -3.6239E-04
      5107 -3.5418E-04 -4.5377E-05  1.6038E-04 -2.1822E-04  6.2468E-05 -2.3890E-04
      5109 -2.8317E-04 -3.7291E-05  1.3355E-04 -5.9364E-05  6.7797E-05 -1.2776E-04
      5111 -2.1458E-04 -3.0255E-05  1.0702E-04  6.9153E-05  6.7102E-05 -3.5330E-05
      5113 -1.5158E-04 -2.3551E-05  8.1278E-05  1.5683E-04  6.1491E-05  3.3684E-05
      5115 -9.6509E-05 -1.7050E-05  5.6817E-05  1.9552E-04  5.0838E-05  7.4109E-05
      5117 -5.1940E-05 -1.0671E-05  3.4558E-05  1.7747E-04  3.4952E-05  8.0619E-05
      5119 -2.1204E-05 -4.3382E-06  1.6276E-05  9.6331E-05  1.7284E-05  4.8279E-05
      5121 -1.3608E-05 -4.4795E-07  6.9062E-06  5.4546E-05  6.5472E-06  3.0171E-05
      5201 -2.2762E-03  1.5747E-04  4.4996E-04  1.0719E-03 -1.4865E-04  6.5835E-04
      5203 -2.4754E-03  3.3379E-04  8.5643E-04 -3.7990E-06 -6.2477E-05 -9.1472E-04
      5205 -2.0056E-03  3.1536E-04  7.0778E-04 -1.3586E-04  3.3315E-06 -7.7837E-04
      5207 -1.6230E-03  2.5078E-04  5.7931E-04 -3.8167E-05  2.2223E-05 -5.8198E-04
      5209 -1.2652E-03  1.9283E-04  4.5601E-04  7.5392E-05  3.1670E-05 -3.9770E-04
      5211 -9.3179E-04  1.3873E-04  3.4059E-04  1.6637E-04  3.7922E-05 -2.3672E-04
      5213 -6.3287E-04  9.0657E-05  2.3642E-04  2.2233E-04  3.9942E-05 -1.0572E-04
      5215 -3.8018E-04  5.1153E-05  1.4736E-04  2.3543E-04  3.6219E-05 -1.2172E-05
      5217 -1.8618E-04  2.2644E-05  7.7731E-05  1.9895E-04  2.5957E-05  3.6217E-05
      5219 -6.4093E-05  7.7518E-06  3.1747E-05  1.0785E-04  1.1586E-05  3.3532E-05
      5221 -2.9078E-05  5.8805E-06  1.3126E-05  6.0433E-05  4.4961E-07  2.2177E-05
 #### STRESS
     NODE     S11         S22         S33         S12         S23         S13        MISES
  -------+-----------+-----------+-----------+-----------+-----------+-----------+-------------
      1001  1.3971E+01  5.2288E+00  5.4066E+00  3.5808E+00  3.6065E-01  4.8563E+00  1.3583E+01
      1003  1.0026E+01  2.4350E+00  2.0673E+00  2.3855E+00 -1.2728E-01  2.1413E+00  9.5616E+00
      1005  8.6918E+00  1.2837E+00  4.8313E-01  2.4254E+00  1.3446E-01  2.2300E+00  9.6991E+00
      1007  7.1129E+00  9.1315E-01  1.6401E-01  2.2029E+00  2.7772E-01  1.9999E+00  8.3923E+00
      1009  5.6009E+00  6.9697E-01  1.2564E-01  1.9268E+00  2.7160E-01  1.6654E+00  6.8452E+00
      1011  4.1779E+00  5.0152E-01  1.0016E-01  1.6253E+00  2.3806E-01  1.3334E+00  5.3462E+00
      1013  2.8896E+00  3.2707E-01  7.2540E-02  1.3111E+00  1.9853E-01  1.0139E+00  3.9551E+00
      1015  1.7840E+00  1.8073E-01  4.4388E-02  9.9188E-01  1.5611E-01  7.1528E-01  2.7143E+00
      1017  9.1268E-01  7.0131E-02  1.7389E-02  6.7496E-01  1.1219E-01  4.4761E-01  1.6621E+00
      1019  3.2880E-01  3.7609E-03 -7.4282E-03  3.6772E-01  6.8462E-02  2.2125E-01  8.2218E-01
      1021  8.4762E-02 -1.9932E-02 -3.2488E-02  1.7245E-01  4.0831E-02  9.8379E-02  3.6836E-01
      1101  5.1587E+00  2.3751E+00  2.0753E+00  3.9493E+00 -7.7078E-03  4.4739E+00  1.0748E+01
      1103  2.4008E+00  1.0858E+00  9.0728E-01  2.5842E+00 -2.7864E-02  1.9862E+00  5.8195E+00
      1105  1.8592E+00  8.0794E-01  4.3838E-01  2.7964E+00  8.0306E-02  1.7353E+00  5.8432E+00
      1107  1.5032E+00  5.9719E-01  3.6677E-01  2.5343E+00  2.2283E-01  1.5142E+00  5.2324E+00
      1109  1.1637E+00  4.6722E-01  3.4563E-01  2.1870E+00  2.1522E-01  1.2820E+00  4.4724E+00
      1111  8.4865E-01  3.4094E-01  2.9024E-01  1.8222E+00  1.9017E-01  1.0525E+00  3.6985E+00
      1113  5.6876E-01  2.2710E-01  2.3040E-01  1.4531E+00  1.6212E-01  8.2468E-01  2.9273E+00
      1115  3.3466E-01  1.3199E-01  1.7127E-01  1.0869E+00  1.3081E-01  6.0354E-01  2.1732E+00
      1117  1.5778E-01  6.0765E-02  1.1464E-01  7.3210E-01  9.6039E-02  3.9526E-01  1.4531E+00
      1119  5.0508E-02  2.0089E-02  6.2516E-02  3.9717E-01  5.8747E-02  2.0634E-01  7.8279E-01
      1121  1.1454E-02  9.2426E-03  2.4903E-02  1.8144E-01  3.2116E-02  8.8904E-02  3.5466E-01
      1201 -2.2790E+00 -9.7671E-01 -9.7671E-01  5.4820E+00  0.0000E+00  3.1660E+00  1.1042E+01
      1203 -2.6391E+00 -2.5685E-01 -2.6606E-01  2.9739E+00 -2.4050E-01  2.6522E+00  7.3118E+00
      1205 -3.2488E+00 -1.5977E-01  1.0429E-01  3.4787E+00 -1.0396E-01  1.9379E+00  7.6177E+00
      1207 -2.6997E+00  7.8675E-03  4.7156E-01  3.1506E+00  3.6793E-02  1.6042E+00  6.8047E+00
      1209 -2.1645E+00  4.1745E-02  4.6451E-01  2.6533E+00  7.4965E-02  1.3764E+00  5.7270E+00
      1211 -1.6596E+00  4.6372E-02  4.0227E-01  2.1672E+00  8.4119E-02  1.1466E+00  4.6583E+00
      1213 -1.1922E+00  4.6440E-02  3.4146E-01  1.6946E+00  8.6277E-02  9.1320E-01  3.6229E+00
      1215 -7.7753E-01  4.4951E-02  2.7705E-01  1.2410E+00  8.2357E-02  6.8193E-01  2.6377E+00
      1217 -4.3333E-01  4.1624E-02  2.0829E-01  8.1865E-01  7.0589E-02  4.5833E-01  1.7286E+00
      1219 -1.7933E-01  3.6202E-02  1.3643E-01  4.4075E-01  5.0181E-02  2.4851E-01  9.2396E-01
      1221 -4.7085E-02  4.0896E-02  8.0958E-02  1.8267E-01  2.9332E-02  9.9969E-02  3.8150E-01
      3001  8.8590E+00  2.9843E+00  2.5059E+00  2.5232E+00  2.0135E-02  1.6640E+00  8.0598E+00
      3003  6.2479E+00  1.1299E+00  1.0005E+00  5.8607E-01  1.9855E-02  1.1066E+00  5.6194E+00
      3005  4.8764E+00  3.8101E-01  2.1933E-01  2.5172E-01  2.6267E-01  1.3725E+00  5.1971E+00
      3007  3.9416E+00  3.4788E-01  2.8435E-01  3.2412E-01  2.6593E-01  1.2237E+00  4.2623E+00
      3009  3.0636E+00  2.7686E-01  2.7860E-01  4.1296E-01  2.4390E-01  1.0583E+00  3.4367E+00
      3011  2.2426E+00  2.0235E-01  2.5317E-01  4.6829E-01  2.1039E-01  8.8170E-01  2.6804E+00
      3013  1.5067E+00  1.3302E-01  2.1614E-01  4.8096E-01  1.7200E-01  7.0038E-01  2.0085E+00
      3015  8.8674E-01  7.3431E-02  1.6916E-01  4.4524E-01  1.3094E-01  5.1832E-01  1.4300E+00
      3017  4.1422E-01  2.7156E-02  1.1191E-01  3.5540E-01  8.8628E-02  3.4014E-01  9.3477E-01
      3019  1.2038E-01 -2.5728E-03  4.5183E-02  2.0411E-01  4.9833E-02  1.7127E-01  4.8162E-01
      3021  2.5924E-02 -2.7704E-03  1.6604E-02  1.0051E-01  2.6326E-02  8.7217E-02  2.3632E-01
      3101  1.9338E+00  7.0143E-01  5.0347E-01  2.8592E+00 -7.5275E-02  1.5364E+00  5.7815E+00
      3103 -3.9418E-01 -1.0389E-01 -3.5476E-02  1.2380E+00 -8.5684E-02  6.5978E-01  2.4566E+00
      3105 -1.1004E-01 -4.6912E-02  1.8209E-01  1.0720E+00  1.2453E-01  5.8777E-01  2.1450E+00
      3107 -1.1198E-01 -5.5998E-02  2.5491E-01  1.0049E+00  1.5832E-01  5.5575E-01  2.0368E+00
      3109 -1.0944E-01 -5.2414E-02  2.4148E-01  9.5360E-01  1.5738E-01  5.2605E-01  1.9336E+00
      3111 -1.0205E-01 -4.7551E-02  2.2004E-01  8.7804E-01  1.4581E-01  4.8283E-01  1.7791E+00
      3113 -9.0126E-02 -4.1850E-02  1.9214E-01  7.7163E-01  1.2803E-01  4.2362E-01  1.5627E+00
      3115 -7.3937E-02 -3.4607E-02  1.5661E-01  6.3211E-01  1.0444E-01  3.4667E-01  1.2797E+00
      3117 -5.3649E-02 -2.5403E-02  1.1253E-01  4.5812E-01  7.5239E-02  2.5101E-01  9.2700E-01
      3119 -3.0066E-02 -1.1958E-02  6.4088E-02  2.4866E-01  4.2741E-02  1.3526E-01  5.0333E-01
      3121 -1.8179E-02 -1.6796E-05  3.6205E-02  1.2448E-01  2.3062E-02  7.0547E-02  2.5556E-01
      3201 -3.8743E+00 -1.1871E+00 -9.9336E-01  3.3560E+00 -1.5519E-01  1.2296E+00  6.7952E+00
      3203 -6.5482E+00 -1.2782E+00 -1.2211E+00  1.9620E+00 -1.8200E-01  1.8388E-01  6.3108E+00
      3205 -5.2285E+00 -4.3701E-01  2.2088E-01  1.8067E+00 -4.8247E-02 -1.8099E-01  6.0366E+00
      3207 -4.2798E+00 -3.7390E-01  3.0119E-01  1.5840E+00  3.0093E-02 -9.0170E-02  5.0895E+00
      3209 -3.3817E+00 -2.9769E-01  2.8088E-01  1.3932E+00  5.1546E-02  2.2995E-02  4.1788E+00
      3211 -2.5338E+00 -2.1788E-01  2.6239E-01  1.1938E+00  6.1537E-02  1.1304E-01  3.3214E+00
      3213 -1.7621E+00 -1.4592E-01  2.3667E-01  9.7959E-01  6.5814E-02  1.7293E-01  2.5216E+00
      3215 -1.0960E+00 -8.4498E-02  2.0093E-01  7.5144E-01  6.2613E-02  1.9635E-01  1.7930E+00
      3217 -5.6611E-01 -3.5706E-02  1.5467E-01  5.1205E-01  5.0410E-02  1.7743E-01  1.1433E+00
      3219 -2.0342E-01  2.4274E-03  1.0368E-01  2.6359E-01  2.9965E-02  1.1021E-01  5.6660E-01
      3221 -6.7190E-02  1.9917E-02  7.1505E-02  1.2853E-01  1.4491E-02  6.3736E-02  2.7771E-01
      5001  5.2391E+00  2.0242E+00  2.7948E+00  1.0830E+00 -5.6332E-01 -2.4085E+00  5.5068E+00
      5003  3.8913E+00  1.2903E-01  1.0381E-01 -1.5324E+00  2.8148E-01 -7.3512E-01  4.8118E+00
      5005  2.6297E+00  5.1756E-02  8.3593E-02 -1.3046E+00  2.5324E-01 -4.1814E-01  3.5197E+00
      5007  2.0574E+00  5.4153E-02  1.2461E-01 -9.0790E-01  2.4040E-01 -2.2604E-01  2.5838E+00
      5009  1.5568E+00  4.9291E-02  1.4549E-01 -5.3887E-01  2.1438E-01 -6.5605E-02  1.7773E+00
      5011  1.1004E+00  3.9874E-02  1.5114E-01 -2.2723E-01  1.8164E-01  6.0932E-02  1.1332E+00
      5013  7.0011E-01  2.7617E-02  1.4187E-01  9.4644E-03  1.4478E-01  1.4756E-01  7.1898E-01
      5015  3.7392E-01  1.3647E-02  1.1636E-01  1.5481E-01  1.0493E-01  1.8699E-01  5.5961E-01
      5017  1.4118E-01  1.0344E-04  7.3633E-02  1.9111E-01  6.3779E-02  1.7211E-01  4.7495E-01
      5019  2.4980E-02 -1.0047E-03  3.1436E-02  1.0184E-01  2.7305E-02  9.5087E-02  2.4771E-01
      5021 -6.3031E-03  4.9389E-03  1.9890E-03  5.9699E-02  1.3381E-02  6.4019E-02  1.5371E-01
      5101 -1.8121E+00 -4.5521E-01  6.2645E-01  1.3471E+00 -2.0124E-01 -4.1581E-01  3.2501E+00
      5103 -1.9528E+00 -7.6447E-01 -7.1622E-02 -5.8308E-01 -7.9143E-02 -8.8452E-01  2.4701E+00
      5105 -1.9700E+00 -8.5471E-01 -1.0232E-01 -5.8466E-01  6.9626E-02 -5.5752E-01  2.1498E+00
      5107 -1.6417E+00 -6.9157E-01 -5.8477E-02 -3.3572E-01  9.6105E-02 -3.6754E-01  1.6359E+00
      5109 -1.3026E+00 -5.4608E-01 -2.0425E-02 -9.1329E-02  1.0430E-01 -1.9655E-01  1.1916E+00
      5111 -9.7827E-01 -4.1112E-01  1.1260E-02  1.0639E-01  1.0323E-01 -5.4354E-02  9.0244E-01
      5113 -6.8297E-01 -2.8904E-01  3.3508E-02  2.4128E-01  9.4602E-02  5.1821E-02  7.7190E-01
      5115 -4.2790E-01 -1.8341E-01  4.3875E-02  3.0081E-01  7.8212E-02  1.1401E-01  7.0413E-01
      5117 -2.2455E-01 -9.7572E-02  4.1593E-02  2.7303E-01  5.3772E-02  1.2403E-01  5.7586E-01
      5119 -8.6625E-02 -3.4731E-02  2.8697E-02  1.4820E-01  2.6591E-02  7.4276E-02  3.0752E-01
      5121 -5.8371E-02 -1.7878E-02  4.7499E-03  8.3916E-02  1.0073E-02  4.6417E-02  1.7596E-01
      5201 -1.0855E+01 -3.3665E+00 -2.4665E+00  1.6491E+00 -2.2869E-01  1.0128E+00  8.6612E+00
      5203 -1.0583E+01 -1.9388E+00 -3.3068E-01 -5.8446E-03 -9.6118E-02 -1.4073E+00  9.8574E+00
      5205 -8.4382E+00 -1.2969E+00 -8.9405E-02 -2.0901E-01  5.1253E-03 -1.1975E+00  8.0940E+00
      5207 -6.8239E+00 -1.0583E+00 -4.7405E-02 -5.8718E-02  3.4190E-02 -8.9535E-01  6.5201E+00
      5209 -5.3154E+00 -8.2912E-01 -1.9326E-02  1.1599E-01  4.8724E-02 -6.1185E-01  5.0583E+00
      5211 -3.9112E+00 -6.1732E-01  3.7840E-03  2.5596E-01  5.8341E-02 -3.6419E-01  3.7264E+00
      5213 -2.6530E+00 -4.2675E-01  2.1741E-02  3.4205E-01  6.1449E-02 -1.6264E-01  2.5686E+00
      5215 -1.5890E+00 -2.6183E-01  3.4183E-02  3.6221E-01  5.5722E-02 -1.8726E-02  1.6266E+00
      5217 -7.7085E-01 -1.2833E-01  4.1173E-02  3.0608E-01  3.9934E-02  5.5718E-02  9.1957E-01
      5219 -2.5397E-01 -3.2906E-02  4.0924E-02  1.6592E-01  1.7824E-02  5.1588E-02  4.0270E-01
      5221 -1.1271E-01 -5.1488E-03  1.7145E-02  9.2974E-02  6.9170E-04  3.4119E-02  2.0950E-01
 ##### Local Summary :Max/IdMax/Min/IdMin####
   //U1   1.7200E-02      1021 -1.7508E-02      5221
   //U2   1.6929E-01      1221  0.0000E+00      1001
   //U3   9.3341E-02      5221  0.0000E+00      1001
   //E11  2.6951E-03      1001 -2.4754E-03      5203
   //E22  3.3379E-04      5203 -3.6719E-04      1005
   //E33  8.5643E-04      5203 -6.2738E-04      1005
   //E12  3.5633E-03      1201 -9.9606E-04      5003
   //E23  2.3442E-04      1001 -3.6616E-04      5001
   //E13  3.1566E-03      1001 -1.5655E-03      5001
   //S11  1.3971E+01      1001 -1.0855E+01      5201
   //S22  5.2288E+00      1001 -3.3665E+00      5201
   //S33  5.4066E+00      1001 -2.4665E+00      5201
   //S12  5.4820E+00      1201 -1.5324E+00      5003
   //S23  3.6065E-01      1001 -5.6332E-01      5001
   //S13  4.8563E+00      1001 -2.4085E+00      5001
   //SMS  1.3583E+01      1001  1.5371E-01      5021
 ##### @Element :Max/IdMax/Min/IdMin####
   //E11  3.4717E-03         7 -4.4911E-03       184
   //E22  4.3871E-04       185 -4.3831E-04         1
   //E33  1.9189E-03       186 -1.1252E-03         7
   //E12  4.7440E-03        68 -3.6876E-03       125
   //E23  1.1538E-03       121 -1.5295E-03       126
   //E13  6.6972E-03       181 -6.1788E-03       186
   //S11  1.7957E+01         3 -2.0678E+01       184
   //S22  7.6957E+00         3 -5.9358E+00       186
   //S33  7.6957E+00         3 -5.5679E+00       182
   //S12  7.2984E+00        68 -5.6733E+00       125
   //S23  1.7751E+00       121 -2.3531E+00       126
   //S13  1.0303E+01       181 -9.5058E+00       186
   //SMS  2.1197E+02       186  7.8755E-03       179
 ##### Global Summary :Max/Min####
   //U1   1.7200E-02 -1.7508E-02
   //U2   1.6929E-01  0.0000E+00
   //U3   9.3341E-02  0.0000E+00
   //E11  2.6951E-03 -2.4754E-03
   //E22  3.3379E-04 -3.6719E-04
   //E33  8.5643E-04 -6.2738E-04
   //E12  3.5633E-03 -9.9606E-04
   //E23  2.3442E-04 -3.6616E-04
   //E13  3.1566E-03 -1.5655E-03
   //S11  1.3971E+01 -1.0855E+01
   //S22  5.2288E+00 -3.3665E+00
   //S33  5.4066E+00 -2.4665E+00
   //S12  5.4820E+00 -1.5324E+00
   //S23  3.6065E-01 -5.6332E-01
   //S13  4.8563E+00 -2.4085E+00
   //SMS  1.3583E+01  1.5371E-01
 ##### @Element :Max/Min####
   //E11  3.4717E-03 -4.4911E-03
   //E22  4.3871E-04 -4.3831E-04
   //E33  1.9189E-03 -1.1252E-03
   //E12  4.7440E-03 -3.6876E-03
   //E23  1.1538E-03 -1.5295E-03
   //E13  6.6972E-03 -6.1788E-03
   //S11  1.7957E+01 -2.0678E+01
   //S22  7.6957E+00 -5.9358E+00
   //S33  7.6957E+00 -5.5679E+00
   //S12  7.2984E+00 -5.6733E+00
   //S23  1.7751E+00 -2.3531E+00
   //S13  1.0303E+01 -9.5058E+00
   //SMS  2.1197E+02  7.8755E-03

 Mode No.     3

 #### DISPLACEMENT 3D
    NODE     X-DISP      Y-DISP      Z-DISP
---------+-----------+-----------+------------
      1001  0.0000E+00  0.0000E+00  0.0000E+00
      1003 -0.5160E-02  0.9583E-02 -0.1832E-01
      1005 -0.6204E-02  0.2881E-01 -0.5317E-01
      1007 -0.4135E-02  0.4885E-01 -0.8941E-01
      1009  0.6719E-04  0.6259E-01 -0.1141E+00
      1011  0.5349E-02  0.6500E-01 -0.1182E+00
      1013  0.1061E-01  0.5382E-01 -0.9770E-01
      1015  0.1490E-01  0.2962E-01 -0.5354E-01
      1017  0.1764E-01 -0.4576E-02  0.8869E-02
      1019  0.1879E-01 -0.4444E-01  0.8171E-01
      1021  0.1895E-01 -0.8579E-01  0.1573E+00
      1101  0.0000E+00  0.0000E+00  0.0000E+00
      1103 -0.1085E-01  0.9674E-02 -0.1907E-01
      1105 -0.1491E-01  0.2857E-01 -0.5356E-01
      1107 -0.1203E-01  0.4843E-01 -0.8938E-01
      1109 -0.4042E-02  0.6207E-01 -0.1137E+00
      1111  0.6932E-02  0.6448E-01 -0.1176E+00
      1113  0.1849E-01  0.5338E-01 -0.9707E-01
      1115  0.2844E-01  0.2933E-01 -0.5310E-01
      1117  0.3528E-01 -0.4723E-02  0.9011E-02
      1119  0.3862E-01 -0.4448E-01  0.8155E-01
      1121  0.3945E-01 -0.8578E-01  0.1570E+00
      1201  0.0000E+00  0.0000E+00  0.0000E+00
      1203 -0.1671E-01  0.1059E-01 -0.1969E-01
      1205 -0.2381E-01  0.2863E-01 -0.5382E-01
      1207 -0.2010E-01  0.4768E-01 -0.8956E-01
      1209 -0.8288E-02  0.6075E-01 -0.1138E+00
      1211  0.8451E-02  0.6291E-01 -0.1178E+00
      1213  0.2639E-01  0.5188E-01 -0.9732E-01
      1215  0.4206E-01  0.2815E-01 -0.5346E-01
      1217  0.5302E-01 -0.5445E-02  0.8525E-02
      1219  0.5855E-01 -0.4479E-01  0.8097E-01
      1221  0.6000E-01 -0.8588E-01  0.1564E+00
      3001  0.0000E+00  0.0000E+00  0.0000E+00
      3003  0.6166E-02  0.1070E-01 -0.1838E-01
      3005  0.9736E-02  0.2942E-01 -0.5358E-01
      3007  0.9323E-02  0.4879E-01 -0.8997E-01
      3009  0.5808E-02  0.6198E-01 -0.1147E+00
      3011  0.3070E-03  0.6410E-01 -0.1187E+00
      3013 -0.5871E-02  0.5289E-01 -0.9801E-01
      3015 -0.1146E-01  0.2893E-01 -0.5365E-01
      3017 -0.1553E-01 -0.4883E-02  0.8929E-02
      3019 -0.1771E-01 -0.4433E-01  0.8184E-01
      3021 -0.1839E-01 -0.8540E-01  0.1574E+00
      3101  0.0000E+00  0.0000E+00  0.0000E+00
      3103  0.1098E-03  0.1006E-01 -0.1870E-01
      3105  0.1133E-02  0.2901E-01 -0.5388E-01
      3107  0.1839E-02  0.4873E-01 -0.9009E-01
      3109  0.2357E-02  0.6224E-01 -0.1147E+00
      3111  0.2655E-02  0.6457E-01 -0.1186E+00
      3113  0.2726E-02  0.5346E-01 -0.9795E-01
      3115  0.2604E-02  0.2946E-01 -0.5370E-01
      3117  0.2366E-02 -0.4483E-02  0.8724E-02
      3119  0.2119E-02 -0.4411E-01  0.8149E-01
      3121  0.1954E-02 -0.8525E-01  0.1570E+00
      3201  0.0000E+00  0.0000E+00  0.0000E+00
      3203 -0.5799E-02  0.1020E-01 -0.1881E-01
      3205 -0.7474E-02  0.2875E-01 -0.5420E-01
      3207 -0.5689E-02  0.4822E-01 -0.9060E-01
      3209 -0.1146E-02  0.6162E-01 -0.1153E+00
      3211  0.4953E-02  0.6397E-01 -0.1194E+00
      3213  0.1128E-01  0.5299E-01 -0.9876E-01
      3215  0.1665E-01  0.2919E-01 -0.5448E-01
      3217  0.2026E-01 -0.4573E-02  0.7998E-02
      3219  0.2196E-01 -0.4409E-01  0.8081E-01
      3221  0.2232E-01 -0.8517E-01  0.1563E+00
      5001  0.0000E+00  0.0000E+00  0.0000E+00
      5003  0.1894E-01  0.1157E-01 -0.2005E-01
      5005  0.2598E-01  0.2965E-01 -0.5422E-01
      5007  0.2283E-01  0.4864E-01 -0.8968E-01
      5009  0.1145E-01  0.6161E-01 -0.1137E+00
      5011 -0.4937E-02  0.6367E-01 -0.1172E+00
      5013 -0.2260E-01  0.5257E-01 -0.9641E-01
      5015 -0.3804E-01  0.2883E-01 -0.5224E-01
      5017 -0.4881E-01 -0.4702E-02  0.9916E-02
      5019 -0.5413E-01 -0.4391E-01  0.8234E-01
      5021 -0.5546E-01 -0.8482E-01  0.1576E+00
      5101  0.0000E+00  0.0000E+00  0.0000E+00
      5103  0.1201E-01  0.1040E-01 -0.2005E-01
      5105  0.1710E-01  0.2941E-01 -0.5434E-01
      5107  0.1552E-01  0.4924E-01 -0.8993E-01
      5109  0.8520E-02  0.6282E-01 -0.1140E+00
      5111 -0.1864E-02  0.6518E-01 -0.1177E+00
      5113 -0.1324E-01  0.5407E-01 -0.9694E-01
      5115 -0.2334E-01  0.3004E-01 -0.5281E-01
      5117 -0.3052E-01 -0.3938E-02  0.9351E-02
      5119 -0.3421E-01 -0.4356E-01  0.8180E-01
      5121 -0.3525E-01 -0.8460E-01  0.1570E+00
      5201  0.0000E+00  0.0000E+00  0.0000E+00
      5203  0.5505E-02  0.9970E-02 -0.1978E-01
      5205  0.8426E-02  0.2914E-01 -0.5466E-01
      5207  0.8345E-02  0.4925E-01 -0.9076E-01
      5209  0.5649E-02  0.6308E-01 -0.1152E+00
      5211  0.1192E-02  0.6562E-01 -0.1191E+00
      5213 -0.3963E-02  0.5457E-01 -0.9830E-01
      5215 -0.8755E-02  0.3051E-01 -0.5401E-01
      5217 -0.1235E-01 -0.3575E-02  0.8370E-02
      5219 -0.1437E-01 -0.4333E-01  0.8101E-01
      5221 -0.1506E-01 -0.8438E-01  0.1564E+00
 #### REACTION FORCE 3D
    NODE     X-REAC      Y-REAC      Z-REAC
---------+-----------+-----------+------------
      1001  4.1513E+00  1.8032E+00  2.8933E+00
      1101  1.2719E+01  4.1406E-01  8.2619E+00
      1201  7.6323E+00 -3.8927E+00  4.4762E+00
      3001 -7.9929E+00  6.2792E-01 -2.5362E+00
      3101 -5.3383E-01  1.3586E+00 -2.3016E+00
      3201  7.4255E+00 -5.9559E+00 -6.8252E-01
      5001 -9.8346E+00 -2.7871E+00  1.7259E+00
      5101 -1.2580E+01  1.9410E+00  5.3927E-01
      5201 -1.6782E+00  1.0086E-01 -6.5425E-01
 #### NODAL STRESS 3D
 #### STRAIN
     NODE     E11         E22         E33         E12         E23         E13     
  -------+-----------+-----------+-----------+-----------+-----------+-------------
      1001 -7.0557E-03  6.1010E-05  5.0170E-04  5.8212E-03 -5.6271E-04 -1.4778E-02
      1003 -1.2607E-03 -3.1529E-04  2.5266E-04  3.9448E-03  2.0420E-04 -7.1998E-03
      1005  1.3185E-03 -8.1305E-04 -6.6517E-04  3.5445E-03  7.5487E-04 -5.9740E-03
      1007  2.6909E-03 -6.7707E-04 -1.2860E-03  2.5100E-03  5.1130E-04 -4.2581E-03
      1009  3.4329E-03 -4.2436E-04 -1.5777E-03  1.2109E-03  2.5442E-04 -2.3569E-03
      1011  3.4673E-03 -1.4240E-04 -1.5435E-03 -1.2622E-04  1.0155E-06 -3.2776E-04
      1013  2.8762E-03  1.1400E-04 -1.2270E-03 -1.2561E-03 -2.0915E-04  1.4924E-03
      1015  1.8821E-03  2.9040E-04 -7.3738E-04 -1.9459E-03 -3.3592E-04  2.7310E-03
      1017  8.2219E-04  3.4371E-04 -2.3546E-04 -2.0244E-03 -3.4549E-04  3.0791E-03
      1019  9.8120E-05  2.7475E-04  7.7325E-05 -1.4387E-03 -2.1588E-04  2.3516E-03
      1021 -1.3935E-04  2.4037E-04  8.8953E-05 -8.0375E-04 -8.8486E-06  1.4176E-03
      1101 -1.2314E-02  4.5884E-04  3.1165E-04  6.9719E-03 -7.7049E-04 -1.6296E-02
      1103 -5.6974E-03  5.6253E-04  8.9932E-04  3.5914E-03 -6.4981E-04 -7.9790E-03
      1105 -1.8220E-04 -2.3805E-04 -2.9485E-04  3.1952E-03  1.9673E-04 -5.9652E-03
      1107  4.2895E-03 -1.1029E-03 -1.4631E-03  2.1461E-03  5.4505E-04 -3.4026E-03
      1109  7.3289E-03 -1.6259E-03 -2.1848E-03  9.0380E-04  6.7449E-04 -9.8477E-04
      1111  8.6350E-03 -1.7873E-03 -2.4349E-03 -3.2939E-04  6.4512E-04  1.2477E-03
      1113  8.1880E-03 -1.6066E-03 -2.2066E-03 -1.3379E-03  4.9198E-04  2.9492E-03
      1115  6.3416E-03 -1.1766E-03 -1.6167E-03 -1.9234E-03  2.6640E-04  3.8124E-03
      1117  3.7960E-03 -6.5601E-04 -8.7888E-04 -1.9502E-03  4.0223E-05  3.6586E-03
      1119  1.5033E-03 -2.3720E-04 -2.7522E-04 -1.3777E-03 -9.3014E-05  2.4854E-03
      1121  3.8226E-04 -2.1064E-05 -8.1533E-05 -7.1258E-04 -2.1612E-05  1.2512E-03
      1201 -1.6711E-02  0.0000E+00  0.0000E+00  1.0592E-02  0.0000E+00 -1.9695E-02
      1203 -1.0114E-02  1.3765E-03  1.1925E-03  3.3310E-03 -1.7884E-03 -9.0808E-03
      1205 -2.2827E-03  5.5989E-04  3.1197E-04  2.3562E-03 -5.4788E-04 -6.1710E-03
      1207  5.0471E-03 -1.0918E-03 -1.4728E-03  1.3038E-03  6.7596E-04 -2.7210E-03
      1209  1.0271E-02 -2.3486E-03 -2.5897E-03  1.5999E-04  1.4128E-03  3.2289E-04
      1211  1.2938E-02 -3.0111E-03 -3.1372E-03 -8.7276E-04  1.7498E-03  2.8891E-03
      1213  1.2874E-02 -3.0385E-03 -3.0330E-03 -1.6082E-03  1.6904E-03  4.5851E-03
      1215  1.0487E-02 -2.5190E-03 -2.3998E-03 -1.9231E-03  1.3166E-03  5.1468E-03
      1217  6.7349E-03 -1.6718E-03 -1.4865E-03 -1.7649E-03  7.6999E-04  4.5148E-03
      1219  3.0058E-03 -8.1711E-04 -6.3735E-04 -1.1667E-03  2.5542E-04  2.8659E-03
      1221  8.8518E-04 -3.2822E-04 -2.3226E-04 -4.7455E-04  5.9329E-05  1.1649E-03
      3001  2.2598E-03 -4.3151E-04 -4.1007E-05  6.2642E-03  5.3544E-04 -1.0926E-02
      3003  6.0976E-03 -1.1740E-03 -1.6145E-03  3.5821E-03  6.7633E-04 -5.8946E-03
      3005  2.5143E-03 -8.9664E-04 -1.3992E-03  2.7845E-03  4.2530E-04 -5.3992E-03
      3007 -1.0710E-03  1.4703E-04 -3.8427E-04  2.3909E-03 -1.0156E-04 -4.8782E-03
      3009 -3.8797E-03  1.0106E-03  5.1735E-04  1.6815E-03 -4.3878E-04 -3.4867E-03
      3011 -5.5660E-03  1.5643E-03  1.1980E-03  7.7165E-04 -6.3228E-04 -1.6376E-03
      3013 -5.9735E-03  1.7448E-03  1.5641E-03 -1.5477E-04 -6.7515E-04  2.7400E-04
      3015 -5.1977E-03  1.5669E-03  1.5806E-03 -8.7949E-04 -5.7762E-04  1.7997E-03
      3017 -3.6005E-03  1.1291E-03  1.2814E-03 -1.1949E-03 -3.7603E-04  2.5086E-03
      3019 -1.7866E-03  6.3941E-04  7.6571E-04 -9.5734E-04 -1.1037E-04  2.0398E-03
      3021 -9.1248E-04  4.5289E-04  4.5487E-04 -6.6691E-04  1.1966E-04  1.4967E-03
      3101 -3.5794E-03  7.7212E-05  2.4831E-04  6.0722E-03 -3.3867E-05 -1.1412E-02
      3103  1.6915E-03 -3.9421E-04 -7.7462E-04  3.6639E-03  2.7225E-04 -6.5372E-03
      3105  1.9584E-03 -7.5496E-04 -1.2365E-03  3.1922E-03  3.1222E-04 -5.7115E-03
      3107  1.5278E-03 -6.5392E-04 -8.9284E-04  2.4800E-03  1.7885E-04 -4.5454E-03
      3109  9.6599E-04 -4.1972E-04 -5.4366E-04  1.5046E-03  9.4164E-05 -2.7518E-03
      3111  3.2618E-04 -1.4294E-04 -1.5628E-04  4.0024E-04  1.0408E-05 -7.0867E-04
      3113 -2.7166E-04  1.1508E-04  2.0261E-04 -6.2539E-04 -6.7797E-05  1.1852E-03
      3115 -6.9809E-04  2.9621E-04  4.5625E-04 -1.3442E-03 -1.2623E-04  2.5079E-03
      3117 -8.4271E-04  3.5477E-04  5.3598E-04 -1.5580E-03 -1.4620E-04  2.8944E-03
      3119 -6.4664E-04  2.9557E-04  3.9135E-04 -1.1358E-03 -7.3591E-05  2.0996E-03
      3121 -4.8530E-04  3.0107E-04  2.3699E-04 -7.3274E-04  9.8726E-05  1.3997E-03
      3201 -9.3005E-03  6.1178E-04  5.8720E-04  6.1797E-03 -6.7860E-04 -1.1772E-02
      3203 -2.6602E-03  4.6847E-04  9.2430E-05  3.5176E-03 -3.2148E-04 -6.7516E-03
      3205  1.2307E-03 -4.4512E-04 -1.1660E-03  2.9270E-03  7.3358E-05 -5.6532E-03
      3207  4.0086E-03 -1.2875E-03 -1.5309E-03  2.0386E-03  4.2291E-04 -3.9948E-03
      3209  5.7462E-03 -1.7481E-03 -1.7049E-03  1.0025E-03  6.3711E-04 -1.8960E-03
      3211  6.2068E-03 -1.8224E-03 -1.5500E-03 -5.8185E-05  6.7514E-04  2.4874E-04
      3213  5.4695E-03 -1.5559E-03 -1.1376E-03 -9.6311E-04  5.6572E-04  2.0437E-03
      3215  3.8783E-03 -1.0639E-03 -6.0593E-04 -1.5231E-03  3.5552E-04  3.1069E-03
      3217  2.0060E-03 -5.2346E-04 -1.3783E-04 -1.5914E-03  1.1688E-04  3.1533E-03
      3219  5.6664E-04 -1.3472E-04  7.8413E-05 -1.0783E-03 -1.9846E-05  2.0602E-03
      3221  1.2274E-05  6.7486E-05  8.3383E-05 -6.5173E-04  5.8666E-05  1.2400E-03
      5001  1.2372E-02 -7.8197E-04 -2.2260E-03  6.2775E-03  3.7818E-04 -7.0829E-03
      5003  8.6598E-03 -1.8791E-03 -2.3764E-03  2.0171E-03  1.5070E-03 -2.8930E-03
      5005  4.7637E-04 -6.0898E-05 -4.1477E-04  2.0839E-03  1.8470E-04 -4.8567E-03
      5007 -6.2630E-03  1.4994E-03  1.2655E-03  2.2582E-03 -7.7788E-04 -5.7273E-03
      5009 -1.0913E-02  2.5710E-03  2.4749E-03  2.0208E-03 -1.4379E-03 -5.4234E-03
      5011 -1.2900E-02  3.0197E-03  3.0607E-03  1.4457E-03 -1.7336E-03 -4.1449E-03
      5013 -1.2201E-02  2.8471E-03  2.9971E-03  6.7994E-04 -1.6569E-03 -2.2588E-03
      5015 -9.3669E-03  2.1913E-03  2.3958E-03 -6.7393E-05 -1.2736E-03 -3.0061E-04
      5017 -5.4862E-03  1.3215E-03  1.4996E-03 -5.6122E-04 -7.1623E-04  1.0999E-03
      5019 -2.0942E-03  6.3525E-04  6.9465E-04 -5.7223E-04 -1.2146E-04  1.2620E-03
      5021 -1.3339E-03  4.3716E-04  3.8164E-04 -4.8543E-04  1.2180E-04  1.0893E-03
      5101  6.7620E-03 -4.3114E-04 -1.2816E-03  5.6813E-03  1.4317E-04 -8.9843E-03
      5103  6.8615E-03 -1.1974E-03 -2.4177E-03  3.1454E-03  7.8020E-04 -4.3165E-03
      5105  1.5067E-03 -6.0143E-04 -7.3517E-04  2.9144E-03  4.5644E-04 -4.9053E-03
      5107 -3.1316E-03  3.7177E-04  6.4261E-04  2.6909E-03  1.7473E-05 -4.9141E-03
      5109 -6.5335E-03  1.1459E-03  1.6862E-03  2.0441E-03 -3.2859E-04 -4.0253E-03
      5111 -8.2530E-03  1.6020E-03  2.2700E-03  1.1139E-03 -5.6187E-04 -2.5125E-03
      5113 -8.1929E-03  1.6954E-03  2.3497E-03  1.0695E-04 -6.5639E-04 -7.3960E-04
      5115 -6.6260E-03  1.4593E-03  1.9798E-03 -7.2414E-04 -6.0673E-04  8.3070E-04
      5117 -4.1866E-03  1.0092E-03  1.3169E-03 -1.1248E-03 -4.2652E-04  1.7081E-03
      5119 -1.8241E-03  5.7624E-04  6.0674E-04 -8.7203E-04 -1.0225E-04  1.4331E-03
      5121 -1.1142E-03  4.6776E-04  2.6141E-04 -6.7403E-04  1.0233E-04  1.1081E-03
      5201  1.0860E-03  1.1210E-04 -7.7156E-04  5.3235E-03 -2.7403E-04 -1.0111E-02
      5203  3.6545E-03 -3.8454E-04 -1.9932E-03  3.5040E-03  3.0522E-04 -5.5120E-03
      5205  1.7455E-03 -6.9503E-04 -9.1375E-04  3.3608E-03  5.6587E-04 -5.2417E-03
      5207 -1.9410E-04 -6.2319E-04  1.6013E-05  2.9483E-03  5.2367E-04 -4.3524E-03
      5209 -1.8266E-03 -4.0780E-04  7.8045E-04  2.1175E-03  3.6715E-04 -2.8372E-03
      5211 -2.8923E-03 -1.4060E-04  1.2879E-03  1.0175E-03  1.4736E-04 -1.0177E-03
      5213 -3.2685E-03  1.1401E-04  1.4785E-03 -1.1944E-04 -8.1640E-05  7.2540E-04
      5215 -2.9680E-03  2.9620E-04  1.3496E-03 -1.0184E-03 -2.6511E-04  1.9741E-03
      5217 -2.1521E-03  3.5927E-04  9.6864E-04 -1.4110E-03 -3.4318E-04  2.3507E-03
      5219 -1.1342E-03  3.1752E-04  4.7037E-04 -1.0486E-03 -2.0375E-04  1.5928E-03
      5221 -8.0684E-04  3.5368E-04  1.6942E-04 -7.8386E-04 -1.8885E-05  1.0123E-03
 #### STRESS
     NODE     S11         S22         S33         S12         S23         S13        MISES
  -------+-----------+-----------+-----------+-----------+-----------+-----------+-------------
      1001 -3.6694E+01 -1.4796E+01 -1.3440E+01  8.9557E+00 -8.6571E-01 -2.2735E+01  4.8006E+01
      1003 -6.9327E+00 -4.0239E+00 -2.2763E+00  6.0689E+00  3.1415E-01 -1.1077E+01  2.2259E+01
      1005  3.6884E+00 -2.8703E+00 -2.4152E+00  5.4531E+00  1.1613E+00 -9.1907E+00  1.9670E+01
      1007  9.9594E+00 -4.0360E-01 -2.2772E+00  3.8615E+00  7.8662E-01 -6.5509E+00  1.7483E+01
      1009  1.3865E+01  1.9962E+00 -1.5525E+00  1.8630E+00  3.9142E-01 -3.6261E+00  1.5681E+01
      1011  1.4780E+01  3.6729E+00 -6.3810E-01 -1.9418E-01  1.5623E-03 -5.0425E-01  1.3809E+01
      1013  1.2919E+01  4.4197E+00  2.9352E-01 -1.9324E+00 -3.2176E-01  2.2959E+00  1.2315E+01
      1015  9.1028E+00  4.2053E+00  1.0429E+00 -2.9937E+00 -5.1679E-01  4.2015E+00  1.1407E+01
      1017  4.6770E+00  3.2047E+00  1.4227E+00 -3.1144E+00 -5.3153E-01  4.7371E+00  1.0258E+01
      1019  1.3408E+00  1.8843E+00  1.2768E+00 -2.2133E+00 -3.3213E-01  3.6178E+00  7.3910E+00
      1021  9.6445E-03  1.1780E+00  7.1211E-01 -1.2365E+00 -1.3613E-02  2.1810E+00  4.4604E+00
      1101 -6.4526E+01 -2.5226E+01 -2.5679E+01  1.0726E+01 -1.1854E+00 -2.5070E+01  6.1333E+01
      1103 -2.7305E+01 -8.0434E+00 -7.0071E+00  5.5253E+00 -9.9971E-01 -1.2275E+01  3.0638E+01
      1105 -2.2108E+00 -2.3827E+00 -2.5574E+00  4.9157E+00  3.0266E-01 -9.1772E+00  1.8042E+01
      1107  1.7176E+01  5.8358E-01 -5.2473E-01  3.3018E+00  8.3855E-01 -5.2348E+00  2.0296E+01
      1109  3.0669E+01  3.1162E+00  1.3966E+00  1.3905E+00  1.0377E+00 -1.5150E+00  2.8730E+01
      1111  3.6753E+01  4.6839E+00  2.6912E+00 -5.0676E-01  9.9250E-01  1.9195E+00  3.3333E+01
      1113  3.5290E+01  5.1521E+00  3.3062E+00 -2.0584E+00  7.5688E-01  4.5373E+00  3.2303E+01
      1115  2.7701E+01  4.5677E+00  3.2136E+00 -2.9590E+00  4.0985E-01  5.8652E+00  2.6425E+01
      1117  1.6898E+01  3.1995E+00  2.5138E+00 -3.0002E+00  6.1881E-02  5.6286E+00  1.7877E+01
      1119  6.9122E+00  1.5568E+00  1.4398E+00 -2.1195E+00 -1.4310E-01  3.8236E+00  9.3123E+00
      1121  1.8216E+00  5.8056E-01  3.9450E-01 -1.0963E+00 -3.3250E-02  1.9250E+00  4.0658E+00
      1201 -8.9985E+01 -3.8565E+01 -3.8565E+01  1.6295E+01  0.0000E+00 -3.0300E+01  7.8707E+01
      1203 -4.8530E+01 -1.3175E+01 -1.3742E+01  5.1246E+00 -2.7514E+00 -1.3971E+01  4.3786E+01
      1205 -1.0280E+01 -1.5331E+00 -2.2960E+00  3.6249E+00 -8.4289E-01 -9.4939E+00  1.9554E+01
      1207  2.1258E+01  2.3694E+00  1.1971E+00  2.0058E+00  1.0399E+00 -4.1862E+00  2.1170E+01
      1209  4.3909E+01  5.0797E+00  4.3376E+00  2.4614E-01  2.1736E+00  4.9675E-01  3.9398E+01
      1211  5.5476E+01  6.4030E+00  6.0150E+00 -1.3427E+00  2.6920E+00  4.4448E+00  5.0137E+01
      1213  5.5310E+01  6.3484E+00  6.3653E+00 -2.4742E+00  2.6006E+00  7.0540E+00  5.0836E+01
      1215  4.5118E+01  5.0992E+00  5.4660E+00 -2.9587E+00  2.0256E+00  7.9181E+00  4.2587E+01
      1217  2.8977E+01  3.1099E+00  3.6798E+00 -2.7152E+00  1.1846E+00  6.9458E+00  2.8736E+01
      1219  1.2828E+01  1.0657E+00  1.6188E+00 -1.7949E+00  3.9296E-01  4.4090E+00  1.4164E+01
      1221  3.4729E+00 -2.6060E-01  3.4674E-02 -7.3007E-01  9.1276E-02  1.7921E+00  4.9176E+00
      3001  1.1078E+01  2.7967E+00  3.9982E+00  9.6373E+00  8.2375E-01 -1.6809E+01  3.4473E+01
      3003  2.6398E+01  4.0244E+00  2.6690E+00  5.5110E+00  1.0405E+00 -9.0686E+00  2.9561E+01
      3005  8.2405E+00 -2.2547E+00 -3.8011E+00  4.2839E+00  6.5432E-01 -8.3065E+00  1.9802E+01
      3007 -6.3142E+00 -2.5665E+00 -4.2013E+00  3.6784E+00 -1.5624E-01 -7.5049E+00  1.4840E+01
      3009 -1.7365E+01 -2.3175E+00 -3.8352E+00  2.5869E+00 -6.7505E-01 -5.3641E+00  1.7710E+01
      3011 -2.3596E+01 -1.6569E+00 -2.7839E+00  1.1872E+00 -9.7274E-01 -2.5194E+00  2.2000E+01
      3013 -2.4529E+01 -7.8043E-01 -1.3366E+00 -2.3811E-01 -1.0387E+00  4.2154E-01  2.3559E+01
      3015 -2.0724E+01  9.0074E-02  1.3201E-01 -1.3531E+00 -8.8865E-01  2.7688E+00  2.1563E+01
      3017 -1.3825E+01  7.2817E-01  1.1968E+00 -1.8384E+00 -5.7850E-01  3.8594E+00  1.6572E+01
      3019 -6.3778E+00  1.0870E+00  1.4756E+00 -1.4728E+00 -1.6979E-01  3.1381E+00  9.7423E+00
      3021 -2.8185E+00  1.3826E+00  1.3887E+00 -1.0260E+00  1.8409E-01  2.3026E+00  6.0696E+00
      3101 -1.8523E+01 -7.2715E+00 -6.7450E+00  9.3418E+00 -5.2103E-02 -1.7557E+01  3.6323E+01
      3103  6.4110E+00 -6.6995E-03 -1.1772E+00  5.6368E+00  4.1885E-01 -1.0057E+01  2.1198E+01
      3105  5.9497E+00 -2.3991E+00 -3.8807E+00  4.9110E+00  4.8034E-01 -8.7869E+00  1.9722E+01
      3107  4.6570E+00 -2.0559E+00 -2.7910E+00  3.8153E+00  2.7515E-01 -6.9929E+00  1.5529E+01
      3109  2.9783E+00 -1.2855E+00 -1.6668E+00  2.3147E+00  1.4487E-01 -4.2335E+00  9.4792E+00
      3111  1.0659E+00 -3.7756E-01 -4.1861E-01  6.1576E-01  1.6012E-02 -1.0903E+00  2.6170E+00
      3113 -7.2965E-01  4.6033E-01  7.2965E-01 -9.6214E-01 -1.0430E-01  1.8234E+00  3.8201E+00
      3115 -2.0225E+00  1.0369E+00  1.5293E+00 -2.0680E+00 -1.9420E-01  3.8583E+00  8.2893E+00
      3117 -2.4821E+00  1.2025E+00  1.7600E+00 -2.3969E+00 -2.2493E-01  4.4529E+00  9.6340E+00
      3119 -1.8967E+00  1.0024E+00  1.2971E+00 -1.7474E+00 -1.1322E-01  3.2302E+00  7.0602E+00
      3121 -1.3715E+00  1.0481E+00  8.5098E-01 -1.1273E+00  1.5189E-01  2.1534E+00  4.8176E+00
      3201 -4.7313E+01 -1.6813E+01 -1.6889E+01  9.5072E+00 -1.0440E+00 -1.8110E+01  4.6758E+01
      3203 -1.3030E+01 -3.4031E+00 -4.5602E+00  5.4117E+00 -4.9458E-01 -1.0387E+01  2.2252E+01
      3205  2.9088E+00 -2.2474E+00 -4.4654E+00  4.5031E+00  1.1286E-01 -8.6972E+00  1.8186E+01
      3207  1.5081E+01 -1.2150E+00 -1.9637E+00  3.1363E+00  6.5062E-01 -6.1459E+00  2.0552E+01
      3209  2.2973E+01 -8.6640E-02  4.6292E-02  1.5424E+00  9.8017E-01 -2.9169E+00  2.3753E+01
      3211  2.5638E+01  9.3330E-01  1.7714E+00 -8.9515E-02  1.0387E+00  3.8268E-01  2.4373E+01
      3213  2.3235E+01  1.6187E+00  2.9059E+00 -1.4817E+00  8.7033E-01  3.1442E+00  2.1900E+01
      3215  1.7030E+01  1.8233E+00  3.2323E+00 -2.3432E+00  5.4696E-01  4.7799E+00  1.7254E+01
      3217  9.2754E+00  1.4925E+00  2.6791E+00 -2.4483E+00  1.7981E-01  4.8512E+00  1.1892E+01
      3219  2.9212E+00  7.6317E-01  1.4190E+00 -1.6589E+00 -3.0533E-02  3.1696E+00  6.4860E+00
      3221  4.1425E-01  5.8414E-01  6.3305E-01 -1.0027E+00  9.0255E-02  1.9078E+00  3.7415E+00
      5001  5.9674E+01  1.9202E+01  1.4759E+01  9.6577E+00  5.8182E-01 -1.0897E+01  4.9745E+01
      5003  3.6809E+01  4.3815E+00  2.8513E+00  3.1033E+00  2.3184E+00 -4.4507E+00  3.4755E+01
      5005  1.4674E+00 -1.8576E-01 -1.2746E+00  3.2060E+00  2.8415E-01 -7.4718E+00  1.4293E+01
      5007 -2.7343E+01 -3.4588E+00 -4.1785E+00  3.4742E+00 -1.1967E+00 -8.8112E+00  2.8761E+01
      5009 -4.7119E+01 -5.6292E+00 -5.9249E+00  3.1089E+00 -2.2122E+00 -8.3438E+00  4.4292E+01
      5011 -5.5430E+01 -6.4462E+00 -6.3200E+00  2.2242E+00 -2.6671E+00 -6.3767E+00  5.0633E+01
      5013 -5.2209E+01 -5.9084E+00 -5.4466E+00  1.0461E+00 -2.5491E+00 -3.4751E+00  4.7163E+01
      5015 -3.9851E+01 -4.2876E+00 -3.6583E+00 -1.0368E-01 -1.9594E+00 -4.6248E-01  3.6052E+01
      5017 -2.3030E+01 -2.0838E+00 -1.5357E+00 -8.6341E-01 -1.1019E+00  1.6922E+00  2.1564E+01
      5019 -8.2076E+00  1.9075E-01  3.7353E-01 -8.8036E-01 -1.8686E-01  1.9415E+00  9.2649E+00
      5021 -5.2931E+00  1.5637E-01 -1.4458E-02 -7.4682E-01  1.8738E-01  1.6758E+00  6.2449E+00
      5101  3.2458E+01  1.0325E+01  7.7085E+00  8.7405E+00  2.2027E-01 -1.3822E+01  3.6839E+01
      5103  2.8604E+01  3.8076E+00  5.2853E-02  4.8390E+00  1.2003E+00 -6.6408E+00  3.0479E+01
      5105  5.0283E+00 -1.4581E+00 -1.8696E+00  4.4836E+00  7.0222E-01 -7.5466E+00  1.6660E+01
      5107 -1.4522E+01 -3.7420E+00 -2.9086E+00  4.1399E+00  2.6882E-02 -7.5602E+00  1.8675E+01
      5109 -2.8645E+01 -5.0157E+00 -3.3533E+00  3.1448E+00 -5.0552E-01 -6.1927E+00  2.7310E+01
      5111 -3.5504E+01 -5.1807E+00 -3.1253E+00  1.7137E+00 -8.6441E-01 -3.8653E+00  3.2279E+01
      5113 -3.4781E+01 -4.3554E+00 -2.3421E+00  1.6454E-01 -1.0098E+00 -1.1378E+00  3.1592E+01
      5115 -2.7742E+01 -2.8639E+00 -1.2623E+00 -1.1141E+00 -9.3344E-01  1.2780E+00  2.5934E+01
      5117 -1.7176E+01 -1.1885E+00 -2.4160E-01 -1.7304E+00 -6.5618E-01  2.6278E+00  1.7396E+01
      5119 -7.0921E+00  2.9358E-01  3.8743E-01 -1.3416E+00 -1.5731E-01  2.2047E+00  8.6779E+00
      5121 -4.3169E+00  5.5071E-01 -8.4208E-02 -1.0370E+00  1.5744E-01  1.7048E+00  5.7468E+00
      5201  4.3259E+00  1.3292E+00 -1.3897E+00  8.1900E+00 -4.2158E-01 -1.5556E+01  3.0858E+01
      5203  1.4191E+01  1.7632E+00 -3.1866E+00  5.3908E+00  4.6957E-01 -8.4801E+00  2.3325E+01
      5205  5.6864E+00 -1.8230E+00 -2.4960E+00  5.1704E+00  8.7056E-01 -8.0642E+00  1.8424E+01
      5207 -2.4463E+00 -3.7666E+00 -1.7998E+00  4.5358E+00  8.0564E-01 -6.6960E+00  1.4184E+01
      5209 -8.9755E+00 -4.6100E+00 -9.5387E-01  3.2577E+00  5.6484E-01 -4.3649E+00  1.1762E+01
      5211 -1.2926E+01 -4.4594E+00 -6.3860E-02  1.5654E+00  2.2671E-01 -1.5656E+00  1.1962E+01
      5213 -1.3925E+01 -3.5168E+00  6.8173E-01 -1.8376E-01 -1.2560E-01  1.1160E+00  1.3173E+01
      5215 -1.2183E+01 -2.1397E+00  1.1017E+00 -1.5668E+00 -4.0786E-01  3.0371E+00  1.3397E+01
      5217 -8.5237E+00 -7.9648E-01  1.0785E+00 -2.1707E+00 -5.2797E-01  3.6164E+00  1.1486E+01
      5219 -4.2888E+00  1.7792E-01  6.4820E-01 -1.6132E+00 -3.1346E-01  2.4504E+00  6.9563E+00
      5221 -3.1374E+00  4.3344E-01 -1.3350E-01 -1.2059E+00 -2.9053E-02  1.5574E+00  4.7633E+00
 ##### Local Summary :Max/IdMax/Min/IdMin####
   //U1   6.0005E-02      1221 -5.5463E-02      5021
   //U2   6.5616E-02      5211 -8.5877E-02      1221
   //U3   1.5757E-01      5021 -1.1942E-01      3211
   //E11  1.2938E-02      1211 -1.6711E-02      1201
   //E22  3.0197E-03      5011 -3.0385E-03      1213
   //E33  3.0607E-03      5011 -3.1372E-03      1211
   //E12  1.0592E-02      1201 -2.0244E-03      1017
   //E23  1.7498E-03      1211 -1.7884E-03      1203
   //E13  5.1468E-03      1215 -1.9695E-02      1201
   //S11  5.9674E+01      5001 -8.9985E+01      1201
   //S22  1.9202E+01      5001 -3.8565E+01      1201
   //S33  1.4759E+01      5001 -3.8565E+01      1201
   //S12  1.6295E+01      1201 -3.1144E+00      1017
   //S23  2.6920E+00      1211 -2.7514E+00      1203
   //S13  7.9181E+00      1215 -3.0300E+01      1201
   //SMS  7.8707E+01      1201  2.6170E+00      3111
 ##### @Element :Max/IdMax/Min/IdMin####
   //E11  1.8935E-02       125 -1.7660E-02       155
   //E22  3.0289E-03       149 -3.1377E-03        85
   //E33  3.2118E-03       155 -3.3427E-03       125
   //E12  1.0705E-02       123 -8.2784E-03        38
   //E23  2.3336E-03       132 -3.0820E-03        61
   //E13  1.3791E-02       218 -1.9695E-02        62
   //S11  8.8832E+01       125 -8.9985E+01        62
   //S22  2.3351E+01       125 -3.8565E+01        62
   //S33  2.0284E+01       125 -3.8565E+01        62
   //S12  1.6468E+01       123 -1.2736E+01        38
   //S23  3.5901E+00       132 -4.7415E+00        61
   //S13  2.1217E+01       218 -3.0300E+01        62
   //SMS  2.0650E+03        62  6.2690E-01        52
 ##### Global Summary :Max/Min####
   //U1   6.0005E-02 -5.5463E-02
   //U2   6.5616E-02 -8.5877E-02
   //U3   1.5757E-01 -1.1942E-01
   //E11  1.2938E-02 -1.6711E-02
   //E22  3.0197E-03 -3.0385E-03
   //E33  3.0607E-03 -3.1372E-03
   //E12  1.0592E-02 -2.0244E-03
   //E23  1.7498E-03 -1.7884E-03
   //E13  5.1468E-03 -1.9695E-02
   //S11  5.9674E+01 -8.9985E+01
   //S22  1.9202E+01 -3.8565E+01
   //S33  1.4759E+01 -3.8565E+01
   //S12  1.6295E+01 -3.1144E+00
   //S23  2.6920E+00 -2.7514E+00
   //S13  7.9181E+00 -3.0300E+01
   //SMS  7.8707E+01  2.6170E+00
 ##### @Element :Max/Min####
   //E11  1.8935E-02 -1.7660E-02
   //E22  3.0289E-03 -3.1377E-03
   //E33  3.2118E-03 -3.3427E-03
   //E12  1.0705E-02 -8.2784E-03
   //E23  2.3336E-03 -3.0820E-03
   //E13  1.3791E-02 -1.9695E-02
   //S11  8.8832E+01 -8.9985E+01
   //S22  2.3351E+01 -3.8565E+01
   //S33  2.0284E+01 -3.8565E+01
   //S12  1.6468E+01 -1.2736E+01
   //S23  3.5901E+00 -4.7415E+00
   //S13  2.1217E+01 -3.0300E+01
   //SMS  2.0650E+03  6.2690E-01

 ====================================
    TOTAL TIME (sec) :      0.48
           pre (sec) :      0.02
         solve (sec) :      0.47
 ====================================
