 
********************************
*RESULT OF EIGEN VALUE ANALYSIS*
********************************
 
 NUMBER OF ITERATIONS = 18
 
   NO.   EIGENVALUE    ANGL.FREQUENCY FREQUENCY(HZ)
   ---   ----------    -------------- -------------
    1   0.592258E+09   0.243364E+05   0.387325E+04
    2   0.142175E+10   0.377061E+05   0.600111E+04
    3   0.210963E+11   0.145246E+06   0.231166E+05


 Mode No.     1

 #### DISPLACEMENT 3D
    NODE     X-DISP      Y-DISP      Z-DISP
---------+-----------+-----------+------------
      1001  0.0000E+00  0.0000E+00  0.0000E+00
      1003  0.2957E-02  0.2947E-02  0.6795E-03
      1005  0.5746E-02  0.1119E-01  0.1030E-02
      1007  0.7961E-02  0.2479E-01  0.1191E-02
      1009  0.9764E-02  0.4236E-01  0.1309E-02
      1011  0.1113E-01  0.6322E-01  0.1384E-02
      1013  0.1211E-01  0.8646E-01  0.1422E-02
      1015  0.1274E-01  0.1113E+00  0.1434E-02
      1017  0.1308E-01  0.1372E+00  0.1426E-02
      1019  0.1323E-01  0.1636E+00  0.1408E-02
      1021  0.1327E-01  0.1901E+00  0.1403E-02
      1101  0.0000E+00  0.0000E+00  0.0000E+00
      1103 -0.2396E-14  0.2477E-02  0.4516E-15
      1105  0.1622E-14  0.1117E-01 -0.1867E-14
      1107  0.3299E-14  0.2459E-01  0.9584E-14
      1109 -0.1531E-14  0.4227E-01  0.7420E-14
      1111  0.1140E-14  0.6314E-01  0.6868E-14
      1113  0.4182E-14  0.8641E-01  0.1416E-13
      1115  0.4808E-14  0.1113E+00  0.1089E-13
      1117  0.5467E-14  0.1372E+00  0.2773E-13
      1119  0.5128E-14  0.1636E+00  0.2880E-13
      1121  0.3817E-14  0.1901E+00  0.3873E-13
      1201  0.0000E+00  0.0000E+00  0.0000E+00
      1203 -0.2957E-02  0.2947E-02 -0.6795E-03
      1205 -0.5746E-02  0.1119E-01 -0.1030E-02
      1207 -0.7961E-02  0.2479E-01 -0.1191E-02
      1209 -0.9764E-02  0.4236E-01 -0.1309E-02
      1211 -0.1113E-01  0.6322E-01 -0.1384E-02
      1213 -0.1211E-01  0.8646E-01 -0.1422E-02
      1215 -0.1274E-01  0.1113E+00 -0.1434E-02
      1217 -0.1308E-01  0.1372E+00 -0.1426E-02
      1219 -0.1323E-01  0.1636E+00 -0.1408E-02
      1221 -0.1327E-01  0.1901E+00 -0.1403E-02
      3001  0.0000E+00  0.0000E+00  0.0000E+00
      3003  0.2882E-02  0.3407E-02  0.3082E-03
      3005  0.5631E-02  0.1207E-01  0.6298E-03
      3007  0.7891E-02  0.2578E-01  0.8705E-03
      3009  0.9705E-02  0.4355E-01  0.1051E-02
      3011  0.1109E-01  0.6450E-01  0.1192E-02
      3013  0.1208E-01  0.8781E-01  0.1290E-02
      3015  0.1272E-01  0.1127E+00  0.1351E-02
      3017  0.1308E-01  0.1386E+00  0.1383E-02
      3019  0.1322E-01  0.1650E+00  0.1390E-02
      3021  0.1326E-01  0.1915E+00  0.1395E-02
      3101  0.0000E+00  0.0000E+00  0.0000E+00
      3103 -0.6022E-14  0.3018E-02  0.1033E-14
      3105 -0.3207E-14  0.1192E-01 -0.2837E-14
      3107  0.3903E-15  0.2564E-01  0.5251E-14
      3109  0.2936E-14  0.4343E-01  0.6015E-14
      3111  0.8094E-15  0.6441E-01  0.6774E-14
      3113 -0.1454E-14  0.8775E-01  0.9047E-14
      3115  0.2056E-15  0.1127E+00  0.1648E-13
      3117  0.3132E-14  0.1386E+00  0.2858E-13
      3119  0.2559E-14  0.1650E+00  0.3063E-13
      3121  0.3113E-14  0.1915E+00  0.3679E-13
      3201  0.0000E+00  0.0000E+00  0.0000E+00
      3203 -0.2882E-02  0.3407E-02 -0.3082E-03
      3205 -0.5631E-02  0.1207E-01 -0.6298E-03
      3207 -0.7891E-02  0.2578E-01 -0.8705E-03
      3209 -0.9705E-02  0.4355E-01 -0.1051E-02
      3211 -0.1109E-01  0.6450E-01 -0.1192E-02
      3213 -0.1208E-01  0.8781E-01 -0.1290E-02
      3215 -0.1272E-01  0.1127E+00 -0.1351E-02
      3217 -0.1308E-01  0.1386E+00 -0.1383E-02
      3219 -0.1322E-01  0.1650E+00 -0.1390E-02
      3221 -0.1326E-01  0.1915E+00 -0.1395E-02
      5001  0.0000E+00  0.0000E+00  0.0000E+00
      5003  0.2865E-02  0.3507E-02 -0.1079E-03
      5005  0.5506E-02  0.1254E-01  0.2462E-03
      5007  0.7782E-02  0.2649E-01  0.5501E-03
      5009  0.9615E-02  0.4447E-01  0.7999E-03
      5011  0.1102E-01  0.6559E-01  0.1005E-02
      5013  0.1203E-01  0.8903E-01  0.1161E-02
      5015  0.1268E-01  0.1140E+00  0.1272E-02
      5017  0.1305E-01  0.1400E+00  0.1342E-02
      5019  0.1321E-01  0.1664E+00  0.1373E-02
      5021  0.1324E-01  0.1929E+00  0.1388E-02
      5101  0.0000E+00  0.0000E+00  0.0000E+00
      5103 -0.1417E-14  0.3295E-02 -0.5521E-14
      5105 -0.8624E-14  0.1233E-01 -0.4492E-14
      5107  0.1988E-14  0.2633E-01  0.9107E-14
      5109  0.1119E-14  0.4434E-01  0.5630E-14
      5111 -0.4067E-15  0.6550E-01  0.8464E-14
      5113 -0.1113E-15  0.8896E-01  0.1360E-13
      5115  0.6250E-15  0.1140E+00  0.1130E-13
      5117 -0.2857E-14  0.1400E+00  0.2932E-13
      5119 -0.5558E-15  0.1664E+00  0.3012E-13
      5121  0.2528E-14  0.1929E+00  0.3451E-13
      5201  0.0000E+00  0.0000E+00  0.0000E+00
      5203 -0.2865E-02  0.3507E-02  0.1079E-03
      5205 -0.5506E-02  0.1254E-01 -0.2462E-03
      5207 -0.7782E-02  0.2649E-01 -0.5501E-03
      5209 -0.9615E-02  0.4447E-01 -0.7999E-03
      5211 -0.1102E-01  0.6559E-01 -0.1005E-02
      5213 -0.1203E-01  0.8903E-01 -0.1161E-02
      5215 -0.1268E-01  0.1140E+00 -0.1272E-02
      5217 -0.1305E-01  0.1400E+00 -0.1342E-02
      5219 -0.1321E-01  0.1664E+00 -0.1373E-02
      5221 -0.1324E-01  0.1929E+00 -0.1388E-02
 #### REACTION FORCE 3D
    NODE     X-REAC      Y-REAC      Z-REAC
---------+-----------+-----------+------------
      1001 -8.0036E-01 -1.3532E-01 -4.6375E-01
      1101  1.9281E-12  3.3420E-01  2.6392E-12
      1201  8.0036E-01 -1.3532E-01  4.6375E-01
      3001 -1.2275E+00 -3.7197E-01  9.5520E-03
      3101  4.4047E-12  3.1813E-01  5.3285E-12
      3201  1.2275E+00 -3.7197E-01 -9.5520E-03
      5001 -5.7585E-01 -1.7776E-01  4.8368E-01
      5101  2.6504E-12  3.6285E-01 -7.7719E-13
      5201  5.7585E-01 -1.7776E-01 -4.8368E-01
 #### NODAL STRESS 3D
 #### STRAIN
     NODE     E11         E22         E33         E12         E23         E13     
  -------+-----------+-----------+-----------+-----------+-----------+-------------
      1001  1.4786E-03 -3.1350E-04  0.0000E+00  7.4080E-04 -4.5303E-04  3.3977E-04
      1003  1.4379E-03 -4.9148E-04 -2.4756E-04  2.6799E-04 -1.5150E-04  1.7273E-04
      1005  1.2922E-03 -4.0650E-04 -3.9074E-04  2.1461E-04 -9.5319E-05  3.7065E-05
      1007  1.0465E-03 -2.9118E-04 -3.4723E-04  1.8818E-04 -7.7093E-05  1.3394E-06
      1009  8.3078E-04 -2.4052E-04 -2.7912E-04  1.8109E-04 -5.7005E-05 -8.5462E-07
      1011  6.2133E-04 -1.7496E-04 -2.1383E-04  1.6885E-04 -3.8946E-05 -4.2666E-06
      1013  4.3224E-04 -1.2056E-04 -1.5237E-04  1.5085E-04 -2.4993E-05 -6.3974E-06
      1015  2.6962E-04 -7.3670E-05 -9.9235E-05  1.2556E-04 -1.2706E-05 -8.2441E-06
      1017  1.4121E-04 -3.6690E-05 -5.6281E-05  9.2439E-05 -3.8371E-06 -9.6523E-06
      1019  5.4842E-05 -1.2362E-05 -2.6265E-05  5.1313E-05  1.2449E-06 -9.4710E-06
      1021  1.8117E-05 -2.1448E-06 -1.3026E-05  1.9551E-05 -1.9286E-06 -6.4787E-06
      1101 -1.8330E-15 -4.9930E-16  0.0000E+00  7.4080E-04 -4.5303E-04 -2.2550E-15
      1103 -1.3992E-15  5.5508E-16  8.3850E-16  2.6799E-04 -1.5150E-04 -5.3380E-15
      1105  2.1558E-15  6.9182E-16 -1.8824E-16  2.1461E-04 -9.5319E-05 -4.0777E-15
      1107  4.3957E-16  5.6500E-16 -7.9760E-16  1.8818E-04 -7.7093E-05 -3.6593E-16
      1109  6.0697E-17  2.5008E-15 -4.6806E-15  1.8109E-04 -5.7005E-05 -8.7563E-16
      1111 -6.8278E-17  1.8700E-15 -3.5167E-15  1.6885E-04 -3.8946E-05  4.8317E-16
      1113  1.2999E-15 -5.8145E-17 -4.8545E-15  1.5085E-04 -2.4993E-05 -9.6413E-16
      1115  1.7251E-15 -1.7310E-15  4.8362E-16  1.2556E-04 -1.2706E-05  8.3810E-16
      1117  7.4659E-16 -1.6615E-15  2.5683E-15  9.2439E-05 -3.8371E-06  1.9393E-15
      1119 -2.5875E-16 -1.5614E-15  2.2611E-15  5.1313E-05  1.2449E-06 -2.8471E-15
      1121  3.2541E-16 -2.2219E-16  2.7077E-15  1.9551E-05 -1.9286E-06  2.7509E-15
      1201 -1.4786E-03  3.1350E-04  0.0000E+00  7.4080E-04 -4.5303E-04 -3.3977E-04
      1203 -1.4379E-03  4.9148E-04  2.4756E-04  2.6799E-04 -1.5150E-04 -1.7273E-04
      1205 -1.2922E-03  4.0650E-04  3.9074E-04  2.1461E-04 -9.5319E-05 -3.7065E-05
      1207 -1.0465E-03  2.9118E-04  3.4723E-04  1.8818E-04 -7.7093E-05 -1.3394E-06
      1209 -8.3078E-04  2.4052E-04  2.7912E-04  1.8109E-04 -5.7005E-05  8.5462E-07
      1211 -6.2133E-04  1.7496E-04  2.1383E-04  1.6885E-04 -3.8946E-05  4.2666E-06
      1213 -4.3224E-04  1.2056E-04  1.5237E-04  1.5085E-04 -2.4993E-05  6.3974E-06
      1215 -2.6962E-04  7.3670E-05  9.9235E-05  1.2556E-04 -1.2706E-05  8.2441E-06
      1217 -1.4121E-04  3.6690E-05  5.6281E-05  9.2439E-05 -3.8371E-06  9.6523E-06
      1219 -5.4842E-05  1.2362E-05  2.6265E-05  5.1313E-05  1.2449E-06  9.4710E-06
      1221 -1.8117E-05  2.1448E-06  1.3026E-05  1.9551E-05 -1.9286E-06  6.4787E-06
      3001  1.4534E-03 -3.8187E-04 -1.2378E-04  4.5094E-04 -1.0527E-04  1.9082E-04
      3003  1.4095E-03 -4.5110E-04 -3.2921E-04  2.3352E-04  3.0315E-05  7.5259E-05
      3005  1.2396E-03 -3.6514E-04 -3.8415E-04  2.0393E-04  3.4122E-05  4.2308E-05
      3007  1.0190E-03 -3.0224E-04 -3.2068E-04  2.0440E-04 -3.7129E-06  1.4983E-05
      3009  8.0004E-04 -2.3205E-04 -2.5506E-04  1.9259E-04 -5.1972E-06  5.8737E-06
      3011  5.9409E-04 -1.7373E-04 -1.9011E-04  1.7765E-04 -5.1251E-06  3.1782E-06
      3013  4.0802E-04 -1.1847E-04 -1.3191E-04  1.5621E-04 -4.5836E-06 -8.1320E-07
      3015  2.4951E-04 -7.1858E-05 -8.2298E-05  1.2799E-04 -3.6035E-06 -3.9723E-06
      3017  1.2644E-04 -3.5656E-05 -4.3974E-05  9.2529E-05 -1.9604E-06 -7.3094E-06
      3019  4.6628E-05 -1.1815E-05 -1.9636E-05  4.9683E-05 -2.1841E-06 -8.1182E-06
      3021  1.8162E-05 -3.6691E-06 -1.0403E-05  2.8500E-05 -7.7847E-06 -8.2177E-06
      3101 -3.9340E-15  5.8730E-16  4.1925E-16  4.5094E-04 -1.0527E-04 -3.9366E-15
      3103 -9.1640E-16  1.4651E-15 -1.6968E-15  2.3352E-04  3.0315E-05 -3.4972E-15
      3105  1.0300E-15  2.4584E-17 -6.2085E-16  2.0393E-04  3.4122E-05 -1.4402E-15
      3107  1.6893E-15  5.9902E-17  9.9439E-17  2.0440E-04 -3.7129E-06  8.6093E-16
      3109 -3.9817E-17  7.7710E-16 -7.7444E-16  1.9259E-04 -5.1972E-06 -8.3852E-16
      3111 -1.3380E-16 -1.5487E-16  6.8881E-17  1.7765E-04 -5.1251E-06 -4.1306E-17
      3113  1.2764E-15 -1.7901E-15  2.9881E-16  1.5621E-04 -4.5836E-06 -1.0881E-16
      3115  7.8012E-16 -2.1104E-15  1.3000E-15  1.2799E-04 -3.6035E-06  2.3227E-15
      3117  5.2855E-19 -1.1549E-15  8.4858E-16  9.2529E-05 -1.9604E-06  1.0144E-15
      3119  5.7653E-16 -2.4226E-16  1.0611E-15  4.9683E-05 -2.1841E-06 -2.1339E-16
      3121  2.0230E-15  8.0259E-16 -6.2041E-16  2.8500E-05 -7.7847E-06  1.3153E-15
      3201 -1.4534E-03  3.8187E-04  1.2378E-04  4.5094E-04 -1.0527E-04 -1.9082E-04
      3203 -1.4095E-03  4.5110E-04  3.2921E-04  2.3352E-04  3.0315E-05 -7.5259E-05
      3205 -1.2396E-03  3.6514E-04  3.8415E-04  2.0393E-04  3.4122E-05 -4.2308E-05
      3207 -1.0190E-03  3.0224E-04  3.2068E-04  2.0440E-04 -3.7129E-06 -1.4983E-05
      3209 -8.0004E-04  2.3205E-04  2.5506E-04  1.9259E-04 -5.1972E-06 -5.8737E-06
      3211 -5.9409E-04  1.7373E-04  1.9011E-04  1.7765E-04 -5.1251E-06 -3.1782E-06
      3213 -4.0802E-04  1.1847E-04  1.3191E-04  1.5621E-04 -4.5836E-06  8.1320E-07
      3215 -2.4951E-04  7.1858E-05  8.2298E-05  1.2799E-04 -3.6035E-06  3.9723E-06
      3217 -1.2644E-04  3.5656E-05  4.3974E-05  9.2529E-05 -1.9604E-06  7.3094E-06
      3219 -4.6628E-05  1.1815E-05  1.9636E-05  4.9683E-05 -2.1841E-06  8.1182E-06
      3221 -1.8162E-05  3.6691E-06  1.0403E-05  2.8500E-05 -7.7847E-06  8.2177E-06
      5001  1.4366E-03 -3.3023E-04 -2.0803E-04  4.3086E-04  1.8591E-05  4.1661E-05
      5003  1.3759E-03 -4.3014E-04 -4.0526E-04  1.5603E-04  1.4391E-04  4.1931E-05
      5005  1.1962E-03 -3.5218E-04 -3.6258E-04  1.9567E-04  1.2276E-04  3.0605E-05
      5007  9.8711E-04 -2.9498E-04 -2.9720E-04  2.1455E-04  9.0725E-05  1.9686E-05
      5009  7.7050E-04 -2.3142E-04 -2.2953E-04  2.0268E-04  7.2455E-05  1.5081E-05
      5011  5.6677E-04 -1.6986E-04 -1.6739E-04  1.8476E-04  5.4382E-05  1.0481E-05
      5013  3.8409E-04 -1.1597E-04 -1.1173E-04  1.6028E-04  3.8120E-05  6.3695E-06
      5015  2.2987E-04 -6.9472E-05 -6.5971E-05  1.2944E-04  2.3665E-05  2.1347E-06
      5017  1.1194E-04 -3.3405E-05 -3.2562E-05  9.2364E-05  1.2866E-05 -3.1636E-06
      5019  3.8169E-05 -1.0455E-05 -1.3234E-05  4.8809E-05  5.8930E-07 -6.7365E-06
      5021  1.8320E-05 -4.8310E-06 -6.2133E-06  3.3594E-05 -6.8850E-06 -7.3758E-06
      5101 -4.1669E-15  1.9691E-15 -2.9462E-15  4.3086E-04  1.8591E-05 -1.4640E-15
      5103 -1.2956E-15  1.1746E-15 -3.1399E-15  1.5603E-04  1.4391E-04 -1.1100E-15
      5105  1.2892E-15 -1.5289E-15  2.6374E-15  1.9567E-04  1.2276E-04  5.1450E-16
      5107  2.2139E-15 -1.5219E-15  3.3582E-15  2.1455E-04  9.0725E-05  1.5241E-15
      5109 -8.6624E-16 -1.3054E-15  3.6256E-15  2.0268E-04  7.2455E-05 -1.6731E-15
      5111  3.5368E-16 -1.8725E-15  3.4817E-15  1.8476E-04  5.4382E-05  5.3323E-16
      5113  9.4498E-16 -2.7278E-15  1.4566E-15  1.6028E-04  3.8120E-05  1.7083E-16
      5115 -3.0433E-16 -1.0886E-15 -1.5468E-15  1.2944E-04  2.3665E-05  2.7603E-15
      5117 -3.1234E-16  2.1242E-16  1.3616E-16  9.2364E-05  1.2866E-05  8.0556E-16
      5119  1.0929E-15  9.8681E-16 -1.9889E-15  4.8809E-05  5.8930E-07 -2.0295E-15
      5121  1.0578E-15  9.9845E-16 -3.7162E-15  3.3594E-05 -6.8850E-06 -3.7472E-15
      5201 -1.4366E-03  3.3023E-04  2.0803E-04  4.3086E-04  1.8591E-05 -4.1661E-05
      5203 -1.3759E-03  4.3014E-04  4.0526E-04  1.5603E-04  1.4391E-04 -4.1931E-05
      5205 -1.1962E-03  3.5218E-04  3.6258E-04  1.9567E-04  1.2276E-04 -3.0605E-05
      5207 -9.8711E-04  2.9498E-04  2.9720E-04  2.1455E-04  9.0725E-05 -1.9686E-05
      5209 -7.7050E-04  2.3142E-04  2.2953E-04  2.0268E-04  7.2455E-05 -1.5081E-05
      5211 -5.6677E-04  1.6986E-04  1.6739E-04  1.8476E-04  5.4382E-05 -1.0481E-05
      5213 -3.8409E-04  1.1597E-04  1.1173E-04  1.6028E-04  3.8120E-05 -6.3695E-06
      5215 -2.2987E-04  6.9472E-05  6.5971E-05  1.2944E-04  2.3665E-05 -2.1347E-06
      5217 -1.1194E-04  3.3405E-05  3.2562E-05  9.2364E-05  1.2866E-05  3.1636E-06
      5219 -3.8169E-05  1.0455E-05  1.3234E-05  4.8809E-05  5.8930E-07  6.7365E-06
      5221 -1.8320E-05  4.8310E-06  6.2133E-06  3.3594E-05 -6.8850E-06  7.3758E-06
 #### STRESS
     NODE     S11         S22         S33         S12         S23         S13        MISES
  -------+-----------+-----------+-----------+-----------+-----------+-----------+-------------
      1001  7.2383E+00  1.7241E+00  2.6887E+00  1.1397E+00 -6.9697E-01  5.2273E-01  5.6738E+00
      1003  6.0370E+00  1.0048E-01  8.5101E-01  4.1230E-01 -2.3308E-01  2.6573E-01  5.6776E+00
      1005  5.1180E+00 -1.0866E-01 -6.0166E-02  3.3017E-01 -1.4664E-01  5.7023E-02  5.2410E+00
      1007  4.1617E+00  4.5810E-02 -1.2667E-01  2.8952E-01 -1.1860E-01  2.0606E-03  4.2396E+00
      1009  3.2742E+00 -2.2088E-02 -1.4085E-01  2.7860E-01 -8.7701E-02 -1.3148E-03  3.3952E+00
      1011  2.4484E+00 -1.7129E-03 -1.2131E-01  2.5977E-01 -5.9917E-02 -6.5640E-03  2.5542E+00
      1013  1.6976E+00 -3.3112E-03 -1.0120E-01  2.3207E-01 -3.8452E-02 -9.8422E-03  1.7988E+00
      1015  1.0528E+00 -3.4847E-03 -8.2145E-02  1.9317E-01 -1.9547E-02 -1.2683E-02  1.1483E+00
      1017  5.4580E-01 -1.5741E-03 -6.1855E-02  1.4221E-01 -5.9033E-03 -1.4850E-02  6.3063E-01
      1019  2.0616E-01 -6.1709E-04 -4.3395E-02  7.8943E-02  1.9152E-03 -1.4571E-02  2.6977E-01
      1021  6.2543E-02  1.9918E-04 -3.3282E-02  3.0078E-02 -2.9671E-03 -9.9672E-03  1.0067E-01
      1101 -1.1022E-11 -6.9187E-12 -5.3819E-12  1.1397E+00 -6.9697E-01 -3.4691E-12  2.3139E+00
      1103 -4.3180E-12  1.6949E-12  2.5672E-12  4.1230E-01 -2.3308E-01 -8.2122E-12  8.2033E-01
      1105  1.2770E-11  8.2656E-12  5.5576E-12  3.3017E-01 -1.4664E-01 -6.2733E-12  6.2574E-01
      1107  1.8298E-12  2.2160E-12 -1.9766E-12  2.8952E-01 -1.1860E-01 -5.6298E-13  5.4190E-01
      1109 -4.7034E-12  2.8046E-12 -1.9292E-11  2.7860E-01 -8.7701E-02 -1.3471E-12  5.0589E-01
      1111 -4.1679E-12  1.7961E-12 -1.4778E-11  2.5977E-01 -5.9917E-02  7.4334E-13  4.6175E-01
      1113 -4.3373E-12 -8.5160E-12 -2.3274E-11  2.3207E-01 -3.8452E-02 -1.4833E-12  4.0744E-01
      1115  6.4107E-12 -4.2236E-12  2.5906E-12  1.9317E-01 -1.9547E-02  1.2894E-12  3.3628E-01
      1117  6.1127E-12 -1.2967E-12  1.1718E-11  1.4221E-01 -5.9033E-03  2.9836E-12  2.4653E-01
      1119  2.2158E-13 -3.7865E-12  7.9751E-12  7.8943E-02  1.9152E-03 -4.3801E-12  1.3677E-01
      1121  7.4881E-12  5.8031E-12  1.4818E-11  3.0078E-02 -2.9671E-03  4.2321E-12  5.2350E-02
      1201 -7.2383E+00 -1.7241E+00 -2.6887E+00  1.1397E+00 -6.9697E-01 -5.2273E-01  5.6738E+00
      1203 -6.0370E+00 -1.0048E-01 -8.5101E-01  4.1230E-01 -2.3308E-01 -2.6573E-01  5.6776E+00
      1205 -5.1180E+00  1.0866E-01  6.0166E-02  3.3017E-01 -1.4664E-01 -5.7023E-02  5.2410E+00
      1207 -4.1617E+00 -4.5810E-02  1.2667E-01  2.8952E-01 -1.1860E-01 -2.0606E-03  4.2396E+00
      1209 -3.2742E+00  2.2088E-02  1.4085E-01  2.7860E-01 -8.7701E-02  1.3148E-03  3.3952E+00
      1211 -2.4484E+00  1.7129E-03  1.2131E-01  2.5977E-01 -5.9917E-02  6.5640E-03  2.5542E+00
      1213 -1.6976E+00  3.3112E-03  1.0120E-01  2.3207E-01 -3.8452E-02  9.8422E-03  1.7988E+00
      1215 -1.0528E+00  3.4847E-03  8.2145E-02  1.9317E-01 -1.9547E-02  1.2683E-02  1.1483E+00
      1217 -5.4580E-01  1.5741E-03  6.1855E-02  1.4221E-01 -5.9033E-03  1.4850E-02  6.3063E-01
      1219 -2.0616E-01  6.1709E-04  4.3395E-02  7.8943E-02  1.9152E-03  1.4571E-02  2.6977E-01
      1221 -6.2543E-02 -1.9918E-04  3.3282E-02  3.0078E-02 -2.9671E-03  9.9672E-03  1.0067E-01
      3001  6.6593E+00  1.0122E+00  1.8063E+00  6.9375E-01 -1.6196E-01  2.9356E-01  5.4605E+00
      3003  5.7892E+00  6.4109E-02  4.3916E-01  3.5927E-01  4.6638E-02  1.1578E-01  5.5860E+00
      3005  4.9457E+00  7.9850E-03 -5.0507E-02  3.1373E-01  5.2495E-02  6.5089E-02  4.9990E+00
      3007  4.0494E+00 -1.5979E-02 -7.2709E-02  3.1446E-01 -5.7122E-03  2.3050E-02  4.1303E+00
      3009  3.1838E+00  8.1489E-03 -6.2629E-02  2.9629E-01 -7.9957E-03  9.0365E-03  3.2525E+00
      3011  2.3593E+00 -3.2003E-03 -5.3606E-02  2.7332E-01 -7.8848E-03  4.8895E-03  2.4346E+00
      3013  1.6193E+00 -7.1200E-04 -4.2065E-02  2.4032E-01 -7.0516E-03 -1.2511E-03  1.6931E+00
      3015  9.8780E-01 -1.0405E-03 -3.3163E-02  1.9691E-01 -5.5438E-03 -6.1112E-03  1.0617E+00
      3017  4.9707E-01 -1.6879E-03 -2.7282E-02  1.4235E-01 -3.0159E-03 -1.1245E-02  5.6866E-01
      3019  1.7850E-01 -1.3294E-03 -2.5393E-02  7.6436E-02 -3.3601E-03 -1.2489E-02  2.3510E-01
      3021  6.5320E-02 -1.8519E-03 -2.2571E-02  4.3846E-02 -1.1976E-02 -1.2643E-02  1.1406E-01
      3101 -1.8860E-11 -4.9487E-12 -5.4656E-12  6.9375E-01 -1.6196E-01 -6.0564E-12  1.2339E+00
      3103 -5.4691E-12  1.8586E-12 -7.8702E-12  3.5927E-01  4.6638E-02 -5.3803E-12  6.2749E-01
      3105  4.1704E-12  1.0766E-12 -9.0928E-13  3.1373E-01  5.2495E-02 -2.2156E-12  5.5096E-01
      3107  9.4638E-12  4.4505E-12  4.5721E-12  3.1446E-01 -5.7122E-03  1.3245E-12  5.4475E-01
      3109 -2.0798E-13  2.3053E-12 -2.4686E-12  2.9629E-01 -7.9957E-03 -1.2900E-12  5.1337E-01
      3111 -9.1880E-13 -9.8364E-13 -2.9525E-13  2.7332E-01 -7.8848E-03 -6.3547E-14  4.7359E-01
      3113  3.4314E-12 -6.0039E-12  4.2353E-13  2.4032E-01 -7.0516E-03 -1.6740E-13  4.1643E-01
      3115  2.3305E-12 -6.5635E-12  3.9303E-12  1.9691E-01 -5.5438E-03  3.5734E-12  3.4119E-01
      3117 -7.0418E-13 -4.2594E-12  1.9052E-12  1.4235E-01 -3.0159E-03  1.5606E-12  2.4662E-01
      3119  4.9941E-12  2.4748E-12  6.4853E-12  7.6436E-02 -3.3601E-03 -3.2829E-13  1.3252E-01
      3121  1.1313E-11  7.5583E-12  3.1799E-12  4.3846E-02 -1.1976E-02  2.0235E-12  7.8726E-02
      3201 -6.6593E+00 -1.0122E+00 -1.8063E+00  6.9375E-01 -1.6196E-01 -2.9356E-01  5.4605E+00
      3203 -5.7892E+00 -6.4109E-02 -4.3916E-01  3.5927E-01  4.6638E-02 -1.1578E-01  5.5860E+00
      3205 -4.9457E+00 -7.9850E-03  5.0507E-02  3.1373E-01  5.2495E-02 -6.5089E-02  4.9990E+00
      3207 -4.0494E+00  1.5979E-02  7.2709E-02  3.1446E-01 -5.7122E-03 -2.3050E-02  4.1303E+00
      3209 -3.1838E+00 -8.1489E-03  6.2629E-02  2.9629E-01 -7.9957E-03 -9.0365E-03  3.2525E+00
      3211 -2.3593E+00  3.2003E-03  5.3606E-02  2.7332E-01 -7.8848E-03 -4.8895E-03  2.4346E+00
      3213 -1.6193E+00  7.1200E-04  4.2065E-02  2.4032E-01 -7.0516E-03  1.2511E-03  1.6931E+00
      3215 -9.8780E-01  1.0405E-03  3.3163E-02  1.9691E-01 -5.5438E-03  6.1112E-03  1.0617E+00
      3217 -4.9707E-01  1.6879E-03  2.7282E-02  1.4235E-01 -3.0159E-03  1.1245E-02  5.6866E-01
      3219 -1.7850E-01  1.3294E-03  2.5393E-02  7.6436E-02 -3.3601E-03  1.2489E-02  2.3510E-01
      3221 -6.5320E-02  1.8519E-03  2.2571E-02  4.3846E-02 -1.1976E-02  1.2643E-02  1.1406E-01
      5001  6.4936E+00  1.0571E+00  1.4331E+00  6.6286E-01  2.8602E-02  6.4094E-02  5.3839E+00
      5003  5.4807E+00 -7.6249E-02  2.8175E-04  2.4005E-01  2.2140E-01  6.4510E-02  5.5491E+00
      5005  4.7919E+00  2.7506E-02 -4.5021E-03  3.0103E-01  1.8886E-01  4.7084E-02  4.8206E+00
      5007  3.9487E+00  3.7433E-03 -3.0833E-03  3.3008E-01  1.3958E-01  3.0286E-02  3.9972E+00
      5009  3.0851E+00  2.2571E-03  8.0675E-03  3.1182E-01  1.1147E-01  2.3202E-02  3.1331E+00
      5011  2.2736E+00  7.0398E-03  1.4641E-02  2.8425E-01  8.3665E-02  1.6124E-02  2.3204E+00
      5013  1.5427E+00  4.0707E-03  1.7142E-02  2.4658E-01  5.8646E-02  9.7992E-03  1.5939E+00
      5015  9.2521E-01  4.1492E-03  1.4922E-02  1.9914E-01  3.6407E-02  3.2841E-03  9.8057E-01
      5017  4.5052E-01  3.3051E-03  5.9001E-03  1.4210E-01  1.9794E-02 -4.8672E-03  5.1056E-01
      5019  1.5086E-01  1.2449E-03 -7.3075E-03  7.5091E-02  9.0662E-04 -1.0364E-02  2.0243E-01
      5021  7.3161E-02  1.9260E-03 -2.3273E-03  5.1683E-02 -1.0592E-02 -1.1347E-02  1.1888E-01
      5101 -2.4692E-11 -5.8117E-12 -2.0936E-11  6.6286E-01  2.8602E-02 -2.2523E-12  1.1492E+00
      5103 -1.1511E-11 -3.9105E-12 -1.7186E-11  2.4005E-01  2.2140E-01 -1.7077E-12  5.6562E-01
      5105  9.4997E-12  8.2873E-13  1.3648E-11  3.0103E-01  1.8886E-01  7.9154E-13  6.1551E-01
      5107  1.6158E-11  4.6636E-12  1.9679E-11  3.3008E-01  1.3958E-01  2.3448E-12  6.2072E-01
      5109  6.8982E-13 -6.6147E-13  1.4511E-11  3.1182E-01  1.1147E-01 -2.5740E-12  5.7356E-01
      5111  5.6180E-12 -1.2315E-12  1.5243E-11  2.8425E-01  8.3665E-02  8.2035E-13  5.1322E-01
      5113  2.1548E-12 -9.1460E-12  3.7291E-12  2.4658E-01  5.8646E-02  2.6281E-13  4.3901E-01
      5115 -7.7203E-12 -1.0133E-11 -1.1543E-11  1.9914E-01  3.6407E-02  4.2466E-12  3.5064E-01
      5117 -8.7746E-13  7.3721E-13  5.0256E-13  1.4210E-01  1.9794E-02  1.2393E-12  2.4850E-01
      5119  3.5724E-12  3.2459E-12 -5.9102E-12  7.5091E-02  9.0662E-04 -3.1223E-12  1.3007E-01
      5121 -5.7584E-13 -7.5842E-13 -1.5265E-11  5.1683E-02 -1.0592E-02 -5.7649E-12  9.1378E-02
      5201 -6.4936E+00 -1.0571E+00 -1.4331E+00  6.6286E-01  2.8602E-02 -6.4094E-02  5.3839E+00
      5203 -5.4807E+00  7.6249E-02 -2.8175E-04  2.4005E-01  2.2140E-01 -6.4510E-02  5.5491E+00
      5205 -4.7919E+00 -2.7506E-02  4.5021E-03  3.0103E-01  1.8886E-01 -4.7084E-02  4.8206E+00
      5207 -3.9487E+00 -3.7433E-03  3.0833E-03  3.3008E-01  1.3958E-01 -3.0286E-02  3.9972E+00
      5209 -3.0851E+00 -2.2571E-03 -8.0675E-03  3.1182E-01  1.1147E-01 -2.3202E-02  3.1331E+00
      5211 -2.2736E+00 -7.0398E-03 -1.4641E-02  2.8425E-01  8.3665E-02 -1.6124E-02  2.3204E+00
      5213 -1.5427E+00 -4.0707E-03 -1.7142E-02  2.4658E-01  5.8646E-02 -9.7992E-03  1.5939E+00
      5215 -9.2521E-01 -4.1492E-03 -1.4922E-02  1.9914E-01  3.6407E-02 -3.2841E-03  9.8057E-01
      5217 -4.5052E-01 -3.3051E-03 -5.9001E-03  1.4210E-01  1.9794E-02  4.8672E-03  5.1056E-01
      5219 -1.5086E-01 -1.2449E-03  7.3075E-03  7.5091E-02  9.0662E-04  1.0364E-02  2.0243E-01
      5221 -7.3161E-02 -1.9260E-03  2.3273E-03  5.1683E-02 -1.0592E-02  1.1347E-02  1.1888E-01
 ##### Local Summary :Max/IdMax/Min/IdMin####
   //U1   1.3265E-02      1021 -1.3265E-02      1221
   //U2   1.9286E-01      5021  0.0000E+00      1001
   //U3   1.4336E-03      1015 -1.4336E-03      1215
   //E11  1.4786E-03      1001 -1.4786E-03      1201
   //E22  4.9148E-04      1203 -4.9148E-04      1003
   //E33  4.0526E-04      5203 -4.0526E-04      5003
   //E12  7.4080E-04      1201  1.9551E-05      1021
   //E23  1.4391E-04      5203 -4.5303E-04      1201
   //E13  3.3977E-04      1001 -3.3977E-04      1201
   //S11  7.2383E+00      1001 -7.2383E+00      1201
   //S22  1.7241E+00      1001 -1.7241E+00      1201
   //S33  2.6887E+00      1001 -2.6887E+00      1201
   //S12  1.1397E+00      1201  3.0078E-02      1021
   //S23  2.2140E-01      5203 -6.9697E-01      1201
   //S13  5.2273E-01      1001 -5.2273E-01      1201
   //SMS  5.6776E+00      1203  5.2350E-02      1121
 ##### @Element :Max/IdMax/Min/IdMin####
   //E11  1.4786E-03      1001 -1.4786E-03      1101
   //E22  5.8813E-04      1103 -5.8813E-04      1003
   //E33  4.1606E-04      3102 -4.1606E-04      3002
   //E12  1.2918E-03      3101 -7.2214E-04      1104
   //E23  3.6631E-04      3104 -4.5303E-04      1101
   //E13  3.3977E-04      1001 -3.3977E-04      1101
   //S11  7.2383E+00      1001 -7.2383E+00      1101
   //S22  1.9288E+00      3001 -1.9288E+00      3101
   //S33  2.7266E+00      3001 -2.7266E+00      3101
   //S12  1.9873E+00      3101 -1.1110E+00      1104
   //S23  5.6356E-01      3104 -6.9697E-01      1101
   //S13  5.2273E-01      1001 -5.2273E-01      1101
   //SMS  1.4173E+01      3003  1.9139E-03      1020
 ##### Global Summary :Max/Min####
   //U1   1.3265E-02 -1.3265E-02
   //U2   1.9286E-01  0.0000E+00
   //U3   1.4336E-03 -1.4336E-03
   //E11  1.4786E-03 -1.4786E-03
   //E22  4.9148E-04 -4.9148E-04
   //E33  4.0526E-04 -4.0526E-04
   //E12  7.4080E-04  1.9551E-05
   //E23  1.4391E-04 -4.5303E-04
   //E13  3.3977E-04 -3.3977E-04
   //S11  7.2383E+00 -7.2383E+00
   //S22  1.7241E+00 -1.7241E+00
   //S33  2.6887E+00 -2.6887E+00
   //S12  1.1397E+00  3.0078E-02
   //S23  2.2140E-01 -6.9697E-01
   //S13  5.2273E-01 -5.2273E-01
   //SMS  5.6776E+00  5.2350E-02
 ##### @Element :Max/Min####
   //E11  1.4786E-03 -1.4786E-03
   //E22  5.8813E-04 -5.8813E-04
   //E33  4.1606E-04 -4.1606E-04
   //E12  1.2918E-03 -7.2214E-04
   //E23  3.6631E-04 -4.5303E-04
   //E13  3.3977E-04 -3.3977E-04
   //S11  7.2383E+00 -7.2383E+00
   //S22  1.9288E+00 -1.9288E+00
   //S33  2.7266E+00 -2.7266E+00
   //S12  1.9873E+00 -1.1110E+00
   //S23  5.6356E-01 -6.9697E-01
   //S13  5.2273E-01 -5.2273E-01
   //SMS  1.4173E+01  1.9139E-03

 Mode No.     2

 #### DISPLACEMENT 3D
    NODE     X-DISP      Y-DISP      Z-DISP
---------+-----------+-----------+------------
      1001  0.0000E+00  0.0000E+00  0.0000E+00
      1003  0.2959E-02  0.7014E-03  0.3377E-02
      1005  0.5568E-02  0.5046E-03  0.1256E-01
      1007  0.7707E-02  0.3551E-03  0.2654E-01
      1009  0.9435E-02  0.2955E-03  0.4442E-01
      1011  0.1073E-01  0.2151E-03  0.6534E-01
      1013  0.1166E-01  0.1470E-03  0.8850E-01
      1015  0.1225E-01  0.8830E-04  0.1131E+00
      1017  0.1257E-01  0.4251E-04  0.1387E+00
      1019  0.1269E-01  0.1285E-04  0.1645E+00
      1021  0.1271E-01 -0.2431E-06  0.1905E+00
      1101  0.0000E+00  0.0000E+00  0.0000E+00
      1103  0.2914E-02 -0.8541E-14  0.3792E-02
      1105  0.5564E-02 -0.1003E-14  0.1280E-01
      1107  0.7748E-02 -0.5922E-14  0.2672E-01
      1109  0.9442E-02  0.8795E-14  0.4456E-01
      1111  0.1075E-01 -0.9804E-14  0.6544E-01
      1113  0.1167E-01 -0.1704E-13  0.8856E-01
      1115  0.1226E-01 -0.2624E-13  0.1132E+00
      1117  0.1257E-01 -0.1719E-13  0.1387E+00
      1119  0.1270E-01 -0.2646E-13  0.1646E+00
      1121  0.1272E-01 -0.3434E-13  0.1905E+00
      1201  0.0000E+00  0.0000E+00  0.0000E+00
      1203  0.2959E-02 -0.7014E-03  0.3377E-02
      1205  0.5568E-02 -0.5046E-03  0.1256E-01
      1207  0.7707E-02 -0.3551E-03  0.2654E-01
      1209  0.9435E-02 -0.2955E-03  0.4442E-01
      1211  0.1073E-01 -0.2151E-03  0.6534E-01
      1213  0.1166E-01 -0.1470E-03  0.8850E-01
      1215  0.1225E-01 -0.8830E-04  0.1131E+00
      1217  0.1257E-01 -0.4251E-04  0.1387E+00
      1219  0.1269E-01 -0.1285E-04  0.1645E+00
      1221  0.1271E-01  0.2431E-06  0.1905E+00
      3001  0.0000E+00  0.0000E+00  0.0000E+00
      3003  0.2139E-04 -0.1409E-03  0.3246E-02
      3005 -0.2828E-04  0.6704E-04  0.1247E-01
      3007 -0.7514E-04  0.1976E-04  0.2645E-01
      3009 -0.1064E-03  0.2719E-04  0.4436E-01
      3011 -0.1379E-03  0.2382E-04  0.6530E-01
      3013 -0.1658E-03  0.2105E-04  0.8848E-01
      3015 -0.1897E-03  0.1724E-04  0.1131E+00
      3017 -0.2082E-03  0.1232E-04  0.1387E+00
      3019 -0.2200E-03  0.6946E-05  0.1646E+00
      3021 -0.2250E-03  0.4294E-05  0.1905E+00
      3101  0.0000E+00  0.0000E+00  0.0000E+00
      3103  0.7093E-04 -0.1092E-13  0.3601E-02
      3105 -0.6079E-04 -0.5604E-14  0.1269E-01
      3107 -0.6810E-04 -0.1440E-13  0.2664E-01
      3109 -0.1074E-03  0.1147E-14  0.4450E-01
      3111 -0.1374E-03 -0.2670E-13  0.6541E-01
      3113 -0.1653E-03 -0.2943E-13  0.8855E-01
      3115 -0.1890E-03 -0.2122E-13  0.1132E+00
      3117 -0.2074E-03 -0.2821E-13  0.1387E+00
      3119 -0.2193E-03 -0.1999E-13  0.1646E+00
      3121 -0.2251E-03 -0.2999E-13  0.1905E+00
      3201  0.0000E+00  0.0000E+00  0.0000E+00
      3203  0.2139E-04  0.1409E-03  0.3246E-02
      3205 -0.2828E-04 -0.6704E-04  0.1247E-01
      3207 -0.7514E-04 -0.1976E-04  0.2645E-01
      3209 -0.1064E-03 -0.2719E-04  0.4436E-01
      3211 -0.1379E-03 -0.2382E-04  0.6530E-01
      3213 -0.1658E-03 -0.2105E-04  0.8848E-01
      3215 -0.1897E-03 -0.1724E-04  0.1131E+00
      3217 -0.2082E-03 -0.1232E-04  0.1387E+00
      3219 -0.2200E-03 -0.6946E-05  0.1646E+00
      3221 -0.2250E-03 -0.4294E-05  0.1905E+00
      5001  0.0000E+00  0.0000E+00  0.0000E+00
      5003 -0.3010E-02 -0.6359E-03  0.3496E-02
      5005 -0.5648E-02 -0.4403E-03  0.1267E-01
      5007 -0.7864E-02 -0.3733E-03  0.2663E-01
      5009 -0.9644E-02 -0.2901E-03  0.4450E-01
      5011 -0.1101E-01 -0.2143E-03  0.6542E-01
      5013 -0.1198E-01 -0.1457E-03  0.8856E-01
      5015 -0.1262E-01 -0.8711E-04  0.1132E+00
      5017 -0.1297E-01 -0.4145E-04  0.1387E+00
      5019 -0.1312E-01 -0.1280E-04  0.1646E+00
      5021 -0.1316E-01 -0.4198E-05  0.1905E+00
      5101  0.0000E+00  0.0000E+00  0.0000E+00
      5103 -0.2979E-02 -0.6536E-14  0.3823E-02
      5105 -0.5670E-02  0.5455E-14  0.1290E-01
      5107 -0.7877E-02 -0.3720E-14  0.2682E-01
      5109 -0.9657E-02  0.1131E-13  0.4465E-01
      5111 -0.1102E-01 -0.9730E-14  0.6553E-01
      5113 -0.1199E-01 -0.3082E-13  0.8864E-01
      5115 -0.1263E-01 -0.1405E-13  0.1132E+00
      5117 -0.1298E-01 -0.2036E-13  0.1387E+00
      5119 -0.1313E-01 -0.2099E-13  0.1646E+00
      5121 -0.1316E-01 -0.2641E-13  0.1905E+00
      5201  0.0000E+00  0.0000E+00  0.0000E+00
      5203 -0.3010E-02  0.6359E-03  0.3496E-02
      5205 -0.5648E-02  0.4403E-03  0.1267E-01
      5207 -0.7864E-02  0.3733E-03  0.2663E-01
      5209 -0.9644E-02  0.2901E-03  0.4450E-01
      5211 -0.1101E-01  0.2143E-03  0.6542E-01
      5213 -0.1198E-01  0.1457E-03  0.8856E-01
      5215 -0.1262E-01  0.8711E-04  0.1132E+00
      5217 -0.1297E-01  0.4145E-04  0.1387E+00
      5219 -0.1312E-01  0.1280E-04  0.1646E+00
      5221 -0.1316E-01  0.4198E-05  0.1905E+00
 #### REACTION FORCE 3D
    NODE     X-REAC      Y-REAC      Z-REAC
---------+-----------+-----------+------------
      1001 -1.6405E+00 -4.5009E-01 -1.0878E+00
      1101 -3.1596E+00  7.4741E-12 -2.0517E+00
      1201 -1.6405E+00  4.5009E-01 -1.0878E+00
      3001  5.9890E-02 -1.6286E-01  5.6460E-01
      3101  2.2711E-01  1.0181E-11  1.1476E+00
      3201  5.9890E-02  1.6286E-01  5.6460E-01
      5001  1.5512E+00  2.8293E-01  2.5041E-01
      5101  2.9916E+00  5.5367E-13  5.9238E-01
      5201  1.5512E+00 -2.8293E-01  2.5041E-01
 #### NODAL STRESS 3D
 #### STRAIN
     NODE     E11         E22         E33         E12         E23         E13     
  -------+-----------+-----------+-----------+-----------+-----------+-------------
      1001  2.9365E-03 -4.6762E-04  0.0000E+00  3.2044E-04  2.7645E-04  3.5847E-03
      1003  1.8707E-03 -5.1715E-04 -2.1476E-04  5.1313E-05 -7.5175E-05  1.5148E-03
      1005  1.5668E-03 -5.3838E-04 -2.4641E-04 -1.9483E-05 -3.0437E-05  1.3262E-03
      1007  1.2818E-03 -4.5313E-04 -1.8264E-04 -2.5925E-05  1.0858E-05  1.1192E-03
      1009  9.9259E-04 -3.4456E-04 -1.3410E-04 -2.7872E-06  1.1126E-05  9.5447E-04
      1011  7.3095E-04 -2.6437E-04 -8.5695E-05 -1.2170E-05  8.0979E-06  7.8835E-04
      1013  4.9414E-04 -1.8534E-04 -4.4990E-05 -8.5624E-06  7.9779E-06  6.2200E-04
      1015  2.9443E-04 -1.1799E-04 -1.3616E-05 -7.3347E-06  6.9886E-06  4.5870E-04
      1017  1.4120E-04 -6.3956E-05  6.2106E-06 -5.2340E-06  5.6519E-06  3.0237E-04
      1019  4.4857E-05 -2.6525E-05  1.2337E-05 -2.8825E-06  3.9065E-06  1.5738E-04
      1021  8.5121E-06 -1.0185E-05  9.1911E-06 -1.1443E-06  3.7919E-06  6.5479E-05
      1101  2.9365E-03 -4.6762E-04  0.0000E+00 -1.2272E-14 -2.0472E-15  3.5847E-03
      1103  1.8707E-03 -5.1715E-04 -2.1476E-04 -3.1395E-15 -9.9096E-17  1.5148E-03
      1105  1.5668E-03 -5.3838E-04 -2.4641E-04  5.7705E-15 -4.9519E-15  1.3262E-03
      1107  1.2818E-03 -4.5313E-04 -1.8264E-04  6.8910E-15 -1.6075E-15  1.1192E-03
      1109  9.9259E-04 -3.4456E-04 -1.3410E-04  8.6654E-15 -3.3664E-15  9.5447E-04
      1111  7.3095E-04 -2.6437E-04 -8.5695E-05 -3.7550E-15 -6.3111E-15  7.8835E-04
      1113  4.9414E-04 -1.8534E-04 -4.4990E-05  1.1631E-16 -1.2298E-15  6.2200E-04
      1115  2.9443E-04 -1.1799E-04 -1.3616E-05 -3.4740E-15 -3.5240E-15  4.5870E-04
      1117  1.4120E-04 -6.3956E-05  6.2106E-06 -5.3211E-15 -9.4652E-15  3.0237E-04
      1119  4.4857E-05 -2.6525E-05  1.2337E-05 -1.3480E-15 -2.8972E-15  1.5738E-04
      1121  8.5121E-06 -1.0185E-05  9.1911E-06  2.8759E-15 -7.8206E-16  6.5479E-05
      1201  2.9365E-03 -4.6762E-04  0.0000E+00 -3.2044E-04 -2.7645E-04  3.5847E-03
      1203  1.8707E-03 -5.1715E-04 -2.1476E-04 -5.1313E-05  7.5175E-05  1.5148E-03
      1205  1.5668E-03 -5.3838E-04 -2.4641E-04  1.9483E-05  3.0437E-05  1.3262E-03
      1207  1.2818E-03 -4.5313E-04 -1.8264E-04  2.5925E-05 -1.0858E-05  1.1192E-03
      1209  9.9259E-04 -3.4456E-04 -1.3410E-04  2.7872E-06 -1.1126E-05  9.5447E-04
      1211  7.3095E-04 -2.6437E-04 -8.5695E-05  1.2170E-05 -8.0979E-06  7.8835E-04
      1213  4.9414E-04 -1.8534E-04 -4.4990E-05  8.5624E-06 -7.9779E-06  6.2200E-04
      1215  2.9443E-04 -1.1799E-04 -1.3616E-05  7.3347E-06 -6.9886E-06  4.5870E-04
      1217  1.4120E-04 -6.3956E-05  6.2106E-06  5.2340E-06 -5.6519E-06  3.0237E-04
      1219  4.4857E-05 -2.6525E-05  1.2337E-05  2.8825E-06 -3.9065E-06  1.5738E-04
      1221  8.5121E-06 -1.0185E-05  9.1911E-06  1.1443E-06 -3.7919E-06  6.5479E-05
      3001  1.0096E-03 -2.4914E-04 -1.0738E-04  7.1784E-05  6.1316E-05  1.5504E-03
      3003 -7.5712E-05 -4.7673E-05  1.5108E-05 -3.6796E-05 -1.7046E-05  4.9445E-04
      3005 -1.2302E-04  3.0328E-05  1.1899E-04  3.1700E-05  2.7448E-05  4.5702E-04
      3007 -1.0419E-04  2.1023E-06  1.1085E-04 -5.8287E-06 -2.4434E-06  4.6481E-04
      3009 -1.0167E-04  6.1611E-06  1.0590E-04  5.4909E-07 -1.8423E-07  4.4456E-04
      3011 -9.2933E-05  5.0347E-06  9.7389E-05 -3.0654E-07 -2.6787E-07  4.0850E-04
      3013 -8.1728E-05  4.5518E-06  8.5466E-05 -3.1722E-07 -4.4283E-07  3.5890E-04
      3015 -6.6908E-05  3.7554E-06  6.9892E-05 -4.3423E-07 -5.7557E-07  2.9363E-04
      3017 -4.8374E-05  2.6775E-06  5.0426E-05 -4.7014E-07 -6.1299E-07  2.1233E-04
      3019 -2.6536E-05  9.3081E-07  2.8608E-05 -1.6150E-07 -8.3184E-08  1.1421E-04
      3021 -1.4725E-05  7.2680E-07  1.6923E-05 -4.2481E-07 -5.2380E-07  6.2307E-05
      3101  1.0096E-03 -2.4914E-04 -1.0738E-04 -9.9441E-15 -1.4350E-15  1.5504E-03
      3103 -7.5712E-05 -4.7673E-05  1.5108E-05 -6.0471E-16 -3.2092E-15  4.9445E-04
      3105 -1.2302E-04  3.0328E-05  1.1899E-04  2.8892E-15  1.7381E-15  4.5702E-04
      3107 -1.0419E-04  2.1023E-06  1.1085E-04  5.4348E-15  4.6001E-15  4.6481E-04
      3109 -1.0167E-04  6.1611E-06  1.0590E-04  1.8724E-15 -3.6663E-15  4.4456E-04
      3111 -9.2933E-05  5.0347E-06  9.7389E-05 -1.7356E-15  4.1668E-15  4.0850E-04
      3113 -8.1728E-05  4.5518E-06  8.5466E-05 -1.6358E-15  2.2173E-15  3.5890E-04
      3115 -6.6908E-05  3.7554E-06  6.9892E-05 -2.9674E-15 -6.4673E-15  2.9363E-04
      3117 -4.8374E-05  2.6775E-06  5.0426E-05 -6.0157E-15 -2.2820E-15  2.1233E-04
      3119 -2.6536E-05  9.3081E-07  2.8608E-05  2.5680E-15 -1.2491E-15  1.1421E-04
      3121 -1.4725E-05  7.2680E-07  1.6923E-05  2.8420E-15 -3.8063E-15  6.2307E-05
      3201  1.0096E-03 -2.4914E-04 -1.0738E-04 -7.1784E-05 -6.1316E-05  1.5504E-03
      3203 -7.5712E-05 -4.7673E-05  1.5108E-05  3.6796E-05  1.7046E-05  4.9445E-04
      3205 -1.2302E-04  3.0328E-05  1.1899E-04 -3.1700E-05 -2.7448E-05  4.5702E-04
      3207 -1.0419E-04  2.1023E-06  1.1085E-04  5.8287E-06  2.4434E-06  4.6481E-04
      3209 -1.0167E-04  6.1611E-06  1.0590E-04 -5.4909E-07  1.8423E-07  4.4456E-04
      3211 -9.2933E-05  5.0347E-06  9.7389E-05  3.0654E-07  2.6787E-07  4.0850E-04
      3213 -8.1728E-05  4.5518E-06  8.5466E-05  3.1722E-07  4.4283E-07  3.5890E-04
      3215 -6.6908E-05  3.7554E-06  6.9892E-05  4.3423E-07  5.7557E-07  2.9363E-04
      3217 -4.8374E-05  2.6775E-06  5.0426E-05  4.7014E-07  6.1299E-07  2.1233E-04
      3219 -2.6536E-05  9.3081E-07  2.8608E-05  1.6150E-07  8.3184E-08  1.1421E-04
      3221 -1.4725E-05  7.2680E-07  1.6923E-05  4.2481E-07  5.2380E-07  6.2307E-05
      5001 -1.4742E-03  3.0589E-04  2.3587E-04 -1.5102E-04  9.8009E-05  5.0074E-04
      5003 -1.9165E-03  5.5462E-04  4.5265E-04 -1.5654E-05  2.4626E-05 -4.8438E-04
      5005 -1.6342E-03  4.7923E-04  3.9404E-04  1.4026E-05 -1.9027E-05 -3.4057E-04
      5007 -1.3423E-03  3.9031E-04  3.3297E-04  1.2365E-05 -6.0881E-06 -2.0221E-04
      5009 -1.0575E-03  3.0131E-04  2.7255E-04  1.0927E-05 -8.2616E-06 -8.2094E-05
      5011 -7.8851E-04  2.1975E-04  2.1313E-04  1.0340E-05 -6.8572E-06  1.3579E-05
      5013 -5.4491E-04  1.4708E-04  1.5673E-04  9.0970E-06 -5.6043E-06  8.2345E-05
      5015 -3.3569E-04  8.6521E-05  1.0493E-04  7.5447E-06 -3.9761E-06  1.1789E-04
      5017 -1.7085E-04  4.1274E-05  5.9904E-05  5.5300E-06 -2.0594E-06  1.1452E-04
      5019 -6.1975E-05  1.3683E-05  2.6307E-05  2.4997E-06 -1.4319E-06  6.7346E-05
      5021 -3.3401E-05  8.4708E-06  1.1410E-05  1.3581E-06 -7.9078E-07  4.1917E-05
      5101 -1.4742E-03  3.0589E-04  2.3587E-04 -8.2137E-15 -2.4167E-15  5.0074E-04
      5103 -1.9165E-03  5.5462E-04  4.5265E-04  1.2362E-15  1.3327E-15 -4.8438E-04
      5105 -1.6342E-03  4.7923E-04  3.9404E-04 -3.3282E-15  1.3710E-14 -3.4057E-04
      5107 -1.3423E-03  3.9031E-04  3.3297E-04  3.3823E-15  2.8879E-15 -2.0221E-04
      5109 -1.0575E-03  3.0131E-04  2.7255E-04 -1.9629E-15  2.2815E-15 -8.2094E-05
      5111 -7.8851E-04  2.1975E-04  2.1313E-04 -1.4290E-15  1.1002E-14  1.3579E-05
      5113 -5.4491E-04  1.4708E-04  1.5673E-04  1.6014E-16 -3.7275E-15  8.2345E-05
      5115 -3.3569E-04  8.6521E-05  1.0493E-04 -5.1494E-15 -1.7167E-15  1.1789E-04
      5117 -1.7085E-04  4.1274E-05  5.9904E-05 -2.7430E-15  2.6553E-15  1.1452E-04
      5119 -6.1975E-05  1.3683E-05  2.6307E-05  1.1996E-15 -6.8259E-15  6.7346E-05
      5121 -3.3401E-05  8.4708E-06  1.1410E-05 -2.9126E-16 -1.2369E-15  4.1917E-05
      5201 -1.4742E-03  3.0589E-04  2.3587E-04  1.5102E-04 -9.8009E-05  5.0074E-04
      5203 -1.9165E-03  5.5462E-04  4.5265E-04  1.5654E-05 -2.4626E-05 -4.8438E-04
      5205 -1.6342E-03  4.7923E-04  3.9404E-04 -1.4026E-05  1.9027E-05 -3.4057E-04
      5207 -1.3423E-03  3.9031E-04  3.3297E-04 -1.2365E-05  6.0881E-06 -2.0221E-04
      5209 -1.0575E-03  3.0131E-04  2.7255E-04 -1.0927E-05  8.2616E-06 -8.2094E-05
      5211 -7.8851E-04  2.1975E-04  2.1313E-04 -1.0340E-05  6.8572E-06  1.3579E-05
      5213 -5.4491E-04  1.4708E-04  1.5673E-04 -9.0970E-06  5.6043E-06  8.2345E-05
      5215 -3.3569E-04  8.6521E-05  1.0493E-04 -7.5447E-06  3.9761E-06  1.1789E-04
      5217 -1.7085E-04  4.1274E-05  5.9904E-05 -5.5300E-06  2.0594E-06  1.1452E-04
      5219 -6.1975E-05  1.3683E-05  2.6307E-05 -2.4997E-06  1.4319E-06  6.7346E-05
      5221 -3.3401E-05  8.4708E-06  1.1410E-05 -1.3581E-06  7.9078E-07  4.1917E-05
 #### STRESS
     NODE     S11         S22         S33         S12         S23         S13        MISES
  -------+-----------+-----------+-----------+-----------+-----------+-----------+-------------
      1001  1.4733E+01  4.2585E+00  5.6973E+00  4.9299E-01  4.2531E-01  5.5149E+00  1.3756E+01
      1003  8.3839E+00  1.0367E+00  1.9672E+00  7.8943E-02 -1.1565E-01  2.3304E+00  8.0226E+00
      1005  6.6257E+00  1.4812E-01  1.0465E+00 -2.9974E-02 -4.6826E-02  2.0403E+00  7.0317E+00
      1007  5.4350E+00  9.6666E-02  9.2895E-01 -3.9885E-02  1.6705E-02  1.7219E+00  5.8007E+00
      1009  4.2401E+00  1.2583E-01  7.7339E-01 -4.2879E-03  1.7117E-02  1.4684E+00  4.5992E+00
      1011  3.1280E+00  6.5524E-02  6.1529E-01 -1.8723E-02  1.2458E-02  1.2128E+00  3.5231E+00
      1013  2.1292E+00  3.8517E-02  4.7036E-01 -1.3173E-02  1.2274E-02  9.5692E-01  2.5304E+00
      1015  1.2817E+00  1.2703E-02  3.3385E-01 -1.1284E-02  1.0752E-02  7.0570E-01  1.6735E+00
      1017  6.2704E-01 -4.2036E-03  2.1169E-01 -8.0523E-03  8.6952E-03  4.6519E-01  9.7899E-01
      1019  2.0880E-01 -1.0840E-02  1.0873E-01 -4.4346E-03  6.0100E-03  2.4212E-01  4.6076E-01
      1021  4.3541E-02 -1.3988E-02  4.5630E-02 -1.7604E-03  5.8337E-03  1.0074E-01  1.8436E-01
      1101  1.4733E+01  4.2585E+00  5.6973E+00 -1.8880E-11 -3.1495E-12  5.5149E+00  1.3709E+01
      1103  8.3839E+00  1.0367E+00  1.9672E+00 -4.8300E-12 -1.5245E-13  2.3304E+00  8.0189E+00
      1105  6.6257E+00  1.4812E-01  1.0465E+00  8.8776E-12 -7.6182E-12  2.0403E+00  7.0310E+00
      1107  5.4350E+00  9.6666E-02  9.2895E-01  1.0602E-11 -2.4730E-12  1.7219E+00  5.8002E+00
      1109  4.2401E+00  1.2583E-01  7.7339E-01  1.3331E-11 -5.1790E-12  1.4684E+00  4.5991E+00
      1111  3.1280E+00  6.5524E-02  6.1529E-01 -5.7769E-12 -9.7094E-12  1.2128E+00  3.5229E+00
      1113  2.1292E+00  3.8517E-02  4.7036E-01  1.7894E-13 -1.8920E-12  9.5692E-01  2.5302E+00
      1115  1.2817E+00  1.2703E-02  3.3385E-01 -5.3447E-12 -5.4216E-12  7.0570E-01  1.6733E+00
      1117  6.2704E-01 -4.2036E-03  2.1169E-01 -8.1863E-12 -1.4562E-11  4.6519E-01  9.7877E-01
      1119  2.0880E-01 -1.0840E-02  1.0873E-01 -2.0738E-12 -4.4572E-12  2.4212E-01  4.6058E-01
      1121  4.3541E-02 -1.3988E-02  4.5630E-02  4.4245E-12 -1.2032E-12  1.0074E-01  1.8406E-01
      1201  1.4733E+01  4.2585E+00  5.6973E+00 -4.9299E-01 -4.2531E-01  5.5149E+00  1.3756E+01
      1203  8.3839E+00  1.0367E+00  1.9672E+00 -7.8943E-02  1.1565E-01  2.3304E+00  8.0226E+00
      1205  6.6257E+00  1.4812E-01  1.0465E+00  2.9974E-02  4.6826E-02  2.0403E+00  7.0317E+00
      1207  5.4350E+00  9.6666E-02  9.2895E-01  3.9885E-02 -1.6705E-02  1.7219E+00  5.8007E+00
      1209  4.2401E+00  1.2583E-01  7.7339E-01  4.2879E-03 -1.7117E-02  1.4684E+00  4.5992E+00
      1211  3.1280E+00  6.5524E-02  6.1529E-01  1.8723E-02 -1.2458E-02  1.2128E+00  3.5231E+00
      1213  2.1292E+00  3.8517E-02  4.7036E-01  1.3173E-02 -1.2274E-02  9.5692E-01  2.5304E+00
      1215  1.2817E+00  1.2703E-02  3.3385E-01  1.1284E-02 -1.0752E-02  7.0570E-01  1.6735E+00
      1217  6.2704E-01 -4.2036E-03  2.1169E-01  8.0523E-03 -8.6952E-03  4.6519E-01  9.7899E-01
      1219  2.0880E-01 -1.0840E-02  1.0873E-01  4.4346E-03 -6.0100E-03  2.4212E-01  4.6076E-01
      1221  4.3541E-02 -1.3988E-02  4.5630E-02  1.7604E-03 -5.8337E-03  1.0074E-01  1.8436E-01
      3001  4.6135E+00  7.4051E-01  1.1767E+00  1.1044E-01  9.4333E-02  2.3853E+00  5.5347E+00
      3003 -4.8283E-01 -3.9656E-01 -2.0339E-01 -5.6610E-02 -2.6224E-02  7.6069E-01  1.3450E+00
      3005 -3.1784E-01  1.5401E-01  4.2681E-01  4.8769E-02  4.2227E-02  7.0311E-01  1.3861E+00
      3007 -3.0039E-01  2.6677E-02  3.6128E-01 -8.9672E-03 -3.7590E-03  7.1509E-01  1.3648E+00
      3009 -2.8887E-01  4.2933E-02  3.4983E-01  8.4475E-04 -2.8344E-04  6.8394E-01  1.3074E+00
      3011 -2.6405E-01  3.7392E-02  3.2156E-01 -4.7160E-04 -4.1211E-04  6.2846E-01  1.2009E+00
      3013 -2.3234E-01  3.3138E-02  2.8211E-01 -4.8803E-04 -6.8128E-04  5.5215E-01  1.0551E+00
      3015 -1.9032E-01  2.7106E-02  2.3060E-01 -6.6805E-04 -8.8549E-04  4.5174E-01  8.6322E-01
      3017 -1.3793E-01  1.9153E-02  1.6607E-01 -7.2329E-04 -9.4306E-04  3.2666E-01  6.2406E-01
      3019 -7.4717E-02  9.7949E-03  9.4956E-02 -2.4846E-04 -1.2798E-04  1.7570E-01  3.3794E-01
      3021 -3.8557E-02  8.9864E-03  5.8821E-02 -6.5356E-04 -8.0585E-04  9.5856E-02  1.8623E-01
      3101  4.6135E+00  7.4051E-01  1.1767E+00 -1.5299E-11 -2.2077E-12  2.3853E+00  5.5290E+00
      3103 -4.8283E-01 -3.9656E-01 -2.0339E-01 -9.3033E-13 -4.9372E-12  7.6069E-01  1.3407E+00
      3105 -3.1784E-01  1.5401E-01  4.2681E-01  4.4449E-12  2.6740E-12  7.0311E-01  1.3816E+00
      3107 -3.0039E-01  2.6677E-02  3.6128E-01  8.3612E-12  7.0770E-12  7.1509E-01  1.3647E+00
      3109 -2.8887E-01  4.2933E-02  3.4983E-01  2.8806E-12 -5.6405E-12  6.8394E-01  1.3074E+00
      3111 -2.6405E-01  3.7392E-02  3.2156E-01 -2.6702E-12  6.4105E-12  6.2846E-01  1.2009E+00
      3113 -2.3234E-01  3.3138E-02  2.8211E-01 -2.5166E-12  3.4112E-12  5.5215E-01  1.0551E+00
      3115 -1.9032E-01  2.7106E-02  2.3060E-01 -4.5652E-12 -9.9497E-12  4.5174E-01  8.6322E-01
      3117 -1.3793E-01  1.9153E-02  1.6607E-01 -9.2549E-12 -3.5107E-12  3.2666E-01  6.2406E-01
      3119 -7.4717E-02  9.7949E-03  9.4956E-02  3.9508E-12 -1.9217E-12  1.7570E-01  3.3794E-01
      3121 -3.8557E-02  8.9864E-03  5.8821E-02  4.3724E-12 -5.8558E-12  9.5856E-02  1.8622E-01
      3201  4.6135E+00  7.4051E-01  1.1767E+00 -1.1044E-01 -9.4333E-02  2.3853E+00  5.5347E+00
      3203 -4.8283E-01 -3.9656E-01 -2.0339E-01  5.6610E-02  2.6224E-02  7.6069E-01  1.3450E+00
      3205 -3.1784E-01  1.5401E-01  4.2681E-01 -4.8769E-02 -4.2227E-02  7.0311E-01  1.3861E+00
      3207 -3.0039E-01  2.6677E-02  3.6128E-01  8.9672E-03  3.7590E-03  7.1509E-01  1.3648E+00
      3209 -2.8887E-01  4.2933E-02  3.4983E-01 -8.4475E-04  2.8344E-04  6.8394E-01  1.3074E+00
      3211 -2.6405E-01  3.7392E-02  3.2156E-01  4.7160E-04  4.1211E-04  6.2846E-01  1.2009E+00
      3213 -2.3234E-01  3.3138E-02  2.8211E-01  4.8803E-04  6.8128E-04  5.5215E-01  1.0551E+00
      3215 -1.9032E-01  2.7106E-02  2.3060E-01  6.6805E-04  8.8549E-04  4.5174E-01  8.6322E-01
      3217 -1.3793E-01  1.9153E-02  1.6607E-01  7.2329E-04  9.4306E-04  3.2666E-01  6.2406E-01
      3219 -7.4717E-02  9.7949E-03  9.4956E-02  2.4846E-04  1.2798E-04  1.7570E-01  3.3794E-01
      3221 -3.8557E-02  8.9864E-03  5.8821E-02  6.5356E-04  8.0585E-04  9.5856E-02  1.8623E-01
      5001 -6.6880E+00 -1.2107E+00 -1.4261E+00 -2.3234E-01  1.5078E-01  7.7037E-01  5.5568E+00
      5003 -7.9954E+00 -3.9180E-01 -7.0553E-01 -2.4083E-02  3.7886E-02 -7.4520E-01  7.5630E+00
      5005 -6.7844E+00 -2.8149E-01 -5.4360E-01  2.1578E-02 -2.9272E-02 -5.2396E-01  6.4405E+00
      5007 -5.5584E+00 -2.2746E-01 -4.0388E-01  1.9023E-02 -9.3664E-03 -3.1110E-01  5.2727E+00
      5009 -4.3700E+00 -1.8902E-01 -2.7750E-01  1.6811E-02 -1.2710E-02 -1.2630E-01  4.1434E+00
      5011 -3.2469E+00 -1.4450E-01 -1.6487E-01  1.5908E-02 -1.0549E-02  2.0891E-02  3.0926E+00
      5013 -2.2330E+00 -1.0383E-01 -7.4149E-02  1.3995E-02 -8.6220E-03  1.2668E-01  2.1556E+00
      5015 -1.3658E+00 -6.6640E-02 -9.9940E-03  1.1607E-02 -6.1170E-03  1.8136E-01  1.3652E+00
      5017 -6.8648E-01 -3.3786E-02  2.3539E-02  8.5077E-03 -3.1683E-03  1.7618E-01  7.4838E-01
      5019 -2.4143E-01 -8.6317E-03  3.0209E-02  3.8456E-03 -2.2029E-03  1.0361E-01  3.1146E-01
      5021 -1.3397E-01 -5.1345E-03  3.9099E-03  2.0893E-03 -1.2166E-03  6.4488E-02  1.7418E-01
      5101 -6.6880E+00 -1.2107E+00 -1.4261E+00 -1.2637E-11 -3.7180E-12  7.7037E-01  5.5361E+00
      5103 -7.9954E+00 -3.9180E-01 -7.0553E-01  1.9018E-12  2.0503E-12 -7.4520E-01  7.5626E+00
      5105 -6.7844E+00 -2.8149E-01 -5.4360E-01 -5.1204E-12  2.1092E-11 -5.2396E-01  6.4402E+00
      5107 -5.5584E+00 -2.2746E-01 -4.0388E-01  5.2035E-12  4.4430E-12 -3.1110E-01  5.2726E+00
      5109 -4.3700E+00 -1.8902E-01 -2.7750E-01 -3.0198E-12  3.5100E-12 -1.2630E-01  4.1432E+00
      5111 -3.2469E+00 -1.4450E-01 -1.6487E-01 -2.1985E-12  1.6926E-11  2.0891E-02  3.0924E+00
      5113 -2.2330E+00 -1.0383E-01 -7.4149E-02  2.4638E-13 -5.7346E-12  1.2668E-01  2.1554E+00
      5115 -1.3658E+00 -6.6640E-02 -9.9940E-03 -7.9221E-12 -2.6411E-12  1.8136E-01  1.3650E+00
      5117 -6.8648E-01 -3.3786E-02  2.3539E-02 -4.2201E-12  4.0850E-12  1.7618E-01  7.4821E-01
      5119 -2.4143E-01 -8.6317E-03  3.0209E-02  1.8455E-12 -1.0501E-11  1.0361E-01  3.1137E-01
      5121 -1.3397E-01 -5.1345E-03  3.9099E-03 -4.4809E-13 -1.9029E-12  6.4488E-02  1.7413E-01
      5201 -6.6880E+00 -1.2107E+00 -1.4261E+00  2.3234E-01 -1.5078E-01  7.7037E-01  5.5568E+00
      5203 -7.9954E+00 -3.9180E-01 -7.0553E-01  2.4083E-02 -3.7886E-02 -7.4520E-01  7.5630E+00
      5205 -6.7844E+00 -2.8149E-01 -5.4360E-01 -2.1578E-02  2.9272E-02 -5.2396E-01  6.4405E+00
      5207 -5.5584E+00 -2.2746E-01 -4.0388E-01 -1.9023E-02  9.3664E-03 -3.1110E-01  5.2727E+00
      5209 -4.3700E+00 -1.8902E-01 -2.7750E-01 -1.6811E-02  1.2710E-02 -1.2630E-01  4.1434E+00
      5211 -3.2469E+00 -1.4450E-01 -1.6487E-01 -1.5908E-02  1.0549E-02  2.0891E-02  3.0926E+00
      5213 -2.2330E+00 -1.0383E-01 -7.4149E-02 -1.3995E-02  8.6220E-03  1.2668E-01  2.1556E+00
      5215 -1.3658E+00 -6.6640E-02 -9.9940E-03 -1.1607E-02  6.1170E-03  1.8136E-01  1.3652E+00
      5217 -6.8648E-01 -3.3786E-02  2.3539E-02 -8.5077E-03  3.1683E-03  1.7618E-01  7.4838E-01
      5219 -2.4143E-01 -8.6317E-03  3.0209E-02 -3.8456E-03  2.2029E-03  1.0361E-01  3.1146E-01
      5221 -1.3397E-01 -5.1345E-03  3.9099E-03 -2.0893E-03  1.2166E-03  6.4488E-02  1.7418E-01
 ##### Local Summary :Max/IdMax/Min/IdMin####
   //U1   1.2716E-02      1121 -1.3158E-02      5121
   //U2   7.0143E-04      1003 -7.0143E-04      1203
   //U3   1.9048E-01      5121  0.0000E+00      1001
   //E11  2.9365E-03      1201 -1.9165E-03      5203
   //E22  5.5462E-04      5203 -5.3838E-04      1205
   //E33  4.5265E-04      5003 -2.4641E-04      1205
   //E12  3.2044E-04      1001 -3.2044E-04      1201
   //E23  2.7645E-04      1001 -2.7645E-04      1201
   //E13  3.5847E-03      1001 -4.8438E-04      5203
   //S11  1.4733E+01      1001 -7.9954E+00      5203
   //S22  4.2585E+00      1001 -1.2107E+00      5201
   //S33  5.6973E+00      1001 -1.4261E+00      5201
   //S12  4.9299E-01      1001 -4.9299E-01      1201
   //S23  4.2531E-01      1001 -4.2531E-01      1201
   //S13  5.5149E+00      1001 -7.4520E-01      5203
   //SMS  1.3756E+01      1201  1.7413E-01      5121
 ##### @Element :Max/IdMax/Min/IdMin####
   //E11  2.9365E-03      1101 -2.9946E-03      3102
   //E22  6.7280E-04      3004 -7.1011E-04      1103
   //E33  4.7173E-04      3002 -3.2214E-04      1102
   //E12  3.2044E-04      1001 -3.2044E-04      1101
   //E23  3.2918E-04      1102 -3.2918E-04      1002
   //E13  3.5847E-03      1001 -2.4221E-03      3102
   //S11  1.4733E+01      1001 -1.3841E+01      3102
   //S22  4.2585E+00      1001 -3.0335E+00      3102
   //S33  5.6973E+00      1001 -3.1755E+00      3102
   //S12  4.9299E-01      1001 -4.9299E-01      1101
   //S23  5.0643E-01      1102 -5.0643E-01      1002
   //S13  5.5149E+00      1001 -3.7263E+00      3102
   //SMS  6.3073E+01      1101  3.6723E-03      1020
 ##### Global Summary :Max/Min####
   //U1   1.2716E-02 -1.3158E-02
   //U2   7.0143E-04 -7.0143E-04
   //U3   1.9048E-01  0.0000E+00
   //E11  2.9365E-03 -1.9165E-03
   //E22  5.5462E-04 -5.3838E-04
   //E33  4.5265E-04 -2.4641E-04
   //E12  3.2044E-04 -3.2044E-04
   //E23  2.7645E-04 -2.7645E-04
   //E13  3.5847E-03 -4.8438E-04
   //S11  1.4733E+01 -7.9954E+00
   //S22  4.2585E+00 -1.2107E+00
   //S33  5.6973E+00 -1.4261E+00
   //S12  4.9299E-01 -4.9299E-01
   //S23  4.2531E-01 -4.2531E-01
   //S13  5.5149E+00 -7.4520E-01
   //SMS  1.3756E+01  1.7413E-01
 ##### @Element :Max/Min####
   //E11  2.9365E-03 -2.9946E-03
   //E22  6.7280E-04 -7.1011E-04
   //E33  4.7173E-04 -3.2214E-04
   //E12  3.2044E-04 -3.2044E-04
   //E23  3.2918E-04 -3.2918E-04
   //E13  3.5847E-03 -2.4221E-03
   //S11  1.4733E+01 -1.3841E+01
   //S22  4.2585E+00 -3.0335E+00
   //S33  5.6973E+00 -3.1755E+00
   //S12  4.9299E-01 -4.9299E-01
   //S23  5.0643E-01 -5.0643E-01
   //S13  5.5149E+00 -3.7263E+00
   //SMS  6.3073E+01  3.6723E-03

 Mode No.     3

 #### DISPLACEMENT 3D
    NODE     X-DISP      Y-DISP      Z-DISP
---------+-----------+-----------+------------
      1001  0.0000E+00  0.0000E+00  0.0000E+00
      1003 -0.1373E-01 -0.1740E-01 -0.2925E-02
      1005 -0.2013E-01 -0.5351E-01 -0.3044E-02
      1007 -0.1758E-01 -0.9600E-01 -0.1646E-02
      1009 -0.8691E-02 -0.1263E+00  0.1384E-03
      1011  0.4263E-02 -0.1344E+00  0.1960E-02
      1013  0.1827E-01 -0.1141E+00  0.3455E-02
      1015  0.3057E-01 -0.6597E-01  0.4367E-02
      1017  0.3922E-01  0.4431E-02  0.4642E-02
      1019  0.4367E-01  0.8847E-01  0.4376E-02
      1021  0.4501E-01  0.1777E+00  0.4298E-02
      1101  0.0000E+00  0.0000E+00  0.0000E+00
      1103 -0.5198E-14 -0.1534E-01  0.3369E-13
      1105  0.5917E-13 -0.5447E-01 -0.6540E-13
      1107  0.5664E-13 -0.9622E-01  0.7154E-13
      1109  0.9455E-13 -0.1274E+00  0.7166E-13
      1111  0.1041E-12 -0.1354E+00  0.2918E-13
      1113  0.9620E-13 -0.1151E+00  0.9288E-13
      1115  0.8257E-13 -0.6668E-01  0.4141E-13
      1117  0.1232E-12  0.4044E-02 -0.3286E-14
      1119  0.1399E-12  0.8836E-01  0.2687E-13
      1121  0.1974E-12  0.1777E+00 -0.4767E-13
      1201  0.0000E+00  0.0000E+00  0.0000E+00
      1203  0.1373E-01 -0.1740E-01  0.2925E-02
      1205  0.2013E-01 -0.5351E-01  0.3044E-02
      1207  0.1758E-01 -0.9600E-01  0.1646E-02
      1209  0.8691E-02 -0.1263E+00 -0.1384E-03
      1211 -0.4263E-02 -0.1344E+00 -0.1960E-02
      1213 -0.1827E-01 -0.1141E+00 -0.3455E-02
      1215 -0.3057E-01 -0.6597E-01 -0.4367E-02
      1217 -0.3922E-01  0.4431E-02 -0.4642E-02
      1219 -0.4367E-01  0.8847E-01 -0.4376E-02
      1221 -0.4501E-01  0.1777E+00 -0.4298E-02
      3001  0.0000E+00  0.0000E+00  0.0000E+00
      3003 -0.1375E-01 -0.1949E-01 -0.1699E-02
      3005 -0.2017E-01 -0.5662E-01 -0.2626E-02
      3007 -0.1800E-01 -0.9779E-01 -0.2467E-02
      3009 -0.9176E-02 -0.1271E+00 -0.1499E-02
      3011  0.3759E-02 -0.1335E+00 -0.1222E-03
      3013  0.1785E-01 -0.1117E+00  0.1385E-02
      3015  0.3028E-01 -0.6247E-01  0.2683E-02
      3017  0.3904E-01  0.8495E-02  0.3552E-02
      3019  0.4350E-01  0.9263E-01  0.3844E-02
      3021  0.4478E-01  0.1817E+00  0.4028E-02
      3101  0.0000E+00  0.0000E+00  0.0000E+00
      3103 -0.5106E-14 -0.1763E-01  0.5388E-13
      3105  0.1492E-13 -0.5669E-01 -0.6090E-13
      3107  0.2787E-13 -0.9830E-01  0.3442E-13
      3109  0.1336E-12 -0.1279E+00  0.5793E-13
      3111  0.1236E-12 -0.1346E+00  0.4939E-13
      3113  0.7941E-13 -0.1128E+00  0.4499E-13
      3115  0.3401E-13 -0.6330E-01  0.9085E-13
      3117  0.6037E-13  0.8023E-02 -0.1696E-13
      3119  0.1140E-12  0.9250E-01  0.3492E-13
      3121  0.1199E-12  0.1817E+00 -0.1844E-12
      3201  0.0000E+00  0.0000E+00  0.0000E+00
      3203  0.1375E-01 -0.1949E-01  0.1699E-02
      3205  0.2017E-01 -0.5662E-01  0.2626E-02
      3207  0.1800E-01 -0.9779E-01  0.2467E-02
      3209  0.9176E-02 -0.1271E+00  0.1499E-02
      3211 -0.3759E-02 -0.1335E+00  0.1222E-03
      3213 -0.1785E-01 -0.1117E+00 -0.1385E-02
      3215 -0.3028E-01 -0.6247E-01 -0.2683E-02
      3217 -0.3904E-01  0.8495E-02 -0.3552E-02
      3219 -0.4350E-01  0.9263E-01 -0.3844E-02
      3221 -0.4478E-01  0.1817E+00 -0.4028E-02
      5001  0.0000E+00  0.0000E+00  0.0000E+00
      5003 -0.1368E-01 -0.2039E-01 -0.3293E-03
      5005 -0.1973E-01 -0.5924E-01 -0.2383E-02
      5007 -0.1789E-01 -0.1006E+00 -0.3343E-02
      5009 -0.9363E-02 -0.1294E+00 -0.3203E-02
      5011  0.3359E-02 -0.1346E+00 -0.2216E-02
      5013  0.1733E-01 -0.1113E+00 -0.6621E-03
      5015  0.2976E-01 -0.6062E-01  0.1049E-02
      5017  0.3860E-01  0.1150E-01  0.2524E-02
      5019  0.4312E-01  0.9624E-01  0.3347E-02
      5021  0.4432E-01  0.1854E+00  0.3830E-02
      5101  0.0000E+00  0.0000E+00  0.0000E+00
      5103  0.1818E-13 -0.1945E-01 -0.2340E-14
      5105 -0.2541E-13 -0.5883E-01 -0.9113E-13
      5107 -0.1411E-13 -0.1009E+00 -0.1629E-14
      5109  0.7349E-13 -0.1301E+00  0.8648E-13
      5111  0.9110E-13 -0.1356E+00  0.8341E-13
      5113  0.1478E-12 -0.1124E+00  0.5089E-14
      5115  0.9253E-13 -0.6150E-01  0.4181E-13
      5117  0.6941E-13  0.1092E-01 -0.2925E-13
      5119  0.1568E-12  0.9603E-01 -0.5585E-14
      5121  0.1374E-12  0.1853E+00 -0.2224E-12
      5201  0.0000E+00  0.0000E+00  0.0000E+00
      5203  0.1368E-01 -0.2039E-01  0.3293E-03
      5205  0.1973E-01 -0.5924E-01  0.2383E-02
      5207  0.1789E-01 -0.1006E+00  0.3343E-02
      5209  0.9363E-02 -0.1294E+00  0.3203E-02
      5211 -0.3359E-02 -0.1346E+00  0.2216E-02
      5213 -0.1733E-01 -0.1113E+00  0.6621E-03
      5215 -0.2976E-01 -0.6062E-01 -0.1049E-02
      5217 -0.3860E-01  0.1150E-01 -0.2524E-02
      5219 -0.4312E-01  0.9624E-01 -0.3347E-02
      5221 -0.4432E-01  0.1854E+00 -0.3830E-02
 #### REACTION FORCE 3D
    NODE     X-REAC      Y-REAC      Z-REAC
---------+-----------+-----------+------------
      1001  4.1824E+00  1.0542E+00  2.1810E+00
      1101  1.6070E-11 -8.3359E-01  3.4925E-11
      1201 -4.1824E+00  1.0542E+00 -2.1810E+00
      3001  7.3825E+00  2.5245E+00  3.6368E-02
      3101 -1.1551E-11 -7.1448E-01 -2.4225E-13
      3201 -7.3825E+00  2.5245E+00 -3.6368E-02
      5001  3.7332E+00  1.3716E+00 -2.2453E+00
      5101  4.0830E-11 -1.2430E+00  5.9644E-11
      5201 -3.7332E+00  1.3716E+00  2.2453E+00
 #### NODAL STRESS 3D
 #### STRAIN
     NODE     E11         E22         E33         E12         E23         E13     
  -------+-----------+-----------+-----------+-----------+-----------+-------------
      1001 -6.8662E-03  1.3774E-03  0.0000E+00 -7.2150E-03  1.9503E-03 -1.4627E-03
      1003 -5.6478E-03  1.9907E-03  8.1737E-04 -4.4435E-03  4.5681E-04 -8.0441E-04
      1005 -1.7110E-03  5.6786E-04  6.8739E-04 -3.8186E-03 -5.1522E-05  2.7245E-05
      1007  2.2695E-03 -8.4388E-04 -4.0814E-04 -2.9948E-03 -3.5735E-04  2.6774E-04
      1009  5.1106E-03 -1.5800E-03 -1.3654E-03 -1.9242E-03 -5.5296E-04  3.0067E-04
      1011  6.6496E-03 -2.0259E-03 -1.9343E-03 -6.4275E-04 -6.1348E-04  2.8455E-04
      1013  6.7335E-03 -2.0045E-03 -2.0744E-03  5.9462E-04 -5.3324E-04  2.0476E-04
      1015  5.5635E-03 -1.6171E-03 -1.8128E-03  1.5094E-03 -3.6370E-04  8.2194E-05
      1017  3.6438E-03 -1.0186E-03 -1.2880E-03  1.8377E-03 -1.5300E-04 -6.7224E-05
      1019  1.7078E-03 -4.2823E-04 -7.1773E-04  1.3945E-03  1.8024E-05 -1.8366E-04
      1021  6.5581E-04 -1.0939E-04 -4.0088E-04  7.0035E-04 -6.8103E-05 -1.7647E-04
      1101 -2.8458E-15 -3.5801E-14  0.0000E+00 -7.2150E-03  1.9503E-03 -5.9962E-15
      1103  1.1206E-14 -2.7223E-14  1.8708E-14 -4.4435E-03  4.5681E-04 -1.8079E-14
      1105  2.8077E-14 -2.3357E-15  5.4265E-15 -3.8186E-03 -5.1522E-05 -4.6182E-14
      1107  2.0368E-14  6.2122E-15 -3.4426E-15 -2.9948E-03 -3.5735E-04  9.3455E-15
      1109  2.9324E-14 -1.8142E-14 -2.8373E-14 -1.9242E-03 -5.5296E-04  5.8804E-16
      1111 -7.0037E-15 -1.9351E-14 -3.1975E-15 -6.4275E-04 -6.1348E-04 -2.0099E-14
      1113 -1.1752E-14 -2.1017E-14 -2.6883E-14  5.9462E-04 -5.3324E-04 -4.4525E-15
      1115  1.8963E-15 -6.7841E-15  2.8012E-14  1.5094E-03 -3.6370E-04 -7.2694E-15
      1117  2.3739E-14 -2.0251E-14  2.0742E-14  1.8377E-03 -1.5300E-04 -4.0394E-14
      1119  3.8375E-14 -4.2195E-14  3.8803E-15  1.3945E-03  1.8024E-05  3.2045E-14
      1121  2.0386E-15  2.9852E-14 -2.3079E-14  7.0035E-04 -6.8103E-05 -1.2521E-13
      1201  6.8662E-03 -1.3774E-03  0.0000E+00 -7.2150E-03  1.9503E-03  1.4627E-03
      1203  5.6478E-03 -1.9907E-03 -8.1737E-04 -4.4435E-03  4.5681E-04  8.0441E-04
      1205  1.7110E-03 -5.6786E-04 -6.8739E-04 -3.8186E-03 -5.1522E-05 -2.7245E-05
      1207 -2.2695E-03  8.4388E-04  4.0814E-04 -2.9948E-03 -3.5735E-04 -2.6774E-04
      1209 -5.1106E-03  1.5800E-03  1.3654E-03 -1.9242E-03 -5.5296E-04 -3.0067E-04
      1211 -6.6496E-03  2.0259E-03  1.9343E-03 -6.4275E-04 -6.1348E-04 -2.8455E-04
      1213 -6.7335E-03  2.0045E-03  2.0744E-03  5.9462E-04 -5.3324E-04 -2.0476E-04
      1215 -5.5635E-03  1.6171E-03  1.8128E-03  1.5094E-03 -3.6370E-04 -8.2194E-05
      1217 -3.6438E-03  1.0186E-03  1.2880E-03  1.8377E-03 -1.5300E-04  6.7224E-05
      1219 -1.7078E-03  4.2823E-04  7.1773E-04  1.3945E-03  1.8024E-05  1.8366E-04
      1221 -6.5581E-04  1.0939E-04  4.0088E-04  7.0035E-04 -6.8103E-05  1.7647E-04
      3001 -6.8732E-03  1.7444E-03  4.0869E-04 -5.6167E-03  5.9293E-04 -1.0610E-03
      3003 -5.0354E-03  1.6790E-03  9.3508E-04 -4.2599E-03 -1.4250E-04 -4.6405E-04
      3005 -9.9852E-04  2.9219E-04  3.1182E-04 -3.7227E-03 -1.4039E-04 -1.0548E-04
      3007  2.7267E-03 -8.0265E-04 -7.9807E-04 -2.9786E-03  5.3158E-05  1.4626E-04
      3009  5.4159E-03 -1.6339E-03 -1.6068E-03 -1.8358E-03  4.2687E-05  2.6433E-04
      3011  6.7322E-03 -2.0073E-03 -2.0211E-03 -5.2675E-04  2.4520E-05  2.8525E-04
      3013  6.6103E-03 -1.9679E-03 -2.0019E-03  7.0771E-04  1.0223E-05  2.4597E-04
      3015  5.2881E-03 -1.5647E-03 -1.6285E-03  1.5863E-03  9.6653E-07  1.3983E-04
      3017  3.3103E-03 -9.6300E-04 -1.0667E-03  1.8555E-03  2.2985E-05 -2.9859E-05
      3019  1.4450E-03 -3.8412E-04 -5.5921E-04  1.3456E-03 -1.1641E-05 -1.5483E-04
      3021  6.2697E-04 -1.4133E-04 -3.2165E-04  9.4664E-04 -2.0135E-04 -2.1495E-04
      3101 -3.0690E-15 -1.3110E-14  9.3540E-15 -5.6167E-03  5.9293E-04  3.1348E-15
      3103  8.2068E-15  1.0140E-14 -2.4522E-14 -4.2599E-03 -1.4250E-04 -5.5665E-14
      3105  1.3941E-14  3.2976E-14 -3.3543E-14 -3.7227E-03 -1.4039E-04 -5.5246E-14
      3107  3.4528E-14  1.5730E-14 -2.4763E-14 -2.9786E-03  5.3158E-05 -5.7081E-15
      3109  3.1330E-14 -1.6044E-14  1.0920E-14 -1.8358E-03  4.2687E-05 -1.2242E-14
      3111 -1.1917E-14  1.5389E-14  3.6875E-15 -5.2675E-04  2.4520E-05 -1.6144E-14
      3113 -3.1347E-15  3.0775E-14 -6.6063E-15  7.0771E-04  1.0223E-05  3.5157E-14
      3115  6.7702E-15  4.5935E-14  8.8172E-15  1.5863E-03  9.6653E-07 -1.3636E-14
      3117  2.5875E-14  1.4977E-15 -3.8044E-15  1.8555E-03  2.2985E-05 -1.6262E-14
      3119  2.6988E-14 -7.7863E-16 -1.1705E-14  1.3456E-03 -1.1641E-05 -3.0774E-14
      3121 -1.7417E-14  1.7992E-15 -2.0776E-14  9.4664E-04 -2.0135E-04 -1.3756E-13
      3201  6.8732E-03 -1.7444E-03 -4.0869E-04 -5.6167E-03  5.9293E-04  1.0610E-03
      3203  5.0354E-03 -1.6790E-03 -9.3508E-04 -4.2599E-03 -1.4250E-04  4.6405E-04
      3205  9.9852E-04 -2.9219E-04 -3.1182E-04 -3.7227E-03 -1.4039E-04  1.0548E-04
      3207 -2.7267E-03  8.0265E-04  7.9807E-04 -2.9786E-03  5.3158E-05 -1.4626E-04
      3209 -5.4159E-03  1.6339E-03  1.6068E-03 -1.8358E-03  4.2687E-05 -2.6433E-04
      3211 -6.7322E-03  2.0073E-03  2.0211E-03 -5.2675E-04  2.4520E-05 -2.8525E-04
      3213 -6.6103E-03  1.9679E-03  2.0019E-03  7.0771E-04  1.0223E-05 -2.4597E-04
      3215 -5.2881E-03  1.5647E-03  1.6285E-03  1.5863E-03  9.6653E-07 -1.3983E-04
      3217 -3.3103E-03  9.6300E-04  1.0667E-03  1.8555E-03  2.2985E-05  2.9859E-05
      3219 -1.4450E-03  3.8412E-04  5.5921E-04  1.3456E-03 -1.1641E-05  1.5483E-04
      3221 -6.2697E-04  1.4133E-04  3.2165E-04  9.4664E-04 -2.0135E-04  2.1495E-04
      5001 -6.8587E-03  1.5522E-03  6.8508E-04 -5.5147E-03 -1.1768E-04 -4.7126E-04
      5003 -4.3580E-03  1.5120E-03  9.9442E-04 -3.7935E-03 -7.2619E-04 -3.5689E-04
      5005 -3.3885E-04  1.5371E-04 -1.2995E-04 -3.6115E-03 -3.1494E-04 -1.4689E-04
      5007  3.1979E-03 -8.9220E-04 -1.1518E-03 -2.9154E-03  1.1851E-04  3.3866E-05
      5009  5.6973E-03 -1.6656E-03 -1.8338E-03 -1.7348E-03  3.9928E-04  1.5979E-04
      5011  6.7983E-03 -2.0320E-03 -2.0779E-03 -4.0238E-04  5.7096E-04  2.3556E-04
      5013  6.4716E-03 -1.9547E-03 -1.9089E-03  8.2219E-04  6.0807E-04  2.4028E-04
      5015  5.0041E-03 -1.5248E-03 -1.4313E-03  1.6599E-03  5.1583E-04  1.7681E-04
      5017  2.9700E-03 -8.9727E-04 -8.5081E-04  1.8871E-03  3.7104E-04  8.9864E-06
      5019  1.1673E-03 -3.2596E-04 -3.9731E-04  1.3394E-03  4.8456E-05 -1.5643E-04
      5021  5.9771E-04 -1.6103E-04 -1.9771E-04  1.0492E-03 -1.8533E-04 -2.2169E-04
      5101 -1.1153E-14  2.2491E-14 -4.9341E-14 -5.5147E-03 -1.1768E-04 -3.2579E-14
      5103 -6.0571E-15  3.9215E-14 -8.0551E-14 -3.7935E-03 -7.2619E-04 -1.0729E-13
      5105  1.0255E-14  4.4129E-14 -3.9260E-14 -3.6115E-03 -3.1494E-04 -5.2660E-14
      5107  6.3887E-14 -9.3577E-15  7.4801E-15 -2.9154E-03  1.1851E-04  1.6148E-15
      5109  2.0249E-14 -5.0878E-15  4.6849E-14 -1.7348E-03  3.9928E-04 -1.3793E-14
      5111 -7.7282E-16  5.0511E-14 -1.2110E-14 -4.0238E-04  5.7096E-04  1.6220E-14
      5113  5.2996E-16  5.9117E-14 -9.9281E-15  8.2219E-04  6.0807E-04  5.9463E-14
      5115 -3.2983E-15  6.1047E-14 -2.5136E-14  1.6599E-03  5.1583E-04 -4.8795E-14
      5117  3.8035E-14 -1.5697E-15 -1.1431E-15  1.8871E-03  3.7104E-04 -6.7739E-17
      5119  1.2190E-14 -2.6236E-14 -9.6023E-15  1.3394E-03  4.8456E-05 -5.8034E-14
      5121 -1.9314E-15 -7.6750E-14  1.0077E-14  1.0492E-03 -1.8533E-04 -7.8455E-14
      5201  6.8587E-03 -1.5522E-03 -6.8508E-04 -5.5147E-03 -1.1768E-04  4.7126E-04
      5203  4.3580E-03 -1.5120E-03 -9.9442E-04 -3.7935E-03 -7.2619E-04  3.5689E-04
      5205  3.3885E-04 -1.5371E-04  1.2995E-04 -3.6115E-03 -3.1494E-04  1.4689E-04
      5207 -3.1979E-03  8.9220E-04  1.1518E-03 -2.9154E-03  1.1851E-04 -3.3866E-05
      5209 -5.6973E-03  1.6656E-03  1.8338E-03 -1.7348E-03  3.9928E-04 -1.5979E-04
      5211 -6.7983E-03  2.0320E-03  2.0779E-03 -4.0238E-04  5.7096E-04 -2.3556E-04
      5213 -6.4716E-03  1.9547E-03  1.9089E-03  8.2219E-04  6.0807E-04 -2.4028E-04
      5215 -5.0041E-03  1.5248E-03  1.4313E-03  1.6599E-03  5.1583E-04 -1.7681E-04
      5217 -2.9700E-03  8.9727E-04  8.5081E-04  1.8871E-03  3.7104E-04 -8.9864E-06
      5219 -1.1673E-03  3.2596E-04  3.9731E-04  1.3394E-03  4.8456E-05  1.5643E-04
      5221 -5.9771E-04  1.6103E-04  1.9771E-04  1.0492E-03 -1.8533E-04  2.2169E-04
 #### STRESS
     NODE     S11         S22         S33         S12         S23         S13        MISES
  -------+-----------+-----------+-----------+-----------+-----------+-----------+-------------
      1001 -3.3794E+01 -8.4284E+00 -1.2667E+01 -1.1100E+01  3.0005E+00 -2.2504E+00  3.1075E+01
      1003 -2.3931E+01 -4.2822E-01 -4.0384E+00 -6.8361E+00  7.0279E-01 -1.2376E+00  2.5037E+01
      1005 -6.3165E+00  6.9547E-01  1.0633E+00 -5.8748E+00 -7.9264E-02  4.1915E-02  1.2468E+01
      1007  9.3312E+00 -2.4849E-01  1.0922E+00 -4.6074E+00 -5.4977E-01  4.1190E-01  1.2076E+01
      1009  2.0722E+01  1.3543E-01  7.9568E-01 -2.9603E+00 -8.5071E-01  4.6257E-01  2.0970E+01
      1011  2.6667E+01 -2.6925E-02  2.5494E-01 -9.8884E-01 -9.4381E-01  4.3777E-01  2.6670E+01
      1013  2.6845E+01 -4.1823E-02 -2.5663E-01  9.1481E-01 -8.2038E-01  3.1502E-01  2.7084E+01
      1015  2.2042E+01 -5.1979E-02 -6.5428E-01  2.3222E+00 -5.5955E-01  1.2645E-01  2.2781E+01
      1017  1.4297E+01 -4.8227E-02 -8.7724E-01  2.8272E+00 -2.3538E-01 -1.0342E-01  1.5574E+01
      1019  6.5512E+00 -2.1139E-02 -9.1190E-01  2.1454E+00  2.7729E-02 -2.8256E-01  7.9933E+00
      1021  2.3537E+00 -7.1029E-04 -8.9760E-01  1.0775E+00 -1.0477E-01 -2.7149E-01  3.4923E+00
      1101 -9.7941E-11 -1.9934E-10 -8.9187E-11 -1.1100E+01  3.0005E+00 -9.2248E-12  1.9916E+01
      1103  4.0692E-11 -7.7550E-11  6.3774E-11 -6.8361E+00  7.0279E-01 -2.7814E-11  1.1903E+01
      1105  1.5832E-10  6.4739E-11  8.8623E-11 -5.8748E+00 -7.9264E-02 -7.1049E-11  1.0176E+01
      1107  1.1606E-10  7.2508E-11  4.2801E-11 -4.6074E+00 -5.4977E-01  1.4378E-11  8.0368E+00
      1109  5.0557E-11 -9.5494E-11 -1.2697E-10 -2.9603E+00 -8.5071E-01  9.0472E-13  5.3349E+00
      1111 -8.9747E-11 -1.2774E-10 -7.8036E-11 -9.8884E-01 -9.4381E-01 -3.0921E-11  2.3676E+00
      1113 -1.7382E-10 -2.0233E-10 -2.2037E-10  9.1481E-01 -8.2038E-01 -6.8500E-12  2.1283E+00
      1115  5.9198E-11  3.2487E-11  1.3955E-10  2.3222E+00 -5.5955E-01 -1.1184E-11  4.1373E+00
      1117  1.2896E-10 -6.3984E-12  1.1973E-10  2.8272E+00 -2.3538E-01 -6.2145E-11  4.9137E+00
      1119  1.1822E-10 -1.2969E-10  1.2079E-11  2.1454E+00  2.7729E-02  4.9301E-11  3.7162E+00
      1121  2.6608E-11  1.1219E-10 -5.0676E-11  1.0775E+00 -1.0477E-01 -1.9264E-10  1.8750E+00
      1201  3.3794E+01  8.4284E+00  1.2667E+01 -1.1100E+01  3.0005E+00  2.2504E+00  3.1075E+01
      1203  2.3931E+01  4.2822E-01  4.0384E+00 -6.8361E+00  7.0279E-01  1.2376E+00  2.5037E+01
      1205  6.3165E+00 -6.9547E-01 -1.0633E+00 -5.8748E+00 -7.9264E-02 -4.1915E-02  1.2468E+01
      1207 -9.3312E+00  2.4849E-01 -1.0922E+00 -4.6074E+00 -5.4977E-01 -4.1190E-01  1.2076E+01
      1209 -2.0722E+01 -1.3543E-01 -7.9568E-01 -2.9603E+00 -8.5071E-01 -4.6257E-01  2.0970E+01
      1211 -2.6667E+01  2.6925E-02 -2.5494E-01 -9.8884E-01 -9.4381E-01 -4.3777E-01  2.6670E+01
      1213 -2.6845E+01  4.1823E-02  2.5663E-01  9.1481E-01 -8.2038E-01 -3.1502E-01  2.7084E+01
      1215 -2.2042E+01  5.1979E-02  6.5428E-01  2.3222E+00 -5.5955E-01 -1.2645E-01  2.2781E+01
      1217 -1.4297E+01  4.8227E-02  8.7724E-01  2.8272E+00 -2.3538E-01  1.0342E-01  1.5574E+01
      1219 -6.5512E+00  2.1139E-02  9.1190E-01  2.1454E+00  2.7729E-02  2.8256E-01  7.9933E+00
      1221 -2.3537E+00  7.1029E-04  8.9760E-01  1.0775E+00 -1.0477E-01  2.7149E-01  3.4923E+00
      3001 -3.2041E+01 -5.5252E+00 -9.6351E+00 -8.6410E+00  9.1220E-01 -1.6323E+00  2.9077E+01
      3003 -2.1081E+01 -4.2147E-01 -2.7104E+00 -6.5536E+00 -2.1924E-01 -7.1393E-01  2.2700E+01
      3005 -3.9828E+00 -1.1376E-02  4.9029E-02 -5.7273E+00 -2.1598E-01 -1.6228E-01  1.0707E+01
      3007  1.0988E+01  1.2870E-01  1.4277E-01 -4.5824E+00  8.1781E-02  2.2501E-01  1.3452E+01
      3009  2.1684E+01 -7.7590E-03  7.5439E-02 -2.8243E+00  6.5672E-02  4.0666E-01  2.2207E+01
      3011  2.6954E+01  6.3168E-02  2.0847E-02 -8.1039E-01  3.7723E-02  4.3885E-01  2.6959E+01
      3013  2.6433E+01  3.8126E-02 -6.6503E-02  1.0888E+00  1.5728E-02  3.7842E-01  2.6522E+01
      3015  2.1105E+01  1.9823E-02 -1.7664E-01  2.4405E+00  1.4870E-03  2.1513E-01  2.1605E+01
      3017  1.3141E+01 -7.8447E-03 -3.2680E-01  2.8546E+00  3.5362E-02 -4.5937E-02  1.4200E+01
      3019  5.6039E+00 -2.4205E-02 -5.6293E-01  2.0702E+00 -1.7910E-02 -2.3820E-01  6.9301E+00
      3021  2.3076E+00 -5.6404E-02 -6.1123E-01  1.4564E+00 -3.0976E-01 -3.3069E-01  3.7665E+00
      3101 -2.5193E-11 -5.6087E-11  1.3031E-11 -8.6410E+00  9.1220E-01  4.8227E-12  1.5050E+01
      3103  1.1000E-11  1.6948E-11 -8.9703E-11 -6.5536E+00 -2.1924E-01 -8.5639E-11  1.1358E+01
      3105  7.3757E-11  1.3233E-10 -7.2347E-11 -5.7273E+00 -2.1598E-01 -8.4993E-11  9.9269E+00
      3107  1.6507E-10  1.0723E-10 -1.7363E-11 -4.5824E+00  8.1781E-02 -8.7817E-12  7.9383E+00
      3109  1.5688E-10  1.1110E-11  9.4074E-11 -2.8243E+00  6.5672E-02 -1.8834E-11  4.8931E+00
      3111 -2.0142E-11  6.3874E-11  2.7869E-11 -8.1039E-01  3.7723E-02 -2.4837E-11  1.4052E+00
      3113  3.8894E-11  1.4323E-10  2.8214E-11  1.0888E+00  1.5728E-02  5.4088E-11  1.8860E+00
      3115  1.6281E-10  2.8331E-10  1.6910E-10  2.4405E+00  1.4870E-03 -2.0979E-11  4.2270E+00
      3117  1.3400E-10  5.8996E-11  4.2682E-11  2.8546E+00  3.5362E-02 -2.5018E-11  4.9447E+00
      3119  1.1651E-10  3.1076E-11 -2.5432E-12  2.0702E+00 -1.7910E-02 -4.7345E-11  3.5859E+00
      3121 -1.3758E-10 -7.8450E-11 -1.4791E-10  1.4564E+00 -3.0976E-01 -2.1163E-10  2.5789E+00
      3201  3.2041E+01  5.5252E+00  9.6351E+00 -8.6410E+00  9.1220E-01  1.6323E+00  2.9077E+01
      3203  2.1081E+01  4.2147E-01  2.7104E+00 -6.5536E+00 -2.1924E-01  7.1393E-01  2.2700E+01
      3205  3.9828E+00  1.1376E-02 -4.9029E-02 -5.7273E+00 -2.1598E-01  1.6228E-01  1.0707E+01
      3207 -1.0988E+01 -1.2870E-01 -1.4277E-01 -4.5824E+00  8.1781E-02 -2.2501E-01  1.3452E+01
      3209 -2.1684E+01  7.7590E-03 -7.5439E-02 -2.8243E+00  6.5672E-02 -4.0666E-01  2.2207E+01
      3211 -2.6954E+01 -6.3168E-02 -2.0847E-02 -8.1039E-01  3.7723E-02 -4.3885E-01  2.6959E+01
      3213 -2.6433E+01 -3.8126E-02  6.6503E-02  1.0888E+00  1.5728E-02 -3.7842E-01  2.6522E+01
      3215 -2.1105E+01 -1.9823E-02  1.7664E-01  2.4405E+00  1.4870E-03 -2.1513E-01  2.1605E+01
      3217 -1.3141E+01  7.8447E-03  3.2680E-01  2.8546E+00  3.5362E-02  4.5937E-02  1.4200E+01
      3219 -5.6039E+00  2.4205E-02  5.6293E-01  2.0702E+00 -1.7910E-02  2.3820E-01  6.9301E+00
      3221 -2.3076E+00  5.6404E-02  6.1123E-01  1.4564E+00 -3.0976E-01  3.3069E-01  3.7665E+00
      5001 -3.1769E+01 -5.8889E+00 -8.5569E+00 -8.4841E+00 -1.8105E-01 -7.2502E-01  2.8731E+01
      5003 -1.7682E+01  3.7936E-01 -1.2131E+00 -5.8361E+00 -1.1172E+00 -5.4905E-01  2.0170E+01
      5005 -1.7697E+00 -2.5415E-01 -1.1269E+00 -5.5561E+00 -4.8452E-01 -2.2599E-01  9.7573E+00
      5007  1.2503E+01 -8.2279E-02 -8.8101E-01 -4.4852E+00  1.8232E-01  5.2101E-02  1.5150E+01
      5009  2.2602E+01 -5.2625E-02 -5.7019E-01 -2.6690E+00  6.1428E-01  2.4582E-01  2.3408E+01
      5011  2.7122E+01 -4.8343E-02 -1.8968E-01 -6.1904E-01  8.7841E-01  3.6241E-01  2.7312E+01
      5013  2.5931E+01  4.0305E-03  1.4494E-01  1.2649E+00  9.3549E-01  3.6967E-01  2.6008E+01
      5015  2.0123E+01  3.4407E-02  3.2199E-01  2.5537E+00  7.9359E-01  2.7202E-01  2.0483E+01
      5017  1.1958E+01  5.8875E-02  2.0183E-01  2.9032E+00  5.7083E-01  1.3825E-02  1.2891E+01
      5019  4.6164E+00  2.1761E-02 -1.9777E-01  2.0607E+00  7.4548E-02 -2.4066E-01  5.9243E+00
      5021  2.3906E+00  5.6023E-02 -5.6836E-02  1.6142E+00 -2.8512E-01 -3.4106E-01  3.7598E+00
      5101 -1.2201E-10 -1.8493E-11 -2.3952E-10 -8.4841E+00 -1.8105E-01 -5.0121E-11  1.4698E+01
      5103 -1.2801E-10  1.1292E-11 -3.5722E-10 -5.8361E+00 -1.1172E+00 -1.6505E-10  1.0292E+01
      5105  6.6457E-11  1.7068E-10 -8.5896E-11 -5.5561E+00 -4.8452E-01 -8.1015E-11  9.6600E+00
      5107  3.3967E-10  1.1430E-10  1.6611E-10 -4.4852E+00  1.8232E-01  2.4844E-12  7.7750E+00
      5109  2.0541E-10  1.2745E-10  2.8725E-10 -2.6690E+00  6.1428E-01 -2.1219E-11  4.7436E+00
      5111  8.4453E-11  2.4225E-10  4.9571E-11 -6.1904E-01  8.7841E-01  2.4954E-11  1.8613E+00
      5113  1.1637E-10  2.9664E-10  8.4189E-11  1.2649E+00  9.3549E-01  9.1482E-11  2.7250E+00
      5115  6.5112E-11  2.6310E-10 -2.0799E-12  2.5537E+00  7.9359E-01 -7.5069E-11  4.6317E+00
      5117  1.9854E-10  7.6682E-11  7.7995E-11  2.9032E+00  5.7083E-01 -1.0423E-13  5.1248E+00
      5119 -1.7062E-11 -1.3530E-10 -8.4116E-11  2.0607E+00  7.4548E-02 -8.9283E-11  3.5715E+00
      5121 -1.6426E-10 -3.9447E-10 -1.2731E-10  1.6142E+00 -2.8512E-01 -1.2070E-10  2.8391E+00
      5201  3.1769E+01  5.8889E+00  8.5569E+00 -8.4841E+00 -1.8105E-01  7.2502E-01  2.8731E+01
      5203  1.7682E+01 -3.7936E-01  1.2131E+00 -5.8361E+00 -1.1172E+00  5.4905E-01  2.0170E+01
      5205  1.7697E+00  2.5415E-01  1.1269E+00 -5.5561E+00 -4.8452E-01  2.2599E-01  9.7573E+00
      5207 -1.2503E+01  8.2279E-02  8.8101E-01 -4.4852E+00  1.8232E-01 -5.2101E-02  1.5150E+01
      5209 -2.2602E+01  5.2625E-02  5.7019E-01 -2.6690E+00  6.1428E-01 -2.4582E-01  2.3408E+01
      5211 -2.7122E+01  4.8343E-02  1.8968E-01 -6.1904E-01  8.7841E-01 -3.6241E-01  2.7312E+01
      5213 -2.5931E+01 -4.0305E-03 -1.4494E-01  1.2649E+00  9.3549E-01 -3.6967E-01  2.6008E+01
      5215 -2.0123E+01 -3.4407E-02 -3.2199E-01  2.5537E+00  7.9359E-01 -2.7202E-01  2.0483E+01
      5217 -1.1958E+01 -5.8875E-02 -2.0183E-01  2.9032E+00  5.7083E-01 -1.3825E-02  1.2891E+01
      5219 -4.6164E+00 -2.1761E-02  1.9777E-01  2.0607E+00  7.4548E-02  2.4066E-01  5.9243E+00
      5221 -2.3906E+00 -5.6023E-02  5.6836E-02  1.6142E+00 -2.8512E-01  3.4106E-01  3.7598E+00
 ##### Local Summary :Max/IdMax/Min/IdMin####
   //U1   4.5013E-02      1021 -4.5013E-02      1221
   //U2   1.8537E-01      5021 -1.3560E-01      5111
   //U3   4.6420E-03      1017 -4.6420E-03      1217
   //E11  6.8732E-03      3201 -6.8732E-03      3001
   //E22  2.0320E-03      5211 -2.0320E-03      5011
   //E33  2.0779E-03      5211 -2.0779E-03      5011
   //E12  1.8871E-03      5217 -7.2150E-03      1201
   //E23  1.9503E-03      1001 -7.2619E-04      5203
   //E13  1.4627E-03      1201 -1.4627E-03      1001
   //S11  3.3794E+01      1201 -3.3794E+01      1001
   //S22  8.4284E+00      1201 -8.4284E+00      1001
   //S33  1.2667E+01      1201 -1.2667E+01      1001
   //S12  2.9032E+00      5217 -1.1100E+01      1201
   //S23  3.0005E+00      1001 -1.1172E+00      5203
   //S13  2.2504E+00      1201 -2.2504E+00      1001
   //SMS  3.1075E+01      1201  1.4052E+00      3111
 ##### @Element :Max/IdMax/Min/IdMin####
   //E11  7.0463E-03      1012 -7.0463E-03      1112
   //E22  2.6166E-03      1002 -2.6166E-03      1102
   //E33  2.0935E-03      3110 -2.0935E-03      3010
   //E12  5.7058E-03      3013 -9.3950E-03      3001
   //E23  1.9503E-03      1001 -1.7260E-03      1111
   //E13  1.4627E-03      1101 -1.4627E-03      1001
   //S11  3.4169E+01      3101 -3.4169E+01      3001
   //S22  9.1966E+00      3101 -9.1966E+00      3001
   //S33  1.3010E+01      3101 -1.3010E+01      3001
   //S12  8.7781E+00      3013 -1.4454E+01      3001
   //S23  3.0005E+00      1001 -2.6554E+00      1111
   //S13  2.2504E+00      1101 -2.2504E+00      1001
   //SMS  3.9463E+02      3001  2.3868E+00      1120
 ##### Global Summary :Max/Min####
   //U1   4.5013E-02 -4.5013E-02
   //U2   1.8537E-01 -1.3560E-01
   //U3   4.6420E-03 -4.6420E-03
   //E11  6.8732E-03 -6.8732E-03
   //E22  2.0320E-03 -2.0320E-03
   //E33  2.0779E-03 -2.0779E-03
   //E12  1.8871E-03 -7.2150E-03
   //E23  1.9503E-03 -7.2619E-04
   //E13  1.4627E-03 -1.4627E-03
   //S11  3.3794E+01 -3.3794E+01
   //S22  8.4284E+00 -8.4284E+00
   //S33  1.2667E+01 -1.2667E+01
   //S12  2.9032E+00 -1.1100E+01
   //S23  3.0005E+00 -1.1172E+00
   //S13  2.2504E+00 -2.2504E+00
   //SMS  3.1075E+01  1.4052E+00
 ##### @Element :Max/Min####
   //E11  7.0463E-03 -7.0463E-03
   //E22  2.6166E-03 -2.6166E-03
   //E33  2.0935E-03 -2.0935E-03
   //E12  5.7058E-03 -9.3950E-03
   //E23  1.9503E-03 -1.7260E-03
   //E13  1.4627E-03 -1.4627E-03
   //S11  3.4169E+01 -3.4169E+01
   //S22  9.1966E+00 -9.1966E+00
   //S33  1.3010E+01 -1.3010E+01
   //S12  8.7781E+00 -1.4454E+01
   //S23  3.0005E+00 -2.6554E+00
   //S13  2.2504E+00 -2.2504E+00
   //SMS  3.9463E+02  2.3868E+00

 ====================================
    TOTAL TIME (sec) :      0.55
           pre (sec) :      0.00
         solve (sec) :      0.55
 ====================================
