 
********************************
*RESULT OF EIGEN VALUE ANALYSIS*
********************************
 
 NUMBER OF ITERATIONS = 19
 
   NO.   EIGENVALUE    ANGL.FREQUENCY FREQUENCY(HZ)
   ---   ----------    -------------- -------------
    1   0.517167E+09   0.227413E+05   0.361939E+04
    2   0.517167E+09   0.227413E+05   0.361939E+04
    3   0.185591E+11   0.136232E+06   0.216820E+05


 Mode No.     1

 #### DISPLACEMENT 3D
    NODE     X-DISP      Y-DISP      Z-DISP
---------+-----------+-----------+------------
      1001  0.0000E+00  0.0000E+00  0.0000E+00
      1003 -0.3664E-02 -0.1452E-02 -0.3127E-02
      1005 -0.7107E-02 -0.3958E-02 -0.1139E-01
      1007 -0.9945E-02 -0.8113E-02 -0.2450E-01
      1009 -0.1221E-01 -0.1349E-01 -0.4145E-01
      1011 -0.1395E-01 -0.1983E-01 -0.6142E-01
      1013 -0.1519E-01 -0.2690E-01 -0.8363E-01
      1015 -0.1599E-01 -0.3447E-01 -0.1074E+00
      1017 -0.1643E-01 -0.4234E-01 -0.1320E+00
      1019 -0.1662E-01 -0.5036E-01 -0.1571E+00
      1021 -0.1666E-01 -0.5843E-01 -0.1823E+00
      1101  0.0000E+00  0.0000E+00  0.0000E+00
      1103 -0.2727E-02 -0.8590E-03 -0.3207E-02
      1105 -0.5418E-02 -0.3564E-02 -0.1145E-01
      1107 -0.7533E-02 -0.7774E-02 -0.2455E-01
      1109 -0.9261E-02 -0.1322E-01 -0.4149E-01
      1111 -0.1057E-01 -0.1964E-01 -0.6145E-01
      1113 -0.1151E-01 -0.2677E-01 -0.8365E-01
      1115 -0.1211E-01 -0.3439E-01 -0.1074E+00
      1117 -0.1245E-01 -0.4230E-01 -0.1320E+00
      1119 -0.1259E-01 -0.5034E-01 -0.1571E+00
      1121 -0.1262E-01 -0.5843E-01 -0.1823E+00
      1201  0.0000E+00  0.0000E+00  0.0000E+00
      1203 -0.1886E-02 -0.4496E-03 -0.2806E-02
      1205 -0.3657E-02 -0.3269E-02 -0.1116E-01
      1207 -0.5118E-02 -0.7533E-02 -0.2432E-01
      1209 -0.6285E-02 -0.1303E-01 -0.4130E-01
      1211 -0.7178E-02 -0.1950E-01 -0.6132E-01
      1213 -0.7815E-02 -0.2667E-01 -0.8356E-01
      1215 -0.8228E-02 -0.3433E-01 -0.1073E+00
      1217 -0.8456E-02 -0.4227E-01 -0.1320E+00
      1219 -0.8551E-02 -0.5034E-01 -0.1571E+00
      1221 -0.8573E-02 -0.5843E-01 -0.1823E+00
      3001  0.0000E+00  0.0000E+00  0.0000E+00
      3003 -0.8741E-03 -0.1028E-02 -0.2681E-02
      3005 -0.1736E-02 -0.3670E-02 -0.1112E-01
      3007 -0.2414E-02 -0.7869E-02 -0.2426E-01
      3009 -0.2968E-02 -0.1330E-01 -0.4126E-01
      3011 -0.3388E-02 -0.1969E-01 -0.6128E-01
      3013 -0.3688E-02 -0.2681E-01 -0.8354E-01
      3015 -0.3882E-02 -0.3441E-01 -0.1073E+00
      3017 -0.3990E-02 -0.4231E-01 -0.1320E+00
      3019 -0.4034E-02 -0.5035E-01 -0.1571E+00
      3021 -0.4043E-02 -0.5843E-01 -0.1823E+00
      3101  0.0000E+00  0.0000E+00  0.0000E+00
      3103 -0.1590E-13 -0.9355E-03 -0.2919E-02
      3105 -0.4520E-13 -0.3620E-02 -0.1130E-01
      3107 -0.7466E-13 -0.7821E-02 -0.2440E-01
      3109 -0.9233E-13 -0.1326E-01 -0.4138E-01
      3111 -0.1019E-12 -0.1967E-01 -0.6137E-01
      3113 -0.1211E-12 -0.2679E-01 -0.8359E-01
      3115 -0.1497E-12 -0.3440E-01 -0.1073E+00
      3117 -0.1700E-12 -0.4230E-01 -0.1320E+00
      3119 -0.1618E-12 -0.5035E-01 -0.1571E+00
      3121 -0.1807E-12 -0.5843E-01 -0.1823E+00
      3201  0.0000E+00  0.0000E+00  0.0000E+00
      3203  0.8741E-03 -0.1028E-02 -0.2681E-02
      3205  0.1736E-02 -0.3670E-02 -0.1112E-01
      3207  0.2414E-02 -0.7869E-02 -0.2426E-01
      3209  0.2968E-02 -0.1330E-01 -0.4126E-01
      3211  0.3388E-02 -0.1969E-01 -0.6128E-01
      3213  0.3688E-02 -0.2681E-01 -0.8354E-01
      3215  0.3882E-02 -0.3441E-01 -0.1073E+00
      3217  0.3990E-02 -0.4231E-01 -0.1320E+00
      3219  0.4034E-02 -0.5035E-01 -0.1571E+00
      3221  0.4043E-02 -0.5843E-01 -0.1823E+00
      5001  0.0000E+00  0.0000E+00  0.0000E+00
      5003  0.1886E-02 -0.4496E-03 -0.2806E-02
      5005  0.3657E-02 -0.3269E-02 -0.1116E-01
      5007  0.5118E-02 -0.7533E-02 -0.2432E-01
      5009  0.6285E-02 -0.1303E-01 -0.4130E-01
      5011  0.7178E-02 -0.1950E-01 -0.6132E-01
      5013  0.7815E-02 -0.2667E-01 -0.8356E-01
      5015  0.8228E-02 -0.3433E-01 -0.1073E+00
      5017  0.8456E-02 -0.4227E-01 -0.1320E+00
      5019  0.8551E-02 -0.5034E-01 -0.1571E+00
      5021  0.8573E-02 -0.5843E-01 -0.1823E+00
      5101  0.0000E+00  0.0000E+00  0.0000E+00
      5103  0.2727E-02 -0.8590E-03 -0.3207E-02
      5105  0.5418E-02 -0.3564E-02 -0.1145E-01
      5107  0.7533E-02 -0.7774E-02 -0.2455E-01
      5109  0.9261E-02 -0.1322E-01 -0.4149E-01
      5111  0.1057E-01 -0.1964E-01 -0.6145E-01
      5113  0.1151E-01 -0.2677E-01 -0.8365E-01
      5115  0.1211E-01 -0.3439E-01 -0.1074E+00
      5117  0.1245E-01 -0.4230E-01 -0.1320E+00
      5119  0.1259E-01 -0.5034E-01 -0.1571E+00
      5121  0.1262E-01 -0.5843E-01 -0.1823E+00
      5201  0.0000E+00  0.0000E+00  0.0000E+00
      5203  0.3664E-02 -0.1452E-02 -0.3127E-02
      5205  0.7107E-02 -0.3958E-02 -0.1139E-01
      5207  0.9945E-02 -0.8113E-02 -0.2450E-01
      5209  0.1221E-01 -0.1349E-01 -0.4145E-01
      5211  0.1395E-01 -0.1983E-01 -0.6142E-01
      5213  0.1519E-01 -0.2690E-01 -0.8363E-01
      5215  0.1599E-01 -0.3447E-01 -0.1074E+00
      5217  0.1643E-01 -0.4234E-01 -0.1320E+00
      5219  0.1662E-01 -0.5036E-01 -0.1571E+00
      5221  0.1666E-01 -0.5843E-01 -0.1823E+00
 #### REACTION FORCE 3D
    NODE     X-REAC      Y-REAC      Z-REAC
---------+-----------+-----------+------------
      1001  7.4059E-01  3.4142E-01  2.9871E-01
      1101  1.0441E+00 -1.1930E-01  4.4323E-01
      1201  3.8112E-01 -2.0620E-01  1.2321E-01
      3001  3.3461E-01  1.4204E-01 -3.7227E-01
      3101 -4.9372E-12 -2.2130E-01 -6.9055E-01
      3201 -3.3461E-01  1.4204E-01 -3.7227E-01
      5001 -3.8112E-01 -2.0620E-01  1.2321E-01
      5101 -1.0441E+00 -1.1930E-01  4.4323E-01
      5201 -7.4059E-01  3.4142E-01  2.9871E-01
 #### NODAL STRESS 3D
 #### STRAIN
     NODE     E11         E22         E33         E12         E23         E13     
  -------+-----------+-----------+-----------+-----------+-----------+-------------
      1001 -1.8165E-03  3.4245E-04  3.6703E-04 -1.6296E-04  1.4821E-05 -2.2439E-04
      1003 -1.7827E-03  4.5322E-04  4.7176E-04 -8.9637E-05  1.3262E-05 -2.0054E-04
      1005 -1.5783E-03  4.8959E-04  4.9200E-04 -4.0881E-05  4.1852E-06 -1.8320E-04
      1007 -1.2727E-03  3.7905E-04  3.7666E-04 -5.7074E-05 -1.6212E-06 -1.8407E-04
      1009 -1.0019E-03  3.0153E-04  3.0238E-04 -4.9062E-05  3.6575E-08 -1.7356E-04
      1011 -7.4245E-04  2.2330E-04  2.2275E-04 -4.6605E-05 -2.2109E-07 -1.6036E-04
      1013 -5.0972E-04  1.5381E-04  1.5364E-04 -4.0660E-05 -3.8234E-07 -1.4094E-04
      1015 -3.1103E-04  9.4443E-05  9.4055E-05 -3.3394E-05 -4.2940E-07 -1.1555E-04
      1017 -1.5652E-04  4.8348E-05  4.7914E-05 -2.4135E-05 -5.4250E-07 -8.3666E-05
      1019 -5.6204E-05  1.8557E-05  1.8022E-05 -1.3143E-05 -6.4536E-07 -4.5217E-05
      1021 -2.0897E-05  8.1392E-06  7.5731E-06 -7.2740E-06 -7.2504E-07 -2.4358E-05
      1101 -1.3757E-03  2.5056E-04  2.8673E-04 -6.1491E-05  3.5970E-06 -1.9188E-04
      1103 -1.3501E-03  3.3660E-04  3.6389E-04 -6.1364E-05  3.2186E-06 -1.9148E-04
      1105 -1.1952E-03  3.6990E-04  3.7346E-04 -6.0750E-05  1.0157E-06 -1.8956E-04
      1107 -9.6381E-04  2.8791E-04  2.8439E-04 -5.9210E-05 -3.9346E-07 -1.8476E-04
      1109 -7.5872E-04  2.2805E-04  2.2930E-04 -5.6371E-05  8.8765E-09 -1.7590E-04
      1111 -5.6226E-04  1.6931E-04  1.6849E-04 -5.1938E-05 -5.3656E-08 -1.6207E-04
      1113 -3.8601E-04  1.1654E-04  1.1629E-04 -4.5684E-05 -9.2792E-08 -1.4255E-04
      1115 -2.3555E-04  7.1661E-05  7.1090E-05 -3.7446E-05 -1.0421E-07 -1.1685E-04
      1117 -1.1853E-04  3.6769E-05  3.6131E-05 -2.7119E-05 -1.3166E-07 -8.4622E-05
      1119 -4.2563E-05  1.4245E-05  1.3457E-05 -1.4645E-05 -1.5663E-07 -4.5699E-05
      1121 -1.5826E-05  6.3661E-06  5.5330E-06 -7.8668E-06 -1.7596E-07 -2.4548E-05
      1201 -9.3480E-04  1.5867E-04  2.0644E-04  3.9974E-05 -7.6272E-06 -1.5936E-04
      1203 -9.1741E-04  2.1999E-04  2.5602E-04 -3.3090E-05 -6.8248E-06 -1.8242E-04
      1205 -8.1220E-04  2.5022E-04  2.5491E-04 -8.0618E-05 -2.1537E-06 -1.9593E-04
      1207 -6.5494E-04  1.9678E-04  1.9212E-04 -6.1345E-05  8.3430E-07 -1.8544E-04
      1209 -5.1557E-04  1.5456E-04  1.5622E-04 -6.3680E-05 -1.8822E-08 -1.7824E-04
      1211 -3.8207E-04  1.1531E-04  1.1423E-04 -5.7271E-05  1.1377E-07 -1.6378E-04
      1213 -2.6231E-04  7.9274E-05  7.8945E-05 -5.0707E-05  1.9676E-07 -1.4416E-04
      1215 -1.6006E-04  4.8878E-05  4.8125E-05 -4.1497E-05  2.2097E-07 -1.1814E-04
      1217 -8.0547E-05  2.5190E-05  2.4348E-05 -3.0102E-05  2.7918E-07 -8.5578E-05
      1219 -2.8923E-05  9.9320E-06  8.8922E-06 -1.6147E-05  3.3211E-07 -4.6180E-05
      1221 -1.0754E-05  4.5929E-06  3.4928E-06 -8.4595E-06  3.7311E-07 -2.4738E-05
      3001 -4.4086E-04  9.1889E-05  8.0296E-05 -6.1491E-05  1.1224E-05 -1.9188E-04
      3003 -4.3265E-04  1.1661E-04  1.0787E-04 -6.1364E-05  1.0043E-05 -1.9148E-04
      3005 -3.8304E-04  1.1968E-04  1.1854E-04 -6.0750E-05  3.1695E-06 -1.8956E-04
      3007 -3.0887E-04  9.1139E-05  9.2268E-05 -5.9210E-05 -1.2278E-06 -1.8476E-04
      3009 -2.4315E-04  7.3484E-05  7.3083E-05 -5.6371E-05  2.7698E-08 -1.7590E-04
      3011 -1.8019E-04  5.3996E-05  5.4257E-05 -5.1938E-05 -1.6743E-07 -1.6207E-04
      3013 -1.2370E-04  3.7269E-05  3.7348E-05 -4.5684E-05 -2.8955E-07 -1.4255E-04
      3015 -7.5485E-05  2.2782E-05  2.2965E-05 -3.7446E-05 -3.2519E-07 -1.1685E-04
      3017 -3.7986E-05  1.1579E-05  1.1783E-05 -2.7119E-05 -4.1084E-07 -8.4622E-05
      3019 -1.3640E-05  4.3126E-06  4.5650E-06 -1.4645E-05 -4.8874E-07 -4.5699E-05
      3021 -5.0716E-06  1.7732E-06  2.0401E-06 -7.8668E-06 -5.4907E-07 -2.4548E-05
      3101 -1.9574E-14  1.4233E-14  2.0118E-14 -6.1491E-05  2.4279E-14 -1.9188E-04
      3103 -2.5199E-14  1.7712E-14  3.2258E-14 -6.1364E-05  3.9036E-14 -1.9148E-04
      3105 -2.7204E-14  2.0246E-14  4.9543E-14 -6.0750E-05  5.0293E-14 -1.8956E-04
      3107 -2.5687E-14  2.5031E-14  5.3112E-14 -5.9210E-05  5.0235E-14 -1.8476E-04
      3109 -1.9886E-14  2.9607E-14  4.9242E-14 -5.6371E-05  5.0814E-14 -1.7590E-04
      3111 -1.6206E-14  1.8039E-14  4.8031E-14 -5.1938E-05  3.7004E-14 -1.6207E-04
      3113 -2.3209E-14 -1.7725E-15  5.0627E-14 -4.5684E-05  2.8328E-14 -1.4255E-04
      3115 -2.2645E-14 -8.5733E-15  4.8616E-14 -3.7446E-05  2.9267E-14 -1.1685E-04
      3117 -8.9733E-15  2.0486E-15  4.4170E-14 -2.7119E-05  3.0985E-14 -8.4622E-05
      3119  1.0111E-16  1.0934E-14  4.1181E-14 -1.4645E-05  3.2671E-14 -4.5699E-05
      3121 -1.1506E-15  1.1792E-14  3.9115E-14 -7.8668E-06  3.1305E-14 -2.4548E-05
      3201  4.4086E-04 -9.1889E-05 -8.0296E-05 -6.1491E-05 -1.1224E-05 -1.9188E-04
      3203  4.3265E-04 -1.1661E-04 -1.0787E-04 -6.1364E-05 -1.0043E-05 -1.9148E-04
      3205  3.8304E-04 -1.1968E-04 -1.1854E-04 -6.0750E-05 -3.1695E-06 -1.8956E-04
      3207  3.0887E-04 -9.1139E-05 -9.2268E-05 -5.9210E-05  1.2278E-06 -1.8476E-04
      3209  2.4315E-04 -7.3484E-05 -7.3083E-05 -5.6371E-05 -2.7698E-08 -1.7590E-04
      3211  1.8019E-04 -5.3996E-05 -5.4257E-05 -5.1938E-05  1.6743E-07 -1.6207E-04
      3213  1.2370E-04 -3.7269E-05 -3.7348E-05 -4.5684E-05  2.8955E-07 -1.4255E-04
      3215  7.5485E-05 -2.2782E-05 -2.2965E-05 -3.7446E-05  3.2519E-07 -1.1685E-04
      3217  3.7986E-05 -1.1579E-05 -1.1783E-05 -2.7119E-05  4.1084E-07 -8.4622E-05
      3219  1.3640E-05 -4.3126E-06 -4.5650E-06 -1.4645E-05  4.8874E-07 -4.5699E-05
      3221  5.0716E-06 -1.7732E-06 -2.0401E-06 -7.8668E-06  5.4907E-07 -2.4548E-05
      5001  9.3480E-04 -1.5867E-04 -2.0644E-04  3.9974E-05  7.6272E-06 -1.5936E-04
      5003  9.1741E-04 -2.1999E-04 -2.5602E-04 -3.3090E-05  6.8248E-06 -1.8242E-04
      5005  8.1220E-04 -2.5022E-04 -2.5491E-04 -8.0618E-05  2.1537E-06 -1.9593E-04
      5007  6.5494E-04 -1.9678E-04 -1.9212E-04 -6.1345E-05 -8.3430E-07 -1.8544E-04
      5009  5.1557E-04 -1.5456E-04 -1.5622E-04 -6.3680E-05  1.8822E-08 -1.7824E-04
      5011  3.8207E-04 -1.1531E-04 -1.1423E-04 -5.7271E-05 -1.1377E-07 -1.6378E-04
      5013  2.6231E-04 -7.9274E-05 -7.8945E-05 -5.0707E-05 -1.9676E-07 -1.4416E-04
      5015  1.6006E-04 -4.8878E-05 -4.8125E-05 -4.1497E-05 -2.2097E-07 -1.1814E-04
      5017  8.0547E-05 -2.5190E-05 -2.4348E-05 -3.0102E-05 -2.7918E-07 -8.5578E-05
      5019  2.8923E-05 -9.9320E-06 -8.8922E-06 -1.6147E-05 -3.3211E-07 -4.6180E-05
      5021  1.0754E-05 -4.5929E-06 -3.4928E-06 -8.4595E-06 -3.7311E-07 -2.4738E-05
      5101  1.3757E-03 -2.5056E-04 -2.8673E-04 -6.1491E-05 -3.5970E-06 -1.9188E-04
      5103  1.3501E-03 -3.3660E-04 -3.6389E-04 -6.1364E-05 -3.2186E-06 -1.9148E-04
      5105  1.1952E-03 -3.6990E-04 -3.7346E-04 -6.0750E-05 -1.0157E-06 -1.8956E-04
      5107  9.6381E-04 -2.8791E-04 -2.8439E-04 -5.9210E-05  3.9346E-07 -1.8476E-04
      5109  7.5872E-04 -2.2805E-04 -2.2930E-04 -5.6371E-05 -8.8764E-09 -1.7590E-04
      5111  5.6226E-04 -1.6931E-04 -1.6849E-04 -5.1938E-05  5.3656E-08 -1.6207E-04
      5113  3.8601E-04 -1.1654E-04 -1.1629E-04 -4.5684E-05  9.2792E-08 -1.4255E-04
      5115  2.3555E-04 -7.1661E-05 -7.1090E-05 -3.7446E-05  1.0421E-07 -1.1685E-04
      5117  1.1853E-04 -3.6769E-05 -3.6131E-05 -2.7119E-05  1.3166E-07 -8.4622E-05
      5119  4.2563E-05 -1.4245E-05 -1.3457E-05 -1.4645E-05  1.5663E-07 -4.5699E-05
      5121  1.5826E-05 -6.3661E-06 -5.5330E-06 -7.8668E-06  1.7596E-07 -2.4548E-05
      5201  1.8165E-03 -3.4245E-04 -3.6703E-04 -1.6296E-04 -1.4821E-05 -2.2439E-04
      5203  1.7827E-03 -4.5322E-04 -4.7176E-04 -8.9637E-05 -1.3262E-05 -2.0054E-04
      5205  1.5783E-03 -4.8959E-04 -4.9200E-04 -4.0881E-05 -4.1852E-06 -1.8320E-04
      5207  1.2727E-03 -3.7905E-04 -3.7666E-04 -5.7074E-05  1.6212E-06 -1.8407E-04
      5209  1.0019E-03 -3.0153E-04 -3.0238E-04 -4.9062E-05 -3.6574E-08 -1.7356E-04
      5211  7.4245E-04 -2.2330E-04 -2.2275E-04 -4.6605E-05  2.2109E-07 -1.6036E-04
      5213  5.0972E-04 -1.5381E-04 -1.5364E-04 -4.0660E-05  3.8234E-07 -1.4094E-04
      5215  3.1103E-04 -9.4443E-05 -9.4055E-05 -3.3394E-05  4.2940E-07 -1.1555E-04
      5217  1.5652E-04 -4.8348E-05 -4.7914E-05 -2.4135E-05  5.4250E-07 -8.3666E-05
      5219  5.6204E-05 -1.8557E-05 -1.8022E-05 -1.3143E-05  6.4536E-07 -4.5217E-05
      5221  2.0897E-05 -8.1392E-06 -7.5731E-06 -7.2740E-06  7.2504E-07 -2.4358E-05
 #### STRESS
     NODE     S11         S22         S33         S12         S23         S13        MISES
  -------+-----------+-----------+-----------+-----------+-----------+-----------+-------------
      1001 -8.1440E+00 -1.5010E+00 -1.4254E+00 -2.5070E-01  2.2802E-02 -3.4522E-01  6.7219E+00
      1003 -7.4647E+00 -5.8490E-01 -5.2785E-01 -1.3790E-01  2.0403E-02 -3.0852E-01  6.9333E+00
      1005 -6.2332E+00  1.2945E-01  1.3688E-01 -6.2894E-02  6.4387E-03 -2.8184E-01  6.3860E+00
      1007 -5.1089E+00 -2.6687E-02 -3.4054E-02 -8.7806E-02 -2.4942E-03 -2.8319E-01  5.1045E+00
      1009 -4.0010E+00  9.4357E-03  1.2053E-02 -7.5481E-02  5.6269E-05 -2.6702E-01  4.0405E+00
      1011 -2.9684E+00  3.0835E-03  1.3748E-03 -7.1701E-02 -3.4013E-04 -2.4671E-01  3.0038E+00
      1013 -2.0351E+00  6.5071E-03  5.9854E-03 -6.2554E-02 -5.8822E-04 -2.1683E-01  2.0784E+00
      1015 -1.2398E+00  7.8263E-03  6.6336E-03 -5.1376E-02 -6.6061E-04 -1.7777E-01  1.2875E+00
      1017 -6.2065E-01  9.7096E-03  8.3754E-03 -3.7131E-02 -8.3462E-04 -1.2872E-01  6.7109E-01
      1019 -2.1822E-01  1.1812E-02  1.0166E-02 -2.0220E-02 -9.9287E-04 -6.9565E-02  2.6132E-01
      1021 -7.6264E-02  1.3079E-02  1.1337E-02 -1.1191E-02 -1.1154E-03 -3.7473E-02  1.1145E-01
      1101 -6.1675E+00 -1.1638E+00 -1.0524E+00 -9.4601E-02  5.5339E-03 -2.9519E-01  5.0887E+00
      1103 -5.6531E+00 -4.6333E-01 -3.7937E-01 -9.4405E-02  4.9517E-03 -2.9458E-01  5.2596E+00
      1105 -4.7204E+00  9.5382E-02  1.0631E-01 -9.3461E-02  1.5626E-03 -2.9164E-01  4.8504E+00
      1107 -3.8690E+00 -1.7579E-02 -2.8420E-02 -9.1092E-02 -6.0532E-04 -2.8424E-01  3.8806E+00
      1109 -3.0300E+00  6.2111E-03  1.0062E-02 -8.6725E-02  1.3656E-05 -2.7062E-01  3.0778E+00
      1111 -2.2480E+00  2.9454E-03  4.3085E-04 -7.9905E-02 -8.2548E-05 -2.4934E-01  2.2950E+00
      1113 -1.5412E+00  5.1142E-03  4.3464E-03 -7.0283E-02 -1.4276E-04 -2.1931E-01  1.5966E+00
      1115 -9.3890E-01  6.3529E-03  4.5976E-03 -5.7609E-02 -1.6033E-04 -1.7976E-01  9.9937E-01
      1117 -4.7002E-01  7.8297E-03  5.8662E-03 -4.1721E-02 -2.0256E-04 -1.3019E-01  5.3242E-01
      1119 -1.6526E-01  9.5334E-03  7.1104E-03 -2.2531E-02 -2.4096E-04 -7.0306E-02  2.1561E-01
      1121 -5.7755E-02  1.0527E-02  7.9634E-03 -1.2103E-02 -2.7071E-04 -3.7765E-02  9.5981E-02
      1201 -4.1910E+00 -8.2647E-01 -6.7950E-01  6.1499E-02 -1.1734E-02 -2.4517E-01  3.4682E+00
      1203 -3.8414E+00 -3.4175E-01 -2.3089E-01 -5.0908E-02 -1.0500E-02 -2.8064E-01  3.5906E+00
      1205 -3.2077E+00  6.1311E-02  7.5747E-02 -1.2403E-01 -3.3134E-03 -3.0143E-01  3.3245E+00
      1207 -2.6291E+00 -8.4715E-03 -2.2787E-02 -9.4377E-02  1.2835E-03 -2.8530E-01  2.6648E+00
      1209 -2.0590E+00  2.9864E-03  8.0718E-03 -9.7970E-02 -2.8956E-05 -2.7422E-01  2.1252E+00
      1211 -1.5276E+00  2.8074E-03 -5.1308E-04 -8.8110E-02  1.7504E-04 -2.5197E-01  1.5971E+00
      1213 -1.0473E+00  3.7213E-03  2.7074E-03 -7.8011E-02  3.0270E-04 -2.2179E-01  1.1267E+00
      1215 -6.3801E-01  4.8795E-03  2.5617E-03 -6.3841E-02  3.3996E-04 -1.8176E-01  7.2330E-01
      1217 -3.1939E-01  5.9497E-03  3.3570E-03 -4.6311E-02  4.2950E-04 -1.3166E-01  4.0429E-01
      1219 -1.1230E-01  7.2547E-03  4.0553E-03 -2.4842E-02  5.1094E-04 -7.1046E-02  1.7583E-01
      1221 -3.9246E-02  7.9747E-03  4.5899E-03 -1.3015E-02  5.7402E-04 -3.8058E-02  8.3281E-02
      3001 -1.9765E+00 -3.3728E-01 -3.7295E-01 -9.4601E-02  1.7268E-02 -2.9519E-01  1.7085E+00
      3003 -1.8116E+00 -1.2158E-01 -1.4848E-01 -9.4405E-02  1.5452E-02 -2.9458E-01  1.7605E+00
      3005 -1.5128E+00  3.4071E-02  3.0567E-02 -9.3461E-02  4.8761E-03 -2.9164E-01  1.6336E+00
      3007 -1.2399E+00 -9.1079E-03 -5.6337E-03 -9.1092E-02 -1.8889E-03 -2.8424E-01  1.3366E+00
      3009 -9.7103E-01  3.2246E-03  1.9905E-03 -8.6725E-02  4.2613E-05 -2.7062E-01  1.0910E+00
      3011 -7.2042E-01  1.3807E-04  9.4393E-04 -7.9905E-02 -2.5758E-04 -2.4934E-01  8.5174E-01
      3013 -4.9391E-01  1.3929E-03  1.6390E-03 -7.0283E-02 -4.4546E-04 -2.1931E-01  6.3605E-01
      3015 -3.0089E-01  1.4734E-03  2.0359E-03 -5.7609E-02 -5.0029E-04 -1.7976E-01  4.4553E-01
      3017 -1.5063E-01  1.8799E-03  2.5092E-03 -4.1721E-02 -6.3206E-04 -1.3019E-01  2.8182E-01
      3019 -5.2961E-02  2.2787E-03  3.0552E-03 -2.2531E-02 -7.5190E-04 -7.0306E-02  1.3946E-01
      3021 -1.8509E-02  2.5520E-03  3.3735E-03 -1.2103E-02 -8.4473E-04 -3.7765E-02  7.1985E-02
      3101 -2.6128E-11  7.7894E-11  9.6004E-11 -9.4601E-02  3.7353E-11 -2.9519E-01  5.3690E-01
      3103 -2.0368E-11  1.1167E-10  1.5642E-10 -9.4405E-02  6.0055E-11 -2.9458E-01  5.3580E-01
      3105  1.4567E-11  1.6057E-10  2.5071E-10 -9.3461E-02  7.7374E-11 -2.9164E-01  5.3044E-01
      3107  4.2017E-11  1.9807E-10  2.8448E-10 -9.1092E-02  7.7285E-11 -2.8424E-01  5.1699E-01
      3109  7.4881E-11  2.2717E-10  2.8758E-10 -8.6725E-02  7.8175E-11 -2.7062E-01  4.9221E-01
      3111  6.5207E-11  1.7058E-10  2.6286E-10 -7.9905E-02  5.6929E-11 -2.4934E-01  4.5350E-01
      3113 -1.2232E-11  5.3727E-11  2.1496E-10 -7.0283E-02  4.3581E-11 -2.1931E-01  3.9889E-01
      3115 -2.9529E-11  1.3769E-11  1.8974E-10 -5.7609E-02  4.5026E-11 -1.7976E-01  3.2696E-01
      3117  5.8340E-11  9.2254E-11  2.2186E-10 -4.1721E-02  4.7670E-11 -1.3019E-01  2.3679E-01
      3119  1.2081E-10  1.5414E-10  2.4721E-10 -2.2531E-02  5.0263E-11 -7.0306E-02  1.2787E-01
      3121  1.1128E-10  1.5111E-10  2.3518E-10 -1.2103E-02  4.8161E-11 -3.7765E-02  6.8689E-02
      3201  1.9765E+00  3.3728E-01  3.7295E-01 -9.4601E-02 -1.7268E-02 -2.9519E-01  1.7085E+00
      3203  1.8116E+00  1.2158E-01  1.4848E-01 -9.4405E-02 -1.5452E-02 -2.9458E-01  1.7605E+00
      3205  1.5128E+00 -3.4071E-02 -3.0567E-02 -9.3461E-02 -4.8761E-03 -2.9164E-01  1.6336E+00
      3207  1.2399E+00  9.1079E-03  5.6337E-03 -9.1092E-02  1.8889E-03 -2.8424E-01  1.3366E+00
      3209  9.7103E-01 -3.2246E-03 -1.9905E-03 -8.6725E-02 -4.2612E-05 -2.7062E-01  1.0910E+00
      3211  7.2042E-01 -1.3807E-04 -9.4393E-04 -7.9905E-02  2.5758E-04 -2.4934E-01  8.5174E-01
      3213  4.9391E-01 -1.3929E-03 -1.6390E-03 -7.0283E-02  4.4546E-04 -2.1931E-01  6.3605E-01
      3215  3.0089E-01 -1.4734E-03 -2.0359E-03 -5.7609E-02  5.0029E-04 -1.7976E-01  4.4553E-01
      3217  1.5063E-01 -1.8799E-03 -2.5092E-03 -4.1721E-02  6.3206E-04 -1.3019E-01  2.8182E-01
      3219  5.2961E-02 -2.2787E-03 -3.0552E-03 -2.2531E-02  7.5190E-04 -7.0306E-02  1.3946E-01
      3221  1.8509E-02 -2.5520E-03 -3.3735E-03 -1.2103E-02  8.4473E-04 -3.7765E-02  7.1985E-02
      5001  4.1910E+00  8.2647E-01  6.7950E-01  6.1499E-02  1.1734E-02 -2.4517E-01  3.4682E+00
      5003  3.8414E+00  3.4175E-01  2.3089E-01 -5.0908E-02  1.0500E-02 -2.8064E-01  3.5906E+00
      5005  3.2077E+00 -6.1311E-02 -7.5747E-02 -1.2403E-01  3.3134E-03 -3.0143E-01  3.3245E+00
      5007  2.6291E+00  8.4715E-03  2.2787E-02 -9.4377E-02 -1.2835E-03 -2.8530E-01  2.6648E+00
      5009  2.0590E+00 -2.9864E-03 -8.0718E-03 -9.7970E-02  2.8957E-05 -2.7422E-01  2.1252E+00
      5011  1.5276E+00 -2.8074E-03  5.1308E-04 -8.8110E-02 -1.7504E-04 -2.5197E-01  1.5971E+00
      5013  1.0473E+00 -3.7213E-03 -2.7074E-03 -7.8011E-02 -3.0270E-04 -2.2179E-01  1.1267E+00
      5015  6.3801E-01 -4.8795E-03 -2.5617E-03 -6.3841E-02 -3.3996E-04 -1.8176E-01  7.2330E-01
      5017  3.1939E-01 -5.9497E-03 -3.3570E-03 -4.6311E-02 -4.2950E-04 -1.3166E-01  4.0429E-01
      5019  1.1230E-01 -7.2547E-03 -4.0553E-03 -2.4842E-02 -5.1094E-04 -7.1046E-02  1.7583E-01
      5021  3.9246E-02 -7.9747E-03 -4.5899E-03 -1.3015E-02 -5.7402E-04 -3.8058E-02  8.3281E-02
      5101  6.1675E+00  1.1638E+00  1.0524E+00 -9.4601E-02 -5.5339E-03 -2.9519E-01  5.0887E+00
      5103  5.6531E+00  4.6333E-01  3.7937E-01 -9.4405E-02 -4.9517E-03 -2.9458E-01  5.2596E+00
      5105  4.7204E+00 -9.5382E-02 -1.0631E-01 -9.3461E-02 -1.5626E-03 -2.9164E-01  4.8504E+00
      5107  3.8690E+00  1.7579E-02  2.8420E-02 -9.1092E-02  6.0532E-04 -2.8424E-01  3.8806E+00
      5109  3.0300E+00 -6.2111E-03 -1.0062E-02 -8.6725E-02 -1.3656E-05 -2.7062E-01  3.0778E+00
      5111  2.2480E+00 -2.9454E-03 -4.3085E-04 -7.9905E-02  8.2548E-05 -2.4934E-01  2.2950E+00
      5113  1.5412E+00 -5.1142E-03 -4.3464E-03 -7.0283E-02  1.4276E-04 -2.1931E-01  1.5966E+00
      5115  9.3890E-01 -6.3529E-03 -4.5976E-03 -5.7609E-02  1.6033E-04 -1.7976E-01  9.9937E-01
      5117  4.7002E-01 -7.8297E-03 -5.8662E-03 -4.1721E-02  2.0256E-04 -1.3019E-01  5.3242E-01
      5119  1.6526E-01 -9.5334E-03 -7.1104E-03 -2.2531E-02  2.4096E-04 -7.0306E-02  2.1561E-01
      5121  5.7755E-02 -1.0527E-02 -7.9634E-03 -1.2103E-02  2.7071E-04 -3.7765E-02  9.5981E-02
      5201  8.1440E+00  1.5010E+00  1.4254E+00 -2.5070E-01 -2.2802E-02 -3.4522E-01  6.7219E+00
      5203  7.4647E+00  5.8490E-01  5.2785E-01 -1.3790E-01 -2.0403E-02 -3.0852E-01  6.9333E+00
      5205  6.2332E+00 -1.2945E-01 -1.3688E-01 -6.2894E-02 -6.4387E-03 -2.8184E-01  6.3860E+00
      5207  5.1089E+00  2.6687E-02  3.4054E-02 -8.7806E-02  2.4942E-03 -2.8319E-01  5.1045E+00
      5209  4.0010E+00 -9.4357E-03 -1.2053E-02 -7.5481E-02 -5.6268E-05 -2.6702E-01  4.0405E+00
      5211  2.9684E+00 -3.0835E-03 -1.3748E-03 -7.1701E-02  3.4013E-04 -2.4671E-01  3.0038E+00
      5213  2.0351E+00 -6.5071E-03 -5.9854E-03 -6.2554E-02  5.8822E-04 -2.1683E-01  2.0784E+00
      5215  1.2398E+00 -7.8263E-03 -6.6336E-03 -5.1376E-02  6.6061E-04 -1.7777E-01  1.2875E+00
      5217  6.2065E-01 -9.7096E-03 -8.3754E-03 -3.7131E-02  8.3462E-04 -1.2872E-01  6.7109E-01
      5219  2.1822E-01 -1.1812E-02 -1.0166E-02 -2.0220E-02  9.9287E-04 -6.9565E-02  2.6132E-01
      5221  7.6264E-02 -1.3079E-02 -1.1337E-02 -1.1191E-02  1.1154E-03 -3.7473E-02  1.1145E-01
 ##### Local Summary :Max/IdMax/Min/IdMin####
   //U1   1.6660E-02      5221 -1.6660E-02      1021
   //U2   0.0000E+00      1001 -5.8432E-02      5221
   //U3   0.0000E+00      1001 -1.8233E-01      5121
   //E11  1.8165E-03      5201 -1.8165E-03      1001
   //E22  4.8959E-04      1005 -4.8959E-04      5205
   //E33  4.9200E-04      1005 -4.9200E-04      5205
   //E12  3.9974E-05      5001 -1.6296E-04      1001
   //E23  1.4821E-05      1001 -1.4821E-05      5201
   //E13 -2.4358E-05      1021 -2.2439E-04      5201
   //S11  8.1440E+00      5201 -8.1440E+00      1001
   //S22  1.5010E+00      5201 -1.5010E+00      1001
   //S33  1.4254E+00      5201 -1.4254E+00      1001
   //S12  6.1499E-02      5001 -2.5070E-01      1001
   //S23  2.2802E-02      1001 -2.2802E-02      5201
   //S13 -3.7473E-02      1021 -3.4522E-01      5201
   //SMS  6.9333E+00      1003  6.8689E-02      3121
 ##### @Element :Max/IdMax/Min/IdMin####
   //E11  1.8165E-03      3101 -1.8165E-03      1001
   //E22  5.6399E-04      1003 -5.6399E-04      3103
   //E33  5.7649E-04      1003 -5.7649E-04      3103
   //E12  3.9974E-05      3001 -1.6296E-04      1001
   //E23  1.4821E-05      1001 -1.4821E-05      3101
   //E13 -2.4358E-05      1019 -2.2439E-04      3101
   //S11  8.1440E+00      3101 -8.1440E+00      1001
   //S22  1.5010E+00      3101 -1.5010E+00      1001
   //S33  1.4254E+00      3101 -1.4254E+00      1001
   //S12  6.1499E-02      3001 -2.5070E-01      1001
   //S23  2.2802E-02      1001 -2.2802E-02      3101
   //S13 -3.7473E-02      1019 -3.4522E-01      3101
   //SMS  1.7049E+01      1003  2.3119E-03      1119
 ##### Global Summary :Max/Min####
   //U1   1.6660E-02 -1.6660E-02
   //U2   0.0000E+00 -5.8432E-02
   //U3   0.0000E+00 -1.8233E-01
   //E11  1.8165E-03 -1.8165E-03
   //E22  4.8959E-04 -4.8959E-04
   //E33  4.9200E-04 -4.9200E-04
   //E12  3.9974E-05 -1.6296E-04
   //E23  1.4821E-05 -1.4821E-05
   //E13 -2.4358E-05 -2.2439E-04
   //S11  8.1440E+00 -8.1440E+00
   //S22  1.5010E+00 -1.5010E+00
   //S33  1.4254E+00 -1.4254E+00
   //S12  6.1499E-02 -2.5070E-01
   //S23  2.2802E-02 -2.2802E-02
   //S13 -3.7473E-02 -3.4522E-01
   //SMS  6.9333E+00  6.8689E-02
 ##### @Element :Max/Min####
   //E11  1.8165E-03 -1.8165E-03
   //E22  5.6399E-04 -5.6399E-04
   //E33  5.7649E-04 -5.7649E-04
   //E12  3.9974E-05 -1.6296E-04
   //E23  1.4821E-05 -1.4821E-05
   //E13 -2.4358E-05 -2.2439E-04
   //S11  8.1440E+00 -8.1440E+00
   //S22  1.5010E+00 -1.5010E+00
   //S33  1.4254E+00 -1.4254E+00
   //S12  6.1499E-02 -2.5070E-01
   //S23  2.2802E-02 -2.2802E-02
   //S13 -3.7473E-02 -3.4522E-01
   //SMS  1.7049E+01  2.3119E-03

 Mode No.     2

 #### DISPLACEMENT 3D
    NODE     X-DISP      Y-DISP      Z-DISP
---------+-----------+-----------+------------
      1001  0.0000E+00  0.0000E+00  0.0000E+00
      1003  0.1886E-02  0.2806E-02 -0.4496E-03
      1005  0.3657E-02  0.1116E-01 -0.3269E-02
      1007  0.5118E-02  0.2432E-01 -0.7533E-02
      1009  0.6285E-02  0.4130E-01 -0.1303E-01
      1011  0.7178E-02  0.6132E-01 -0.1950E-01
      1013  0.7815E-02  0.8356E-01 -0.2667E-01
      1015  0.8228E-02  0.1073E+00 -0.3433E-01
      1017  0.8456E-02  0.1320E+00 -0.4227E-01
      1019  0.8551E-02  0.1571E+00 -0.5034E-01
      1021  0.8573E-02  0.1823E+00 -0.5843E-01
      1101  0.0000E+00  0.0000E+00  0.0000E+00
      1103 -0.8741E-03  0.2681E-02 -0.1028E-02
      1105 -0.1736E-02  0.1112E-01 -0.3670E-02
      1107 -0.2414E-02  0.2426E-01 -0.7869E-02
      1109 -0.2968E-02  0.4126E-01 -0.1330E-01
      1111 -0.3388E-02  0.6128E-01 -0.1969E-01
      1113 -0.3688E-02  0.8354E-01 -0.2681E-01
      1115 -0.3882E-02  0.1073E+00 -0.3441E-01
      1117 -0.3990E-02  0.1320E+00 -0.4231E-01
      1119 -0.4034E-02  0.1571E+00 -0.5035E-01
      1121 -0.4043E-02  0.1823E+00 -0.5843E-01
      1201  0.0000E+00  0.0000E+00  0.0000E+00
      1203 -0.3664E-02  0.3127E-02 -0.1452E-02
      1205 -0.7107E-02  0.1139E-01 -0.3958E-02
      1207 -0.9945E-02  0.2450E-01 -0.8113E-02
      1209 -0.1221E-01  0.4145E-01 -0.1349E-01
      1211 -0.1395E-01  0.6142E-01 -0.1983E-01
      1213 -0.1519E-01  0.8363E-01 -0.2690E-01
      1215 -0.1599E-01  0.1074E+00 -0.3447E-01
      1217 -0.1643E-01  0.1320E+00 -0.4234E-01
      1219 -0.1662E-01  0.1571E+00 -0.5036E-01
      1221 -0.1666E-01  0.1823E+00 -0.5843E-01
      3001  0.0000E+00  0.0000E+00  0.0000E+00
      3003  0.2727E-02  0.3207E-02 -0.8590E-03
      3005  0.5418E-02  0.1145E-01 -0.3564E-02
      3007  0.7533E-02  0.2455E-01 -0.7774E-02
      3009  0.9261E-02  0.4149E-01 -0.1322E-01
      3011  0.1057E-01  0.6145E-01 -0.1964E-01
      3013  0.1151E-01  0.8365E-01 -0.2677E-01
      3015  0.1211E-01  0.1074E+00 -0.3439E-01
      3017  0.1245E-01  0.1320E+00 -0.4230E-01
      3019  0.1259E-01  0.1571E+00 -0.5034E-01
      3021  0.1262E-01  0.1823E+00 -0.5843E-01
      3101  0.0000E+00  0.0000E+00  0.0000E+00
      3103  0.2362E-14  0.2919E-02 -0.9355E-03
      3105  0.2424E-13  0.1130E-01 -0.3620E-02
      3107  0.3614E-13  0.2440E-01 -0.7821E-02
      3109  0.4329E-13  0.4138E-01 -0.1326E-01
      3111  0.3740E-13  0.6137E-01 -0.1967E-01
      3113  0.5258E-13  0.8359E-01 -0.2679E-01
      3115  0.5388E-13  0.1073E+00 -0.3440E-01
      3117  0.7225E-13  0.1320E+00 -0.4230E-01
      3119  0.6820E-13  0.1571E+00 -0.5035E-01
      3121  0.7986E-13  0.1823E+00 -0.5843E-01
      3201  0.0000E+00  0.0000E+00  0.0000E+00
      3203 -0.2727E-02  0.3207E-02 -0.8590E-03
      3205 -0.5418E-02  0.1145E-01 -0.3564E-02
      3207 -0.7533E-02  0.2455E-01 -0.7774E-02
      3209 -0.9261E-02  0.4149E-01 -0.1322E-01
      3211 -0.1057E-01  0.6145E-01 -0.1964E-01
      3213 -0.1151E-01  0.8365E-01 -0.2677E-01
      3215 -0.1211E-01  0.1074E+00 -0.3439E-01
      3217 -0.1245E-01  0.1320E+00 -0.4230E-01
      3219 -0.1259E-01  0.1571E+00 -0.5034E-01
      3221 -0.1262E-01  0.1823E+00 -0.5843E-01
      5001  0.0000E+00  0.0000E+00  0.0000E+00
      5003  0.3664E-02  0.3127E-02 -0.1452E-02
      5005  0.7107E-02  0.1139E-01 -0.3958E-02
      5007  0.9945E-02  0.2450E-01 -0.8113E-02
      5009  0.1221E-01  0.4145E-01 -0.1349E-01
      5011  0.1395E-01  0.6142E-01 -0.1983E-01
      5013  0.1519E-01  0.8363E-01 -0.2690E-01
      5015  0.1599E-01  0.1074E+00 -0.3447E-01
      5017  0.1643E-01  0.1320E+00 -0.4234E-01
      5019  0.1662E-01  0.1571E+00 -0.5036E-01
      5021  0.1666E-01  0.1823E+00 -0.5843E-01
      5101  0.0000E+00  0.0000E+00  0.0000E+00
      5103  0.8741E-03  0.2681E-02 -0.1028E-02
      5105  0.1736E-02  0.1112E-01 -0.3670E-02
      5107  0.2414E-02  0.2426E-01 -0.7869E-02
      5109  0.2968E-02  0.4126E-01 -0.1330E-01
      5111  0.3388E-02  0.6128E-01 -0.1969E-01
      5113  0.3688E-02  0.8354E-01 -0.2681E-01
      5115  0.3882E-02  0.1073E+00 -0.3441E-01
      5117  0.3990E-02  0.1320E+00 -0.4231E-01
      5119  0.4034E-02  0.1571E+00 -0.5035E-01
      5121  0.4043E-02  0.1823E+00 -0.5843E-01
      5201  0.0000E+00  0.0000E+00  0.0000E+00
      5203 -0.1886E-02  0.2806E-02 -0.4496E-03
      5205 -0.3657E-02  0.1116E-01 -0.3269E-02
      5207 -0.5118E-02  0.2432E-01 -0.7533E-02
      5209 -0.6285E-02  0.4130E-01 -0.1303E-01
      5211 -0.7178E-02  0.6132E-01 -0.1950E-01
      5213 -0.7815E-02  0.8356E-01 -0.2667E-01
      5215 -0.8228E-02  0.1073E+00 -0.3433E-01
      5217 -0.8456E-02  0.1320E+00 -0.4227E-01
      5219 -0.8551E-02  0.1571E+00 -0.5034E-01
      5221 -0.8573E-02  0.1823E+00 -0.5843E-01
 #### REACTION FORCE 3D
    NODE     X-REAC      Y-REAC      Z-REAC
---------+-----------+-----------+------------
      1001 -3.8112E-01 -1.2321E-01 -2.0620E-01
      1101  3.3461E-01  3.7227E-01  1.4204E-01
      1201  7.4059E-01 -2.9871E-01  3.4142E-01
      3001 -1.0441E+00 -4.4323E-01 -1.1930E-01
      3101  8.0031E-12  6.9055E-01 -2.2130E-01
      3201  1.0441E+00 -4.4323E-01 -1.1930E-01
      5001 -7.4059E-01 -2.9871E-01  3.4142E-01
      5101 -3.3461E-01  3.7227E-01  1.4204E-01
      5201  3.8112E-01 -1.2321E-01 -2.0620E-01
 #### NODAL STRESS 3D
 #### STRAIN
     NODE     E11         E22         E33         E12         E23         E13     
  -------+-----------+-----------+-----------+-----------+-----------+-------------
      1001  9.3480E-04 -2.0644E-04 -1.5867E-04  1.5936E-04 -7.6272E-06  3.9974E-05
      1003  9.1741E-04 -2.5602E-04 -2.1999E-04  1.8242E-04 -6.8248E-06 -3.3090E-05
      1005  8.1220E-04 -2.5491E-04 -2.5022E-04  1.9593E-04 -2.1537E-06 -8.0618E-05
      1007  6.5494E-04 -1.9212E-04 -1.9678E-04  1.8544E-04  8.3430E-07 -6.1345E-05
      1009  5.1557E-04 -1.5622E-04 -1.5456E-04  1.7824E-04 -1.8822E-08 -6.3680E-05
      1011  3.8207E-04 -1.1423E-04 -1.1531E-04  1.6378E-04  1.1377E-07 -5.7271E-05
      1013  2.6231E-04 -7.8945E-05 -7.9274E-05  1.4416E-04  1.9676E-07 -5.0707E-05
      1015  1.6006E-04 -4.8125E-05 -4.8878E-05  1.1814E-04  2.2097E-07 -4.1497E-05
      1017  8.0547E-05 -2.4348E-05 -2.5190E-05  8.5578E-05  2.7918E-07 -3.0102E-05
      1019  2.8923E-05 -8.8922E-06 -9.9320E-06  4.6180E-05  3.3211E-07 -1.6147E-05
      1021  1.0754E-05 -3.4928E-06 -4.5929E-06  2.4738E-05  3.7311E-07 -8.4595E-06
      1101 -4.4086E-04  8.0296E-05  9.1889E-05  1.9188E-04 -1.1224E-05 -6.1491E-05
      1103 -4.3265E-04  1.0787E-04  1.1661E-04  1.9148E-04 -1.0043E-05 -6.1364E-05
      1105 -3.8304E-04  1.1854E-04  1.1968E-04  1.8956E-04 -3.1695E-06 -6.0750E-05
      1107 -3.0887E-04  9.2268E-05  9.1139E-05  1.8476E-04  1.2278E-06 -5.9210E-05
      1109 -2.4315E-04  7.3083E-05  7.3484E-05  1.7590E-04 -2.7698E-08 -5.6371E-05
      1111 -1.8019E-04  5.4257E-05  5.3996E-05  1.6207E-04  1.6743E-07 -5.1938E-05
      1113 -1.2370E-04  3.7348E-05  3.7269E-05  1.4255E-04  2.8955E-07 -4.5684E-05
      1115 -7.5485E-05  2.2965E-05  2.2782E-05  1.1685E-04  3.2519E-07 -3.7446E-05
      1117 -3.7986E-05  1.1783E-05  1.1579E-05  8.4622E-05  4.1084E-07 -2.7119E-05
      1119 -1.3640E-05  4.5650E-06  4.3126E-06  4.5699E-05  4.8874E-07 -1.4645E-05
      1121 -5.0716E-06  2.0401E-06  1.7732E-06  2.4548E-05  5.4907E-07 -7.8668E-06
      1201 -1.8165E-03  3.6703E-04  3.4245E-04  2.2439E-04 -1.4821E-05 -1.6296E-04
      1203 -1.7827E-03  4.7176E-04  4.5322E-04  2.0054E-04 -1.3262E-05 -8.9637E-05
      1205 -1.5783E-03  4.9200E-04  4.8959E-04  1.8320E-04 -4.1852E-06 -4.0881E-05
      1207 -1.2727E-03  3.7666E-04  3.7905E-04  1.8407E-04  1.6212E-06 -5.7074E-05
      1209 -1.0019E-03  3.0238E-04  3.0153E-04  1.7356E-04 -3.6575E-08 -4.9062E-05
      1211 -7.4245E-04  2.2275E-04  2.2330E-04  1.6036E-04  2.2109E-07 -4.6605E-05
      1213 -5.0972E-04  1.5364E-04  1.5381E-04  1.4094E-04  3.8234E-07 -4.0660E-05
      1215 -3.1103E-04  9.4055E-05  9.4443E-05  1.1555E-04  4.2940E-07 -3.3394E-05
      1217 -1.5652E-04  4.7914E-05  4.8348E-05  8.3666E-05  5.4250E-07 -2.4135E-05
      1219 -5.6204E-05  1.8022E-05  1.8557E-05  4.5217E-05  6.4536E-07 -1.3143E-05
      1221 -2.0897E-05  7.5731E-06  8.1392E-06  2.4358E-05  7.2504E-07 -7.2740E-06
      3001  1.3757E-03 -2.8673E-04 -2.5056E-04  1.9188E-04  3.5970E-06 -6.1491E-05
      3003  1.3501E-03 -3.6389E-04 -3.3660E-04  1.9148E-04  3.2186E-06 -6.1364E-05
      3005  1.1952E-03 -3.7346E-04 -3.6990E-04  1.8956E-04  1.0157E-06 -6.0750E-05
      3007  9.6381E-04 -2.8439E-04 -2.8791E-04  1.8476E-04 -3.9346E-07 -5.9210E-05
      3009  7.5872E-04 -2.2930E-04 -2.2805E-04  1.7590E-04  8.8763E-09 -5.6371E-05
      3011  5.6226E-04 -1.6849E-04 -1.6931E-04  1.6207E-04 -5.3656E-08 -5.1938E-05
      3013  3.8601E-04 -1.1629E-04 -1.1654E-04  1.4255E-04 -9.2792E-08 -4.5684E-05
      3015  2.3555E-04 -7.1090E-05 -7.1661E-05  1.1685E-04 -1.0421E-07 -3.7446E-05
      3017  1.1853E-04 -3.6131E-05 -3.6769E-05  8.4622E-05 -1.3166E-07 -2.7119E-05
      3019  4.2563E-05 -1.3457E-05 -1.4245E-05  4.5699E-05 -1.5663E-07 -1.4645E-05
      3021  1.5826E-05 -5.5330E-06 -6.3661E-06  2.4548E-05 -1.7596E-07 -7.8668E-06
      3101  6.4882E-15 -9.0022E-15 -1.0923E-14  1.9188E-04 -2.2812E-14 -6.1491E-05
      3103  1.3899E-14 -1.1891E-14 -1.8421E-14  1.9148E-04 -3.5255E-14 -6.1364E-05
      3105  1.6378E-14 -1.6801E-14 -3.2614E-14  1.8956E-04 -4.1105E-14 -6.0750E-05
      3107  1.0463E-14 -2.0292E-14 -4.1007E-14  1.8476E-04 -3.9786E-14 -5.9210E-05
      3109  4.7236E-15 -1.6557E-14 -3.9574E-14  1.7590E-04 -4.5742E-14 -5.6371E-05
      3111  5.2882E-15 -6.5219E-15 -3.4068E-14  1.6207E-04 -3.4327E-14 -5.1938E-05
      3113  9.6769E-15  2.2983E-15 -3.6171E-14  1.4255E-04 -2.6185E-14 -4.5684E-05
      3115  1.0882E-14  8.2395E-15 -4.1909E-14  1.1685E-04 -2.7242E-14 -3.7446E-05
      3117  6.0040E-15  7.0662E-15 -3.8137E-14  8.4622E-05 -2.6551E-14 -2.7119E-05
      3119  5.0816E-16  5.1198E-16 -3.2094E-14  4.5699E-05 -3.2516E-14 -1.4645E-05
      3121  2.0266E-15 -2.9166E-15 -3.1083E-14  2.4548E-05 -3.6274E-14 -7.8668E-06
      3201 -1.3757E-03  2.8673E-04  2.5056E-04  1.9188E-04 -3.5970E-06 -6.1491E-05
      3203 -1.3501E-03  3.6389E-04  3.3660E-04  1.9148E-04 -3.2186E-06 -6.1364E-05
      3205 -1.1952E-03  3.7346E-04  3.6990E-04  1.8956E-04 -1.0157E-06 -6.0750E-05
      3207 -9.6381E-04  2.8439E-04  2.8791E-04  1.8476E-04  3.9346E-07 -5.9210E-05
      3209 -7.5872E-04  2.2930E-04  2.2805E-04  1.7590E-04 -8.8764E-09 -5.6371E-05
      3211 -5.6226E-04  1.6849E-04  1.6931E-04  1.6207E-04  5.3656E-08 -5.1938E-05
      3213 -3.8601E-04  1.1629E-04  1.1654E-04  1.4255E-04  9.2792E-08 -4.5684E-05
      3215 -2.3555E-04  7.1090E-05  7.1661E-05  1.1685E-04  1.0421E-07 -3.7446E-05
      3217 -1.1853E-04  3.6131E-05  3.6769E-05  8.4622E-05  1.3166E-07 -2.7119E-05
      3219 -4.2563E-05  1.3457E-05  1.4245E-05  4.5699E-05  1.5663E-07 -1.4645E-05
      3221 -1.5826E-05  5.5330E-06  6.3661E-06  2.4548E-05  1.7596E-07 -7.8668E-06
      5001  1.8165E-03 -3.6703E-04 -3.4245E-04  2.2439E-04  1.4821E-05 -1.6296E-04
      5003  1.7827E-03 -4.7176E-04 -4.5322E-04  2.0054E-04  1.3262E-05 -8.9637E-05
      5005  1.5783E-03 -4.9200E-04 -4.8959E-04  1.8320E-04  4.1852E-06 -4.0881E-05
      5007  1.2727E-03 -3.7666E-04 -3.7905E-04  1.8407E-04 -1.6212E-06 -5.7074E-05
      5009  1.0019E-03 -3.0238E-04 -3.0153E-04  1.7356E-04  3.6574E-08 -4.9062E-05
      5011  7.4245E-04 -2.2275E-04 -2.2330E-04  1.6036E-04 -2.2109E-07 -4.6605E-05
      5013  5.0972E-04 -1.5364E-04 -1.5381E-04  1.4094E-04 -3.8234E-07 -4.0660E-05
      5015  3.1103E-04 -9.4055E-05 -9.4443E-05  1.1555E-04 -4.2940E-07 -3.3394E-05
      5017  1.5652E-04 -4.7914E-05 -4.8348E-05  8.3666E-05 -5.4250E-07 -2.4135E-05
      5019  5.6204E-05 -1.8022E-05 -1.8557E-05  4.5217E-05 -6.4536E-07 -1.3143E-05
      5021  2.0897E-05 -7.5731E-06 -8.1392E-06  2.4358E-05 -7.2504E-07 -7.2740E-06
      5101  4.4086E-04 -8.0296E-05 -9.1889E-05  1.9188E-04  1.1224E-05 -6.1491E-05
      5103  4.3265E-04 -1.0787E-04 -1.1661E-04  1.9148E-04  1.0043E-05 -6.1364E-05
      5105  3.8304E-04 -1.1854E-04 -1.1968E-04  1.8956E-04  3.1695E-06 -6.0750E-05
      5107  3.0887E-04 -9.2268E-05 -9.1139E-05  1.8476E-04 -1.2278E-06 -5.9210E-05
      5109  2.4315E-04 -7.3083E-05 -7.3484E-05  1.7590E-04  2.7698E-08 -5.6371E-05
      5111  1.8019E-04 -5.4257E-05 -5.3996E-05  1.6207E-04 -1.6743E-07 -5.1938E-05
      5113  1.2370E-04 -3.7348E-05 -3.7269E-05  1.4255E-04 -2.8955E-07 -4.5684E-05
      5115  7.5485E-05 -2.2965E-05 -2.2782E-05  1.1685E-04 -3.2519E-07 -3.7446E-05
      5117  3.7986E-05 -1.1783E-05 -1.1579E-05  8.4622E-05 -4.1084E-07 -2.7119E-05
      5119  1.3640E-05 -4.5650E-06 -4.3126E-06  4.5699E-05 -4.8874E-07 -1.4645E-05
      5121  5.0716E-06 -2.0401E-06 -1.7732E-06  2.4548E-05 -5.4907E-07 -7.8668E-06
      5201 -9.3480E-04  2.0644E-04  1.5867E-04  1.5936E-04  7.6272E-06  3.9974E-05
      5203 -9.1741E-04  2.5602E-04  2.1999E-04  1.8242E-04  6.8248E-06 -3.3090E-05
      5205 -8.1220E-04  2.5491E-04  2.5022E-04  1.9593E-04  2.1537E-06 -8.0618E-05
      5207 -6.5494E-04  1.9212E-04  1.9678E-04  1.8544E-04 -8.3430E-07 -6.1345E-05
      5209 -5.1557E-04  1.5622E-04  1.5456E-04  1.7824E-04  1.8822E-08 -6.3680E-05
      5211 -3.8207E-04  1.1423E-04  1.1531E-04  1.6378E-04 -1.1377E-07 -5.7271E-05
      5213 -2.6231E-04  7.8945E-05  7.9274E-05  1.4416E-04 -1.9676E-07 -5.0707E-05
      5215 -1.6006E-04  4.8125E-05  4.8878E-05  1.1814E-04 -2.2097E-07 -4.1497E-05
      5217 -8.0547E-05  2.4348E-05  2.5190E-05  8.5578E-05 -2.7918E-07 -3.0102E-05
      5219 -2.8923E-05  8.8922E-06  9.9320E-06  4.6180E-05 -3.3211E-07 -1.6147E-05
      5221 -1.0754E-05  3.4928E-06  4.5929E-06  2.4738E-05 -3.7311E-07 -8.4595E-06
 #### STRESS
     NODE     S11         S22         S33         S12         S23         S13        MISES
  -------+-----------+-----------+-----------+-----------+-----------+-----------+-------------
      1001  4.1910E+00  6.7950E-01  8.2647E-01  2.4517E-01 -1.1734E-02  6.1499E-02  3.4682E+00
      1003  3.8414E+00  2.3089E-01  3.4175E-01  2.8064E-01 -1.0500E-02 -5.0908E-02  3.5906E+00
      1005  3.2077E+00 -7.5747E-02 -6.1311E-02  3.0143E-01 -3.3134E-03 -1.2403E-01  3.3245E+00
      1007  2.6291E+00  2.2787E-02  8.4715E-03  2.8530E-01  1.2835E-03 -9.4377E-02  2.6648E+00
      1009  2.0590E+00 -8.0718E-03 -2.9864E-03  2.7422E-01 -2.8957E-05 -9.7970E-02  2.1252E+00
      1011  1.5276E+00  5.1308E-04 -2.8074E-03  2.5197E-01  1.7504E-04 -8.8110E-02  1.5971E+00
      1013  1.0473E+00 -2.7074E-03 -3.7213E-03  2.2179E-01  3.0270E-04 -7.8011E-02  1.1267E+00
      1015  6.3801E-01 -2.5617E-03 -4.8795E-03  1.8176E-01  3.3996E-04 -6.3841E-02  7.2330E-01
      1017  3.1939E-01 -3.3570E-03 -5.9497E-03  1.3166E-01  4.2950E-04 -4.6311E-02  4.0429E-01
      1019  1.1230E-01 -4.0553E-03 -7.2547E-03  7.1046E-02  5.1094E-04 -2.4842E-02  1.7583E-01
      1021  3.9246E-02 -4.5899E-03 -7.9747E-03  3.8058E-02  5.7402E-04 -1.3015E-02  8.3281E-02
      1101 -1.9765E+00 -3.7295E-01 -3.3728E-01  2.9519E-01 -1.7268E-02 -9.4601E-02  1.7085E+00
      1103 -1.8116E+00 -1.4848E-01 -1.2158E-01  2.9458E-01 -1.5452E-02 -9.4405E-02  1.7605E+00
      1105 -1.5128E+00  3.0567E-02  3.4071E-02  2.9164E-01 -4.8761E-03 -9.3461E-02  1.6336E+00
      1107 -1.2399E+00 -5.6337E-03 -9.1079E-03  2.8424E-01  1.8889E-03 -9.1092E-02  1.3366E+00
      1109 -9.7103E-01  1.9905E-03  3.2246E-03  2.7062E-01 -4.2613E-05 -8.6725E-02  1.0910E+00
      1111 -7.2042E-01  9.4393E-04  1.3807E-04  2.4934E-01  2.5758E-04 -7.9905E-02  8.5174E-01
      1113 -4.9391E-01  1.6390E-03  1.3929E-03  2.1931E-01  4.4546E-04 -7.0283E-02  6.3605E-01
      1115 -3.0089E-01  2.0359E-03  1.4734E-03  1.7976E-01  5.0029E-04 -5.7609E-02  4.4553E-01
      1117 -1.5063E-01  2.5092E-03  1.8799E-03  1.3019E-01  6.3206E-04 -4.1721E-02  2.8182E-01
      1119 -5.2961E-02  3.0552E-03  2.2787E-03  7.0306E-02  7.5190E-04 -2.2531E-02  1.3946E-01
      1121 -1.8509E-02  3.3735E-03  2.5520E-03  3.7765E-02  8.4473E-04 -1.2103E-02  7.1985E-02
      1201 -8.1440E+00 -1.4254E+00 -1.5010E+00  3.4522E-01 -2.2802E-02 -2.5070E-01  6.7219E+00
      1203 -7.4647E+00 -5.2785E-01 -5.8490E-01  3.0852E-01 -2.0403E-02 -1.3790E-01  6.9333E+00
      1205 -6.2332E+00  1.3688E-01  1.2945E-01  2.8184E-01 -6.4387E-03 -6.2894E-02  6.3860E+00
      1207 -5.1089E+00 -3.4054E-02 -2.6687E-02  2.8319E-01  2.4942E-03 -8.7806E-02  5.1045E+00
      1209 -4.0010E+00  1.2053E-02  9.4357E-03  2.6702E-01 -5.6269E-05 -7.5481E-02  4.0405E+00
      1211 -2.9684E+00  1.3748E-03  3.0835E-03  2.4671E-01  3.4013E-04 -7.1701E-02  3.0038E+00
      1213 -2.0351E+00  5.9854E-03  6.5071E-03  2.1683E-01  5.8822E-04 -6.2554E-02  2.0784E+00
      1215 -1.2398E+00  6.6336E-03  7.8263E-03  1.7777E-01  6.6061E-04 -5.1376E-02  1.2875E+00
      1217 -6.2065E-01  8.3754E-03  9.7096E-03  1.2872E-01  8.3462E-04 -3.7131E-02  6.7109E-01
      1219 -2.1822E-01  1.0166E-02  1.1812E-02  6.9565E-02  9.9287E-04 -2.0220E-02  2.6132E-01
      1221 -7.6264E-02  1.1337E-02  1.3079E-02  3.7473E-02  1.1154E-03 -1.1191E-02  1.1145E-01
      3001  6.1675E+00  1.0524E+00  1.1638E+00  2.9519E-01  5.5339E-03 -9.4601E-02  5.0887E+00
      3003  5.6531E+00  3.7937E-01  4.6333E-01  2.9458E-01  4.9517E-03 -9.4405E-02  5.2596E+00
      3005  4.7204E+00 -1.0631E-01 -9.5382E-02  2.9164E-01  1.5626E-03 -9.3461E-02  4.8504E+00
      3007  3.8690E+00  2.8420E-02  1.7579E-02  2.8424E-01 -6.0532E-04 -9.1092E-02  3.8806E+00
      3009  3.0300E+00 -1.0062E-02 -6.2111E-03  2.7062E-01  1.3656E-05 -8.6725E-02  3.0778E+00
      3011  2.2480E+00 -4.3085E-04 -2.9454E-03  2.4934E-01 -8.2548E-05 -7.9905E-02  2.2950E+00
      3013  1.5412E+00 -4.3464E-03 -5.1142E-03  2.1931E-01 -1.4276E-04 -7.0283E-02  1.5966E+00
      3015  9.3890E-01 -4.5976E-03 -6.3529E-03  1.7976E-01 -1.6033E-04 -5.7609E-02  9.9937E-01
      3017  4.7002E-01 -5.8662E-03 -7.8297E-03  1.3019E-01 -2.0256E-04 -4.1721E-02  5.3242E-01
      3019  1.6526E-01 -7.1104E-03 -9.5334E-03  7.0306E-02 -2.4096E-04 -2.2531E-02  2.1561E-01
      3021  5.7755E-02 -7.9634E-03 -1.0527E-02  3.7765E-02 -2.7071E-04 -1.2103E-02  9.5981E-02
      3101 -1.1045E-11 -5.8708E-11 -6.4618E-11  2.9519E-01 -3.5096E-11 -9.4601E-02  5.3690E-01
      3103  4.8898E-12 -7.4463E-11 -9.4556E-11  2.9458E-01 -5.4238E-11 -9.4405E-02  5.3580E-01
      3105 -2.5843E-11 -1.2793E-10 -1.7659E-10  2.9164E-01 -6.3238E-11 -9.3461E-02  5.3044E-01
      3107 -8.5119E-11 -1.7975E-10 -2.4349E-10  2.8424E-01 -6.1210E-11 -9.1092E-02  5.1699E-01
      3109 -1.0410E-10 -1.6958E-10 -2.4040E-10  2.7062E-01 -7.0373E-11 -8.6725E-02  4.9221E-01
      3111 -6.5194E-11 -1.0153E-10 -1.8629E-10  2.4934E-01 -5.2811E-11 -7.9905E-02  4.5350E-01
      3113 -2.6062E-11 -4.8766E-11 -1.6713E-10  2.1931E-01 -4.0285E-11 -7.0283E-02  3.9889E-01
      3115 -1.9103E-11 -2.7234E-11 -1.8154E-10  1.7976E-01 -4.1911E-11 -5.7609E-02  3.2696E-01
      3117 -3.9374E-11 -3.6105E-11 -1.7519E-10  1.3019E-01 -4.0848E-11 -4.1721E-02  2.3679E-01
      3119 -7.0146E-11 -7.0135E-11 -1.7046E-10  7.0306E-02 -5.0025E-11 -2.2531E-02  1.2787E-01
      3121 -6.7548E-11 -8.2758E-11 -1.6942E-10  3.7765E-02 -5.5807E-11 -1.2103E-02  6.8689E-02
      3201 -6.1675E+00 -1.0524E+00 -1.1638E+00  2.9519E-01 -5.5339E-03 -9.4601E-02  5.0887E+00
      3203 -5.6531E+00 -3.7937E-01 -4.6333E-01  2.9458E-01 -4.9517E-03 -9.4405E-02  5.2596E+00
      3205 -4.7204E+00  1.0631E-01  9.5382E-02  2.9164E-01 -1.5626E-03 -9.3461E-02  4.8504E+00
      3207 -3.8690E+00 -2.8420E-02 -1.7579E-02  2.8424E-01  6.0532E-04 -9.1092E-02  3.8806E+00
      3209 -3.0300E+00  1.0062E-02  6.2111E-03  2.7062E-01 -1.3656E-05 -8.6725E-02  3.0778E+00
      3211 -2.2480E+00  4.3085E-04  2.9454E-03  2.4934E-01  8.2548E-05 -7.9905E-02  2.2950E+00
      3213 -1.5412E+00  4.3464E-03  5.1142E-03  2.1931E-01  1.4276E-04 -7.0283E-02  1.5966E+00
      3215 -9.3890E-01  4.5976E-03  6.3529E-03  1.7976E-01  1.6033E-04 -5.7609E-02  9.9937E-01
      3217 -4.7002E-01  5.8662E-03  7.8297E-03  1.3019E-01  2.0256E-04 -4.1721E-02  5.3242E-01
      3219 -1.6526E-01  7.1104E-03  9.5334E-03  7.0306E-02  2.4096E-04 -2.2531E-02  2.1561E-01
      3221 -5.7755E-02  7.9634E-03  1.0527E-02  3.7765E-02  2.7071E-04 -1.2103E-02  9.5981E-02
      5001  8.1440E+00  1.4254E+00  1.5010E+00  3.4522E-01  2.2802E-02 -2.5070E-01  6.7219E+00
      5003  7.4647E+00  5.2785E-01  5.8490E-01  3.0852E-01  2.0403E-02 -1.3790E-01  6.9333E+00
      5005  6.2332E+00 -1.3688E-01 -1.2945E-01  2.8184E-01  6.4387E-03 -6.2894E-02  6.3860E+00
      5007  5.1089E+00  3.4054E-02  2.6687E-02  2.8319E-01 -2.4942E-03 -8.7806E-02  5.1045E+00
      5009  4.0010E+00 -1.2053E-02 -9.4357E-03  2.6702E-01  5.6268E-05 -7.5481E-02  4.0405E+00
      5011  2.9684E+00 -1.3748E-03 -3.0835E-03  2.4671E-01 -3.4013E-04 -7.1701E-02  3.0038E+00
      5013  2.0351E+00 -5.9854E-03 -6.5071E-03  2.1683E-01 -5.8822E-04 -6.2554E-02  2.0784E+00
      5015  1.2398E+00 -6.6336E-03 -7.8263E-03  1.7777E-01 -6.6061E-04 -5.1376E-02  1.2875E+00
      5017  6.2065E-01 -8.3754E-03 -9.7096E-03  1.2872E-01 -8.3462E-04 -3.7131E-02  6.7109E-01
      5019  2.1822E-01 -1.0166E-02 -1.1812E-02  6.9565E-02 -9.9287E-04 -2.0220E-02  2.6132E-01
      5021  7.6264E-02 -1.1337E-02 -1.3079E-02  3.7473E-02 -1.1154E-03 -1.1191E-02  1.1145E-01
      5101  1.9765E+00  3.7295E-01  3.3728E-01  2.9519E-01  1.7268E-02 -9.4601E-02  1.7085E+00
      5103  1.8116E+00  1.4848E-01  1.2158E-01  2.9458E-01  1.5452E-02 -9.4405E-02  1.7605E+00
      5105  1.5128E+00 -3.0567E-02 -3.4071E-02  2.9164E-01  4.8761E-03 -9.3461E-02  1.6336E+00
      5107  1.2399E+00  5.6337E-03  9.1079E-03  2.8424E-01 -1.8889E-03 -9.1092E-02  1.3366E+00
      5109  9.7103E-01 -1.9905E-03 -3.2246E-03  2.7062E-01  4.2612E-05 -8.6725E-02  1.0910E+00
      5111  7.2042E-01 -9.4393E-04 -1.3807E-04  2.4934E-01 -2.5758E-04 -7.9905E-02  8.5174E-01
      5113  4.9391E-01 -1.6390E-03 -1.3929E-03  2.1931E-01 -4.4546E-04 -7.0283E-02  6.3605E-01
      5115  3.0089E-01 -2.0359E-03 -1.4734E-03  1.7976E-01 -5.0029E-04 -5.7609E-02  4.4553E-01
      5117  1.5063E-01 -2.5092E-03 -1.8799E-03  1.3019E-01 -6.3206E-04 -4.1721E-02  2.8182E-01
      5119  5.2961E-02 -3.0552E-03 -2.2787E-03  7.0306E-02 -7.5190E-04 -2.2531E-02  1.3946E-01
      5121  1.8509E-02 -3.3735E-03 -2.5520E-03  3.7765E-02 -8.4473E-04 -1.2103E-02  7.1985E-02
      5201 -4.1910E+00 -6.7950E-01 -8.2647E-01  2.4517E-01  1.1734E-02  6.1499E-02  3.4682E+00
      5203 -3.8414E+00 -2.3089E-01 -3.4175E-01  2.8064E-01  1.0500E-02 -5.0908E-02  3.5906E+00
      5205 -3.2077E+00  7.5747E-02  6.1311E-02  3.0143E-01  3.3134E-03 -1.2403E-01  3.3245E+00
      5207 -2.6291E+00 -2.2787E-02 -8.4715E-03  2.8530E-01 -1.2835E-03 -9.4377E-02  2.6648E+00
      5209 -2.0590E+00  8.0718E-03  2.9864E-03  2.7422E-01  2.8956E-05 -9.7970E-02  2.1252E+00
      5211 -1.5276E+00 -5.1308E-04  2.8074E-03  2.5197E-01 -1.7504E-04 -8.8110E-02  1.5971E+00
      5213 -1.0473E+00  2.7074E-03  3.7213E-03  2.2179E-01 -3.0270E-04 -7.8011E-02  1.1267E+00
      5215 -6.3801E-01  2.5617E-03  4.8795E-03  1.8176E-01 -3.3996E-04 -6.3841E-02  7.2330E-01
      5217 -3.1939E-01  3.3570E-03  5.9497E-03  1.3166E-01 -4.2950E-04 -4.6311E-02  4.0429E-01
      5219 -1.1230E-01  4.0553E-03  7.2547E-03  7.1046E-02 -5.1094E-04 -2.4842E-02  1.7583E-01
      5221 -3.9246E-02  4.5899E-03  7.9747E-03  3.8058E-02 -5.7402E-04 -1.3015E-02  8.3281E-02
 ##### Local Summary :Max/IdMax/Min/IdMin####
   //U1   1.6660E-02      5021 -1.6660E-02      1221
   //U2   1.8233E-01      3021  0.0000E+00      1001
   //U3   0.0000E+00      1001 -5.8432E-02      5021
   //E11  1.8165E-03      5001 -1.8165E-03      1201
   //E22  4.9200E-04      1205 -4.9200E-04      5005
   //E33  4.8959E-04      1205 -4.8959E-04      5005
   //E12  2.2439E-04      5001  2.4358E-05      1221
   //E23  1.4821E-05      5001 -1.4821E-05      1201
   //E13  3.9974E-05      1001 -1.6296E-04      1201
   //S11  8.1440E+00      5001 -8.1440E+00      1201
   //S22  1.4254E+00      5001 -1.4254E+00      1201
   //S33  1.5010E+00      5001 -1.5010E+00      1201
   //S12  3.4522E-01      5001  3.7473E-02      1221
   //S23  2.2802E-02      5001 -2.2802E-02      1201
   //S13  6.1499E-02      1001 -2.5070E-01      1201
   //SMS  6.9333E+00      5003  6.8689E-02      3121
 ##### @Element :Max/IdMax/Min/IdMin####
   //E11  1.8165E-03      3001 -1.8165E-03      1101
   //E22  5.7649E-04      1103 -5.7649E-04      3003
   //E33  5.6399E-04      1103 -5.6399E-04      3003
   //E12  2.2439E-04      3001  2.4358E-05      1119
   //E23  1.4821E-05      3001 -1.4821E-05      1101
   //E13  3.9974E-05      1001 -1.6296E-04      1101
   //S11  8.1440E+00      3001 -8.1440E+00      1101
   //S22  1.4254E+00      3001 -1.4254E+00      1101
   //S33  1.5010E+00      3001 -1.5010E+00      1101
   //S12  3.4522E-01      3001  3.7473E-02      1119
   //S23  2.2802E-02      3001 -2.2802E-02      1101
   //S13  6.1499E-02      1001 -2.5070E-01      1101
   //SMS  1.7049E+01      3003  2.3119E-03      3119
 ##### Global Summary :Max/Min####
   //U1   1.6660E-02 -1.6660E-02
   //U2   1.8233E-01  0.0000E+00
   //U3   0.0000E+00 -5.8432E-02
   //E11  1.8165E-03 -1.8165E-03
   //E22  4.9200E-04 -4.9200E-04
   //E33  4.8959E-04 -4.8959E-04
   //E12  2.2439E-04  2.4358E-05
   //E23  1.4821E-05 -1.4821E-05
   //E13  3.9974E-05 -1.6296E-04
   //S11  8.1440E+00 -8.1440E+00
   //S22  1.4254E+00 -1.4254E+00
   //S33  1.5010E+00 -1.5010E+00
   //S12  3.4522E-01  3.7473E-02
   //S23  2.2802E-02 -2.2802E-02
   //S13  6.1499E-02 -2.5070E-01
   //SMS  6.9333E+00  6.8689E-02
 ##### @Element :Max/Min####
   //E11  1.8165E-03 -1.8165E-03
   //E22  5.7649E-04 -5.7649E-04
   //E33  5.6399E-04 -5.6399E-04
   //E12  2.2439E-04  2.4358E-05
   //E23  1.4821E-05 -1.4821E-05
   //E13  3.9974E-05 -1.6296E-04
   //S11  8.1440E+00 -8.1440E+00
   //S22  1.4254E+00 -1.4254E+00
   //S33  1.5010E+00 -1.5010E+00
   //S12  3.4522E-01  3.7473E-02
   //S23  2.2802E-02 -2.2802E-02
   //S13  6.1499E-02 -2.5070E-01
   //SMS  1.7049E+01  2.3119E-03

 Mode No.     3

 #### DISPLACEMENT 3D
    NODE     X-DISP      Y-DISP      Z-DISP
---------+-----------+-----------+------------
      1001  0.0000E+00  0.0000E+00  0.0000E+00
      1003 -0.1873E-01 -0.1037E-01 -0.1685E-01
      1005 -0.2744E-01 -0.2658E-01 -0.4934E-01
      1007 -0.2455E-01 -0.4550E-01 -0.8590E-01
      1009 -0.1258E-01 -0.5889E-01 -0.1119E+00
      1011  0.4992E-02 -0.6176E-01 -0.1177E+00
      1013  0.2414E-01 -0.5157E-01 -0.9862E-01
      1015  0.4104E-01 -0.2859E-01 -0.5525E-01
      1017  0.5296E-01  0.4568E-02  0.7358E-02
      1019  0.5902E-01  0.4398E-01  0.8160E-01
      1021  0.6070E-01  0.8595E-01  0.1602E+00
      1101  0.0000E+00  0.0000E+00  0.0000E+00
      1103 -0.1210E-01 -0.7890E-02 -0.1672E-01
      1105 -0.1817E-01 -0.2640E-01 -0.4936E-01
      1107 -0.1607E-01 -0.4645E-01 -0.8593E-01
      1109 -0.8283E-02 -0.6080E-01 -0.1119E+00
      1111  0.3230E-02 -0.6412E-01 -0.1178E+00
      1113  0.1575E-01 -0.5387E-01 -0.9869E-01
      1115  0.2679E-01 -0.3041E-01 -0.5530E-01
      1117  0.3457E-01  0.3458E-02  0.7327E-02
      1119  0.3849E-01  0.4356E-01  0.8160E-01
      1121  0.3954E-01  0.8585E-01  0.1602E+00
      1201  0.0000E+00  0.0000E+00  0.0000E+00
      1203 -0.5657E-02 -0.6615E-02 -0.1484E-01
      1205 -0.8289E-02 -0.2621E-01 -0.4914E-01
      1207 -0.7417E-02 -0.4703E-01 -0.8672E-01
      1209 -0.3799E-02 -0.6189E-01 -0.1135E+00
      1211  0.1508E-02 -0.6548E-01 -0.1197E+00
      1213  0.7291E-02 -0.5520E-01 -0.1006E+00
      1215  0.1240E-01 -0.3147E-01 -0.5679E-01
      1217  0.1600E-01  0.2818E-02  0.6420E-02
      1219  0.1783E-01  0.4332E-01  0.8125E-01
      1221  0.1833E-01  0.8578E-01  0.1601E+00
      3001  0.0000E+00  0.0000E+00  0.0000E+00
      3003 -0.6483E-02 -0.8964E-02 -0.1472E-01
      3005 -0.9740E-02 -0.2646E-01 -0.4925E-01
      3007 -0.8617E-02 -0.4606E-01 -0.8666E-01
      3009 -0.4440E-02 -0.5999E-01 -0.1134E+00
      3011  0.1731E-02 -0.6312E-01 -0.1196E+00
      3013  0.8442E-02 -0.5290E-01 -0.1005E+00
      3015  0.1436E-01 -0.2964E-01 -0.5674E-01
      3017  0.1853E-01  0.3928E-02  0.6451E-02
      3019  0.2063E-01  0.4374E-01  0.8127E-01
      3021  0.2120E-01  0.8589E-01  0.1602E+00
      3101  0.0000E+00  0.0000E+00  0.0000E+00
      3103 -0.2103E-11 -0.8355E-02 -0.1559E-01
      3105 -0.5388E-11 -0.2646E-01 -0.4936E-01
      3107 -0.7841E-11 -0.4625E-01 -0.8629E-01
      3109 -0.1029E-10 -0.6040E-01 -0.1127E+00
      3111 -0.1192E-10 -0.6363E-01 -0.1187E+00
      3113 -0.1396E-10 -0.5339E-01 -0.9960E-01
      3115 -0.1546E-10 -0.3003E-01 -0.5603E-01
      3117 -0.1707E-10  0.3693E-02  0.6890E-02
      3119 -0.1737E-10  0.4365E-01  0.8144E-01
      3121 -0.1797E-10  0.8588E-01  0.1602E+00
      3201  0.0000E+00  0.0000E+00  0.0000E+00
      3203  0.6483E-02 -0.8964E-02 -0.1472E-01
      3205  0.9740E-02 -0.2646E-01 -0.4925E-01
      3207  0.8617E-02 -0.4606E-01 -0.8666E-01
      3209  0.4440E-02 -0.5999E-01 -0.1134E+00
      3211 -0.1731E-02 -0.6312E-01 -0.1196E+00
      3213 -0.8442E-02 -0.5290E-01 -0.1005E+00
      3215 -0.1436E-01 -0.2964E-01 -0.5674E-01
      3217 -0.1853E-01  0.3928E-02  0.6451E-02
      3219 -0.2063E-01  0.4374E-01  0.8127E-01
      3221 -0.2120E-01  0.8589E-01  0.1602E+00
      5001  0.0000E+00  0.0000E+00  0.0000E+00
      5003  0.5657E-02 -0.6615E-02 -0.1484E-01
      5005  0.8289E-02 -0.2621E-01 -0.4914E-01
      5007  0.7417E-02 -0.4703E-01 -0.8672E-01
      5009  0.3799E-02 -0.6189E-01 -0.1135E+00
      5011 -0.1508E-02 -0.6548E-01 -0.1197E+00
      5013 -0.7291E-02 -0.5520E-01 -0.1006E+00
      5015 -0.1240E-01 -0.3147E-01 -0.5679E-01
      5017 -0.1600E-01  0.2818E-02  0.6420E-02
      5019 -0.1783E-01  0.4332E-01  0.8125E-01
      5021 -0.1833E-01  0.8578E-01  0.1601E+00
      5101  0.0000E+00  0.0000E+00  0.0000E+00
      5103  0.1210E-01 -0.7890E-02 -0.1672E-01
      5105  0.1817E-01 -0.2640E-01 -0.4936E-01
      5107  0.1607E-01 -0.4645E-01 -0.8593E-01
      5109  0.8283E-02 -0.6080E-01 -0.1119E+00
      5111 -0.3230E-02 -0.6412E-01 -0.1178E+00
      5113 -0.1575E-01 -0.5387E-01 -0.9869E-01
      5115 -0.2679E-01 -0.3041E-01 -0.5530E-01
      5117 -0.3457E-01  0.3458E-02  0.7327E-02
      5119 -0.3849E-01  0.4356E-01  0.8160E-01
      5121 -0.3954E-01  0.8585E-01  0.1602E+00
      5201  0.0000E+00  0.0000E+00  0.0000E+00
      5203  0.1873E-01 -0.1037E-01 -0.1685E-01
      5205  0.2744E-01 -0.2658E-01 -0.4934E-01
      5207  0.2455E-01 -0.4550E-01 -0.8590E-01
      5209  0.1258E-01 -0.5889E-01 -0.1119E+00
      5211 -0.4992E-02 -0.6176E-01 -0.1177E+00
      5213 -0.2414E-01 -0.5157E-01 -0.9862E-01
      5215 -0.4104E-01 -0.2859E-01 -0.5525E-01
      5217 -0.5296E-01  0.4568E-02  0.7358E-02
      5219 -0.5902E-01  0.4398E-01  0.8160E-01
      5221 -0.6070E-01  0.8595E-01  0.1602E+00
 #### REACTION FORCE 3D
    NODE     X-REAC      Y-REAC      Z-REAC
---------+-----------+-----------+------------
      1001  4.6768E+00  2.0271E+00  2.0131E+00
      1101  5.7604E+00 -7.0789E-01  2.6878E+00
      1201  1.4127E+00 -6.3338E-01  5.8699E-01
      3001  3.0877E+00  1.4407E+00 -1.3206E+00
      3101  1.5907E-09 -1.3057E+00 -2.4358E+00
      3201 -3.0877E+00  1.4407E+00 -1.3206E+00
      5001 -1.4127E+00 -6.3338E-01  5.8699E-01
      5101 -5.7604E+00 -7.0789E-01  2.6878E+00
      5201 -4.6768E+00  2.0271E+00  2.0131E+00
 #### NODAL STRESS 3D
 #### STRAIN
     NODE     E11         E22         E33         E12         E23         E13     
  -------+-----------+-----------+-----------+-----------+-----------+-------------
      1001 -9.3264E-03  1.5448E-03  1.6339E-03 -2.3372E-03  9.8913E-05 -3.8000E-03
      1003 -6.9193E-03  1.5894E-03  1.6554E-03 -1.9267E-03  8.5242E-05 -3.5259E-03
      1005 -1.4925E-03  5.7353E-04  5.7830E-04 -1.5269E-03  1.8645E-05 -3.0877E-03
      1007  3.7570E-03 -1.1144E-03 -1.1295E-03 -1.2894E-03 -2.4121E-05 -2.4934E-03
      1009  7.3999E-03 -2.1695E-03 -2.1744E-03 -7.7903E-04 -1.5854E-05 -1.5348E-03
      1011  9.2034E-03 -2.7141E-03 -2.7242E-03 -2.2736E-04 -1.7947E-05 -4.4240E-04
      1013  9.0305E-03 -2.6688E-03 -2.6756E-03  3.0245E-04 -1.5125E-05  5.9322E-04
      1015  7.2175E-03 -2.1431E-03 -2.1472E-03  6.7863E-04 -7.7057E-06  1.3307E-03
      1017  4.4928E-03 -1.3503E-03 -1.3492E-03  7.9562E-04  2.1804E-06  1.5626E-03
      1019  1.9209E-03 -6.1430E-04 -6.0681E-04  5.8662E-04  1.5151E-05  1.1464E-03
      1021  8.2403E-04 -3.0751E-04 -2.9677E-04  3.9658E-04  2.2631E-05  7.6417E-04
      1101 -6.0717E-03  9.3874E-04  1.1307E-03 -1.9159E-03  3.4518E-05 -3.5742E-03
      1103 -4.5046E-03  9.8517E-04  1.1273E-03 -1.8752E-03  2.9747E-05 -3.4982E-03
      1105 -9.7168E-04  3.6979E-04  3.8008E-04 -1.7068E-03  6.5067E-06 -3.1841E-03
      1107  2.4459E-03 -7.1416E-04 -7.4665E-04 -1.3556E-03 -8.4174E-06 -2.5289E-03
      1109  4.8176E-03 -1.4088E-03 -1.4192E-03 -8.4028E-04 -5.5324E-06 -1.5676E-03
      1111  5.9917E-03 -1.7594E-03 -1.7811E-03 -2.4108E-04 -6.2629E-06 -4.4976E-04
      1113  5.8791E-03 -1.7323E-03 -1.7470E-03  3.2425E-04 -5.2782E-06  6.0490E-04
      1115  4.6988E-03 -1.3921E-03 -1.4010E-03  7.2727E-04 -2.6891E-06  1.3568E-03
      1117  2.9250E-03 -8.7995E-04 -8.7752E-04  8.5452E-04  7.6091E-07  1.5942E-03
      1119  1.2506E-03 -4.0557E-04 -3.8941E-04  6.2578E-04  5.2871E-06  1.1674E-03
      1121  5.3647E-04 -2.0827E-04 -1.8514E-04  4.1488E-04  7.8976E-06  7.7398E-04
      1201 -2.8171E-03  3.3266E-04  6.2749E-04 -1.4945E-03 -2.9878E-05 -3.3483E-03
      1203 -2.0900E-03  3.8090E-04  5.9922E-04 -1.8236E-03 -2.5748E-05 -3.4706E-03
      1205 -4.5083E-04  1.6606E-04  1.8186E-04 -1.8866E-03 -5.6320E-06 -3.2805E-03
      1207  1.1348E-03 -3.1393E-04 -3.6384E-04 -1.4218E-03  7.2859E-06 -2.5644E-03
      1209  2.2352E-03 -6.4807E-04 -6.6404E-04 -9.0154E-04  4.7887E-06 -1.6004E-03
      1211  2.7800E-03 -8.0465E-04 -8.3803E-04 -2.5481E-04  5.4210E-06 -4.5712E-04
      1213  2.7277E-03 -7.9590E-04 -8.1842E-04  3.4604E-04  4.5687E-06  6.1659E-04
      1215  2.1801E-03 -6.4116E-04 -6.5477E-04  7.7591E-04  2.3276E-06  1.3828E-03
      1217  1.3571E-03 -4.0958E-04 -4.0584E-04  9.1341E-04 -6.5862E-07  1.6257E-03
      1219  5.8022E-04 -1.9683E-04 -1.7202E-04  6.6493E-04 -4.5764E-06  1.1884E-03
      1221  2.4890E-04 -1.0903E-04 -7.3500E-05  4.3317E-04 -6.8359E-06  7.8379E-04
      3001 -3.2546E-03  6.0608E-04  5.0319E-04 -1.9159E-03  6.4395E-05 -3.5742E-03
      3003 -2.4146E-03  6.0427E-04  5.2808E-04 -1.8752E-03  5.5495E-05 -3.4982E-03
      3005 -5.2085E-04  2.0374E-04  1.9822E-04 -1.7068E-03  1.2139E-05 -3.1841E-03
      3007  1.3111E-03 -4.0023E-04 -3.8281E-04 -1.3556E-03 -1.5703E-05 -2.5289E-03
      3009  2.5824E-03 -7.6074E-04 -7.5516E-04 -8.4028E-04 -1.0321E-05 -1.5676E-03
      3011  3.2117E-03 -9.5473E-04 -9.4308E-04 -2.4108E-04 -1.1684E-05 -4.4976E-04
      3013  3.1514E-03 -9.3645E-04 -9.2859E-04  3.2425E-04 -9.8468E-06  6.0490E-04
      3015  2.5187E-03 -7.5098E-04 -7.4623E-04  7.2727E-04 -5.0166E-06  1.3568E-03
      3017  1.5679E-03 -4.7038E-04 -4.7168E-04  8.5452E-04  1.4195E-06  1.5942E-03
      3019  6.7033E-04 -2.0874E-04 -2.1740E-04  6.2578E-04  9.8635E-06  1.1674E-03
      3021  2.8756E-04 -9.9239E-05 -1.1164E-04  4.1488E-04  1.4734E-05  7.7398E-04
      3101 -2.3557E-12  7.9483E-13  1.0488E-12 -1.9159E-03  9.3337E-13 -3.5742E-03
      3103 -2.7126E-12  1.1219E-12  1.6000E-12 -1.8752E-03  1.2157E-12 -3.4982E-03
      3105 -2.8398E-12  1.5401E-12  2.2565E-12 -1.7068E-03  1.3570E-12 -3.1841E-03
      3107 -2.5430E-12  1.6883E-12  2.3367E-12 -1.3556E-03  1.5737E-12 -2.5289E-03
      3109 -2.1393E-12  1.5002E-12  2.1941E-12 -8.4028E-04  1.8944E-12 -1.5676E-03
      3111 -1.8886E-12  9.7114E-13  2.0294E-12 -2.4108E-04  1.4303E-12 -4.4976E-04
      3113 -1.7892E-12  4.0625E-13  2.0604E-12  3.2425E-04  1.1735E-12  6.0490E-04
      3115 -1.5073E-12  2.2057E-14  2.1195E-12  7.2727E-04  1.2745E-12  1.3568E-03
      3117 -9.0310E-13  1.2863E-13  1.9074E-12  8.5452E-04  1.2122E-12  1.5942E-03
      3119 -3.1717E-13  2.8217E-13  1.5305E-12  6.2578E-04  1.4171E-12  1.1674E-03
      3121 -2.3911E-13  2.2615E-13  1.3464E-12  4.1488E-04  1.6154E-12  7.7398E-04
      3201  3.2546E-03 -6.0608E-04 -5.0319E-04 -1.9159E-03 -6.4395E-05 -3.5742E-03
      3203  2.4146E-03 -6.0427E-04 -5.2808E-04 -1.8752E-03 -5.5495E-05 -3.4982E-03
      3205  5.2085E-04 -2.0374E-04 -1.9822E-04 -1.7068E-03 -1.2139E-05 -3.1841E-03
      3207 -1.3111E-03  4.0023E-04  3.8281E-04 -1.3556E-03  1.5703E-05 -2.5289E-03
      3209 -2.5824E-03  7.6074E-04  7.5516E-04 -8.4028E-04  1.0321E-05 -1.5676E-03
      3211 -3.2117E-03  9.5473E-04  9.4308E-04 -2.4108E-04  1.1684E-05 -4.4976E-04
      3213 -3.1514E-03  9.3645E-04  9.2859E-04  3.2425E-04  9.8468E-06  6.0490E-04
      3215 -2.5187E-03  7.5098E-04  7.4623E-04  7.2727E-04  5.0166E-06  1.3568E-03
      3217 -1.5679E-03  4.7038E-04  4.7168E-04  8.5452E-04 -1.4195E-06  1.5942E-03
      3219 -6.7033E-04  2.0874E-04  2.1740E-04  6.2578E-04 -9.8635E-06  1.1674E-03
      3221 -2.8756E-04  9.9239E-05  1.1164E-04  4.1488E-04 -1.4734E-05  7.7398E-04
      5001  2.8171E-03 -3.3266E-04 -6.2749E-04 -1.4945E-03  2.9878E-05 -3.3483E-03
      5003  2.0900E-03 -3.8090E-04 -5.9922E-04 -1.8236E-03  2.5748E-05 -3.4706E-03
      5005  4.5083E-04 -1.6606E-04 -1.8186E-04 -1.8866E-03  5.6320E-06 -3.2805E-03
      5007 -1.1348E-03  3.1393E-04  3.6384E-04 -1.4218E-03 -7.2859E-06 -2.5644E-03
      5009 -2.2352E-03  6.4807E-04  6.6404E-04 -9.0154E-04 -4.7887E-06 -1.6004E-03
      5011 -2.7800E-03  8.0465E-04  8.3803E-04 -2.5481E-04 -5.4210E-06 -4.5712E-04
      5013 -2.7277E-03  7.9590E-04  8.1842E-04  3.4604E-04 -4.5686E-06  6.1659E-04
      5015 -2.1801E-03  6.4116E-04  6.5477E-04  7.7591E-04 -2.3276E-06  1.3828E-03
      5017 -1.3571E-03  4.0958E-04  4.0584E-04  9.1341E-04  6.5862E-07  1.6257E-03
      5019 -5.8022E-04  1.9683E-04  1.7202E-04  6.6493E-04  4.5764E-06  1.1884E-03
      5021 -2.4890E-04  1.0903E-04  7.3500E-05  4.3317E-04  6.8359E-06  7.8379E-04
      5101  6.0717E-03 -9.3874E-04 -1.1307E-03 -1.9159E-03 -3.4518E-05 -3.5742E-03
      5103  4.5046E-03 -9.8517E-04 -1.1273E-03 -1.8752E-03 -2.9747E-05 -3.4982E-03
      5105  9.7168E-04 -3.6979E-04 -3.8008E-04 -1.7068E-03 -6.5067E-06 -3.1841E-03
      5107 -2.4459E-03  7.1416E-04  7.4665E-04 -1.3556E-03  8.4174E-06 -2.5289E-03
      5109 -4.8176E-03  1.4088E-03  1.4192E-03 -8.4028E-04  5.5324E-06 -1.5676E-03
      5111 -5.9917E-03  1.7594E-03  1.7811E-03 -2.4108E-04  6.2629E-06 -4.4976E-04
      5113 -5.8791E-03  1.7323E-03  1.7470E-03  3.2425E-04  5.2782E-06  6.0490E-04
      5115 -4.6988E-03  1.3921E-03  1.4010E-03  7.2727E-04  2.6891E-06  1.3568E-03
      5117 -2.9250E-03  8.7995E-04  8.7752E-04  8.5452E-04 -7.6091E-07  1.5942E-03
      5119 -1.2506E-03  4.0557E-04  3.8941E-04  6.2578E-04 -5.2871E-06  1.1674E-03
      5121 -5.3647E-04  2.0827E-04  1.8514E-04  4.1488E-04 -7.8976E-06  7.7398E-04
      5201  9.3264E-03 -1.5448E-03 -1.6339E-03 -2.3372E-03 -9.8913E-05 -3.8000E-03
      5203  6.9193E-03 -1.5894E-03 -1.6554E-03 -1.9267E-03 -8.5242E-05 -3.5259E-03
      5205  1.4925E-03 -5.7353E-04 -5.7830E-04 -1.5269E-03 -1.8645E-05 -3.0877E-03
      5207 -3.7570E-03  1.1144E-03  1.1295E-03 -1.2894E-03  2.4121E-05 -2.4934E-03
      5209 -7.3999E-03  2.1695E-03  2.1744E-03 -7.7903E-04  1.5854E-05 -1.5348E-03
      5211 -9.2034E-03  2.7141E-03  2.7242E-03 -2.2736E-04  1.7947E-05 -4.4240E-04
      5213 -9.0305E-03  2.6688E-03  2.6756E-03  3.0245E-04  1.5125E-05  5.9322E-04
      5215 -7.2175E-03  2.1431E-03  2.1472E-03  6.7863E-04  7.7057E-06  1.3307E-03
      5217 -4.4928E-03  1.3503E-03  1.3492E-03  7.9562E-04 -2.1804E-06  1.5626E-03
      5219 -1.9209E-03  6.1430E-04  6.0681E-04  5.8662E-04 -1.5151E-05  1.1464E-03
      5221 -8.2403E-04  3.0751E-04  2.9677E-04  3.9658E-04 -2.2631E-05  7.6417E-04
 #### STRESS
     NODE     S11         S22         S33         S12         S23         S13        MISES
  -------+-----------+-----------+-----------+-----------+-----------+-----------+-------------
      1001 -4.2883E+01 -9.4336E+00 -9.1596E+00 -3.5957E+00  1.5217E-01 -5.8462E+00  3.5630E+01
      1003 -2.9769E+01 -3.5889E+00 -3.3860E+00 -2.9642E+00  1.3114E-01 -5.4244E+00  2.8381E+01
      1005 -5.3786E+00  9.7850E-01  9.9319E-01 -2.3491E+00  2.8685E-02 -4.7503E+00  1.1170E+01
      1007  1.5052E+01  6.2892E-02  1.6500E-02 -1.9836E+00 -3.7109E-02 -3.8361E+00  1.6772E+01
      1009  2.9821E+01  3.7680E-01  3.6195E-01 -1.1985E+00 -2.4390E-02 -2.3612E+00  2.9807E+01
      1011  3.7007E+01  3.3770E-01  3.0668E-01 -3.4979E-01 -2.7610E-02 -6.8062E-01  3.6709E+01
      1013  3.6292E+01  2.9467E-01  2.7374E-01  4.6531E-01 -2.3269E-02  9.1265E-01  3.6052E+01
      1015  2.8963E+01  1.6075E-01  1.4810E-01  1.0441E+00 -1.1855E-02  2.0472E+00  2.9082E+01
      1017  1.7962E+01 -1.6497E-02 -1.3027E-02  1.2240E+00  3.3545E-03  2.4040E+00  1.8574E+01
      1019  7.5253E+00 -2.7529E-01 -2.5223E-01  9.0249E-01  2.3309E-02  1.7637E+00  8.5116E+00
      1021  3.0426E+00 -4.3906E-01 -4.0604E-01  6.1012E-01  3.4817E-02  1.1756E+00  4.1563E+00
      1101 -2.7918E+01 -6.3476E+00 -5.7571E+00 -2.9475E+00  5.3104E-02 -5.4987E+00  2.4396E+01
      1103 -1.9381E+01 -2.4891E+00 -2.0518E+00 -2.8849E+00  4.5765E-02 -5.3819E+00  2.0119E+01
      1105 -3.5016E+00  6.2598E-01  6.5764E-01 -2.6258E+00  1.0010E-02 -4.8986E+00  1.0481E+01
      1107  9.7991E+00  7.5837E-02 -2.4150E-02 -2.0855E+00 -1.2950E-02 -3.8907E+00  1.2409E+01
      1109  1.9415E+01  2.5647E-01  2.2448E-01 -1.2927E+00 -8.5114E-03 -2.4117E+00  1.9751E+01
      1111  2.4093E+01  2.4319E-01  1.7632E-01 -3.7090E-01 -9.6352E-03 -6.9194E-01  2.3922E+01
      1113  2.3627E+01  2.0758E-01  1.6247E-01  4.9884E-01 -8.1203E-03  9.3062E-01  2.3514E+01
      1115  1.8856E+01  1.1417E-01  8.6908E-02  1.1189E+00 -4.1370E-03  2.0873E+00  1.9198E+01
      1117  1.1694E+01 -1.3351E-02 -5.8707E-03  1.3146E+00  1.1706E-03  2.4526E+00  1.2657E+01
      1119  4.8992E+00 -1.9657E-01 -1.4687E-01  9.6273E-01  8.1340E-03  1.7960E+00  6.1785E+00
      1121  1.9808E+00 -3.1067E-01 -2.3951E-01  6.3827E-01  1.2150E-02  1.1907E+00  3.2510E+00
      1201 -1.2953E+01 -3.2617E+00 -2.3545E+00 -2.2993E+00 -4.5966E-02 -5.1513E+00  1.4107E+01
      1203 -8.9921E+00 -1.3893E+00 -7.1753E-01 -2.8056E+00 -3.9612E-02 -5.3394E+00  1.3134E+01
      1205 -1.6246E+00  2.7346E-01  3.2210E-01 -2.9025E+00 -8.6646E-03 -5.0469E+00  1.0266E+01
      1207  4.5465E+00  8.8782E-02 -6.4801E-02 -2.1874E+00  1.1209E-02 -3.9453E+00  9.0349E+00
      1209  9.0078E+00  1.3614E-01  8.7005E-02 -1.3870E+00  7.3672E-03 -2.4622E+00  1.0154E+01
      1211  1.1178E+01  1.4868E-01  4.5964E-02 -3.9201E-01  8.3400E-03 -7.0325E-01  1.1169E+01
      1213  1.0962E+01  1.2049E-01  5.1203E-02  5.3238E-01  7.0287E-03  9.4860E-01  1.1039E+01
      1215  8.7484E+00  6.7581E-02  2.5711E-02  1.1937E+00  3.5809E-03  2.1275E+00  9.6734E+00
      1217  5.4257E+00 -1.0204E-02  1.2856E-03  1.4052E+00 -1.0133E-03  2.5011E+00  7.3606E+00
      1219  2.2731E+00 -1.1784E-01 -4.1502E-02  1.0230E+00 -7.0405E-03  1.8283E+00  4.3253E+00
      1221  9.1904E-01 -1.8229E-01 -7.2977E-02  6.6642E-01 -1.0517E-02  1.2058E+00  2.6075E+00
      3001 -1.4965E+01 -3.0860E+00 -3.4025E+00 -2.9475E+00  9.9070E-02 -5.4987E+00  1.5945E+01
      3003 -1.0389E+01 -1.0998E+00 -1.3342E+00 -2.8849E+00  8.5377E-02 -5.3819E+00  1.4002E+01
      3005 -1.8770E+00  3.5252E-01  3.3554E-01 -2.6258E+00  1.8675E-02 -4.8986E+00  9.8796E+00
      3007  5.2526E+00 -1.2945E-02  4.0651E-02 -2.0855E+00 -2.4159E-02 -3.8907E+00  9.2687E+00
      3009  1.0407E+01  1.2033E-01  1.3747E-01 -1.2927E+00 -1.5879E-02 -2.4117E+00  1.1318E+01
      3011  1.2914E+01  9.4513E-02  1.3036E-01 -3.7090E-01 -1.7975E-02 -6.9194E-01  1.2874E+01
      3013  1.2665E+01  8.7089E-02  1.1127E-01  4.9884E-01 -1.5149E-02  9.3062E-01  1.2698E+01
      3015  1.0107E+01  4.6585E-02  6.1196E-02  1.1189E+00 -7.7179E-03  2.0873E+00  1.0858E+01
      3017  6.2684E+00 -3.1469E-03 -7.1563E-03  1.3146E+00  2.1839E-03  2.4526E+00  7.9112E+00
      3019  2.6261E+00 -7.8725E-02 -1.0537E-01  9.6273E-01  1.5175E-02  1.7960E+00  4.4550E+00
      3021  1.0618E+00 -1.2838E-01 -1.6653E-01  6.3827E-01  2.2667E-02  1.1907E+00  2.6345E+00
      3101 -8.4298E-09  1.2641E-09  2.0457E-09 -2.9475E+00  1.4360E-09 -5.4987E+00  1.0806E+01
      3103 -8.3253E-09  3.4734E-09  4.9443E-09 -2.8849E+00  1.8704E-09 -5.3819E+00  1.0576E+01
      3105 -6.5298E-09  6.9467E-09  9.1511E-09 -2.6258E+00  2.0877E-09 -4.8986E+00  9.6267E+00
      3107 -4.4048E-09  8.6148E-09  1.0610E-08 -2.0855E+00  2.4210E-09 -3.8907E+00  7.6459E+00
      3109 -2.9941E-09  8.2043E-09  1.0339E-08 -1.2927E+00  2.9144E-09 -2.4117E+00  4.7395E+00
      3111 -3.2453E-09  5.5539E-09  8.8100E-09 -3.7090E-01  2.2005E-09 -6.9194E-01  1.3598E+00
      3113 -3.9421E-09  2.8132E-09  7.9028E-09  4.9884E-01  1.8053E-09  9.3062E-01  1.8289E+00
      3115 -3.1744E-09  1.5314E-09  7.9851E-09  1.1189E+00  1.9608E-09  2.0873E+00  4.1020E+00
      3117 -1.6440E-10  3.0101E-09  8.4832E-09  1.3146E+00  1.8649E-09  2.4526E+00  4.8197E+00
      3119  2.4752E-09  4.3193E-09  8.1603E-09  9.6273E-01  2.1802E-09  1.7960E+00  3.5296E+00
      3121  2.3414E-09  3.7730E-09  7.2198E-09  6.3827E-01  2.4852E-09  1.1907E+00  2.3400E+00
      3201  1.4965E+01  3.0860E+00  3.4025E+00 -2.9475E+00 -9.9070E-02 -5.4987E+00  1.5945E+01
      3203  1.0389E+01  1.0998E+00  1.3342E+00 -2.8849E+00 -8.5377E-02 -5.3819E+00  1.4002E+01
      3205  1.8770E+00 -3.5252E-01 -3.3554E-01 -2.6258E+00 -1.8675E-02 -4.8986E+00  9.8796E+00
      3207 -5.2526E+00  1.2945E-02 -4.0651E-02 -2.0855E+00  2.4159E-02 -3.8907E+00  9.2687E+00
      3209 -1.0407E+01 -1.2033E-01 -1.3747E-01 -1.2927E+00  1.5879E-02 -2.4117E+00  1.1318E+01
      3211 -1.2914E+01 -9.4513E-02 -1.3036E-01 -3.7090E-01  1.7975E-02 -6.9194E-01  1.2874E+01
      3213 -1.2665E+01 -8.7089E-02 -1.1127E-01  4.9884E-01  1.5149E-02  9.3062E-01  1.2698E+01
      3215 -1.0107E+01 -4.6585E-02 -6.1196E-02  1.1189E+00  7.7179E-03  2.0873E+00  1.0858E+01
      3217 -6.2684E+00  3.1469E-03  7.1563E-03  1.3146E+00 -2.1839E-03  2.4526E+00  7.9112E+00
      3219 -2.6261E+00  7.8725E-02  1.0537E-01  9.6273E-01 -1.5175E-02  1.7960E+00  4.4550E+00
      3221 -1.0618E+00  1.2838E-01  1.6653E-01  6.3827E-01 -2.2667E-02  1.1907E+00  2.6345E+00
      5001  1.2953E+01  3.2617E+00  2.3545E+00 -2.2993E+00  4.5966E-02 -5.1513E+00  1.4107E+01
      5003  8.9921E+00  1.3893E+00  7.1753E-01 -2.8056E+00  3.9612E-02 -5.3394E+00  1.3134E+01
      5005  1.6246E+00 -2.7346E-01 -3.2210E-01 -2.9025E+00  8.6646E-03 -5.0469E+00  1.0266E+01
      5007 -4.5465E+00 -8.8782E-02  6.4801E-02 -2.1874E+00 -1.1209E-02 -3.9453E+00  9.0349E+00
      5009 -9.0078E+00 -1.3614E-01 -8.7005E-02 -1.3870E+00 -7.3672E-03 -2.4622E+00  1.0154E+01
      5011 -1.1178E+01 -1.4868E-01 -4.5964E-02 -3.9201E-01 -8.3400E-03 -7.0325E-01  1.1169E+01
      5013 -1.0962E+01 -1.2049E-01 -5.1203E-02  5.3238E-01 -7.0287E-03  9.4860E-01  1.1039E+01
      5015 -8.7484E+00 -6.7581E-02 -2.5711E-02  1.1937E+00 -3.5809E-03  2.1275E+00  9.6734E+00
      5017 -5.4257E+00  1.0204E-02 -1.2856E-03  1.4052E+00  1.0133E-03  2.5011E+00  7.3606E+00
      5019 -2.2731E+00  1.1784E-01  4.1502E-02  1.0230E+00  7.0406E-03  1.8283E+00  4.3253E+00
      5021 -9.1904E-01  1.8229E-01  7.2977E-02  6.6642E-01  1.0517E-02  1.2058E+00  2.6075E+00
      5101  2.7918E+01  6.3476E+00  5.7571E+00 -2.9475E+00 -5.3104E-02 -5.4987E+00  2.4396E+01
      5103  1.9381E+01  2.4891E+00  2.0518E+00 -2.8849E+00 -4.5765E-02 -5.3819E+00  2.0119E+01
      5105  3.5016E+00 -6.2598E-01 -6.5764E-01 -2.6258E+00 -1.0010E-02 -4.8986E+00  1.0481E+01
      5107 -9.7991E+00 -7.5837E-02  2.4151E-02 -2.0855E+00  1.2950E-02 -3.8907E+00  1.2409E+01
      5109 -1.9415E+01 -2.5647E-01 -2.2448E-01 -1.2927E+00  8.5114E-03 -2.4117E+00  1.9751E+01
      5111 -2.4093E+01 -2.4319E-01 -1.7632E-01 -3.7090E-01  9.6352E-03 -6.9194E-01  2.3922E+01
      5113 -2.3627E+01 -2.0758E-01 -1.6247E-01  4.9884E-01  8.1203E-03  9.3062E-01  2.3514E+01
      5115 -1.8856E+01 -1.1417E-01 -8.6908E-02  1.1189E+00  4.1370E-03  2.0873E+00  1.9198E+01
      5117 -1.1694E+01  1.3351E-02  5.8707E-03  1.3146E+00 -1.1706E-03  2.4526E+00  1.2657E+01
      5119 -4.8992E+00  1.9657E-01  1.4687E-01  9.6273E-01 -8.1340E-03  1.7960E+00  6.1785E+00
      5121 -1.9808E+00  3.1067E-01  2.3951E-01  6.3827E-01 -1.2150E-02  1.1907E+00  3.2510E+00
      5201  4.2883E+01  9.4336E+00  9.1596E+00 -3.5957E+00 -1.5217E-01 -5.8462E+00  3.5630E+01
      5203  2.9769E+01  3.5889E+00  3.3860E+00 -2.9642E+00 -1.3114E-01 -5.4244E+00  2.8381E+01
      5205  5.3786E+00 -9.7850E-01 -9.9319E-01 -2.3491E+00 -2.8685E-02 -4.7503E+00  1.1170E+01
      5207 -1.5052E+01 -6.2892E-02 -1.6500E-02 -1.9836E+00  3.7109E-02 -3.8361E+00  1.6772E+01
      5209 -2.9821E+01 -3.7680E-01 -3.6195E-01 -1.1985E+00  2.4390E-02 -2.3612E+00  2.9807E+01
      5211 -3.7007E+01 -3.3770E-01 -3.0668E-01 -3.4979E-01  2.7610E-02 -6.8062E-01  3.6709E+01
      5213 -3.6292E+01 -2.9467E-01 -2.7374E-01  4.6531E-01  2.3269E-02  9.1265E-01  3.6052E+01
      5215 -2.8963E+01 -1.6075E-01 -1.4810E-01  1.0441E+00  1.1855E-02  2.0472E+00  2.9082E+01
      5217 -1.7962E+01  1.6497E-02  1.3027E-02  1.2240E+00 -3.3545E-03  2.4040E+00  1.8574E+01
      5219 -7.5253E+00  2.7529E-01  2.5223E-01  9.0249E-01 -2.3309E-02  1.7637E+00  8.5116E+00
      5221 -3.0426E+00  4.3906E-01  4.0604E-01  6.1012E-01 -3.4817E-02  1.1756E+00  4.1563E+00
 ##### Local Summary :Max/IdMax/Min/IdMin####
   //U1   6.0698E-02      1021 -6.0698E-02      5221
   //U2   8.5948E-02      5221 -6.5479E-02      1211
   //U3   1.6023E-01      5121 -1.1968E-01      1211
   //E11  9.3264E-03      5201 -9.3264E-03      1001
   //E22  2.7141E-03      5211 -2.7141E-03      1011
   //E33  2.7242E-03      5211 -2.7242E-03      1011
   //E12  9.1341E-04      1217 -2.3372E-03      1001
   //E23  9.8913E-05      1001 -9.8913E-05      5201
   //E13  1.6257E-03      1217 -3.8000E-03      1001
   //S11  4.2883E+01      5201 -4.2883E+01      1001
   //S22  9.4336E+00      5201 -9.4336E+00      1001
   //S33  9.1596E+00      5201 -9.1596E+00      1001
   //S12  1.4052E+00      1217 -3.5957E+00      1001
   //S23  1.5217E-01      1001 -1.5217E-01      5201
   //S13  2.5011E+00      1217 -5.8462E+00      1001
   //SMS  3.6709E+01      5211  1.3598E+00      3111
 ##### @Element :Max/IdMax/Min/IdMin####
   //E11  9.5939E-03      1011 -9.5939E-03      3111
   //E22  2.8309E-03      3111 -2.8309E-03      1011
   //E33  2.8383E-03      3111 -2.8383E-03      1011
   //E12  9.3013E-04      1115 -2.3372E-03      1001
   //E23  9.8913E-05      1001 -9.8913E-05      3101
   //E13  1.6584E-03      1115 -3.8000E-03      1001
   //S11  4.2883E+01      3101 -4.2883E+01      1001
   //S22  9.4336E+00      3101 -9.4336E+00      1001
   //S33  9.1596E+00      3101 -9.1596E+00      1001
   //S12  1.4310E+00      1115 -3.5957E+00      1001
   //S23  1.5217E-01      1001 -1.5217E-01      3101
   //S13  2.5514E+00      1115 -5.8462E+00      1001
   //SMS  4.8751E+02      3111  2.2664E+00      1119
 ##### Global Summary :Max/Min####
   //U1   6.0698E-02 -6.0698E-02
   //U2   8.5948E-02 -6.5479E-02
   //U3   1.6023E-01 -1.1968E-01
   //E11  9.3264E-03 -9.3264E-03
   //E22  2.7141E-03 -2.7141E-03
   //E33  2.7242E-03 -2.7242E-03
   //E12  9.1341E-04 -2.3372E-03
   //E23  9.8913E-05 -9.8913E-05
   //E13  1.6257E-03 -3.8000E-03
   //S11  4.2883E+01 -4.2883E+01
   //S22  9.4336E+00 -9.4336E+00
   //S33  9.1596E+00 -9.1596E+00
   //S12  1.4052E+00 -3.5957E+00
   //S23  1.5217E-01 -1.5217E-01
   //S13  2.5011E+00 -5.8462E+00
   //SMS  3.6709E+01  1.3598E+00
 ##### @Element :Max/Min####
   //E11  9.5939E-03 -9.5939E-03
   //E22  2.8309E-03 -2.8309E-03
   //E33  2.8383E-03 -2.8383E-03
   //E12  9.3013E-04 -2.3372E-03
   //E23  9.8913E-05 -9.8913E-05
   //E13  1.6584E-03 -3.8000E-03
   //S11  4.2883E+01 -4.2883E+01
   //S22  9.4336E+00 -9.4336E+00
   //S33  9.1596E+00 -9.1596E+00
   //S12  1.4310E+00 -3.5957E+00
   //S23  1.5217E-01 -1.5217E-01
   //S13  2.5514E+00 -5.8462E+00
   //SMS  4.8751E+02  2.2664E+00

 ====================================
    TOTAL TIME (sec) :      0.75
           pre (sec) :      0.02
         solve (sec) :      0.73
 ====================================
