#### Result step=   500
 ##### Local Summary @Node    :Max/IdMax/Min/IdMin####
 //U1    7.1213E-02      5021 -7.1281E-02      1221
 //U2    1.9910E-03      1203 -1.8982E-03      1003
 //U3    0.0000E+00      1001 -9.4597E-01      3121
 //V1    2.2237E+01   1000583 -2.2225E+01   1000966
 //V2    4.8394E-01   1000003 -3.2687E+01      5021
 //V3    3.1297E+02      3121  0.0000E+00      1001
 //A1    9.6576E+05   1001320 -9.7154E+05   1000219
 //A2    7.1111E+04      1203 -3.5731E+05      5021
 //A3    0.0000E+00      1001 -1.4770E+07   1000354
 //E11   1.2786E-02   1000745 -1.3384E-02      1203
 //E22   4.8092E-03      1203 -3.9149E-03      5203
 //E33   4.9201E-03      1203 -4.3507E-03   1001105
 //E12   4.4742E-03      1201 -3.7047E-03      1001
 //E23   1.0994E-03   1000017 -1.5812E-03      1001
 //E31   1.1936E-03   1000736 -2.9844E-03      1101
 //S11   5.9909E+01   1000738 -6.4252E+01      1201
 //S22   2.2607E+01   1001098 -2.7537E+01      1201
 //S33   1.5603E+01   1001098 -2.7537E+01      1201
 //S12   6.8835E+00      1201 -5.6996E+00      1001
 //S23   1.6914E+00   1000017 -2.4326E+00      1001
 //S31   1.8363E+00   1000736 -4.5914E+00      1101
 //SMS   5.6190E+01      1203  5.6886E-01      5021
 ##### Local Summary @Element :Max/IdMax/Min/IdMin####
 //E11   9.6884E-03       185 -9.8043E-03        61
 //E22   2.8194E-03         8 -2.7622E-03       125
 //E33   3.1447E-03        61 -3.2130E-03       126
 //E12   1.5172E-03        62 -1.2312E-03         3
 //E23   5.6628E-04         6 -6.6787E-04        66
 //E31   2.8953E-04       125 -1.5064E-03         2
 //S11   3.9985E+01       126 -4.1701E+01         2
 //S22   8.4679E+00       183 -8.7057E+00         2
 //S33   9.1281E+00       183 -8.8995E+00         2
 //S12   2.3341E+00        62 -1.8941E+00         3
 //S23   8.7121E-01         6 -1.0275E+00        66
 //S31   4.4543E-01       125 -2.3175E+00         2
 //SMS   3.8954E+01        61  1.6765E+00       179
 ##### Global Summary @Node    :Max/IdMax/Min/IdMin####
 //U1    7.1213E-02      5021 -7.1281E-02      1221
 //U2    1.9910E-03      1203 -1.8982E-03      1003
 //U3    0.0000E+00      1001 -9.4597E-01      3121
 //V1    2.2237E+01   1000583 -2.2225E+01   1000966
 //V2    4.8394E-01   1000003 -3.2687E+01      5021
 //V3    3.1297E+02      3121  0.0000E+00      1001
 //A1    9.6576E+05   1001320 -9.7154E+05   1000219
 //A2    7.1111E+04      1203 -3.5731E+05      5021
 //A3    0.0000E+00      1001 -1.4770E+07   1000354
 //E11   1.2786E-02   1000745 -1.3384E-02      1203
 //E22   4.8092E-03      1203 -3.9149E-03      5203
 //E33   4.9201E-03      1203 -4.3507E-03   1001105
 //E12   4.4742E-03      1201 -3.7047E-03      1001
 //E23   1.0994E-03   1000017 -1.5812E-03      1001
 //E31   1.1936E-03   1000736 -2.9844E-03      1101
 //S11   5.9909E+01   1000738 -6.4252E+01      1201
 //S22   2.2607E+01   1001098 -2.7537E+01      1201
 //S33   1.5603E+01   1001098 -2.7537E+01      1201
 //S12   6.8835E+00      1201 -5.6996E+00      1001
 //S23   1.6914E+00   1000017 -2.4326E+00      1001
 //S31   1.8363E+00   1000736 -4.5914E+00      1101
 //SMS   5.6190E+01      1203  5.6886E-01      5021
 ##### Global Summary @Element :Max/IdMax/Min/IdMin####
 //E11   9.6884E-03       185 -9.8043E-03        61
 //E22   2.8194E-03         8 -2.7622E-03       125
 //E33   3.1447E-03        61 -3.2130E-03       126
 //E12   1.5172E-03        62 -1.2312E-03         3
 //E23   5.6628E-04         6 -6.6787E-04        66
 //E31   2.8953E-04       125 -1.5064E-03         2
 //S11   3.9985E+01       126 -4.1701E+01         2
 //S22   8.4679E+00       183 -8.7057E+00         2
 //S33   9.1281E+00       183 -8.8995E+00         2
 //S12   2.3341E+00        62 -1.8941E+00         3
 //S23   8.7121E-01         6 -1.0275E+00        66
 //S31   4.4543E-01       125 -2.3175E+00         2
 //SMS   3.8954E+01        61  1.6765E+00       179
