#### Result step= 50000
 ##### Local Summary :Max/IdMax/Min/IdMin####
   //U1   1.2725E-01      5021 -1.2705E-01      1221
   //U2   8.3396E-03      5021 -3.5895E-03      1003
   //U3   0.0000E+00      1001 -1.7098E+00      3121
   //V1   1.9248E+03      1121 -2.1961E+03      5221
   //V2   1.1680E+03      5021 -3.4156E+02      5003
   //V3   1.6321E+04      5221 -2.4310E+02      5003
   //A1   5.0843E+09      5021 -4.8458E+09      1207
   //A2   1.3600E+10      1221 -4.3948E+09      1019
   //A3   5.2574E+09      1213 -4.1459E+09      3217
   //E11  2.4163E-02   1000745 -2.5029E-02      1203
   //E22  8.9433E-03      1203 -7.2556E-03      5203
   //E33  9.2918E-03      1203 -8.2332E-03   1001105
   //E12  8.4310E-03      1201 -7.0113E-03      1001
   //E23  2.0034E-03   1000017 -2.9536E-03      1001
   //E13  1.9176E-03   1000736 -5.8747E-03      1101
   //S11  1.1398E+02   1001098 -1.2174E+02      1201
   //S22  4.3100E+01   1001098 -5.2173E+01      1201
   //S33  2.9689E+01   1001098 -5.2173E+01      1201
   //S12  1.2971E+01      1201 -1.0787E+01      1001
   //S23  3.0821E+00   1000017 -4.5440E+00      1001
   //S13  2.9501E+00   1000736 -9.0380E+00      1101
   //SMS  1.0514E+02      1203  1.1275E+00      5021
 ##### @Element :Max/IdMax/Min/IdMin####
   //E11  1.8310E-02       126 -1.8414E-02        61
   //E22  5.2076E-03        68 -5.1731E-03       125
   //E33  5.9189E-03        61 -6.1245E-03       126
   //E12  2.9009E-03        62 -2.3289E-03         3
   //E23  1.0294E-03         6 -1.3129E-03        66
   //E13  4.0706E-04       125 -3.0663E-03         2
   //S11  7.5731E+01       126 -7.9094E+01         2
   //S22  1.6162E+01       183 -1.6669E+01         2
   //S33  1.7392E+01       183 -1.7096E+01         2
   //S12  4.4630E+00        62 -3.5830E+00         3
   //S23  1.5837E+00         6 -2.0198E+00        66
   //S13  6.2625E-01       125 -4.7174E+00         2
   //SMS  7.3182E+01        61  2.0354E+00       179
 ##### Global Summary :Max/Min####
   //U1   1.2725E-01 -1.2705E-01
   //U2   8.3396E-03 -3.5895E-03
   //U3   0.0000E+00 -1.7098E+00
   //V1   1.9248E+03 -2.1961E+03
   //V2   1.1680E+03 -3.4156E+02
   //V3   1.6321E+04 -2.4310E+02
   //A1   5.0843E+09 -4.8458E+09
   //A2   1.3600E+10 -4.3948E+09
   //A3   5.2574E+09 -4.1459E+09
   //E11  2.4163E-02 -2.5029E-02
   //E22  8.9433E-03 -7.2556E-03
   //E33  9.2918E-03 -8.2332E-03
   //E12  8.4310E-03 -7.0113E-03
   //E23  2.0034E-03 -2.9536E-03
   //E13  1.9176E-03 -5.8747E-03
   //S11  1.1398E+02 -1.2174E+02
   //S22  4.3100E+01 -5.2173E+01
   //S33  2.9689E+01 -5.2173E+01
   //S12  1.2971E+01 -1.0787E+01
   //S23  3.0821E+00 -4.5440E+00
   //S13  2.9501E+00 -9.0380E+00
   //SMS  1.0514E+02  1.1275E+00
 ##### @Element :Max/Min####
   //E11  1.8310E-02 -1.8414E-02
   //E22  5.2076E-03 -5.1731E-03
   //E33  5.9189E-03 -6.1245E-03
   //E12  2.9009E-03 -2.3289E-03
   //E23  1.0294E-03 -1.3129E-03
   //E13  4.0706E-04 -3.0663E-03
   //S11  7.5731E+01 -7.9094E+01
   //S22  1.6162E+01 -1.6669E+01
   //S33  1.7392E+01 -1.7096E+01
   //S12  4.4630E+00 -3.5830E+00
   //S23  1.5837E+00 -2.0198E+00
   //S13  6.2625E-01 -4.7174E+00
   //SMS  7.3182E+01  2.0354E+00
