#### Result step=  5000
 ##### Local Summary :Max/IdMax/Min/IdMin####
   //U1   4.7304E-02      5121 -4.7304E-02      1121
   //U2   1.7627E-03      5003 -1.7737E-03      1003
   //U3   0.0000E+00      1001 -6.4063E-01      3121
   //V1   1.2894E+03      5021 -1.2895E+03      1221
   //V2   1.1222E+02      1203 -1.1271E+02      5203
   //V3   0.0000E+00      1001 -1.7206E+04      3121
   //A1   5.4488E+08      5021 -5.4456E+08      1221
   //A2   3.3331E+08      5215 -3.3245E+08      1215
   //A3   6.7859E+08      3109 -7.0601E+08      1021
   //E11  1.0079E-02      5103 -1.0079E-02      1103
   //E22  3.5477E-03      1103 -3.5477E-03      5103
   //E33  3.6114E-03      1003 -3.6113E-03      5203
   //E12  1.2359E-03      5001 -1.2396E-03      1001
   //E23  8.9616E-04      5201 -8.9617E-04      1001
   //E13 -1.3559E-04      3111 -1.5759E-03      3101
   //S11  4.6035E+01      5201 -4.6035E+01      1001
   //S22  1.7327E+01      5201 -1.7327E+01      1001
   //S33  1.1915E+01      5201 -1.1915E+01      1001
   //S12  1.9013E+00      5001 -1.9071E+00      1001
   //S23  1.3787E+00      5201 -1.3787E+00      1001
   //S13 -2.0860E-01      3111 -2.4245E+00      3101
   //SMS  4.2116E+01      1103  3.6130E-01      3111
 ##### @Element :Max/IdMax/Min/IdMin####
   //E11  5.0237E-03      3101 -5.0238E-03      1001
   //E22  1.4277E-03      1003 -1.4277E-03      3103
   //E33  1.5024E-03      1003 -1.5024E-03      3103
   //E12  3.5167E-04      1101 -3.5559E-04      1001
   //E23  1.9406E-04      1119 -1.9406E-04      1019
   //E13 -1.7276E-04      3011 -1.1509E-03      3101
   //S11  2.2633E+01      3101 -2.2634E+01      1001
   //S22  4.4546E+00      3101 -4.4545E+00      1001
   //S33  4.0069E+00      3101 -4.0069E+00      1001
   //S12  5.4103E-01      1101 -5.4707E-01      1001
   //S23  2.9856E-01      1119 -2.9855E-01      1019
   //S13 -2.6578E-01      3011 -1.7706E+00      3101
   //SMS  1.8685E+01      1001  1.8755E+00      3019
 ##### Global Summary :Max/Min####
   //U1   4.7304E-02 -4.7304E-02
   //U2   1.7627E-03 -1.7737E-03
   //U3   0.0000E+00 -6.4063E-01
   //V1   1.2894E+03 -1.2895E+03
   //V2   1.1222E+02 -1.1271E+02
   //V3   0.0000E+00 -1.7206E+04
   //A1   5.4488E+08 -5.4456E+08
   //A2   3.3331E+08 -3.3245E+08
   //A3   6.7859E+08 -7.0601E+08
   //E11  1.0079E-02 -1.0079E-02
   //E22  3.5477E-03 -3.5477E-03
   //E33  3.6114E-03 -3.6113E-03
   //E12  1.2359E-03 -1.2396E-03
   //E23  8.9616E-04 -8.9617E-04
   //E13 -1.3559E-04 -1.5759E-03
   //S11  4.6035E+01 -4.6035E+01
   //S22  1.7327E+01 -1.7327E+01
   //S33  1.1915E+01 -1.1915E+01
   //S12  1.9013E+00 -1.9071E+00
   //S23  1.3787E+00 -1.3787E+00
   //S13 -2.0860E-01 -2.4245E+00
   //SMS  4.2116E+01  3.6130E-01
 ##### @Element :Max/Min####
   //E11  5.0237E-03 -5.0238E-03
   //E22  1.4277E-03 -1.4277E-03
   //E33  1.5024E-03 -1.5024E-03
   //E12  3.5167E-04 -3.5559E-04
   //E23  1.9406E-04 -1.9406E-04
   //E13 -1.7276E-04 -1.1509E-03
   //S11  2.2633E+01 -2.2634E+01
   //S22  4.4546E+00 -4.4545E+00
   //S33  4.0069E+00 -4.0069E+00
   //S12  5.4103E-01 -5.4707E-01
   //S23  2.9856E-01 -2.9855E-01
   //S13 -2.6578E-01 -1.7706E+00
   //SMS  1.8685E+01  1.8755E+00
