#### Result step= 50000
 ##### Local Summary :Max/IdMax/Min/IdMin####
   //U1   1.2436E-01      5221 -1.2436E-01      1021
   //U2   4.2739E-03      1203 -4.2739E-03      1003
   //U3   0.0000E+00      1001 -1.6905E+00      3121
   //V1   2.1804E+03      1119 -2.1804E+03      5119
   //V2   1.9324E+02      5219 -1.9324E+02      5019
   //V3   1.7741E+04      3121  0.0000E+00      1001
   //A1   1.0679E+09      5121 -1.0679E+09      1121
   //A2   6.0576E+08      1005 -6.0576E+08      5005
   //A3   1.5094E+09      5107 -9.5605E+08      1021
   //E11  2.4521E-02      5103 -2.4521E-02      1103
   //E22  8.5509E-03      1003 -8.5509E-03      5003
   //E33  8.6767E-03      1103 -8.6767E-03      5103
   //E12  2.9973E-03      1201 -2.9973E-03      5201
   //E23  2.1740E-03      3201 -2.1740E-03      3001
   //E13 -2.5535E-04      3221 -2.4575E-03      5101
   //S11  1.0674E+02      5201 -1.0674E+02      1201
   //S22  4.0087E+01      5201 -4.0087E+01      1201
   //S33  2.7691E+01      5201 -2.7691E+01      1001
   //S12  4.6112E+00      1201 -4.6112E+00      5201
   //S23  3.3447E+00      3201 -3.3447E+00      3001
   //S13 -3.9285E-01      3221 -3.7808E+00      5101
   //SMS  1.0212E+02      5103  2.1072E+00      3221
 ##### @Element :Max/IdMax/Min/IdMin####
   //E11  1.1679E-02      3101 -1.1679E-02      1001
   //E22  3.6523E-03      1003 -3.6523E-03      3003
   //E33  3.7909E-03      1103 -3.7909E-03      3103
   //E12  8.6034E-04      3001 -8.6034E-04      3101
   //E23  2.0745E-04      1119 -2.0745E-04      3019
   //E13 -7.3254E-04      1019 -1.4422E-03      3103
   //S11  5.2310E+01      3101 -5.2310E+01      1001
   //S22  9.7996E+00      3101 -9.7996E+00      1101
   //S33  8.8482E+00      3101 -8.8482E+00      1101
   //S12  1.3236E+00      3001 -1.3236E+00      3101
   //S23  3.1916E-01      1119 -3.1916E-01      3019
   //S13 -1.1270E+00      1019 -2.2188E+00      3103
   //SMS  4.6776E+01      1003  2.7224E+00      1019
 ##### Global Summary :Max/Min####
   //U1   1.2436E-01 -1.2436E-01
   //U2   4.2739E-03 -4.2739E-03
   //U3   0.0000E+00 -1.6905E+00
   //V1   2.1804E+03 -2.1804E+03
   //V2   1.9324E+02 -1.9324E+02
   //V3   1.7741E+04  0.0000E+00
   //A1   1.0679E+09 -1.0679E+09
   //A2   6.0576E+08 -6.0576E+08
   //A3   1.5094E+09 -9.5605E+08
   //E11  2.4521E-02 -2.4521E-02
   //E22  8.5509E-03 -8.5509E-03
   //E33  8.6767E-03 -8.6767E-03
   //E12  2.9973E-03 -2.9973E-03
   //E23  2.1740E-03 -2.1740E-03
   //E13 -2.5535E-04 -2.4575E-03
   //S11  1.0674E+02 -1.0674E+02
   //S22  4.0087E+01 -4.0087E+01
   //S33  2.7691E+01 -2.7691E+01
   //S12  4.6112E+00 -4.6112E+00
   //S23  3.3447E+00 -3.3447E+00
   //S13 -3.9285E-01 -3.7808E+00
   //SMS  1.0212E+02  2.1072E+00
 ##### @Element :Max/Min####
   //E11  1.1679E-02 -1.1679E-02
   //E22  3.6523E-03 -3.6523E-03
   //E33  3.7909E-03 -3.7909E-03
   //E12  8.6034E-04 -8.6034E-04
   //E23  2.0745E-04 -2.0745E-04
   //E13 -7.3254E-04 -1.4422E-03
   //S11  5.2310E+01 -5.2310E+01
   //S22  9.7996E+00 -9.7996E+00
   //S33  8.8482E+00 -8.8482E+00
   //S12  1.3236E+00 -1.3236E+00
   //S23  3.1916E-01 -3.1916E-01
   //S13 -1.1270E+00 -2.2188E+00
   //SMS  4.6776E+01  2.7224E+00
