 fstr_setup: OK
  Initial condition of temperatures: OK

 ISTEP =     1
 Time  =     0.006
 Maximum Temperature :   209.292
 Maximum Node No.    :         1
 Minimum Temperature :   181.415
 Minimum Node No.    :        51
 Maximum Temperature(global) :   209.292
 Minimum Temperature(global) :   181.415

 ISTEP =     2
 Time  =     0.016
 Maximum Temperature :   218.502
 Maximum Node No.    :         2
 Minimum Temperature :   162.997
 Minimum Node No.    :        52
 Maximum Temperature(global) :   218.502
 Minimum Temperature(global) :   162.997

 ISTEP =     3
 Time  =     0.023
 Maximum Temperature :   224.290
 Maximum Node No.    :         2
 Minimum Temperature :   151.420
 Minimum Node No.    :        52
 Maximum Temperature(global) :   224.290
 Minimum Temperature(global) :   151.420

 ISTEP =     4
 Time  =     0.033
 Maximum Temperature :   230.818
 Maximum Node No.    :         2
 Minimum Temperature :   138.364
 Minimum Node No.    :        52
 Maximum Temperature(global) :   230.818
 Minimum Temperature(global) :   138.364

 ISTEP =     5
 Time  =     0.049
 Maximum Temperature :   237.468
 Maximum Node No.    :         2
 Minimum Temperature :   125.064
 Minimum Node No.    :        52
 Maximum Temperature(global) :   237.468
 Minimum Temperature(global) :   125.064

 ISTEP =     6
 Time  =     0.073
 Maximum Temperature :   243.585
 Maximum Node No.    :         2
 Minimum Temperature :   112.830
 Minimum Node No.    :        52
 Maximum Temperature(global) :   243.585
 Minimum Temperature(global) :   112.830

 ISTEP =     7
 Time  =     0.108
 Maximum Temperature :   248.907
 Maximum Node No.    :         2
 Minimum Temperature :   102.185
 Minimum Node No.    :        52
 Maximum Temperature(global) :   248.907
 Minimum Temperature(global) :   102.185

 ISTEP =     8
 Time  =     0.162
 Maximum Temperature :   253.734
 Maximum Node No.    :         2
 Minimum Temperature :    92.532
 Minimum Node No.    :        52
 Maximum Temperature(global) :   253.734
 Minimum Temperature(global) :    92.532

 ISTEP =     9
 Time  =     0.242
 Maximum Temperature :   258.512
 Maximum Node No.    :         2
 Minimum Temperature :    82.976
 Minimum Node No.    :        52
 Maximum Temperature(global) :   258.512
 Minimum Temperature(global) :    82.976

 ISTEP =    10
 Time  =     0.362
 Maximum Temperature :   263.356
 Maximum Node No.    :         2
 Minimum Temperature :    73.287
 Minimum Node No.    :        52
 Maximum Temperature(global) :   263.356
 Minimum Temperature(global) :    73.287

 ISTEP =    11
 Time  =     0.542
 Maximum Temperature :   268.093
 Maximum Node No.    :         2
 Minimum Temperature :    63.798
 Minimum Node No.    :        52
 Maximum Temperature(global) :   268.093
 Minimum Temperature(global) :    63.798

 ISTEP =    12
 Time  =     0.812
 Maximum Temperature :   272.498
 Maximum Node No.    :         2
 Minimum Temperature :    54.875
 Minimum Node No.    :        52
 Maximum Temperature(global) :   272.498
 Minimum Temperature(global) :    54.875

 ISTEP =    13
 Time  =     1.218
 Maximum Temperature :   276.225
 Maximum Node No.    :         2
 Minimum Temperature :    46.849
 Minimum Node No.    :        52
 Maximum Temperature(global) :   276.225
 Minimum Temperature(global) :    46.849

 ISTEP =    14
 Time  =     1.826
 Maximum Temperature :   278.656
 Maximum Node No.    :         2
 Minimum Temperature :    40.120
 Minimum Node No.    :        52
 Maximum Temperature(global) :   278.656
 Minimum Temperature(global) :    40.120

 ISTEP =    15
 Time  =     2.738
 Maximum Temperature :   279.233
 Maximum Node No.    :         1
 Minimum Temperature :    35.019
 Minimum Node No.    :        52
 Maximum Temperature(global) :   279.233
 Minimum Temperature(global) :    35.019

 ISTEP =    16
 Time  =     4.107
 Maximum Temperature :   278.097
 Maximum Node No.    :         3
 Minimum Temperature :    31.481
 Minimum Node No.    :        52
 Maximum Temperature(global) :   278.097
 Minimum Temperature(global) :    31.481

 ISTEP =    17
 Time  =     6.159
 Maximum Temperature :   276.260
 Maximum Node No.    :         1
 Minimum Temperature :    29.092
 Minimum Node No.    :        52
 Maximum Temperature(global) :   276.260
 Minimum Temperature(global) :    29.092

 ISTEP =    18
 Time  =     9.238
 Maximum Temperature :   274.759
 Maximum Node No.    :         3
 Minimum Temperature :    27.551
 Minimum Node No.    :        52
 Maximum Temperature(global) :   274.759
 Minimum Temperature(global) :    27.551

 ISTEP =    19
 Time  =    10.000
 Maximum Temperature :   274.257
 Maximum Node No.    :         1
 Minimum Temperature :    27.036
 Minimum Node No.    :        52
 Maximum Temperature(global) :   274.257
 Minimum Temperature(global) :    27.036
