 fstr_setup: OK
#### Result step=     1
 ##### Local Summary :Max/IdMax/Min/IdMin####
   //U1   7.4755E-02       221 -7.4779E-02        21
   //U2   0.0000E+00         1 -1.0017E+00       121
   //E11  7.4133E-03       202 -1.4200E-02         1
   //E22  6.0827E-03         1 -2.1938E-03       202
   //E12  2.0481E-04         2 -1.5765E-03       101
   //S11  2.9693E+01       202 -5.7815E+01        51
   //S22  8.0116E+00         1 -9.0617E+00       101
   //S12  3.1509E-01         2 -2.4253E+00       101
   //SMS  5.8813E+01         1  8.6018E-01       201
 ##### @Element :Max/IdMax/Min/IdMin####
   //E11  9.3795E-03       102 -9.3074E-03         1
   //E22  2.5758E-03         3 -2.7970E-03       102
   //E12 -4.0907E-04       102 -8.7320E-04       103
   //S11  3.7540E+01       102 -3.8238E+01         1
   //S22  3.1315E+00       101 -3.3612E+00         1
   //S12 -6.2934E-01       102 -1.3434E+00       103
   //SMS  3.7519E+01       102  1.9351E+00       120
 ##### Global Summary :Max/Min####
   //U1   7.4755E-02 -7.4779E-02
   //U2   0.0000E+00 -1.0017E+00
   //E11  7.4133E-03 -1.4200E-02
   //E22  6.0827E-03 -2.1938E-03
   //E12  2.0481E-04 -1.5765E-03
   //S11  2.9693E+01 -5.7815E+01
   //S22  8.0116E+00 -9.0617E+00
   //S12  3.1509E-01 -2.4253E+00
   //SMS  5.8813E+01  8.6018E-01
 ##### @Element :Max/Min####
   //E11  9.3795E-03 -9.3074E-03
   //E22  2.5758E-03 -2.7970E-03
   //E12 -4.0907E-04 -8.7320E-04
   //S11  3.7540E+01 -3.8238E+01
   //S22  3.1315E+00 -3.3612E+00
   //S12 -6.2934E-01 -1.3434E+00
   //SMS  3.7519E+01  1.9351E+00
