 fstr_setup: OK
#### Result step=     1
 ##### Local Summary :Max/IdMax/Min/IdMin####
   //U1   7.4755E-02       221 -7.4779E-02        21
   //U2   0.0000E+00         1 -1.0017E+00       121
   //E11  7.4133E-03       202 -1.4200E-02         1
   //E22  6.0827E-03         1 -2.1938E-03       202
   //E12  0.0000E+00         1  0.0000E+00         1
   //S11  2.9693E+01       202 -5.7815E+01        51
   //S22  8.0116E+00         1 -9.0617E+00       101
   //S12  0.0000E+00         1  0.0000E+00         1
   //SMS  5.8832E+01         1  2.2602E-01       201
 ##### @Element :Max/IdMax/Min/IdMin####
   //E11  9.3795E-03       102 -9.3074E-03         1
   //E22  2.5758E-03         3 -2.7970E-03       102
   //E12  0.0000E+00         1  0.0000E+00         1
   //S11  3.7540E+01       102 -3.8238E+01         1
   //S22  3.1315E+00       101 -3.3612E+00         1
   //S12  0.0000E+00         1  0.0000E+00         1
   //SMS  3.7823E+01       102  7.7765E-01        20
 ##### Global Summary :Max/Min####
   //U1   7.4755E-02 -7.4779E-02
   //U2   0.0000E+00 -1.0017E+00
   //E11  7.4133E-03 -1.4200E-02
   //E22  6.0827E-03 -2.1938E-03
   //E12  0.0000E+00  0.0000E+00
   //S11  2.9693E+01 -5.7815E+01
   //S22  8.0116E+00 -9.0617E+00
   //S12  0.0000E+00  0.0000E+00
   //SMS  5.8832E+01  2.2602E-01
 ##### @Element :Max/Min####
   //E11  9.3795E-03 -9.3074E-03
   //E22  2.5758E-03 -2.7970E-03
   //E12  0.0000E+00  0.0000E+00
   //S11  3.7540E+01 -3.8238E+01
   //S22  3.1315E+00 -3.3612E+00
   //S12  0.0000E+00  0.0000E+00
   //SMS  3.7823E+01  7.7765E-01
