 fstr_setup: OK
#### Result step=     1
 ##### Local Summary :Max/IdMax/Min/IdMin####
   //U1   5.3037E-02       221 -5.3037E-02        21
   //U2   0.0000E+00         1 -7.1112E-01       121
   //E11  9.9079E-03       201 -9.9079E-03         1
   //E22  1.8141E-03         3 -1.8141E-03       203
   //E12 -3.7177E-06       205 -1.1011E-02       201
   //S11  4.3551E+01       201 -4.3551E+01         1
   //S22  1.3065E+01       201 -1.3065E+01         1
   //S12 -5.7195E-03       205 -1.6941E+01       201
   //SMS  4.8573E+01       201  2.5299E-01       103
 ##### @Element :Max/IdMax/Min/IdMin####
   //E11  4.9540E-03       101 -4.9540E-03         1
   //E22  1.5011E-03         3 -1.5011E-03       103
   //E12 -6.5000E-04       105 -6.5000E-04       115
   //S11  2.0580E+01       101 -2.0580E+01         1
   //S22  2.5456E+00       101 -2.5456E+00         1
   //S12 -1.0000E+00       105 -1.0000E+00       115
   //SMS  1.9509E+01       101  2.0008E+00        19
 ##### Global Summary :Max/Min####
   //U1   5.3037E-02 -5.3037E-02
   //U2   0.0000E+00 -7.1112E-01
   //E11  9.9079E-03 -9.9079E-03
   //E22  1.8141E-03 -1.8141E-03
   //E12 -3.7177E-06 -1.1011E-02
   //S11  4.3551E+01 -4.3551E+01
   //S22  1.3065E+01 -1.3065E+01
   //S12 -5.7195E-03 -1.6941E+01
   //SMS  4.8573E+01  2.5299E-01
 ##### @Element :Max/Min####
   //E11  4.9540E-03 -4.9540E-03
   //E22  1.5011E-03 -1.5011E-03
   //E12 -6.5000E-04 -6.5000E-04
   //S11  2.0580E+01 -2.0580E+01
   //S22  2.5456E+00 -2.5456E+00
   //S12 -1.0000E+00 -1.0000E+00
   //SMS  1.9509E+01  2.0008E+00
