 fstr_setup: OK
#### Result step=     1
 ##### Local Summary :Max/IdMax/Min/IdMin####
   //U1   7.4761E-02       221 -7.4761E-02        21
   //U2   0.0000E+00         1 -1.0024E+00       121
   //E11  1.4100E-02       201 -1.4100E-02         1
   //E22  4.7179E-03         3 -4.7179E-03       203
   //E12  1.0774E-03       101 -2.5730E-03       201
   //S11  6.1252E+01       201 -6.1252E+01         1
   //S22  1.6171E+01       201 -1.6171E+01         1
   //S12  1.6576E+00       101 -3.9585E+00       201
   //SMS  5.5417E+01       203  4.9027E-01       221
 ##### @Element :Max/IdMax/Min/IdMin####
   //E11  6.9829E-03       101 -6.9829E-03         1
   //E22  1.8781E-03         3 -1.8781E-03       103
   //E12 -6.6550E-04       103 -6.7504E-04       119
   //S11  2.8425E+01       101 -2.8425E+01         1
   //S22  1.6434E+00       101 -1.6434E+00         1
   //S12 -1.0238E+00       103 -1.0385E+00       119
   //SMS  2.7698E+01       101  2.3214E+00        19
 ##### Global Summary :Max/Min####
   //U1   7.4761E-02 -7.4761E-02
   //U2   0.0000E+00 -1.0024E+00
   //E11  1.4100E-02 -1.4100E-02
   //E22  4.7179E-03 -4.7179E-03
   //E12  1.0774E-03 -2.5730E-03
   //S11  6.1252E+01 -6.1252E+01
   //S22  1.6171E+01 -1.6171E+01
   //S12  1.6576E+00 -3.9585E+00
   //SMS  5.5417E+01  4.9027E-01
 ##### @Element :Max/Min####
   //E11  6.9829E-03 -6.9829E-03
   //E22  1.8781E-03 -1.8781E-03
   //E12 -6.6550E-04 -6.7504E-04
   //S11  2.8425E+01 -2.8425E+01
   //S22  1.6434E+00 -1.6434E+00
   //S12 -1.0238E+00 -1.0385E+00
   //SMS  2.7698E+01  2.3214E+00
