 fstr_setup: OK
#### Result step=     1
 ##### Local Summary :Max/IdMax/Min/IdMin####
   //U1   3.5583E-02      5021 -3.4850E-02      1221
   //U2   9.0260E-02      5021  0.0000E+00      1001
   //U3   0.0000E+00      1001 -3.8558E-01      5221
   //E11  4.6284E-03      5003 -6.4711E-03      1201
   //E22  1.0002E-03      1205 -1.0511E-03      5003
   //E33  1.0079E-03      1205 -1.1100E-03      5103
   //E12  1.3779E-03      1201 -4.9230E-04      1205
   //E23  6.7711E-04      5003 -8.1825E-04      1203
   //E13  1.5192E-03      5003 -6.4558E-03      1201
   //S11  1.9972E+01      5003 -3.4844E+01      1201
   //S22  5.7298E+00      5001 -1.4933E+01      1201
   //S33  3.8984E+00      5001 -1.4933E+01      1201
   //S12  2.1198E+00      1201 -7.5739E-01      1205
   //S23  1.0417E+00      5003 -1.2588E+00      1203
   //S13  2.3372E+00      5003 -9.9320E+00      1201
   //SMS  2.6568E+01      1201  1.4124E+00      3219
 ##### @Element :Max/IdMax/Min/IdMin####
   //E11  6.4246E-03       125 -6.4711E-03        62
   //E22  1.0171E-03        61 -1.0648E-03       125
   //E33  1.3972E-03         7 -1.8682E-03       126
   //E12  1.5219E-03       126 -1.9178E-03         1
   //E23  1.1776E-03         6 -1.6663E-03        61
   //E13  4.8449E-03       125 -6.4558E-03        62
   //S11  2.9870E+01       125 -3.4844E+01        62
   //S22  8.4337E+00       184 -1.4933E+01        62
   //S33  7.0794E+00       125 -1.4933E+01        62
   //S12  2.3414E+00       126 -2.9505E+00         1
   //S23  1.8117E+00         6 -2.5635E+00        61
   //S13  7.4537E+00       125 -9.9320E+00        62
   //SMS  2.7019E+01        68  7.5830E-01       118
 ##### Global Summary :Max/Min####
   //U1   3.5583E-02 -3.4850E-02
   //U2   9.0260E-02  0.0000E+00
   //U3   0.0000E+00 -3.8558E-01
   //E11  4.6284E-03 -6.4711E-03
   //E22  1.0002E-03 -1.0511E-03
   //E33  1.0079E-03 -1.1100E-03
   //E12  1.3779E-03 -4.9230E-04
   //E23  6.7711E-04 -8.1825E-04
   //E13  1.5192E-03 -6.4558E-03
   //S11  1.9972E+01 -3.4844E+01
   //S22  5.7298E+00 -1.4933E+01
   //S33  3.8984E+00 -1.4933E+01
   //S12  2.1198E+00 -7.5739E-01
   //S23  1.0417E+00 -1.2588E+00
   //S13  2.3372E+00 -9.9320E+00
   //SMS  2.6568E+01  1.4124E+00
 ##### @Element :Max/Min####
   //E11  6.4246E-03 -6.4711E-03
   //E22  1.0171E-03 -1.0648E-03
   //E33  1.3972E-03 -1.8682E-03
   //E12  1.5219E-03 -1.9178E-03
   //E23  1.1776E-03 -1.6663E-03
   //E13  4.8449E-03 -6.4558E-03
   //S11  2.9870E+01 -3.4844E+01
   //S22  8.4337E+00 -1.4933E+01
   //S33  7.0794E+00 -1.4933E+01
   //S12  2.3414E+00 -2.9505E+00
   //S23  1.8117E+00 -2.5635E+00
   //S13  7.4537E+00 -9.9320E+00
   //SMS  2.7019E+01  7.5830E-01
