 fstr_setup: OK
#### Result step=     1
 ##### Local Summary :Max/IdMax/Min/IdMin####
   //U1   7.4637E-02      5121 -7.4690E-02      1121
   //U2   2.1360E-03      5003 -2.1190E-03      1003
   //U3   3.4944E-04      2151 -9.9920E-01      3121
   //E11  1.4473E-02      5001 -1.4525E-02      1201
   //E22  5.2262E-03      1203 -4.1377E-03      5203
   //E33  4.8294E-03      1103 -4.6770E-03      5152
   //E12  7.1005E-03      2201 -6.6760E-03      2001
   //E23  1.2542E-03      2001 -1.6472E-03      5151
   //E13  4.0498E-03      3001 -6.6482E-03      1101
   //S11  6.6563E+01      5001 -7.8212E+01      1201
   //S22  2.2877E+01      5051 -3.3519E+01      1201
   //S33  1.6999E+01      4001 -3.3519E+01      1201
   //S12  1.0924E+01      2201 -1.0271E+01      2001
   //S23  1.9296E+00      2001 -2.5341E+00      5151
   //S13  6.2304E+00      3001 -1.0228E+01      1101
   //SMS  5.8752E+01      1203  5.6749E-01      5021
 ##### @Element :Max/IdMax/Min/IdMin####
   //E11  1.0498E-02       186 -1.0107E-02         2
   //E22  2.9778E-03         8 -2.9275E-03       125
   //E33  3.0421E-03         1 -3.5940E-03       186
   //E12  2.9454E-03        62 -2.9923E-03         3
   //E23  5.6277E-04       119 -9.1518E-04         2
   //E13  1.6193E-03       122 -3.4253E-03         2
   //S11  4.3423E+01       186 -4.5826E+01         2
   //S22  9.8841E+00       123 -1.0082E+01         2
   //S33  9.1385E+00       123 -7.9191E+00        62
   //S12  4.5313E+00        62 -4.6035E+00         3
   //S23  8.6580E-01       119 -1.4080E+00         2
   //S13  2.4913E+00       122 -5.2696E+00         2
   //SMS  4.1324E+01       186  1.6832E+00       179
 ##### Global Summary :Max/Min####
   //U1   7.4637E-02 -7.4690E-02
   //U2   2.1360E-03 -2.1190E-03
   //U3   3.4944E-04 -9.9920E-01
   //E11  1.4473E-02 -1.4525E-02
   //E22  5.2262E-03 -4.1377E-03
   //E33  4.8294E-03 -4.6770E-03
   //E12  7.1005E-03 -6.6760E-03
   //E23  1.2542E-03 -1.6472E-03
   //E13  4.0498E-03 -6.6482E-03
   //S11  6.6563E+01 -7.8212E+01
   //S22  2.2877E+01 -3.3519E+01
   //S33  1.6999E+01 -3.3519E+01
   //S12  1.0924E+01 -1.0271E+01
   //S23  1.9296E+00 -2.5341E+00
   //S13  6.2304E+00 -1.0228E+01
   //SMS  5.8752E+01  5.6749E-01
 ##### @Element :Max/Min####
   //E11  1.0498E-02 -1.0107E-02
   //E22  2.9778E-03 -2.9275E-03
   //E33  3.0421E-03 -3.5940E-03
   //E12  2.9454E-03 -2.9923E-03
   //E23  5.6277E-04 -9.1518E-04
   //E13  1.6193E-03 -3.4253E-03
   //S11  4.3423E+01 -4.5826E+01
   //S22  9.8841E+00 -1.0082E+01
   //S33  9.1385E+00 -7.9191E+00
   //S12  4.5313E+00 -4.6035E+00
   //S23  8.6580E-01 -1.4080E+00
   //S13  2.4913E+00 -5.2696E+00
   //SMS  4.1324E+01  1.6832E+00
