 fstr_setup: OK
#### Result step=     1
 ##### Local Summary :Max/IdMax/Min/IdMin####
   //U1   2.6618E-02      5021 -2.5935E-02      1121
   //U2   1.1534E-03      1203 -1.1534E-03      1003
   //U3   0.0000E+00      1001 -3.5484E-01      3121
   //E11  3.1718E-03      5003 -4.7834E-03      1201
   //E22  9.2879E-04      1205 -9.3612E-04      5003
   //E33  4.7453E-04      1205 -7.1622E-04      5003
   //E12  5.2487E-04      1201 -5.2487E-04      1001
   //E23  4.5392E-04      1201 -4.5392E-04      1001
   //E13  1.0415E-03      5203 -5.5946E-03      1201
   //S11  1.3266E+01      5003 -2.3982E+01      1201
   //S22  1.9263E+00      5001 -6.8982E+00      1201
   //S33  2.3538E+00      5001 -9.2642E+00      1201
   //S12  8.0750E-01      1201 -8.0750E-01      1001
   //S23  6.9834E-01      1201 -6.9834E-01      1001
   //S13  1.6023E+00      5203 -8.6071E+00      1201
   //SMS  2.1971E+01      1201  1.5579E+00      3103
 ##### @Element :Max/IdMax/Min/IdMin####
   //E11  4.8581E-03      3002 -4.7834E-03      1101
   //E22  1.1970E-03      1103 -1.1551E-03      3004
   //E33  5.7630E-04      1102 -7.3778E-04      3002
   //E12  5.2487E-04      1101 -5.2487E-04      1001
   //E23  5.4580E-04      1002 -5.4580E-04      1102
   //E13  4.2025E-03      3102 -5.5946E-03      1101
   //S11  2.2476E+01      3002 -2.3982E+01      1101
   //S22  4.8867E+00      3002 -6.8982E+00      1101
   //S33  5.2575E+00      3002 -9.2642E+00      1101
   //S12  8.0750E-01      1101 -8.0750E-01      1001
   //S23  8.3969E-01      1002 -8.3969E-01      1102
   //S13  6.4655E+00      3102 -8.6071E+00      1101
   //SMS  2.1971E+01      1101  5.2637E-01      1018
 ##### Global Summary :Max/Min####
   //U1   2.6618E-02 -2.5935E-02
   //U2   1.1534E-03 -1.1534E-03
   //U3   0.0000E+00 -3.5484E-01
   //E11  3.1718E-03 -4.7834E-03
   //E22  9.2879E-04 -9.3612E-04
   //E33  4.7453E-04 -7.1622E-04
   //E12  5.2487E-04 -5.2487E-04
   //E23  4.5392E-04 -4.5392E-04
   //E13  1.0415E-03 -5.5946E-03
   //S11  1.3266E+01 -2.3982E+01
   //S22  1.9263E+00 -6.8982E+00
   //S33  2.3538E+00 -9.2642E+00
   //S12  8.0750E-01 -8.0750E-01
   //S23  6.9834E-01 -6.9834E-01
   //S13  1.6023E+00 -8.6071E+00
   //SMS  2.1971E+01  1.5579E+00
 ##### @Element :Max/Min####
   //E11  4.8581E-03 -4.7834E-03
   //E22  1.1970E-03 -1.1551E-03
   //E33  5.7630E-04 -7.3778E-04
   //E12  5.2487E-04 -5.2487E-04
   //E23  5.4580E-04 -5.4580E-04
   //E13  4.2025E-03 -5.5946E-03
   //S11  2.2476E+01 -2.3982E+01
   //S22  4.8867E+00 -6.8982E+00
   //S33  5.2575E+00 -9.2642E+00
   //S12  8.0750E-01 -8.0750E-01
   //S23  8.3969E-01 -8.3969E-01
   //S13  6.4655E+00 -8.6071E+00
   //SMS  2.1971E+01  5.2637E-01
