 fstr_setup: OK
#### Result step=     1
 ##### Local Summary :Max/IdMax/Min/IdMin####
   //U1   7.4360E-02      5121 -7.4404E-02      1121
   //U2   2.1916E-03      1202 -2.1916E-03      1002
   //U3   0.0000E+00      1001 -9.9288E-01      3121
   //E11  1.3527E-02      5102 -1.4204E-02      1103
   //E22  4.5782E-03      1203 -4.2801E-03      5103
   //E33  4.9700E-03      1103 -4.3486E-03      5002
   //E12  6.5429E-03      1201 -6.5429E-03      1001
   //E23  1.4081E-03      3002 -1.4081E-03      3202
   //E13  1.9019E-03      3001 -4.0883E-03      1101
   //S11  6.2060E+01      5001 -6.6503E+01      1201
   //S22  1.5284E+01      5001 -2.2615E+01      1201
   //S33  1.3627E+01      5001 -2.6736E+01      1201
   //S12  1.0066E+01      1201 -1.0066E+01      1001
   //S23  2.1663E+00      3002 -2.1663E+00      3202
   //S13  2.9260E+00      3001 -6.2897E+00      1101
   //SMS  5.7905E+01      1103  8.1413E-01      3021
 ##### @Element :Max/IdMax/Min/IdMin####
   //E11  9.2617E-03      3002 -8.8855E-03      1101
   //E22  2.6179E-03      1103 -2.6246E-03      3002
   //E33  2.5275E-03      1103 -2.8738E-03      3002
   //E12  7.7924E-04      1101 -7.7924E-04      1001
   //E23  2.9930E-04      1120 -2.9930E-04      1020
   //E13 -2.5397E-04      3002 -9.0512E-04      3103
   //S11  3.7182E+01      3002 -3.8088E+01      1101
   //S22  3.7723E+00      3001 -4.1351E+00      1101
   //S33  4.3844E+00      3001 -4.3498E+00      1101
   //S12  1.1988E+00      1101 -1.1988E+00      1001
   //S23  4.6046E-01      1120 -4.6046E-01      1020
   //S13 -3.9072E-01      3002 -1.3925E+00      3103
   //SMS  3.6971E+01      3002  2.1895E+00      3120
 ##### Global Summary :Max/Min####
   //U1   7.4360E-02 -7.4404E-02
   //U2   2.1916E-03 -2.1916E-03
   //U3   0.0000E+00 -9.9288E-01
   //E11  1.3527E-02 -1.4204E-02
   //E22  4.5782E-03 -4.2801E-03
   //E33  4.9700E-03 -4.3486E-03
   //E12  6.5429E-03 -6.5429E-03
   //E23  1.4081E-03 -1.4081E-03
   //E13  1.9019E-03 -4.0883E-03
   //S11  6.2060E+01 -6.6503E+01
   //S22  1.5284E+01 -2.2615E+01
   //S33  1.3627E+01 -2.6736E+01
   //S12  1.0066E+01 -1.0066E+01
   //S23  2.1663E+00 -2.1663E+00
   //S13  2.9260E+00 -6.2897E+00
   //SMS  5.7905E+01  8.1413E-01
 ##### @Element :Max/Min####
   //E11  9.2617E-03 -8.8855E-03
   //E22  2.6179E-03 -2.6246E-03
   //E33  2.5275E-03 -2.8738E-03
   //E12  7.7924E-04 -7.7924E-04
   //E23  2.9930E-04 -2.9930E-04
   //E13 -2.5397E-04 -9.0512E-04
   //S11  3.7182E+01 -3.8088E+01
   //S22  3.7723E+00 -4.1351E+00
   //S33  4.3844E+00 -4.3498E+00
   //S12  1.1988E+00 -1.1988E+00
   //S23  4.6046E-01 -4.6046E-01
   //S13 -3.9072E-01 -1.3925E+00
   //SMS  3.6971E+01  2.1895E+00
