 fstr_setup: OK
#### Result step=     1
 ##### Local Summary :Max/IdMax/Min/IdMin####
   //U1   7.4005E-02      5221 -7.4005E-02      1021
   //U2   2.3947E-03      1203 -2.3947E-03      5203
   //U3   0.0000E+00      1001 -9.8430E-01      3121
   //E11  1.3789E-02      5103 -1.3789E-02      1103
   //E22  4.7953E-03      1103 -4.7953E-03      5103
   //E33  4.8226E-03      1103 -4.8226E-03      5103
   //E12  1.6783E-03      1201 -1.6783E-03      5201
   //E23  1.2003E-03      3201 -1.2003E-03      3001
   //E13 -7.5570E-05      1201 -1.2244E-03      5101
   //S11  5.9295E+01      5201 -5.9295E+01      1001
   //S22  2.2306E+01      5201 -2.2306E+01      1001
   //S33  1.5411E+01      5201 -1.5411E+01      1001
   //S12  2.5820E+00      1201 -2.5820E+00      5201
   //S23  1.8466E+00      3201 -1.8466E+00      3001
   //S13 -1.1626E-01      1201 -1.8837E+00      5101
   //SMS  5.7302E+01      5103  1.0823E+00      3105
 ##### @Element :Max/IdMax/Min/IdMin####
   //E11  6.5222E-03      3103 -6.5222E-03      1003
   //E22  2.0731E-03      1003 -2.0731E-03      3103
   //E33  2.1584E-03      1003 -2.1584E-03      3103
   //E12  4.8097E-04      1101 -4.8097E-04      3101
   //E23  2.0240E-04      1119 -2.0240E-04      1019
   //E13 -6.5000E-04      1101 -6.5000E-04      3117
   //S11  2.9021E+01      3101 -2.9021E+01      1001
   //S22  5.3745E+00      3101 -5.3745E+00      1001
   //S33  4.8593E+00      3101 -4.8593E+00      1001
   //S12  7.3996E-01      1101 -7.3996E-01      3101
   //S23  3.1139E-01      1119 -3.1139E-01      1019
   //S13 -1.0000E+00      1101 -1.0000E+00      3117
   //SMS  2.6641E+01      3103  2.4615E+00      1119
 ##### Global Summary :Max/Min####
   //U1   7.4005E-02 -7.4005E-02
   //U2   2.3947E-03 -2.3947E-03
   //U3   0.0000E+00 -9.8430E-01
   //E11  1.3789E-02 -1.3789E-02
   //E22  4.7953E-03 -4.7953E-03
   //E33  4.8226E-03 -4.8226E-03
   //E12  1.6783E-03 -1.6783E-03
   //E23  1.2003E-03 -1.2003E-03
   //E13 -7.5570E-05 -1.2244E-03
   //S11  5.9295E+01 -5.9295E+01
   //S22  2.2306E+01 -2.2306E+01
   //S33  1.5411E+01 -1.5411E+01
   //S12  2.5820E+00 -2.5820E+00
   //S23  1.8466E+00 -1.8466E+00
   //S13 -1.1626E-01 -1.8837E+00
   //SMS  5.7302E+01  1.0823E+00
 ##### @Element :Max/Min####
   //E11  6.5222E-03 -6.5222E-03
   //E22  2.0731E-03 -2.0731E-03
   //E33  2.1584E-03 -2.1584E-03
   //E12  4.8097E-04 -4.8097E-04
   //E23  2.0240E-04 -2.0240E-04
   //E13 -6.5000E-04 -6.5000E-04
   //S11  2.9021E+01 -2.9021E+01
   //S22  5.3745E+00 -5.3745E+00
   //S33  4.8593E+00 -4.8593E+00
   //S12  7.3996E-01 -7.3996E-01
   //S23  3.1139E-01 -3.1139E-01
   //S13 -1.0000E+00 -1.0000E+00
   //SMS  2.6641E+01  2.4615E+00
