 fstr_setup: OK
#### Result step=     1
 ##### Local Summary :Max/IdMax/Min/IdMin####
   //U1   7.4321E-02      5121 -7.4321E-02      1121
   //U2   2.0367E-03      5002 -2.0367E-03      1002
   //U3   0.0000E+00      1001 -9.9331E-01      3121
   //E11  1.4267E-02      5103 -1.4267E-02      1103
   //E22  4.3982E-03      1003 -4.3982E-03      5203
   //E33  4.8560E-03      1103 -4.8560E-03      5103
   //E12  5.9996E-03      5001 -5.9996E-03      1001
   //E23  1.4586E-03      3171 -1.4586E-03      3071
   //E13  2.8119E-03      3001 -3.8186E-03      1101
   //S11  6.6381E+01      5201 -6.6381E+01      1001
   //S22  2.3931E+01      5201 -2.3931E+01      1001
   //S33  2.4802E+01      5201 -2.4802E+01      1001
   //S12  9.2302E+00      5001 -9.2302E+00      1001
   //S23  2.2440E+00      3171 -2.2440E+00      3071
   //S13  4.3260E+00      3001 -5.8747E+00      1101
   //SMS  5.7920E+01      1103  2.6658E-01      3221
 ##### @Element :Max/IdMax/Min/IdMin####
   //E11  6.7409E-03      3101 -6.7409E-03      1001
   //E22  1.8918E-03      1003 -1.8918E-03      3103
   //E33  1.8822E-03      1003 -1.8822E-03      3103
   //E12  3.6432E-04      3001 -3.6432E-04      1001
   //E23  1.9611E-04      3119 -1.9611E-04      1019
   //E13 -6.1428E-04      3001 -6.8067E-04      1019
   //S11  2.8554E+01      3101 -2.8554E+01      1001
   //S22  2.8538E+00      3101 -2.8538E+00      1001
   //S33  2.4474E+00      3101 -2.4474E+00      1001
   //S12  5.6050E-01      3001 -5.6050E-01      1001
   //S23  3.0171E-01      3119 -3.0171E-01      1019
   //S13 -9.4504E-01      3001 -1.0472E+00      1019
   //SMS  2.5977E+01      1001  2.4271E+00      1119
 ##### Global Summary :Max/Min####
   //U1   7.4321E-02 -7.4321E-02
   //U2   2.0367E-03 -2.0367E-03
   //U3   0.0000E+00 -9.9331E-01
   //E11  1.4267E-02 -1.4267E-02
   //E22  4.3982E-03 -4.3982E-03
   //E33  4.8560E-03 -4.8560E-03
   //E12  5.9996E-03 -5.9996E-03
   //E23  1.4586E-03 -1.4586E-03
   //E13  2.8119E-03 -3.8186E-03
   //S11  6.6381E+01 -6.6381E+01
   //S22  2.3931E+01 -2.3931E+01
   //S33  2.4802E+01 -2.4802E+01
   //S12  9.2302E+00 -9.2302E+00
   //S23  2.2440E+00 -2.2440E+00
   //S13  4.3260E+00 -5.8747E+00
   //SMS  5.7920E+01  2.6658E-01
 ##### @Element :Max/Min####
   //E11  6.7409E-03 -6.7409E-03
   //E22  1.8918E-03 -1.8918E-03
   //E33  1.8822E-03 -1.8822E-03
   //E12  3.6432E-04 -3.6432E-04
   //E23  1.9611E-04 -1.9611E-04
   //E13 -6.1428E-04 -6.8067E-04
   //S11  2.8554E+01 -2.8554E+01
   //S22  2.8538E+00 -2.8538E+00
   //S33  2.4474E+00 -2.4474E+00
   //S12  5.6050E-01 -5.6050E-01
   //S23  3.0171E-01 -3.0171E-01
   //S13 -9.4504E-01 -1.0472E+00
   //SMS  2.5977E+01  2.4271E+00
