 fstr_setup: OK
#### Result step=     1
 ##### Local Summary :Max/IdMax/Min/IdMin####
   //U1   5.1350E-16      3221 -1.0433E-15      3021
   //U2   0.0000E+00      3001 -1.1198E-14      3021
   //U3   0.0000E+00      3001 -9.9075E-01      3121
   //E11  8.3845E-17      3203 -3.6400E-16      3003
   //E22  7.9291E-17      3003 -3.4767E-17      3203
   //E33  0.0000E+00      3001  0.0000E+00      3001
   //E12  8.0376E-17      3003 -1.5151E-16      3101
   //E23  4.8526E-04      3201 -9.7052E-04      3001
   //E13 -3.2041E-04      3001 -1.9390E-03      3103
   //S11  8.1831E-13      3203 -1.4886E-12      3003
   //S22  1.2360E-14      3019 -2.0102E-13      3103
   //S33  1.8715-316      3115  0.0000E+00      3001
   //S12  2.4873E-13      3003 -4.8317E-13      3103
   //S23  1.2443E+00      3201 -2.4885E+00      3001
   //S13 -8.2156E-01      3001 -4.9719E+00      3103
   //SMS  8.6204E+00      3103  2.0967E+00      3021
 ##### @Element :Max/IdMax/Min/IdMin####
   //E11  1.3704E-16      3102 -2.2031E-16      3001
   //E22  4.0766E-17      3001 -2.0817E-17      3102
   //E33  0.0000E+00      3001  0.0000E+00      3001
   //E12  0.0000E+00      3001  0.0000E+00      3001
   //E23  0.0000E+00      3001  0.0000E+00      3001
   //E13  0.0000E+00      3001  0.0000E+00      3001
   //S11  1.3642E-12      3102 -9.1660E-13      3001
   //S22  1.2257E-13      3004 -1.2701E-13      3103
   //S33  1.8781-316      3102  0.0000E+00      3001
   //S12  0.0000E+00      3001  0.0000E+00      3001
   //S23  0.0000E+00      3001  0.0000E+00      3001
   //S13  0.0000E+00      3001  0.0000E+00      3001
   //SMS  1.3111E-12      3102  2.8802E-15      3119
 ##### Global Summary :Max/Min####
   //U1   5.1350E-16 -1.0433E-15
   //U2   0.0000E+00 -1.1198E-14
   //U3   0.0000E+00 -9.9075E-01
   //E11  8.3845E-17 -3.6400E-16
   //E22  7.9291E-17 -3.4767E-17
   //E33  0.0000E+00  0.0000E+00
   //E12  8.0376E-17 -1.5151E-16
   //E23  4.8526E-04 -9.7052E-04
   //E13 -3.2041E-04 -1.9390E-03
   //S11  8.1831E-13 -1.4886E-12
   //S22  1.2360E-14 -2.0102E-13
   //S33  1.8715-316  0.0000E+00
   //S12  2.4873E-13 -4.8317E-13
   //S23  1.2443E+00 -2.4885E+00
   //S13 -8.2156E-01 -4.9719E+00
   //SMS  8.6204E+00  2.0967E+00
 ##### @Element :Max/Min####
   //E11  1.3704E-16 -2.2031E-16
   //E22  4.0766E-17 -2.0817E-17
   //E33  0.0000E+00  0.0000E+00
   //E12  0.0000E+00  0.0000E+00
   //E23  0.0000E+00  0.0000E+00
   //E13  0.0000E+00  0.0000E+00
   //S11  1.3642E-12 -9.1660E-13
   //S22  1.2257E-13 -1.2701E-13
   //S33  1.8781-316  0.0000E+00
   //S12  0.0000E+00  0.0000E+00
   //S23  0.0000E+00  0.0000E+00
   //S13  0.0000E+00  0.0000E+00
   //SMS  1.3111E-12  2.8802E-15
