 fstr_setup: OK
#### Result step=     1
 ##### Local Summary :Max/IdMax/Min/IdMin####
   //U1   0.0000E+00      3001 -6.1368E-20      3021
   //U2   0.0000E+00      3001 -6.2507E-20      3021
   //U3   0.0000E+00      3001 -9.9538E-04      3021
   //E11  0.0000E+00      3001 -5.4210E-20      3021
   //E22  3.6140E-20      3019 -1.0842E-19      3221
   //E33  0.0000E+00      3001  0.0000E+00      3001
   //E12  3.6140E-20      3019 -5.4210E-20      3221
   //E23  1.4220E-04      3121 -6.6914E-05      3221
   //E13  3.1401E-05      3017 -5.5685E-04      3121
   //S11  3.5527E-15      3221 -2.2204E-16      3021
   //S22  1.3878E-16      3019 -8.8818E-16      3221
   //S33  0.0000E+00      3001  0.0000E+00      3001
   //S12  1.6653E-16      3019 -1.7764E-15      3221
   //S23  3.6463E-01      3121 -1.7157E-01      3221
   //S13  8.0515E-02      3017 -1.4278E+00      3121
   //SMS  2.5524E+00      3121  0.0000E+00      3001
 ##### @Element :Max/IdMax/Min/IdMin####
   //E11  0.0000E+00      3001 -5.4210E-20      3019
   //E22  2.7105E-20      3017 -1.0842E-19      3120
   //E33  0.0000E+00      3001  0.0000E+00      3001
   //E12  0.0000E+00      3001  0.0000E+00      3001
   //E23  0.0000E+00      3001  0.0000E+00      3001
   //E13  0.0000E+00      3001  0.0000E+00      3001
   //S11  3.5527E-15      3120 -2.2204E-16      3019
   //S22  8.3267E-17      3017 -8.8818E-16      3120
   //S33  0.0000E+00      3001  0.0000E+00      3001
   //S12  0.0000E+00      3001  0.0000E+00      3001
   //S23  0.0000E+00      3001  0.0000E+00      3001
   //S13  0.0000E+00      3001  0.0000E+00      3001
   //SMS  4.0701E-15      3120  0.0000E+00      3001
 ##### Global Summary :Max/Min####
   //U1   0.0000E+00 -6.1368E-20
   //U2   0.0000E+00 -6.2507E-20
   //U3   0.0000E+00 -9.9538E-04
   //E11  0.0000E+00 -5.4210E-20
   //E22  3.6140E-20 -1.0842E-19
   //E33  0.0000E+00  0.0000E+00
   //E12  3.6140E-20 -5.4210E-20
   //E23  1.4220E-04 -6.6914E-05
   //E13  3.1401E-05 -5.5685E-04
   //S11  3.5527E-15 -2.2204E-16
   //S22  1.3878E-16 -8.8818E-16
   //S33  0.0000E+00  0.0000E+00
   //S12  1.6653E-16 -1.7764E-15
   //S23  3.6463E-01 -1.7157E-01
   //S13  8.0515E-02 -1.4278E+00
   //SMS  2.5524E+00  0.0000E+00
 ##### @Element :Max/Min####
   //E11  0.0000E+00 -5.4210E-20
   //E22  2.7105E-20 -1.0842E-19
   //E33  0.0000E+00  0.0000E+00
   //E12  0.0000E+00  0.0000E+00
   //E23  0.0000E+00  0.0000E+00
   //E13  0.0000E+00  0.0000E+00
   //S11  3.5527E-15 -2.2204E-16
   //S22  8.3267E-17 -8.8818E-16
   //S33  0.0000E+00  0.0000E+00
   //S12  0.0000E+00  0.0000E+00
   //S23  0.0000E+00  0.0000E+00
   //S13  0.0000E+00  0.0000E+00
   //SMS  4.0701E-15  0.0000E+00
