 fstr_setup: OK
#### Result step=     1
 ##### Local Summary :Max/IdMax/Min/IdMin####
   //U1   1.6428E-15      3221 -1.1609E-15      3017
   //U2   0.0000E+00      3001 -2.1362E-14      3221
   //U3   0.0000E+00      3001 -9.9613E-01      3121
   //E11  5.7940E-16      3203 -4.8312E-16      3003
   //E22  8.3917E-17      3003 -1.1774E-16      3203
   //E33  1.1932-316      3207  0.0000E+00      3001
   //E12  7.7094E-17      3103 -3.0083E-16      3101
   //E23  7.6503E-05      3003 -7.6503E-05      3203
   //E13 -4.8215E-05      3201 -1.4432E-03      3103
   //S11  2.3928E-12      3203 -2.0162E-12      3003
   //S22  5.3468E-13      3201 -4.5119E-13      3001
   //S33  0.0000E+00      3001  0.0000E+00      3001
   //S12  2.3717E-13      3103 -9.2562E-13      3101
   //S23  1.9616E-01      3003 -1.9616E-01      3203
   //S13 -1.2363E-01      3201 -3.7005E+00      3103
   //SMS  6.4135E+00      3103  2.1413E-01      3201
 ##### @Element :Max/IdMax/Min/IdMin####
   //E11  2.1858E-16      3101 -1.5526E-16      3001
   //E22  4.2501E-17      3003 -6.3317E-17      3103
   //E33  1.1932-316      3009  0.0000E+00      3001
   //E12  2.4801E-18      3017 -2.2985E-17      3101
   //E23  0.0000E+00      3001  0.0000E+00      3001
   //E13  0.0000E+00      3001  0.0000E+00      3001
   //S11  9.0594E-13      3101 -6.4659E-13      3001
   //S22  1.1458E-13      3101 -8.2601E-14      3001
   //S33  0.0000E+00      3001  0.0000E+00      3001
   //S12  7.6397E-15      3017 -7.0610E-14      3101
   //S23  0.0000E+00      3001  0.0000E+00      3001
   //S13  0.0000E+00      3001  0.0000E+00      3001
   //SMS  8.6314E-13      3101  3.1094E-14      3019
 ##### Global Summary :Max/Min####
   //U1   1.6428E-15 -1.1609E-15
   //U2   0.0000E+00 -2.1362E-14
   //U3   0.0000E+00 -9.9613E-01
   //E11  5.7940E-16 -4.8312E-16
   //E22  8.3917E-17 -1.1774E-16
   //E33  1.1932-316  0.0000E+00
   //E12  7.7094E-17 -3.0083E-16
   //E23  7.6503E-05 -7.6503E-05
   //E13 -4.8215E-05 -1.4432E-03
   //S11  2.3928E-12 -2.0162E-12
   //S22  5.3468E-13 -4.5119E-13
   //S33  0.0000E+00  0.0000E+00
   //S12  2.3717E-13 -9.2562E-13
   //S23  1.9616E-01 -1.9616E-01
   //S13 -1.2363E-01 -3.7005E+00
   //SMS  6.4135E+00  2.1413E-01
 ##### @Element :Max/Min####
   //E11  2.1858E-16 -1.5526E-16
   //E22  4.2501E-17 -6.3317E-17
   //E33  1.1932-316  0.0000E+00
   //E12  2.4801E-18 -2.2985E-17
   //E23  0.0000E+00  0.0000E+00
   //E13  0.0000E+00  0.0000E+00
   //S11  9.0594E-13 -6.4659E-13
   //S22  1.1458E-13 -8.2601E-14
   //S33  0.0000E+00  0.0000E+00
   //S12  7.6397E-15 -7.0610E-14
   //S23  0.0000E+00  0.0000E+00
   //S13  0.0000E+00  0.0000E+00
   //SMS  8.6314E-13  3.1094E-14
