 fstr_setup: OK
#### Result step=     1
 ##### Local Summary :Max/IdMax/Min/IdMin####
   //U1   2.1578E-20      3021 -1.1125E-20      3221
   //U2   3.5301E-21      3021 -7.7146E-22      3121
   //U3   0.0000E+00      3001 -9.4884E-04      3021
   //E11  0.0000E+00      3001  0.0000E+00      3001
   //E22  6.7763E-21      3221 -2.0329E-20      3021
   //E33  0.0000E+00      3001  0.0000E+00      3001
   //E12  3.3881E-21      3021 -3.8573E-22      3119
   //E23  1.0260E-04      3021 -1.0260E-04      3221
   //E13  0.0000E+00      3001 -3.7281E-04      3121
   //S11  0.0000E+00      3001  0.0000E+00      3001
   //S22  5.5511E-17      3221 -8.3267E-17      3021
   //S33  0.0000E+00      3001  0.0000E+00      3001
   //S12  1.3878E-17      3021 -1.1869E-18      3119
   //S23  2.6307E-01      3021 -2.6307E-01      3221
   //S13  0.0000E+00      3001 -9.5593E-01      3121
   //SMS  1.6713E+00      3121  0.0000E+00      3001
 ##### @Element :Max/IdMax/Min/IdMin####
   //E11  0.0000E+00      3001  0.0000E+00      3001
   //E22  3.3881E-21      3119 -1.0164E-20      3019
   //E33  0.0000E+00      3001  0.0000E+00      3001
   //E12  1.6941E-21      3019  0.0000E+00      3001
   //E23  0.0000E+00      3001  0.0000E+00      3001
   //E13  0.0000E+00      3001  0.0000E+00      3001
   //S11  0.0000E+00      3001  0.0000E+00      3001
   //S22  0.0000E+00      3001 -2.7756E-17      3019
   //S33  0.0000E+00      3001  0.0000E+00      3001
   //S12  3.4694E-18      3019  0.0000E+00      3001
   //S23  0.0000E+00      3001  0.0000E+00      3001
   //S13  0.0000E+00      3001  0.0000E+00      3001
   //SMS  2.8399E-17      3019  0.0000E+00      3001
 ##### Global Summary :Max/Min####
   //U1   2.1578E-20 -1.1125E-20
   //U2   3.5301E-21 -7.7146E-22
   //U3   0.0000E+00 -9.4884E-04
   //E11  0.0000E+00  0.0000E+00
   //E22  6.7763E-21 -2.0329E-20
   //E33  0.0000E+00  0.0000E+00
   //E12  3.3881E-21 -3.8573E-22
   //E23  1.0260E-04 -1.0260E-04
   //E13  0.0000E+00 -3.7281E-04
   //S11  0.0000E+00  0.0000E+00
   //S22  5.5511E-17 -8.3267E-17
   //S33  0.0000E+00  0.0000E+00
   //S12  1.3878E-17 -1.1869E-18
   //S23  2.6307E-01 -2.6307E-01
   //S13  0.0000E+00 -9.5593E-01
   //SMS  1.6713E+00  0.0000E+00
 ##### @Element :Max/Min####
   //E11  0.0000E+00  0.0000E+00
   //E22  3.3881E-21 -1.0164E-20
   //E33  0.0000E+00  0.0000E+00
   //E12  1.6941E-21  0.0000E+00
   //E23  0.0000E+00  0.0000E+00
   //E13  0.0000E+00  0.0000E+00
   //S11  0.0000E+00  0.0000E+00
   //S22  0.0000E+00 -2.7756E-17
   //S33  0.0000E+00  0.0000E+00
   //S12  3.4694E-18  0.0000E+00
   //S23  0.0000E+00  0.0000E+00
   //S13  0.0000E+00  0.0000E+00
   //SMS  2.8399E-17  0.0000E+00
