 fstr_setup: OK
#### Result step=     0
 ##### Local Summary @Node    :Max/IdMax/Min/IdMin####
 //U1    0.0000E+00         1  0.0000E+00         1
 //U2    0.0000E+00         1  0.0000E+00         1
 //U3    0.0000E+00         1  0.0000E+00         1
 //E11   0.0000E+00         1  0.0000E+00         1
 //E22   0.0000E+00         1  0.0000E+00         1
 //E33   0.0000E+00         1  0.0000E+00         1
 //E12   0.0000E+00         1  0.0000E+00         1
 //E23   0.0000E+00         1  0.0000E+00         1
 //E31   0.0000E+00         1  0.0000E+00         1
 //S11   0.0000E+00         1  0.0000E+00         1
 //S22   0.0000E+00         1  0.0000E+00         1
 //S33   0.0000E+00         1  0.0000E+00         1
 //S12   0.0000E+00         1  0.0000E+00         1
 //S23   0.0000E+00         1  0.0000E+00         1
 //S31   0.0000E+00         1  0.0000E+00         1
 //SMS   0.0000E+00         1  0.0000E+00         1
 ##### Local Summary @Element :Max/IdMax/Min/IdMin####
 //E11   0.0000E+00         1  0.0000E+00         1
 //E22   0.0000E+00         1  0.0000E+00         1
 //E33   0.0000E+00         1  0.0000E+00         1
 //E12   0.0000E+00         1  0.0000E+00         1
 //E23   0.0000E+00         1  0.0000E+00         1
 //E31   0.0000E+00         1  0.0000E+00         1
 //S11   0.0000E+00         1  0.0000E+00         1
 //S22   0.0000E+00         1  0.0000E+00         1
 //S33   0.0000E+00         1  0.0000E+00         1
 //S12   0.0000E+00         1  0.0000E+00         1
 //S23   0.0000E+00         1  0.0000E+00         1
 //S31   0.0000E+00         1  0.0000E+00         1
 //SMS   0.0000E+00         1  0.0000E+00         1
 ##### Global Summary @Node    :Max/IdMax/Min/IdMin####
 //U1    0.0000E+00         1  0.0000E+00         1
 //U2    0.0000E+00         1  0.0000E+00         1
 //U3    0.0000E+00         1  0.0000E+00         1
 //E11   0.0000E+00         1  0.0000E+00         1
 //E22   0.0000E+00         1  0.0000E+00         1
 //E33   0.0000E+00         1  0.0000E+00         1
 //E12   0.0000E+00         1  0.0000E+00         1
 //E23   0.0000E+00         1  0.0000E+00         1
 //E31   0.0000E+00         1  0.0000E+00         1
 //S11   0.0000E+00         1  0.0000E+00         1
 //S22   0.0000E+00         1  0.0000E+00         1
 //S33   0.0000E+00         1  0.0000E+00         1
 //S12   0.0000E+00         1  0.0000E+00         1
 //S23   0.0000E+00         1  0.0000E+00         1
 //S31   0.0000E+00         1  0.0000E+00         1
 //SMS   0.0000E+00         1  0.0000E+00         1
 ##### Global Summary @Element :Max/IdMax/Min/IdMin####
 //E11   0.0000E+00         1  0.0000E+00         1
 //E22   0.0000E+00         1  0.0000E+00         1
 //E33   0.0000E+00         1  0.0000E+00         1
 //E12   0.0000E+00         1  0.0000E+00         1
 //E23   0.0000E+00         1  0.0000E+00         1
 //E31   0.0000E+00         1  0.0000E+00         1
 //S11   0.0000E+00         1  0.0000E+00         1
 //S22   0.0000E+00         1  0.0000E+00         1
 //S33   0.0000E+00         1  0.0000E+00         1
 //S12   0.0000E+00         1  0.0000E+00         1
 //S23   0.0000E+00         1  0.0000E+00         1
 //S31   0.0000E+00         1  0.0000E+00         1
 //SMS   0.0000E+00         1  0.0000E+00         1
#### Result step=     1
 ##### Local Summary @Node    :Max/IdMax/Min/IdMin####
 //U1    1.9417E-02         7  0.0000E+00         1
 //U2    1.6540E-15         2 -9.5647E-03         3
 //U3    1.0212E-15         2 -9.5647E-03         6
 //E11   1.9231E-02         6  1.9231E-02         1
 //E22  -9.6108E-03         6 -9.6108E-03         3
 //E33  -9.6108E-03         1 -9.6108E-03         6
 //E12   0.0000E+00         1  0.0000E+00         1
 //E23   0.0000E+00         1  0.0000E+00         1
 //E31   0.0000E+00         1  0.0000E+00         1
 //S11   4.0773E+03         2  4.0773E+03         1
 //S22  -3.4824E-01         2 -3.4824E-01         1
 //S33  -3.4824E-01         2 -3.4824E-01         1
 //S12   2.3673E-10         2 -2.0510E-10         4
 //S23   2.2453E-10         7 -2.4186E-10         2
 //S31   2.4782E-10         2 -2.2805E-10         5
 //SMS   4.0776E+03         6  4.0776E+03         1
 ##### Local Summary @Element :Max/IdMax/Min/IdMin####
 //E11   1.9231E-02         1  1.9231E-02         1
 //E22  -9.6108E-03         1 -9.6108E-03         1
 //E33  -9.6108E-03         1 -9.6108E-03         1
 //E12   0.0000E+00         1  0.0000E+00         1
 //E23   0.0000E+00         1  0.0000E+00         1
 //E31   0.0000E+00         1  0.0000E+00         1
 //S11   4.0773E+03         1  4.0773E+03         1
 //S22  -3.4824E-01         1 -3.4824E-01         1
 //S33  -3.4824E-01         1 -3.4824E-01         1
 //S12   1.3114E-12         1  1.3114E-12         1
 //S23   1.0267E-11         1  1.0267E-11         1
 //S31  -2.7700E-12         1 -2.7700E-12         1
 //SMS   4.0776E+03         1  4.0776E+03         1
 ##### Global Summary @Node    :Max/IdMax/Min/IdMin####
 //U1    1.9417E-02         7  0.0000E+00         1
 //U2    1.6540E-15         2 -9.5647E-03         3
 //U3    1.0212E-15         2 -9.5647E-03         6
 //E11   1.9231E-02         6  1.9231E-02         1
 //E22  -9.6108E-03         6 -9.6108E-03         3
 //E33  -9.6108E-03         1 -9.6108E-03         6
 //E12   0.0000E+00         1  0.0000E+00         1
 //E23   0.0000E+00         1  0.0000E+00         1
 //E31   0.0000E+00         1  0.0000E+00         1
 //S11   4.0773E+03         2  4.0773E+03         1
 //S22  -3.4824E-01         2 -3.4824E-01         1
 //S33  -3.4824E-01         2 -3.4824E-01         1
 //S12   2.3673E-10         2 -2.0510E-10         4
 //S23   2.2453E-10         7 -2.4186E-10         2
 //S31   2.4782E-10         2 -2.2805E-10         5
 //SMS   4.0776E+03         6  4.0776E+03         1
 ##### Global Summary @Element :Max/IdMax/Min/IdMin####
 //E11   1.9231E-02         1  1.9231E-02         1
 //E22  -9.6108E-03         1 -9.6108E-03         1
 //E33  -9.6108E-03         1 -9.6108E-03         1
 //E12   0.0000E+00         1  0.0000E+00         1
 //E23   0.0000E+00         1  0.0000E+00         1
 //E31   0.0000E+00         1  0.0000E+00         1
 //S11   4.0773E+03         1  4.0773E+03         1
 //S22  -3.4824E-01         1 -3.4824E-01         1
 //S33  -3.4824E-01         1 -3.4824E-01         1
 //S12   1.3114E-12         1  1.3114E-12         1
 //S23   1.0267E-11         1  1.0267E-11         1
 //S31  -2.7700E-12         1 -2.7700E-12         1
 //SMS   4.0776E+03         1  4.0776E+03         1
#### Result step=     2
 ##### Local Summary @Node    :Max/IdMax/Min/IdMin####
 //U1    3.9588E-02         3  0.0000E+00         1
 //U2    2.8087E-15         6 -1.9215E-02         7
 //U3    4.1301E-15         2 -1.9215E-02         6
 //E11   3.8824E-02         2  3.8824E-02         9
 //E22  -1.9402E-02         2 -1.9402E-02         6
 //E33  -1.9402E-02         5 -1.9402E-02         2
 //E12   0.0000E+00         1  0.0000E+00         1
 //E23   0.0000E+00         1  0.0000E+00         1
 //E31   0.0000E+00         1  0.0000E+00         1
 //S11   8.3162E+03         2  8.3162E+03         6
 //S22  -3.7573E-01         2 -3.7573E-01         6
 //S33  -3.7573E-01         2 -3.7573E-01         6
 //S12   2.0810E-10         6 -2.1496E-10         9
 //S23   2.7184E-10         6 -2.1920E-10         3
 //S31   3.0060E-10         1 -2.8694E-10         6
 //SMS   8.3165E+03         3  8.3165E+03         5
 ##### Local Summary @Element :Max/IdMax/Min/IdMin####
 //E11   3.8824E-02         1  3.8824E-02         1
 //E22  -1.9402E-02         1 -1.9402E-02         1
 //E33  -1.9402E-02         1 -1.9402E-02         1
 //E12   0.0000E+00         1  0.0000E+00         1
 //E23   0.0000E+00         1  0.0000E+00         1
 //E31   0.0000E+00         1  0.0000E+00         1
 //S11   8.3162E+03         1  8.3162E+03         1
 //S22  -3.7573E-01         1 -3.7573E-01         1
 //S33  -3.7573E-01         1 -3.7573E-01         1
 //S12  -2.4724E-12         1 -2.4724E-12         1
 //S23  -1.4095E-11         1 -1.4095E-11         1
 //S31   5.2630E-12         1  5.2630E-12         1
 //SMS   8.3165E+03         1  8.3165E+03         1
 ##### Global Summary @Node    :Max/IdMax/Min/IdMin####
 //U1    3.9588E-02         3  0.0000E+00         1
 //U2    2.8087E-15         6 -1.9215E-02         7
 //U3    4.1301E-15         2 -1.9215E-02         6
 //E11   3.8824E-02         2  3.8824E-02         9
 //E22  -1.9402E-02         2 -1.9402E-02         6
 //E33  -1.9402E-02         5 -1.9402E-02         2
 //E12   0.0000E+00         1  0.0000E+00         1
 //E23   0.0000E+00         1  0.0000E+00         1
 //E31   0.0000E+00         1  0.0000E+00         1
 //S11   8.3162E+03         2  8.3162E+03         6
 //S22  -3.7573E-01         2 -3.7573E-01         6
 //S33  -3.7573E-01         2 -3.7573E-01         6
 //S12   2.0810E-10         6 -2.1496E-10         9
 //S23   2.7184E-10         6 -2.1920E-10         3
 //S31   3.0060E-10         1 -2.8694E-10         6
 //SMS   8.3165E+03         3  8.3165E+03         5
 ##### Global Summary @Element :Max/IdMax/Min/IdMin####
 //E11   3.8824E-02         1  3.8824E-02         1
 //E22  -1.9402E-02         1 -1.9402E-02         1
 //E33  -1.9402E-02         1 -1.9402E-02         1
 //E12   0.0000E+00         1  0.0000E+00         1
 //E23   0.0000E+00         1  0.0000E+00         1
 //E31   0.0000E+00         1  0.0000E+00         1
 //S11   8.3162E+03         1  8.3162E+03         1
 //S22  -3.7573E-01         1 -3.7573E-01         1
 //S33  -3.7573E-01         1 -3.7573E-01         1
 //S12  -2.4724E-12         1 -2.4724E-12         1
 //S23  -1.4095E-11         1 -1.4095E-11         1
 //S31   5.2630E-12         1  5.2630E-12         1
 //SMS   8.3165E+03         1  8.3165E+03         1
#### Result step=     3
 ##### Local Summary @Node    :Max/IdMax/Min/IdMin####
 //U1    6.0472E-02         2  0.0000E+00         1
 //U2    8.6401E-13         6 -2.8916E-02         9
 //U3    5.8296E-13         3 -2.8916E-02         5
 //E11   5.8714E-02         1  5.8714E-02         9
 //E22  -2.9342E-02         3 -2.9342E-02         6
 //E33  -2.9342E-02         6 -2.9342E-02         1
 //E12   0.0000E+00         1  0.0000E+00         1
 //E23   0.0000E+00         1  0.0000E+00         1
 //E31   0.0000E+00         1  0.0000E+00         1
 //S11   1.2718E+04         5  1.2718E+04         6
 //S22   5.5288E+00         5  5.5288E+00         1
 //S33   5.5288E+00         9  5.5288E+00         1
 //S12   6.4140E-08         5 -1.1749E-07         2
 //S23   9.7000E-08         2 -1.0973E-07         7
 //S31   1.7115E-07         5 -1.3014E-07         2
 //SMS   1.2712E+04         1  1.2712E+04         9
 ##### Local Summary @Element :Max/IdMax/Min/IdMin####
 //E11   5.8714E-02         1  5.8714E-02         1
 //E22  -2.9342E-02         1 -2.9342E-02         1
 //E33  -2.9342E-02         1 -2.9342E-02         1
 //E12   0.0000E+00         1  0.0000E+00         1
 //E23   0.0000E+00         1  0.0000E+00         1
 //E31   0.0000E+00         1  0.0000E+00         1
 //S11   1.2718E+04         1  1.2718E+04         1
 //S22   5.5288E+00         1  5.5288E+00         1
 //S33   5.5288E+00         1  5.5288E+00         1
 //S12  -7.1801E-10         1 -7.1801E-10         1
 //S23   6.3848E-09         1  6.3848E-09         1
 //S31   1.8616E-09         1  1.8616E-09         1
 //SMS   1.2712E+04         1  1.2712E+04         1
 ##### Global Summary @Node    :Max/IdMax/Min/IdMin####
 //U1    6.0472E-02         2  0.0000E+00         1
 //U2    8.6401E-13         6 -2.8916E-02         9
 //U3    5.8296E-13         3 -2.8916E-02         5
 //E11   5.8714E-02         1  5.8714E-02         9
 //E22  -2.9342E-02         3 -2.9342E-02         6
 //E33  -2.9342E-02         6 -2.9342E-02         1
 //E12   0.0000E+00         1  0.0000E+00         1
 //E23   0.0000E+00         1  0.0000E+00         1
 //E31   0.0000E+00         1  0.0000E+00         1
 //S11   1.2718E+04         5  1.2718E+04         6
 //S22   5.5288E+00         5  5.5288E+00         1
 //S33   5.5288E+00         9  5.5288E+00         1
 //S12   6.4140E-08         5 -1.1749E-07         2
 //S23   9.7000E-08         2 -1.0973E-07         7
 //S31   1.7115E-07         5 -1.3014E-07         2
 //SMS   1.2712E+04         1  1.2712E+04         9
 ##### Global Summary @Element :Max/IdMax/Min/IdMin####
 //E11   5.8714E-02         1  5.8714E-02         1
 //E22  -2.9342E-02         1 -2.9342E-02         1
 //E33  -2.9342E-02         1 -2.9342E-02         1
 //E12   0.0000E+00         1  0.0000E+00         1
 //E23   0.0000E+00         1  0.0000E+00         1
 //E31   0.0000E+00         1  0.0000E+00         1
 //S11   1.2718E+04         1  1.2718E+04         1
 //S22   5.5288E+00         1  5.5288E+00         1
 //S33   5.5288E+00         1  5.5288E+00         1
 //S12  -7.1801E-10         1 -7.1801E-10         1
 //S23   6.3848E-09         1  6.3848E-09         1
 //S31   1.8616E-09         1  1.8616E-09         1
 //SMS   1.2712E+04         1  1.2712E+04         1
#### Result step=     4
 ##### Local Summary @Node    :Max/IdMax/Min/IdMin####
 //U1    8.2224E-02         3  0.0000E+00         1
 //U2    0.0000E+00         1 -3.8719E-02         7
 //U3    6.3270E-13         3 -3.8719E-02         5
 //E11   7.9018E-02         4  7.9018E-02         6
 //E22  -3.9488E-02         5 -3.9488E-02         4
 //E33  -3.9488E-02         6 -3.9488E-02         3
 //E12   0.0000E+00         1  0.0000E+00         1
 //E23   0.0000E+00         1  0.0000E+00         1
 //E31   0.0000E+00         1  0.0000E+00         1
 //S11   1.7308E+04         9  1.7308E+04         5
 //S22   6.2440E+00         2  6.2440E+00         4
 //S33   6.2440E+00         1  6.2440E+00         4
 //S12   6.1750E-08         3 -1.3770E-07         9
 //S23   5.3993E-08         9 -4.0903E-08         3
 //S31   8.8503E-08         9 -9.9397E-08         2
 //SMS   1.7301E+04         4  1.7301E+04         6
 ##### Local Summary @Element :Max/IdMax/Min/IdMin####
 //E11   7.9018E-02         1  7.9018E-02         1
 //E22  -3.9488E-02         1 -3.9488E-02         1
 //E33  -3.9488E-02         1 -3.9488E-02         1
 //E12   0.0000E+00         1  0.0000E+00         1
 //E23   0.0000E+00         1  0.0000E+00         1
 //E31   0.0000E+00         1  0.0000E+00         1
 //S11   1.7308E+04         1  1.7308E+04         1
 //S22   6.2440E+00         1  6.2440E+00         1
 //S33   6.2440E+00         1  6.2440E+00         1
 //S12  -3.6089E-08         1 -3.6089E-08         1
 //S23   1.1557E-08         1  1.1557E-08         1
 //S31   1.3013E-08         1  1.3013E-08         1
 //SMS   1.7301E+04         1  1.7301E+04         1
 ##### Global Summary @Node    :Max/IdMax/Min/IdMin####
 //U1    8.2224E-02         3  0.0000E+00         1
 //U2    0.0000E+00         1 -3.8719E-02         7
 //U3    6.3270E-13         3 -3.8719E-02         5
 //E11   7.9018E-02         4  7.9018E-02         6
 //E22  -3.9488E-02         5 -3.9488E-02         4
 //E33  -3.9488E-02         6 -3.9488E-02         3
 //E12   0.0000E+00         1  0.0000E+00         1
 //E23   0.0000E+00         1  0.0000E+00         1
 //E31   0.0000E+00         1  0.0000E+00         1
 //S11   1.7308E+04         9  1.7308E+04         5
 //S22   6.2440E+00         2  6.2440E+00         4
 //S33   6.2440E+00         1  6.2440E+00         4
 //S12   6.1750E-08         3 -1.3770E-07         9
 //S23   5.3993E-08         9 -4.0903E-08         3
 //S31   8.8503E-08         9 -9.9397E-08         2
 //SMS   1.7301E+04         4  1.7301E+04         6
 ##### Global Summary @Element :Max/IdMax/Min/IdMin####
 //E11   7.9018E-02         1  7.9018E-02         1
 //E22  -3.9488E-02         1 -3.9488E-02         1
 //E33  -3.9488E-02         1 -3.9488E-02         1
 //E12   0.0000E+00         1  0.0000E+00         1
 //E23   0.0000E+00         1  0.0000E+00         1
 //E31   0.0000E+00         1  0.0000E+00         1
 //S11   1.7308E+04         1  1.7308E+04         1
 //S22   6.2440E+00         1  6.2440E+00         1
 //S33   6.2440E+00         1  6.2440E+00         1
 //S12  -3.6089E-08         1 -3.6089E-08         1
 //S23   1.1557E-08         1  1.1557E-08         1
 //S31   1.3013E-08         1  1.3013E-08         1
 //SMS   1.7301E+04         1  1.7301E+04         1
#### Result step=     5
 ##### Local Summary @Node    :Max/IdMax/Min/IdMin####
 //U1    1.0481E-01         6  0.0000E+00         1
 //U2    7.9126E-13         6 -4.8589E-02         4
 //U3    0.0000E+00         1 -4.8589E-02         7
 //E11   9.9671E-02         5  9.9671E-02         3
 //E22  -4.9809E-02         3 -4.9809E-02         6
 //E33  -4.9809E-02         4 -4.9809E-02         5
 //E12   0.0000E+00         1  0.0000E+00         1
 //E23   0.0000E+00         1  0.0000E+00         1
 //E31   0.0000E+00         1  0.0000E+00         1
 //S11   2.2088E+04         5  2.2088E+04         6
 //S22   6.9027E+00         3  6.9027E+00         6
 //S33   6.9027E+00         3  6.9027E+00         6
 //S12   7.3433E-08         4 -3.3834E-08         2
 //S23   1.5713E-08         4 -1.5593E-08         6
 //S31   1.4256E-08         6 -3.5320E-08         1
 //SMS   2.2081E+04         5  2.2081E+04         3
 ##### Local Summary @Element :Max/IdMax/Min/IdMin####
 //E11   9.9671E-02         1  9.9671E-02         1
 //E22  -4.9809E-02         1 -4.9809E-02         1
 //E33  -4.9809E-02         1 -4.9809E-02         1
 //E12   0.0000E+00         1  0.0000E+00         1
 //E23   0.0000E+00         1  0.0000E+00         1
 //E31   0.0000E+00         1  0.0000E+00         1
 //S11   2.2088E+04         1  2.2088E+04         1
 //S22   6.9027E+00         1  6.9027E+00         1
 //S33   6.9027E+00         1  6.9027E+00         1
 //S12   2.1583E-08         1  2.1583E-08         1
 //S23   1.7687E-09         1  1.7687E-09         1
 //S31  -1.0776E-08         1 -1.0776E-08         1
 //SMS   2.2081E+04         1  2.2081E+04         1
 ##### Global Summary @Node    :Max/IdMax/Min/IdMin####
 //U1    1.0481E-01         6  0.0000E+00         1
 //U2    7.9126E-13         6 -4.8589E-02         4
 //U3    0.0000E+00         1 -4.8589E-02         7
 //E11   9.9671E-02         5  9.9671E-02         3
 //E22  -4.9809E-02         3 -4.9809E-02         6
 //E33  -4.9809E-02         4 -4.9809E-02         5
 //E12   0.0000E+00         1  0.0000E+00         1
 //E23   0.0000E+00         1  0.0000E+00         1
 //E31   0.0000E+00         1  0.0000E+00         1
 //S11   2.2088E+04         5  2.2088E+04         6
 //S22   6.9027E+00         3  6.9027E+00         6
 //S33   6.9027E+00         3  6.9027E+00         6
 //S12   7.3433E-08         4 -3.3834E-08         2
 //S23   1.5713E-08         4 -1.5593E-08         6
 //S31   1.4256E-08         6 -3.5320E-08         1
 //SMS   2.2081E+04         5  2.2081E+04         3
 ##### Global Summary @Element :Max/IdMax/Min/IdMin####
 //E11   9.9671E-02         1  9.9671E-02         1
 //E22  -4.9809E-02         1 -4.9809E-02         1
 //E33  -4.9809E-02         1 -4.9809E-02         1
 //E12   0.0000E+00         1  0.0000E+00         1
 //E23   0.0000E+00         1  0.0000E+00         1
 //E31   0.0000E+00         1  0.0000E+00         1
 //S11   2.2088E+04         1  2.2088E+04         1
 //S22   6.9027E+00         1  6.9027E+00         1
 //S33   6.9027E+00         1  6.9027E+00         1
 //S12   2.1583E-08         1  2.1583E-08         1
 //S23   1.7687E-09         1  1.7687E-09         1
 //S31  -1.0776E-08         1 -1.0776E-08         1
 //SMS   2.2081E+04         1  2.2081E+04         1
#### Result step=     6
 ##### Local Summary @Node    :Max/IdMax/Min/IdMin####
 //U1    1.2825E-01         3  0.0000E+00         1
 //U2    0.0000E+00         1 -5.8518E-02         7
 //U3    1.3707E-12         2 -5.8518E-02         5
 //E11   1.2066E-01         4  1.2066E-01         5
 //E22  -6.0300E-02         5 -6.0300E-02         4
 //E33  -6.0300E-02         6 -6.0300E-02         4
 //E12   0.0000E+00         1  0.0000E+00         1
 //E23   0.0000E+00         1  0.0000E+00         1
 //E31   0.0000E+00         1  0.0000E+00         1
 //S11   2.7069E+04         3  2.7069E+04         5
 //S22   7.5848E+00         1  7.5848E+00         4
 //S33   7.5848E+00         1  7.5848E+00         4
 //S12   8.8626E-08         3 -1.5792E-07         9
 //S23   4.8852E-08         6 -7.9728E-08         3
 //S31   1.3815E-07         9 -7.4748E-08         3
 //SMS   2.7062E+04         4  2.7062E+04         5
 ##### Local Summary @Element :Max/IdMax/Min/IdMin####
 //E11   1.2066E-01         1  1.2066E-01         1
 //E22  -6.0300E-02         1 -6.0300E-02         1
 //E33  -6.0300E-02         1 -6.0300E-02         1
 //E12   0.0000E+00         1  0.0000E+00         1
 //E23   0.0000E+00         1  0.0000E+00         1
 //E31   0.0000E+00         1  0.0000E+00         1
 //S11   2.7069E+04         1  2.7069E+04         1
 //S22   7.5848E+00         1  7.5848E+00         1
 //S33   7.5848E+00         1  7.5848E+00         1
 //S12  -3.9471E-08         1 -3.9471E-08         1
 //S23   2.8928E-09         1  2.8928E-09         1
 //S31   3.5343E-08         1  3.5343E-08         1
 //SMS   2.7062E+04         1  2.7062E+04         1
 ##### Global Summary @Node    :Max/IdMax/Min/IdMin####
 //U1    1.2825E-01         3  0.0000E+00         1
 //U2    0.0000E+00         1 -5.8518E-02         7
 //U3    1.3707E-12         2 -5.8518E-02         5
 //E11   1.2066E-01         4  1.2066E-01         5
 //E22  -6.0300E-02         5 -6.0300E-02         4
 //E33  -6.0300E-02         6 -6.0300E-02         4
 //E12   0.0000E+00         1  0.0000E+00         1
 //E23   0.0000E+00         1  0.0000E+00         1
 //E31   0.0000E+00         1  0.0000E+00         1
 //S11   2.7069E+04         3  2.7069E+04         5
 //S22   7.5848E+00         1  7.5848E+00         4
 //S33   7.5848E+00         1  7.5848E+00         4
 //S12   8.8626E-08         3 -1.5792E-07         9
 //S23   4.8852E-08         6 -7.9728E-08         3
 //S31   1.3815E-07         9 -7.4748E-08         3
 //SMS   2.7062E+04         4  2.7062E+04         5
 ##### Global Summary @Element :Max/IdMax/Min/IdMin####
 //E11   1.2066E-01         1  1.2066E-01         1
 //E22  -6.0300E-02         1 -6.0300E-02         1
 //E33  -6.0300E-02         1 -6.0300E-02         1
 //E12   0.0000E+00         1  0.0000E+00         1
 //E23   0.0000E+00         1  0.0000E+00         1
 //E31   0.0000E+00         1  0.0000E+00         1
 //S11   2.7069E+04         1  2.7069E+04         1
 //S22   7.5848E+00         1  7.5848E+00         1
 //S33   7.5848E+00         1  7.5848E+00         1
 //S12  -3.9471E-08         1 -3.9471E-08         1
 //S23   2.8928E-09         1  2.8928E-09         1
 //S31   3.5343E-08         1  3.5343E-08         1
 //SMS   2.7062E+04         1  2.7062E+04         1
#### Result step=     7
 ##### Local Summary @Node    :Max/IdMax/Min/IdMin####
 //U1    1.5256E-01         2  0.0000E+00         1
 //U2    8.8802E-13         6 -6.8496E-02         4
 //U3    0.0000E+00         1 -6.8496E-02         7
 //E11   1.4199E-01         1  1.4199E-01         3
 //E22  -7.0955E-02         3 -7.0955E-02         1
 //E33  -7.0955E-02         4 -7.0955E-02         5
 //E12   0.0000E+00         1  0.0000E+00         1
 //E23   0.0000E+00         1  0.0000E+00         1
 //E31   0.0000E+00         1  0.0000E+00         1
 //S11   3.2263E+04         1  3.2263E+04         4
 //S22   8.2845E+00         3  8.2845E+00         4
 //S33   8.2845E+00         1  8.2845E+00         4
 //S12   1.5460E-07         4 -1.0879E-07         2
 //S23   6.8018E-08         4 -4.0350E-08         7
 //S31   4.7116E-08         7 -7.0104E-08         2
 //SMS   3.2255E+04         1  3.2255E+04         3
 ##### Local Summary @Element :Max/IdMax/Min/IdMin####
 //E11   1.4199E-01         1  1.4199E-01         1
 //E22  -7.0955E-02         1 -7.0955E-02         1
 //E33  -7.0955E-02         1 -7.0955E-02         1
 //E12   0.0000E+00         1  0.0000E+00         1
 //E23   0.0000E+00         1  0.0000E+00         1
 //E31   0.0000E+00         1  0.0000E+00         1
 //S11   3.2263E+04         1  3.2263E+04         1
 //S22   8.2845E+00         1  8.2845E+00         1
 //S33   8.2845E+00         1  8.2845E+00         1
 //S12   2.6564E-08         1  2.6564E-08         1
 //S23   1.1411E-08         1  1.1411E-08         1
 //S31  -9.5987E-09         1 -9.5987E-09         1
 //SMS   3.2255E+04         1  3.2255E+04         1
 ##### Global Summary @Node    :Max/IdMax/Min/IdMin####
 //U1    1.5256E-01         2  0.0000E+00         1
 //U2    8.8802E-13         6 -6.8496E-02         4
 //U3    0.0000E+00         1 -6.8496E-02         7
 //E11   1.4199E-01         1  1.4199E-01         3
 //E22  -7.0955E-02         3 -7.0955E-02         1
 //E33  -7.0955E-02         4 -7.0955E-02         5
 //E12   0.0000E+00         1  0.0000E+00         1
 //E23   0.0000E+00         1  0.0000E+00         1
 //E31   0.0000E+00         1  0.0000E+00         1
 //S11   3.2263E+04         1  3.2263E+04         4
 //S22   8.2845E+00         3  8.2845E+00         4
 //S33   8.2845E+00         1  8.2845E+00         4
 //S12   1.5460E-07         4 -1.0879E-07         2
 //S23   6.8018E-08         4 -4.0350E-08         7
 //S31   4.7116E-08         7 -7.0104E-08         2
 //SMS   3.2255E+04         1  3.2255E+04         3
 ##### Global Summary @Element :Max/IdMax/Min/IdMin####
 //E11   1.4199E-01         1  1.4199E-01         1
 //E22  -7.0955E-02         1 -7.0955E-02         1
 //E33  -7.0955E-02         1 -7.0955E-02         1
 //E12   0.0000E+00         1  0.0000E+00         1
 //E23   0.0000E+00         1  0.0000E+00         1
 //E31   0.0000E+00         1  0.0000E+00         1
 //S11   3.2263E+04         1  3.2263E+04         1
 //S22   8.2845E+00         1  8.2845E+00         1
 //S33   8.2845E+00         1  8.2845E+00         1
 //S12   2.6564E-08         1  2.6564E-08         1
 //S23   1.1411E-08         1  1.1411E-08         1
 //S31  -9.5987E-09         1 -9.5987E-09         1
 //SMS   3.2255E+04         1  3.2255E+04         1
#### Result step=     8
 ##### Local Summary @Node    :Max/IdMax/Min/IdMin####
 //U1    1.7777E-01         3  0.0000E+00         1
 //U2    0.0000E+00         1 -7.8515E-02         3
 //U3    2.8730E-13         2 -7.8515E-02         6
 //E11   1.6363E-01         3  1.6363E-01         1
 //E22  -8.1768E-02         6 -8.1768E-02         3
 //E33  -8.1768E-02         1 -8.1768E-02         4
 //E12   0.0000E+00         1  0.0000E+00         1
 //E23   0.0000E+00         1  0.0000E+00         1
 //E31   0.0000E+00         1  0.0000E+00         1
 //S11   3.7680E+04         7  3.7680E+04         6
 //S22   8.9935E+00         2  8.9935E+00         9
 //S33   8.9935E+00         1  8.9935E+00         6
 //S12   5.2259E-08         2 -1.0993E-07         4
 //S23   3.0402E-08         7 -3.3361E-08         2
 //S31   4.1571E-08         2 -2.6125E-08         5
 //SMS   3.7671E+04         3  3.7671E+04         1
 ##### Local Summary @Element :Max/IdMax/Min/IdMin####
 //E11   1.6363E-01         1  1.6363E-01         1
 //E22  -8.1768E-02         1 -8.1768E-02         1
 //E33  -8.1768E-02         1 -8.1768E-02         1
 //E12   0.0000E+00         1  0.0000E+00         1
 //E23   0.0000E+00         1  0.0000E+00         1
 //E31   0.0000E+00         1  0.0000E+00         1
 //S11   3.7680E+04         1  3.7680E+04         1
 //S22   8.9935E+00         1  8.9935E+00         1
 //S33   8.9935E+00         1  8.9935E+00         1
 //S12  -3.5491E-08         1 -3.5491E-08         1
 //S23  -3.0700E-09         1 -3.0700E-09         1
 //S31   5.5464E-09         1  5.5464E-09         1
 //SMS   3.7671E+04         1  3.7671E+04         1
 ##### Global Summary @Node    :Max/IdMax/Min/IdMin####
 //U1    1.7777E-01         3  0.0000E+00         1
 //U2    0.0000E+00         1 -7.8515E-02         3
 //U3    2.8730E-13         2 -7.8515E-02         6
 //E11   1.6363E-01         3  1.6363E-01         1
 //E22  -8.1768E-02         6 -8.1768E-02         3
 //E33  -8.1768E-02         1 -8.1768E-02         4
 //E12   0.0000E+00         1  0.0000E+00         1
 //E23   0.0000E+00         1  0.0000E+00         1
 //E31   0.0000E+00         1  0.0000E+00         1
 //S11   3.7680E+04         7  3.7680E+04         6
 //S22   8.9935E+00         2  8.9935E+00         9
 //S33   8.9935E+00         1  8.9935E+00         6
 //S12   5.2259E-08         2 -1.0993E-07         4
 //S23   3.0402E-08         7 -3.3361E-08         2
 //S31   4.1571E-08         2 -2.6125E-08         5
 //SMS   3.7671E+04         3  3.7671E+04         1
 ##### Global Summary @Element :Max/IdMax/Min/IdMin####
 //E11   1.6363E-01         1  1.6363E-01         1
 //E22  -8.1768E-02         1 -8.1768E-02         1
 //E33  -8.1768E-02         1 -8.1768E-02         1
 //E12   0.0000E+00         1  0.0000E+00         1
 //E23   0.0000E+00         1  0.0000E+00         1
 //E31   0.0000E+00         1  0.0000E+00         1
 //S11   3.7680E+04         1  3.7680E+04         1
 //S22   8.9935E+00         1  8.9935E+00         1
 //S33   8.9935E+00         1  8.9935E+00         1
 //S12  -3.5491E-08         1 -3.5491E-08         1
 //S23  -3.0700E-09         1 -3.0700E-09         1
 //S31   5.5464E-09         1  5.5464E-09         1
 //SMS   3.7671E+04         1  3.7671E+04         1
#### Result step=     9
 ##### Local Summary @Node    :Max/IdMax/Min/IdMin####
 //U1    2.0390E-01         2  0.0000E+00         1
 //U2    1.0495E-12         6 -8.8563E-02         4
 //U3    4.0574E-13         3 -8.8563E-02         9
 //E11   1.8557E-01         1  1.8557E-01         9
 //E22  -9.2733E-02         3 -9.2733E-02         1
 //E33  -9.2733E-02         4 -9.2733E-02         1
 //E12   0.0000E+00         1  0.0000E+00         1
 //E23   0.0000E+00         1  0.0000E+00         1
 //E31   0.0000E+00         1  0.0000E+00         1
 //S11   4.3331E+04         1  4.3331E+04         7
 //S22   9.7021E+00         3  9.7021E+00         5
 //S33   9.7021E+00         6  9.7021E+00         5
 //S12   1.3995E-07         4 -5.2425E-08         2
 //S23   3.0569E-08         2 -2.7182E-08         7
 //S31   3.4205E-08         4 -4.3168E-08         2
 //SMS   4.3321E+04         1  4.3321E+04         9
 ##### Local Summary @Element :Max/IdMax/Min/IdMin####
 //E11   1.8557E-01         1  1.8557E-01         1
 //E22  -9.2733E-02         1 -9.2733E-02         1
 //E33  -9.2733E-02         1 -9.2733E-02         1
 //E12   0.0000E+00         1  0.0000E+00         1
 //E23   0.0000E+00         1  0.0000E+00         1
 //E31   0.0000E+00         1  0.0000E+00         1
 //S11   4.3331E+04         1  4.3331E+04         1
 //S22   9.7021E+00         1  9.7021E+00         1
 //S33   9.7021E+00         1  9.7021E+00         1
 //S12   3.8931E-08         1  3.8931E-08         1
 //S23   4.0151E-09         1  4.0151E-09         1
 //S31   9.3957E-09         1  9.3957E-09         1
 //SMS   4.3321E+04         1  4.3321E+04         1
 ##### Global Summary @Node    :Max/IdMax/Min/IdMin####
 //U1    2.0390E-01         2  0.0000E+00         1
 //U2    1.0495E-12         6 -8.8563E-02         4
 //U3    4.0574E-13         3 -8.8563E-02         9
 //E11   1.8557E-01         1  1.8557E-01         9
 //E22  -9.2733E-02         3 -9.2733E-02         1
 //E33  -9.2733E-02         4 -9.2733E-02         1
 //E12   0.0000E+00         1  0.0000E+00         1
 //E23   0.0000E+00         1  0.0000E+00         1
 //E31   0.0000E+00         1  0.0000E+00         1
 //S11   4.3331E+04         1  4.3331E+04         7
 //S22   9.7021E+00         3  9.7021E+00         5
 //S33   9.7021E+00         6  9.7021E+00         5
 //S12   1.3995E-07         4 -5.2425E-08         2
 //S23   3.0569E-08         2 -2.7182E-08         7
 //S31   3.4205E-08         4 -4.3168E-08         2
 //SMS   4.3321E+04         1  4.3321E+04         9
 ##### Global Summary @Element :Max/IdMax/Min/IdMin####
 //E11   1.8557E-01         1  1.8557E-01         1
 //E22  -9.2733E-02         1 -9.2733E-02         1
 //E33  -9.2733E-02         1 -9.2733E-02         1
 //E12   0.0000E+00         1  0.0000E+00         1
 //E23   0.0000E+00         1  0.0000E+00         1
 //E31   0.0000E+00         1  0.0000E+00         1
 //S11   4.3331E+04         1  4.3331E+04         1
 //S22   9.7021E+00         1  9.7021E+00         1
 //S33   9.7021E+00         1  9.7021E+00         1
 //S12   3.8931E-08         1  3.8931E-08         1
 //S23   4.0151E-09         1  4.0151E-09         1
 //S31   9.3957E-09         1  9.3957E-09         1
 //SMS   4.3321E+04         1  4.3321E+04         1
#### Result step=    10
 ##### Local Summary @Node    :Max/IdMax/Min/IdMin####
 //U1    2.3096E-01         3  0.0000E+00         1
 //U2    0.0000E+00         1 -9.8631E-02         7
 //U3    3.3409E-13         3 -9.8631E-02         5
 //E11   2.0780E-01         4  2.0780E-01         6
 //E22  -1.0384E-01         5 -1.0384E-01         4
 //E33  -1.0384E-01         6 -1.0384E-01         3
 //E12   0.0000E+00         1  0.0000E+00         1
 //E23   0.0000E+00         1  0.0000E+00         1
 //E31   0.0000E+00         1  0.0000E+00         1
 //S11   4.9228E+04         1  4.9228E+04         6
 //S22   1.0400E+01         5  1.0400E+01         4
 //S33   1.0400E+01         5  1.0400E+01         2
 //S12   2.7981E-08         3 -9.3464E-08         1
 //S23   3.7364E-08         9 -2.5296E-08         7
 //S31   6.5589E-08         5 -6.2491E-08         2
 //SMS   4.9218E+04         4  4.9218E+04         6
 ##### Local Summary @Element :Max/IdMax/Min/IdMin####
 //E11   2.0780E-01         1  2.0780E-01         1
 //E22  -1.0384E-01         1 -1.0384E-01         1
 //E33  -1.0384E-01         1 -1.0384E-01         1
 //E12   0.0000E+00         1  0.0000E+00         1
 //E23   0.0000E+00         1  0.0000E+00         1
 //E31   0.0000E+00         1  0.0000E+00         1
 //S11   4.9228E+04         1  4.9228E+04         1
 //S22   1.0400E+01         1  1.0400E+01         1
 //S33   1.0400E+01         1  1.0400E+01         1
 //S12  -3.3477E-08         1 -3.3477E-08         1
 //S23   8.3985E-09         1  8.3985E-09         1
 //S31   1.0444E-08         1  1.0444E-08         1
 //SMS   4.9218E+04         1  4.9218E+04         1
 ##### Global Summary @Node    :Max/IdMax/Min/IdMin####
 //U1    2.3096E-01         3  0.0000E+00         1
 //U2    0.0000E+00         1 -9.8631E-02         7
 //U3    3.3409E-13         3 -9.8631E-02         5
 //E11   2.0780E-01         4  2.0780E-01         6
 //E22  -1.0384E-01         5 -1.0384E-01         4
 //E33  -1.0384E-01         6 -1.0384E-01         3
 //E12   0.0000E+00         1  0.0000E+00         1
 //E23   0.0000E+00         1  0.0000E+00         1
 //E31   0.0000E+00         1  0.0000E+00         1
 //S11   4.9228E+04         1  4.9228E+04         6
 //S22   1.0400E+01         5  1.0400E+01         4
 //S33   1.0400E+01         5  1.0400E+01         2
 //S12   2.7981E-08         3 -9.3464E-08         1
 //S23   3.7364E-08         9 -2.5296E-08         7
 //S31   6.5589E-08         5 -6.2491E-08         2
 //SMS   4.9218E+04         4  4.9218E+04         6
 ##### Global Summary @Element :Max/IdMax/Min/IdMin####
 //E11   2.0780E-01         1  2.0780E-01         1
 //E22  -1.0384E-01         1 -1.0384E-01         1
 //E33  -1.0384E-01         1 -1.0384E-01         1
 //E12   0.0000E+00         1  0.0000E+00         1
 //E23   0.0000E+00         1  0.0000E+00         1
 //E31   0.0000E+00         1  0.0000E+00         1
 //S11   4.9228E+04         1  4.9228E+04         1
 //S22   1.0400E+01         1  1.0400E+01         1
 //S33   1.0400E+01         1  1.0400E+01         1
 //S12  -3.3477E-08         1 -3.3477E-08         1
 //S23   8.3985E-09         1  8.3985E-09         1
 //S31   1.0444E-08         1  1.0444E-08         1
 //SMS   4.9218E+04         1  4.9218E+04         1
