 fstr_setup: OK
#### Result step=     0
 ##### Local Summary @Node    :Max/IdMax/Min/IdMin####
 //U1    0.0000E+00         1  0.0000E+00         1
 //U2    0.0000E+00         1  0.0000E+00         1
 //U3    0.0000E+00         1  0.0000E+00         1
 //E11   0.0000E+00         1  0.0000E+00         1
 //E22   0.0000E+00         1  0.0000E+00         1
 //E33   0.0000E+00         1  0.0000E+00         1
 //E12   0.0000E+00         1  0.0000E+00         1
 //E23   0.0000E+00         1  0.0000E+00         1
 //E31   0.0000E+00         1  0.0000E+00         1
 //S11   0.0000E+00         1  0.0000E+00         1
 //S22   0.0000E+00         1  0.0000E+00         1
 //S33   0.0000E+00         1  0.0000E+00         1
 //S12   0.0000E+00         1  0.0000E+00         1
 //S23   0.0000E+00         1  0.0000E+00         1
 //S31   0.0000E+00         1  0.0000E+00         1
 //SMS   0.0000E+00         1  0.0000E+00         1
 ##### Local Summary @Element :Max/IdMax/Min/IdMin####
 //E11   0.0000E+00         1  0.0000E+00         1
 //E22   0.0000E+00         1  0.0000E+00         1
 //E33   0.0000E+00         1  0.0000E+00         1
 //E12   0.0000E+00         1  0.0000E+00         1
 //E23   0.0000E+00         1  0.0000E+00         1
 //E31   0.0000E+00         1  0.0000E+00         1
 //S11   0.0000E+00         1  0.0000E+00         1
 //S22   0.0000E+00         1  0.0000E+00         1
 //S33   0.0000E+00         1  0.0000E+00         1
 //S12   0.0000E+00         1  0.0000E+00         1
 //S23   0.0000E+00         1  0.0000E+00         1
 //S31   0.0000E+00         1  0.0000E+00         1
 //SMS   0.0000E+00         1  0.0000E+00         1
 ##### Global Summary @Node    :Max/IdMax/Min/IdMin####
 //U1    0.0000E+00         1  0.0000E+00         1
 //U2    0.0000E+00         1  0.0000E+00         1
 //U3    0.0000E+00         1  0.0000E+00         1
 //E11   0.0000E+00         1  0.0000E+00         1
 //E22   0.0000E+00         1  0.0000E+00         1
 //E33   0.0000E+00         1  0.0000E+00         1
 //E12   0.0000E+00         1  0.0000E+00         1
 //E23   0.0000E+00         1  0.0000E+00         1
 //E31   0.0000E+00         1  0.0000E+00         1
 //S11   0.0000E+00         1  0.0000E+00         1
 //S22   0.0000E+00         1  0.0000E+00         1
 //S33   0.0000E+00         1  0.0000E+00         1
 //S12   0.0000E+00         1  0.0000E+00         1
 //S23   0.0000E+00         1  0.0000E+00         1
 //S31   0.0000E+00         1  0.0000E+00         1
 //SMS   0.0000E+00         1  0.0000E+00         1
 ##### Global Summary @Element :Max/IdMax/Min/IdMin####
 //E11   0.0000E+00         1  0.0000E+00         1
 //E22   0.0000E+00         1  0.0000E+00         1
 //E33   0.0000E+00         1  0.0000E+00         1
 //E12   0.0000E+00         1  0.0000E+00         1
 //E23   0.0000E+00         1  0.0000E+00         1
 //E31   0.0000E+00         1  0.0000E+00         1
 //S11   0.0000E+00         1  0.0000E+00         1
 //S22   0.0000E+00         1  0.0000E+00         1
 //S33   0.0000E+00         1  0.0000E+00         1
 //S12   0.0000E+00         1  0.0000E+00         1
 //S23   0.0000E+00         1  0.0000E+00         1
 //S31   0.0000E+00         1  0.0000E+00         1
 //SMS   0.0000E+00         1  0.0000E+00         1
#### Result step=     1
 ##### Local Summary @Node    :Max/IdMax/Min/IdMin####
 //U1    1.0000E-04        22  0.0000E+00         1
 //U2    0.0000E+00         1 -4.0000E-04         9
 //U3    0.0000E+00        21 -1.0000E-04        10
 //E11   9.9995E-05        10  9.9995E-05         2
 //E22  -4.0008E-04        30 -4.0008E-04        10
 //E33   9.9995E-05        10  9.9995E-05         2
 //E12   0.0000E+00         1  0.0000E+00         1
 //E23   0.0000E+00         1  0.0000E+00         1
 //E31   0.0000E+00         1  0.0000E+00         1
 //S11  -4.0006E-03         2 -4.0006E-03        10
 //S22  -4.0010E+01         2 -4.0010E+01        10
 //S33  -4.0006E-03         2 -4.0006E-03        10
 //S12   2.0879E-13         9 -2.4810E-12        30
 //S23   2.2238E-12        29 -8.5067E-13         2
 //S31   9.9539E-13         2 -4.1176E-14         9
 //SMS   4.0006E+01        10  4.0006E+01         2
 ##### Local Summary @Element :Max/IdMax/Min/IdMin####
 //E11   9.9995E-05         1  9.9995E-05         1
 //E22  -4.0008E-04         1 -4.0008E-04         1
 //E33   9.9995E-05         1  9.9995E-05         1
 //E12   0.0000E+00         1  0.0000E+00         1
 //E23   0.0000E+00         1  0.0000E+00         1
 //E31   0.0000E+00         1  0.0000E+00         1
 //S11  -4.0006E-03         1 -4.0006E-03         1
 //S22  -4.0010E+01         1 -4.0010E+01         1
 //S33  -4.0006E-03         1 -4.0006E-03         1
 //S12  -6.6609E-13         1 -6.6609E-13         1
 //S23   2.6923E-13         1  2.6923E-13         1
 //S31   3.3944E-13         1  3.3944E-13         1
 //SMS   4.0006E+01         1  4.0006E+01         1
 ##### Global Summary @Node    :Max/IdMax/Min/IdMin####
 //U1    1.0000E-04        22  0.0000E+00         1
 //U2    0.0000E+00         1 -4.0000E-04         9
 //U3    0.0000E+00        21 -1.0000E-04        10
 //E11   9.9995E-05        10  9.9995E-05         2
 //E22  -4.0008E-04        30 -4.0008E-04        10
 //E33   9.9995E-05        10  9.9995E-05         2
 //E12   0.0000E+00         1  0.0000E+00         1
 //E23   0.0000E+00         1  0.0000E+00         1
 //E31   0.0000E+00         1  0.0000E+00         1
 //S11  -4.0006E-03         2 -4.0006E-03        10
 //S22  -4.0010E+01         2 -4.0010E+01        10
 //S33  -4.0006E-03         2 -4.0006E-03        10
 //S12   2.0879E-13         9 -2.4810E-12        30
 //S23   2.2238E-12        29 -8.5067E-13         2
 //S31   9.9539E-13         2 -4.1176E-14         9
 //SMS   4.0006E+01        10  4.0006E+01         2
 ##### Global Summary @Element :Max/IdMax/Min/IdMin####
 //E11   9.9995E-05         1  9.9995E-05         1
 //E22  -4.0008E-04         1 -4.0008E-04         1
 //E33   9.9995E-05         1  9.9995E-05         1
 //E12   0.0000E+00         1  0.0000E+00         1
 //E23   0.0000E+00         1  0.0000E+00         1
 //E31   0.0000E+00         1  0.0000E+00         1
 //S11  -4.0006E-03         1 -4.0006E-03         1
 //S22  -4.0010E+01         1 -4.0010E+01         1
 //S33  -4.0006E-03         1 -4.0006E-03         1
 //S12  -6.6609E-13         1 -6.6609E-13         1
 //S23   2.6923E-13         1  2.6923E-13         1
 //S31   3.3944E-13         1  3.3944E-13         1
 //SMS   4.0006E+01         1  4.0006E+01         1
#### Result step=     2
 ##### Local Summary @Node    :Max/IdMax/Min/IdMin####
 //U1    6.0440E-04         2  0.0000E+00         1
 //U2    0.0000E+00         1 -1.4072E-03         9
 //U3    0.0000E+00        21 -6.0440E-04        10
 //E11   6.0422E-04        10  6.0422E-04         2
 //E22  -1.4082E-03         2 -1.4082E-03        10
 //E33   6.0422E-04        10  6.0422E-04         2
 //E12   0.0000E+00         1  0.0000E+00         1
 //E23   0.0000E+00         1  0.0000E+00         1
 //E31   0.0000E+00         1  0.0000E+00         1
 //S11  -2.2548E-02         2 -2.2548E-02        10
 //S22  -3.9907E+01         2 -3.9907E+01        10
 //S33  -2.2548E-02         2 -2.2548E-02        10
 //S12   1.1934E-14         9 -7.4097E-15         2
 //S23   4.2564E-15        29 -3.4441E-15         1
 //S31   4.2038E-15        30 -2.2588E-15         2
 //SMS   3.9884E+01        10  3.9884E+01         2
 ##### Local Summary @Element :Max/IdMax/Min/IdMin####
 //E11   6.0422E-04         1  6.0422E-04         1
 //E22  -1.4082E-03         1 -1.4082E-03         1
 //E33   6.0422E-04         1  6.0422E-04         1
 //E12   0.0000E+00         1  0.0000E+00         1
 //E23   0.0000E+00         1  0.0000E+00         1
 //E31   0.0000E+00         1  0.0000E+00         1
 //S11  -2.2548E-02         1 -2.2548E-02         1
 //S22  -3.9907E+01         1 -3.9907E+01         1
 //S33  -2.2548E-02         1 -2.2548E-02         1
 //S12   1.6951E-15         1  1.6951E-15         1
 //S23  -4.0633E-17         1 -4.0633E-17         1
 //S31  -3.3547E-17         1 -3.3547E-17         1
 //SMS   3.9884E+01         1  3.9884E+01         1
 ##### Global Summary @Node    :Max/IdMax/Min/IdMin####
 //U1    6.0440E-04         2  0.0000E+00         1
 //U2    0.0000E+00         1 -1.4072E-03         9
 //U3    0.0000E+00        21 -6.0440E-04        10
 //E11   6.0422E-04        10  6.0422E-04         2
 //E22  -1.4082E-03         2 -1.4082E-03        10
 //E33   6.0422E-04        10  6.0422E-04         2
 //E12   0.0000E+00         1  0.0000E+00         1
 //E23   0.0000E+00         1  0.0000E+00         1
 //E31   0.0000E+00         1  0.0000E+00         1
 //S11  -2.2548E-02         2 -2.2548E-02        10
 //S22  -3.9907E+01         2 -3.9907E+01        10
 //S33  -2.2548E-02         2 -2.2548E-02        10
 //S12   1.1934E-14         9 -7.4097E-15         2
 //S23   4.2564E-15        29 -3.4441E-15         1
 //S31   4.2038E-15        30 -2.2588E-15         2
 //SMS   3.9884E+01        10  3.9884E+01         2
 ##### Global Summary @Element :Max/IdMax/Min/IdMin####
 //E11   6.0422E-04         1  6.0422E-04         1
 //E22  -1.4082E-03         1 -1.4082E-03         1
 //E33   6.0422E-04         1  6.0422E-04         1
 //E12   0.0000E+00         1  0.0000E+00         1
 //E23   0.0000E+00         1  0.0000E+00         1
 //E31   0.0000E+00         1  0.0000E+00         1
 //S11  -2.2548E-02         1 -2.2548E-02         1
 //S22  -3.9907E+01         1 -3.9907E+01         1
 //S33  -2.2548E-02         1 -2.2548E-02         1
 //S12   1.6951E-15         1  1.6951E-15         1
 //S23  -4.0633E-17         1 -4.0633E-17         1
 //S31  -3.3547E-17         1 -3.3547E-17         1
 //SMS   3.9884E+01         1  3.9884E+01         1
#### Result step=     3
 ##### Local Summary @Node    :Max/IdMax/Min/IdMin####
 //U1    1.1069E-03         2  0.0000E+00         1
 //U2    0.0000E+00         1 -2.4092E-03         9
 //U3    0.0000E+00        21 -1.1069E-03         9
 //E11   1.1063E-03        10  1.1063E-03         2
 //E22  -2.4121E-03         2 -2.4121E-03        10
 //E33   1.1063E-03        10  1.1063E-03         2
 //E12   0.0000E+00         1  0.0000E+00         1
 //E23   0.0000E+00         1  0.0000E+00         1
 //E31   0.0000E+00         1  0.0000E+00         1
 //S11  -2.2163E-02         2 -2.2163E-02        10
 //S22  -3.9867E+01         9 -3.9867E+01        10
 //S33  -2.2163E-02         2 -2.2163E-02        10
 //S12   5.1234E-15        22 -4.5330E-15        29
 //S23   1.2409E-14        29 -3.8845E-15         1
 //S31   2.9456E-15         1 -5.2802E-15        22
 //SMS   3.9845E+01        10  3.9845E+01         9
 ##### Local Summary @Element :Max/IdMax/Min/IdMin####
 //E11   1.1063E-03         1  1.1063E-03         1
 //E22  -2.4121E-03         1 -2.4121E-03         1
 //E33   1.1063E-03         1  1.1063E-03         1
 //E12   0.0000E+00         1  0.0000E+00         1
 //E23   0.0000E+00         1  0.0000E+00         1
 //E31   0.0000E+00         1  0.0000E+00         1
 //S11  -2.2163E-02         1 -2.2163E-02         1
 //S22  -3.9867E+01         1 -3.9867E+01         1
 //S33  -2.2163E-02         1 -2.2163E-02         1
 //S12   5.5373E-16         1  5.5373E-16         1
 //S23   1.2503E-15         1  1.2503E-15         1
 //S31   1.5161E-16         1  1.5161E-16         1
 //SMS   3.9845E+01         1  3.9845E+01         1
 ##### Global Summary @Node    :Max/IdMax/Min/IdMin####
 //U1    1.1069E-03         2  0.0000E+00         1
 //U2    0.0000E+00         1 -2.4092E-03         9
 //U3    0.0000E+00        21 -1.1069E-03         9
 //E11   1.1063E-03        10  1.1063E-03         2
 //E22  -2.4121E-03         2 -2.4121E-03        10
 //E33   1.1063E-03        10  1.1063E-03         2
 //E12   0.0000E+00         1  0.0000E+00         1
 //E23   0.0000E+00         1  0.0000E+00         1
 //E31   0.0000E+00         1  0.0000E+00         1
 //S11  -2.2163E-02         2 -2.2163E-02        10
 //S22  -3.9867E+01         9 -3.9867E+01        10
 //S33  -2.2163E-02         2 -2.2163E-02        10
 //S12   5.1234E-15        22 -4.5330E-15        29
 //S23   1.2409E-14        29 -3.8845E-15         1
 //S31   2.9456E-15         1 -5.2802E-15        22
 //SMS   3.9845E+01        10  3.9845E+01         9
 ##### Global Summary @Element :Max/IdMax/Min/IdMin####
 //E11   1.1063E-03         1  1.1063E-03         1
 //E22  -2.4121E-03         1 -2.4121E-03         1
 //E33   1.1063E-03         1  1.1063E-03         1
 //E12   0.0000E+00         1  0.0000E+00         1
 //E23   0.0000E+00         1  0.0000E+00         1
 //E31   0.0000E+00         1  0.0000E+00         1
 //S11  -2.2163E-02         1 -2.2163E-02         1
 //S22  -3.9867E+01         1 -3.9867E+01         1
 //S33  -2.2163E-02         1 -2.2163E-02         1
 //S12   5.5373E-16         1  5.5373E-16         1
 //S23   1.2503E-15         1  1.2503E-15         1
 //S31   1.5161E-16         1  1.5161E-16         1
 //SMS   3.9845E+01         1  3.9845E+01         1
#### Result step=     4
 ##### Local Summary @Node    :Max/IdMax/Min/IdMin####
 //U1    1.6072E-03        22  0.0000E+00         1
 //U2    0.0000E+00         1 -3.4053E-03         9
 //U3    0.0000E+00        21 -1.6072E-03         9
 //E11   1.6059E-03        10  1.6059E-03         2
 //E22  -3.4111E-03         2 -3.4111E-03        10
 //E33   1.6059E-03        10  1.6059E-03         2
 //E12   0.0000E+00         1  0.0000E+00         1
 //E23   0.0000E+00         1  0.0000E+00         1
 //E31   0.0000E+00         1  0.0000E+00         1
 //S11  -2.2017E-02         2 -2.2017E-02        10
 //S22  -3.9828E+01         2 -3.9828E+01        10
 //S33  -2.2017E-02         2 -2.2017E-02        10
 //S12   7.7511E-15        10 -2.0821E-15        22
 //S23   1.1663E-14        29 -8.1834E-15         1
 //S31   4.8396E-15        22 -4.4625E-15         1
 //SMS   3.9806E+01        10  3.9806E+01         2
 ##### Local Summary @Element :Max/IdMax/Min/IdMin####
 //E11   1.6059E-03         1  1.6059E-03         1
 //E22  -3.4111E-03         1 -3.4111E-03         1
 //E33   1.6059E-03         1  1.6059E-03         1
 //E12   0.0000E+00         1  0.0000E+00         1
 //E23   0.0000E+00         1  0.0000E+00         1
 //E31   0.0000E+00         1  0.0000E+00         1
 //S11  -2.2017E-02         1 -2.2017E-02         1
 //S22  -3.9828E+01         1 -3.9828E+01         1
 //S33  -2.2017E-02         1 -2.2017E-02         1
 //S12   1.4900E-15         1  1.4900E-15         1
 //S23   1.0943E-15         1  1.0943E-15         1
 //S31   3.2908E-16         1  3.2908E-16         1
 //SMS   3.9806E+01         1  3.9806E+01         1
 ##### Global Summary @Node    :Max/IdMax/Min/IdMin####
 //U1    1.6072E-03        22  0.0000E+00         1
 //U2    0.0000E+00         1 -3.4053E-03         9
 //U3    0.0000E+00        21 -1.6072E-03         9
 //E11   1.6059E-03        10  1.6059E-03         2
 //E22  -3.4111E-03         2 -3.4111E-03        10
 //E33   1.6059E-03        10  1.6059E-03         2
 //E12   0.0000E+00         1  0.0000E+00         1
 //E23   0.0000E+00         1  0.0000E+00         1
 //E31   0.0000E+00         1  0.0000E+00         1
 //S11  -2.2017E-02         2 -2.2017E-02        10
 //S22  -3.9828E+01         2 -3.9828E+01        10
 //S33  -2.2017E-02         2 -2.2017E-02        10
 //S12   7.7511E-15        10 -2.0821E-15        22
 //S23   1.1663E-14        29 -8.1834E-15         1
 //S31   4.8396E-15        22 -4.4625E-15         1
 //SMS   3.9806E+01        10  3.9806E+01         2
 ##### Global Summary @Element :Max/IdMax/Min/IdMin####
 //E11   1.6059E-03         1  1.6059E-03         1
 //E22  -3.4111E-03         1 -3.4111E-03         1
 //E33   1.6059E-03         1  1.6059E-03         1
 //E12   0.0000E+00         1  0.0000E+00         1
 //E23   0.0000E+00         1  0.0000E+00         1
 //E31   0.0000E+00         1  0.0000E+00         1
 //S11  -2.2017E-02         1 -2.2017E-02         1
 //S22  -3.9828E+01         1 -3.9828E+01         1
 //S33  -2.2017E-02         1 -2.2017E-02         1
 //S12   1.4900E-15         1  1.4900E-15         1
 //S23   1.0943E-15         1  1.0943E-15         1
 //S31   3.2908E-16         1  3.2908E-16         1
 //SMS   3.9806E+01         1  3.9806E+01         1
#### Result step=     5
 ##### Local Summary @Node    :Max/IdMax/Min/IdMin####
 //U1    2.1052E-03        22  0.0000E+00         1
 //U2    0.0000E+00         1 -4.3955E-03         9
 //U3    0.0000E+00        21 -2.1052E-03        10
 //E11   2.1030E-03        10  2.1030E-03         2
 //E22  -4.4052E-03         2 -4.4052E-03        10
 //E33   2.1030E-03        10  2.1030E-03         2
 //E12   0.0000E+00         1  0.0000E+00         1
 //E23   0.0000E+00         1  0.0000E+00         1
 //E31   0.0000E+00         1  0.0000E+00         1
 //S11  -2.1871E-02         2 -2.1871E-02        10
 //S22  -3.9788E+01         2 -3.9788E+01        10
 //S33  -2.1871E-02         2 -2.1871E-02        10
 //S12   6.5450E-15        30 -5.5572E-15         9
 //S23   9.6379E-15        30 -2.8799E-15        29
 //S31   6.3631E-15         2 -3.3649E-15         9
 //SMS   3.9767E+01        10  3.9767E+01         2
 ##### Local Summary @Element :Max/IdMax/Min/IdMin####
 //E11   2.1030E-03         1  2.1030E-03         1
 //E22  -4.4052E-03         1 -4.4052E-03         1
 //E33   2.1030E-03         1  2.1030E-03         1
 //E12   0.0000E+00         1  0.0000E+00         1
 //E23   0.0000E+00         1  0.0000E+00         1
 //E31   0.0000E+00         1  0.0000E+00         1
 //S11  -2.1871E-02         1 -2.1871E-02         1
 //S22  -3.9788E+01         1 -3.9788E+01         1
 //S33  -2.1871E-02         1 -2.1871E-02         1
 //S12   7.4441E-16         1  7.4441E-16         1
 //S23   1.2601E-15         1  1.2601E-15         1
 //S31   1.2001E-15         1  1.2001E-15         1
 //SMS   3.9767E+01         1  3.9767E+01         1
 ##### Global Summary @Node    :Max/IdMax/Min/IdMin####
 //U1    2.1052E-03        22  0.0000E+00         1
 //U2    0.0000E+00         1 -4.3955E-03         9
 //U3    0.0000E+00        21 -2.1052E-03        10
 //E11   2.1030E-03        10  2.1030E-03         2
 //E22  -4.4052E-03         2 -4.4052E-03        10
 //E33   2.1030E-03        10  2.1030E-03         2
 //E12   0.0000E+00         1  0.0000E+00         1
 //E23   0.0000E+00         1  0.0000E+00         1
 //E31   0.0000E+00         1  0.0000E+00         1
 //S11  -2.1871E-02         2 -2.1871E-02        10
 //S22  -3.9788E+01         2 -3.9788E+01        10
 //S33  -2.1871E-02         2 -2.1871E-02        10
 //S12   6.5450E-15        30 -5.5572E-15         9
 //S23   9.6379E-15        30 -2.8799E-15        29
 //S31   6.3631E-15         2 -3.3649E-15         9
 //SMS   3.9767E+01        10  3.9767E+01         2
 ##### Global Summary @Element :Max/IdMax/Min/IdMin####
 //E11   2.1030E-03         1  2.1030E-03         1
 //E22  -4.4052E-03         1 -4.4052E-03         1
 //E33   2.1030E-03         1  2.1030E-03         1
 //E12   0.0000E+00         1  0.0000E+00         1
 //E23   0.0000E+00         1  0.0000E+00         1
 //E31   0.0000E+00         1  0.0000E+00         1
 //S11  -2.1871E-02         1 -2.1871E-02         1
 //S22  -3.9788E+01         1 -3.9788E+01         1
 //S33  -2.1871E-02         1 -2.1871E-02         1
 //S12   7.4441E-16         1  7.4441E-16         1
 //S23   1.2601E-15         1  1.2601E-15         1
 //S31   1.2001E-15         1  1.2001E-15         1
 //SMS   3.9767E+01         1  3.9767E+01         1
#### Result step=     6
 ##### Local Summary @Node    :Max/IdMax/Min/IdMin####
 //U1    2.6011E-03        30  0.0000E+00         1
 //U2    0.0000E+00         1 -5.3799E-03         9
 //U3    0.0000E+00        21 -2.6011E-03        10
 //E11   2.5977E-03        10  2.5977E-03         2
 //E22  -5.3944E-03         2 -5.3944E-03        10
 //E33   2.5977E-03        10  2.5977E-03         2
 //E12   0.0000E+00         1  0.0000E+00         1
 //E23   0.0000E+00         1  0.0000E+00         1
 //E31   0.0000E+00         1  0.0000E+00         1
 //S11  -2.1729E-02         9 -2.1729E-02        10
 //S22  -3.9749E+01         2 -3.9749E+01        10
 //S33  -2.1729E-02         9 -2.1729E-02        10
 //S12   3.2012E-15         9 -3.3494E-15        29
 //S23   6.6317E-15        29 -3.4729E-15         1
 //S31   3.1902E-16        10 -4.0662E-15         2
 //SMS   3.9728E+01        10  3.9728E+01         2
 ##### Local Summary @Element :Max/IdMax/Min/IdMin####
 //E11   2.5977E-03         1  2.5977E-03         1
 //E22  -5.3944E-03         1 -5.3944E-03         1
 //E33   2.5977E-03         1  2.5977E-03         1
 //E12   0.0000E+00         1  0.0000E+00         1
 //E23   0.0000E+00         1  0.0000E+00         1
 //E31   0.0000E+00         1  0.0000E+00         1
 //S11  -2.1729E-02         1 -2.1729E-02         1
 //S22  -3.9749E+01         1 -3.9749E+01         1
 //S33  -2.1729E-02         1 -2.1729E-02         1
 //S12   1.3561E-16         1  1.3561E-16         1
 //S23   4.8260E-16         1  4.8260E-16         1
 //S31  -9.3070E-16         1 -9.3070E-16         1
 //SMS   3.9728E+01         1  3.9728E+01         1
 ##### Global Summary @Node    :Max/IdMax/Min/IdMin####
 //U1    2.6011E-03        30  0.0000E+00         1
 //U2    0.0000E+00         1 -5.3799E-03         9
 //U3    0.0000E+00        21 -2.6011E-03        10
 //E11   2.5977E-03        10  2.5977E-03         2
 //E22  -5.3944E-03         2 -5.3944E-03        10
 //E33   2.5977E-03        10  2.5977E-03         2
 //E12   0.0000E+00         1  0.0000E+00         1
 //E23   0.0000E+00         1  0.0000E+00         1
 //E31   0.0000E+00         1  0.0000E+00         1
 //S11  -2.1729E-02         9 -2.1729E-02        10
 //S22  -3.9749E+01         2 -3.9749E+01        10
 //S33  -2.1729E-02         9 -2.1729E-02        10
 //S12   3.2012E-15         9 -3.3494E-15        29
 //S23   6.6317E-15        29 -3.4729E-15         1
 //S31   3.1902E-16        10 -4.0662E-15         2
 //SMS   3.9728E+01        10  3.9728E+01         2
 ##### Global Summary @Element :Max/IdMax/Min/IdMin####
 //E11   2.5977E-03         1  2.5977E-03         1
 //E22  -5.3944E-03         1 -5.3944E-03         1
 //E33   2.5977E-03         1  2.5977E-03         1
 //E12   0.0000E+00         1  0.0000E+00         1
 //E23   0.0000E+00         1  0.0000E+00         1
 //E31   0.0000E+00         1  0.0000E+00         1
 //S11  -2.1729E-02         1 -2.1729E-02         1
 //S22  -3.9749E+01         1 -3.9749E+01         1
 //S33  -2.1729E-02         1 -2.1729E-02         1
 //S12   1.3561E-16         1  1.3561E-16         1
 //S23   4.8260E-16         1  4.8260E-16         1
 //S31  -9.3070E-16         1 -9.3070E-16         1
 //SMS   3.9728E+01         1  3.9728E+01         1
#### Result step=     7
 ##### Local Summary @Node    :Max/IdMax/Min/IdMin####
 //U1    3.0948E-03        10  0.0000E+00         1
 //U2    0.0000E+00         1 -6.3585E-03         9
 //U3    0.0000E+00        21 -3.0948E-03        10
 //E11   3.0900E-03        10  3.0900E-03         2
 //E22  -6.3788E-03         2 -6.3788E-03        10
 //E33   3.0900E-03        10  3.0900E-03         2
 //E12   0.0000E+00         1  0.0000E+00         1
 //E23   0.0000E+00         1  0.0000E+00         1
 //E31   0.0000E+00         1  0.0000E+00         1
 //S11  -2.1586E-02         2 -2.1586E-02        10
 //S22  -3.9710E+01         2 -3.9710E+01        10
 //S33  -2.1586E-02         2 -2.1586E-02        10
 //S12   1.6081E-15         2 -3.0516E-15        30
 //S23   4.7546E-15        29 -4.3975E-15         2
 //S31   4.2520E-15         2 -4.9853E-15         9
 //SMS   3.9689E+01        10  3.9689E+01         2
 ##### Local Summary @Element :Max/IdMax/Min/IdMin####
 //E11   3.0900E-03         1  3.0900E-03         1
 //E22  -6.3788E-03         1 -6.3788E-03         1
 //E33   3.0900E-03         1  3.0900E-03         1
 //E12   0.0000E+00         1  0.0000E+00         1
 //E23   0.0000E+00         1  0.0000E+00         1
 //E31   0.0000E+00         1  0.0000E+00         1
 //S11  -2.1586E-02         1 -2.1586E-02         1
 //S22  -3.9710E+01         1 -3.9710E+01         1
 //S33  -2.1586E-02         1 -2.1586E-02         1
 //S12  -6.1331E-16         1 -6.1331E-16         1
 //S23  -1.9751E-16         1 -1.9751E-16         1
 //S31  -2.8084E-16         1 -2.8084E-16         1
 //SMS   3.9689E+01         1  3.9689E+01         1
 ##### Global Summary @Node    :Max/IdMax/Min/IdMin####
 //U1    3.0948E-03        10  0.0000E+00         1
 //U2    0.0000E+00         1 -6.3585E-03         9
 //U3    0.0000E+00        21 -3.0948E-03        10
 //E11   3.0900E-03        10  3.0900E-03         2
 //E22  -6.3788E-03         2 -6.3788E-03        10
 //E33   3.0900E-03        10  3.0900E-03         2
 //E12   0.0000E+00         1  0.0000E+00         1
 //E23   0.0000E+00         1  0.0000E+00         1
 //E31   0.0000E+00         1  0.0000E+00         1
 //S11  -2.1586E-02         2 -2.1586E-02        10
 //S22  -3.9710E+01         2 -3.9710E+01        10
 //S33  -2.1586E-02         2 -2.1586E-02        10
 //S12   1.6081E-15         2 -3.0516E-15        30
 //S23   4.7546E-15        29 -4.3975E-15         2
 //S31   4.2520E-15         2 -4.9853E-15         9
 //SMS   3.9689E+01        10  3.9689E+01         2
 ##### Global Summary @Element :Max/IdMax/Min/IdMin####
 //E11   3.0900E-03         1  3.0900E-03         1
 //E22  -6.3788E-03         1 -6.3788E-03         1
 //E33   3.0900E-03         1  3.0900E-03         1
 //E12   0.0000E+00         1  0.0000E+00         1
 //E23   0.0000E+00         1  0.0000E+00         1
 //E31   0.0000E+00         1  0.0000E+00         1
 //S11  -2.1586E-02         1 -2.1586E-02         1
 //S22  -3.9710E+01         1 -3.9710E+01         1
 //S33  -2.1586E-02         1 -2.1586E-02         1
 //S12  -6.1331E-16         1 -6.1331E-16         1
 //S23  -1.9751E-16         1 -1.9751E-16         1
 //S31  -2.8084E-16         1 -2.8084E-16         1
 //SMS   3.9689E+01         1  3.9689E+01         1
#### Result step=     8
 ##### Local Summary @Node    :Max/IdMax/Min/IdMin####
 //U1    3.5863E-03        10  0.0000E+00         1
 //U2    0.0000E+00         1 -7.3314E-03         9
 //U3    0.0000E+00        21 -3.5863E-03         9
 //E11   3.5799E-03        10  3.5799E-03         2
 //E22  -7.3584E-03         2 -7.3584E-03        10
 //E33   3.5799E-03        10  3.5799E-03         2
 //E12   0.0000E+00         1  0.0000E+00         1
 //E23   0.0000E+00         1  0.0000E+00         1
 //E31   0.0000E+00         1  0.0000E+00         1
 //S11  -2.1442E-02         9 -2.1442E-02        10
 //S22  -3.9672E+01         2 -3.9672E+01        10
 //S33  -2.1442E-02         9 -2.1442E-02        10
 //S12   3.2602E-15        10 -9.3327E-15        29
 //S23   9.6272E-15        29 -5.8276E-15        30
 //S31   5.6711E-15         9 -4.2134E-15         2
 //SMS   3.9650E+01        10  3.9650E+01         2
 ##### Local Summary @Element :Max/IdMax/Min/IdMin####
 //E11   3.5799E-03         1  3.5799E-03         1
 //E22  -7.3584E-03         1 -7.3584E-03         1
 //E33   3.5799E-03         1  3.5799E-03         1
 //E12   0.0000E+00         1  0.0000E+00         1
 //E23   0.0000E+00         1  0.0000E+00         1
 //E31   0.0000E+00         1  0.0000E+00         1
 //S11  -2.1442E-02         1 -2.1442E-02         1
 //S22  -3.9672E+01         1 -3.9672E+01         1
 //S33  -2.1442E-02         1 -2.1442E-02         1
 //S12  -1.3345E-15         1 -1.3345E-15         1
 //S23  -1.3022E-16         1 -1.3022E-16         1
 //S31  -3.2710E-16         1 -3.2710E-16         1
 //SMS   3.9650E+01         1  3.9650E+01         1
 ##### Global Summary @Node    :Max/IdMax/Min/IdMin####
 //U1    3.5863E-03        10  0.0000E+00         1
 //U2    0.0000E+00         1 -7.3314E-03         9
 //U3    0.0000E+00        21 -3.5863E-03         9
 //E11   3.5799E-03        10  3.5799E-03         2
 //E22  -7.3584E-03         2 -7.3584E-03        10
 //E33   3.5799E-03        10  3.5799E-03         2
 //E12   0.0000E+00         1  0.0000E+00         1
 //E23   0.0000E+00         1  0.0000E+00         1
 //E31   0.0000E+00         1  0.0000E+00         1
 //S11  -2.1442E-02         9 -2.1442E-02        10
 //S22  -3.9672E+01         2 -3.9672E+01        10
 //S33  -2.1442E-02         9 -2.1442E-02        10
 //S12   3.2602E-15        10 -9.3327E-15        29
 //S23   9.6272E-15        29 -5.8276E-15        30
 //S31   5.6711E-15         9 -4.2134E-15         2
 //SMS   3.9650E+01        10  3.9650E+01         2
 ##### Global Summary @Element :Max/IdMax/Min/IdMin####
 //E11   3.5799E-03         1  3.5799E-03         1
 //E22  -7.3584E-03         1 -7.3584E-03         1
 //E33   3.5799E-03         1  3.5799E-03         1
 //E12   0.0000E+00         1  0.0000E+00         1
 //E23   0.0000E+00         1  0.0000E+00         1
 //E31   0.0000E+00         1  0.0000E+00         1
 //S11  -2.1442E-02         1 -2.1442E-02         1
 //S22  -3.9672E+01         1 -3.9672E+01         1
 //S33  -2.1442E-02         1 -2.1442E-02         1
 //S12  -1.3345E-15         1 -1.3345E-15         1
 //S23  -1.3022E-16         1 -1.3022E-16         1
 //S31  -3.2710E-16         1 -3.2710E-16         1
 //SMS   3.9650E+01         1  3.9650E+01         1
#### Result step=     9
 ##### Local Summary @Node    :Max/IdMax/Min/IdMin####
 //U1    4.0758E-03         2  0.0000E+00         1
 //U2    0.0000E+00         1 -8.2987E-03         9
 //U3    0.0000E+00        21 -4.0758E-03         9
 //E11   4.0675E-03        10  4.0675E-03         2
 //E22  -8.3333E-03         2 -8.3333E-03        10
 //E33   4.0675E-03        10  4.0675E-03         2
 //E12   0.0000E+00         1  0.0000E+00         1
 //E23   0.0000E+00         1  0.0000E+00         1
 //E31   0.0000E+00         1  0.0000E+00         1
 //S11  -2.1301E-02         2 -2.1301E-02        10
 //S22  -3.9633E+01         2 -3.9633E+01        10
 //S33  -2.1301E-02         2 -2.1301E-02        10
 //S12   1.6431E-14         9 -6.8249E-15         2
 //S23   1.2947E-14        29 -8.1865E-15        30
 //S31   7.6488E-15        10 -7.0492E-15         2
 //SMS   3.9612E+01        10  3.9612E+01         2
 ##### Local Summary @Element :Max/IdMax/Min/IdMin####
 //E11   4.0675E-03         1  4.0675E-03         1
 //E22  -8.3333E-03         1 -8.3333E-03         1
 //E33   4.0675E-03         1  4.0675E-03         1
 //E12   0.0000E+00         1  0.0000E+00         1
 //E23   0.0000E+00         1  0.0000E+00         1
 //E31   0.0000E+00         1  0.0000E+00         1
 //S11  -2.1301E-02         1 -2.1301E-02         1
 //S22  -3.9633E+01         1 -3.9633E+01         1
 //S33  -2.1301E-02         1 -2.1301E-02         1
 //S12   1.2072E-15         1  1.2072E-15         1
 //S23  -1.0489E-16         1 -1.0489E-16         1
 //S31   8.8638E-17         1  8.8638E-17         1
 //SMS   3.9612E+01         1  3.9612E+01         1
 ##### Global Summary @Node    :Max/IdMax/Min/IdMin####
 //U1    4.0758E-03         2  0.0000E+00         1
 //U2    0.0000E+00         1 -8.2987E-03         9
 //U3    0.0000E+00        21 -4.0758E-03         9
 //E11   4.0675E-03        10  4.0675E-03         2
 //E22  -8.3333E-03         2 -8.3333E-03        10
 //E33   4.0675E-03        10  4.0675E-03         2
 //E12   0.0000E+00         1  0.0000E+00         1
 //E23   0.0000E+00         1  0.0000E+00         1
 //E31   0.0000E+00         1  0.0000E+00         1
 //S11  -2.1301E-02         2 -2.1301E-02        10
 //S22  -3.9633E+01         2 -3.9633E+01        10
 //S33  -2.1301E-02         2 -2.1301E-02        10
 //S12   1.6431E-14         9 -6.8249E-15         2
 //S23   1.2947E-14        29 -8.1865E-15        30
 //S31   7.6488E-15        10 -7.0492E-15         2
 //SMS   3.9612E+01        10  3.9612E+01         2
 ##### Global Summary @Element :Max/IdMax/Min/IdMin####
 //E11   4.0675E-03         1  4.0675E-03         1
 //E22  -8.3333E-03         1 -8.3333E-03         1
 //E33   4.0675E-03         1  4.0675E-03         1
 //E12   0.0000E+00         1  0.0000E+00         1
 //E23   0.0000E+00         1  0.0000E+00         1
 //E31   0.0000E+00         1  0.0000E+00         1
 //S11  -2.1301E-02         1 -2.1301E-02         1
 //S22  -3.9633E+01         1 -3.9633E+01         1
 //S33  -2.1301E-02         1 -2.1301E-02         1
 //S12   1.2072E-15         1  1.2072E-15         1
 //S23  -1.0489E-16         1 -1.0489E-16         1
 //S31   8.8638E-17         1  8.8638E-17         1
 //SMS   3.9612E+01         1  3.9612E+01         1
#### Result step=    10
 ##### Local Summary @Node    :Max/IdMax/Min/IdMin####
 //U1    4.5631E-03         2  0.0000E+00         1
 //U2    0.0000E+00         1 -9.2604E-03         9
 //U3    0.0000E+00        21 -4.5631E-03        10
 //E11   4.5527E-03        10  4.5527E-03         2
 //E22  -9.3036E-03         2 -9.3036E-03        10
 //E33   4.5527E-03        10  4.5527E-03         2
 //E12   0.0000E+00         1  0.0000E+00         1
 //E23   0.0000E+00         1  0.0000E+00         1
 //E31   0.0000E+00         1  0.0000E+00         1
 //S11  -2.1165E-02         2 -2.1165E-02        10
 //S22  -3.9595E+01         2 -3.9595E+01        10
 //S33  -2.1165E-02         2 -2.1165E-02        10
 //S12   8.9232E-15        29 -1.3607E-14         9
 //S23   6.1958E-15        30 -1.6771E-14        29
 //S31   5.0757E-15         1 -7.3113E-15        30
 //SMS   3.9574E+01        10  3.9574E+01         2
 ##### Local Summary @Element :Max/IdMax/Min/IdMin####
 //E11   4.5527E-03         1  4.5527E-03         1
 //E22  -9.3036E-03         1 -9.3036E-03         1
 //E33   4.5527E-03         1  4.5527E-03         1
 //E12   0.0000E+00         1  0.0000E+00         1
 //E23   0.0000E+00         1  0.0000E+00         1
 //E31   0.0000E+00         1  0.0000E+00         1
 //S11  -2.1165E-02         1 -2.1165E-02         1
 //S22  -3.9595E+01         1 -3.9595E+01         1
 //S33  -2.1165E-02         1 -2.1165E-02         1
 //S12  -8.3801E-16         1 -8.3801E-16         1
 //S23  -1.4851E-15         1 -1.4851E-15         1
 //S31  -1.0387E-15         1 -1.0387E-15         1
 //SMS   3.9574E+01         1  3.9574E+01         1
 ##### Global Summary @Node    :Max/IdMax/Min/IdMin####
 //U1    4.5631E-03         2  0.0000E+00         1
 //U2    0.0000E+00         1 -9.2604E-03         9
 //U3    0.0000E+00        21 -4.5631E-03        10
 //E11   4.5527E-03        10  4.5527E-03         2
 //E22  -9.3036E-03         2 -9.3036E-03        10
 //E33   4.5527E-03        10  4.5527E-03         2
 //E12   0.0000E+00         1  0.0000E+00         1
 //E23   0.0000E+00         1  0.0000E+00         1
 //E31   0.0000E+00         1  0.0000E+00         1
 //S11  -2.1165E-02         2 -2.1165E-02        10
 //S22  -3.9595E+01         2 -3.9595E+01        10
 //S33  -2.1165E-02         2 -2.1165E-02        10
 //S12   8.9232E-15        29 -1.3607E-14         9
 //S23   6.1958E-15        30 -1.6771E-14        29
 //S31   5.0757E-15         1 -7.3113E-15        30
 //SMS   3.9574E+01        10  3.9574E+01         2
 ##### Global Summary @Element :Max/IdMax/Min/IdMin####
 //E11   4.5527E-03         1  4.5527E-03         1
 //E22  -9.3036E-03         1 -9.3036E-03         1
 //E33   4.5527E-03         1  4.5527E-03         1
 //E12   0.0000E+00         1  0.0000E+00         1
 //E23   0.0000E+00         1  0.0000E+00         1
 //E31   0.0000E+00         1  0.0000E+00         1
 //S11  -2.1165E-02         1 -2.1165E-02         1
 //S22  -3.9595E+01         1 -3.9595E+01         1
 //S33  -2.1165E-02         1 -2.1165E-02         1
 //S12  -8.3801E-16         1 -8.3801E-16         1
 //S23  -1.4851E-15         1 -1.4851E-15         1
 //S31  -1.0387E-15         1 -1.0387E-15         1
 //SMS   3.9574E+01         1  3.9574E+01         1
#### Result step=    11
 ##### Local Summary @Node    :Max/IdMax/Min/IdMin####
 //U1    5.0483E-03         2  0.0000E+00         1
 //U2    0.0000E+00         1 -1.0217E-02         9
 //U3    0.0000E+00        21 -5.0483E-03        10
 //E11   5.0356E-03        10  5.0356E-03         2
 //E22  -1.0269E-02         2 -1.0269E-02        10
 //E33   5.0356E-03        10  5.0356E-03         2
 //E12   0.0000E+00         1  0.0000E+00         1
 //E23   0.0000E+00         1  0.0000E+00         1
 //E31   0.0000E+00         1  0.0000E+00         1
 //S11  -2.1025E-02         2 -2.1025E-02        10
 //S22  -3.9557E+01         2 -3.9557E+01        10
 //S33  -2.1025E-02         2 -2.1025E-02        10
 //S12   7.2071E-15         9 -4.7745E-15         2
 //S23   4.6760E-15         2 -9.0489E-15        30
 //S31   4.4000E-15        10 -3.6085E-15         2
 //SMS   3.9536E+01        10  3.9536E+01         2
 ##### Local Summary @Element :Max/IdMax/Min/IdMin####
 //E11   5.0356E-03         1  5.0356E-03         1
 //E22  -1.0269E-02         1 -1.0269E-02         1
 //E33   5.0356E-03         1  5.0356E-03         1
 //E12   0.0000E+00         1  0.0000E+00         1
 //E23   0.0000E+00         1  0.0000E+00         1
 //E31   0.0000E+00         1  0.0000E+00         1
 //S11  -2.1025E-02         1 -2.1025E-02         1
 //S22  -3.9557E+01         1 -3.9557E+01         1
 //S33  -2.1025E-02         1 -2.1025E-02         1
 //S12   3.0551E-16         1  3.0551E-16         1
 //S23  -5.8214E-16         1 -5.8214E-16         1
 //S31   2.0195E-17         1  2.0195E-17         1
 //SMS   3.9536E+01         1  3.9536E+01         1
 ##### Global Summary @Node    :Max/IdMax/Min/IdMin####
 //U1    5.0483E-03         2  0.0000E+00         1
 //U2    0.0000E+00         1 -1.0217E-02         9
 //U3    0.0000E+00        21 -5.0483E-03        10
 //E11   5.0356E-03        10  5.0356E-03         2
 //E22  -1.0269E-02         2 -1.0269E-02        10
 //E33   5.0356E-03        10  5.0356E-03         2
 //E12   0.0000E+00         1  0.0000E+00         1
 //E23   0.0000E+00         1  0.0000E+00         1
 //E31   0.0000E+00         1  0.0000E+00         1
 //S11  -2.1025E-02         2 -2.1025E-02        10
 //S22  -3.9557E+01         2 -3.9557E+01        10
 //S33  -2.1025E-02         2 -2.1025E-02        10
 //S12   7.2071E-15         9 -4.7745E-15         2
 //S23   4.6760E-15         2 -9.0489E-15        30
 //S31   4.4000E-15        10 -3.6085E-15         2
 //SMS   3.9536E+01        10  3.9536E+01         2
 ##### Global Summary @Element :Max/IdMax/Min/IdMin####
 //E11   5.0356E-03         1  5.0356E-03         1
 //E22  -1.0269E-02         1 -1.0269E-02         1
 //E33   5.0356E-03         1  5.0356E-03         1
 //E12   0.0000E+00         1  0.0000E+00         1
 //E23   0.0000E+00         1  0.0000E+00         1
 //E31   0.0000E+00         1  0.0000E+00         1
 //S11  -2.1025E-02         1 -2.1025E-02         1
 //S22  -3.9557E+01         1 -3.9557E+01         1
 //S33  -2.1025E-02         1 -2.1025E-02         1
 //S12   3.0551E-16         1  3.0551E-16         1
 //S23  -5.8214E-16         1 -5.8214E-16         1
 //S31   2.0195E-17         1  2.0195E-17         1
 //SMS   3.9536E+01         1  3.9536E+01         1
