 fstr_setup: OK
#### Result step=     0
 ##### Local Summary @Node    :Max/IdMax/Min/IdMin####
 //U1    0.0000E+00         1  0.0000E+00         1
 //U2    0.0000E+00         1  0.0000E+00         1
 //U3    0.0000E+00         1  0.0000E+00         1
 //E11   0.0000E+00         1  0.0000E+00         1
 //E22   0.0000E+00         1  0.0000E+00         1
 //E33   0.0000E+00         1  0.0000E+00         1
 //E12   0.0000E+00         1  0.0000E+00         1
 //E23   0.0000E+00         1  0.0000E+00         1
 //E31   0.0000E+00         1  0.0000E+00         1
 //S11   0.0000E+00         1  0.0000E+00         1
 //S22   0.0000E+00         1  0.0000E+00         1
 //S33   0.0000E+00         1  0.0000E+00         1
 //S12   0.0000E+00         1  0.0000E+00         1
 //S23   0.0000E+00         1  0.0000E+00         1
 //S31   0.0000E+00         1  0.0000E+00         1
 //SMS   0.0000E+00         1  0.0000E+00         1
 ##### Local Summary @Element :Max/IdMax/Min/IdMin####
 //E11   0.0000E+00         1  0.0000E+00         1
 //E22   0.0000E+00         1  0.0000E+00         1
 //E33   0.0000E+00         1  0.0000E+00         1
 //E12   0.0000E+00         1  0.0000E+00         1
 //E23   0.0000E+00         1  0.0000E+00         1
 //E31   0.0000E+00         1  0.0000E+00         1
 //S11   0.0000E+00         1  0.0000E+00         1
 //S22   0.0000E+00         1  0.0000E+00         1
 //S33   0.0000E+00         1  0.0000E+00         1
 //S12   0.0000E+00         1  0.0000E+00         1
 //S23   0.0000E+00         1  0.0000E+00         1
 //S31   0.0000E+00         1  0.0000E+00         1
 //SMS   0.0000E+00         1  0.0000E+00         1
 ##### Global Summary @Node    :Max/IdMax/Min/IdMin####
 //U1    0.0000E+00         1  0.0000E+00         1
 //U2    0.0000E+00         1  0.0000E+00         1
 //U3    0.0000E+00         1  0.0000E+00         1
 //E11   0.0000E+00         1  0.0000E+00         1
 //E22   0.0000E+00         1  0.0000E+00         1
 //E33   0.0000E+00         1  0.0000E+00         1
 //E12   0.0000E+00         1  0.0000E+00         1
 //E23   0.0000E+00         1  0.0000E+00         1
 //E31   0.0000E+00         1  0.0000E+00         1
 //S11   0.0000E+00         1  0.0000E+00         1
 //S22   0.0000E+00         1  0.0000E+00         1
 //S33   0.0000E+00         1  0.0000E+00         1
 //S12   0.0000E+00         1  0.0000E+00         1
 //S23   0.0000E+00         1  0.0000E+00         1
 //S31   0.0000E+00         1  0.0000E+00         1
 //SMS   0.0000E+00         1  0.0000E+00         1
 ##### Global Summary @Element :Max/IdMax/Min/IdMin####
 //E11   0.0000E+00         1  0.0000E+00         1
 //E22   0.0000E+00         1  0.0000E+00         1
 //E33   0.0000E+00         1  0.0000E+00         1
 //E12   0.0000E+00         1  0.0000E+00         1
 //E23   0.0000E+00         1  0.0000E+00         1
 //E31   0.0000E+00         1  0.0000E+00         1
 //S11   0.0000E+00         1  0.0000E+00         1
 //S22   0.0000E+00         1  0.0000E+00         1
 //S33   0.0000E+00         1  0.0000E+00         1
 //S12   0.0000E+00         1  0.0000E+00         1
 //S23   0.0000E+00         1  0.0000E+00         1
 //S31   0.0000E+00         1  0.0000E+00         1
 //SMS   0.0000E+00         1  0.0000E+00         1
#### Result step=     1
 ##### Local Summary @Node    :Max/IdMax/Min/IdMin####
 //U1    1.2000E-03         2  0.0000E+00         1
 //U2    1.0017E-18         2 -3.5972E-04         3
 //U3    1.2104E-18         3 -3.5972E-04         7
 //E11   1.1993E-03         3  1.1993E-03         2
 //E22  -3.5978E-04         2 -3.5978E-04         3
 //E33  -3.5978E-04         2 -3.5978E-04         3
 //E12   0.0000E+00         1  0.0000E+00         1
 //E23   0.0000E+00         1  0.0000E+00         1
 //E31   0.0000E+00         1  0.0000E+00         1
 //S11   1.1993E+02         3  1.1993E+02         2
 //S22   3.0752E-13         7 -2.6480E-13         2
 //S33   2.6762E-13         2 -2.4300E-13         7
 //S12   5.6896E-14         7 -5.6346E-14         3
 //S23   2.7107E-13         3 -2.6875E-13         6
 //S31   5.1953E-14         6 -6.5110E-14         7
 //SMS   1.1993E+02         3  1.1993E+02         2
 ##### Local Summary @Element :Max/IdMax/Min/IdMin####
 //E11   1.1993E-03         1  1.1993E-03         1
 //E22  -3.5978E-04         1 -3.5978E-04         1
 //E33  -3.5978E-04         1 -3.5978E-04         1
 //E12   0.0000E+00         1  0.0000E+00         1
 //E23   0.0000E+00         1  0.0000E+00         1
 //E31   0.0000E+00         1  0.0000E+00         1
 //S11   1.1993E+02         1  1.1993E+02         1
 //S22   4.4409E-15         1  4.4409E-15         1
 //S33   2.6645E-15         1  2.6645E-15         1
 //S12  -2.2479E-15         1 -2.2479E-15         1
 //S23   1.4986E-15         1  1.4986E-15         1
 //S31   6.8414E-16         1  6.8414E-16         1
 //SMS   1.1993E+02         1  1.1993E+02         1
 ##### Global Summary @Node    :Max/IdMax/Min/IdMin####
 //U1    1.2000E-03         2  0.0000E+00         1
 //U2    1.0017E-18         2 -3.5972E-04         3
 //U3    1.2104E-18         3 -3.5972E-04         7
 //E11   1.1993E-03         3  1.1993E-03         2
 //E22  -3.5978E-04         2 -3.5978E-04         3
 //E33  -3.5978E-04         2 -3.5978E-04         3
 //E12   0.0000E+00         1  0.0000E+00         1
 //E23   0.0000E+00         1  0.0000E+00         1
 //E31   0.0000E+00         1  0.0000E+00         1
 //S11   1.1993E+02         3  1.1993E+02         2
 //S22   3.0752E-13         7 -2.6480E-13         2
 //S33   2.6762E-13         2 -2.4300E-13         7
 //S12   5.6896E-14         7 -5.6346E-14         3
 //S23   2.7107E-13         3 -2.6875E-13         6
 //S31   5.1953E-14         6 -6.5110E-14         7
 //SMS   1.1993E+02         3  1.1993E+02         2
 ##### Global Summary @Element :Max/IdMax/Min/IdMin####
 //E11   1.1993E-03         1  1.1993E-03         1
 //E22  -3.5978E-04         1 -3.5978E-04         1
 //E33  -3.5978E-04         1 -3.5978E-04         1
 //E12   0.0000E+00         1  0.0000E+00         1
 //E23   0.0000E+00         1  0.0000E+00         1
 //E31   0.0000E+00         1  0.0000E+00         1
 //S11   1.1993E+02         1  1.1993E+02         1
 //S22   4.4409E-15         1  4.4409E-15         1
 //S33   2.6645E-15         1  2.6645E-15         1
 //S12  -2.2479E-15         1 -2.2479E-15         1
 //S23   1.4986E-15         1  1.4986E-15         1
 //S31   6.8414E-16         1  6.8414E-16         1
 //SMS   1.1993E+02         1  1.1993E+02         1
#### Result step=     2
 ##### Local Summary @Node    :Max/IdMax/Min/IdMin####
 //U1    2.4000E-03         2  0.0000E+00         1
 //U2    1.2885E-18         2 -7.1888E-04         3
 //U3    1.6420E-18         3 -7.1888E-04         7
 //E11   2.3971E-03         3  2.3971E-03         2
 //E22  -7.1914E-04         2 -7.1914E-04         3
 //E33  -7.1914E-04         2 -7.1914E-04         3
 //E12   0.0000E+00         1  0.0000E+00         1
 //E23   0.0000E+00         1  0.0000E+00         1
 //E31   0.0000E+00         1  0.0000E+00         1
 //S11   2.3977E+02         3  2.3977E+02         2
 //S22   2.5083E-13         7 -2.6232E-13         2
 //S33   2.6169E-13         2 -2.6929E-13         7
 //S12   5.2303E-14         2 -5.6335E-14         3
 //S23   2.5303E-13         3 -2.5741E-13         6
 //S31   6.6507E-14         3 -7.3120E-14         7
 //SMS   2.3977E+02         3  2.3977E+02         2
 ##### Local Summary @Element :Max/IdMax/Min/IdMin####
 //E11   2.3971E-03         1  2.3971E-03         1
 //E22  -7.1914E-04         1 -7.1914E-04         1
 //E33  -7.1914E-04         1 -7.1914E-04         1
 //E12   0.0000E+00         1  0.0000E+00         1
 //E23   0.0000E+00         1  0.0000E+00         1
 //E31   0.0000E+00         1  0.0000E+00         1
 //S11   2.3977E+02         1  2.3977E+02         1
 //S22  -2.5755E-14         1 -2.5755E-14         1
 //S33  -2.8420E-14         1 -2.8420E-14         1
 //S12  -5.2835E-15         1 -5.2835E-15         1
 //S23  -5.5311E-16         1 -5.5311E-16         1
 //S31  -7.5283E-16         1 -7.5283E-16         1
 //SMS   2.3977E+02         1  2.3977E+02         1
 ##### Global Summary @Node    :Max/IdMax/Min/IdMin####
 //U1    2.4000E-03         2  0.0000E+00         1
 //U2    1.2885E-18         2 -7.1888E-04         3
 //U3    1.6420E-18         3 -7.1888E-04         7
 //E11   2.3971E-03         3  2.3971E-03         2
 //E22  -7.1914E-04         2 -7.1914E-04         3
 //E33  -7.1914E-04         2 -7.1914E-04         3
 //E12   0.0000E+00         1  0.0000E+00         1
 //E23   0.0000E+00         1  0.0000E+00         1
 //E31   0.0000E+00         1  0.0000E+00         1
 //S11   2.3977E+02         3  2.3977E+02         2
 //S22   2.5083E-13         7 -2.6232E-13         2
 //S33   2.6169E-13         2 -2.6929E-13         7
 //S12   5.2303E-14         2 -5.6335E-14         3
 //S23   2.5303E-13         3 -2.5741E-13         6
 //S31   6.6507E-14         3 -7.3120E-14         7
 //SMS   2.3977E+02         3  2.3977E+02         2
 ##### Global Summary @Element :Max/IdMax/Min/IdMin####
 //E11   2.3971E-03         1  2.3971E-03         1
 //E22  -7.1914E-04         1 -7.1914E-04         1
 //E33  -7.1914E-04         1 -7.1914E-04         1
 //E12   0.0000E+00         1  0.0000E+00         1
 //E23   0.0000E+00         1  0.0000E+00         1
 //E31   0.0000E+00         1  0.0000E+00         1
 //S11   2.3977E+02         1  2.3977E+02         1
 //S22  -2.5755E-14         1 -2.5755E-14         1
 //S33  -2.8420E-14         1 -2.8420E-14         1
 //S12  -5.2835E-15         1 -5.2835E-15         1
 //S23  -5.5311E-16         1 -5.5311E-16         1
 //S31  -7.5283E-16         1 -7.5283E-16         1
 //SMS   2.3977E+02         1  2.3977E+02         1
#### Result step=     3
 ##### Local Summary @Node    :Max/IdMax/Min/IdMin####
 //U1    3.6000E-03         2  0.0000E+00         1
 //U2    0.0000E+00         1 -1.0775E-03         4
 //U3    5.6718E-17         3 -1.0775E-03         7
 //E11   3.5935E-03         3  3.5935E-03         2
 //E22  -1.0781E-03         7 -1.0781E-03         3
 //E33  -1.0781E-03         5 -1.0781E-03         6
 //E12   0.0000E+00         1  0.0000E+00         1
 //E23   0.0000E+00         1  0.0000E+00         1
 //E31   0.0000E+00         1  0.0000E+00         1
 //S11   3.5953E+02         3  3.5953E+02         2
 //S22  -2.5819E-08         7 -2.5829E-08         1
 //S33  -2.5830E-08         1 -2.5841E-08         7
 //S12   2.2387E-12         7 -2.1941E-12         6
 //S23   3.9416E-12         3 -3.9450E-12         6
 //S31   2.1918E-12         3 -2.2513E-12         7
 //SMS   3.5953E+02         3  3.5953E+02         6
 ##### Local Summary @Element :Max/IdMax/Min/IdMin####
 //E11   3.5935E-03         1  3.5935E-03         1
 //E22  -1.0781E-03         1 -1.0781E-03         1
 //E33  -1.0781E-03         1 -1.0781E-03         1
 //E12   0.0000E+00         1  0.0000E+00         1
 //E23   0.0000E+00         1  0.0000E+00         1
 //E31   0.0000E+00         1  0.0000E+00         1
 //S11   3.5953E+02         1  3.5953E+02         1
 //S22  -2.5826E-08         1 -2.5826E-08         1
 //S33  -2.5834E-08         1 -2.5834E-08         1
 //S12   3.8316E-15         1  3.8316E-15         1
 //S23  -5.0450E-16         1 -5.0450E-16         1
 //S31  -1.0632E-14         1 -1.0632E-14         1
 //SMS   3.5953E+02         1  3.5953E+02         1
 ##### Global Summary @Node    :Max/IdMax/Min/IdMin####
 //U1    3.6000E-03         2  0.0000E+00         1
 //U2    0.0000E+00         1 -1.0775E-03         4
 //U3    5.6718E-17         3 -1.0775E-03         7
 //E11   3.5935E-03         3  3.5935E-03         2
 //E22  -1.0781E-03         7 -1.0781E-03         3
 //E33  -1.0781E-03         5 -1.0781E-03         6
 //E12   0.0000E+00         1  0.0000E+00         1
 //E23   0.0000E+00         1  0.0000E+00         1
 //E31   0.0000E+00         1  0.0000E+00         1
 //S11   3.5953E+02         3  3.5953E+02         2
 //S22  -2.5819E-08         7 -2.5829E-08         1
 //S33  -2.5830E-08         1 -2.5841E-08         7
 //S12   2.2387E-12         7 -2.1941E-12         6
 //S23   3.9416E-12         3 -3.9450E-12         6
 //S31   2.1918E-12         3 -2.2513E-12         7
 //SMS   3.5953E+02         3  3.5953E+02         6
 ##### Global Summary @Element :Max/IdMax/Min/IdMin####
 //E11   3.5935E-03         1  3.5935E-03         1
 //E22  -1.0781E-03         1 -1.0781E-03         1
 //E33  -1.0781E-03         1 -1.0781E-03         1
 //E12   0.0000E+00         1  0.0000E+00         1
 //E23   0.0000E+00         1  0.0000E+00         1
 //E31   0.0000E+00         1  0.0000E+00         1
 //S11   3.5953E+02         1  3.5953E+02         1
 //S22  -2.5826E-08         1 -2.5826E-08         1
 //S33  -2.5834E-08         1 -2.5834E-08         1
 //S12   3.8316E-15         1  3.8316E-15         1
 //S23  -5.0450E-16         1 -5.0450E-16         1
 //S31  -1.0632E-14         1 -1.0632E-14         1
 //SMS   3.5953E+02         1  3.5953E+02         1
#### Result step=     4
 ##### Local Summary @Node    :Max/IdMax/Min/IdMin####
 //U1    4.8000E-03         2  0.0000E+00         1
 //U2    0.0000E+00         1 -1.4355E-03         3
 //U3    3.6699E-17         3 -1.4355E-03         7
 //E11   4.7885E-03         3  4.7885E-03         4
 //E22  -1.4366E-03         2 -1.4366E-03         3
 //E33  -1.4366E-03         2 -1.4366E-03         3
 //E12   0.0000E+00         1  0.0000E+00         1
 //E23   0.0000E+00         1  0.0000E+00         1
 //E31   0.0000E+00         1  0.0000E+00         1
 //S11   4.7920E+02         3  4.7920E+02         7
 //S22  -2.4488E-08         7 -2.4494E-08         1
 //S33  -2.4492E-08         2 -2.4498E-08         7
 //S12   1.3485E-12         7 -1.2867E-12         6
 //S23   3.1833E-12         3 -3.1729E-12         6
 //S31   1.4148E-12         3 -1.4767E-12         7
 //SMS   4.7920E+02         3  4.7920E+02         6
 ##### Local Summary @Element :Max/IdMax/Min/IdMin####
 //E11   4.7885E-03         1  4.7885E-03         1
 //E22  -1.4366E-03         1 -1.4366E-03         1
 //E33  -1.4366E-03         1 -1.4366E-03         1
 //E12   0.0000E+00         1  0.0000E+00         1
 //E23   0.0000E+00         1  0.0000E+00         1
 //E31   0.0000E+00         1  0.0000E+00         1
 //S11   4.7920E+02         1  4.7920E+02         1
 //S22  -2.4492E-08         1 -2.4492E-08         1
 //S33  -2.4494E-08         1 -2.4494E-08         1
 //S12   2.3933E-15         1  2.3933E-15         1
 //S23   2.1178E-15         1  2.1178E-15         1
 //S31   3.3818E-15         1  3.3818E-15         1
 //SMS   4.7920E+02         1  4.7920E+02         1
 ##### Global Summary @Node    :Max/IdMax/Min/IdMin####
 //U1    4.8000E-03         2  0.0000E+00         1
 //U2    0.0000E+00         1 -1.4355E-03         3
 //U3    3.6699E-17         3 -1.4355E-03         7
 //E11   4.7885E-03         3  4.7885E-03         4
 //E22  -1.4366E-03         2 -1.4366E-03         3
 //E33  -1.4366E-03         2 -1.4366E-03         3
 //E12   0.0000E+00         1  0.0000E+00         1
 //E23   0.0000E+00         1  0.0000E+00         1
 //E31   0.0000E+00         1  0.0000E+00         1
 //S11   4.7920E+02         3  4.7920E+02         7
 //S22  -2.4488E-08         7 -2.4494E-08         1
 //S33  -2.4492E-08         2 -2.4498E-08         7
 //S12   1.3485E-12         7 -1.2867E-12         6
 //S23   3.1833E-12         3 -3.1729E-12         6
 //S31   1.4148E-12         3 -1.4767E-12         7
 //SMS   4.7920E+02         3  4.7920E+02         6
 ##### Global Summary @Element :Max/IdMax/Min/IdMin####
 //E11   4.7885E-03         1  4.7885E-03         1
 //E22  -1.4366E-03         1 -1.4366E-03         1
 //E33  -1.4366E-03         1 -1.4366E-03         1
 //E12   0.0000E+00         1  0.0000E+00         1
 //E23   0.0000E+00         1  0.0000E+00         1
 //E31   0.0000E+00         1  0.0000E+00         1
 //S11   4.7920E+02         1  4.7920E+02         1
 //S22  -2.4492E-08         1 -2.4492E-08         1
 //S33  -2.4494E-08         1 -2.4494E-08         1
 //S12   2.3933E-15         1  2.3933E-15         1
 //S23   2.1178E-15         1  2.1178E-15         1
 //S31   3.3818E-15         1  3.3818E-15         1
 //SMS   4.7920E+02         1  4.7920E+02         1
#### Result step=     5
 ##### Local Summary @Node    :Max/IdMax/Min/IdMin####
 //U1    6.0000E-03         2  0.0000E+00         1
 //U2    0.0000E+00         1 -1.7930E-03         4
 //U3    5.9540E-17         3 -1.7930E-03         7
 //E11   5.9821E-03         3  5.9821E-03         2
 //E22  -1.7946E-03         2 -1.7946E-03         3
 //E33  -1.7946E-03         2 -1.7946E-03         6
 //E12   0.0000E+00         1  0.0000E+00         1
 //E23   0.0000E+00         1  0.0000E+00         1
 //E31   0.0000E+00         1  0.0000E+00         1
 //S11   5.9878E+02         3  5.9878E+02         2
 //S22  -2.5562E-08         7 -2.5572E-08         1
 //S33  -2.5575E-08         1 -2.5585E-08         7
 //S12   2.2797E-12         7 -2.2997E-12         6
 //S23   4.1528E-12         3 -4.1730E-12         6
 //S31   2.2965E-12         3 -2.3037E-12         7
 //SMS   5.9878E+02         3  5.9878E+02         6
 ##### Local Summary @Element :Max/IdMax/Min/IdMin####
 //E11   5.9821E-03         1  5.9821E-03         1
 //E22  -1.7946E-03         1 -1.7946E-03         1
 //E33  -1.7946E-03         1 -1.7946E-03         1
 //E12   0.0000E+00         1  0.0000E+00         1
 //E23   0.0000E+00         1  0.0000E+00         1
 //E31   0.0000E+00         1  0.0000E+00         1
 //S11   5.9878E+02         1  5.9878E+02         1
 //S22  -2.5569E-08         1 -2.5569E-08         1
 //S33  -2.5578E-08         1 -2.5578E-08         1
 //S12   2.2961E-15         1  2.2961E-15         1
 //S23  -6.4167E-15         1 -6.4167E-15         1
 //S31  -7.6213E-15         1 -7.6213E-15         1
 //SMS   5.9878E+02         1  5.9878E+02         1
 ##### Global Summary @Node    :Max/IdMax/Min/IdMin####
 //U1    6.0000E-03         2  0.0000E+00         1
 //U2    0.0000E+00         1 -1.7930E-03         4
 //U3    5.9540E-17         3 -1.7930E-03         7
 //E11   5.9821E-03         3  5.9821E-03         2
 //E22  -1.7946E-03         2 -1.7946E-03         3
 //E33  -1.7946E-03         2 -1.7946E-03         6
 //E12   0.0000E+00         1  0.0000E+00         1
 //E23   0.0000E+00         1  0.0000E+00         1
 //E31   0.0000E+00         1  0.0000E+00         1
 //S11   5.9878E+02         3  5.9878E+02         2
 //S22  -2.5562E-08         7 -2.5572E-08         1
 //S33  -2.5575E-08         1 -2.5585E-08         7
 //S12   2.2797E-12         7 -2.2997E-12         6
 //S23   4.1528E-12         3 -4.1730E-12         6
 //S31   2.2965E-12         3 -2.3037E-12         7
 //SMS   5.9878E+02         3  5.9878E+02         6
 ##### Global Summary @Element :Max/IdMax/Min/IdMin####
 //E11   5.9821E-03         1  5.9821E-03         1
 //E22  -1.7946E-03         1 -1.7946E-03         1
 //E33  -1.7946E-03         1 -1.7946E-03         1
 //E12   0.0000E+00         1  0.0000E+00         1
 //E23   0.0000E+00         1  0.0000E+00         1
 //E31   0.0000E+00         1  0.0000E+00         1
 //S11   5.9878E+02         1  5.9878E+02         1
 //S22  -2.5569E-08         1 -2.5569E-08         1
 //S33  -2.5578E-08         1 -2.5578E-08         1
 //S12   2.2961E-15         1  2.2961E-15         1
 //S23  -6.4167E-15         1 -6.4167E-15         1
 //S31  -7.6213E-15         1 -7.6213E-15         1
 //SMS   5.9878E+02         1  5.9878E+02         1
#### Result step=     6
 ##### Local Summary @Node    :Max/IdMax/Min/IdMin####
 //U1    7.2000E-03         2  0.0000E+00         1
 //U2    0.0000E+00         1 -2.1499E-03         4
 //U3    5.6090E-17         3 -2.1499E-03         7
 //E11   7.1742E-03         3  7.1742E-03         2
 //E22  -2.1523E-03         7 -2.1523E-03         6
 //E33  -2.1523E-03         7 -2.1523E-03         6
 //E12   0.0000E+00         1  0.0000E+00         1
 //E23   0.0000E+00         1  0.0000E+00         1
 //E31   0.0000E+00         1  0.0000E+00         1
 //S11   7.1828E+02         3  7.1828E+02         2
 //S22  -2.3344E-08         7 -2.3354E-08         1
 //S33  -2.3350E-08         1 -2.3360E-08         7
 //S12   2.0746E-12         7 -2.0598E-12         6
 //S23   4.2950E-12         3 -4.2758E-12         6
 //S31   2.1633E-12         3 -2.1454E-12         7
 //SMS   7.1828E+02         3  7.1828E+02         6
 ##### Local Summary @Element :Max/IdMax/Min/IdMin####
 //E11   7.1742E-03         1  7.1742E-03         1
 //E22  -2.1523E-03         1 -2.1523E-03         1
 //E33  -2.1523E-03         1 -2.1523E-03         1
 //E12   0.0000E+00         1  0.0000E+00         1
 //E23   0.0000E+00         1  0.0000E+00         1
 //E31   0.0000E+00         1  0.0000E+00         1
 //S11   7.1828E+02         1  7.1828E+02         1
 //S22  -2.3351E-08         1 -2.3351E-08         1
 //S33  -2.3353E-08         1 -2.3353E-08         1
 //S12  -3.9203E-15         1 -3.9203E-15         1
 //S23  -3.8135E-15         1 -3.8135E-15         1
 //S31   1.3460E-14         1  1.3460E-14         1
 //SMS   7.1828E+02         1  7.1828E+02         1
 ##### Global Summary @Node    :Max/IdMax/Min/IdMin####
 //U1    7.2000E-03         2  0.0000E+00         1
 //U2    0.0000E+00         1 -2.1499E-03         4
 //U3    5.6090E-17         3 -2.1499E-03         7
 //E11   7.1742E-03         3  7.1742E-03         2
 //E22  -2.1523E-03         7 -2.1523E-03         6
 //E33  -2.1523E-03         7 -2.1523E-03         6
 //E12   0.0000E+00         1  0.0000E+00         1
 //E23   0.0000E+00         1  0.0000E+00         1
 //E31   0.0000E+00         1  0.0000E+00         1
 //S11   7.1828E+02         3  7.1828E+02         2
 //S22  -2.3344E-08         7 -2.3354E-08         1
 //S33  -2.3350E-08         1 -2.3360E-08         7
 //S12   2.0746E-12         7 -2.0598E-12         6
 //S23   4.2950E-12         3 -4.2758E-12         6
 //S31   2.1633E-12         3 -2.1454E-12         7
 //SMS   7.1828E+02         3  7.1828E+02         6
 ##### Global Summary @Element :Max/IdMax/Min/IdMin####
 //E11   7.1742E-03         1  7.1742E-03         1
 //E22  -2.1523E-03         1 -2.1523E-03         1
 //E33  -2.1523E-03         1 -2.1523E-03         1
 //E12   0.0000E+00         1  0.0000E+00         1
 //E23   0.0000E+00         1  0.0000E+00         1
 //E31   0.0000E+00         1  0.0000E+00         1
 //S11   7.1828E+02         1  7.1828E+02         1
 //S22  -2.3351E-08         1 -2.3351E-08         1
 //S33  -2.3353E-08         1 -2.3353E-08         1
 //S12  -3.9203E-15         1 -3.9203E-15         1
 //S23  -3.8135E-15         1 -3.8135E-15         1
 //S31   1.3460E-14         1  1.3460E-14         1
 //SMS   7.1828E+02         1  7.1828E+02         1
#### Result step=     7
 ##### Local Summary @Node    :Max/IdMax/Min/IdMin####
 //U1    8.4000E-03         2  0.0000E+00         1
 //U2    0.0000E+00         1 -2.5063E-03         4
 //U3    6.9535E-17         3 -2.5063E-03         7
 //E11   8.3649E-03         3  8.3649E-03         2
 //E22  -2.5095E-03         8 -2.5095E-03         4
 //E33  -2.5095E-03         1 -2.5095E-03         4
 //E12   0.0000E+00         1  0.0000E+00         1
 //E23   0.0000E+00         1  0.0000E+00         1
 //E31   0.0000E+00         1  0.0000E+00         1
 //S11   8.3769E+02         3  8.3769E+02         4
 //S22  -2.5086E-08         7 -2.5098E-08         1
 //S33  -2.5101E-08         1 -2.5114E-08         7
 //S12   2.6504E-12         7 -2.6546E-12         6
 //S23   5.1177E-12         3 -5.1684E-12         6
 //S31   2.6900E-12         3 -2.7141E-12         7
 //SMS   8.3769E+02         3  8.3769E+02         6
 ##### Local Summary @Element :Max/IdMax/Min/IdMin####
 //E11   8.3649E-03         1  8.3649E-03         1
 //E22  -2.5095E-03         1 -2.5095E-03         1
 //E33  -2.5095E-03         1 -2.5095E-03         1
 //E12   0.0000E+00         1  0.0000E+00         1
 //E23   0.0000E+00         1  0.0000E+00         1
 //E31   0.0000E+00         1  0.0000E+00         1
 //S11   8.3769E+02         1  8.3769E+02         1
 //S22  -2.5094E-08         1 -2.5094E-08         1
 //S33  -2.5105E-08         1 -2.5105E-08         1
 //S12   3.3612E-15         1  3.3612E-15         1
 //S23   9.5741E-16         1  9.5741E-16         1
 //S31   9.7279E-15         1  9.7279E-15         1
 //SMS   8.3769E+02         1  8.3769E+02         1
 ##### Global Summary @Node    :Max/IdMax/Min/IdMin####
 //U1    8.4000E-03         2  0.0000E+00         1
 //U2    0.0000E+00         1 -2.5063E-03         4
 //U3    6.9535E-17         3 -2.5063E-03         7
 //E11   8.3649E-03         3  8.3649E-03         2
 //E22  -2.5095E-03         8 -2.5095E-03         4
 //E33  -2.5095E-03         1 -2.5095E-03         4
 //E12   0.0000E+00         1  0.0000E+00         1
 //E23   0.0000E+00         1  0.0000E+00         1
 //E31   0.0000E+00         1  0.0000E+00         1
 //S11   8.3769E+02         3  8.3769E+02         4
 //S22  -2.5086E-08         7 -2.5098E-08         1
 //S33  -2.5101E-08         1 -2.5114E-08         7
 //S12   2.6504E-12         7 -2.6546E-12         6
 //S23   5.1177E-12         3 -5.1684E-12         6
 //S31   2.6900E-12         3 -2.7141E-12         7
 //SMS   8.3769E+02         3  8.3769E+02         6
 ##### Global Summary @Element :Max/IdMax/Min/IdMin####
 //E11   8.3649E-03         1  8.3649E-03         1
 //E22  -2.5095E-03         1 -2.5095E-03         1
 //E33  -2.5095E-03         1 -2.5095E-03         1
 //E12   0.0000E+00         1  0.0000E+00         1
 //E23   0.0000E+00         1  0.0000E+00         1
 //E31   0.0000E+00         1  0.0000E+00         1
 //S11   8.3769E+02         1  8.3769E+02         1
 //S22  -2.5094E-08         1 -2.5094E-08         1
 //S33  -2.5105E-08         1 -2.5105E-08         1
 //S12   3.3612E-15         1  3.3612E-15         1
 //S23   9.5741E-16         1  9.5741E-16         1
 //S31   9.7279E-15         1  9.7279E-15         1
 //SMS   8.3769E+02         1  8.3769E+02         1
#### Result step=     8
 ##### Local Summary @Node    :Max/IdMax/Min/IdMin####
 //U1    9.6000E-03         2  0.0000E+00         1
 //U2    0.0000E+00         1 -2.8622E-03         4
 //U3    7.6502E-17         3 -2.8622E-03         7
 //E11   9.5542E-03         3  9.5542E-03         2
 //E22  -2.8663E-03         2 -2.8663E-03         4
 //E33  -2.8663E-03         1 -2.8663E-03         6
 //E12   0.0000E+00         1  0.0000E+00         1
 //E23   0.0000E+00         1  0.0000E+00         1
 //E31   0.0000E+00         1  0.0000E+00         1
 //S11   9.5702E+02         3  9.5702E+02         7
 //S22  -2.5090E-08         7 -2.5103E-08         1
 //S33  -2.5099E-08         1 -2.5113E-08         7
 //S12   2.7819E-12         8 -2.8888E-12         6
 //S23   5.7681E-12         3 -5.7402E-12         6
 //S31   2.9589E-12         3 -2.8629E-12         8
 //SMS   9.5702E+02         3  9.5702E+02         6
 ##### Local Summary @Element :Max/IdMax/Min/IdMin####
 //E11   9.5542E-03         1  9.5542E-03         1
 //E22  -2.8663E-03         1 -2.8663E-03         1
 //E33  -2.8663E-03         1 -2.8663E-03         1
 //E12   0.0000E+00         1  0.0000E+00         1
 //E23   0.0000E+00         1  0.0000E+00         1
 //E31   0.0000E+00         1  0.0000E+00         1
 //S11   9.5702E+02         1  9.5702E+02         1
 //S22  -2.5099E-08         1 -2.5099E-08         1
 //S33  -2.5103E-08         1 -2.5103E-08         1
 //S12  -8.2483E-15         1 -8.2483E-15         1
 //S23   9.3305E-15         1  9.3305E-15         1
 //S31  -8.8691E-16         1 -8.8691E-16         1
 //SMS   9.5702E+02         1  9.5702E+02         1
 ##### Global Summary @Node    :Max/IdMax/Min/IdMin####
 //U1    9.6000E-03         2  0.0000E+00         1
 //U2    0.0000E+00         1 -2.8622E-03         4
 //U3    7.6502E-17         3 -2.8622E-03         7
 //E11   9.5542E-03         3  9.5542E-03         2
 //E22  -2.8663E-03         2 -2.8663E-03         4
 //E33  -2.8663E-03         1 -2.8663E-03         6
 //E12   0.0000E+00         1  0.0000E+00         1
 //E23   0.0000E+00         1  0.0000E+00         1
 //E31   0.0000E+00         1  0.0000E+00         1
 //S11   9.5702E+02         3  9.5702E+02         7
 //S22  -2.5090E-08         7 -2.5103E-08         1
 //S33  -2.5099E-08         1 -2.5113E-08         7
 //S12   2.7819E-12         8 -2.8888E-12         6
 //S23   5.7681E-12         3 -5.7402E-12         6
 //S31   2.9589E-12         3 -2.8629E-12         8
 //SMS   9.5702E+02         3  9.5702E+02         6
 ##### Global Summary @Element :Max/IdMax/Min/IdMin####
 //E11   9.5542E-03         1  9.5542E-03         1
 //E22  -2.8663E-03         1 -2.8663E-03         1
 //E33  -2.8663E-03         1 -2.8663E-03         1
 //E12   0.0000E+00         1  0.0000E+00         1
 //E23   0.0000E+00         1  0.0000E+00         1
 //E31   0.0000E+00         1  0.0000E+00         1
 //S11   9.5702E+02         1  9.5702E+02         1
 //S22  -2.5099E-08         1 -2.5099E-08         1
 //S33  -2.5103E-08         1 -2.5103E-08         1
 //S12  -8.2483E-15         1 -8.2483E-15         1
 //S23   9.3305E-15         1  9.3305E-15         1
 //S31  -8.8691E-16         1 -8.8691E-16         1
 //SMS   9.5702E+02         1  9.5702E+02         1
### Fail to Converge  : at total_step=    1  sub_step=    9
