 fstr_setup: OK
#### Result step=     0
 ##### Local Summary @Node    :Max/IdMax/Min/IdMin####
 //U1    0.0000E+00         1  0.0000E+00         1
 //U2    0.0000E+00         1  0.0000E+00         1
 //U3    0.0000E+00         1  0.0000E+00         1
 //E11   0.0000E+00         1  0.0000E+00         1
 //E22   0.0000E+00         1  0.0000E+00         1
 //E33   0.0000E+00         1  0.0000E+00         1
 //E12   0.0000E+00         1  0.0000E+00         1
 //E23   0.0000E+00         1  0.0000E+00         1
 //E31   0.0000E+00         1  0.0000E+00         1
 //S11   0.0000E+00         1  0.0000E+00         1
 //S22   0.0000E+00         1  0.0000E+00         1
 //S33   0.0000E+00         1  0.0000E+00         1
 //S12   0.0000E+00         1  0.0000E+00         1
 //S23   0.0000E+00         1  0.0000E+00         1
 //S31   0.0000E+00         1  0.0000E+00         1
 //SMS   0.0000E+00         1  0.0000E+00         1
 ##### Local Summary @Element :Max/IdMax/Min/IdMin####
 //E11   0.0000E+00         1  0.0000E+00         1
 //E22   0.0000E+00         1  0.0000E+00         1
 //E33   0.0000E+00         1  0.0000E+00         1
 //E12   0.0000E+00         1  0.0000E+00         1
 //E23   0.0000E+00         1  0.0000E+00         1
 //E31   0.0000E+00         1  0.0000E+00         1
 //S11   0.0000E+00         1  0.0000E+00         1
 //S22   0.0000E+00         1  0.0000E+00         1
 //S33   0.0000E+00         1  0.0000E+00         1
 //S12   0.0000E+00         1  0.0000E+00         1
 //S23   0.0000E+00         1  0.0000E+00         1
 //S31   0.0000E+00         1  0.0000E+00         1
 //SMS   0.0000E+00         1  0.0000E+00         1
 ##### Global Summary @Node    :Max/IdMax/Min/IdMin####
 //U1    0.0000E+00         1  0.0000E+00         1
 //U2    0.0000E+00         1  0.0000E+00         1
 //U3    0.0000E+00         1  0.0000E+00         1
 //E11   0.0000E+00         1  0.0000E+00         1
 //E22   0.0000E+00         1  0.0000E+00         1
 //E33   0.0000E+00         1  0.0000E+00         1
 //E12   0.0000E+00         1  0.0000E+00         1
 //E23   0.0000E+00         1  0.0000E+00         1
 //E31   0.0000E+00         1  0.0000E+00         1
 //S11   0.0000E+00         1  0.0000E+00         1
 //S22   0.0000E+00         1  0.0000E+00         1
 //S33   0.0000E+00         1  0.0000E+00         1
 //S12   0.0000E+00         1  0.0000E+00         1
 //S23   0.0000E+00         1  0.0000E+00         1
 //S31   0.0000E+00         1  0.0000E+00         1
 //SMS   0.0000E+00         1  0.0000E+00         1
 ##### Global Summary @Element :Max/IdMax/Min/IdMin####
 //E11   0.0000E+00         1  0.0000E+00         1
 //E22   0.0000E+00         1  0.0000E+00         1
 //E33   0.0000E+00         1  0.0000E+00         1
 //E12   0.0000E+00         1  0.0000E+00         1
 //E23   0.0000E+00         1  0.0000E+00         1
 //E31   0.0000E+00         1  0.0000E+00         1
 //S11   0.0000E+00         1  0.0000E+00         1
 //S22   0.0000E+00         1  0.0000E+00         1
 //S33   0.0000E+00         1  0.0000E+00         1
 //S12   0.0000E+00         1  0.0000E+00         1
 //S23   0.0000E+00         1  0.0000E+00         1
 //S31   0.0000E+00         1  0.0000E+00         1
 //SMS   0.0000E+00         1  0.0000E+00         1
#### Result step=     1
 ##### Local Summary @Node    :Max/IdMax/Min/IdMin####
 //U1    0.0000E+00         1 -2.9806E-03        10
 //U2    1.0000E-02         9  0.0000E+00         1
 //U3    2.9806E-03        10  0.0000E+00        21
 //E11  -2.9851E-03         2 -2.9851E-03        10
 //E22   9.9503E-03        10  9.9503E-03         2
 //E33  -2.9851E-03         2 -2.9851E-03        10
 //E12   0.0000E+00         1  0.0000E+00         1
 //E23   0.0000E+00         1  0.0000E+00         1
 //E31   0.0000E+00         1  0.0000E+00         1
 //S11  -2.3431E-02         2 -2.3431E-02        10
 //S22   1.9900E+05        10  1.9900E+05         2
 //S33  -2.3431E-02         2 -2.3431E-02        10
 //S12   1.3812E-12        29 -1.3409E-11        30
 //S23   2.9445E-11        10 -4.7683E-12        22
 //S31   1.6254E-11        22 -1.8208E-11         1
 //SMS   1.9900E+05        10  1.9900E+05         2
 ##### Local Summary @Element :Max/IdMax/Min/IdMin####
 //E11  -2.9851E-03         1 -2.9851E-03         1
 //E22   9.9503E-03         1  9.9503E-03         1
 //E33  -2.9851E-03         1 -2.9851E-03         1
 //E12   0.0000E+00         1  0.0000E+00         1
 //E23   0.0000E+00         1  0.0000E+00         1
 //E31   0.0000E+00         1  0.0000E+00         1
 //S11  -2.3431E-02         1 -2.3431E-02         1
 //S22   1.9900E+05         1  1.9900E+05         1
 //S33  -2.3431E-02         1 -2.3431E-02         1
 //S12  -3.8051E-12         1 -3.8051E-12         1
 //S23   6.8545E-12         1  6.8545E-12         1
 //S31   2.8148E-12         1  2.8148E-12         1
 //SMS   1.9900E+05         1  1.9900E+05         1
 ##### Global Summary @Node    :Max/IdMax/Min/IdMin####
 //U1    0.0000E+00         1 -2.9806E-03        10
 //U2    1.0000E-02         9  0.0000E+00         1
 //U3    2.9806E-03        10  0.0000E+00        21
 //E11  -2.9851E-03         2 -2.9851E-03        10
 //E22   9.9503E-03        10  9.9503E-03         2
 //E33  -2.9851E-03         2 -2.9851E-03        10
 //E12   0.0000E+00         1  0.0000E+00         1
 //E23   0.0000E+00         1  0.0000E+00         1
 //E31   0.0000E+00         1  0.0000E+00         1
 //S11  -2.3431E-02         2 -2.3431E-02        10
 //S22   1.9900E+05        10  1.9900E+05         2
 //S33  -2.3431E-02         2 -2.3431E-02        10
 //S12   1.3812E-12        29 -1.3409E-11        30
 //S23   2.9445E-11        10 -4.7683E-12        22
 //S31   1.6254E-11        22 -1.8208E-11         1
 //SMS   1.9900E+05        10  1.9900E+05         2
 ##### Global Summary @Element :Max/IdMax/Min/IdMin####
 //E11  -2.9851E-03         1 -2.9851E-03         1
 //E22   9.9503E-03         1  9.9503E-03         1
 //E33  -2.9851E-03         1 -2.9851E-03         1
 //E12   0.0000E+00         1  0.0000E+00         1
 //E23   0.0000E+00         1  0.0000E+00         1
 //E31   0.0000E+00         1  0.0000E+00         1
 //S11  -2.3431E-02         1 -2.3431E-02         1
 //S22   1.9900E+05         1  1.9900E+05         1
 //S33  -2.3431E-02         1 -2.3431E-02         1
 //S12  -3.8051E-12         1 -3.8051E-12         1
 //S23   6.8545E-12         1  6.8545E-12         1
 //S31   2.8148E-12         1  2.8148E-12         1
 //SMS   1.9900E+05         1  1.9900E+05         1
#### Result step=     2
 ##### Local Summary @Node    :Max/IdMax/Min/IdMin####
 //U1    0.0000E+00         1 -3.8453E-03         2
 //U2    1.0000E-02         9  0.0000E+00         1
 //U3    3.8453E-03         1  0.0000E+00        21
 //E11  -3.8528E-03         2 -3.8528E-03        10
 //E22   9.9503E-03        10  9.9503E-03         9
 //E33  -3.8528E-03         2 -3.8528E-03        10
 //E12   0.0000E+00         1  0.0000E+00         1
 //E23   0.0000E+00         1  0.0000E+00         1
 //E31   0.0000E+00         1  0.0000E+00         1
 //S11   5.7597E+00        10  5.7597E+00        30
 //S22   1.1188E+05        10  1.1188E+05         2
 //S33   5.7597E+00        10  5.7597E+00        30
 //S12   4.7472E-12        22 -7.9257E-13         9
 //S23   9.3210E-12        10 -4.8203E-12         1
 //S31   5.0389E-12        10 -8.0450E-12         1
 //SMS   1.1187E+05        10  1.1187E+05         2
 ##### Local Summary @Element :Max/IdMax/Min/IdMin####
 //E11  -3.8528E-03         1 -3.8528E-03         1
 //E22   9.9503E-03         1  9.9503E-03         1
 //E33  -3.8528E-03         1 -3.8528E-03         1
 //E12   0.0000E+00         1  0.0000E+00         1
 //E23   0.0000E+00         1  0.0000E+00         1
 //E31   0.0000E+00         1  0.0000E+00         1
 //S11   5.7597E+00         1  5.7597E+00         1
 //S22   1.1188E+05         1  1.1188E+05         1
 //S33   5.7597E+00         1  5.7597E+00         1
 //S12   1.5549E-12         1  1.5549E-12         1
 //S23   1.3226E-12         1  1.3226E-12         1
 //S31  -3.8766E-13         1 -3.8766E-13         1
 //SMS   1.1187E+05         1  1.1187E+05         1
 ##### Global Summary @Node    :Max/IdMax/Min/IdMin####
 //U1    0.0000E+00         1 -3.8453E-03         2
 //U2    1.0000E-02         9  0.0000E+00         1
 //U3    3.8453E-03         1  0.0000E+00        21
 //E11  -3.8528E-03         2 -3.8528E-03        10
 //E22   9.9503E-03        10  9.9503E-03         9
 //E33  -3.8528E-03         2 -3.8528E-03        10
 //E12   0.0000E+00         1  0.0000E+00         1
 //E23   0.0000E+00         1  0.0000E+00         1
 //E31   0.0000E+00         1  0.0000E+00         1
 //S11   5.7597E+00        10  5.7597E+00        30
 //S22   1.1188E+05        10  1.1188E+05         2
 //S33   5.7597E+00        10  5.7597E+00        30
 //S12   4.7472E-12        22 -7.9257E-13         9
 //S23   9.3210E-12        10 -4.8203E-12         1
 //S31   5.0389E-12        10 -8.0450E-12         1
 //SMS   1.1187E+05        10  1.1187E+05         2
 ##### Global Summary @Element :Max/IdMax/Min/IdMin####
 //E11  -3.8528E-03         1 -3.8528E-03         1
 //E22   9.9503E-03         1  9.9503E-03         1
 //E33  -3.8528E-03         1 -3.8528E-03         1
 //E12   0.0000E+00         1  0.0000E+00         1
 //E23   0.0000E+00         1  0.0000E+00         1
 //E31   0.0000E+00         1  0.0000E+00         1
 //S11   5.7597E+00         1  5.7597E+00         1
 //S22   1.1188E+05         1  1.1188E+05         1
 //S33   5.7597E+00         1  5.7597E+00         1
 //S12   1.5549E-12         1  1.5549E-12         1
 //S23   1.3226E-12         1  1.3226E-12         1
 //S31  -3.8766E-13         1 -3.8766E-13         1
 //SMS   1.1187E+05         1  1.1187E+05         1
#### Result step=     3
 ##### Local Summary @Node    :Max/IdMax/Min/IdMin####
 //U1    0.0000E+00         1 -4.0902E-03        22
 //U2    1.0000E-02         9  0.0000E+00         1
 //U3    4.0902E-03         2  0.0000E+00        21
 //E11  -4.0986E-03         2 -4.0986E-03        10
 //E22   9.9503E-03        10  9.9503E-03         2
 //E33  -4.0986E-03         2 -4.0986E-03        10
 //E12   0.0000E+00         1  0.0000E+00         1
 //E23   0.0000E+00         1  0.0000E+00         1
 //E31   0.0000E+00         1  0.0000E+00         1
 //S11   2.4508E+00        10  2.4508E+00         2
 //S22   8.7246E+04        10  8.7246E+04         2
 //S33   2.4508E+00        10  2.4508E+00         2
 //S12   3.5413E-12        22 -1.0707E-12         2
 //S23   3.4233E-12        29 -9.7764E-12         2
 //S31   9.9720E-12         1 -3.3001E-12        22
 //SMS   8.7244E+04        10  8.7244E+04         2
 ##### Local Summary @Element :Max/IdMax/Min/IdMin####
 //E11  -4.0986E-03         1 -4.0986E-03         1
 //E22   9.9503E-03         1  9.9503E-03         1
 //E33  -4.0986E-03         1 -4.0986E-03         1
 //E12   0.0000E+00         1  0.0000E+00         1
 //E23   0.0000E+00         1  0.0000E+00         1
 //E31   0.0000E+00         1  0.0000E+00         1
 //S11   2.4508E+00         1  2.4508E+00         1
 //S22   8.7246E+04         1  8.7246E+04         1
 //S33   2.4508E+00         1  2.4508E+00         1
 //S12   7.1720E-13         1  7.1720E-13         1
 //S23  -1.4256E-12         1 -1.4256E-12         1
 //S31   1.5024E-12         1  1.5024E-12         1
 //SMS   8.7244E+04         1  8.7244E+04         1
 ##### Global Summary @Node    :Max/IdMax/Min/IdMin####
 //U1    0.0000E+00         1 -4.0902E-03        22
 //U2    1.0000E-02         9  0.0000E+00         1
 //U3    4.0902E-03         2  0.0000E+00        21
 //E11  -4.0986E-03         2 -4.0986E-03        10
 //E22   9.9503E-03        10  9.9503E-03         2
 //E33  -4.0986E-03         2 -4.0986E-03        10
 //E12   0.0000E+00         1  0.0000E+00         1
 //E23   0.0000E+00         1  0.0000E+00         1
 //E31   0.0000E+00         1  0.0000E+00         1
 //S11   2.4508E+00        10  2.4508E+00         2
 //S22   8.7246E+04        10  8.7246E+04         2
 //S33   2.4508E+00        10  2.4508E+00         2
 //S12   3.5413E-12        22 -1.0707E-12         2
 //S23   3.4233E-12        29 -9.7764E-12         2
 //S31   9.9720E-12         1 -3.3001E-12        22
 //SMS   8.7244E+04        10  8.7244E+04         2
 ##### Global Summary @Element :Max/IdMax/Min/IdMin####
 //E11  -4.0986E-03         1 -4.0986E-03         1
 //E22   9.9503E-03         1  9.9503E-03         1
 //E33  -4.0986E-03         1 -4.0986E-03         1
 //E12   0.0000E+00         1  0.0000E+00         1
 //E23   0.0000E+00         1  0.0000E+00         1
 //E31   0.0000E+00         1  0.0000E+00         1
 //S11   2.4508E+00         1  2.4508E+00         1
 //S22   8.7246E+04         1  8.7246E+04         1
 //S33   2.4508E+00         1  2.4508E+00         1
 //S12   7.1720E-13         1  7.1720E-13         1
 //S23  -1.4256E-12         1 -1.4256E-12         1
 //S31   1.5024E-12         1  1.5024E-12         1
 //SMS   8.7244E+04         1  8.7244E+04         1
#### Result step=     4
 ##### Local Summary @Node    :Max/IdMax/Min/IdMin####
 //U1    0.0000E+00         1 -4.2054E-03        22
 //U2    1.0000E-02         9  0.0000E+00         1
 //U3    4.2054E-03         1  0.0000E+00        21
 //E11  -4.2142E-03         2 -4.2142E-03        10
 //E22   9.9503E-03        10  9.9503E-03         2
 //E33  -4.2142E-03         2 -4.2142E-03        10
 //E12   0.0000E+00         1  0.0000E+00         1
 //E23   0.0000E+00         1  0.0000E+00         1
 //E31   0.0000E+00         1  0.0000E+00         1
 //S11   6.1954E+01        10  6.1954E+01         2
 //S22   7.5544E+04        10  7.5544E+04         2
 //S33   6.1954E+01        10  6.1954E+01         2
 //S12   4.7452E-13        29 -6.1748E-12        30
 //S23   6.9842E-12        10 -1.8763E-12        22
 //S31   8.1466E-12         9 -1.3438E-11        30
 //SMS   7.5482E+04        10  7.5482E+04         2
 ##### Local Summary @Element :Max/IdMax/Min/IdMin####
 //E11  -4.2142E-03         1 -4.2142E-03         1
 //E22   9.9503E-03         1  9.9503E-03         1
 //E33  -4.2142E-03         1 -4.2142E-03         1
 //E12   0.0000E+00         1  0.0000E+00         1
 //E23   0.0000E+00         1  0.0000E+00         1
 //E31   0.0000E+00         1  0.0000E+00         1
 //S11   6.1954E+01         1  6.1954E+01         1
 //S22   7.5544E+04         1  7.5544E+04         1
 //S33   6.1954E+01         1  6.1954E+01         1
 //S12  -1.5592E-12         1 -1.5592E-12         1
 //S23   2.1165E-12         1  2.1165E-12         1
 //S31  -1.2418E-12         1 -1.2418E-12         1
 //SMS   7.5482E+04         1  7.5482E+04         1
 ##### Global Summary @Node    :Max/IdMax/Min/IdMin####
 //U1    0.0000E+00         1 -4.2054E-03        22
 //U2    1.0000E-02         9  0.0000E+00         1
 //U3    4.2054E-03         1  0.0000E+00        21
 //E11  -4.2142E-03         2 -4.2142E-03        10
 //E22   9.9503E-03        10  9.9503E-03         2
 //E33  -4.2142E-03         2 -4.2142E-03        10
 //E12   0.0000E+00         1  0.0000E+00         1
 //E23   0.0000E+00         1  0.0000E+00         1
 //E31   0.0000E+00         1  0.0000E+00         1
 //S11   6.1954E+01        10  6.1954E+01         2
 //S22   7.5544E+04        10  7.5544E+04         2
 //S33   6.1954E+01        10  6.1954E+01         2
 //S12   4.7452E-13        29 -6.1748E-12        30
 //S23   6.9842E-12        10 -1.8763E-12        22
 //S31   8.1466E-12         9 -1.3438E-11        30
 //SMS   7.5482E+04        10  7.5482E+04         2
 ##### Global Summary @Element :Max/IdMax/Min/IdMin####
 //E11  -4.2142E-03         1 -4.2142E-03         1
 //E22   9.9503E-03         1  9.9503E-03         1
 //E33  -4.2142E-03         1 -4.2142E-03         1
 //E12   0.0000E+00         1  0.0000E+00         1
 //E23   0.0000E+00         1  0.0000E+00         1
 //E31   0.0000E+00         1  0.0000E+00         1
 //S11   6.1954E+01         1  6.1954E+01         1
 //S22   7.5544E+04         1  7.5544E+04         1
 //S33   6.1954E+01         1  6.1954E+01         1
 //S12  -1.5592E-12         1 -1.5592E-12         1
 //S23   2.1165E-12         1  2.1165E-12         1
 //S31  -1.2418E-12         1 -1.2418E-12         1
 //SMS   7.5482E+04         1  7.5482E+04         1
#### Result step=     5
 ##### Local Summary @Node    :Max/IdMax/Min/IdMin####
 //U1    0.0000E+00         1 -4.2765E-03        22
 //U2    1.0000E-02         9  0.0000E+00         1
 //U3    4.2765E-03         9  0.0000E+00        21
 //E11  -4.2857E-03         2 -4.2857E-03        10
 //E22   9.9503E-03         1  9.9503E-03         9
 //E33  -4.2857E-03         2 -4.2857E-03        10
 //E12   0.0000E+00         1  0.0000E+00         1
 //E23   0.0000E+00         1  0.0000E+00         1
 //E31   0.0000E+00         1  0.0000E+00         1
 //S11   3.1216E+01        10  3.1216E+01         2
 //S22   6.8453E+04        10  6.8453E+04         2
 //S33   3.1216E+01        10  3.1216E+01         2
 //S12   1.7497E-09        10 -4.8774E-13         9
 //S23   4.9843E-10        10 -1.6932E-12        22
 //S31   3.7811E-13        29 -1.4618E-09        10
 //SMS   6.8422E+04        10  6.8422E+04         2
 ##### Local Summary @Element :Max/IdMax/Min/IdMin####
 //E11  -4.2857E-03         1 -4.2857E-03         1
 //E22   9.9503E-03         1  9.9503E-03         1
 //E33  -4.2857E-03         1 -4.2857E-03         1
 //E12   0.0000E+00         1  0.0000E+00         1
 //E23   0.0000E+00         1  0.0000E+00         1
 //E31   0.0000E+00         1  0.0000E+00         1
 //S11   3.1216E+01         1  3.1216E+01         1
 //S22   6.8453E+04         1  6.8453E+04         1
 //S33   3.1216E+01         1  3.1216E+01         1
 //S12   6.8175E-10         1  6.8175E-10         1
 //S23   1.2982E-10         1  1.2982E-10         1
 //S31  -6.5600E-10         1 -6.5600E-10         1
 //SMS   6.8422E+04         1  6.8422E+04         1
 ##### Global Summary @Node    :Max/IdMax/Min/IdMin####
 //U1    0.0000E+00         1 -4.2765E-03        22
 //U2    1.0000E-02         9  0.0000E+00         1
 //U3    4.2765E-03         9  0.0000E+00        21
 //E11  -4.2857E-03         2 -4.2857E-03        10
 //E22   9.9503E-03         1  9.9503E-03         9
 //E33  -4.2857E-03         2 -4.2857E-03        10
 //E12   0.0000E+00         1  0.0000E+00         1
 //E23   0.0000E+00         1  0.0000E+00         1
 //E31   0.0000E+00         1  0.0000E+00         1
 //S11   3.1216E+01        10  3.1216E+01         2
 //S22   6.8453E+04        10  6.8453E+04         2
 //S33   3.1216E+01        10  3.1216E+01         2
 //S12   1.7497E-09        10 -4.8774E-13         9
 //S23   4.9843E-10        10 -1.6932E-12        22
 //S31   3.7811E-13        29 -1.4618E-09        10
 //SMS   6.8422E+04        10  6.8422E+04         2
 ##### Global Summary @Element :Max/IdMax/Min/IdMin####
 //E11  -4.2857E-03         1 -4.2857E-03         1
 //E22   9.9503E-03         1  9.9503E-03         1
 //E33  -4.2857E-03         1 -4.2857E-03         1
 //E12   0.0000E+00         1  0.0000E+00         1
 //E23   0.0000E+00         1  0.0000E+00         1
 //E31   0.0000E+00         1  0.0000E+00         1
 //S11   3.1216E+01         1  3.1216E+01         1
 //S22   6.8453E+04         1  6.8453E+04         1
 //S33   3.1216E+01         1  3.1216E+01         1
 //S12   6.8175E-10         1  6.8175E-10         1
 //S23   1.2982E-10         1  1.2982E-10         1
 //S31  -6.5600E-10         1 -6.5600E-10         1
 //SMS   6.8422E+04         1  6.8422E+04         1
#### Result step=     6
 ##### Local Summary @Node    :Max/IdMax/Min/IdMin####
 //U1    0.0000E+00         1 -4.3249E-03        22
 //U2    1.0000E-02         9  0.0000E+00         1
 //U3    4.3249E-03        10  0.0000E+00        21
 //E11  -4.3343E-03         9 -4.3343E-03        29
 //E22   9.9503E-03        10  9.9503E-03         2
 //E33  -4.3343E-03         2 -4.3343E-03        10
 //E12   0.0000E+00         1  0.0000E+00         1
 //E23   0.0000E+00         1  0.0000E+00         1
 //E31   0.0000E+00         1  0.0000E+00         1
 //S11   1.7980E+01        10  1.7980E+01         2
 //S22   6.3611E+04        10  6.3611E+04         2
 //S33   1.7980E+01        10  1.7980E+01         2
 //S12   2.7048E-10        10 -4.7674E-13         9
 //S23   1.3064E-10        10 -1.5838E-12        22
 //S31   5.8142E-11         9 -2.2737E-10        30
 //SMS   6.3593E+04        10  6.3593E+04         2
 ##### Local Summary @Element :Max/IdMax/Min/IdMin####
 //E11  -4.3343E-03         1 -4.3343E-03         1
 //E22   9.9503E-03         1  9.9503E-03         1
 //E33  -4.3343E-03         1 -4.3343E-03         1
 //E12   0.0000E+00         1  0.0000E+00         1
 //E23   0.0000E+00         1  0.0000E+00         1
 //E31   0.0000E+00         1  0.0000E+00         1
 //S11   1.7980E+01         1  1.7980E+01         1
 //S22   6.3611E+04         1  6.3611E+04         1
 //S33   1.7980E+01         1  1.7980E+01         1
 //S12   1.0980E-10         1  1.0980E-10         1
 //S23   4.6569E-11         1  4.6569E-11         1
 //S31  -7.6947E-11         1 -7.6947E-11         1
 //SMS   6.3593E+04         1  6.3593E+04         1
 ##### Global Summary @Node    :Max/IdMax/Min/IdMin####
 //U1    0.0000E+00         1 -4.3249E-03        22
 //U2    1.0000E-02         9  0.0000E+00         1
 //U3    4.3249E-03        10  0.0000E+00        21
 //E11  -4.3343E-03         9 -4.3343E-03        29
 //E22   9.9503E-03        10  9.9503E-03         2
 //E33  -4.3343E-03         2 -4.3343E-03        10
 //E12   0.0000E+00         1  0.0000E+00         1
 //E23   0.0000E+00         1  0.0000E+00         1
 //E31   0.0000E+00         1  0.0000E+00         1
 //S11   1.7980E+01        10  1.7980E+01         2
 //S22   6.3611E+04        10  6.3611E+04         2
 //S33   1.7980E+01        10  1.7980E+01         2
 //S12   2.7048E-10        10 -4.7674E-13         9
 //S23   1.3064E-10        10 -1.5838E-12        22
 //S31   5.8142E-11         9 -2.2737E-10        30
 //SMS   6.3593E+04        10  6.3593E+04         2
 ##### Global Summary @Element :Max/IdMax/Min/IdMin####
 //E11  -4.3343E-03         1 -4.3343E-03         1
 //E22   9.9503E-03         1  9.9503E-03         1
 //E33  -4.3343E-03         1 -4.3343E-03         1
 //E12   0.0000E+00         1  0.0000E+00         1
 //E23   0.0000E+00         1  0.0000E+00         1
 //E31   0.0000E+00         1  0.0000E+00         1
 //S11   1.7980E+01         1  1.7980E+01         1
 //S22   6.3611E+04         1  6.3611E+04         1
 //S33   1.7980E+01         1  1.7980E+01         1
 //S12   1.0980E-10         1  1.0980E-10         1
 //S23   4.6569E-11         1  4.6569E-11         1
 //S31  -7.6947E-11         1 -7.6947E-11         1
 //SMS   6.3593E+04         1  6.3593E+04         1
#### Result step=     7
 ##### Local Summary @Node    :Max/IdMax/Min/IdMin####
 //U1    0.0000E+00         1 -4.3606E-03        22
 //U2    1.0000E-02         9  0.0000E+00         1
 //U3    4.3606E-03        10  0.0000E+00        21
 //E11  -4.3701E-03         9 -4.3701E-03        29
 //E22   9.9503E-03        10  9.9503E-03         9
 //E33  -4.3701E-03         2 -4.3701E-03        10
 //E12   0.0000E+00         1  0.0000E+00         1
 //E23   0.0000E+00         1  0.0000E+00         1
 //E31   0.0000E+00         1  0.0000E+00         1
 //S11   1.1362E+01        10  1.1362E+01        30
 //S22   6.0034E+04        10  6.0034E+04         2
 //S33   1.1362E+01        10  1.1362E+01        30
 //S12   4.2101E-12        10 -4.3244E-13         9
 //S23   1.7980E-11        10 -1.5040E-12        22
 //S31   2.8506E-11         9 -2.1799E-11        30
 //SMS   6.0022E+04        10  6.0022E+04         2
 ##### Local Summary @Element :Max/IdMax/Min/IdMin####
 //E11  -4.3701E-03         1 -4.3701E-03         1
 //E22   9.9503E-03         1  9.9503E-03         1
 //E33  -4.3701E-03         1 -4.3701E-03         1
 //E12   0.0000E+00         1  0.0000E+00         1
 //E23   0.0000E+00         1  0.0000E+00         1
 //E31   0.0000E+00         1  0.0000E+00         1
 //S11   1.1362E+01         1  1.1362E+01         1
 //S22   6.0034E+04         1  6.0034E+04         1
 //S33   1.1362E+01         1  1.1362E+01         1
 //S12   1.5893E-12         1  1.5893E-12         1
 //S23   8.0357E-12         1  8.0357E-12         1
 //S31   3.7454E-12         1  3.7454E-12         1
 //SMS   6.0022E+04         1  6.0022E+04         1
 ##### Global Summary @Node    :Max/IdMax/Min/IdMin####
 //U1    0.0000E+00         1 -4.3606E-03        22
 //U2    1.0000E-02         9  0.0000E+00         1
 //U3    4.3606E-03        10  0.0000E+00        21
 //E11  -4.3701E-03         9 -4.3701E-03        29
 //E22   9.9503E-03        10  9.9503E-03         9
 //E33  -4.3701E-03         2 -4.3701E-03        10
 //E12   0.0000E+00         1  0.0000E+00         1
 //E23   0.0000E+00         1  0.0000E+00         1
 //E31   0.0000E+00         1  0.0000E+00         1
 //S11   1.1362E+01        10  1.1362E+01        30
 //S22   6.0034E+04        10  6.0034E+04         2
 //S33   1.1362E+01        10  1.1362E+01        30
 //S12   4.2101E-12        10 -4.3244E-13         9
 //S23   1.7980E-11        10 -1.5040E-12        22
 //S31   2.8506E-11         9 -2.1799E-11        30
 //SMS   6.0022E+04        10  6.0022E+04         2
 ##### Global Summary @Element :Max/IdMax/Min/IdMin####
 //E11  -4.3701E-03         1 -4.3701E-03         1
 //E22   9.9503E-03         1  9.9503E-03         1
 //E33  -4.3701E-03         1 -4.3701E-03         1
 //E12   0.0000E+00         1  0.0000E+00         1
 //E23   0.0000E+00         1  0.0000E+00         1
 //E31   0.0000E+00         1  0.0000E+00         1
 //S11   1.1362E+01         1  1.1362E+01         1
 //S22   6.0034E+04         1  6.0034E+04         1
 //S33   1.1362E+01         1  1.1362E+01         1
 //S12   1.5893E-12         1  1.5893E-12         1
 //S23   8.0357E-12         1  8.0357E-12         1
 //S31   3.7454E-12         1  3.7454E-12         1
 //SMS   6.0022E+04         1  6.0022E+04         1
#### Result step=     8
 ##### Local Summary @Node    :Max/IdMax/Min/IdMin####
 //U1    0.0000E+00         1 -4.3884E-03        22
 //U2    1.0000E-02         9  0.0000E+00         1
 //U3    4.3884E-03         1  0.0000E+00        21
 //E11  -4.3980E-03         2 -4.3980E-03        10
 //E22   9.9503E-03        10  9.9503E-03         2
 //E33  -4.3980E-03         2 -4.3980E-03        10
 //E12   0.0000E+00         1  0.0000E+00         1
 //E23   0.0000E+00         1  0.0000E+00         1
 //E31   0.0000E+00         1  0.0000E+00         1
 //S11   7.6831E+00        10  7.6831E+00         2
 //S22   5.7248E+04        10  5.7248E+04         2
 //S33   7.6831E+00        10  7.6831E+00         2
 //S12   2.1635E-11        22 -4.1394E-13         9
 //S23   7.2473E-12        10 -1.4228E-12        22
 //S31   5.0970E-12         9 -2.3755E-11        30
 //SMS   5.7241E+04        10  5.7241E+04         2
 ##### Local Summary @Element :Max/IdMax/Min/IdMin####
 //E11  -4.3980E-03         1 -4.3980E-03         1
 //E22   9.9503E-03         1  9.9503E-03         1
 //E33  -4.3980E-03         1 -4.3980E-03         1
 //E12   0.0000E+00         1  0.0000E+00         1
 //E23   0.0000E+00         1  0.0000E+00         1
 //E31   0.0000E+00         1  0.0000E+00         1
 //S11   7.6831E+00         1  7.6831E+00         1
 //S22   5.7248E+04         1  5.7248E+04         1
 //S33   7.6831E+00         1  7.6831E+00         1
 //S12   1.0681E-11         1  1.0681E-11         1
 //S23   2.6914E-12         1  2.6914E-12         1
 //S31  -9.3691E-12         1 -9.3691E-12         1
 //SMS   5.7241E+04         1  5.7241E+04         1
 ##### Global Summary @Node    :Max/IdMax/Min/IdMin####
 //U1    0.0000E+00         1 -4.3884E-03        22
 //U2    1.0000E-02         9  0.0000E+00         1
 //U3    4.3884E-03         1  0.0000E+00        21
 //E11  -4.3980E-03         2 -4.3980E-03        10
 //E22   9.9503E-03        10  9.9503E-03         2
 //E33  -4.3980E-03         2 -4.3980E-03        10
 //E12   0.0000E+00         1  0.0000E+00         1
 //E23   0.0000E+00         1  0.0000E+00         1
 //E31   0.0000E+00         1  0.0000E+00         1
 //S11   7.6831E+00        10  7.6831E+00         2
 //S22   5.7248E+04        10  5.7248E+04         2
 //S33   7.6831E+00        10  7.6831E+00         2
 //S12   2.1635E-11        22 -4.1394E-13         9
 //S23   7.2473E-12        10 -1.4228E-12        22
 //S31   5.0970E-12         9 -2.3755E-11        30
 //SMS   5.7241E+04        10  5.7241E+04         2
 ##### Global Summary @Element :Max/IdMax/Min/IdMin####
 //E11  -4.3980E-03         1 -4.3980E-03         1
 //E22   9.9503E-03         1  9.9503E-03         1
 //E33  -4.3980E-03         1 -4.3980E-03         1
 //E12   0.0000E+00         1  0.0000E+00         1
 //E23   0.0000E+00         1  0.0000E+00         1
 //E31   0.0000E+00         1  0.0000E+00         1
 //S11   7.6831E+00         1  7.6831E+00         1
 //S22   5.7248E+04         1  5.7248E+04         1
 //S33   7.6831E+00         1  7.6831E+00         1
 //S12   1.0681E-11         1  1.0681E-11         1
 //S23   2.6914E-12         1  2.6914E-12         1
 //S31  -9.3691E-12         1 -9.3691E-12         1
 //SMS   5.7241E+04         1  5.7241E+04         1
#### Result step=     9
 ##### Local Summary @Node    :Max/IdMax/Min/IdMin####
 //U1    0.0000E+00         1 -4.4108E-03        22
 //U2    1.0000E-02         9  0.0000E+00         1
 //U3    4.4108E-03         1  0.0000E+00        21
 //E11  -4.4206E-03         2 -4.4206E-03        10
 //E22   9.9503E-03        10  9.9503E-03         2
 //E33  -4.4206E-03         2 -4.4206E-03        10
 //E12   0.0000E+00         1  0.0000E+00         1
 //E23   0.0000E+00         1  0.0000E+00         1
 //E31   0.0000E+00         1  0.0000E+00         1
 //S11   5.4684E+00        10  5.4684E+00         2
 //S22   5.4996E+04        10  5.4996E+04         2
 //S33   5.4684E+00        10  5.4684E+00         2
 //S12   4.7347E-11        10 -3.8729E-13         9
 //S23   1.5334E-11        10 -1.9212E-12         1
 //S31   4.6333E-13         9 -3.7663E-11        30
 //SMS   5.4991E+04        10  5.4991E+04         2
 ##### Local Summary @Element :Max/IdMax/Min/IdMin####
 //E11  -4.4206E-03         1 -4.4206E-03         1
 //E22   9.9503E-03         1  9.9503E-03         1
 //E33  -4.4206E-03         1 -4.4206E-03         1
 //E12   0.0000E+00         1  0.0000E+00         1
 //E23   0.0000E+00         1  0.0000E+00         1
 //E31   0.0000E+00         1  0.0000E+00         1
 //S11   5.4684E+00         1  5.4684E+00         1
 //S22   5.4996E+04         1  5.4996E+04         1
 //S33   5.4684E+00         1  5.4684E+00         1
 //S12   1.8756E-11         1  1.8756E-11         1
 //S23   3.3970E-12         1  3.3970E-12         1
 //S31  -1.7142E-11         1 -1.7142E-11         1
 //SMS   5.4991E+04         1  5.4991E+04         1
 ##### Global Summary @Node    :Max/IdMax/Min/IdMin####
 //U1    0.0000E+00         1 -4.4108E-03        22
 //U2    1.0000E-02         9  0.0000E+00         1
 //U3    4.4108E-03         1  0.0000E+00        21
 //E11  -4.4206E-03         2 -4.4206E-03        10
 //E22   9.9503E-03        10  9.9503E-03         2
 //E33  -4.4206E-03         2 -4.4206E-03        10
 //E12   0.0000E+00         1  0.0000E+00         1
 //E23   0.0000E+00         1  0.0000E+00         1
 //E31   0.0000E+00         1  0.0000E+00         1
 //S11   5.4684E+00        10  5.4684E+00         2
 //S22   5.4996E+04        10  5.4996E+04         2
 //S33   5.4684E+00        10  5.4684E+00         2
 //S12   4.7347E-11        10 -3.8729E-13         9
 //S23   1.5334E-11        10 -1.9212E-12         1
 //S31   4.6333E-13         9 -3.7663E-11        30
 //SMS   5.4991E+04        10  5.4991E+04         2
 ##### Global Summary @Element :Max/IdMax/Min/IdMin####
 //E11  -4.4206E-03         1 -4.4206E-03         1
 //E22   9.9503E-03         1  9.9503E-03         1
 //E33  -4.4206E-03         1 -4.4206E-03         1
 //E12   0.0000E+00         1  0.0000E+00         1
 //E23   0.0000E+00         1  0.0000E+00         1
 //E31   0.0000E+00         1  0.0000E+00         1
 //S11   5.4684E+00         1  5.4684E+00         1
 //S22   5.4996E+04         1  5.4996E+04         1
 //S33   5.4684E+00         1  5.4684E+00         1
 //S12   1.8756E-11         1  1.8756E-11         1
 //S23   3.3970E-12         1  3.3970E-12         1
 //S31  -1.7142E-11         1 -1.7142E-11         1
 //SMS   5.4991E+04         1  5.4991E+04         1
#### Result step=    10
 ##### Local Summary @Node    :Max/IdMax/Min/IdMin####
 //U1    0.0000E+00         1 -4.4295E-03        22
 //U2    1.0000E-02         9  0.0000E+00         1
 //U3    4.4295E-03         1  0.0000E+00        21
 //E11  -4.4393E-03         2 -4.4393E-03        10
 //E22   9.9503E-03        10  9.9503E-03         2
 //E33  -4.4393E-03         2 -4.4393E-03        10
 //E12   0.0000E+00         1  0.0000E+00         1
 //E23   0.0000E+00         1  0.0000E+00         1
 //E31   0.0000E+00         1  0.0000E+00         1
 //S11   4.0506E+00        10  4.0506E+00         2
 //S22   5.3123E+04        10  5.3123E+04         2
 //S33   4.0506E+00        10  4.0506E+00         2
 //S12   4.5889E-11        10 -3.8676E-13         9
 //S23   1.3478E-11        10 -1.3282E-12        22
 //S31   2.5872E-13        29 -3.7907E-11        10
 //SMS   5.3119E+04        10  5.3119E+04         2
 ##### Local Summary @Element :Max/IdMax/Min/IdMin####
 //E11  -4.4393E-03         1 -4.4393E-03         1
 //E22   9.9503E-03         1  9.9503E-03         1
 //E33  -4.4393E-03         1 -4.4393E-03         1
 //E12   0.0000E+00         1  0.0000E+00         1
 //E23   0.0000E+00         1  0.0000E+00         1
 //E31   0.0000E+00         1  0.0000E+00         1
 //S11   4.0506E+00         1  4.0506E+00         1
 //S22   5.3123E+04         1  5.3123E+04         1
 //S33   4.0506E+00         1  4.0506E+00         1
 //S12   1.8330E-11         1  1.8330E-11         1
 //S23   3.8769E-12         1  3.8769E-12         1
 //S31  -1.6861E-11         1 -1.6861E-11         1
 //SMS   5.3119E+04         1  5.3119E+04         1
 ##### Global Summary @Node    :Max/IdMax/Min/IdMin####
 //U1    0.0000E+00         1 -4.4295E-03        22
 //U2    1.0000E-02         9  0.0000E+00         1
 //U3    4.4295E-03         1  0.0000E+00        21
 //E11  -4.4393E-03         2 -4.4393E-03        10
 //E22   9.9503E-03        10  9.9503E-03         2
 //E33  -4.4393E-03         2 -4.4393E-03        10
 //E12   0.0000E+00         1  0.0000E+00         1
 //E23   0.0000E+00         1  0.0000E+00         1
 //E31   0.0000E+00         1  0.0000E+00         1
 //S11   4.0506E+00        10  4.0506E+00         2
 //S22   5.3123E+04        10  5.3123E+04         2
 //S33   4.0506E+00        10  4.0506E+00         2
 //S12   4.5889E-11        10 -3.8676E-13         9
 //S23   1.3478E-11        10 -1.3282E-12        22
 //S31   2.5872E-13        29 -3.7907E-11        10
 //SMS   5.3119E+04        10  5.3119E+04         2
 ##### Global Summary @Element :Max/IdMax/Min/IdMin####
 //E11  -4.4393E-03         1 -4.4393E-03         1
 //E22   9.9503E-03         1  9.9503E-03         1
 //E33  -4.4393E-03         1 -4.4393E-03         1
 //E12   0.0000E+00         1  0.0000E+00         1
 //E23   0.0000E+00         1  0.0000E+00         1
 //E31   0.0000E+00         1  0.0000E+00         1
 //S11   4.0506E+00         1  4.0506E+00         1
 //S22   5.3123E+04         1  5.3123E+04         1
 //S33   4.0506E+00         1  4.0506E+00         1
 //S12   1.8330E-11         1  1.8330E-11         1
 //S23   3.8769E-12         1  3.8769E-12         1
 //S31  -1.6861E-11         1 -1.6861E-11         1
 //SMS   5.3119E+04         1  5.3119E+04         1
#### Result step=    11
 ##### Local Summary @Node    :Max/IdMax/Min/IdMin####
 //U1    0.0000E+00         1 -4.4453E-03        22
 //U2    1.0000E-02         9  0.0000E+00         1
 //U3    4.4453E-03         1  0.0000E+00        21
 //E11  -4.4552E-03         2 -4.4552E-03        10
 //E22   9.9503E-03        10  9.9503E-03         9
 //E33  -4.4552E-03         2 -4.4552E-03        10
 //E12   0.0000E+00         1  0.0000E+00         1
 //E23   0.0000E+00         1  0.0000E+00         1
 //E31   0.0000E+00         1  0.0000E+00         1
 //S11   3.0975E+00        10  3.0975E+00         2
 //S22   5.1532E+04        10  5.1532E+04         2
 //S33   3.0975E+00        10  3.0975E+00         2
 //S12   4.1060E-11        10 -3.7590E-13         9
 //S23   1.4413E-11        10 -1.2936E-12        22
 //S31   2.5906E-13        29 -3.3932E-11        10
 //SMS   5.1529E+04        10  5.1529E+04         2
 ##### Local Summary @Element :Max/IdMax/Min/IdMin####
 //E11  -4.4552E-03         1 -4.4552E-03         1
 //E22   9.9503E-03         1  9.9503E-03         1
 //E33  -4.4552E-03         1 -4.4552E-03         1
 //E12   0.0000E+00         1  0.0000E+00         1
 //E23   0.0000E+00         1  0.0000E+00         1
 //E31   0.0000E+00         1  0.0000E+00         1
 //S11   3.0975E+00         1  3.0975E+00         1
 //S22   5.1532E+04         1  5.1532E+04         1
 //S33   3.0975E+00         1  3.0975E+00         1
 //S12   1.5450E-11         1  1.5450E-11         1
 //S23   3.9593E-12         1  3.9593E-12         1
 //S31  -1.4785E-11         1 -1.4785E-11         1
 //SMS   5.1529E+04         1  5.1529E+04         1
 ##### Global Summary @Node    :Max/IdMax/Min/IdMin####
 //U1    0.0000E+00         1 -4.4453E-03        22
 //U2    1.0000E-02         9  0.0000E+00         1
 //U3    4.4453E-03         1  0.0000E+00        21
 //E11  -4.4552E-03         2 -4.4552E-03        10
 //E22   9.9503E-03        10  9.9503E-03         9
 //E33  -4.4552E-03         2 -4.4552E-03        10
 //E12   0.0000E+00         1  0.0000E+00         1
 //E23   0.0000E+00         1  0.0000E+00         1
 //E31   0.0000E+00         1  0.0000E+00         1
 //S11   3.0975E+00        10  3.0975E+00         2
 //S22   5.1532E+04        10  5.1532E+04         2
 //S33   3.0975E+00        10  3.0975E+00         2
 //S12   4.1060E-11        10 -3.7590E-13         9
 //S23   1.4413E-11        10 -1.2936E-12        22
 //S31   2.5906E-13        29 -3.3932E-11        10
 //SMS   5.1529E+04        10  5.1529E+04         2
 ##### Global Summary @Element :Max/IdMax/Min/IdMin####
 //E11  -4.4552E-03         1 -4.4552E-03         1
 //E22   9.9503E-03         1  9.9503E-03         1
 //E33  -4.4552E-03         1 -4.4552E-03         1
 //E12   0.0000E+00         1  0.0000E+00         1
 //E23   0.0000E+00         1  0.0000E+00         1
 //E31   0.0000E+00         1  0.0000E+00         1
 //S11   3.0975E+00         1  3.0975E+00         1
 //S22   5.1532E+04         1  5.1532E+04         1
 //S33   3.0975E+00         1  3.0975E+00         1
 //S12   1.5450E-11         1  1.5450E-11         1
 //S23   3.9593E-12         1  3.9593E-12         1
 //S31  -1.4785E-11         1 -1.4785E-11         1
 //SMS   5.1529E+04         1  5.1529E+04         1
