 fstr_setup: OK
#### Result step=     0
 ##### Local Summary @Node    :Max/IdMax/Min/IdMin####
 //U1    0.0000E+00         1  0.0000E+00         1
 //U2    0.0000E+00         1  0.0000E+00         1
 //U3    0.0000E+00         1  0.0000E+00         1
 //E11   0.0000E+00         1  0.0000E+00         1
 //E22   0.0000E+00         1  0.0000E+00         1
 //E33   0.0000E+00         1  0.0000E+00         1
 //E12   0.0000E+00         1  0.0000E+00         1
 //E23   0.0000E+00         1  0.0000E+00         1
 //E31   0.0000E+00         1  0.0000E+00         1
 //S11   0.0000E+00         1  0.0000E+00         1
 //S22   0.0000E+00         1  0.0000E+00         1
 //S33   0.0000E+00         1  0.0000E+00         1
 //S12   0.0000E+00         1  0.0000E+00         1
 //S23   0.0000E+00         1  0.0000E+00         1
 //S31   0.0000E+00         1  0.0000E+00         1
 //SMS   0.0000E+00         1  0.0000E+00         1
 ##### Local Summary @Element :Max/IdMax/Min/IdMin####
 //E11   0.0000E+00         1  0.0000E+00         1
 //E22   0.0000E+00         1  0.0000E+00         1
 //E33   0.0000E+00         1  0.0000E+00         1
 //E12   0.0000E+00         1  0.0000E+00         1
 //E23   0.0000E+00         1  0.0000E+00         1
 //E31   0.0000E+00         1  0.0000E+00         1
 //S11   0.0000E+00         1  0.0000E+00         1
 //S22   0.0000E+00         1  0.0000E+00         1
 //S33   0.0000E+00         1  0.0000E+00         1
 //S12   0.0000E+00         1  0.0000E+00         1
 //S23   0.0000E+00         1  0.0000E+00         1
 //S31   0.0000E+00         1  0.0000E+00         1
 //SMS   0.0000E+00         1  0.0000E+00         1
 ##### Global Summary @Node    :Max/IdMax/Min/IdMin####
 //U1    0.0000E+00         1  0.0000E+00         1
 //U2    0.0000E+00         1  0.0000E+00         1
 //U3    0.0000E+00         1  0.0000E+00         1
 //E11   0.0000E+00         1  0.0000E+00         1
 //E22   0.0000E+00         1  0.0000E+00         1
 //E33   0.0000E+00         1  0.0000E+00         1
 //E12   0.0000E+00         1  0.0000E+00         1
 //E23   0.0000E+00         1  0.0000E+00         1
 //E31   0.0000E+00         1  0.0000E+00         1
 //S11   0.0000E+00         1  0.0000E+00         1
 //S22   0.0000E+00         1  0.0000E+00         1
 //S33   0.0000E+00         1  0.0000E+00         1
 //S12   0.0000E+00         1  0.0000E+00         1
 //S23   0.0000E+00         1  0.0000E+00         1
 //S31   0.0000E+00         1  0.0000E+00         1
 //SMS   0.0000E+00         1  0.0000E+00         1
 ##### Global Summary @Element :Max/IdMax/Min/IdMin####
 //E11   0.0000E+00         1  0.0000E+00         1
 //E22   0.0000E+00         1  0.0000E+00         1
 //E33   0.0000E+00         1  0.0000E+00         1
 //E12   0.0000E+00         1  0.0000E+00         1
 //E23   0.0000E+00         1  0.0000E+00         1
 //E31   0.0000E+00         1  0.0000E+00         1
 //S11   0.0000E+00         1  0.0000E+00         1
 //S22   0.0000E+00         1  0.0000E+00         1
 //S33   0.0000E+00         1  0.0000E+00         1
 //S12   0.0000E+00         1  0.0000E+00         1
 //S23   0.0000E+00         1  0.0000E+00         1
 //S31   0.0000E+00         1  0.0000E+00         1
 //SMS   0.0000E+00         1  0.0000E+00         1
#### Result step=     1
 ##### Local Summary @Node    :Max/IdMax/Min/IdMin####
 //U1    1.0000E-02         2  0.0000E+00         1
 //U2    0.0000E+00         1 -4.7143E-03         3
 //U3    0.0000E+00         1 -4.7143E-03         7
 //E11   9.9503E-03         3  9.9503E-03         4
 //E22  -4.7255E-03         2 -4.7255E-03         3
 //E33  -4.7255E-03         2 -4.7255E-03         3
 //E12   0.0000E+00         1  0.0000E+00         1
 //E23   0.0000E+00         1  0.0000E+00         1
 //E31   0.0000E+00         1  0.0000E+00         1
 //S11   2.6213E+02         3  2.6213E+02         2
 //S22  -3.6075E-05         2 -3.6075E-05         3
 //S33  -3.6075E-05         2 -3.6075E-05         3
 //S12   2.1165E-14         7 -3.2271E-14         3
 //S23   7.6754E-14         3 -6.0812E-14         6
 //S31   9.8464E-15         6 -5.2472E-15         4
 //SMS   2.6213E+02         3  2.6213E+02         2
 ##### Local Summary @Element :Max/IdMax/Min/IdMin####
 //E11   9.9503E-03         1  9.9503E-03         1
 //E22  -4.7255E-03         1 -4.7255E-03         1
 //E33  -4.7255E-03         1 -4.7255E-03         1
 //E12   0.0000E+00         1  0.0000E+00         1
 //E23   0.0000E+00         1  0.0000E+00         1
 //E31   0.0000E+00         1  0.0000E+00         1
 //S11   2.6213E+02         1  2.6213E+02         1
 //S22  -3.6075E-05         1 -3.6075E-05         1
 //S33  -3.6075E-05         1 -3.6075E-05         1
 //S12  -2.7232E-15         1 -2.7232E-15         1
 //S23   6.2029E-15         1  6.2029E-15         1
 //S31   1.0288E-15         1  1.0288E-15         1
 //SMS   2.6213E+02         1  2.6213E+02         1
 ##### Global Summary @Node    :Max/IdMax/Min/IdMin####
 //U1    1.0000E-02         2  0.0000E+00         1
 //U2    0.0000E+00         1 -4.7143E-03         3
 //U3    0.0000E+00         1 -4.7143E-03         7
 //E11   9.9503E-03         3  9.9503E-03         4
 //E22  -4.7255E-03         2 -4.7255E-03         3
 //E33  -4.7255E-03         2 -4.7255E-03         3
 //E12   0.0000E+00         1  0.0000E+00         1
 //E23   0.0000E+00         1  0.0000E+00         1
 //E31   0.0000E+00         1  0.0000E+00         1
 //S11   2.6213E+02         3  2.6213E+02         2
 //S22  -3.6075E-05         2 -3.6075E-05         3
 //S33  -3.6075E-05         2 -3.6075E-05         3
 //S12   2.1165E-14         7 -3.2271E-14         3
 //S23   7.6754E-14         3 -6.0812E-14         6
 //S31   9.8464E-15         6 -5.2472E-15         4
 //SMS   2.6213E+02         3  2.6213E+02         2
 ##### Global Summary @Element :Max/IdMax/Min/IdMin####
 //E11   9.9503E-03         1  9.9503E-03         1
 //E22  -4.7255E-03         1 -4.7255E-03         1
 //E33  -4.7255E-03         1 -4.7255E-03         1
 //E12   0.0000E+00         1  0.0000E+00         1
 //E23   0.0000E+00         1  0.0000E+00         1
 //E31   0.0000E+00         1  0.0000E+00         1
 //S11   2.6213E+02         1  2.6213E+02         1
 //S22  -3.6075E-05         1 -3.6075E-05         1
 //S33  -3.6075E-05         1 -3.6075E-05         1
 //S12  -2.7232E-15         1 -2.7232E-15         1
 //S23   6.2029E-15         1  6.2029E-15         1
 //S31   1.0288E-15         1  1.0288E-15         1
 //SMS   2.6213E+02         1  2.6213E+02         1
#### Result step=     2
 ##### Local Summary @Node    :Max/IdMax/Min/IdMin####
 //U1    2.0000E-02         2  0.0000E+00         1
 //U2    0.0000E+00         1 -9.5912E-03         3
 //U3    0.0000E+00         1 -9.5912E-03         8
 //E11   1.9803E-02         3  1.9803E-02         2
 //E22  -9.6375E-03         2 -9.6375E-03         3
 //E33  -9.6375E-03         2 -9.6375E-03         3
 //E12   0.0000E+00         1  0.0000E+00         1
 //E23   0.0000E+00         1  0.0000E+00         1
 //E31   0.0000E+00         1  0.0000E+00         1
 //S11   2.7692E+02         3  2.7692E+02         2
 //S22   6.2545E-07         3  6.2545E-07         4
 //S33   6.2545E-07         3  6.2545E-07         4
 //S12   2.5145E-14         7 -4.4682E-14         3
 //S23   7.1877E-14         7 -5.2563E-14         8
 //S31   5.6324E-14         7 -2.6308E-14         5
 //SMS   2.7692E+02         3  2.7692E+02         2
 ##### Local Summary @Element :Max/IdMax/Min/IdMin####
 //E11   1.9803E-02         1  1.9803E-02         1
 //E22  -9.6375E-03         1 -9.6375E-03         1
 //E33  -9.6375E-03         1 -9.6375E-03         1
 //E12   0.0000E+00         1  0.0000E+00         1
 //E23   0.0000E+00         1  0.0000E+00         1
 //E31   0.0000E+00         1  0.0000E+00         1
 //S11   2.7692E+02         1  2.7692E+02         1
 //S22   6.2545E-07         1  6.2545E-07         1
 //S33   6.2545E-07         1  6.2545E-07         1
 //S12  -5.1022E-15         1 -5.1022E-15         1
 //S23   3.8552E-15         1  3.8552E-15         1
 //S31   8.5308E-15         1  8.5308E-15         1
 //SMS   2.7692E+02         1  2.7692E+02         1
 ##### Global Summary @Node    :Max/IdMax/Min/IdMin####
 //U1    2.0000E-02         2  0.0000E+00         1
 //U2    0.0000E+00         1 -9.5912E-03         3
 //U3    0.0000E+00         1 -9.5912E-03         8
 //E11   1.9803E-02         3  1.9803E-02         2
 //E22  -9.6375E-03         2 -9.6375E-03         3
 //E33  -9.6375E-03         2 -9.6375E-03         3
 //E12   0.0000E+00         1  0.0000E+00         1
 //E23   0.0000E+00         1  0.0000E+00         1
 //E31   0.0000E+00         1  0.0000E+00         1
 //S11   2.7692E+02         3  2.7692E+02         2
 //S22   6.2545E-07         3  6.2545E-07         4
 //S33   6.2545E-07         3  6.2545E-07         4
 //S12   2.5145E-14         7 -4.4682E-14         3
 //S23   7.1877E-14         7 -5.2563E-14         8
 //S31   5.6324E-14         7 -2.6308E-14         5
 //SMS   2.7692E+02         3  2.7692E+02         2
 ##### Global Summary @Element :Max/IdMax/Min/IdMin####
 //E11   1.9803E-02         1  1.9803E-02         1
 //E22  -9.6375E-03         1 -9.6375E-03         1
 //E33  -9.6375E-03         1 -9.6375E-03         1
 //E12   0.0000E+00         1  0.0000E+00         1
 //E23   0.0000E+00         1  0.0000E+00         1
 //E31   0.0000E+00         1  0.0000E+00         1
 //S11   2.7692E+02         1  2.7692E+02         1
 //S22   6.2545E-07         1  6.2545E-07         1
 //S33   6.2545E-07         1  6.2545E-07         1
 //S12  -5.1022E-15         1 -5.1022E-15         1
 //S23   3.8552E-15         1  3.8552E-15         1
 //S31   8.5308E-15         1  8.5308E-15         1
 //SMS   2.7692E+02         1  2.7692E+02         1
#### Result step=     3
 ##### Local Summary @Node    :Max/IdMax/Min/IdMin####
 //U1    3.0000E-02         2  0.0000E+00         1
 //U2    0.0000E+00         1 -1.4399E-02         3
 //U3    0.0000E+00         1 -1.4399E-02         8
 //E11   2.9559E-02         3  2.9559E-02         2
 //E22  -1.4503E-02         4 -1.4503E-02         3
 //E33  -1.4503E-02         4 -1.4503E-02         3
 //E12   0.0000E+00         1  0.0000E+00         1
 //E23   0.0000E+00         1  0.0000E+00         1
 //E31   0.0000E+00         1  0.0000E+00         1
 //S11   2.8996E+02         3  2.8996E+02         2
 //S22  -2.1274E-05         2 -2.1274E-05         3
 //S33  -2.1274E-05         2 -2.1274E-05         3
 //S12   1.3790E-14         3 -1.4709E-14         7
 //S23   6.2873E-14         4 -1.0508E-13         5
 //S31   9.4851E-14         8 -3.9487E-15         3
 //SMS   2.8996E+02         3  2.8996E+02         2
 ##### Local Summary @Element :Max/IdMax/Min/IdMin####
 //E11   2.9559E-02         1  2.9559E-02         1
 //E22  -1.4503E-02         1 -1.4503E-02         1
 //E33  -1.4503E-02         1 -1.4503E-02         1
 //E12   0.0000E+00         1  0.0000E+00         1
 //E23   0.0000E+00         1  0.0000E+00         1
 //E31   0.0000E+00         1  0.0000E+00         1
 //S11   2.8996E+02         1  2.8996E+02         1
 //S22  -2.1274E-05         1 -2.1274E-05         1
 //S33  -2.1274E-05         1 -2.1274E-05         1
 //S12  -2.5943E-16         1 -2.5943E-16         1
 //S23  -4.7182E-15         1 -4.7182E-15         1
 //S31   2.4845E-14         1  2.4845E-14         1
 //SMS   2.8996E+02         1  2.8996E+02         1
 ##### Global Summary @Node    :Max/IdMax/Min/IdMin####
 //U1    3.0000E-02         2  0.0000E+00         1
 //U2    0.0000E+00         1 -1.4399E-02         3
 //U3    0.0000E+00         1 -1.4399E-02         8
 //E11   2.9559E-02         3  2.9559E-02         2
 //E22  -1.4503E-02         4 -1.4503E-02         3
 //E33  -1.4503E-02         4 -1.4503E-02         3
 //E12   0.0000E+00         1  0.0000E+00         1
 //E23   0.0000E+00         1  0.0000E+00         1
 //E31   0.0000E+00         1  0.0000E+00         1
 //S11   2.8996E+02         3  2.8996E+02         2
 //S22  -2.1274E-05         2 -2.1274E-05         3
 //S33  -2.1274E-05         2 -2.1274E-05         3
 //S12   1.3790E-14         3 -1.4709E-14         7
 //S23   6.2873E-14         4 -1.0508E-13         5
 //S31   9.4851E-14         8 -3.9487E-15         3
 //SMS   2.8996E+02         3  2.8996E+02         2
 ##### Global Summary @Element :Max/IdMax/Min/IdMin####
 //E11   2.9559E-02         1  2.9559E-02         1
 //E22  -1.4503E-02         1 -1.4503E-02         1
 //E33  -1.4503E-02         1 -1.4503E-02         1
 //E12   0.0000E+00         1  0.0000E+00         1
 //E23   0.0000E+00         1  0.0000E+00         1
 //E31   0.0000E+00         1  0.0000E+00         1
 //S11   2.8996E+02         1  2.8996E+02         1
 //S22  -2.1274E-05         1 -2.1274E-05         1
 //S33  -2.1274E-05         1 -2.1274E-05         1
 //S12  -2.5943E-16         1 -2.5943E-16         1
 //S23  -4.7182E-15         1 -4.7182E-15         1
 //S31   2.4845E-14         1  2.4845E-14         1
 //SMS   2.8996E+02         1  2.8996E+02         1
#### Result step=     4
 ##### Local Summary @Node    :Max/IdMax/Min/IdMin####
 //U1    4.0000E-02         2  0.0000E+00         1
 //U2    0.0000E+00         1 -1.9137E-02         3
 //U3    0.0000E+00         1 -1.9137E-02         8
 //E11   3.9221E-02         3  3.9221E-02         2
 //E22  -1.9323E-02         2 -1.9323E-02         3
 //E33  -1.9323E-02         2 -1.9323E-02         3
 //E12   0.0000E+00         1  0.0000E+00         1
 //E23   0.0000E+00         1  0.0000E+00         1
 //E31   0.0000E+00         1  0.0000E+00         1
 //S11   3.0166E+02         3  3.0166E+02         2
 //S22   1.7528E-05         3  1.7528E-05         2
 //S33   1.7528E-05         3  1.7528E-05         2
 //S12   3.5759E-14         7 -7.3627E-14         3
 //S23   1.2280E-13         3 -7.2802E-14         5
 //S31   2.6646E-14         7 -3.9005E-15         6
 //SMS   3.0166E+02         3  3.0166E+02         2
 ##### Local Summary @Element :Max/IdMax/Min/IdMin####
 //E11   3.9221E-02         1  3.9221E-02         1
 //E22  -1.9323E-02         1 -1.9323E-02         1
 //E33  -1.9323E-02         1 -1.9323E-02         1
 //E12   0.0000E+00         1  0.0000E+00         1
 //E23   0.0000E+00         1  0.0000E+00         1
 //E31   0.0000E+00         1  0.0000E+00         1
 //S11   3.0166E+02         1  3.0166E+02         1
 //S22   1.7528E-05         1  1.7528E-05         1
 //S33   1.7528E-05         1  1.7528E-05         1
 //S12  -1.1036E-14         1 -1.1036E-14         1
 //S23   1.2363E-14         1  1.2363E-14         1
 //S31   4.3562E-15         1  4.3562E-15         1
 //SMS   3.0166E+02         1  3.0166E+02         1
 ##### Global Summary @Node    :Max/IdMax/Min/IdMin####
 //U1    4.0000E-02         2  0.0000E+00         1
 //U2    0.0000E+00         1 -1.9137E-02         3
 //U3    0.0000E+00         1 -1.9137E-02         8
 //E11   3.9221E-02         3  3.9221E-02         2
 //E22  -1.9323E-02         2 -1.9323E-02         3
 //E33  -1.9323E-02         2 -1.9323E-02         3
 //E12   0.0000E+00         1  0.0000E+00         1
 //E23   0.0000E+00         1  0.0000E+00         1
 //E31   0.0000E+00         1  0.0000E+00         1
 //S11   3.0166E+02         3  3.0166E+02         2
 //S22   1.7528E-05         3  1.7528E-05         2
 //S33   1.7528E-05         3  1.7528E-05         2
 //S12   3.5759E-14         7 -7.3627E-14         3
 //S23   1.2280E-13         3 -7.2802E-14         5
 //S31   2.6646E-14         7 -3.9005E-15         6
 //SMS   3.0166E+02         3  3.0166E+02         2
 ##### Global Summary @Element :Max/IdMax/Min/IdMin####
 //E11   3.9221E-02         1  3.9221E-02         1
 //E22  -1.9323E-02         1 -1.9323E-02         1
 //E33  -1.9323E-02         1 -1.9323E-02         1
 //E12   0.0000E+00         1  0.0000E+00         1
 //E23   0.0000E+00         1  0.0000E+00         1
 //E31   0.0000E+00         1  0.0000E+00         1
 //S11   3.0166E+02         1  3.0166E+02         1
 //S22   1.7528E-05         1  1.7528E-05         1
 //S33   1.7528E-05         1  1.7528E-05         1
 //S12  -1.1036E-14         1 -1.1036E-14         1
 //S23   1.2363E-14         1  1.2363E-14         1
 //S31   4.3562E-15         1  4.3562E-15         1
 //SMS   3.0166E+02         1  3.0166E+02         1
#### Result step=     5
 ##### Local Summary @Node    :Max/IdMax/Min/IdMin####
 //U1    5.0000E-02         2  0.0000E+00         1
 //U2    0.0000E+00         1 -2.3810E-02         3
 //U3    0.0000E+00         1 -2.3810E-02         8
 //E11   4.8790E-02         3  4.8790E-02         2
 //E22  -2.4098E-02         7 -2.4098E-02         1
 //E33  -2.4098E-02         2 -2.4098E-02         3
 //E12   0.0000E+00         1  0.0000E+00         1
 //E23   0.0000E+00         1  0.0000E+00         1
 //E31   0.0000E+00         1  0.0000E+00         1
 //S11   3.1229E+02         3  3.1229E+02         2
 //S22  -7.0697E-06         2 -7.0697E-06         3
 //S33  -7.0697E-06         2 -7.0697E-06         3
 //S12   3.6150E-14         8 -7.2859E-15         4
 //S23   7.0663E-14         3 -8.7413E-14         5
 //S31   3.9196E-14         8 -2.3361E-14         6
 //SMS   3.1229E+02         3  3.1229E+02         2
 ##### Local Summary @Element :Max/IdMax/Min/IdMin####
 //E11   4.8790E-02         1  4.8790E-02         1
 //E22  -2.4098E-02         1 -2.4098E-02         1
 //E33  -2.4098E-02         1 -2.4098E-02         1
 //E12   0.0000E+00         1  0.0000E+00         1
 //E23   0.0000E+00         1  0.0000E+00         1
 //E31   0.0000E+00         1  0.0000E+00         1
 //S11   3.1229E+02         1  3.1229E+02         1
 //S22  -7.0697E-06         1 -7.0697E-06         1
 //S33  -7.0697E-06         1 -7.0697E-06         1
 //S12   4.1146E-15         1  4.1146E-15         1
 //S23   1.6701E-15         1  1.6701E-15         1
 //S31   2.4889E-15         1  2.4889E-15         1
 //SMS   3.1229E+02         1  3.1229E+02         1
 ##### Global Summary @Node    :Max/IdMax/Min/IdMin####
 //U1    5.0000E-02         2  0.0000E+00         1
 //U2    0.0000E+00         1 -2.3810E-02         3
 //U3    0.0000E+00         1 -2.3810E-02         8
 //E11   4.8790E-02         3  4.8790E-02         2
 //E22  -2.4098E-02         7 -2.4098E-02         1
 //E33  -2.4098E-02         2 -2.4098E-02         3
 //E12   0.0000E+00         1  0.0000E+00         1
 //E23   0.0000E+00         1  0.0000E+00         1
 //E31   0.0000E+00         1  0.0000E+00         1
 //S11   3.1229E+02         3  3.1229E+02         2
 //S22  -7.0697E-06         2 -7.0697E-06         3
 //S33  -7.0697E-06         2 -7.0697E-06         3
 //S12   3.6150E-14         8 -7.2859E-15         4
 //S23   7.0663E-14         3 -8.7413E-14         5
 //S31   3.9196E-14         8 -2.3361E-14         6
 //SMS   3.1229E+02         3  3.1229E+02         2
 ##### Global Summary @Element :Max/IdMax/Min/IdMin####
 //E11   4.8790E-02         1  4.8790E-02         1
 //E22  -2.4098E-02         1 -2.4098E-02         1
 //E33  -2.4098E-02         1 -2.4098E-02         1
 //E12   0.0000E+00         1  0.0000E+00         1
 //E23   0.0000E+00         1  0.0000E+00         1
 //E31   0.0000E+00         1  0.0000E+00         1
 //S11   3.1229E+02         1  3.1229E+02         1
 //S22  -7.0697E-06         1 -7.0697E-06         1
 //S33  -7.0697E-06         1 -7.0697E-06         1
 //S12   4.1146E-15         1  4.1146E-15         1
 //S23   1.6701E-15         1  1.6701E-15         1
 //S31   2.4889E-15         1  2.4889E-15         1
 //SMS   3.1229E+02         1  3.1229E+02         1
#### Result step=     6
 ##### Local Summary @Node    :Max/IdMax/Min/IdMin####
 //U1    6.0000E-02         2  0.0000E+00         1
 //U2    0.0000E+00         1 -2.8416E-02         3
 //U3    0.0000E+00         1 -2.8416E-02         8
 //E11   5.8269E-02         3  5.8269E-02         2
 //E22  -2.8828E-02         2 -2.8828E-02         3
 //E33  -2.8828E-02         2 -2.8828E-02         3
 //E12   0.0000E+00         1  0.0000E+00         1
 //E23   0.0000E+00         1  0.0000E+00         1
 //E31   0.0000E+00         1  0.0000E+00         1
 //S11   3.2205E+02         3  3.2205E+02         2
 //S22  -1.5470E-05         2 -1.5470E-05         3
 //S33  -1.5470E-05         2 -1.5470E-05         3
 //S12  -2.5219E-16         6 -1.6998E-14         7
 //S23   5.5549E-14         7 -3.3816E-14         8
 //S31   6.3734E-14         7 -2.2303E-15         4
 //SMS   3.2205E+02         3  3.2205E+02         2
 ##### Local Summary @Element :Max/IdMax/Min/IdMin####
 //E11   5.8269E-02         1  5.8269E-02         1
 //E22  -2.8828E-02         1 -2.8828E-02         1
 //E33  -2.8828E-02         1 -2.8828E-02         1
 //E12   0.0000E+00         1  0.0000E+00         1
 //E23   0.0000E+00         1  0.0000E+00         1
 //E31   0.0000E+00         1  0.0000E+00         1
 //S11   3.2205E+02         1  3.2205E+02         1
 //S22  -1.5470E-05         1 -1.5470E-05         1
 //S33  -1.5470E-05         1 -1.5470E-05         1
 //S12  -7.5524E-15         1 -7.5524E-15         1
 //S23   6.5941E-15         1  6.5941E-15         1
 //S31   1.7308E-14         1  1.7308E-14         1
 //SMS   3.2205E+02         1  3.2205E+02         1
 ##### Global Summary @Node    :Max/IdMax/Min/IdMin####
 //U1    6.0000E-02         2  0.0000E+00         1
 //U2    0.0000E+00         1 -2.8416E-02         3
 //U3    0.0000E+00         1 -2.8416E-02         8
 //E11   5.8269E-02         3  5.8269E-02         2
 //E22  -2.8828E-02         2 -2.8828E-02         3
 //E33  -2.8828E-02         2 -2.8828E-02         3
 //E12   0.0000E+00         1  0.0000E+00         1
 //E23   0.0000E+00         1  0.0000E+00         1
 //E31   0.0000E+00         1  0.0000E+00         1
 //S11   3.2205E+02         3  3.2205E+02         2
 //S22  -1.5470E-05         2 -1.5470E-05         3
 //S33  -1.5470E-05         2 -1.5470E-05         3
 //S12  -2.5219E-16         6 -1.6998E-14         7
 //S23   5.5549E-14         7 -3.3816E-14         8
 //S31   6.3734E-14         7 -2.2303E-15         4
 //SMS   3.2205E+02         3  3.2205E+02         2
 ##### Global Summary @Element :Max/IdMax/Min/IdMin####
 //E11   5.8269E-02         1  5.8269E-02         1
 //E22  -2.8828E-02         1 -2.8828E-02         1
 //E33  -2.8828E-02         1 -2.8828E-02         1
 //E12   0.0000E+00         1  0.0000E+00         1
 //E23   0.0000E+00         1  0.0000E+00         1
 //E31   0.0000E+00         1  0.0000E+00         1
 //S11   3.2205E+02         1  3.2205E+02         1
 //S22  -1.5470E-05         1 -1.5470E-05         1
 //S33  -1.5470E-05         1 -1.5470E-05         1
 //S12  -7.5524E-15         1 -7.5524E-15         1
 //S23   6.5941E-15         1  6.5941E-15         1
 //S31   1.7308E-14         1  1.7308E-14         1
 //SMS   3.2205E+02         1  3.2205E+02         1
#### Result step=     7
 ##### Local Summary @Node    :Max/IdMax/Min/IdMin####
 //U1    7.0000E-02         2  0.0000E+00         1
 //U2    0.0000E+00         1 -3.2958E-02         3
 //U3    0.0000E+00         1 -3.2958E-02         8
 //E11   6.7659E-02         3  6.7659E-02         2
 //E22  -3.3514E-02         8 -3.3514E-02         5
 //E33  -3.3514E-02         1 -3.3514E-02         4
 //E12   0.0000E+00         1  0.0000E+00         1
 //E23   0.0000E+00         1  0.0000E+00         1
 //E31   0.0000E+00         1  0.0000E+00         1
 //S11   3.3108E+02         3  3.3108E+02         2
 //S22   3.3359E-05         3  3.3359E-05         2
 //S33   3.3359E-05         3  3.3359E-05         2
 //S12   5.5116E-14         8 -5.0966E-14         4
 //S23   6.7500E-14         3 -6.1143E-14         4
 //S31   5.0153E-14         6 -4.2789E-14         8
 //SMS   3.3108E+02         3  3.3108E+02         2
 ##### Local Summary @Element :Max/IdMax/Min/IdMin####
 //E11   6.7659E-02         1  6.7659E-02         1
 //E22  -3.3514E-02         1 -3.3514E-02         1
 //E33  -3.3514E-02         1 -3.3514E-02         1
 //E12   0.0000E+00         1  0.0000E+00         1
 //E23   0.0000E+00         1  0.0000E+00         1
 //E31   0.0000E+00         1  0.0000E+00         1
 //S11   3.3108E+02         1  3.3108E+02         1
 //S22   3.3359E-05         1  3.3359E-05         1
 //S33   3.3359E-05         1  3.3359E-05         1
 //S12   7.8536E-16         1  7.8536E-16         1
 //S23   9.8066E-16         1  9.8066E-16         1
 //S31   1.7113E-15         1  1.7113E-15         1
 //SMS   3.3108E+02         1  3.3108E+02         1
 ##### Global Summary @Node    :Max/IdMax/Min/IdMin####
 //U1    7.0000E-02         2  0.0000E+00         1
 //U2    0.0000E+00         1 -3.2958E-02         3
 //U3    0.0000E+00         1 -3.2958E-02         8
 //E11   6.7659E-02         3  6.7659E-02         2
 //E22  -3.3514E-02         8 -3.3514E-02         5
 //E33  -3.3514E-02         1 -3.3514E-02         4
 //E12   0.0000E+00         1  0.0000E+00         1
 //E23   0.0000E+00         1  0.0000E+00         1
 //E31   0.0000E+00         1  0.0000E+00         1
 //S11   3.3108E+02         3  3.3108E+02         2
 //S22   3.3359E-05         3  3.3359E-05         2
 //S33   3.3359E-05         3  3.3359E-05         2
 //S12   5.5116E-14         8 -5.0966E-14         4
 //S23   6.7500E-14         3 -6.1143E-14         4
 //S31   5.0153E-14         6 -4.2789E-14         8
 //SMS   3.3108E+02         3  3.3108E+02         2
 ##### Global Summary @Element :Max/IdMax/Min/IdMin####
 //E11   6.7659E-02         1  6.7659E-02         1
 //E22  -3.3514E-02         1 -3.3514E-02         1
 //E33  -3.3514E-02         1 -3.3514E-02         1
 //E12   0.0000E+00         1  0.0000E+00         1
 //E23   0.0000E+00         1  0.0000E+00         1
 //E31   0.0000E+00         1  0.0000E+00         1
 //S11   3.3108E+02         1  3.3108E+02         1
 //S22   3.3359E-05         1  3.3359E-05         1
 //S33   3.3359E-05         1  3.3359E-05         1
 //S12   7.8536E-16         1  7.8536E-16         1
 //S23   9.8066E-16         1  9.8066E-16         1
 //S31   1.7113E-15         1  1.7113E-15         1
 //SMS   3.3108E+02         1  3.3108E+02         1
#### Result step=     8
 ##### Local Summary @Node    :Max/IdMax/Min/IdMin####
 //U1    8.0000E-02         2  0.0000E+00         1
 //U2    0.0000E+00         1 -3.7438E-02         3
 //U3    0.0000E+00         1 -3.7438E-02         8
 //E11   7.6961E-02         3  7.6961E-02         2
 //E22  -3.8157E-02         2 -3.8157E-02         3
 //E33  -3.8157E-02         2 -3.8157E-02         3
 //E12   0.0000E+00         1  0.0000E+00         1
 //E23   0.0000E+00         1  0.0000E+00         1
 //E31   0.0000E+00         1  0.0000E+00         1
 //S11   3.3950E+02         3  3.3950E+02         2
 //S22   1.4800E-05         3  1.4800E-05         2
 //S33   1.4800E-05         3  1.4800E-05         2
 //S12   6.1604E-14         8 -3.3116E-15         2
 //S23   7.2050E-14         3 -1.5379E-13         6
 //S31   8.7287E-14         6 -8.8325E-14         8
 //SMS   3.3950E+02         3  3.3950E+02         2
 ##### Local Summary @Element :Max/IdMax/Min/IdMin####
 //E11   7.6961E-02         1  7.6961E-02         1
 //E22  -3.8157E-02         1 -3.8157E-02         1
 //E33  -3.8157E-02         1 -3.8157E-02         1
 //E12   0.0000E+00         1  0.0000E+00         1
 //E23   0.0000E+00         1  0.0000E+00         1
 //E31   0.0000E+00         1  0.0000E+00         1
 //S11   3.3950E+02         1  3.3950E+02         1
 //S22   1.4800E-05         1  1.4800E-05         1
 //S33   1.4800E-05         1  1.4800E-05         1
 //S12   1.7758E-14         1  1.7758E-14         1
 //S23  -1.2600E-14         1 -1.2600E-14         1
 //S31  -1.5023E-15         1 -1.5023E-15         1
 //SMS   3.3950E+02         1  3.3950E+02         1
 ##### Global Summary @Node    :Max/IdMax/Min/IdMin####
 //U1    8.0000E-02         2  0.0000E+00         1
 //U2    0.0000E+00         1 -3.7438E-02         3
 //U3    0.0000E+00         1 -3.7438E-02         8
 //E11   7.6961E-02         3  7.6961E-02         2
 //E22  -3.8157E-02         2 -3.8157E-02         3
 //E33  -3.8157E-02         2 -3.8157E-02         3
 //E12   0.0000E+00         1  0.0000E+00         1
 //E23   0.0000E+00         1  0.0000E+00         1
 //E31   0.0000E+00         1  0.0000E+00         1
 //S11   3.3950E+02         3  3.3950E+02         2
 //S22   1.4800E-05         3  1.4800E-05         2
 //S33   1.4800E-05         3  1.4800E-05         2
 //S12   6.1604E-14         8 -3.3116E-15         2
 //S23   7.2050E-14         3 -1.5379E-13         6
 //S31   8.7287E-14         6 -8.8325E-14         8
 //SMS   3.3950E+02         3  3.3950E+02         2
 ##### Global Summary @Element :Max/IdMax/Min/IdMin####
 //E11   7.6961E-02         1  7.6961E-02         1
 //E22  -3.8157E-02         1 -3.8157E-02         1
 //E33  -3.8157E-02         1 -3.8157E-02         1
 //E12   0.0000E+00         1  0.0000E+00         1
 //E23   0.0000E+00         1  0.0000E+00         1
 //E31   0.0000E+00         1  0.0000E+00         1
 //S11   3.3950E+02         1  3.3950E+02         1
 //S22   1.4800E-05         1  1.4800E-05         1
 //S33   1.4800E-05         1  1.4800E-05         1
 //S12   1.7758E-14         1  1.7758E-14         1
 //S23  -1.2600E-14         1 -1.2600E-14         1
 //S31  -1.5023E-15         1 -1.5023E-15         1
 //SMS   3.3950E+02         1  3.3950E+02         1
#### Result step=     9
 ##### Local Summary @Node    :Max/IdMax/Min/IdMin####
 //U1    9.0000E-02         2  0.0000E+00         1
 //U2    0.0000E+00         1 -4.1857E-02         3
 //U3    0.0000E+00         1 -4.1857E-02         8
 //E11   8.6178E-02         3  8.6178E-02         2
 //E22  -4.2758E-02         2 -4.2758E-02         3
 //E33  -4.2758E-02         2 -4.2758E-02         3
 //E12   0.0000E+00         1  0.0000E+00         1
 //E23   0.0000E+00         1  0.0000E+00         1
 //E31   0.0000E+00         1  0.0000E+00         1
 //S11   3.4739E+02         3  3.4739E+02         2
 //S22  -3.9135E-05         2 -3.9135E-05         3
 //S33  -3.9135E-05         2 -3.9135E-05         3
 //S12   4.5809E-14         8 -2.8227E-15         5
 //S23   2.6860E-14         5 -5.5254E-14         4
 //S31   4.7031E-14         3 -2.0481E-14         2
 //SMS   3.4739E+02         3  3.4739E+02         2
 ##### Local Summary @Element :Max/IdMax/Min/IdMin####
 //E11   8.6178E-02         1  8.6178E-02         1
 //E22  -4.2758E-02         1 -4.2758E-02         1
 //E33  -4.2758E-02         1 -4.2758E-02         1
 //E12   0.0000E+00         1  0.0000E+00         1
 //E23   0.0000E+00         1  0.0000E+00         1
 //E31   0.0000E+00         1  0.0000E+00         1
 //S11   3.4739E+02         1  3.4739E+02         1
 //S22  -3.9135E-05         1 -3.9135E-05         1
 //S33  -3.9135E-05         1 -3.9135E-05         1
 //S12   1.2550E-14         1  1.2550E-14         1
 //S23  -7.0626E-15         1 -7.0626E-15         1
 //S31   1.6904E-14         1  1.6904E-14         1
 //SMS   3.4739E+02         1  3.4739E+02         1
 ##### Global Summary @Node    :Max/IdMax/Min/IdMin####
 //U1    9.0000E-02         2  0.0000E+00         1
 //U2    0.0000E+00         1 -4.1857E-02         3
 //U3    0.0000E+00         1 -4.1857E-02         8
 //E11   8.6178E-02         3  8.6178E-02         2
 //E22  -4.2758E-02         2 -4.2758E-02         3
 //E33  -4.2758E-02         2 -4.2758E-02         3
 //E12   0.0000E+00         1  0.0000E+00         1
 //E23   0.0000E+00         1  0.0000E+00         1
 //E31   0.0000E+00         1  0.0000E+00         1
 //S11   3.4739E+02         3  3.4739E+02         2
 //S22  -3.9135E-05         2 -3.9135E-05         3
 //S33  -3.9135E-05         2 -3.9135E-05         3
 //S12   4.5809E-14         8 -2.8227E-15         5
 //S23   2.6860E-14         5 -5.5254E-14         4
 //S31   4.7031E-14         3 -2.0481E-14         2
 //SMS   3.4739E+02         3  3.4739E+02         2
 ##### Global Summary @Element :Max/IdMax/Min/IdMin####
 //E11   8.6178E-02         1  8.6178E-02         1
 //E22  -4.2758E-02         1 -4.2758E-02         1
 //E33  -4.2758E-02         1 -4.2758E-02         1
 //E12   0.0000E+00         1  0.0000E+00         1
 //E23   0.0000E+00         1  0.0000E+00         1
 //E31   0.0000E+00         1  0.0000E+00         1
 //S11   3.4739E+02         1  3.4739E+02         1
 //S22  -3.9135E-05         1 -3.9135E-05         1
 //S33  -3.9135E-05         1 -3.9135E-05         1
 //S12   1.2550E-14         1  1.2550E-14         1
 //S23  -7.0626E-15         1 -7.0626E-15         1
 //S31   1.6904E-14         1  1.6904E-14         1
 //SMS   3.4739E+02         1  3.4739E+02         1
#### Result step=    10
 ##### Local Summary @Node    :Max/IdMax/Min/IdMin####
 //U1    1.0000E-01         2  0.0000E+00         1
 //U2    0.0000E+00         1 -4.6215E-02         3
 //U3    0.0000E+00         1 -4.6215E-02         8
 //E11   9.5310E-02         8  9.5310E-02         7
 //E22  -4.7317E-02         8 -4.7317E-02         1
 //E33  -4.7317E-02         2 -4.7317E-02         6
 //E12   0.0000E+00         1  0.0000E+00         1
 //E23   0.0000E+00         1  0.0000E+00         1
 //E31   0.0000E+00         1  0.0000E+00         1
 //S11   3.5482E+02         3  3.5482E+02         2
 //S22   3.0109E-06         3  3.0109E-06         2
 //S33   3.0109E-06         3  3.0109E-06         2
 //S12   6.4259E-14         8 -7.6956E-14         4
 //S23   9.2970E-14         3 -9.0378E-14         6
 //S31   9.7835E-14         6 -5.1375E-14         7
 //SMS   3.5482E+02         3  3.5482E+02         2
 ##### Local Summary @Element :Max/IdMax/Min/IdMin####
 //E11   9.5310E-02         1  9.5310E-02         1
 //E22  -4.7317E-02         1 -4.7317E-02         1
 //E33  -4.7317E-02         1 -4.7317E-02         1
 //E12   0.0000E+00         1  0.0000E+00         1
 //E23   0.0000E+00         1  0.0000E+00         1
 //E31   0.0000E+00         1  0.0000E+00         1
 //S11   3.5482E+02         1  3.5482E+02         1
 //S22   3.0109E-06         1  3.0109E-06         1
 //S33   3.0109E-06         1  3.0109E-06         1
 //S12  -5.5553E-15         1 -5.5553E-15         1
 //S23   1.5629E-15         1  1.5629E-15         1
 //S31   1.3133E-14         1  1.3133E-14         1
 //SMS   3.5482E+02         1  3.5482E+02         1
 ##### Global Summary @Node    :Max/IdMax/Min/IdMin####
 //U1    1.0000E-01         2  0.0000E+00         1
 //U2    0.0000E+00         1 -4.6215E-02         3
 //U3    0.0000E+00         1 -4.6215E-02         8
 //E11   9.5310E-02         8  9.5310E-02         7
 //E22  -4.7317E-02         8 -4.7317E-02         1
 //E33  -4.7317E-02         2 -4.7317E-02         6
 //E12   0.0000E+00         1  0.0000E+00         1
 //E23   0.0000E+00         1  0.0000E+00         1
 //E31   0.0000E+00         1  0.0000E+00         1
 //S11   3.5482E+02         3  3.5482E+02         2
 //S22   3.0109E-06         3  3.0109E-06         2
 //S33   3.0109E-06         3  3.0109E-06         2
 //S12   6.4259E-14         8 -7.6956E-14         4
 //S23   9.2970E-14         3 -9.0378E-14         6
 //S31   9.7835E-14         6 -5.1375E-14         7
 //SMS   3.5482E+02         3  3.5482E+02         2
 ##### Global Summary @Element :Max/IdMax/Min/IdMin####
 //E11   9.5310E-02         1  9.5310E-02         1
 //E22  -4.7317E-02         1 -4.7317E-02         1
 //E33  -4.7317E-02         1 -4.7317E-02         1
 //E12   0.0000E+00         1  0.0000E+00         1
 //E23   0.0000E+00         1  0.0000E+00         1
 //E31   0.0000E+00         1  0.0000E+00         1
 //S11   3.5482E+02         1  3.5482E+02         1
 //S22   3.0109E-06         1  3.0109E-06         1
 //S33   3.0109E-06         1  3.0109E-06         1
 //S12  -5.5553E-15         1 -5.5553E-15         1
 //S23   1.5629E-15         1  1.5629E-15         1
 //S31   1.3133E-14         1  1.3133E-14         1
 //SMS   3.5482E+02         1  3.5482E+02         1
