 fstr_setup: OK
#### Result step=     1
 ##### Local Summary :Max/IdMax/Min/IdMin####
   //U1   2.4088E-04   1001433 -2.3237E-04      1121
   //U2   1.0713E-04      5021 -1.1842E-04      5221
   //U3   1.6446E-05      5017 -9.9290E-04      3121
   //V1   4.8176E+02   1001433 -4.6475E+02      1121
   //V2   2.1426E+02      5021 -2.3685E+02      5221
   //V3   3.2892E+01      5017 -1.9858E+03      3121
   //A1   9.6352E+08   1001433 -9.2950E+08      1121
   //A2   4.2852E+08      5021 -4.7370E+08      5221
   //A3   6.5784E+07      5017 -3.9716E+09      3121
   //E11  2.1151E-04      5019 -1.4680E-04      1219
   //E22  3.7839E-04   1000347 -4.0045E-04   1001067
   //E33  8.9066E-04   1001067 -9.3698E-04   1000347
   //E12  1.5619E-04   1000353 -1.5978E-04      1021
   //E23  8.3530E-04   1000713 -8.5416E-04   1000353
   //E13  2.0082E-04   1001428 -9.9566E-04      3121
   //S11  9.9197E-01   1001050 -8.4974E-01   1000347
   //S22  7.9478E-01      1121 -1.3693E+00   1001433
   //S33  3.6253E+00   1001067 -3.9838E+00   1000347
   //S12  2.4029E-01   1000353 -2.4582E-01      1021
   //S23  1.2851E+00   1000713 -1.3141E+00   1000353
   //S13  3.0896E-01   1001428 -1.5318E+00      3121
   //SMS  4.2874E+00   1000347  7.8519E-07   1000074
 ##### @Element :Max/IdMax/Min/IdMin####
   //E11  1.2344E-04       180 -1.3087E-04        56
   //E22  1.9506E-04        58 -2.2769E-04       239
   //E33  2.8657E-04       178 -3.1847E-04       119
   //E12  8.0563E-05       180 -1.0187E-04       240
   //E23  4.9346E-04       119 -4.9970E-04       178
   //E13  6.4429E-05       113 -4.4439E-04       119
   //S11  5.5076E-01       240 -5.0413E-01        56
   //S22  2.8727E-01        58 -5.4779E-01       239
   //S33  1.2395E+00       178 -1.4113E+00       119
   //S12  1.2394E-01       180 -1.5672E-01       240
   //S23  7.5917E-01       119 -7.6876E-01       178
   //S13  9.9122E-02       113 -6.8368E-01       119
   //SMS  2.1471E+00       119  1.3352E-06       183
 ##### Global Summary :Max/Min####
   //U1   2.4088E-04 -2.3237E-04
   //U2   1.0713E-04 -1.1842E-04
   //U3   1.6446E-05 -9.9290E-04
   //V1   4.8176E+02 -4.6475E+02
   //V2   2.1426E+02 -2.3685E+02
   //V3   3.2892E+01 -1.9858E+03
   //A1   9.6352E+08 -9.2950E+08
   //A2   4.2852E+08 -4.7370E+08
   //A3   6.5784E+07 -3.9716E+09
   //E11  2.1151E-04 -1.4680E-04
   //E22  3.7839E-04 -4.0045E-04
   //E33  8.9066E-04 -9.3698E-04
   //E12  1.5619E-04 -1.5978E-04
   //E23  8.3530E-04 -8.5416E-04
   //E13  2.0082E-04 -9.9566E-04
   //S11  9.9197E-01 -8.4974E-01
   //S22  7.9478E-01 -1.3693E+00
   //S33  3.6253E+00 -3.9838E+00
   //S12  2.4029E-01 -2.4582E-01
   //S23  1.2851E+00 -1.3141E+00
   //S13  3.0896E-01 -1.5318E+00
   //SMS  4.2874E+00  7.8519E-07
 ##### @Element :Max/Min####
   //E11  1.2344E-04 -1.3087E-04
   //E22  1.9506E-04 -2.2769E-04
   //E33  2.8657E-04 -3.1847E-04
   //E12  8.0563E-05 -1.0187E-04
   //E23  4.9346E-04 -4.9970E-04
   //E13  6.4429E-05 -4.4439E-04
   //S11  5.5076E-01 -5.0413E-01
   //S22  2.8727E-01 -5.4779E-01
   //S33  1.2395E+00 -1.4113E+00
   //S12  1.2394E-01 -1.5672E-01
   //S23  7.5917E-01 -7.6876E-01
   //S13  9.9122E-02 -6.8368E-01
   //SMS  2.1471E+00  1.3352E-06
#### Result step=     2
 ##### Local Summary :Max/IdMax/Min/IdMin####
   //U1   1.0327E-03      5121 -1.0330E-03      1121
   //U2   2.3160E-04      5021 -2.3830E-04      5221
   //U3   9.6428E-05      3017 -2.9011E-03      3121
   //V1   1.1415E+03      5121 -1.1528E+03      1221
   //V2   1.1086E+02      5019 -1.4125E+02      5219
   //V3   1.3644E+02      3217 -2.6734E+03      5221
   //A1   8.2521E+08   1001397 -6.7547E+08      1019
   //A2   9.4160E+08      5221 -7.8766E+08      5021
   //A3   4.2821E+09      3121 -2.4305E+09      5221
   //E11  7.2175E-04      5019 -6.2575E-04      1219
   //E22  5.6898E-04   1000347 -6.5936E-04      5121
   //E33  1.0391E-03   1001067 -1.0575E-03   1000347
   //E12  1.9303E-04   1000353 -2.4507E-04      5221
   //E23  1.0815E-03   1000713 -1.1011E-03   1000353
   //E13  2.7343E-04   1001428 -1.5930E-03      3121
   //S11  2.9719E+00      5019 -2.5257E+00      1219
   //S22  1.6762E+00      1121 -2.5026E+00   1001433
   //S33  4.0040E+00   1001067 -4.3830E+00   1000347
   //S12  2.9697E-01   1000353 -3.7703E-01      5221
   //S23  1.6639E+00   1000713 -1.6940E+00   1000353
   //S13  4.2066E-01   1001428 -2.4508E+00      3121
   //SMS  5.5149E+00   1000347  1.9497E-05   1000732
 ##### @Element :Max/IdMax/Min/IdMin####
   //E11  4.0751E-04       180 -4.4814E-04        56
   //E22  3.2750E-04        58 -4.1416E-04       239
   //E33  3.2503E-04       178 -3.7008E-04       119
   //E12  1.0813E-04       180 -1.3832E-04       240
   //E23  6.5896E-04       119 -6.6613E-04       178
   //E13  2.1048E-04       170 -8.1801E-04       119
   //S11  1.6288E+00       240 -1.7659E+00       116
   //S22  6.7016E-01        58 -1.0836E+00       239
   //S33  1.4279E+00       178 -1.6067E+00       119
   //S12  1.6636E-01       180 -2.1281E-01       240
   //S23  1.0138E+00       119 -1.0248E+00       178
   //S13  3.2381E-01       170 -1.2585E+00       119
   //SMS  3.1843E+00       119  1.3496E-05        13
 ##### Global Summary :Max/Min####
   //U1   1.0327E-03 -1.0330E-03
   //U2   2.3160E-04 -2.3830E-04
   //U3   9.6428E-05 -2.9011E-03
   //V1   1.1415E+03 -1.1528E+03
   //V2   1.1086E+02 -1.4125E+02
   //V3   1.3644E+02 -2.6734E+03
   //A1   8.2521E+08 -6.7547E+08
   //A2   9.4160E+08 -7.8766E+08
   //A3   4.2821E+09 -2.4305E+09
   //E11  7.2175E-04 -6.2575E-04
   //E22  5.6898E-04 -6.5936E-04
   //E33  1.0391E-03 -1.0575E-03
   //E12  1.9303E-04 -2.4507E-04
   //E23  1.0815E-03 -1.1011E-03
   //E13  2.7343E-04 -1.5930E-03
   //S11  2.9719E+00 -2.5257E+00
   //S22  1.6762E+00 -2.5026E+00
   //S33  4.0040E+00 -4.3830E+00
   //S12  2.9697E-01 -3.7703E-01
   //S23  1.6639E+00 -1.6940E+00
   //S13  4.2066E-01 -2.4508E+00
   //SMS  5.5149E+00  1.9497E-05
 ##### @Element :Max/Min####
   //E11  4.0751E-04 -4.4814E-04
   //E22  3.2750E-04 -4.1416E-04
   //E33  3.2503E-04 -3.7008E-04
   //E12  1.0813E-04 -1.3832E-04
   //E23  6.5896E-04 -6.6613E-04
   //E13  2.1048E-04 -8.1801E-04
   //S11  1.6288E+00 -1.7659E+00
   //S22  6.7016E-01 -1.0836E+00
   //S33  1.4279E+00 -1.6067E+00
   //S12  1.6636E-01 -2.1281E-01
   //S23  1.0138E+00 -1.0248E+00
   //S13  3.2381E-01 -1.2585E+00
   //SMS  3.1843E+00  1.3496E-05
#### Result step=     3
 ##### Local Summary :Max/IdMax/Min/IdMin####
   //U1   1.9960E-03      5121 -2.0359E-03      1121
   //U2   1.5680E-04      5019 -1.6313E-04      1019
   //U3   3.1421E-04   1000636 -5.6035E-03      3121
   //V1   9.5327E+02   1001037 -9.5518E+02      1119
   //V2   3.2335E+02      5221 -2.0460E+02      5021
   //V3   3.3973E+02   1000636 -3.5744E+03      3121
   //A1   1.1087E+09      1221 -1.1480E+09      5121
   //A2   6.5962E+08      5219 -8.4347E+08      3121
   //A3   1.1286E+09      5221 -7.7699E+09      3121
   //E11  1.0382E-03      5019 -1.0937E-03      1219
   //E22  3.5183E-04      1219 -3.5123E-04   1001067
   //E33  8.0313E-04   1001067 -6.7223E-04   1000347
   //E12  1.3925E-04   1000353 -1.0216E-04   1001409
   //E23  7.3850E-04   1000713 -7.4855E-04   1000353
   //E13  5.1670E-04      3017 -1.2975E-03      3121
   //S11  4.1950E+00      5019 -4.3770E+00      1219
   //S22  7.6380E-01      1121 -1.1580E+00   1001433
   //S33  3.2796E+00   1001067 -3.0679E+00   1000347
   //S12  2.1422E-01   1000353 -1.5718E-01   1001409
   //S23  1.1362E+00   1000713 -1.1516E+00   1000353
   //S13  7.9492E-01      3017 -1.9962E+00      3121
   //SMS  4.3823E+00      1219  7.4359E-05   1000043
 ##### @Element :Max/IdMax/Min/IdMin####
   //E11  7.7187E-04       173 -7.5314E-04       109
   //E22  2.2315E-04        56 -2.7349E-04       239
   //E33  2.2695E-04       109 -2.0706E-04       234
   //E12  7.2763E-05       118 -6.7977E-05        60
   //E23  4.1264E-04       119 -4.2728E-04       178
   //E13  4.0197E-04        47 -7.4703E-04       119
   //S11  3.2217E+00       233 -3.0231E+00       109
   //S22  3.0280E-01        58 -4.8998E-01       239
   //S33  1.0983E+00       178 -9.7579E-01       119
   //S12  1.1194E-01       118 -1.0458E-01        60
   //S23  6.3483E-01       119 -6.5735E-01       178
   //S13  6.1842E-01        47 -1.1493E+00       119
   //SMS  3.0365E+00       173  1.1018E-04        73
 ##### Global Summary :Max/Min####
   //U1   1.9960E-03 -2.0359E-03
   //U2   1.5680E-04 -1.6313E-04
   //U3   3.1421E-04 -5.6035E-03
   //V1   9.5327E+02 -9.5518E+02
   //V2   3.2335E+02 -2.0460E+02
   //V3   3.3973E+02 -3.5744E+03
   //A1   1.1087E+09 -1.1480E+09
   //A2   6.5962E+08 -8.4347E+08
   //A3   1.1286E+09 -7.7699E+09
   //E11  1.0382E-03 -1.0937E-03
   //E22  3.5183E-04 -3.5123E-04
   //E33  8.0313E-04 -6.7223E-04
   //E12  1.3925E-04 -1.0216E-04
   //E23  7.3850E-04 -7.4855E-04
   //E13  5.1670E-04 -1.2975E-03
   //S11  4.1950E+00 -4.3770E+00
   //S22  7.6380E-01 -1.1580E+00
   //S33  3.2796E+00 -3.0679E+00
   //S12  2.1422E-01 -1.5718E-01
   //S23  1.1362E+00 -1.1516E+00
   //S13  7.9492E-01 -1.9962E+00
   //SMS  4.3823E+00  7.4359E-05
 ##### @Element :Max/Min####
   //E11  7.7187E-04 -7.5314E-04
   //E22  2.2315E-04 -2.7349E-04
   //E33  2.2695E-04 -2.0706E-04
   //E12  7.2763E-05 -6.7977E-05
   //E23  4.1264E-04 -4.2728E-04
   //E13  4.0197E-04 -7.4703E-04
   //S11  3.2217E+00 -3.0231E+00
   //S22  3.0280E-01 -4.8998E-01
   //S33  1.0983E+00 -9.7579E-01
   //S12  1.1194E-01 -1.0458E-01
   //S23  6.3483E-01 -6.5735E-01
   //S13  6.1842E-01 -1.1493E+00
   //SMS  3.0365E+00  1.1018E-04
#### Result step=     4
 ##### Local Summary :Max/IdMax/Min/IdMin####
   //U1   2.7882E-03   1001433 -2.8392E-03      1121
   //U2   2.0690E-04      5021 -1.9767E-04      5217
   //U3   6.6545E-04   1000282 -9.3558E-03      3121
   //V1   8.1182E+02   1001033 -8.2959E+02   1000650
   //V2   3.2512E+02      5021 -4.4886E+02      5221
   //V3   5.7848E+02      3015 -4.1349E+03   1001067
   //A1   1.1591E+09      5121 -8.5192E+08      1221
   //A2   9.8226E+08      3121 -1.2553E+09      5221
   //A3   7.0586E+09      3121 -1.8885E+09      5121
   //E11  1.3400E-03      5017 -1.3177E-03   1000650
   //E22  5.2085E-04   1000347 -5.5152E-04   1001067
   //E33  1.1122E-03   1001067 -1.0659E-03   1000347
   //E12  2.0242E-04   1000353 -2.2139E-04      1021
   //E23  1.0653E-03   1000713 -1.0888E-03   1000353
   //E13  6.0715E-04      3015 -1.6201E-03      3121
   //S11  5.3435E+00   1001032 -5.3642E+00   1000295
   //S22  1.2131E+00      1121 -2.0127E+00      5121
   //S33  4.2789E+00   1001067 -4.5309E+00   1000347
   //S12  3.1142E-01   1000353 -3.4060E-01      1021
   //S23  1.6390E+00   1000713 -1.6751E+00   1000353
   //S13  9.3408E-01      3015 -2.4925E+00      3121
   //SMS  5.4828E+00   1000347  9.8511E-04   1000042
 ##### @Element :Max/IdMax/Min/IdMin####
   //E11  9.6675E-04       234 -9.8453E-04        50
   //E22  2.9286E-04        58 -3.7164E-04       239
   //E33  3.4422E-04       178 -3.7157E-04       119
   //E12  1.1273E-04       118 -1.2679E-04       240
   //E23  6.4900E-04       119 -6.6772E-04       178
   //E13  5.1948E-04       224 -9.2872E-04       119
   //S11  3.9143E+00       234 -4.0320E+00        50
   //S22  4.8650E-01        58 -8.6324E-01       239
   //S33  1.5568E+00       178 -1.6526E+00       119
   //S12  1.7343E-01       118 -1.9507E-01       240
   //S23  9.9847E-01       119 -1.0273E+00       178
   //S13  7.9920E-01       224 -1.4288E+00       119
   //SMS  3.8760E+00        50  6.6846E-04        67
 ##### Global Summary :Max/Min####
   //U1   2.7882E-03 -2.8392E-03
   //U2   2.0690E-04 -1.9767E-04
   //U3   6.6545E-04 -9.3558E-03
   //V1   8.1182E+02 -8.2959E+02
   //V2   3.2512E+02 -4.4886E+02
   //V3   5.7848E+02 -4.1349E+03
   //A1   1.1591E+09 -8.5192E+08
   //A2   9.8226E+08 -1.2553E+09
   //A3   7.0586E+09 -1.8885E+09
   //E11  1.3400E-03 -1.3177E-03
   //E22  5.2085E-04 -5.5152E-04
   //E33  1.1122E-03 -1.0659E-03
   //E12  2.0242E-04 -2.2139E-04
   //E23  1.0653E-03 -1.0888E-03
   //E13  6.0715E-04 -1.6201E-03
   //S11  5.3435E+00 -5.3642E+00
   //S22  1.2131E+00 -2.0127E+00
   //S33  4.2789E+00 -4.5309E+00
   //S12  3.1142E-01 -3.4060E-01
   //S23  1.6390E+00 -1.6751E+00
   //S13  9.3408E-01 -2.4925E+00
   //SMS  5.4828E+00  9.8511E-04
 ##### @Element :Max/Min####
   //E11  9.6675E-04 -9.8453E-04
   //E22  2.9286E-04 -3.7164E-04
   //E33  3.4422E-04 -3.7157E-04
   //E12  1.1273E-04 -1.2679E-04
   //E23  6.4900E-04 -6.6772E-04
   //E13  5.1948E-04 -9.2872E-04
   //S11  3.9143E+00 -4.0320E+00
   //S22  4.8650E-01 -8.6324E-01
   //S33  1.5568E+00 -1.6526E+00
   //S12  1.7343E-01 -1.9507E-01
   //S23  9.9847E-01 -1.0273E+00
   //S13  7.9920E-01 -1.4288E+00
   //SMS  3.8760E+00  6.6846E-04
#### Result step=     5
 ##### Local Summary :Max/IdMax/Min/IdMin####
   //U1   3.6736E-03      5121 -3.7254E-03      1121
   //U2   2.4472E-04      5021 -2.5070E-04      1017
   //U3   1.2263E-03      3015 -1.3337E-02      3121
   //V1   1.0083E+03   1001073 -1.0912E+03      1221
   //V2   3.7285E+02      5221 -2.4949E+02      5021
   //V3   7.9654E+02   1000246 -4.6409E+03      1221
   //A1   6.1856E+08      3121 -7.6299E+08      5121
   //A2   2.8987E+09      5221 -1.8996E+09      5021
   //A3   1.8252E+09      5121 -7.2651E+09      3121
   //E11  1.5513E-03      5017 -1.5689E-03      1217
   //E22  4.9567E-04      1121 -5.5539E-04      5121
   //E33  7.9367E-04   1001067 -7.4552E-04   1000347
   //E12  1.3238E-04   1000353 -1.5862E-04      5221
   //E23  8.7411E-04   1000713 -8.7653E-04   1000353
   //E13  7.2243E-04      3015 -1.4373E-03      3121
   //S11  6.1840E+00      5017 -6.2569E+00      1217
   //S22  1.6002E+00      1121 -2.2747E+00   1001433
   //S33  3.0427E+00   1001067 -3.1770E+00   1000347
   //S12  2.0367E-01   1000353 -2.4404E-01      5221
   //S23  1.3448E+00   1000713 -1.3485E+00   1000353
   //S13  1.1114E+00      3015 -2.2113E+00      3121
   //SMS  6.2914E+00      1217  9.2861E-04      1103
 ##### @Element :Max/IdMax/Min/IdMin####
   //E11  1.1049E-03       227 -1.0785E-03        50
   //E22  3.2254E-04       110 -3.8274E-04       239
   //E33  3.1833E-04        43 -3.1437E-04       227
   //E12  8.0767E-05       118 -9.9075E-05       240
   //E23  5.1449E-04       119 -5.1626E-04       178
   //E13  6.0341E-04        41 -8.6326E-04       119
   //S11  4.4843E+00       227 -4.3668E+00        50
   //S22  6.4785E-01        58 -9.8485E-01       239
   //S33  9.8503E-01       178 -1.0521E+00       119
   //S12  1.2426E-01       118 -1.5242E-01       240
   //S23  7.9153E-01       119 -7.9424E-01       178
   //S13  9.2833E-01        41 -1.3281E+00       119
   //SMS  4.3844E+00       227  3.0594E-03        10
 ##### Global Summary :Max/Min####
   //U1   3.6736E-03 -3.7254E-03
   //U2   2.4472E-04 -2.5070E-04
   //U3   1.2263E-03 -1.3337E-02
   //V1   1.0083E+03 -1.0912E+03
   //V2   3.7285E+02 -2.4949E+02
   //V3   7.9654E+02 -4.6409E+03
   //A1   6.1856E+08 -7.6299E+08
   //A2   2.8987E+09 -1.8996E+09
   //A3   1.8252E+09 -7.2651E+09
   //E11  1.5513E-03 -1.5689E-03
   //E22  4.9567E-04 -5.5539E-04
   //E33  7.9367E-04 -7.4552E-04
   //E12  1.3238E-04 -1.5862E-04
   //E23  8.7411E-04 -8.7653E-04
   //E13  7.2243E-04 -1.4373E-03
   //S11  6.1840E+00 -6.2569E+00
   //S22  1.6002E+00 -2.2747E+00
   //S33  3.0427E+00 -3.1770E+00
   //S12  2.0367E-01 -2.4404E-01
   //S23  1.3448E+00 -1.3485E+00
   //S13  1.1114E+00 -2.2113E+00
   //SMS  6.2914E+00  9.2861E-04
 ##### @Element :Max/Min####
   //E11  1.1049E-03 -1.0785E-03
   //E22  3.2254E-04 -3.8274E-04
   //E33  3.1833E-04 -3.1437E-04
   //E12  8.0767E-05 -9.9075E-05
   //E23  5.1449E-04 -5.1626E-04
   //E13  6.0341E-04 -8.6326E-04
   //S11  4.4843E+00 -4.3668E+00
   //S22  6.4785E-01 -9.8485E-01
   //S33  9.8503E-01 -1.0521E+00
   //S12  1.2426E-01 -1.5242E-01
   //S23  7.9153E-01 -7.9424E-01
   //S13  9.2833E-01 -1.3281E+00
   //SMS  4.3844E+00  3.0594E-03
