 fstr_setup: OK
#### Result step=     5
 ##### Local Summary @Node    :Max/IdMax/Min/IdMin####
 //U1    3.6854E-03      5121 -3.7470E-03      1121
 //U2    2.2413E-04      5021 -2.3750E-04      1017
 //U3    1.2339E-03      3215 -1.3402E-02      3121
 //V1    1.0044E+03   1001073 -1.0990E+03      1221
 //V2    3.7518E+02      5221 -2.6296E+02      5021
 //V3    7.9729E+02   1000600 -4.6513E+03      1221
 //A1    6.2336E+08      3121 -8.0643E+08      5121
 //A2    2.8557E+09      5221 -1.8861E+09      5021
 //A3    1.8282E+09      5121 -7.3475E+09      3121
 //E11   1.5531E-03      5017 -1.5798E-03      1217
 //E22   4.9638E-04      1217 -5.5089E-04      5121
 //E33   7.9742E-04   1001067 -7.3801E-04   1000347
 //E12   1.3027E-04   1000706 -1.5266E-04      5221
 //E23   8.7615E-04   1000713 -8.7177E-04   1000353
 //E31   7.1536E-04      3015 -1.4376E-03      3121
 //S11   6.2086E+00      5117 -6.2848E+00      1217
 //S22   1.5846E+00      1121 -2.2487E+00   1001433
 //S33   3.0595E+00   1001067 -3.1540E+00   1000347
 //S12   1.9999E-01   1000706 -2.3466E-01      5221
 //S23   1.3472E+00   1000713 -1.3421E+00   1000353
 //S31   1.1008E+00      3015 -2.2119E+00      3121
 //SMS   6.3073E+00      1217  9.7707E-04      1103
 ##### Local Summary @Element :Max/IdMax/Min/IdMin####
 //E11   1.1084E-03       227 -1.0856E-03        50
 //E22   3.2372E-04       110 -3.8081E-04       239
 //E33   3.1917E-04        43 -3.1687E-04       227
 //E12   8.3081E-05       118 -9.8039E-05       240
 //E23   5.1506E-04       119 -5.1226E-04       178
 //E31   6.0145E-04        41 -8.6684E-04       119
 //S11   4.5092E+00       227 -4.3866E+00        50
 //S22   6.3633E-01        58 -9.7934E-01       239
 //S33   9.9341E-01       178 -1.0387E+00       119
 //S12   1.2755E-01       118 -1.5127E-01       240
 //S23   7.9178E-01       119 -7.8864E-01       178
 //S31   9.2498E-01        41 -1.3321E+00       119
 //SMS   4.4134E+00       227  3.1332E-03        10
 ##### Global Summary @Node    :Max/IdMax/Min/IdMin####
 //U1    3.6854E-03      5121 -3.7470E-03      1121
 //U2    2.2413E-04      5021 -2.3750E-04      1017
 //U3    1.2339E-03      3215 -1.3402E-02      3121
 //V1    1.0044E+03   1001073 -1.0990E+03      1221
 //V2    3.7518E+02      5221 -2.6296E+02      5021
 //V3    7.9729E+02   1000600 -4.6513E+03      1221
 //A1    6.2336E+08      3121 -8.0643E+08      5121
 //A2    2.8557E+09      5221 -1.8861E+09      5021
 //A3    1.8282E+09      5121 -7.3475E+09      3121
 //E11   1.5531E-03      5017 -1.5798E-03      1217
 //E22   4.9638E-04      1217 -5.5089E-04      5121
 //E33   7.9742E-04   1001067 -7.3801E-04   1000347
 //E12   1.3027E-04   1000706 -1.5266E-04      5221
 //E23   8.7615E-04   1000713 -8.7177E-04   1000353
 //E31   7.1536E-04      3015 -1.4376E-03      3121
 //S11   6.2086E+00      5117 -6.2848E+00      1217
 //S22   1.5846E+00      1121 -2.2487E+00   1001433
 //S33   3.0595E+00   1001067 -3.1540E+00   1000347
 //S12   1.9999E-01   1000706 -2.3466E-01      5221
 //S23   1.3472E+00   1000713 -1.3421E+00   1000353
 //S31   1.1008E+00      3015 -2.2119E+00      3121
 //SMS   6.3073E+00      1217  9.7707E-04      1103
 ##### Global Summary @Element :Max/IdMax/Min/IdMin####
 //E11   1.1084E-03       227 -1.0856E-03        50
 //E22   3.2372E-04       110 -3.8081E-04       239
 //E33   3.1917E-04        43 -3.1687E-04       227
 //E12   8.3081E-05       118 -9.8039E-05       240
 //E23   5.1506E-04       119 -5.1226E-04       178
 //E31   6.0145E-04        41 -8.6684E-04       119
 //S11   4.5092E+00       227 -4.3866E+00        50
 //S22   6.3633E-01        58 -9.7934E-01       239
 //S33   9.9341E-01       178 -1.0387E+00       119
 //S12   1.2755E-01       118 -1.5127E-01       240
 //S23   7.9178E-01       119 -7.8864E-01       178
 //S31   9.2498E-01        41 -1.3321E+00       119
 //SMS   4.4134E+00       227  3.1332E-03        10
