 fstr_setup: OK
#### Result step=  5000
 ##### Local Summary @Node    :Max/IdMax/Min/IdMin####
 //U1    1.4249E-04   1001433 -1.0482E-04      1121
 //U2    3.1309E-04      5021 -3.9132E-04      5221
 //U3    1.0553E-04      5119 -1.0198E-03      3121
 //V1    1.7230E+03      5121 -8.9068E+02      1121
 //V2    2.5707E+03      5021 -2.2180E+03      5221
 //V3    5.9533E+02      5219 -2.0126E+03      5121
 //A1    1.1238E+10   1001073 -7.0379E+09      1221
 //A2    1.0899E+10   1000352 -9.5450E+09      3021
 //A3    9.7137E+09      3121 -1.0110E+10      1021
 //E11   2.4613E-04      5019 -2.7440E-04   1001073
 //E22   6.6996E-04   1000347 -9.0192E-04      5121
 //E33   9.9004E-04   1001067 -1.2495E-03   1000347
 //E12   4.8275E-04   1001073 -6.5527E-04      5221
 //E23   1.2204E-03   1000713 -1.2396E-03   1000353
 //E31   2.7588E-04   1000354 -1.6100E-03      3121
 //S11   1.4659E+00      5019 -1.6127E+00   1001073
 //S22   2.6027E+00      1121 -3.8915E+00      5121
 //S33   3.5247E+00   1001067 -4.7599E+00   1000347
 //S12   7.4159E-01   1001073 -1.0067E+00      5221
 //S23   1.8762E+00   1000713 -1.9078E+00   1000353
 //S31   4.2453E-01   1000354 -2.4773E+00      3121
 //SMS   6.2472E+00   1000347  1.4386E-12   1000372
 ##### Local Summary @Element :Max/IdMax/Min/IdMin####
 //E11   1.3112E-04       180 -1.2375E-04        56
 //E22   3.6569E-04        58 -4.8237E-04       239
 //E33   3.5282E-04       239 -4.4143E-04        58
 //E12   1.9685E-04       180 -2.3764E-04        55
 //E23   6.3784E-04       119 -7.0907E-04       178
 //E31   9.2595E-05       236 -7.1583E-04       119
 //S11   4.3732E-01       177 -4.0392E-01        57
 //S22   1.0666E+00        58 -1.6778E+00       239
 //S33   8.9216E-01       239 -1.5291E+00       119
 //S12   3.0293E-01       180 -3.6558E-01        55
 //S23   9.7978E-01       119 -1.0920E+00       178
 //S31   1.4235E-01       236 -1.0995E+00       119
 //SMS   3.0285E+00       119  4.0523E-13        62
 ##### Global Summary @Node    :Max/IdMax/Min/IdMin####
 //U1    1.4249E-04   1001433 -1.0482E-04      1121
 //U2    3.1309E-04      5021 -3.9132E-04      5221
 //U3    1.0553E-04      5119 -1.0198E-03      3121
 //V1    1.7230E+03      5121 -8.9068E+02      1121
 //V2    2.5707E+03      5021 -2.2180E+03      5221
 //V3    5.9533E+02      5219 -2.0126E+03      5121
 //A1    1.1238E+10   1001073 -7.0379E+09      1221
 //A2    1.0899E+10   1000352 -9.5450E+09      3021
 //A3    9.7137E+09      3121 -1.0110E+10      1021
 //E11   2.4613E-04      5019 -2.7440E-04   1001073
 //E22   6.6996E-04   1000347 -9.0192E-04      5121
 //E33   9.9004E-04   1001067 -1.2495E-03   1000347
 //E12   4.8275E-04   1001073 -6.5527E-04      5221
 //E23   1.2204E-03   1000713 -1.2396E-03   1000353
 //E31   2.7588E-04   1000354 -1.6100E-03      3121
 //S11   1.4659E+00      5019 -1.6127E+00   1001073
 //S22   2.6027E+00      1121 -3.8915E+00      5121
 //S33   3.5247E+00   1001067 -4.7599E+00   1000347
 //S12   7.4159E-01   1001073 -1.0067E+00      5221
 //S23   1.8762E+00   1000713 -1.9078E+00   1000353
 //S31   4.2453E-01   1000354 -2.4773E+00      3121
 //SMS   6.2472E+00   1000347  1.4386E-12   1000372
 ##### Global Summary @Element :Max/IdMax/Min/IdMin####
 //E11   1.3112E-04       180 -1.2375E-04        56
 //E22   3.6569E-04        58 -4.8237E-04       239
 //E33   3.5282E-04       239 -4.4143E-04        58
 //E12   1.9685E-04       180 -2.3764E-04        55
 //E23   6.3784E-04       119 -7.0907E-04       178
 //E31   9.2595E-05       236 -7.1583E-04       119
 //S11   4.3732E-01       177 -4.0392E-01        57
 //S22   1.0666E+00        58 -1.6778E+00       239
 //S33   8.9216E-01       239 -1.5291E+00       119
 //S12   3.0293E-01       180 -3.6558E-01        55
 //S23   9.7978E-01       119 -1.0920E+00       178
 //S31   1.4235E-01       236 -1.0995E+00       119
 //SMS   3.0285E+00       119  4.0523E-13        62
