 fstr_setup: OK
#### Result step= 10000
 ##### Local Summary :Max/IdMax/Min/IdMin####
   //U1   6.9557E-03      5121 -7.3523E-03      1121
   //U2   1.5326E-04      1221 -1.5326E-04      1021
   //U3   4.3684E-03      3111 -3.9903E-02      3121
   //V1   8.7269E+02      5017 -9.0676E+02      1217
   //V2   1.7642E+02      1007 -1.7642E+02      1207
   //V3   1.2944E+03      3107 -6.2733E+03      3121
   //A1   1.1938E+09      5207 -1.1918E+09      1007
   //A2   6.7802E+08      1203 -6.7802E+08      1003
   //A3   1.6475E+09      3109 -1.4779E+09      5209
   //E11  1.5412E-03      5115 -1.5346E-03      1115
   //E22  6.6039E-04      1121 -6.5691E-04      5121
   //E33  6.3143E-04      1115 -6.3944E-04      5115
   //E12  3.1990E-04      1221 -3.1990E-04      1021
   //E23  1.1580E-03      3221 -1.1580E-03      3021
   //E13  1.1519E-04      3011 -6.2498E-04      3121
   //S11  5.6814E+00      5115 -5.6699E+00      1115
   //S22  1.7723E+00      1121 -1.7260E+00      5121
   //S33  2.0721E+00      5121 -2.0111E+00      1121
   //S12  4.9215E-01      1221 -4.9215E-01      1021
   //S23  1.7816E+00      3221 -1.7816E+00      3021
   //S13  1.7722E-01      3011 -9.6150E-01      3121
   //SMS  6.5070E+00      5115  2.6819E-02      3113
 ##### @Element :Max/IdMax/Min/IdMin####
   //E11  8.9071E-04      3113 -8.8259E-04      1113
   //E22  1.3729E-04      1015 -1.3798E-04      3115
   //E33  3.2609E-04      1115 -3.3063E-04      3115
   //E12  7.9266E-05      1107 -7.9266E-05      1007
   //E23  2.1525E-04      1119 -2.1525E-04      1019
   //E13  3.7979E-04      1009 -6.7645E-04      3119
   //S11  3.7234E+00      3013 -3.6946E+00      1013
   //S22  5.5954E-01      3013 -5.6021E-01      1013
   //S33  2.5348E-01      3119 -2.5091E-01      1019
   //S12  1.2195E-01      1107 -1.2195E-01      1007
   //S23  3.3116E-01      1119 -3.3116E-01      1019
   //S13  5.8429E-01      1009 -1.0407E+00      3119
   //SMS  3.4937E+00      3113  9.4175E-01      3105
 ##### Global Summary :Max/Min####
   //U1   6.9557E-03 -7.3523E-03
   //U2   1.5326E-04 -1.5326E-04
   //U3   4.3684E-03 -3.9903E-02
   //V1   8.7269E+02 -9.0676E+02
   //V2   1.7642E+02 -1.7642E+02
   //V3   1.2944E+03 -6.2733E+03
   //A1   1.1938E+09 -1.1918E+09
   //A2   6.7802E+08 -6.7802E+08
   //A3   1.6475E+09 -1.4779E+09
   //E11  1.5412E-03 -1.5346E-03
   //E22  6.6039E-04 -6.5691E-04
   //E33  6.3143E-04 -6.3944E-04
   //E12  3.1990E-04 -3.1990E-04
   //E23  1.1580E-03 -1.1580E-03
   //E13  1.1519E-04 -6.2498E-04
   //S11  5.6814E+00 -5.6699E+00
   //S22  1.7723E+00 -1.7260E+00
   //S33  2.0721E+00 -2.0111E+00
   //S12  4.9215E-01 -4.9215E-01
   //S23  1.7816E+00 -1.7816E+00
   //S13  1.7722E-01 -9.6150E-01
   //SMS  6.5070E+00  2.6819E-02
 ##### @Element :Max/Min####
   //E11  8.9071E-04 -8.8259E-04
   //E22  1.3729E-04 -1.3798E-04
   //E33  3.2609E-04 -3.3063E-04
   //E12  7.9266E-05 -7.9266E-05
   //E23  2.1525E-04 -2.1525E-04
   //E13  3.7979E-04 -6.7645E-04
   //S11  3.7234E+00 -3.6946E+00
   //S22  5.5954E-01 -5.6021E-01
   //S33  2.5348E-01 -2.5091E-01
   //S12  1.2195E-01 -1.2195E-01
   //S23  3.3116E-01 -3.3116E-01
   //S13  5.8429E-01 -1.0407E+00
   //SMS  3.4937E+00  9.4175E-01
#### Result step= 20000
 ##### Local Summary :Max/IdMax/Min/IdMin####
   //U1   1.3223E-02      5121 -1.6002E-02      1121
   //U2   3.1922E-04      1211 -3.1922E-04      1011
   //U3   8.7240E-03      3007 -1.1483E-01      3121
   //V1   1.3979E+03      5221 -1.8495E+03      1221
   //V2   1.5270E+02      1203 -1.5270E+02      1003
   //V3   4.1616E+01      1203 -9.7195E+03      5121
   //A1   1.3303E+09      1107 -1.3291E+09      5107
   //A2   1.1737E+09      1203 -1.1737E+09      1003
   //A3   1.3469E+09      3003 -2.1093E+09      1211
   //E11  2.8405E-03      5111 -2.8400E-03      1111
   //E22  1.1174E-03      1211 -1.1201E-03      5211
   //E33  1.1106E-03      1111 -1.1284E-03      5111
   //E12  3.5650E-04      1207 -3.5650E-04      1007
   //E23  1.0256E-03      3221 -1.0256E-03      3021
   //E13  2.3704E-03      1101 -4.1766E-04      3121
   //S11  1.0488E+01      5111 -1.0537E+01      1111
   //S22  1.6467E+00      1211 -1.6917E+00      5211
   //S33  2.2742E+00      5121 -2.1782E+00      1121
   //S12  5.4846E-01      1207 -5.4846E-01      1007
   //S23  1.5779E+00      3221 -1.5779E+00      3021
   //S13  3.6468E+00      1101 -6.4255E-01      3121
   //SMS  1.1955E+01      5111  3.7525E-02      3109
 ##### @Element :Max/IdMax/Min/IdMin####
   //E11  1.6048E-03      3111 -1.6000E-03      1111
   //E22  2.9328E-04      1111 -2.9016E-04      3111
   //E33  5.2822E-04      1009 -5.3820E-04      3009
   //E12  8.6199E-05      3003 -8.6199E-05      3103
   //E23  1.5889E-04      1119 -1.5889E-04      1019
   //E13  8.2436E-04      1001 -5.1670E-04      1115
   //S11  6.7594E+00      3111 -6.7495E+00      1011
   //S22  9.2872E-01      3011 -9.2737E-01      1009
   //S33  5.2651E-01      3003 -5.2487E-01      1003
   //S12  1.3261E-01      3003 -1.3261E-01      3103
   //S23  2.4445E-01      1119 -2.4445E-01      1019
   //S13  1.2682E+00      1001 -7.9492E-01      1115
   //SMS  6.2282E+00      3111  1.3489E+00      1119
 ##### Global Summary :Max/Min####
   //U1   1.3223E-02 -1.6002E-02
   //U2   3.1922E-04 -3.1922E-04
   //U3   8.7240E-03 -1.1483E-01
   //V1   1.3979E+03 -1.8495E+03
   //V2   1.5270E+02 -1.5270E+02
   //V3   4.1616E+01 -9.7195E+03
   //A1   1.3303E+09 -1.3291E+09
   //A2   1.1737E+09 -1.1737E+09
   //A3   1.3469E+09 -2.1093E+09
   //E11  2.8405E-03 -2.8400E-03
   //E22  1.1174E-03 -1.1201E-03
   //E33  1.1106E-03 -1.1284E-03
   //E12  3.5650E-04 -3.5650E-04
   //E23  1.0256E-03 -1.0256E-03
   //E13  2.3704E-03 -4.1766E-04
   //S11  1.0488E+01 -1.0537E+01
   //S22  1.6467E+00 -1.6917E+00
   //S33  2.2742E+00 -2.1782E+00
   //S12  5.4846E-01 -5.4846E-01
   //S23  1.5779E+00 -1.5779E+00
   //S13  3.6468E+00 -6.4255E-01
   //SMS  1.1955E+01  3.7525E-02
 ##### @Element :Max/Min####
   //E11  1.6048E-03 -1.6000E-03
   //E22  2.9328E-04 -2.9016E-04
   //E33  5.2822E-04 -5.3820E-04
   //E12  8.6199E-05 -8.6199E-05
   //E23  1.5889E-04 -1.5889E-04
   //E13  8.2436E-04 -5.1670E-04
   //S11  6.7594E+00 -6.7495E+00
   //S22  9.2872E-01 -9.2737E-01
   //S33  5.2651E-01 -5.2487E-01
   //S12  1.3261E-01 -1.3261E-01
   //S23  2.4445E-01 -2.4445E-01
   //S13  1.2682E+00 -7.9492E-01
   //SMS  6.2282E+00  1.3489E+00
#### Result step= 30000
 ##### Local Summary :Max/IdMax/Min/IdMin####
   //U1   1.7649E-02      5219 -2.3601E-02      1121
   //U2   3.0341E-04      5015 -3.0341E-04      5215
   //U3   0.0000E+00      1001 -2.0367E-01      5121
   //V1   9.2632E+02      5107 -9.1550E+02      1107
   //V2   2.1638E+02      5217 -2.1638E+02      5017
   //V3   3.4892E+02      3203 -8.5417E+03      1121
   //A1   1.0875E+09      1105 -1.0691E+09      5105
   //A2   1.3378E+09      5221 -1.3378E+09      5021
   //A3   1.4861E+09      5121 -1.6150E+09      1015
   //E11  2.8121E-03      5111 -2.8150E-03      1111
   //E22  9.7424E-04      1211 -9.7678E-04      5011
   //E33  1.0858E-03      1111 -1.1012E-03      5111
   //E12  4.0242E-04      1221 -4.0242E-04      1021
   //E23  7.1581E-04      3221 -7.1581E-04      3021
   //E13  2.0591E-04      5221 -8.5359E-04      5101
   //S11  1.0443E+01      5111 -1.0491E+01      1111
   //S22  2.1048E+00      1121 -1.9110E+00      5121
   //S33  1.5118E+00      5121 -1.5984E+00      5111
   //S12  6.1911E-01      1221 -6.1911E-01      1021
   //S23  1.1013E+00      3221 -1.1013E+00      3021
   //S13  3.1678E-01      5221 -1.3132E+00      5101
   //SMS  1.1807E+01      5211  5.4778E-02      3103
 ##### @Element :Max/IdMax/Min/IdMin####
   //E11  1.6228E-03      3009 -1.6228E-03      1009
   //E22  2.7016E-04      1113 -2.7186E-04      3113
   //E33  5.7256E-04      1009 -5.8154E-04      3009
   //E12  8.0858E-05      3019 -8.0858E-05      3119
   //E23  1.7911E-04      1119 -1.7911E-04      1019
   //E13  5.0154E-04      1105 -5.9132E-04      3019
   //S11  6.7899E+00      3109 -6.8009E+00      1109
   //S22  1.0361E+00      3011 -1.0323E+00      1011
   //S33  2.7808E-01      3013 -3.0865E-01      1013
   //S12  1.2440E-01      3019 -1.2440E-01      3119
   //S23  2.7556E-01      1119 -2.7556E-01      1019
   //S13  7.7160E-01      1105 -9.0972E-01      3019
   //SMS  6.3690E+00      3009  1.7241E+00      1101
 ##### Global Summary :Max/Min####
   //U1   1.7649E-02 -2.3601E-02
   //U2   3.0341E-04 -3.0341E-04
   //U3   0.0000E+00 -2.0367E-01
   //V1   9.2632E+02 -9.1550E+02
   //V2   2.1638E+02 -2.1638E+02
   //V3   3.4892E+02 -8.5417E+03
   //A1   1.0875E+09 -1.0691E+09
   //A2   1.3378E+09 -1.3378E+09
   //A3   1.4861E+09 -1.6150E+09
   //E11  2.8121E-03 -2.8150E-03
   //E22  9.7424E-04 -9.7678E-04
   //E33  1.0858E-03 -1.1012E-03
   //E12  4.0242E-04 -4.0242E-04
   //E23  7.1581E-04 -7.1581E-04
   //E13  2.0591E-04 -8.5359E-04
   //S11  1.0443E+01 -1.0491E+01
   //S22  2.1048E+00 -1.9110E+00
   //S33  1.5118E+00 -1.5984E+00
   //S12  6.1911E-01 -6.1911E-01
   //S23  1.1013E+00 -1.1013E+00
   //S13  3.1678E-01 -1.3132E+00
   //SMS  1.1807E+01  5.4778E-02
 ##### @Element :Max/Min####
   //E11  1.6228E-03 -1.6228E-03
   //E22  2.7016E-04 -2.7186E-04
   //E33  5.7256E-04 -5.8154E-04
   //E12  8.0858E-05 -8.0858E-05
   //E23  1.7911E-04 -1.7911E-04
   //E13  5.0154E-04 -5.9132E-04
   //S11  6.7899E+00 -6.8009E+00
   //S22  1.0361E+00 -1.0323E+00
   //S33  2.7808E-01 -3.0865E-01
   //S12  1.2440E-01 -1.2440E-01
   //S23  2.7556E-01 -2.7556E-01
   //S13  7.7160E-01 -9.0972E-01
   //SMS  6.3690E+00  1.7241E+00
#### Result step= 40000
 ##### Local Summary :Max/IdMax/Min/IdMin####
   //U1   1.8468E-02      5019 -2.8275E-02      1121
   //U2   5.9053E-04      5003 -5.9053E-04      5203
   //U3   0.0000E+00      1001 -3.0288E-01      5121
   //V1   9.6406E+02      5121 -1.8948E+03      1121
   //V2   3.1793E+02      5205 -3.1793E+02      5005
   //V3   0.0000E+00      1001 -1.3240E+04      5121
   //A1   1.5503E+09      5021 -1.6444E+09      1221
   //A2   1.7523E+09      5221 -1.7523E+09      5021
   //A3   2.5682E+09      5015 -2.7360E+09      3103
   //E11  4.1018E-03      5103 -4.0479E-03      1103
   //E22  1.4422E-03      1203 -1.4579E-03      5203
   //E33  1.6794E-03      1103 -1.7253E-03      5103
   //E12  5.9049E-04      5001 -5.9049E-04      5201
   //E23  7.7627E-04      3221 -7.7627E-04      3021
   //E13  2.7448E-04      1105 -5.6596E-03      5101
   //S11  1.4883E+01      5103 -1.4738E+01      1103
   //S22  2.1621E+00      1203 -2.2159E+00      5203
   //S33  2.8840E+00      1103 -3.0462E+00      5103
   //S12  9.0844E-01      5001 -9.0844E-01      5201
   //S23  1.1943E+00      3221 -1.1943E+00      3021
   //S13  4.2227E-01      1105 -8.7071E+00      5101
   //SMS  2.0532E+01      5101  8.6810E-02      3117
 ##### @Element :Max/IdMax/Min/IdMin####
   //E11  2.3030E-03      3101 -2.2540E-03      1101
   //E22  4.2121E-04      1103 -4.3442E-04      3103
   //E33  8.7144E-04      1003 -9.0773E-04      3003
   //E12  1.0324E-04      3103 -1.0324E-04      3003
   //E23  1.8884E-04      1119 -1.8884E-04      1019
   //E13 -7.5224E-05      3011 -5.8582E-04      3119
   //S11  1.0095E+01      3001 -9.9134E+00      1101
   //S22  2.0963E+00      3001 -2.0842E+00      1001
   //S33  1.1510E+00      1003 -1.2214E+00      3103
   //S12  1.5884E-01      3103 -1.5884E-01      3003
   //S23  2.9053E-01      1119 -2.9053E-01      1019
   //S13 -1.1573E-01      3011 -9.0126E-01      3119
   //SMS  8.8255E+00      3101  1.8608E+00      1119
 ##### Global Summary :Max/Min####
   //U1   1.8468E-02 -2.8275E-02
   //U2   5.9053E-04 -5.9053E-04
   //U3   0.0000E+00 -3.0288E-01
   //V1   9.6406E+02 -1.8948E+03
   //V2   3.1793E+02 -3.1793E+02
   //V3   0.0000E+00 -1.3240E+04
   //A1   1.5503E+09 -1.6444E+09
   //A2   1.7523E+09 -1.7523E+09
   //A3   2.5682E+09 -2.7360E+09
   //E11  4.1018E-03 -4.0479E-03
   //E22  1.4422E-03 -1.4579E-03
   //E33  1.6794E-03 -1.7253E-03
   //E12  5.9049E-04 -5.9049E-04
   //E23  7.7627E-04 -7.7627E-04
   //E13  2.7448E-04 -5.6596E-03
   //S11  1.4883E+01 -1.4738E+01
   //S22  2.1621E+00 -2.2159E+00
   //S33  2.8840E+00 -3.0462E+00
   //S12  9.0844E-01 -9.0844E-01
   //S23  1.1943E+00 -1.1943E+00
   //S13  4.2227E-01 -8.7071E+00
   //SMS  2.0532E+01  8.6810E-02
 ##### @Element :Max/Min####
   //E11  2.3030E-03 -2.2540E-03
   //E22  4.2121E-04 -4.3442E-04
   //E33  8.7144E-04 -9.0773E-04
   //E12  1.0324E-04 -1.0324E-04
   //E23  1.8884E-04 -1.8884E-04
   //E13 -7.5224E-05 -5.8582E-04
   //S11  1.0095E+01 -9.9134E+00
   //S22  2.0963E+00 -2.0842E+00
   //S33  1.1510E+00 -1.2214E+00
   //S12  1.5884E-01 -1.5884E-01
   //S23  2.9053E-01 -2.9053E-01
   //S13 -1.1573E-01 -9.0126E-01
   //SMS  8.8255E+00  1.8608E+00
#### Result step= 50000
 ##### Local Summary :Max/IdMax/Min/IdMin####
   //U1   2.3932E-02      5115 -4.3006E-02      1121
   //U2   9.5593E-04      5003 -9.5593E-04      5203
   //U3   0.0000E+00      1001 -4.4530E-01      5121
   //V1   1.1187E+03      5113 -1.9747E+03      1119
   //V2   2.4449E+02      1005 -2.4449E+02      1205
   //V3   8.0058E+02      5003 -1.6873E+04      3121
   //A1   1.7903E+09      1021 -2.5155E+09      5021
   //A2   2.4619E+09      5021 -2.4619E+09      5221
   //A3   3.2811E+09      1111 -3.4418E+09      1021
   //E11  6.2167E-03      5103 -6.1634E-03      1103
   //E22  2.2854E-03      1103 -2.3110E-03      5103
   //E33  2.2015E-03      1003 -2.2852E-03      5003
   //E12  9.5604E-04      5001 -9.5604E-04      5201
   //E23  1.0799E-03      3221 -1.0799E-03      3021
   //E13  4.8395E-04      1105 -8.1816E-03      5101
   //S11  2.2947E+01      5103 -2.2896E+01      1103
   //S22  3.1007E+00      1103 -3.2924E+00      5103
   //S33  2.8510E+00      1003 -3.2049E+00      5003
   //S12  1.4708E+00      5001 -1.4708E+00      5201
   //S23  1.6614E+00      3221 -1.6614E+00      3021
   //S13  7.4453E-01      1105 -1.2587E+01      5101
   //SMS  3.0373E+01      5101  2.1584E-01      3113
 ##### @Element :Max/IdMax/Min/IdMin####
   //E11  3.4410E-03      3101 -3.3809E-03      1101
   //E22  5.9932E-04      1003 -6.1118E-04      3103
   //E33  1.1499E-03      1103 -1.2096E-03      3003
   //E12  2.4499E-04      1101 -2.4499E-04      1001
   //E23  1.7668E-04      1119 -1.7668E-04      1019
   //E13 -1.3059E-04      3115 -6.2349E-04      1103
   //S11  1.5225E+01      3101 -1.5011E+01      1101
   //S22  3.1673E+00      3101 -3.1415E+00      1101
   //S33  1.7033E+00      3101 -1.8155E+00      1101
   //S12  3.7691E-01      1101 -3.7691E-01      1001
   //S23  2.7181E-01      1119 -2.7181E-01      1019
   //S13 -2.0091E-01      3115 -9.5922E-01      1103
   //SMS  1.2964E+01      3001  1.0198E+00      1019
 ##### Global Summary :Max/Min####
   //U1   2.3932E-02 -4.3006E-02
   //U2   9.5593E-04 -9.5593E-04
   //U3   0.0000E+00 -4.4530E-01
   //V1   1.1187E+03 -1.9747E+03
   //V2   2.4449E+02 -2.4449E+02
   //V3   8.0058E+02 -1.6873E+04
   //A1   1.7903E+09 -2.5155E+09
   //A2   2.4619E+09 -2.4619E+09
   //A3   3.2811E+09 -3.4418E+09
   //E11  6.2167E-03 -6.1634E-03
   //E22  2.2854E-03 -2.3110E-03
   //E33  2.2015E-03 -2.2852E-03
   //E12  9.5604E-04 -9.5604E-04
   //E23  1.0799E-03 -1.0799E-03
   //E13  4.8395E-04 -8.1816E-03
   //S11  2.2947E+01 -2.2896E+01
   //S22  3.1007E+00 -3.2924E+00
   //S33  2.8510E+00 -3.2049E+00
   //S12  1.4708E+00 -1.4708E+00
   //S23  1.6614E+00 -1.6614E+00
   //S13  7.4453E-01 -1.2587E+01
   //SMS  3.0373E+01  2.1584E-01
 ##### @Element :Max/Min####
   //E11  3.4410E-03 -3.3809E-03
   //E22  5.9932E-04 -6.1118E-04
   //E33  1.1499E-03 -1.2096E-03
   //E12  2.4499E-04 -2.4499E-04
   //E23  1.7668E-04 -1.7668E-04
   //E13 -1.3059E-04 -6.2349E-04
   //S11  1.5225E+01 -1.5011E+01
   //S22  3.1673E+00 -3.1415E+00
   //S33  1.7033E+00 -1.8155E+00
   //S12  3.7691E-01 -3.7691E-01
   //S23  2.7181E-01 -2.7181E-01
   //S13 -2.0091E-01 -9.5922E-01
   //SMS  1.2964E+01  1.0198E+00
