 fstr_setup: OK
#### Result step=    10
 ##### Local Summary @Node    :Max/IdMax/Min/IdMin####
 //U1    6.5775E-03      5221 -6.9191E-03      1021
 //U2    1.7928E-04      5017 -1.7928E-04      5217
 //U3    4.0272E-03      3011 -3.6830E-02      3121
 //V1    8.6527E+02      5119 -9.2358E+02      1119
 //V2    1.7683E+02      1219 -1.7683E+02      1019
 //V3    1.2030E+03      3209 -6.1091E+03      3121
 //A1    8.3202E+08      5121 -8.3690E+08      1121
 //A2    4.4583E+08      5217 -4.4583E+08      5017
 //A3    5.3080E+08      3205 -9.9509E+08      3019
 //E11   1.4796E-03      5115 -1.4737E-03      1115
 //E22   5.6413E-04      1121 -5.6197E-04      5121
 //E33   5.7141E-04      1115 -5.7826E-04      5115
 //E12   5.7977E-05      1015 -5.7977E-05      1215
 //E23   8.8249E-04      3221 -8.8249E-04      3021
 //E31   8.6300E-05      3009 -5.8517E-04      3121
 //S11   5.4759E+00      5115 -5.4650E+00      1115
 //S22   1.4789E+00      1121 -1.4476E+00      5121
 //S33   1.9448E+00      5121 -1.9060E+00      1121
 //S12   8.9195E-02      1015 -8.9195E-02      1215
 //S23   1.3577E+00      3221 -1.3577E+00      3021
 //S31   1.3277E-01      3009 -9.0026E-01      3121
 //SMS   6.2193E+00      5115  3.6485E-02      3105
 ##### Local Summary @Element :Max/IdMax/Min/IdMin####
 //E11   8.4604E-04      3015 -8.3910E-04      1115
 //E22   1.6087E-04      1115 -1.6192E-04      3015
 //E33   3.0151E-04      1013 -3.0615E-04      3013
 //E12   2.8177E-05      3019 -2.8177E-05      3119
 //E23   1.8500E-04      1119 -1.8500E-04      1019
 //E31   4.2745E-04      3007 -5.8432E-04      3119
 //S11   3.5415E+00      3115 -3.5163E+00      1015
 //S22   4.8842E-01      3113 -4.8857E-01      1113
 //S33   2.5498E-01      3119 -2.5487E-01      1019
 //S12   4.3349E-02      3019 -4.3349E-02      3119
 //S23   2.8461E-01      1119 -2.8461E-01      1019
 //S31   6.5762E-01      3007 -8.9896E-01      3119
 //SMS   3.3248E+00      3013  7.7127E-01      1101
 ##### Global Summary @Node    :Max/IdMax/Min/IdMin####
 //U1    6.5775E-03      5221 -6.9191E-03      1021
 //U2    1.7928E-04      5017 -1.7928E-04      5217
 //U3    4.0272E-03      3011 -3.6830E-02      3121
 //V1    8.6527E+02      5119 -9.2358E+02      1119
 //V2    1.7683E+02      1219 -1.7683E+02      1019
 //V3    1.2030E+03      3209 -6.1091E+03      3121
 //A1    8.3202E+08      5121 -8.3690E+08      1121
 //A2    4.4583E+08      5217 -4.4583E+08      5017
 //A3    5.3080E+08      3205 -9.9509E+08      3019
 //E11   1.4796E-03      5115 -1.4737E-03      1115
 //E22   5.6413E-04      1121 -5.6197E-04      5121
 //E33   5.7141E-04      1115 -5.7826E-04      5115
 //E12   5.7977E-05      1015 -5.7977E-05      1215
 //E23   8.8249E-04      3221 -8.8249E-04      3021
 //E31   8.6300E-05      3009 -5.8517E-04      3121
 //S11   5.4759E+00      5115 -5.4650E+00      1115
 //S22   1.4789E+00      1121 -1.4476E+00      5121
 //S33   1.9448E+00      5121 -1.9060E+00      1121
 //S12   8.9195E-02      1015 -8.9195E-02      1215
 //S23   1.3577E+00      3221 -1.3577E+00      3021
 //S31   1.3277E-01      3009 -9.0026E-01      3121
 //SMS   6.2193E+00      5115  3.6485E-02      3105
 ##### Global Summary @Element :Max/IdMax/Min/IdMin####
 //E11   8.4604E-04      3015 -8.3910E-04      1115
 //E22   1.6087E-04      1115 -1.6192E-04      3015
 //E33   3.0151E-04      1013 -3.0615E-04      3013
 //E12   2.8177E-05      3019 -2.8177E-05      3119
 //E23   1.8500E-04      1119 -1.8500E-04      1019
 //E31   4.2745E-04      3007 -5.8432E-04      3119
 //S11   3.5415E+00      3115 -3.5163E+00      1015
 //S22   4.8842E-01      3113 -4.8857E-01      1113
 //S33   2.5498E-01      3119 -2.5487E-01      1019
 //S12   4.3349E-02      3019 -4.3349E-02      3119
 //S23   2.8461E-01      1119 -2.8461E-01      1019
 //S31   6.5762E-01      3007 -8.9896E-01      3119
 //SMS   3.3248E+00      3013  7.7127E-01      1101
#### Result step=    20
 ##### Local Summary @Node    :Max/IdMax/Min/IdMin####
 //U1    1.2891E-02      5121 -1.5452E-02      1121
 //U2    3.2394E-04      1211 -3.2394E-04      1011
 //U3    9.1414E-03      3207 -1.1034E-01      3121
 //V1    8.9421E+02      5017 -1.1113E+03      1121
 //V2    1.2639E+02      1213 -1.2639E+02      1013
 //V3    0.0000E+00      1001 -8.8724E+03      5121
 //A1    6.8868E+08      5117 -6.9182E+08      1117
 //A2    3.2580E+08      1011 -3.2580E+08      1211
 //A3    3.5968E+08      3217 -1.3342E+09      1221
 //E11   2.7487E-03      5111 -2.7440E-03      1111
 //E22   1.0375E-03      1211 -1.0416E-03      5011
 //E33   9.8597E-04      1111 -1.0038E-03      5111
 //E12   1.7472E-04      1001 -1.7472E-04      1201
 //E23   9.8341E-04      3221 -9.8341E-04      3021
 //E31   2.5067E-03      1101 -5.2713E-04      3121
 //S11   1.0122E+01      5111 -1.0146E+01      1111
 //S22   1.5885E+00      1121 -1.5375E+00      5011
 //S33   2.0558E+00      5121 -1.9626E+00      1121
 //S12   2.6880E-01      1001 -2.6880E-01      1201
 //S23   1.5129E+00      3221 -1.5129E+00      3021
 //S31   3.8564E+00      1101 -8.1097E-01      3121
 //SMS   1.1577E+01      5111  3.0141E-02      3111
 ##### Local Summary @Element :Max/IdMax/Min/IdMin####
 //E11   1.5690E-03      3111 -1.5584E-03      1011
 //E22   2.7912E-04      1109 -2.7846E-04      3009
 //E33   5.4569E-04      1111 -5.5739E-04      3011
 //E12   4.9764E-05      1103 -4.9764E-05      1003
 //E23   2.1517E-04      1119 -2.1517E-04      1019
 //E31   8.7350E-04      1001 -4.6111E-04      3119
 //S11   6.5251E+00      3111 -6.4940E+00      1011
 //S22   8.7908E-01      1101 -8.7329E-01      3001
 //S33   6.1577E-01      1101 -6.1430E-01      3001
 //S12   7.6561E-02      1103 -7.6561E-02      1003
 //S23   3.3104E-01      1119 -3.3104E-01      1019
 //S31   1.3438E+00      1001 -7.0940E-01      3119
 //SMS   6.1692E+00      3011  1.5864E+00      1119
 ##### Global Summary @Node    :Max/IdMax/Min/IdMin####
 //U1    1.2891E-02      5121 -1.5452E-02      1121
 //U2    3.2394E-04      1211 -3.2394E-04      1011
 //U3    9.1414E-03      3207 -1.1034E-01      3121
 //V1    8.9421E+02      5017 -1.1113E+03      1121
 //V2    1.2639E+02      1213 -1.2639E+02      1013
 //V3    0.0000E+00      1001 -8.8724E+03      5121
 //A1    6.8868E+08      5117 -6.9182E+08      1117
 //A2    3.2580E+08      1011 -3.2580E+08      1211
 //A3    3.5968E+08      3217 -1.3342E+09      1221
 //E11   2.7487E-03      5111 -2.7440E-03      1111
 //E22   1.0375E-03      1211 -1.0416E-03      5011
 //E33   9.8597E-04      1111 -1.0038E-03      5111
 //E12   1.7472E-04      1001 -1.7472E-04      1201
 //E23   9.8341E-04      3221 -9.8341E-04      3021
 //E31   2.5067E-03      1101 -5.2713E-04      3121
 //S11   1.0122E+01      5111 -1.0146E+01      1111
 //S22   1.5885E+00      1121 -1.5375E+00      5011
 //S33   2.0558E+00      5121 -1.9626E+00      1121
 //S12   2.6880E-01      1001 -2.6880E-01      1201
 //S23   1.5129E+00      3221 -1.5129E+00      3021
 //S31   3.8564E+00      1101 -8.1097E-01      3121
 //SMS   1.1577E+01      5111  3.0141E-02      3111
 ##### Global Summary @Element :Max/IdMax/Min/IdMin####
 //E11   1.5690E-03      3111 -1.5584E-03      1011
 //E22   2.7912E-04      1109 -2.7846E-04      3009
 //E33   5.4569E-04      1111 -5.5739E-04      3011
 //E12   4.9764E-05      1103 -4.9764E-05      1003
 //E23   2.1517E-04      1119 -2.1517E-04      1019
 //E31   8.7350E-04      1001 -4.6111E-04      3119
 //S11   6.5251E+00      3111 -6.4940E+00      1011
 //S22   8.7908E-01      1101 -8.7329E-01      3001
 //S33   6.1577E-01      1101 -6.1430E-01      3001
 //S12   7.6561E-02      1103 -7.6561E-02      1003
 //S23   3.3104E-01      1119 -3.3104E-01      1019
 //S31   1.3438E+00      1001 -7.0940E-01      3119
 //SMS   6.1692E+00      3011  1.5864E+00      1119
#### Result step=    30
 ##### Local Summary @Node    :Max/IdMax/Min/IdMin####
 //U1    1.7757E-02      5119 -2.3634E-02      1121
 //U2    3.3818E-04      1211 -3.3818E-04      1011
 //U3    0.0000E+00      1001 -1.9985E-01      5221
 //V1    9.1008E+02      5111 -9.3973E+02      1111
 //V2    9.9570E+01      1207 -9.9570E+01      1007
 //V3    0.0000E+00      1001 -8.2002E+03      3221
 //A1    4.9388E+08      1213 -5.2039E+08      5213
 //A2    2.0763E+08      1011 -2.0763E+08      1211
 //A3    3.9209E+08      1221 -8.2203E+08      5011
 //E11   2.8898E-03      5111 -2.9069E-03      1111
 //E22   1.1039E-03      1211 -1.1036E-03      5011
 //E33   1.0463E-03      1111 -1.0593E-03      5111
 //E12   1.8674E-04      1221 -1.8674E-04      1021
 //E23   1.0334E-03      3221 -1.0334E-03      3021
 //E31   1.4757E-04      1121 -6.8561E-04      5101
 //S11   1.0660E+01      5211 -1.0777E+01      1111
 //S22   1.6849E+00      1121 -1.6255E+00      5011
 //S33   2.0932E+00      5121 -1.9164E+00      1121
 //S12   2.8730E-01      1221 -2.8730E-01      1021
 //S23   1.5899E+00      3221 -1.5899E+00      3021
 //S31   2.2703E-01      1121 -1.0548E+00      5101
 //SMS   1.2196E+01      1111  2.5971E-02      3103
 ##### Local Summary @Element :Max/IdMax/Min/IdMin####
 //E11   1.7371E-03      3111 -1.7472E-03      1011
 //E22   3.2177E-04      1111 -3.1304E-04      3011
 //E33   6.0389E-04      1111 -6.0870E-04      3111
 //E12   5.4863E-05      3019 -5.4863E-05      3119
 //E23   2.0053E-04      1119 -2.0053E-04      1019
 //E31   4.1790E-04      3107 -7.0898E-04      3019
 //S11   7.2265E+00      3111 -7.2718E+00      1011
 //S22   9.1838E-01      3111 -9.0578E-01      1011
 //S33   2.8743E-01      3019 -2.7961E-01      1019
 //S12   8.4404E-02      3019 -8.4404E-02      3119
 //S23   3.0852E-01      1119 -3.0852E-01      1019
 //S31   6.4292E-01      3107 -1.0907E+00      3019
 //SMS   6.8429E+00      1111  1.5935E+00      1101
 ##### Global Summary @Node    :Max/IdMax/Min/IdMin####
 //U1    1.7757E-02      5119 -2.3634E-02      1121
 //U2    3.3818E-04      1211 -3.3818E-04      1011
 //U3    0.0000E+00      1001 -1.9985E-01      5221
 //V1    9.1008E+02      5111 -9.3973E+02      1111
 //V2    9.9570E+01      1207 -9.9570E+01      1007
 //V3    0.0000E+00      1001 -8.2002E+03      3221
 //A1    4.9388E+08      1213 -5.2039E+08      5213
 //A2    2.0763E+08      1011 -2.0763E+08      1211
 //A3    3.9209E+08      1221 -8.2203E+08      5011
 //E11   2.8898E-03      5111 -2.9069E-03      1111
 //E22   1.1039E-03      1211 -1.1036E-03      5011
 //E33   1.0463E-03      1111 -1.0593E-03      5111
 //E12   1.8674E-04      1221 -1.8674E-04      1021
 //E23   1.0334E-03      3221 -1.0334E-03      3021
 //E31   1.4757E-04      1121 -6.8561E-04      5101
 //S11   1.0660E+01      5211 -1.0777E+01      1111
 //S22   1.6849E+00      1121 -1.6255E+00      5011
 //S33   2.0932E+00      5121 -1.9164E+00      1121
 //S12   2.8730E-01      1221 -2.8730E-01      1021
 //S23   1.5899E+00      3221 -1.5899E+00      3021
 //S31   2.2703E-01      1121 -1.0548E+00      5101
 //SMS   1.2196E+01      1111  2.5971E-02      3103
 ##### Global Summary @Element :Max/IdMax/Min/IdMin####
 //E11   1.7371E-03      3111 -1.7472E-03      1011
 //E22   3.2177E-04      1111 -3.1304E-04      3011
 //E33   6.0389E-04      1111 -6.0870E-04      3111
 //E12   5.4863E-05      3019 -5.4863E-05      3119
 //E23   2.0053E-04      1119 -2.0053E-04      1019
 //E31   4.1790E-04      3107 -7.0898E-04      3019
 //S11   7.2265E+00      3111 -7.2718E+00      1011
 //S22   9.1838E-01      3111 -9.0578E-01      1011
 //S33   2.8743E-01      3019 -2.7961E-01      1019
 //S12   8.4404E-02      3019 -8.4404E-02      3119
 //S23   3.0852E-01      1119 -3.0852E-01      1019
 //S31   6.4292E-01      3107 -1.0907E+00      3019
 //SMS   6.8429E+00      1111  1.5935E+00      1101
#### Result step=    40
 ##### Local Summary @Node    :Max/IdMax/Min/IdMin####
 //U1    1.8224E-02      5119 -2.7545E-02      1121
 //U2    5.2672E-04      5003 -5.2672E-04      5203
 //U3    0.0000E+00      1001 -2.9644E-01      5021
 //V1    8.0133E+02      5107 -1.0380E+03      1121
 //V2    5.3830E+01      5007 -5.3830E+01      5207
 //V3    0.0000E+00      1001 -1.2061E+04      3221
 //A1    4.2954E+08      1221 -5.5316E+08      5021
 //A2    4.0435E+08      5205 -4.0435E+08      5005
 //A3    5.1930E+08      5105 -8.0032E+08      3121
 //E11   3.8002E-03      5103 -3.7364E-03      1103
 //E22   1.3192E-03      1103 -1.3403E-03      5103
 //E33   1.3855E-03      1103 -1.4261E-03      5103
 //E12   5.2672E-04      5001 -5.2672E-04      5201
 //E23   1.0200E-03      3221 -1.0200E-03      3021
 //E31   2.3222E-04      3021 -5.2480E-03      5101
 //S11   1.4079E+01      5103 -1.3877E+01      1103
 //S22   1.7549E+00      1121 -1.7382E+00      5103
 //S33   2.2531E+00      5121 -2.1035E+00      1121
 //S12   8.1034E-01      5001 -8.1034E-01      5201
 //S23   1.5692E+00      3221 -1.5692E+00      3021
 //S31   3.5727E-01      3021 -8.0738E+00      5101
 //SMS   1.9280E+01      5101  1.1418E-01      3117
 ##### Local Summary @Element :Max/IdMax/Min/IdMin####
 //E11   2.1819E-03      3001 -2.1243E-03      1101
 //E22   3.7355E-04      1103 -3.9091E-04      3003
 //E33   7.4712E-04      1003 -7.7809E-04      3003
 //E12   1.0257E-04      3001 -1.0257E-04      3101
 //E23   2.0037E-04      1119 -2.0037E-04      1019
 //E31  -1.3855E-04      1107 -5.2780E-04      3001
 //S11   9.8130E+00      3101 -9.5822E+00      1001
 //S22   2.2817E+00      3101 -2.2566E+00      1001
 //S33   1.3365E+00      3101 -1.3598E+00      1001
 //S12   1.5780E-01      3001 -1.5780E-01      3101
 //S23   3.0826E-01      1119 -3.0826E-01      1019
 //S31  -2.1315E-01      1107 -8.1200E-01      3001
 //SMS   8.1728E+00      3001  1.3936E+00      1119
 ##### Global Summary @Node    :Max/IdMax/Min/IdMin####
 //U1    1.8224E-02      5119 -2.7545E-02      1121
 //U2    5.2672E-04      5003 -5.2672E-04      5203
 //U3    0.0000E+00      1001 -2.9644E-01      5021
 //V1    8.0133E+02      5107 -1.0380E+03      1121
 //V2    5.3830E+01      5007 -5.3830E+01      5207
 //V3    0.0000E+00      1001 -1.2061E+04      3221
 //A1    4.2954E+08      1221 -5.5316E+08      5021
 //A2    4.0435E+08      5205 -4.0435E+08      5005
 //A3    5.1930E+08      5105 -8.0032E+08      3121
 //E11   3.8002E-03      5103 -3.7364E-03      1103
 //E22   1.3192E-03      1103 -1.3403E-03      5103
 //E33   1.3855E-03      1103 -1.4261E-03      5103
 //E12   5.2672E-04      5001 -5.2672E-04      5201
 //E23   1.0200E-03      3221 -1.0200E-03      3021
 //E31   2.3222E-04      3021 -5.2480E-03      5101
 //S11   1.4079E+01      5103 -1.3877E+01      1103
 //S22   1.7549E+00      1121 -1.7382E+00      5103
 //S33   2.2531E+00      5121 -2.1035E+00      1121
 //S12   8.1034E-01      5001 -8.1034E-01      5201
 //S23   1.5692E+00      3221 -1.5692E+00      3021
 //S31   3.5727E-01      3021 -8.0738E+00      5101
 //SMS   1.9280E+01      5101  1.1418E-01      3117
 ##### Global Summary @Element :Max/IdMax/Min/IdMin####
 //E11   2.1819E-03      3001 -2.1243E-03      1101
 //E22   3.7355E-04      1103 -3.9091E-04      3003
 //E33   7.4712E-04      1003 -7.7809E-04      3003
 //E12   1.0257E-04      3001 -1.0257E-04      3101
 //E23   2.0037E-04      1119 -2.0037E-04      1019
 //E31  -1.3855E-04      1107 -5.2780E-04      3001
 //S11   9.8130E+00      3101 -9.5822E+00      1001
 //S22   2.2817E+00      3101 -2.2566E+00      1001
 //S33   1.3365E+00      3101 -1.3598E+00      1001
 //S12   1.5780E-01      3001 -1.5780E-01      3101
 //S23   3.0826E-01      1119 -3.0826E-01      1019
 //S31  -2.1315E-01      1107 -8.1200E-01      3001
 //SMS   8.1728E+00      3001  1.3936E+00      1119
#### Result step=    50
 ##### Local Summary @Node    :Max/IdMax/Min/IdMin####
 //U1    2.3557E-02      5215 -4.1843E-02      1121
 //U2    8.5439E-04      1203 -8.5439E-04      1003
 //U3    0.0000E+00      1001 -4.3729E-01      5221
 //V1    1.1328E+03      5113 -1.8809E+03      1121
 //V2    1.3521E+02      5009 -1.3521E+02      5209
 //V3    6.3923E+01      3103 -1.6036E+04      5121
 //A1    7.1465E+08      5121 -9.0587E+08      1021
 //A2    4.6681E+08      5003 -4.6681E+08      5203
 //A3    4.8525E+08      3109 -9.2030E+08      5221
 //E11   6.0844E-03      5103 -6.0403E-03      1103
 //E22   2.1293E-03      1103 -2.1480E-03      5103
 //E33   2.2402E-03      1003 -2.3143E-03      5003
 //E12   8.5439E-04      1201 -8.5439E-04      1001
 //E23   1.0520E-03      3221 -1.0520E-03      3021
 //E31   2.1920E-04      1105 -8.3219E-03      5101
 //S11   2.2485E+01      5203 -2.2462E+01      1103
 //S22   2.6754E+00      1103 -2.8462E+00      5103
 //S33   3.0261E+00      1003 -3.3480E+00      5003
 //S12   1.3144E+00      1201 -1.3144E+00      1001
 //S23   1.6184E+00      3221 -1.6184E+00      3021
 //S31   3.3722E-01      1105 -1.2803E+01      5101
 //SMS   3.0696E+01      5101  1.2196E-01      3117
 ##### Local Summary @Element :Max/IdMax/Min/IdMin####
 //E11   3.4724E-03      3001 -3.4243E-03      1101
 //E22   5.9782E-04      1003 -6.0488E-04      3003
 //E33   1.1921E-03      1003 -1.2438E-03      3003
 //E12   1.7382E-04      1101 -1.7382E-04      1001
 //E23   2.0279E-04      1119 -2.0279E-04      1019
 //E31  -2.8083E-04      1017 -7.2936E-04      1103
 //S11   1.5524E+01      3001 -1.5370E+01      1101
 //S22   3.5241E+00      3101 -3.5202E+00      1101
 //S33   1.9237E+00      3101 -2.0549E+00      1101
 //S12   2.6741E-01      1101 -2.6741E-01      1001
 //S23   3.1199E-01      1119 -3.1199E-01      1019
 //S31  -4.3204E-01      1017 -1.1221E+00      1103
 //SMS   1.3027E+01      3001  1.2975E+00      1119
 ##### Global Summary @Node    :Max/IdMax/Min/IdMin####
 //U1    2.3557E-02      5215 -4.1843E-02      1121
 //U2    8.5439E-04      1203 -8.5439E-04      1003
 //U3    0.0000E+00      1001 -4.3729E-01      5221
 //V1    1.1328E+03      5113 -1.8809E+03      1121
 //V2    1.3521E+02      5009 -1.3521E+02      5209
 //V3    6.3923E+01      3103 -1.6036E+04      5121
 //A1    7.1465E+08      5121 -9.0587E+08      1021
 //A2    4.6681E+08      5003 -4.6681E+08      5203
 //A3    4.8525E+08      3109 -9.2030E+08      5221
 //E11   6.0844E-03      5103 -6.0403E-03      1103
 //E22   2.1293E-03      1103 -2.1480E-03      5103
 //E33   2.2402E-03      1003 -2.3143E-03      5003
 //E12   8.5439E-04      1201 -8.5439E-04      1001
 //E23   1.0520E-03      3221 -1.0520E-03      3021
 //E31   2.1920E-04      1105 -8.3219E-03      5101
 //S11   2.2485E+01      5203 -2.2462E+01      1103
 //S22   2.6754E+00      1103 -2.8462E+00      5103
 //S33   3.0261E+00      1003 -3.3480E+00      5003
 //S12   1.3144E+00      1201 -1.3144E+00      1001
 //S23   1.6184E+00      3221 -1.6184E+00      3021
 //S31   3.3722E-01      1105 -1.2803E+01      5101
 //SMS   3.0696E+01      5101  1.2196E-01      3117
 ##### Global Summary @Element :Max/IdMax/Min/IdMin####
 //E11   3.4724E-03      3001 -3.4243E-03      1101
 //E22   5.9782E-04      1003 -6.0488E-04      3003
 //E33   1.1921E-03      1003 -1.2438E-03      3003
 //E12   1.7382E-04      1101 -1.7382E-04      1001
 //E23   2.0279E-04      1119 -2.0279E-04      1019
 //E31  -2.8083E-04      1017 -7.2936E-04      1103
 //S11   1.5524E+01      3001 -1.5370E+01      1101
 //S22   3.5241E+00      3101 -3.5202E+00      1101
 //S33   1.9237E+00      3101 -2.0549E+00      1101
 //S12   2.6741E-01      1101 -2.6741E-01      1001
 //S23   3.1199E-01      1119 -3.1199E-01      1019
 //S31  -4.3204E-01      1017 -1.1221E+00      1103
 //SMS   1.3027E+01      3001  1.2975E+00      1119
